

================================================================
== Vitis HLS Report for 'tpgBackground'
================================================================
* Date:           Mon Apr 27 12:25:05 2026

* Version:        2024.2 (Build 5238294 on Nov  8 2024)
* Project:        prj
* Solution:       sol (Vivado IP Flow Target)
* Product family: zynquplus
* Target device:  xck26-sfvc784-2LV-c


================================================================
== Performance Estimates
================================================================
+ Timing: 
    * Summary: 
    +--------+---------+----------+------------+
    |  Clock |  Target | Estimated| Uncertainty|
    +--------+---------+----------+------------+
    |ap_clk  |  6.67 ns|  2.261 ns|     1.80 ns|
    +--------+---------+----------+------------+

+ Latency: 
    * Summary: 
    +---------+------------+-----------+------------+-----+------------+---------+
    |   Latency (cycles)   |   Latency (absolute)   |     Interval     | Pipeline|
    |   min   |     max    |    min    |     max    | min |     max    |   Type  |
    +---------+------------+-----------+------------+-----+------------+---------+
    |        2|  2147844092|  13.334 ns|  14.320 sec|    2|  2147844092|       no|
    +---------+------------+-----------+------------+-----+------------+---------+

    + Detail: 
        * Instance: 
        +----------------------------------------------------+-----------------------------------------+---------+---------+-----------+----------+-----+-------+------------------------------------------------+
        |                                                    |                                         |  Latency (cycles) |  Latency (absolute)  |   Interval  |                    Pipeline                    |
        |                      Instance                      |                  Module                 |   min   |   max   |    min    |    max   | min |  max  |                      Type                      |
        +----------------------------------------------------+-----------------------------------------+---------+---------+-----------+----------+-----+-------+------------------------------------------------+
        |grp_tpgBackground_Pipeline_VITIS_LOOP_565_2_fu_255  |tpgBackground_Pipeline_VITIS_LOOP_565_2  |        4|    32771|  26.668 ns|  0.218 ms|    2|  32769|  loop auto-rewind stp (delay=0 clock cycles(s))|
        +----------------------------------------------------+-----------------------------------------+---------+---------+-----------+----------+-----+-------+------------------------------------------------+

        * Loop: 
        +--------------------+---------+------------+-----------+-----------+-----------+-----------+----------+
        |                    |   Latency (cycles)   | Iteration |  Initiation Interval  |    Trip   |          |
        |      Loop Name     |   min   |     max    |  Latency  |  achieved |   target  |   Count   | Pipelined|
        +--------------------+---------+------------+-----------+-----------+-----------+-----------+----------+
        |- VITIS_LOOP_563_1  |        0|  2147844090|  7 ~ 32774|          -|          -|  0 ~ 65535|        no|
        +--------------------+---------+------------+-----------+-----------+-----------+-----------+----------+



================================================================
== Utilization Estimates
================================================================
* Summary: 
+-----------------+---------+------+--------+--------+-----+
|       Name      | BRAM_18K|  DSP |   FF   |   LUT  | URAM|
+-----------------+---------+------+--------+--------+-----+
|DSP              |        -|     -|       -|       -|    -|
|Expression       |        -|     -|       0|     119|    -|
|FIFO             |        -|     -|       -|       -|    -|
|Instance         |        -|     -|     113|     779|    -|
|Memory           |        0|     -|       8|       1|    -|
|Multiplexer      |        -|     -|       0|     130|    -|
|Register         |        -|     -|     312|       -|    -|
+-----------------+---------+------+--------+--------+-----+
|Total            |        0|     0|     433|    1029|    0|
+-----------------+---------+------+--------+--------+-----+
|Available        |      288|  1248|  234240|  117120|   64|
+-----------------+---------+------+--------+--------+-----+
|Utilization (%)  |        0|     0|      ~0|      ~0|    0|
+-----------------+---------+------+--------+--------+-----+

+ Detail: 
    * Instance: 
    +----------------------------------------------------+-----------------------------------------+---------+----+-----+-----+-----+
    |                      Instance                      |                  Module                 | BRAM_18K| DSP|  FF | LUT | URAM|
    +----------------------------------------------------+-----------------------------------------+---------+----+-----+-----+-----+
    |grp_tpgBackground_Pipeline_VITIS_LOOP_565_2_fu_255  |tpgBackground_Pipeline_VITIS_LOOP_565_2  |        0|   0|  113|  779|    0|
    +----------------------------------------------------+-----------------------------------------+---------+----+-----+-----+-----+
    |Total                                               |                                         |        0|   0|  113|  779|    0|
    +----------------------------------------------------+-----------------------------------------+---------+----+-----+-----+-----+

    * DSP: 
    N/A

    * Memory: 
    +----------+----------------------------------+---------+---+----+-----+------+-----+------+-------------+
    |  Memory  |              Module              | BRAM_18K| FF| LUT| URAM| Words| Bits| Banks| W*Bits*Banks|
    +----------+----------------------------------+---------+---+----+-----+------+-----+------+-------------+
    |blkYuv_U  |tpgBackground_blkYuv_ROM_AUTO_1R  |        0|  8|   1|    0|     3|    8|     1|           24|
    +----------+----------------------------------+---------+---+----+-----+------+-----+------+-------------+
    |Total     |                                  |        0|  8|   1|    0|     3|    8|     1|           24|
    +----------+----------------------------------+---------+---+----+-----+------+-----+------+-------------+

    * FIFO: 
    N/A

    * Expression: 
    +-------------------------------------------+----------+----+---+----+------------+------------+
    |               Variable Name               | Operation| DSP| FF| LUT| Bitwidth P0| Bitwidth P1|
    +-------------------------------------------+----------+----+---+----+------------+------------+
    |add_i_fu_393_p2                            |         +|   0|  0|  15|           8|           8|
    |add_ln750_fu_404_p2                        |         +|   0|  0|  15|           8|           8|
    |y_4_fu_383_p2                              |         +|   0|  0|  23|          16|           1|
    |cmp2_i_fu_361_p2                           |      icmp|   0|  0|  15|           8|           1|
    |cmp6_i146_fu_306_p2                        |      icmp|   0|  0|  15|           8|           1|
    |icmp_ln563_fu_378_p2                       |      icmp|   0|  0|  23|          16|          16|
    |ap_block_state1                            |        or|   0|  0|   2|           1|           1|
    |cond_i358_fu_366_p3                        |    select|   0|  0|   9|           1|           8|
    |idxprom13_1_i150_cast_cast_cast_fu_312_p3  |    select|   0|  0|   2|           1|           1|
    +-------------------------------------------+----------+----+---+----+------------+------------+
    |Total                                      |          |   0|  0| 119|          67|          45|
    +-------------------------------------------+----------+----+---+----+------------+------------+

    * Multiplexer: 
    +----------------------------+----+-----------+-----+-----------+
    |            Name            | LUT| Input Size| Bits| Total Bits|
    +----------------------------+----+-----------+-----+-----------+
    |ap_NS_fsm                   |  31|          6|    1|          6|
    |ap_done                     |   9|          2|    1|          2|
    |colorFormat_val17_c5_blk_n  |   9|          2|    1|          2|
    |hdata_flag_0_reg_243        |   9|          2|    1|          2|
    |hdata_loc_0_fu_128          |   9|          2|   16|         32|
    |height_val4_c3_blk_n        |   9|          2|    1|          2|
    |motionSpeed_val14_c_blk_n   |   9|          2|    1|          2|
    |rampVal_1_flag_0_reg_231    |   9|          2|    1|          2|
    |rampVal_1_loc_0_fu_140      |   9|          2|   16|         32|
    |rampVal_loc_0_fu_136        |   9|          2|   16|         32|
    |width_val7_c4_blk_n         |   9|          2|    1|          2|
    |y_fu_100                    |   9|          2|   16|         32|
    +----------------------------+----+-----------+-----+-----------+
    |Total                       | 130|         28|   72|        148|
    +----------------------------+----+-----------+-----+-----------+

    * Register: 
    +-----------------------------------------------------------------+----+----+-----+-----------+
    |                               Name                              | FF | LUT| Bits| Const Bits|
    +-----------------------------------------------------------------+----+----+-----+-----------+
    |add_i_reg_577                                                    |   8|   0|    8|          0|
    |ap_CS_fsm                                                        |   5|   0|    5|          0|
    |ap_done_reg                                                      |   1|   0|    1|          0|
    |blkYuv_load_reg_564                                              |   8|   0|    8|          0|
    |colorFormat_val_read_reg_505                                     |   8|   0|    8|          0|
    |cond_i358_reg_559                                                |   8|   0|    8|          0|
    |grp_tpgBackground_Pipeline_VITIS_LOOP_565_2_fu_255_ap_start_reg  |   1|   0|    1|          0|
    |hdata                                                            |  16|   0|   16|          0|
    |hdata_flag_0_reg_243                                             |   1|   0|    1|          0|
    |hdata_loc_0_fu_128                                               |  16|   0|   16|          0|
    |hdata_new_0_fu_132                                               |  16|   0|   16|          0|
    |height_val_read_reg_521                                          |  16|   0|   16|          0|
    |motionSpeed_val_read_reg_511                                     |   8|   0|    8|          0|
    |outpix_0_0_0_0_0_load321_lcssa334_fu_104                         |   8|   0|    8|          0|
    |outpix_0_1_0_0_0_load323_lcssa337_fu_108                         |   8|   0|    8|          0|
    |outpix_0_2_0_0_0_load325_lcssa340_fu_112                         |   8|   0|    8|          0|
    |outpix_0_3_0_0_0_load327_lcssa343_fu_116                         |   8|   0|    8|          0|
    |outpix_0_4_0_0_0_load329_lcssa346_fu_120                         |   8|   0|    8|          0|
    |outpix_0_5_0_0_0_load331_lcssa349_fu_124                         |   8|   0|    8|          0|
    |patternId_val_read_reg_548                                       |   8|   0|    8|          0|
    |rampStart                                                        |   8|   0|    8|          0|
    |rampStart_load_reg_553                                           |   8|   0|    8|          0|
    |rampVal                                                          |   8|   0|    8|          0|
    |rampVal_1                                                        |  16|   0|   16|          0|
    |rampVal_1_flag_0_reg_231                                         |   1|   0|    1|          0|
    |rampVal_1_loc_0_fu_140                                           |  16|   0|   16|          0|
    |rampVal_1_new_0_fu_144                                           |  16|   0|   16|          0|
    |rampVal_loc_0_fu_136                                             |  16|   0|   16|          0|
    |tmp_reg_538                                                      |   7|   0|    7|          0|
    |width_val_read_reg_516                                           |  16|   0|   16|          0|
    |y_3_reg_569                                                      |  16|   0|   16|          0|
    |y_fu_100                                                         |  16|   0|   16|          0|
    +-----------------------------------------------------------------+----+----+-----+-----------+
    |Total                                                            | 312|   0|  312|          0|
    +-----------------------------------------------------------------+----+----+-----+-----------+



================================================================
== Interface
================================================================
* Summary: 
+-------------------------------------+-----+-----+------------+----------------------+--------------+
|              RTL Ports              | Dir | Bits|  Protocol  |     Source Object    |    C Type    |
+-------------------------------------+-----+-----+------------+----------------------+--------------+
|ap_clk                               |   in|    1|  ap_ctrl_hs|         tpgBackground|  return value|
|ap_rst                               |   in|    1|  ap_ctrl_hs|         tpgBackground|  return value|
|ap_start                             |   in|    1|  ap_ctrl_hs|         tpgBackground|  return value|
|ap_done                              |  out|    1|  ap_ctrl_hs|         tpgBackground|  return value|
|ap_continue                          |   in|    1|  ap_ctrl_hs|         tpgBackground|  return value|
|ap_idle                              |  out|    1|  ap_ctrl_hs|         tpgBackground|  return value|
|ap_ready                             |  out|    1|  ap_ctrl_hs|         tpgBackground|  return value|
|height_val                           |   in|   16|     ap_none|            height_val|        scalar|
|width_val                            |   in|   16|     ap_none|             width_val|        scalar|
|patternId_val                        |   in|    8|     ap_none|         patternId_val|        scalar|
|motionSpeed_val                      |   in|    8|     ap_none|       motionSpeed_val|        scalar|
|colorFormat_val                      |   in|    8|     ap_none|       colorFormat_val|        scalar|
|bckgndYUV_din                        |  out|   48|     ap_fifo|             bckgndYUV|       pointer|
|bckgndYUV_full_n                     |   in|    1|     ap_fifo|             bckgndYUV|       pointer|
|bckgndYUV_write                      |  out|    1|     ap_fifo|             bckgndYUV|       pointer|
|bckgndYUV_num_data_valid             |   in|   32|     ap_fifo|             bckgndYUV|       pointer|
|bckgndYUV_fifo_cap                   |   in|   32|     ap_fifo|             bckgndYUV|       pointer|
|height_val4_c3_din                   |  out|   16|     ap_fifo|        height_val4_c3|       pointer|
|height_val4_c3_full_n                |   in|    1|     ap_fifo|        height_val4_c3|       pointer|
|height_val4_c3_write                 |  out|    1|     ap_fifo|        height_val4_c3|       pointer|
|height_val4_c3_num_data_valid        |   in|    3|     ap_fifo|        height_val4_c3|       pointer|
|height_val4_c3_fifo_cap              |   in|    3|     ap_fifo|        height_val4_c3|       pointer|
|width_val7_c4_din                    |  out|   16|     ap_fifo|         width_val7_c4|       pointer|
|width_val7_c4_full_n                 |   in|    1|     ap_fifo|         width_val7_c4|       pointer|
|width_val7_c4_write                  |  out|    1|     ap_fifo|         width_val7_c4|       pointer|
|width_val7_c4_num_data_valid         |   in|    3|     ap_fifo|         width_val7_c4|       pointer|
|width_val7_c4_fifo_cap               |   in|    3|     ap_fifo|         width_val7_c4|       pointer|
|motionSpeed_val14_c_din              |  out|    8|     ap_fifo|   motionSpeed_val14_c|       pointer|
|motionSpeed_val14_c_full_n           |   in|    1|     ap_fifo|   motionSpeed_val14_c|       pointer|
|motionSpeed_val14_c_write            |  out|    1|     ap_fifo|   motionSpeed_val14_c|       pointer|
|motionSpeed_val14_c_num_data_valid   |   in|    3|     ap_fifo|   motionSpeed_val14_c|       pointer|
|motionSpeed_val14_c_fifo_cap         |   in|    3|     ap_fifo|   motionSpeed_val14_c|       pointer|
|colorFormat_val17_c5_din             |  out|    8|     ap_fifo|  colorFormat_val17_c5|       pointer|
|colorFormat_val17_c5_full_n          |   in|    1|     ap_fifo|  colorFormat_val17_c5|       pointer|
|colorFormat_val17_c5_write           |  out|    1|     ap_fifo|  colorFormat_val17_c5|       pointer|
|colorFormat_val17_c5_num_data_valid  |   in|    3|     ap_fifo|  colorFormat_val17_c5|       pointer|
|colorFormat_val17_c5_fifo_cap        |   in|    3|     ap_fifo|  colorFormat_val17_c5|       pointer|
+-------------------------------------+-----+-----+------------+----------------------+--------------+

