

================================================================
== Vitis HLS Report for 'AXIvideo2MultiPixStream_Pipeline_loop_width'
================================================================
* Date:           Mon Apr 27 12:25:01 2026

* Version:        2024.2 (Build 5238294 on Nov  8 2024)
* Project:        prj
* Solution:       sol (Vivado IP Flow Target)
* Product family: zynquplus
* Target device:  xck26-sfvc784-2LV-c


================================================================
== Performance Estimates
================================================================
+ Timing: 
    * Summary: 
    +--------+---------+----------+------------+
    |  Clock |  Target | Estimated| Uncertainty|
    +--------+---------+----------+------------+
    |ap_clk  |  6.67 ns|  2.904 ns|     1.80 ns|
    +--------+---------+----------+------------+

+ Latency: 
    * Summary: 
    +---------+---------+-----------+-----------+-----+------+------------------------------------------------+
    |  Latency (cycles) |   Latency (absolute)  |  Interval  |                    Pipeline                    |
    |   min   |   max   |    min    |    max    | min |  max |                      Type                      |
    +---------+---------+-----------+-----------+-----+------+------------------------------------------------+
    |        3|     1923|  20.001 ns|  12.821 us|    1|  1921|  loop auto-rewind stp (delay=0 clock cycles(s))|
    +---------+---------+-----------+-----------+-----+------+------------------------------------------------+

    + Detail: 
        * Instance: 
        N/A

        * Loop: 
        +--------------+---------+---------+----------+-----------+-----------+----------+----------+
        |              |  Latency (cycles) | Iteration|  Initiation Interval  |   Trip   |          |
        |   Loop Name  |   min   |   max   |  Latency |  achieved |   target  |   Count  | Pipelined|
        +--------------+---------+---------+----------+-----------+-----------+----------+----------+
        |- loop_width  |        1|     1921|         3|          1|          1|  0 ~ 1920|       yes|
        +--------------+---------+---------+----------+-----------+-----------+----------+----------+

============================================================
+ Verbose Summary: Synthesis Manager
============================================================
InlineROM: 1
ExposeGlobal: 0
============================================================
+ Verbose Summary: CDFG Model
============================================================
IsTopModel: 0
ResetActiveHigh: 1
IsCombinational: 0
IsDatapathOnly: 0
HasWiredReturn: 1
HasMFsm: 2
HasVarLatency: 1
IsPipeline: 0
IsRtlPipelined: 0
IsInstanceOverlapped: 0
IsDontTouch: 0
HasImplIP: 0
IsGatedGlobalClock: 0

+ Individual pipeline summary: 
  * Pipeline-0: initiation interval (II) = 1, depth = 3


============================================================
+ Verbose Summary: Schedule
============================================================
* Number of FSM states : 3
* Pipeline : 1
  Pipeline-0 : II = 1, D = 3, States = { 1 2 3 }
* Dataflow Pipeline: 0

* FSM state transitions: 
1 --> 2 
2 --> 3 
3 --> 

* FSM state operations: 

State 1 <SV = 0> <Delay = 1.65>
ST_1 : Operation 6 [1/1] (0.00ns)   --->   "%j = alloca i32 1" [/home/izaan/GitRepos/dpdma_exdes/vivado_quad_vmix/kv260_quad_vmix_dp.runs/bd_quad_vmix_dp_v_frmbuf_wr_0_0_synth_1/prj/sol/.autopilot/db/v_frmbuf_wr.cpp:284]   --->   Operation 6 'alloca' 'j' <Predicate = true> <Delay = 0.00>
ST_1 : Operation 7 [1/1] (0.00ns)   --->   "%axi_data = alloca i32 1" [/home/izaan/GitRepos/dpdma_exdes/vivado_quad_vmix/kv260_quad_vmix_dp.runs/bd_quad_vmix_dp_v_frmbuf_wr_0_0_synth_1/prj/sol/.autopilot/db/v_frmbuf_wr.cpp:253]   --->   Operation 7 'alloca' 'axi_data' <Predicate = true> <Delay = 0.00>
ST_1 : Operation 8 [1/1] (0.00ns)   --->   "%axi_last = alloca i32 1" [/home/izaan/GitRepos/dpdma_exdes/vivado_quad_vmix/kv260_quad_vmix_dp.runs/bd_quad_vmix_dp_v_frmbuf_wr_0_0_synth_1/prj/sol/.autopilot/db/v_frmbuf_wr.cpp:253]   --->   Operation 8 'alloca' 'axi_last' <Predicate = true> <Delay = 0.00>
ST_1 : Operation 9 [1/1] (0.00ns)   --->   "%specaxissidechannel_ln0 = specaxissidechannel void @_ssdm_op_SpecAXISSideChannel, i48 %s_axis_video_V_data_V, i6 %s_axis_video_V_keep_V, i6 %s_axis_video_V_strb_V, i1 %s_axis_video_V_user_V, i1 %s_axis_video_V_last_V, i1 %s_axis_video_V_id_V, i1 %s_axis_video_V_dest_V, void @empty_10"   --->   Operation 9 'specaxissidechannel' 'specaxissidechannel_ln0' <Predicate = true> <Delay = 0.00>
ST_1 : Operation 10 [1/1] (0.00ns)   --->   "%specinterface_ln0 = specinterface void @_ssdm_op_SpecInterface, i1 %s_axis_video_V_dest_V, void @empty_11, i32 0, i32 0, void @empty_5, i32 0, i32 0, void @empty_1, void @empty_1, void @empty_1, i32 0, i32 0, i32 0, i32 0, void @empty_1, void @empty_1, i32 4294967295, i32 0, i32 0"   --->   Operation 10 'specinterface' 'specinterface_ln0' <Predicate = true> <Delay = 0.00>
ST_1 : Operation 11 [1/1] (0.00ns)   --->   "%specinterface_ln0 = specinterface void @_ssdm_op_SpecInterface, i1 %s_axis_video_V_id_V, void @empty_11, i32 0, i32 0, void @empty_5, i32 0, i32 0, void @empty_1, void @empty_1, void @empty_1, i32 0, i32 0, i32 0, i32 0, void @empty_1, void @empty_1, i32 4294967295, i32 0, i32 0"   --->   Operation 11 'specinterface' 'specinterface_ln0' <Predicate = true> <Delay = 0.00>
ST_1 : Operation 12 [1/1] (0.00ns)   --->   "%specinterface_ln0 = specinterface void @_ssdm_op_SpecInterface, i1 %s_axis_video_V_last_V, void @empty_11, i32 0, i32 0, void @empty_5, i32 0, i32 0, void @empty_1, void @empty_1, void @empty_1, i32 0, i32 0, i32 0, i32 0, void @empty_1, void @empty_1, i32 4294967295, i32 0, i32 0"   --->   Operation 12 'specinterface' 'specinterface_ln0' <Predicate = true> <Delay = 0.00>
ST_1 : Operation 13 [1/1] (0.00ns)   --->   "%specinterface_ln0 = specinterface void @_ssdm_op_SpecInterface, i1 %s_axis_video_V_user_V, void @empty_11, i32 0, i32 0, void @empty_5, i32 0, i32 0, void @empty_1, void @empty_1, void @empty_1, i32 0, i32 0, i32 0, i32 0, void @empty_1, void @empty_1, i32 4294967295, i32 0, i32 0"   --->   Operation 13 'specinterface' 'specinterface_ln0' <Predicate = true> <Delay = 0.00>
ST_1 : Operation 14 [1/1] (0.00ns)   --->   "%specinterface_ln0 = specinterface void @_ssdm_op_SpecInterface, i6 %s_axis_video_V_strb_V, void @empty_11, i32 0, i32 0, void @empty_5, i32 0, i32 0, void @empty_1, void @empty_1, void @empty_1, i32 0, i32 0, i32 0, i32 0, void @empty_1, void @empty_1, i32 4294967295, i32 0, i32 0"   --->   Operation 14 'specinterface' 'specinterface_ln0' <Predicate = true> <Delay = 0.00>
ST_1 : Operation 15 [1/1] (0.00ns)   --->   "%specinterface_ln0 = specinterface void @_ssdm_op_SpecInterface, i6 %s_axis_video_V_keep_V, void @empty_11, i32 0, i32 0, void @empty_5, i32 0, i32 0, void @empty_1, void @empty_1, void @empty_1, i32 0, i32 0, i32 0, i32 0, void @empty_1, void @empty_1, i32 4294967295, i32 0, i32 0"   --->   Operation 15 'specinterface' 'specinterface_ln0' <Predicate = true> <Delay = 0.00>
ST_1 : Operation 16 [1/1] (0.00ns)   --->   "%specinterface_ln0 = specinterface void @_ssdm_op_SpecInterface, i48 %s_axis_video_V_data_V, void @empty_11, i32 0, i32 0, void @empty_5, i32 0, i32 0, void @empty_1, void @empty_1, void @empty_1, i32 0, i32 0, i32 0, i32 0, void @empty_1, void @empty_1, i32 4294967295, i32 0, i32 0"   --->   Operation 16 'specinterface' 'specinterface_ln0' <Predicate = true> <Delay = 0.00>
ST_1 : Operation 17 [1/1] (0.00ns)   --->   "%specinterface_ln0 = specinterface void @_ssdm_op_SpecInterface, i48 %img, void @empty_19, i32 0, i32 0, void @empty_1, i32 0, i32 0, void @empty_1, void @empty_1, void @empty_1, i32 0, i32 0, i32 0, i32 0, void @empty_1, void @empty_1, i32 4294967295, i32 0, i32 0"   --->   Operation 17 'specinterface' 'specinterface_ln0' <Predicate = true> <Delay = 0.00>
ST_1 : Operation 18 [1/1] (0.00ns)   --->   "%colorFormat_val_read = read i3 @_ssdm_op_Read.ap_auto.i3, i3 %colorFormat_val"   --->   Operation 18 'read' 'colorFormat_val_read' <Predicate = true> <Delay = 0.00>
ST_1 : Operation 19 [1/1] (0.00ns)   --->   "%trunc_ln9_read = read i11 @_ssdm_op_Read.ap_auto.i11, i11 %trunc_ln9"   --->   Operation 19 'read' 'trunc_ln9_read' <Predicate = true> <Delay = 0.00>
ST_1 : Operation 20 [1/1] (0.00ns)   --->   "%axi_data_2_read = read i48 @_ssdm_op_Read.ap_auto.i48, i48 %axi_data_2"   --->   Operation 20 'read' 'axi_data_2_read' <Predicate = true> <Delay = 0.00>
ST_1 : Operation 21 [1/1] (0.00ns)   --->   "%axi_last_2_read = read i1 @_ssdm_op_Read.ap_auto.i1, i1 %axi_last_2"   --->   Operation 21 'read' 'axi_last_2_read' <Predicate = true> <Delay = 0.00>
ST_1 : Operation 22 [1/1] (0.00ns)   --->   "%sof_2_read = read i1 @_ssdm_op_Read.ap_auto.i1, i1 %sof_2"   --->   Operation 22 'read' 'sof_2_read' <Predicate = true> <Delay = 0.00>
ST_1 : Operation 23 [1/1] (0.00ns)   --->   "%colorFormat_val_cast = zext i3 %colorFormat_val_read"   --->   Operation 23 'zext' 'colorFormat_val_cast' <Predicate = true> <Delay = 0.00>
ST_1 : Operation 24 [1/1] (0.67ns)   --->   "%cond = icmp_eq  i3 %colorFormat_val_read, i3 0"   --->   Operation 24 'icmp' 'cond' <Predicate = true> <Delay = 0.67> <CoreInst = "Cmp">   --->   Core 9 'Cmp' <Latency = 0> <II = 1> <Delay = 0.67> <FuncUnit> <Opcode : 'seteq' 'setne' 'setle' 'setge' 'setlt' 'setgt'> <InPorts = 2> <OutPorts = 1>
ST_1 : Operation 25 [1/1] (0.42ns)   --->   "%store_ln253 = store i1 %axi_last_2_read, i1 %axi_last" [/home/izaan/GitRepos/dpdma_exdes/vivado_quad_vmix/kv260_quad_vmix_dp.runs/bd_quad_vmix_dp_v_frmbuf_wr_0_0_synth_1/prj/sol/.autopilot/db/v_frmbuf_wr.cpp:253]   --->   Operation 25 'store' 'store_ln253' <Predicate = true> <Delay = 0.42>
ST_1 : Operation 26 [1/1] (0.42ns)   --->   "%store_ln253 = store i48 %axi_data_2_read, i48 %axi_data" [/home/izaan/GitRepos/dpdma_exdes/vivado_quad_vmix/kv260_quad_vmix_dp.runs/bd_quad_vmix_dp_v_frmbuf_wr_0_0_synth_1/prj/sol/.autopilot/db/v_frmbuf_wr.cpp:253]   --->   Operation 26 'store' 'store_ln253' <Predicate = true> <Delay = 0.42>
ST_1 : Operation 27 [1/1] (0.42ns)   --->   "%store_ln284 = store i11 0, i11 %j" [/home/izaan/GitRepos/dpdma_exdes/vivado_quad_vmix/kv260_quad_vmix_dp.runs/bd_quad_vmix_dp_v_frmbuf_wr_0_0_synth_1/prj/sol/.autopilot/db/v_frmbuf_wr.cpp:284]   --->   Operation 27 'store' 'store_ln284' <Predicate = true> <Delay = 0.42>
ST_1 : Operation 28 [1/1] (0.42ns)   --->   "%br_ln284 = br void %for.body12" [/home/izaan/GitRepos/dpdma_exdes/vivado_quad_vmix/kv260_quad_vmix_dp.runs/bd_quad_vmix_dp_v_frmbuf_wr_0_0_synth_1/prj/sol/.autopilot/db/v_frmbuf_wr.cpp:284]   --->   Operation 28 'br' 'br_ln284' <Predicate = true> <Delay = 0.42>
ST_1 : Operation 29 [1/1] (0.00ns)   --->   "%j_1 = load i11 %j" [/home/izaan/GitRepos/dpdma_exdes/vivado_quad_vmix/kv260_quad_vmix_dp.runs/bd_quad_vmix_dp_v_frmbuf_wr_0_0_synth_1/prj/sol/.autopilot/db/v_frmbuf_wr.cpp:284]   --->   Operation 29 'load' 'j_1' <Predicate = true> <Delay = 0.00>
ST_1 : Operation 30 [1/1] (0.79ns)   --->   "%icmp_ln284 = icmp_eq  i11 %j_1, i11 %trunc_ln9_read" [/home/izaan/GitRepos/dpdma_exdes/vivado_quad_vmix/kv260_quad_vmix_dp.runs/bd_quad_vmix_dp_v_frmbuf_wr_0_0_synth_1/prj/sol/.autopilot/db/v_frmbuf_wr.cpp:284]   --->   Operation 30 'icmp' 'icmp_ln284' <Predicate = true> <Delay = 0.79> <CoreInst = "Cmp">   --->   Core 9 'Cmp' <Latency = 0> <II = 1> <Delay = 0.79> <FuncUnit> <Opcode : 'seteq' 'setne' 'setle' 'setge' 'setlt' 'setgt'> <InPorts = 2> <OutPorts = 1>
ST_1 : Operation 31 [1/1] (0.79ns)   --->   "%j_2 = add i11 %j_1, i11 1" [/home/izaan/GitRepos/dpdma_exdes/vivado_quad_vmix/kv260_quad_vmix_dp.runs/bd_quad_vmix_dp_v_frmbuf_wr_0_0_synth_1/prj/sol/.autopilot/db/v_frmbuf_wr.cpp:284]   --->   Operation 31 'add' 'j_2' <Predicate = true> <Delay = 0.79> <CoreInst = "Adder">   --->   Core 1 'Adder' <Latency = 0> <II = 1> <Delay = 0.79> <FuncUnit> <Opcode : 'add' 'sub'> <InPorts = 2> <OutPorts = 1>
ST_1 : Operation 32 [1/1] (0.00ns)   --->   "%br_ln284 = br i1 %icmp_ln284, void %for.body12.split, void %loop_wait_for_eol.loopexit.exitStub" [/home/izaan/GitRepos/dpdma_exdes/vivado_quad_vmix/kv260_quad_vmix_dp.runs/bd_quad_vmix_dp_v_frmbuf_wr_0_0_synth_1/prj/sol/.autopilot/db/v_frmbuf_wr.cpp:284]   --->   Operation 32 'br' 'br_ln284' <Predicate = true> <Delay = 0.00>
ST_1 : Operation 33 [1/1] (0.42ns)   --->   "%store_ln284 = store i11 %j_2, i11 %j" [/home/izaan/GitRepos/dpdma_exdes/vivado_quad_vmix/kv260_quad_vmix_dp.runs/bd_quad_vmix_dp_v_frmbuf_wr_0_0_synth_1/prj/sol/.autopilot/db/v_frmbuf_wr.cpp:284]   --->   Operation 33 'store' 'store_ln284' <Predicate = (!icmp_ln284)> <Delay = 0.42>
ST_1 : Operation 34 [1/1] (0.00ns)   --->   "%br_ln284 = br void %for.body12" [/home/izaan/GitRepos/dpdma_exdes/vivado_quad_vmix/kv260_quad_vmix_dp.runs/bd_quad_vmix_dp_v_frmbuf_wr_0_0_synth_1/prj/sol/.autopilot/db/v_frmbuf_wr.cpp:284]   --->   Operation 34 'br' 'br_ln284' <Predicate = (!icmp_ln284)> <Delay = 0.00>

State 2 <SV = 1> <Delay = 0.79>
ST_2 : Operation 35 [1/1] (0.00ns)   --->   "%eol = phi i1 0, void %newFuncRoot, i1 %axi_last_4, void %if.end_ifconv"   --->   Operation 35 'phi' 'eol' <Predicate = true> <Delay = 0.00>
ST_2 : Operation 36 [1/1] (0.00ns)   --->   "%sof = phi i1 %sof_2_read, void %newFuncRoot, i1 0, void %if.end_ifconv"   --->   Operation 36 'phi' 'sof' <Predicate = true> <Delay = 0.00>
ST_2 : Operation 37 [1/1] (0.00ns)   --->   "%speclooptripcount_ln0 = speclooptripcount void @_ssdm_op_SpecLoopTripCount, i64 0, i64 1920, i64 0"   --->   Operation 37 'speclooptripcount' 'speclooptripcount_ln0' <Predicate = true> <Delay = 0.00>
ST_2 : Operation 38 [1/1] (0.00ns)   --->   "%specpipeline_ln287 = specpipeline void @_ssdm_op_SpecPipeline, i32 1, i32 0, i32 0, i32 0, void @empty_1" [/home/izaan/GitRepos/dpdma_exdes/vivado_quad_vmix/kv260_quad_vmix_dp.runs/bd_quad_vmix_dp_v_frmbuf_wr_0_0_synth_1/prj/sol/.autopilot/db/v_frmbuf_wr.cpp:287]   --->   Operation 38 'specpipeline' 'specpipeline_ln287' <Predicate = (!icmp_ln284)> <Delay = 0.00>
ST_2 : Operation 39 [1/1] (0.00ns)   --->   "%specloopname_ln284 = specloopname void @_ssdm_op_SpecLoopName, void @empty" [/home/izaan/GitRepos/dpdma_exdes/vivado_quad_vmix/kv260_quad_vmix_dp.runs/bd_quad_vmix_dp_v_frmbuf_wr_0_0_synth_1/prj/sol/.autopilot/db/v_frmbuf_wr.cpp:284]   --->   Operation 39 'specloopname' 'specloopname_ln284' <Predicate = (!icmp_ln284)> <Delay = 0.00>
ST_2 : Operation 40 [1/1] (0.28ns)   --->   "%or_ln288 = or i1 %sof, i1 %eol" [/home/izaan/GitRepos/dpdma_exdes/vivado_quad_vmix/kv260_quad_vmix_dp.runs/bd_quad_vmix_dp_v_frmbuf_wr_0_0_synth_1/prj/sol/.autopilot/db/v_frmbuf_wr.cpp:288]   --->   Operation 40 'or' 'or_ln288' <Predicate = (!icmp_ln284)> <Delay = 0.28> <CoreInst = "LogicGate">   --->   Core 74 'LogicGate' <Latency = 0> <II = 1> <Delay = 0.28> <FuncUnit> <Opcode : 'and' 'or' 'xor'> <InPorts = 2> <OutPorts = 1>
ST_2 : Operation 41 [1/1] (0.00ns)   --->   "%br_ln288 = br i1 %or_ln288, void %if.else, void %if.end_ifconv" [/home/izaan/GitRepos/dpdma_exdes/vivado_quad_vmix/kv260_quad_vmix_dp.runs/bd_quad_vmix_dp_v_frmbuf_wr_0_0_synth_1/prj/sol/.autopilot/db/v_frmbuf_wr.cpp:288]   --->   Operation 41 'br' 'br_ln288' <Predicate = (!icmp_ln284)> <Delay = 0.00>
ST_2 : Operation 42 [1/1] (0.07ns)   --->   "%empty_277 = read i64 @_ssdm_op_Read.axis.volatile.i48P0A.i6P0A.i6P0A.i1P0A.i1P0A.i1P0A.i1P0A, i48 %s_axis_video_V_data_V, i6 %s_axis_video_V_keep_V, i6 %s_axis_video_V_strb_V, i1 %s_axis_video_V_user_V, i1 %s_axis_video_V_last_V, i1 %s_axis_video_V_id_V, i1 %s_axis_video_V_dest_V" [/home/izaan/GitRepos/dpdma_exdes/vivado_quad_vmix/kv260_quad_vmix_dp.runs/bd_quad_vmix_dp_v_frmbuf_wr_0_0_synth_1/prj/sol/.autopilot/db/v_frmbuf_wr.cpp:295]   --->   Operation 42 'read' 'empty_277' <Predicate = (!icmp_ln284 & !or_ln288)> <Delay = 0.07> <CoreInst = "regslice">   --->   Core 147 'regslice' <Latency = 0> <II = 1> <Delay = 0.69> <Adapter> <Opcode : 'read' 'write'>
ST_2 : Operation 43 [1/1] (0.00ns)   --->   "%axi_data_1 = extractvalue i64 %empty_277" [/home/izaan/GitRepos/dpdma_exdes/vivado_quad_vmix/kv260_quad_vmix_dp.runs/bd_quad_vmix_dp_v_frmbuf_wr_0_0_synth_1/prj/sol/.autopilot/db/v_frmbuf_wr.cpp:295]   --->   Operation 43 'extractvalue' 'axi_data_1' <Predicate = (!icmp_ln284 & !or_ln288)> <Delay = 0.00>
ST_2 : Operation 44 [1/1] (0.00ns)   --->   "%axi_last_5 = extractvalue i64 %empty_277" [/home/izaan/GitRepos/dpdma_exdes/vivado_quad_vmix/kv260_quad_vmix_dp.runs/bd_quad_vmix_dp_v_frmbuf_wr_0_0_synth_1/prj/sol/.autopilot/db/v_frmbuf_wr.cpp:295]   --->   Operation 44 'extractvalue' 'axi_last_5' <Predicate = (!icmp_ln284 & !or_ln288)> <Delay = 0.00>
ST_2 : Operation 45 [1/1] (0.42ns)   --->   "%store_ln253 = store i1 %axi_last_5, i1 %axi_last" [/home/izaan/GitRepos/dpdma_exdes/vivado_quad_vmix/kv260_quad_vmix_dp.runs/bd_quad_vmix_dp_v_frmbuf_wr_0_0_synth_1/prj/sol/.autopilot/db/v_frmbuf_wr.cpp:253]   --->   Operation 45 'store' 'store_ln253' <Predicate = (!icmp_ln284 & !or_ln288)> <Delay = 0.42>
ST_2 : Operation 46 [1/1] (0.42ns)   --->   "%store_ln253 = store i48 %axi_data_1, i48 %axi_data" [/home/izaan/GitRepos/dpdma_exdes/vivado_quad_vmix/kv260_quad_vmix_dp.runs/bd_quad_vmix_dp_v_frmbuf_wr_0_0_synth_1/prj/sol/.autopilot/db/v_frmbuf_wr.cpp:253]   --->   Operation 46 'store' 'store_ln253' <Predicate = (!icmp_ln284 & !or_ln288)> <Delay = 0.42>
ST_2 : Operation 47 [1/1] (0.00ns)   --->   "%br_ln0 = br void %if.end_ifconv"   --->   Operation 47 'br' 'br_ln0' <Predicate = (!icmp_ln284 & !or_ln288)> <Delay = 0.00>
ST_2 : Operation 65 [1/1] (0.00ns)   --->   "%axi_data_load = load i48 %axi_data"   --->   Operation 65 'load' 'axi_data_load' <Predicate = (icmp_ln284)> <Delay = 0.00>
ST_2 : Operation 66 [1/1] (0.00ns)   --->   "%write_ln0 = write void @_ssdm_op_Write.ap_auto.i1P0A, i1 %eol_out, i1 %eol"   --->   Operation 66 'write' 'write_ln0' <Predicate = (icmp_ln284)> <Delay = 0.00>
ST_2 : Operation 67 [1/1] (0.00ns)   --->   "%write_ln0 = write void @_ssdm_op_Write.ap_auto.i48P0A, i48 %axi_data_3_out, i48 %axi_data_load"   --->   Operation 67 'write' 'write_ln0' <Predicate = (icmp_ln284)> <Delay = 0.00>
ST_2 : Operation 68 [1/1] (0.42ns)   --->   "%ret_ln0 = ret"   --->   Operation 68 'ret' 'ret_ln0' <Predicate = (icmp_ln284)> <Delay = 0.42>

State 3 <SV = 2> <Delay = 2.90>
ST_3 : Operation 48 [1/1] (0.00ns)   --->   "%axi_data_4 = load i48 %axi_data" [/home/izaan/GitRepos/dpdma_exdes/vivado_quad_vmix/kv260_quad_vmix_dp.gen/sources_1/bd/bd_quad_vmix_dp/ip/bd_quad_vmix_dp_v_frmbuf_wr_0_0/src/hls/hls_axi_io.h:63->/home/izaan/GitRepos/dpdma_exdes/vivado_quad_vmix/kv260_quad_vmix_dp.gen/sources_1/bd/bd_quad_vmix_dp/ip/bd_quad_vmix_dp_v_frmbuf_wr_0_0/src/hls/hls_axi_io.h:85->/home/izaan/GitRepos/dpdma_exdes/vivado_quad_vmix/kv260_quad_vmix_dp.runs/bd_quad_vmix_dp_v_frmbuf_wr_0_0_synth_1/prj/sol/.autopilot/db/v_frmbuf_wr.cpp:317]   --->   Operation 48 'load' 'axi_data_4' <Predicate = (!icmp_ln284)> <Delay = 0.00>
ST_3 : Operation 49 [1/1] (0.00ns)   --->   "%axi_last_4 = load i1 %axi_last"   --->   Operation 49 'load' 'axi_last_4' <Predicate = (!icmp_ln284)> <Delay = 0.00>
ST_3 : Operation 50 [1/1] (0.00ns)   --->   "%tmp_6 = partselect i8 @_ssdm_op_PartSelect.i8.i48.i32, i48 %axi_data_4, i32 16" [/home/izaan/GitRepos/dpdma_exdes/vivado_quad_vmix/kv260_quad_vmix_dp.gen/sources_1/bd/bd_quad_vmix_dp/ip/bd_quad_vmix_dp_v_frmbuf_wr_0_0/src/hls/hls_axi_io.h:63->/home/izaan/GitRepos/dpdma_exdes/vivado_quad_vmix/kv260_quad_vmix_dp.gen/sources_1/bd/bd_quad_vmix_dp/ip/bd_quad_vmix_dp_v_frmbuf_wr_0_0/src/hls/hls_axi_io.h:85->/home/izaan/GitRepos/dpdma_exdes/vivado_quad_vmix/kv260_quad_vmix_dp.runs/bd_quad_vmix_dp_v_frmbuf_wr_0_0_synth_1/prj/sol/.autopilot/db/v_frmbuf_wr.cpp:316]   --->   Operation 50 'partselect' 'tmp_6' <Predicate = (!icmp_ln284)> <Delay = 0.00>
ST_3 : Operation 51 [1/1] (0.00ns)   --->   "%trunc_ln63 = trunc i48 %axi_data_4" [/home/izaan/GitRepos/dpdma_exdes/vivado_quad_vmix/kv260_quad_vmix_dp.gen/sources_1/bd/bd_quad_vmix_dp/ip/bd_quad_vmix_dp_v_frmbuf_wr_0_0/src/hls/hls_axi_io.h:63->/home/izaan/GitRepos/dpdma_exdes/vivado_quad_vmix/kv260_quad_vmix_dp.gen/sources_1/bd/bd_quad_vmix_dp/ip/bd_quad_vmix_dp_v_frmbuf_wr_0_0/src/hls/hls_axi_io.h:85->/home/izaan/GitRepos/dpdma_exdes/vivado_quad_vmix/kv260_quad_vmix_dp.runs/bd_quad_vmix_dp_v_frmbuf_wr_0_0_synth_1/prj/sol/.autopilot/db/v_frmbuf_wr.cpp:317]   --->   Operation 51 'trunc' 'trunc_ln63' <Predicate = (!icmp_ln284)> <Delay = 0.00>
ST_3 : Operation 52 [1/1] (0.39ns)   --->   "%select_ln319 = select i1 %cond, i8 %tmp_6, i8 %trunc_ln63" [/home/izaan/GitRepos/dpdma_exdes/vivado_quad_vmix/kv260_quad_vmix_dp.runs/bd_quad_vmix_dp_v_frmbuf_wr_0_0_synth_1/prj/sol/.autopilot/db/v_frmbuf_wr.cpp:319]   --->   Operation 52 'select' 'select_ln319' <Predicate = (!icmp_ln284)> <Delay = 0.39> <CoreInst = "Sel">   --->   Core 73 'Sel' <Latency = 0> <II = 1> <Delay = 0.39> <FuncUnit> <Opcode : 'select'> <InPorts = 3> <OutPorts = 1>
ST_3 : Operation 53 [1/1] (0.00ns)   --->   "%tmp_8 = partselect i8 @_ssdm_op_PartSelect.i8.i48.i32, i48 %axi_data_4, i32 8" [/home/izaan/GitRepos/dpdma_exdes/vivado_quad_vmix/kv260_quad_vmix_dp.gen/sources_1/bd/bd_quad_vmix_dp/ip/bd_quad_vmix_dp_v_frmbuf_wr_0_0/src/hls/hls_axi_io.h:63->/home/izaan/GitRepos/dpdma_exdes/vivado_quad_vmix/kv260_quad_vmix_dp.gen/sources_1/bd/bd_quad_vmix_dp/ip/bd_quad_vmix_dp_v_frmbuf_wr_0_0/src/hls/hls_axi_io.h:85->/home/izaan/GitRepos/dpdma_exdes/vivado_quad_vmix/kv260_quad_vmix_dp.runs/bd_quad_vmix_dp_v_frmbuf_wr_0_0_synth_1/prj/sol/.autopilot/db/v_frmbuf_wr.cpp:317]   --->   Operation 53 'partselect' 'tmp_8' <Predicate = (!icmp_ln284)> <Delay = 0.00>
ST_3 : Operation 54 [1/1] (0.39ns)   --->   "%select_ln319_1 = select i1 %cond, i8 %trunc_ln63, i8 %tmp_8" [/home/izaan/GitRepos/dpdma_exdes/vivado_quad_vmix/kv260_quad_vmix_dp.runs/bd_quad_vmix_dp_v_frmbuf_wr_0_0_synth_1/prj/sol/.autopilot/db/v_frmbuf_wr.cpp:319]   --->   Operation 54 'select' 'select_ln319_1' <Predicate = (!icmp_ln284)> <Delay = 0.39> <CoreInst = "Sel">   --->   Core 73 'Sel' <Latency = 0> <II = 1> <Delay = 0.39> <FuncUnit> <Opcode : 'select'> <InPorts = 3> <OutPorts = 1>
ST_3 : Operation 55 [1/1] (0.39ns)   --->   "%select_ln319_2 = select i1 %cond, i8 %tmp_8, i8 %tmp_6" [/home/izaan/GitRepos/dpdma_exdes/vivado_quad_vmix/kv260_quad_vmix_dp.runs/bd_quad_vmix_dp_v_frmbuf_wr_0_0_synth_1/prj/sol/.autopilot/db/v_frmbuf_wr.cpp:319]   --->   Operation 55 'select' 'select_ln319_2' <Predicate = (!icmp_ln284)> <Delay = 0.39> <CoreInst = "Sel">   --->   Core 73 'Sel' <Latency = 0> <II = 1> <Delay = 0.39> <FuncUnit> <Opcode : 'select'> <InPorts = 3> <OutPorts = 1>
ST_3 : Operation 56 [1/1] (0.00ns)   --->   "%tmp_9 = partselect i8 @_ssdm_op_PartSelect.i8.i48.i32, i48 %axi_data_4, i32 40" [/home/izaan/GitRepos/dpdma_exdes/vivado_quad_vmix/kv260_quad_vmix_dp.gen/sources_1/bd/bd_quad_vmix_dp/ip/bd_quad_vmix_dp_v_frmbuf_wr_0_0/src/hls/hls_axi_io.h:63->/home/izaan/GitRepos/dpdma_exdes/vivado_quad_vmix/kv260_quad_vmix_dp.gen/sources_1/bd/bd_quad_vmix_dp/ip/bd_quad_vmix_dp_v_frmbuf_wr_0_0/src/hls/hls_axi_io.h:85->/home/izaan/GitRepos/dpdma_exdes/vivado_quad_vmix/kv260_quad_vmix_dp.runs/bd_quad_vmix_dp_v_frmbuf_wr_0_0_synth_1/prj/sol/.autopilot/db/v_frmbuf_wr.cpp:316]   --->   Operation 56 'partselect' 'tmp_9' <Predicate = (!icmp_ln284)> <Delay = 0.00>
ST_3 : Operation 57 [1/1] (0.00ns)   --->   "%tmp_s = partselect i8 @_ssdm_op_PartSelect.i8.i48.i32, i48 %axi_data_4, i32 24" [/home/izaan/GitRepos/dpdma_exdes/vivado_quad_vmix/kv260_quad_vmix_dp.gen/sources_1/bd/bd_quad_vmix_dp/ip/bd_quad_vmix_dp_v_frmbuf_wr_0_0/src/hls/hls_axi_io.h:63->/home/izaan/GitRepos/dpdma_exdes/vivado_quad_vmix/kv260_quad_vmix_dp.gen/sources_1/bd/bd_quad_vmix_dp/ip/bd_quad_vmix_dp_v_frmbuf_wr_0_0/src/hls/hls_axi_io.h:85->/home/izaan/GitRepos/dpdma_exdes/vivado_quad_vmix/kv260_quad_vmix_dp.runs/bd_quad_vmix_dp_v_frmbuf_wr_0_0_synth_1/prj/sol/.autopilot/db/v_frmbuf_wr.cpp:317]   --->   Operation 57 'partselect' 'tmp_s' <Predicate = (!icmp_ln284)> <Delay = 0.00>
ST_3 : Operation 58 [1/1] (0.42ns)   --->   "%tmp_1 = sparsemux i8 @_ssdm_op_SparseMux.ap_auto.2i8.i8.i8, i8 0, i8 %tmp_9, i8 1, i8 %tmp_s, i8 %tmp_6, i8 %colorFormat_val_cast" [/home/izaan/GitRepos/dpdma_exdes/vivado_quad_vmix/kv260_quad_vmix_dp.gen/sources_1/bd/bd_quad_vmix_dp/ip/bd_quad_vmix_dp_v_frmbuf_wr_0_0/src/hls/hls_axi_io.h:63->/home/izaan/GitRepos/dpdma_exdes/vivado_quad_vmix/kv260_quad_vmix_dp.gen/sources_1/bd/bd_quad_vmix_dp/ip/bd_quad_vmix_dp_v_frmbuf_wr_0_0/src/hls/hls_axi_io.h:85->/home/izaan/GitRepos/dpdma_exdes/vivado_quad_vmix/kv260_quad_vmix_dp.runs/bd_quad_vmix_dp_v_frmbuf_wr_0_0_synth_1/prj/sol/.autopilot/db/v_frmbuf_wr.cpp:316]   --->   Operation 58 'sparsemux' 'tmp_1' <Predicate = (!icmp_ln284)> <Delay = 0.42> <CoreInst = "BinarySparseMux_HasDef">   --->   Core 150 'BinarySparseMux_HasDef' <Latency = 0> <II = 1> <Delay = 0.42> <FuncUnit> <Opcode : 'sparsemux'> <InPorts = 2> <OutPorts = 1>
ST_3 : Operation 59 [1/1] (0.00ns)   --->   "%tmp_2 = partselect i8 @_ssdm_op_PartSelect.i8.i48.i32, i48 %axi_data_4, i32 32" [/home/izaan/GitRepos/dpdma_exdes/vivado_quad_vmix/kv260_quad_vmix_dp.gen/sources_1/bd/bd_quad_vmix_dp/ip/bd_quad_vmix_dp_v_frmbuf_wr_0_0/src/hls/hls_axi_io.h:63->/home/izaan/GitRepos/dpdma_exdes/vivado_quad_vmix/kv260_quad_vmix_dp.gen/sources_1/bd/bd_quad_vmix_dp/ip/bd_quad_vmix_dp_v_frmbuf_wr_0_0/src/hls/hls_axi_io.h:85->/home/izaan/GitRepos/dpdma_exdes/vivado_quad_vmix/kv260_quad_vmix_dp.runs/bd_quad_vmix_dp_v_frmbuf_wr_0_0_synth_1/prj/sol/.autopilot/db/v_frmbuf_wr.cpp:317]   --->   Operation 59 'partselect' 'tmp_2' <Predicate = (!icmp_ln284)> <Delay = 0.00>
ST_3 : Operation 60 [1/1] (0.67ns)   --->   "%icmp_ln319 = icmp_eq  i3 %colorFormat_val_read, i3 1" [/home/izaan/GitRepos/dpdma_exdes/vivado_quad_vmix/kv260_quad_vmix_dp.runs/bd_quad_vmix_dp_v_frmbuf_wr_0_0_synth_1/prj/sol/.autopilot/db/v_frmbuf_wr.cpp:319]   --->   Operation 60 'icmp' 'icmp_ln319' <Predicate = (!icmp_ln284)> <Delay = 0.67> <CoreInst = "Cmp">   --->   Core 9 'Cmp' <Latency = 0> <II = 1> <Delay = 0.67> <FuncUnit> <Opcode : 'seteq' 'setne' 'setle' 'setge' 'setlt' 'setgt'> <InPorts = 2> <OutPorts = 1>
ST_3 : Operation 61 [1/1] (0.39ns)   --->   "%empty = select i1 %icmp_ln319, i8 %tmp_2, i8 %tmp_s" [/home/izaan/GitRepos/dpdma_exdes/vivado_quad_vmix/kv260_quad_vmix_dp.runs/bd_quad_vmix_dp_v_frmbuf_wr_0_0_synth_1/prj/sol/.autopilot/db/v_frmbuf_wr.cpp:319]   --->   Operation 61 'select' 'empty' <Predicate = (!icmp_ln284)> <Delay = 0.39> <CoreInst = "Sel">   --->   Core 73 'Sel' <Latency = 0> <II = 1> <Delay = 0.39> <FuncUnit> <Opcode : 'select'> <InPorts = 3> <OutPorts = 1>
ST_3 : Operation 62 [1/1] (0.39ns)   --->   "%empty_276 = select i1 %icmp_ln319, i8 %tmp_9, i8 %tmp_2" [/home/izaan/GitRepos/dpdma_exdes/vivado_quad_vmix/kv260_quad_vmix_dp.runs/bd_quad_vmix_dp_v_frmbuf_wr_0_0_synth_1/prj/sol/.autopilot/db/v_frmbuf_wr.cpp:319]   --->   Operation 62 'select' 'empty_276' <Predicate = (!icmp_ln284)> <Delay = 0.39> <CoreInst = "Sel">   --->   Core 73 'Sel' <Latency = 0> <II = 1> <Delay = 0.39> <FuncUnit> <Opcode : 'select'> <InPorts = 3> <OutPorts = 1>
ST_3 : Operation 63 [1/1] (0.00ns)   --->   "%or_ln361_9 = bitconcatenate i48 @_ssdm_op_BitConcatenate.i48.i8.i8.i8.i8.i8.i8, i8 %empty_276, i8 %empty, i8 %tmp_1, i8 %select_ln319_2, i8 %select_ln319_1, i8 %select_ln319" [/home/izaan/GitRepos/dpdma_exdes/vivado_quad_vmix/kv260_quad_vmix_dp.runs/bd_quad_vmix_dp_v_frmbuf_wr_0_0_synth_1/prj/sol/.autopilot/db/v_frmbuf_wr.cpp:361]   --->   Operation 63 'bitconcatenate' 'or_ln361_9' <Predicate = (!icmp_ln284)> <Delay = 0.00>
ST_3 : Operation 64 [1/1] ( I:1.83ns O:1.83ns )   --->   "%write_ln361 = write void @_ssdm_op_Write.ap_fifo.volatile.i48P0A, i48 %img, i48 %or_ln361_9" [/home/izaan/GitRepos/dpdma_exdes/vivado_quad_vmix/kv260_quad_vmix_dp.runs/bd_quad_vmix_dp_v_frmbuf_wr_0_0_synth_1/prj/sol/.autopilot/db/v_frmbuf_wr.cpp:361]   --->   Operation 64 'write' 'write_ln361' <Predicate = (!icmp_ln284)> <Delay = 1.83> <CoreInst = "FIFO_SRL">   --->   Core 80 'FIFO_SRL' <Latency = 0> <II = 1> <Delay = 1.83> <Storage> <Opcode : 'read' 'write' 'nbread' 'nbwrite'> <Ports = 0> <Width = 48> <Depth = 2> <FIFO>


============================================================
+ Verbose Summary: Binding
============================================================
STG Binding: 
---------------- STG Properties BEGIN ----------------
- Is combinational: 0
- Is one-state seq: 0
- Is datapath-only: 0
- Is pipelined: 0
- Is top level: 0
Port [ Return ] is wired: 1; IO mode=ap_ctrl_hs:ce=0
Port [ sof_2]:  wired=1; compound=0; hidden=0; nouse=0; global=0; static=0; extern=0; dir=0; type=0; pingpong=0; private_global=0; IO mode=ap_none:ce=0
Port [ axi_last_2]:  wired=1; compound=0; hidden=0; nouse=0; global=0; static=0; extern=0; dir=0; type=0; pingpong=0; private_global=0; IO mode=ap_none:ce=0
Port [ axi_data_2]:  wired=1; compound=0; hidden=0; nouse=0; global=0; static=0; extern=0; dir=0; type=0; pingpong=0; private_global=0; IO mode=ap_none:ce=0
Port [ trunc_ln9]:  wired=1; compound=0; hidden=0; nouse=0; global=0; static=0; extern=0; dir=0; type=0; pingpong=0; private_global=0; IO mode=ap_none:ce=0
Port [ colorFormat_val]:  wired=1; compound=0; hidden=0; nouse=0; global=0; static=0; extern=0; dir=0; type=0; pingpong=0; private_global=0; IO mode=ap_none:ce=0
Port [ img]:  wired=1; compound=1; hidden=0; nouse=0; global=0; static=0; extern=0; dir=1; type=3; pingpong=0; private_global=0; IO mode=ap_fifo:ce=0
Port [ s_axis_video_V_data_V]:  wired=1; compound=1; hidden=0; nouse=0; global=0; static=0; extern=0; dir=0; type=0; pingpong=0; private_global=0; IO mode=axis:ce=0
Port [ s_axis_video_V_keep_V]:  wired=1; compound=1; hidden=0; nouse=0; global=0; static=0; extern=0; dir=0; type=0; pingpong=0; private_global=0; IO mode=axis:ce=0
Port [ s_axis_video_V_strb_V]:  wired=1; compound=1; hidden=0; nouse=0; global=0; static=0; extern=0; dir=0; type=0; pingpong=0; private_global=0; IO mode=axis:ce=0
Port [ s_axis_video_V_user_V]:  wired=1; compound=1; hidden=0; nouse=0; global=0; static=0; extern=0; dir=0; type=0; pingpong=0; private_global=0; IO mode=axis:ce=0
Port [ s_axis_video_V_last_V]:  wired=1; compound=1; hidden=0; nouse=0; global=0; static=0; extern=0; dir=0; type=0; pingpong=0; private_global=0; IO mode=axis:ce=0
Port [ s_axis_video_V_id_V]:  wired=1; compound=1; hidden=0; nouse=0; global=0; static=0; extern=0; dir=0; type=0; pingpong=0; private_global=0; IO mode=axis:ce=0
Port [ s_axis_video_V_dest_V]:  wired=1; compound=1; hidden=0; nouse=0; global=0; static=0; extern=0; dir=0; type=0; pingpong=0; private_global=0; IO mode=axis:ce=0
Port [ eol_out]:  wired=1; compound=0; hidden=0; nouse=0; global=0; static=0; extern=0; dir=1; type=0; pingpong=0; private_global=0; IO mode=ap_vld:ce=0
Port [ axi_data_3_out]:  wired=1; compound=0; hidden=0; nouse=0; global=0; static=0; extern=0; dir=1; type=0; pingpong=0; private_global=0; IO mode=ap_vld:ce=0
---------------- STG Properties END ------------------

---------------- Datapath Model BEGIN ----------------

<LifeTime>
<method=bitvector/>
j                       (alloca             ) [ 0100]
axi_data                (alloca             ) [ 0111]
axi_last                (alloca             ) [ 0111]
specaxissidechannel_ln0 (specaxissidechannel) [ 0000]
specinterface_ln0       (specinterface      ) [ 0000]
specinterface_ln0       (specinterface      ) [ 0000]
specinterface_ln0       (specinterface      ) [ 0000]
specinterface_ln0       (specinterface      ) [ 0000]
specinterface_ln0       (specinterface      ) [ 0000]
specinterface_ln0       (specinterface      ) [ 0000]
specinterface_ln0       (specinterface      ) [ 0000]
specinterface_ln0       (specinterface      ) [ 0000]
colorFormat_val_read    (read               ) [ 0111]
trunc_ln9_read          (read               ) [ 0000]
axi_data_2_read         (read               ) [ 0000]
axi_last_2_read         (read               ) [ 0000]
sof_2_read              (read               ) [ 0110]
colorFormat_val_cast    (zext               ) [ 0111]
cond                    (icmp               ) [ 0111]
store_ln253             (store              ) [ 0000]
store_ln253             (store              ) [ 0000]
store_ln284             (store              ) [ 0000]
br_ln284                (br                 ) [ 0110]
j_1                     (load               ) [ 0000]
icmp_ln284              (icmp               ) [ 0111]
j_2                     (add                ) [ 0000]
br_ln284                (br                 ) [ 0000]
store_ln284             (store              ) [ 0000]
br_ln284                (br                 ) [ 0110]
eol                     (phi                ) [ 0110]
sof                     (phi                ) [ 0110]
speclooptripcount_ln0   (speclooptripcount  ) [ 0000]
specpipeline_ln287      (specpipeline       ) [ 0000]
specloopname_ln284      (specloopname       ) [ 0000]
or_ln288                (or                 ) [ 0110]
br_ln288                (br                 ) [ 0000]
empty_277               (read               ) [ 0000]
axi_data_1              (extractvalue       ) [ 0000]
axi_last_5              (extractvalue       ) [ 0000]
store_ln253             (store              ) [ 0000]
store_ln253             (store              ) [ 0000]
br_ln0                  (br                 ) [ 0000]
axi_data_4              (load               ) [ 0000]
axi_last_4              (load               ) [ 0110]
tmp_6                   (partselect         ) [ 0000]
trunc_ln63              (trunc              ) [ 0000]
select_ln319            (select             ) [ 0000]
tmp_8                   (partselect         ) [ 0000]
select_ln319_1          (select             ) [ 0000]
select_ln319_2          (select             ) [ 0000]
tmp_9                   (partselect         ) [ 0000]
tmp_s                   (partselect         ) [ 0000]
tmp_1                   (sparsemux          ) [ 0000]
tmp_2                   (partselect         ) [ 0000]
icmp_ln319              (icmp               ) [ 0000]
empty                   (select             ) [ 0000]
empty_276               (select             ) [ 0000]
or_ln361_9              (bitconcatenate     ) [ 0000]
write_ln361             (write              ) [ 0000]
axi_data_load           (load               ) [ 0000]
write_ln0               (write              ) [ 0000]
write_ln0               (write              ) [ 0000]
ret_ln0                 (ret                ) [ 0000]
</LifeTime>

<model>

<comp_list>
<comp id="0" class="1000" name="sof_2">
<pin_list>
<pin id="1" dir="1" index="0" bw="1" slack="0"/>
</pin_list>
<bind>
<StgValue><ssdm name="sof_2"/></StgValue>
</bind>
</comp>

<comp id="2" class="1000" name="axi_last_2">
<pin_list>
<pin id="3" dir="1" index="0" bw="1" slack="0"/>
</pin_list>
<bind>
<StgValue><ssdm name="axi_last_2"/></StgValue>
</bind>
</comp>

<comp id="4" class="1000" name="axi_data_2">
<pin_list>
<pin id="5" dir="1" index="0" bw="1" slack="0"/>
</pin_list>
<bind>
<StgValue><ssdm name="axi_data_2"/></StgValue>
</bind>
</comp>

<comp id="6" class="1000" name="trunc_ln9">
<pin_list>
<pin id="7" dir="1" index="0" bw="1" slack="0"/>
</pin_list>
<bind>
<StgValue><ssdm name="trunc_ln9"/></StgValue>
</bind>
</comp>

<comp id="8" class="1000" name="colorFormat_val">
<pin_list>
<pin id="9" dir="1" index="0" bw="1" slack="0"/>
</pin_list>
<bind>
<StgValue><ssdm name="colorFormat_val"/></StgValue>
</bind>
</comp>

<comp id="10" class="1000" name="img">
<pin_list>
<pin id="11" dir="1" index="0" bw="1" slack="0"/>
</pin_list>
<bind>
<StgValue><ssdm name="img"/></StgValue>
</bind>
</comp>

<comp id="12" class="1000" name="s_axis_video_V_data_V">
<pin_list>
<pin id="13" dir="1" index="0" bw="1" slack="0"/>
</pin_list>
<bind>
<StgValue><ssdm name="s_axis_video_V_data_V"/></StgValue>
</bind>
</comp>

<comp id="14" class="1000" name="s_axis_video_V_keep_V">
<pin_list>
<pin id="15" dir="1" index="0" bw="1" slack="0"/>
</pin_list>
<bind>
<StgValue><ssdm name="s_axis_video_V_keep_V"/></StgValue>
</bind>
</comp>

<comp id="16" class="1000" name="s_axis_video_V_strb_V">
<pin_list>
<pin id="17" dir="1" index="0" bw="1" slack="0"/>
</pin_list>
<bind>
<StgValue><ssdm name="s_axis_video_V_strb_V"/></StgValue>
</bind>
</comp>

<comp id="18" class="1000" name="s_axis_video_V_user_V">
<pin_list>
<pin id="19" dir="1" index="0" bw="1" slack="0"/>
</pin_list>
<bind>
<StgValue><ssdm name="s_axis_video_V_user_V"/></StgValue>
</bind>
</comp>

<comp id="20" class="1000" name="s_axis_video_V_last_V">
<pin_list>
<pin id="21" dir="1" index="0" bw="1" slack="0"/>
</pin_list>
<bind>
<StgValue><ssdm name="s_axis_video_V_last_V"/></StgValue>
</bind>
</comp>

<comp id="22" class="1000" name="s_axis_video_V_id_V">
<pin_list>
<pin id="23" dir="1" index="0" bw="1" slack="0"/>
</pin_list>
<bind>
<StgValue><ssdm name="s_axis_video_V_id_V"/></StgValue>
</bind>
</comp>

<comp id="24" class="1000" name="s_axis_video_V_dest_V">
<pin_list>
<pin id="25" dir="1" index="0" bw="1" slack="0"/>
</pin_list>
<bind>
<StgValue><ssdm name="s_axis_video_V_dest_V"/></StgValue>
</bind>
</comp>

<comp id="26" class="1000" name="eol_out">
<pin_list>
<pin id="27" dir="1" index="0" bw="1" slack="0"/>
</pin_list>
<bind>
<StgValue><ssdm name="eol_out"/></StgValue>
</bind>
</comp>

<comp id="28" class="1000" name="axi_data_3_out">
<pin_list>
<pin id="29" dir="1" index="0" bw="1" slack="0"/>
</pin_list>
<bind>
<StgValue><ssdm name="axi_data_3_out"/></StgValue>
</bind>
</comp>

<comp id="30" class="1001" name="const_30">
<pin_list>
<pin id="31" dir="1" index="0" bw="1" slack="0"/>
</pin_list>
<bind>
<StgValue><ssdm name=""/></StgValue>
</bind>
</comp>

<comp id="32" class="1001" name="const_32">
<pin_list>
<pin id="33" dir="1" index="0" bw="1" slack="2147483647"/>
</pin_list>
<bind>
<StgValue><ssdm name="_ssdm_op_SpecAXISSideChannel"/></StgValue>
</bind>
</comp>

<comp id="34" class="1001" name="const_34">
<pin_list>
<pin id="35" dir="1" index="0" bw="1" slack="2147483647"/>
</pin_list>
<bind>
<StgValue><ssdm name="empty_10"/></StgValue>
</bind>
</comp>

<comp id="36" class="1001" name="const_36">
<pin_list>
<pin id="37" dir="1" index="0" bw="1" slack="2147483647"/>
</pin_list>
<bind>
<StgValue><ssdm name="_ssdm_op_SpecInterface"/></StgValue>
</bind>
</comp>

<comp id="38" class="1001" name="const_38">
<pin_list>
<pin id="39" dir="1" index="0" bw="1" slack="2147483647"/>
</pin_list>
<bind>
<StgValue><ssdm name="empty_11"/></StgValue>
</bind>
</comp>

<comp id="40" class="1001" name="const_40">
<pin_list>
<pin id="41" dir="1" index="0" bw="1" slack="2147483647"/>
</pin_list>
<bind>
<StgValue><ssdm name=""/></StgValue>
</bind>
</comp>

<comp id="42" class="1001" name="const_42">
<pin_list>
<pin id="43" dir="1" index="0" bw="1" slack="2147483647"/>
</pin_list>
<bind>
<StgValue><ssdm name="empty_5"/></StgValue>
</bind>
</comp>

<comp id="44" class="1001" name="const_44">
<pin_list>
<pin id="45" dir="1" index="0" bw="1" slack="2147483647"/>
</pin_list>
<bind>
<StgValue><ssdm name="empty_1"/></StgValue>
</bind>
</comp>

<comp id="46" class="1001" name="const_46">
<pin_list>
<pin id="47" dir="1" index="0" bw="1" slack="2147483647"/>
</pin_list>
<bind>
<StgValue><ssdm name=""/></StgValue>
</bind>
</comp>

<comp id="48" class="1001" name="const_48">
<pin_list>
<pin id="49" dir="1" index="0" bw="1" slack="2147483647"/>
</pin_list>
<bind>
<StgValue><ssdm name="empty_19"/></StgValue>
</bind>
</comp>

<comp id="50" class="1001" name="const_50">
<pin_list>
<pin id="51" dir="1" index="0" bw="1" slack="0"/>
</pin_list>
<bind>
<StgValue><ssdm name="_ssdm_op_Read.ap_auto.i3"/></StgValue>
</bind>
</comp>

<comp id="52" class="1001" name="const_52">
<pin_list>
<pin id="53" dir="1" index="0" bw="1" slack="0"/>
</pin_list>
<bind>
<StgValue><ssdm name="_ssdm_op_Read.ap_auto.i11"/></StgValue>
</bind>
</comp>

<comp id="54" class="1001" name="const_54">
<pin_list>
<pin id="55" dir="1" index="0" bw="1" slack="0"/>
</pin_list>
<bind>
<StgValue><ssdm name="_ssdm_op_Read.ap_auto.i48"/></StgValue>
</bind>
</comp>

<comp id="56" class="1001" name="const_56">
<pin_list>
<pin id="57" dir="1" index="0" bw="1" slack="0"/>
</pin_list>
<bind>
<StgValue><ssdm name="_ssdm_op_Read.ap_auto.i1"/></StgValue>
</bind>
</comp>

<comp id="58" class="1001" name="const_58">
<pin_list>
<pin id="59" dir="1" index="0" bw="1" slack="0"/>
</pin_list>
<bind>
<StgValue><ssdm name=""/></StgValue>
</bind>
</comp>

<comp id="60" class="1001" name="const_60">
<pin_list>
<pin id="61" dir="1" index="0" bw="1" slack="0"/>
</pin_list>
<bind>
<StgValue><ssdm name=""/></StgValue>
</bind>
</comp>

<comp id="62" class="1001" name="const_62">
<pin_list>
<pin id="63" dir="1" index="0" bw="1" slack="0"/>
</pin_list>
<bind>
<StgValue><ssdm name=""/></StgValue>
</bind>
</comp>

<comp id="64" class="1001" name="const_64">
<pin_list>
<pin id="65" dir="1" index="0" bw="1" slack="1"/>
</pin_list>
<bind>
<StgValue><ssdm name=""/></StgValue>
</bind>
</comp>

<comp id="66" class="1001" name="const_66">
<pin_list>
<pin id="67" dir="1" index="0" bw="1" slack="2147483647"/>
</pin_list>
<bind>
<StgValue><ssdm name="_ssdm_op_SpecLoopTripCount"/></StgValue>
</bind>
</comp>

<comp id="68" class="1001" name="const_68">
<pin_list>
<pin id="69" dir="1" index="0" bw="1" slack="2147483647"/>
</pin_list>
<bind>
<StgValue><ssdm name=""/></StgValue>
</bind>
</comp>

<comp id="70" class="1001" name="const_70">
<pin_list>
<pin id="71" dir="1" index="0" bw="1" slack="2147483647"/>
</pin_list>
<bind>
<StgValue><ssdm name=""/></StgValue>
</bind>
</comp>

<comp id="72" class="1001" name="const_72">
<pin_list>
<pin id="73" dir="1" index="0" bw="1" slack="2147483647"/>
</pin_list>
<bind>
<StgValue><ssdm name="_ssdm_op_SpecPipeline"/></StgValue>
</bind>
</comp>

<comp id="74" class="1001" name="const_74">
<pin_list>
<pin id="75" dir="1" index="0" bw="1" slack="2147483647"/>
</pin_list>
<bind>
<StgValue><ssdm name="_ssdm_op_SpecLoopName"/></StgValue>
</bind>
</comp>

<comp id="76" class="1001" name="const_76">
<pin_list>
<pin id="77" dir="1" index="0" bw="1" slack="2147483647"/>
</pin_list>
<bind>
<StgValue><ssdm name="empty"/></StgValue>
</bind>
</comp>

<comp id="78" class="1001" name="const_78">
<pin_list>
<pin id="79" dir="1" index="0" bw="1" slack="0"/>
</pin_list>
<bind>
<StgValue><ssdm name="_ssdm_op_Read.axis.volatile.i48P0A.i6P0A.i6P0A.i1P0A.i1P0A.i1P0A.i1P0A"/></StgValue>
</bind>
</comp>

<comp id="80" class="1001" name="const_80">
<pin_list>
<pin id="81" dir="1" index="0" bw="1" slack="0"/>
</pin_list>
<bind>
<StgValue><ssdm name="_ssdm_op_PartSelect.i8.i48.i32"/></StgValue>
</bind>
</comp>

<comp id="82" class="1001" name="const_82">
<pin_list>
<pin id="83" dir="1" index="0" bw="1" slack="0"/>
</pin_list>
<bind>
<StgValue><ssdm name=""/></StgValue>
</bind>
</comp>

<comp id="84" class="1001" name="const_84">
<pin_list>
<pin id="85" dir="1" index="0" bw="1" slack="0"/>
</pin_list>
<bind>
<StgValue><ssdm name=""/></StgValue>
</bind>
</comp>

<comp id="86" class="1001" name="const_86">
<pin_list>
<pin id="87" dir="1" index="0" bw="1" slack="0"/>
</pin_list>
<bind>
<StgValue><ssdm name=""/></StgValue>
</bind>
</comp>

<comp id="88" class="1001" name="const_88">
<pin_list>
<pin id="89" dir="1" index="0" bw="1" slack="0"/>
</pin_list>
<bind>
<StgValue><ssdm name=""/></StgValue>
</bind>
</comp>

<comp id="90" class="1001" name="const_90">
<pin_list>
<pin id="91" dir="1" index="0" bw="1" slack="0"/>
</pin_list>
<bind>
<StgValue><ssdm name="_ssdm_op_SparseMux.ap_auto.2i8.i8.i8"/></StgValue>
</bind>
</comp>

<comp id="92" class="1001" name="const_92">
<pin_list>
<pin id="93" dir="1" index="0" bw="1" slack="0"/>
</pin_list>
<bind>
<StgValue><ssdm name=""/></StgValue>
</bind>
</comp>

<comp id="94" class="1001" name="const_94">
<pin_list>
<pin id="95" dir="1" index="0" bw="1" slack="0"/>
</pin_list>
<bind>
<StgValue><ssdm name=""/></StgValue>
</bind>
</comp>

<comp id="96" class="1001" name="const_96">
<pin_list>
<pin id="97" dir="1" index="0" bw="1" slack="0"/>
</pin_list>
<bind>
<StgValue><ssdm name=""/></StgValue>
</bind>
</comp>

<comp id="98" class="1001" name="const_98">
<pin_list>
<pin id="99" dir="1" index="0" bw="1" slack="0"/>
</pin_list>
<bind>
<StgValue><ssdm name=""/></StgValue>
</bind>
</comp>

<comp id="100" class="1001" name="const_100">
<pin_list>
<pin id="101" dir="1" index="0" bw="1" slack="0"/>
</pin_list>
<bind>
<StgValue><ssdm name="_ssdm_op_BitConcatenate.i48.i8.i8.i8.i8.i8.i8"/></StgValue>
</bind>
</comp>

<comp id="102" class="1001" name="const_102">
<pin_list>
<pin id="103" dir="1" index="0" bw="1" slack="0"/>
</pin_list>
<bind>
<StgValue><ssdm name="_ssdm_op_Write.ap_fifo.volatile.i48P0A"/></StgValue>
</bind>
</comp>

<comp id="104" class="1001" name="const_104">
<pin_list>
<pin id="105" dir="1" index="0" bw="1" slack="0"/>
</pin_list>
<bind>
<StgValue><ssdm name="_ssdm_op_Write.ap_auto.i1P0A"/></StgValue>
</bind>
</comp>

<comp id="106" class="1001" name="const_106">
<pin_list>
<pin id="107" dir="1" index="0" bw="1" slack="0"/>
</pin_list>
<bind>
<StgValue><ssdm name="_ssdm_op_Write.ap_auto.i48P0A"/></StgValue>
</bind>
</comp>

<comp id="108" class="1004" name="j_fu_108">
<pin_list>
<pin id="109" dir="0" index="0" bw="1" slack="0"/>
<pin id="110" dir="1" index="1" bw="11" slack="0"/>
</pin_list>
<bind>
<opcode="alloca(26) " fcode="alloca"/>
<opset="j/1 "/>
</bind>
</comp>

<comp id="112" class="1004" name="axi_data_fu_112">
<pin_list>
<pin id="113" dir="0" index="0" bw="1" slack="0"/>
<pin id="114" dir="1" index="1" bw="48" slack="0"/>
</pin_list>
<bind>
<opcode="alloca(26) " fcode="alloca"/>
<opset="axi_data/1 "/>
</bind>
</comp>

<comp id="116" class="1004" name="axi_last_fu_116">
<pin_list>
<pin id="117" dir="0" index="0" bw="1" slack="0"/>
<pin id="118" dir="1" index="1" bw="1" slack="0"/>
</pin_list>
<bind>
<opcode="alloca(26) " fcode="alloca"/>
<opset="axi_last/1 "/>
</bind>
</comp>

<comp id="120" class="1004" name="colorFormat_val_read_read_fu_120">
<pin_list>
<pin id="121" dir="0" index="0" bw="3" slack="0"/>
<pin id="122" dir="0" index="1" bw="3" slack="0"/>
<pin id="123" dir="1" index="2" bw="3" slack="0"/>
</pin_list>
<bind>
<opcode="read(1150) " fcode="read"/>
<opset="colorFormat_val_read/1 "/>
</bind>
</comp>

<comp id="126" class="1004" name="trunc_ln9_read_read_fu_126">
<pin_list>
<pin id="127" dir="0" index="0" bw="11" slack="0"/>
<pin id="128" dir="0" index="1" bw="11" slack="0"/>
<pin id="129" dir="1" index="2" bw="11" slack="0"/>
</pin_list>
<bind>
<opcode="read(1150) " fcode="read"/>
<opset="trunc_ln9_read/1 "/>
</bind>
</comp>

<comp id="132" class="1004" name="axi_data_2_read_read_fu_132">
<pin_list>
<pin id="133" dir="0" index="0" bw="48" slack="0"/>
<pin id="134" dir="0" index="1" bw="48" slack="0"/>
<pin id="135" dir="1" index="2" bw="48" slack="0"/>
</pin_list>
<bind>
<opcode="read(1150) " fcode="read"/>
<opset="axi_data_2_read/1 "/>
</bind>
</comp>

<comp id="138" class="1004" name="axi_last_2_read_read_fu_138">
<pin_list>
<pin id="139" dir="0" index="0" bw="1" slack="0"/>
<pin id="140" dir="0" index="1" bw="1" slack="0"/>
<pin id="141" dir="1" index="2" bw="1" slack="0"/>
</pin_list>
<bind>
<opcode="read(1150) " fcode="read"/>
<opset="axi_last_2_read/1 "/>
</bind>
</comp>

<comp id="144" class="1004" name="sof_2_read_read_fu_144">
<pin_list>
<pin id="145" dir="0" index="0" bw="1" slack="0"/>
<pin id="146" dir="0" index="1" bw="1" slack="0"/>
<pin id="147" dir="1" index="2" bw="1" slack="1"/>
</pin_list>
<bind>
<opcode="read(1150) " fcode="read"/>
<opset="sof_2_read/1 "/>
</bind>
</comp>

<comp id="150" class="1004" name="empty_277_read_fu_150">
<pin_list>
<pin id="151" dir="0" index="0" bw="64" slack="0"/>
<pin id="152" dir="0" index="1" bw="48" slack="0"/>
<pin id="153" dir="0" index="2" bw="6" slack="0"/>
<pin id="154" dir="0" index="3" bw="6" slack="0"/>
<pin id="155" dir="0" index="4" bw="1" slack="0"/>
<pin id="156" dir="0" index="5" bw="1" slack="0"/>
<pin id="157" dir="0" index="6" bw="1" slack="0"/>
<pin id="158" dir="0" index="7" bw="1" slack="0"/>
<pin id="159" dir="1" index="8" bw="64" slack="0"/>
</pin_list>
<bind>
<opcode="read(1150) " fcode="read"/>
<opset="empty_277/2 "/>
</bind>
</comp>

<comp id="168" class="1004" name="write_ln361_write_fu_168">
<pin_list>
<pin id="169" dir="0" index="0" bw="0" slack="0"/>
<pin id="170" dir="0" index="1" bw="48" slack="0"/>
<pin id="171" dir="0" index="2" bw="48" slack="0"/>
<pin id="172" dir="1" index="3" bw="0" slack="2147483647"/>
</pin_list>
<bind>
<opcode="write(1151) " fcode="write"/>
<opset="write_ln361/3 "/>
</bind>
</comp>

<comp id="175" class="1004" name="write_ln0_write_fu_175">
<pin_list>
<pin id="176" dir="0" index="0" bw="0" slack="0"/>
<pin id="177" dir="0" index="1" bw="1" slack="0"/>
<pin id="178" dir="0" index="2" bw="1" slack="0"/>
<pin id="179" dir="1" index="3" bw="0" slack="2147483647"/>
</pin_list>
<bind>
<opcode="write(1151) " fcode="write"/>
<opset="write_ln0/2 "/>
</bind>
</comp>

<comp id="182" class="1004" name="write_ln0_write_fu_182">
<pin_list>
<pin id="183" dir="0" index="0" bw="0" slack="0"/>
<pin id="184" dir="0" index="1" bw="48" slack="0"/>
<pin id="185" dir="0" index="2" bw="48" slack="0"/>
<pin id="186" dir="1" index="3" bw="0" slack="2147483647"/>
</pin_list>
<bind>
<opcode="write(1151) " fcode="write"/>
<opset="write_ln0/2 "/>
</bind>
</comp>

<comp id="189" class="1005" name="eol_reg_189">
<pin_list>
<pin id="190" dir="0" index="0" bw="1" slack="1"/>
<pin id="191" dir="1" index="1" bw="1" slack="1"/>
</pin_list>
<bind>
<opset="eol (phireg) "/>
</bind>
</comp>

<comp id="193" class="1004" name="eol_phi_fu_193">
<pin_list>
<pin id="194" dir="0" index="0" bw="1" slack="1"/>
<pin id="195" dir="0" index="1" bw="0" slack="2147483647"/>
<pin id="196" dir="0" index="2" bw="1" slack="1"/>
<pin id="197" dir="0" index="3" bw="0" slack="2147483647"/>
<pin id="198" dir="1" index="4" bw="1" slack="0"/>
</pin_list>
<bind>
<opcode="phi(47) " fcode="phi"/>
<opset="eol/2 "/>
</bind>
</comp>

<comp id="201" class="1005" name="sof_reg_201">
<pin_list>
<pin id="202" dir="0" index="0" bw="1" slack="1"/>
<pin id="203" dir="1" index="1" bw="1" slack="1"/>
</pin_list>
<bind>
<opset="sof (phireg) "/>
</bind>
</comp>

<comp id="205" class="1004" name="sof_phi_fu_205">
<pin_list>
<pin id="206" dir="0" index="0" bw="1" slack="1"/>
<pin id="207" dir="0" index="1" bw="0" slack="2147483647"/>
<pin id="208" dir="0" index="2" bw="1" slack="1"/>
<pin id="209" dir="0" index="3" bw="0" slack="2147483647"/>
<pin id="210" dir="1" index="4" bw="1" slack="0"/>
</pin_list>
<bind>
<opcode="phi(47) " fcode="phi"/>
<opset="sof/2 "/>
</bind>
</comp>

<comp id="212" class="1004" name="colorFormat_val_cast_fu_212">
<pin_list>
<pin id="213" dir="0" index="0" bw="3" slack="0"/>
<pin id="214" dir="1" index="1" bw="8" slack="2"/>
</pin_list>
<bind>
<opcode="zext(34) " fcode="zext"/>
<opset="colorFormat_val_cast/1 "/>
</bind>
</comp>

<comp id="216" class="1004" name="cond_fu_216">
<pin_list>
<pin id="217" dir="0" index="0" bw="3" slack="0"/>
<pin id="218" dir="0" index="1" bw="1" slack="0"/>
<pin id="219" dir="1" index="2" bw="1" slack="2"/>
</pin_list>
<bind>
<opcode="icmp(45) " fcode="icmp"/>
<opset="cond/1 "/>
</bind>
</comp>

<comp id="222" class="1004" name="store_ln253_store_fu_222">
<pin_list>
<pin id="223" dir="0" index="0" bw="1" slack="0"/>
<pin id="224" dir="0" index="1" bw="1" slack="0"/>
<pin id="225" dir="1" index="2" bw="0" slack="2147483647"/>
</pin_list>
<bind>
<opcode="store(28) " fcode="store"/>
<opset="store_ln253/1 "/>
</bind>
</comp>

<comp id="227" class="1004" name="store_ln253_store_fu_227">
<pin_list>
<pin id="228" dir="0" index="0" bw="48" slack="0"/>
<pin id="229" dir="0" index="1" bw="48" slack="0"/>
<pin id="230" dir="1" index="2" bw="0" slack="2147483647"/>
</pin_list>
<bind>
<opcode="store(28) " fcode="store"/>
<opset="store_ln253/1 "/>
</bind>
</comp>

<comp id="232" class="1004" name="store_ln284_store_fu_232">
<pin_list>
<pin id="233" dir="0" index="0" bw="1" slack="0"/>
<pin id="234" dir="0" index="1" bw="11" slack="0"/>
<pin id="235" dir="1" index="2" bw="0" slack="2147483647"/>
</pin_list>
<bind>
<opcode="store(28) " fcode="store"/>
<opset="store_ln284/1 "/>
</bind>
</comp>

<comp id="237" class="1004" name="j_1_load_fu_237">
<pin_list>
<pin id="238" dir="0" index="0" bw="11" slack="0"/>
<pin id="239" dir="1" index="1" bw="11" slack="0"/>
</pin_list>
<bind>
<opcode="load(27) " fcode="load"/>
<opset="j_1/1 "/>
</bind>
</comp>

<comp id="240" class="1004" name="icmp_ln284_fu_240">
<pin_list>
<pin id="241" dir="0" index="0" bw="11" slack="0"/>
<pin id="242" dir="0" index="1" bw="11" slack="0"/>
<pin id="243" dir="1" index="2" bw="1" slack="1"/>
</pin_list>
<bind>
<opcode="icmp(45) " fcode="icmp"/>
<opset="icmp_ln284/1 "/>
</bind>
</comp>

<comp id="246" class="1004" name="j_2_fu_246">
<pin_list>
<pin id="247" dir="0" index="0" bw="11" slack="0"/>
<pin id="248" dir="0" index="1" bw="1" slack="0"/>
<pin id="249" dir="1" index="2" bw="11" slack="0"/>
</pin_list>
<bind>
<opcode="add(8) " fcode="add"/>
<opset="j_2/1 "/>
</bind>
</comp>

<comp id="252" class="1004" name="store_ln284_store_fu_252">
<pin_list>
<pin id="253" dir="0" index="0" bw="11" slack="0"/>
<pin id="254" dir="0" index="1" bw="11" slack="0"/>
<pin id="255" dir="1" index="2" bw="0" slack="2147483647"/>
</pin_list>
<bind>
<opcode="store(28) " fcode="store"/>
<opset="store_ln284/1 "/>
</bind>
</comp>

<comp id="257" class="1004" name="or_ln288_fu_257">
<pin_list>
<pin id="258" dir="0" index="0" bw="1" slack="0"/>
<pin id="259" dir="0" index="1" bw="1" slack="0"/>
<pin id="260" dir="1" index="2" bw="1" slack="2147483647"/>
</pin_list>
<bind>
<opcode="or(24) " fcode="or"/>
<opset="or_ln288/2 "/>
</bind>
</comp>

<comp id="263" class="1004" name="axi_data_1_fu_263">
<pin_list>
<pin id="264" dir="0" index="0" bw="64" slack="0"/>
<pin id="265" dir="1" index="1" bw="48" slack="0"/>
</pin_list>
<bind>
<opcode="extractvalue(56) " fcode="extractvalue"/>
<opset="axi_data_1/2 "/>
</bind>
</comp>

<comp id="267" class="1004" name="axi_last_5_fu_267">
<pin_list>
<pin id="268" dir="0" index="0" bw="64" slack="0"/>
<pin id="269" dir="1" index="1" bw="1" slack="0"/>
</pin_list>
<bind>
<opcode="extractvalue(56) " fcode="extractvalue"/>
<opset="axi_last_5/2 "/>
</bind>
</comp>

<comp id="271" class="1004" name="store_ln253_store_fu_271">
<pin_list>
<pin id="272" dir="0" index="0" bw="1" slack="0"/>
<pin id="273" dir="0" index="1" bw="1" slack="1"/>
<pin id="274" dir="1" index="2" bw="0" slack="2147483647"/>
</pin_list>
<bind>
<opcode="store(28) " fcode="store"/>
<opset="store_ln253/2 "/>
</bind>
</comp>

<comp id="276" class="1004" name="store_ln253_store_fu_276">
<pin_list>
<pin id="277" dir="0" index="0" bw="48" slack="0"/>
<pin id="278" dir="0" index="1" bw="48" slack="1"/>
<pin id="279" dir="1" index="2" bw="0" slack="2147483647"/>
</pin_list>
<bind>
<opcode="store(28) " fcode="store"/>
<opset="store_ln253/2 "/>
</bind>
</comp>

<comp id="281" class="1004" name="axi_data_4_load_fu_281">
<pin_list>
<pin id="282" dir="0" index="0" bw="48" slack="2"/>
<pin id="283" dir="1" index="1" bw="48" slack="0"/>
</pin_list>
<bind>
<opcode="load(27) " fcode="load"/>
<opset="axi_data_4/3 "/>
</bind>
</comp>

<comp id="284" class="1004" name="axi_last_4_load_fu_284">
<pin_list>
<pin id="285" dir="0" index="0" bw="1" slack="2"/>
<pin id="286" dir="1" index="1" bw="1" slack="1"/>
</pin_list>
<bind>
<opcode="load(27) " fcode="load"/>
<opset="axi_last_4/3 "/>
</bind>
</comp>

<comp id="287" class="1004" name="tmp_6_fu_287">
<pin_list>
<pin id="288" dir="0" index="0" bw="8" slack="0"/>
<pin id="289" dir="0" index="1" bw="48" slack="0"/>
<pin id="290" dir="0" index="2" bw="6" slack="0"/>
<pin id="291" dir="1" index="3" bw="8" slack="0"/>
</pin_list>
<bind>
<opcode="partselect(1002) " fcode="partselect"/>
<opset="tmp_6/3 "/>
</bind>
</comp>

<comp id="295" class="1004" name="trunc_ln63_fu_295">
<pin_list>
<pin id="296" dir="0" index="0" bw="48" slack="0"/>
<pin id="297" dir="1" index="1" bw="8" slack="0"/>
</pin_list>
<bind>
<opcode="trunc(33) " fcode="trunc"/>
<opset="trunc_ln63/3 "/>
</bind>
</comp>

<comp id="299" class="1004" name="select_ln319_fu_299">
<pin_list>
<pin id="300" dir="0" index="0" bw="1" slack="2"/>
<pin id="301" dir="0" index="1" bw="8" slack="0"/>
<pin id="302" dir="0" index="2" bw="8" slack="0"/>
<pin id="303" dir="1" index="3" bw="8" slack="0"/>
</pin_list>
<bind>
<opcode="select(49) " fcode="select"/>
<opset="select_ln319/3 "/>
</bind>
</comp>

<comp id="306" class="1004" name="tmp_8_fu_306">
<pin_list>
<pin id="307" dir="0" index="0" bw="8" slack="0"/>
<pin id="308" dir="0" index="1" bw="48" slack="0"/>
<pin id="309" dir="0" index="2" bw="5" slack="0"/>
<pin id="310" dir="1" index="3" bw="8" slack="0"/>
</pin_list>
<bind>
<opcode="partselect(1002) " fcode="partselect"/>
<opset="tmp_8/3 "/>
</bind>
</comp>

<comp id="314" class="1004" name="select_ln319_1_fu_314">
<pin_list>
<pin id="315" dir="0" index="0" bw="1" slack="2"/>
<pin id="316" dir="0" index="1" bw="8" slack="0"/>
<pin id="317" dir="0" index="2" bw="8" slack="0"/>
<pin id="318" dir="1" index="3" bw="8" slack="0"/>
</pin_list>
<bind>
<opcode="select(49) " fcode="select"/>
<opset="select_ln319_1/3 "/>
</bind>
</comp>

<comp id="321" class="1004" name="select_ln319_2_fu_321">
<pin_list>
<pin id="322" dir="0" index="0" bw="1" slack="2"/>
<pin id="323" dir="0" index="1" bw="8" slack="0"/>
<pin id="324" dir="0" index="2" bw="8" slack="0"/>
<pin id="325" dir="1" index="3" bw="8" slack="0"/>
</pin_list>
<bind>
<opcode="select(49) " fcode="select"/>
<opset="select_ln319_2/3 "/>
</bind>
</comp>

<comp id="328" class="1004" name="tmp_9_fu_328">
<pin_list>
<pin id="329" dir="0" index="0" bw="8" slack="0"/>
<pin id="330" dir="0" index="1" bw="48" slack="0"/>
<pin id="331" dir="0" index="2" bw="7" slack="0"/>
<pin id="332" dir="1" index="3" bw="8" slack="0"/>
</pin_list>
<bind>
<opcode="partselect(1002) " fcode="partselect"/>
<opset="tmp_9/3 "/>
</bind>
</comp>

<comp id="336" class="1004" name="tmp_s_fu_336">
<pin_list>
<pin id="337" dir="0" index="0" bw="8" slack="0"/>
<pin id="338" dir="0" index="1" bw="48" slack="0"/>
<pin id="339" dir="0" index="2" bw="6" slack="0"/>
<pin id="340" dir="1" index="3" bw="8" slack="0"/>
</pin_list>
<bind>
<opcode="partselect(1002) " fcode="partselect"/>
<opset="tmp_s/3 "/>
</bind>
</comp>

<comp id="344" class="1004" name="tmp_1_fu_344">
<pin_list>
<pin id="345" dir="0" index="0" bw="8" slack="0"/>
<pin id="346" dir="0" index="1" bw="8" slack="0"/>
<pin id="347" dir="0" index="2" bw="8" slack="0"/>
<pin id="348" dir="0" index="3" bw="8" slack="0"/>
<pin id="349" dir="0" index="4" bw="8" slack="0"/>
<pin id="350" dir="0" index="5" bw="8" slack="0"/>
<pin id="351" dir="0" index="6" bw="8" slack="2"/>
<pin id="352" dir="1" index="7" bw="8" slack="0"/>
</pin_list>
<bind>
<opcode="sparsemux(1197) " fcode="sparsemux"/>
<opset="tmp_1/3 "/>
</bind>
</comp>

<comp id="359" class="1004" name="tmp_2_fu_359">
<pin_list>
<pin id="360" dir="0" index="0" bw="8" slack="0"/>
<pin id="361" dir="0" index="1" bw="48" slack="0"/>
<pin id="362" dir="0" index="2" bw="7" slack="0"/>
<pin id="363" dir="1" index="3" bw="8" slack="0"/>
</pin_list>
<bind>
<opcode="partselect(1002) " fcode="partselect"/>
<opset="tmp_2/3 "/>
</bind>
</comp>

<comp id="367" class="1004" name="icmp_ln319_fu_367">
<pin_list>
<pin id="368" dir="0" index="0" bw="3" slack="2"/>
<pin id="369" dir="0" index="1" bw="1" slack="0"/>
<pin id="370" dir="1" index="2" bw="1" slack="0"/>
</pin_list>
<bind>
<opcode="icmp(45) " fcode="icmp"/>
<opset="icmp_ln319/3 "/>
</bind>
</comp>

<comp id="372" class="1004" name="empty_fu_372">
<pin_list>
<pin id="373" dir="0" index="0" bw="1" slack="0"/>
<pin id="374" dir="0" index="1" bw="8" slack="0"/>
<pin id="375" dir="0" index="2" bw="8" slack="0"/>
<pin id="376" dir="1" index="3" bw="8" slack="0"/>
</pin_list>
<bind>
<opcode="select(49) " fcode="select"/>
<opset="empty/3 "/>
</bind>
</comp>

<comp id="380" class="1004" name="empty_276_fu_380">
<pin_list>
<pin id="381" dir="0" index="0" bw="1" slack="0"/>
<pin id="382" dir="0" index="1" bw="8" slack="0"/>
<pin id="383" dir="0" index="2" bw="8" slack="0"/>
<pin id="384" dir="1" index="3" bw="8" slack="0"/>
</pin_list>
<bind>
<opcode="select(49) " fcode="select"/>
<opset="empty_276/3 "/>
</bind>
</comp>

<comp id="388" class="1004" name="or_ln361_9_fu_388">
<pin_list>
<pin id="389" dir="0" index="0" bw="48" slack="0"/>
<pin id="390" dir="0" index="1" bw="8" slack="0"/>
<pin id="391" dir="0" index="2" bw="8" slack="0"/>
<pin id="392" dir="0" index="3" bw="8" slack="0"/>
<pin id="393" dir="0" index="4" bw="8" slack="0"/>
<pin id="394" dir="0" index="5" bw="8" slack="0"/>
<pin id="395" dir="0" index="6" bw="8" slack="0"/>
<pin id="396" dir="1" index="7" bw="48" slack="0"/>
</pin_list>
<bind>
<opcode="bitconcatenate(1004) " fcode="bitconcatenate"/>
<opset="or_ln361_9/3 "/>
</bind>
</comp>

<comp id="405" class="1004" name="axi_data_load_load_fu_405">
<pin_list>
<pin id="406" dir="0" index="0" bw="48" slack="1"/>
<pin id="407" dir="1" index="1" bw="48" slack="0"/>
</pin_list>
<bind>
<opcode="load(27) " fcode="load"/>
<opset="axi_data_load/2 "/>
</bind>
</comp>

<comp id="409" class="1005" name="j_reg_409">
<pin_list>
<pin id="410" dir="0" index="0" bw="11" slack="0"/>
<pin id="411" dir="1" index="1" bw="11" slack="0"/>
</pin_list>
<bind>
<opset="j "/>
</bind>
</comp>

<comp id="416" class="1005" name="axi_data_reg_416">
<pin_list>
<pin id="417" dir="0" index="0" bw="48" slack="0"/>
<pin id="418" dir="1" index="1" bw="48" slack="0"/>
</pin_list>
<bind>
<opset="axi_data "/>
</bind>
</comp>

<comp id="424" class="1005" name="axi_last_reg_424">
<pin_list>
<pin id="425" dir="0" index="0" bw="1" slack="0"/>
<pin id="426" dir="1" index="1" bw="1" slack="0"/>
</pin_list>
<bind>
<opset="axi_last "/>
</bind>
</comp>

<comp id="431" class="1005" name="colorFormat_val_read_reg_431">
<pin_list>
<pin id="432" dir="0" index="0" bw="3" slack="2"/>
<pin id="433" dir="1" index="1" bw="3" slack="2"/>
</pin_list>
<bind>
<opset="colorFormat_val_read "/>
</bind>
</comp>

<comp id="436" class="1005" name="sof_2_read_reg_436">
<pin_list>
<pin id="437" dir="0" index="0" bw="1" slack="1"/>
<pin id="438" dir="1" index="1" bw="1" slack="1"/>
</pin_list>
<bind>
<opset="sof_2_read "/>
</bind>
</comp>

<comp id="441" class="1005" name="colorFormat_val_cast_reg_441">
<pin_list>
<pin id="442" dir="0" index="0" bw="8" slack="2"/>
<pin id="443" dir="1" index="1" bw="8" slack="2"/>
</pin_list>
<bind>
<opset="colorFormat_val_cast "/>
</bind>
</comp>

<comp id="446" class="1005" name="cond_reg_446">
<pin_list>
<pin id="447" dir="0" index="0" bw="1" slack="2"/>
<pin id="448" dir="1" index="1" bw="1" slack="2"/>
</pin_list>
<bind>
<opset="cond "/>
</bind>
</comp>

<comp id="453" class="1005" name="icmp_ln284_reg_453">
<pin_list>
<pin id="454" dir="0" index="0" bw="1" slack="1"/>
<pin id="455" dir="1" index="1" bw="1" slack="2147483647"/>
</pin_list>
<bind>
<opset="icmp_ln284 "/>
</bind>
</comp>

<comp id="460" class="1005" name="axi_last_4_reg_460">
<pin_list>
<pin id="461" dir="0" index="0" bw="1" slack="1"/>
<pin id="462" dir="1" index="1" bw="1" slack="1"/>
</pin_list>
<bind>
<opset="axi_last_4 "/>
</bind>
</comp>

</comp_list>

<net_list>
<net id="111"><net_src comp="30" pin="0"/><net_sink comp="108" pin=0"/></net>

<net id="115"><net_src comp="30" pin="0"/><net_sink comp="112" pin=0"/></net>

<net id="119"><net_src comp="30" pin="0"/><net_sink comp="116" pin=0"/></net>

<net id="124"><net_src comp="50" pin="0"/><net_sink comp="120" pin=0"/></net>

<net id="125"><net_src comp="8" pin="0"/><net_sink comp="120" pin=1"/></net>

<net id="130"><net_src comp="52" pin="0"/><net_sink comp="126" pin=0"/></net>

<net id="131"><net_src comp="6" pin="0"/><net_sink comp="126" pin=1"/></net>

<net id="136"><net_src comp="54" pin="0"/><net_sink comp="132" pin=0"/></net>

<net id="137"><net_src comp="4" pin="0"/><net_sink comp="132" pin=1"/></net>

<net id="142"><net_src comp="56" pin="0"/><net_sink comp="138" pin=0"/></net>

<net id="143"><net_src comp="2" pin="0"/><net_sink comp="138" pin=1"/></net>

<net id="148"><net_src comp="56" pin="0"/><net_sink comp="144" pin=0"/></net>

<net id="149"><net_src comp="0" pin="0"/><net_sink comp="144" pin=1"/></net>

<net id="160"><net_src comp="78" pin="0"/><net_sink comp="150" pin=0"/></net>

<net id="161"><net_src comp="12" pin="0"/><net_sink comp="150" pin=1"/></net>

<net id="162"><net_src comp="14" pin="0"/><net_sink comp="150" pin=2"/></net>

<net id="163"><net_src comp="16" pin="0"/><net_sink comp="150" pin=3"/></net>

<net id="164"><net_src comp="18" pin="0"/><net_sink comp="150" pin=4"/></net>

<net id="165"><net_src comp="20" pin="0"/><net_sink comp="150" pin=5"/></net>

<net id="166"><net_src comp="22" pin="0"/><net_sink comp="150" pin=6"/></net>

<net id="167"><net_src comp="24" pin="0"/><net_sink comp="150" pin=7"/></net>

<net id="173"><net_src comp="102" pin="0"/><net_sink comp="168" pin=0"/></net>

<net id="174"><net_src comp="10" pin="0"/><net_sink comp="168" pin=1"/></net>

<net id="180"><net_src comp="104" pin="0"/><net_sink comp="175" pin=0"/></net>

<net id="181"><net_src comp="26" pin="0"/><net_sink comp="175" pin=1"/></net>

<net id="187"><net_src comp="106" pin="0"/><net_sink comp="182" pin=0"/></net>

<net id="188"><net_src comp="28" pin="0"/><net_sink comp="182" pin=1"/></net>

<net id="192"><net_src comp="64" pin="0"/><net_sink comp="189" pin=0"/></net>

<net id="199"><net_src comp="189" pin="1"/><net_sink comp="193" pin=0"/></net>

<net id="200"><net_src comp="193" pin="4"/><net_sink comp="175" pin=2"/></net>

<net id="204"><net_src comp="64" pin="0"/><net_sink comp="201" pin=0"/></net>

<net id="211"><net_src comp="201" pin="1"/><net_sink comp="205" pin=2"/></net>

<net id="215"><net_src comp="120" pin="2"/><net_sink comp="212" pin=0"/></net>

<net id="220"><net_src comp="120" pin="2"/><net_sink comp="216" pin=0"/></net>

<net id="221"><net_src comp="58" pin="0"/><net_sink comp="216" pin=1"/></net>

<net id="226"><net_src comp="138" pin="2"/><net_sink comp="222" pin=0"/></net>

<net id="231"><net_src comp="132" pin="2"/><net_sink comp="227" pin=0"/></net>

<net id="236"><net_src comp="60" pin="0"/><net_sink comp="232" pin=0"/></net>

<net id="244"><net_src comp="237" pin="1"/><net_sink comp="240" pin=0"/></net>

<net id="245"><net_src comp="126" pin="2"/><net_sink comp="240" pin=1"/></net>

<net id="250"><net_src comp="237" pin="1"/><net_sink comp="246" pin=0"/></net>

<net id="251"><net_src comp="62" pin="0"/><net_sink comp="246" pin=1"/></net>

<net id="256"><net_src comp="246" pin="2"/><net_sink comp="252" pin=0"/></net>

<net id="261"><net_src comp="205" pin="4"/><net_sink comp="257" pin=0"/></net>

<net id="262"><net_src comp="193" pin="4"/><net_sink comp="257" pin=1"/></net>

<net id="266"><net_src comp="150" pin="8"/><net_sink comp="263" pin=0"/></net>

<net id="270"><net_src comp="150" pin="8"/><net_sink comp="267" pin=0"/></net>

<net id="275"><net_src comp="267" pin="1"/><net_sink comp="271" pin=0"/></net>

<net id="280"><net_src comp="263" pin="1"/><net_sink comp="276" pin=0"/></net>

<net id="292"><net_src comp="80" pin="0"/><net_sink comp="287" pin=0"/></net>

<net id="293"><net_src comp="281" pin="1"/><net_sink comp="287" pin=1"/></net>

<net id="294"><net_src comp="82" pin="0"/><net_sink comp="287" pin=2"/></net>

<net id="298"><net_src comp="281" pin="1"/><net_sink comp="295" pin=0"/></net>

<net id="304"><net_src comp="287" pin="3"/><net_sink comp="299" pin=1"/></net>

<net id="305"><net_src comp="295" pin="1"/><net_sink comp="299" pin=2"/></net>

<net id="311"><net_src comp="80" pin="0"/><net_sink comp="306" pin=0"/></net>

<net id="312"><net_src comp="281" pin="1"/><net_sink comp="306" pin=1"/></net>

<net id="313"><net_src comp="84" pin="0"/><net_sink comp="306" pin=2"/></net>

<net id="319"><net_src comp="295" pin="1"/><net_sink comp="314" pin=1"/></net>

<net id="320"><net_src comp="306" pin="3"/><net_sink comp="314" pin=2"/></net>

<net id="326"><net_src comp="306" pin="3"/><net_sink comp="321" pin=1"/></net>

<net id="327"><net_src comp="287" pin="3"/><net_sink comp="321" pin=2"/></net>

<net id="333"><net_src comp="80" pin="0"/><net_sink comp="328" pin=0"/></net>

<net id="334"><net_src comp="281" pin="1"/><net_sink comp="328" pin=1"/></net>

<net id="335"><net_src comp="86" pin="0"/><net_sink comp="328" pin=2"/></net>

<net id="341"><net_src comp="80" pin="0"/><net_sink comp="336" pin=0"/></net>

<net id="342"><net_src comp="281" pin="1"/><net_sink comp="336" pin=1"/></net>

<net id="343"><net_src comp="88" pin="0"/><net_sink comp="336" pin=2"/></net>

<net id="353"><net_src comp="90" pin="0"/><net_sink comp="344" pin=0"/></net>

<net id="354"><net_src comp="92" pin="0"/><net_sink comp="344" pin=1"/></net>

<net id="355"><net_src comp="328" pin="3"/><net_sink comp="344" pin=2"/></net>

<net id="356"><net_src comp="94" pin="0"/><net_sink comp="344" pin=3"/></net>

<net id="357"><net_src comp="336" pin="3"/><net_sink comp="344" pin=4"/></net>

<net id="358"><net_src comp="287" pin="3"/><net_sink comp="344" pin=5"/></net>

<net id="364"><net_src comp="80" pin="0"/><net_sink comp="359" pin=0"/></net>

<net id="365"><net_src comp="281" pin="1"/><net_sink comp="359" pin=1"/></net>

<net id="366"><net_src comp="96" pin="0"/><net_sink comp="359" pin=2"/></net>

<net id="371"><net_src comp="98" pin="0"/><net_sink comp="367" pin=1"/></net>

<net id="377"><net_src comp="367" pin="2"/><net_sink comp="372" pin=0"/></net>

<net id="378"><net_src comp="359" pin="3"/><net_sink comp="372" pin=1"/></net>

<net id="379"><net_src comp="336" pin="3"/><net_sink comp="372" pin=2"/></net>

<net id="385"><net_src comp="367" pin="2"/><net_sink comp="380" pin=0"/></net>

<net id="386"><net_src comp="328" pin="3"/><net_sink comp="380" pin=1"/></net>

<net id="387"><net_src comp="359" pin="3"/><net_sink comp="380" pin=2"/></net>

<net id="397"><net_src comp="100" pin="0"/><net_sink comp="388" pin=0"/></net>

<net id="398"><net_src comp="380" pin="3"/><net_sink comp="388" pin=1"/></net>

<net id="399"><net_src comp="372" pin="3"/><net_sink comp="388" pin=2"/></net>

<net id="400"><net_src comp="344" pin="7"/><net_sink comp="388" pin=3"/></net>

<net id="401"><net_src comp="321" pin="3"/><net_sink comp="388" pin=4"/></net>

<net id="402"><net_src comp="314" pin="3"/><net_sink comp="388" pin=5"/></net>

<net id="403"><net_src comp="299" pin="3"/><net_sink comp="388" pin=6"/></net>

<net id="404"><net_src comp="388" pin="7"/><net_sink comp="168" pin=2"/></net>

<net id="408"><net_src comp="405" pin="1"/><net_sink comp="182" pin=2"/></net>

<net id="412"><net_src comp="108" pin="1"/><net_sink comp="409" pin=0"/></net>

<net id="413"><net_src comp="409" pin="1"/><net_sink comp="232" pin=1"/></net>

<net id="414"><net_src comp="409" pin="1"/><net_sink comp="237" pin=0"/></net>

<net id="415"><net_src comp="409" pin="1"/><net_sink comp="252" pin=1"/></net>

<net id="419"><net_src comp="112" pin="1"/><net_sink comp="416" pin=0"/></net>

<net id="420"><net_src comp="416" pin="1"/><net_sink comp="227" pin=1"/></net>

<net id="421"><net_src comp="416" pin="1"/><net_sink comp="276" pin=1"/></net>

<net id="422"><net_src comp="416" pin="1"/><net_sink comp="281" pin=0"/></net>

<net id="423"><net_src comp="416" pin="1"/><net_sink comp="405" pin=0"/></net>

<net id="427"><net_src comp="116" pin="1"/><net_sink comp="424" pin=0"/></net>

<net id="428"><net_src comp="424" pin="1"/><net_sink comp="222" pin=1"/></net>

<net id="429"><net_src comp="424" pin="1"/><net_sink comp="271" pin=1"/></net>

<net id="430"><net_src comp="424" pin="1"/><net_sink comp="284" pin=0"/></net>

<net id="434"><net_src comp="120" pin="2"/><net_sink comp="431" pin=0"/></net>

<net id="435"><net_src comp="431" pin="1"/><net_sink comp="367" pin=0"/></net>

<net id="439"><net_src comp="144" pin="2"/><net_sink comp="436" pin=0"/></net>

<net id="440"><net_src comp="436" pin="1"/><net_sink comp="205" pin=0"/></net>

<net id="444"><net_src comp="212" pin="1"/><net_sink comp="441" pin=0"/></net>

<net id="445"><net_src comp="441" pin="1"/><net_sink comp="344" pin=6"/></net>

<net id="449"><net_src comp="216" pin="2"/><net_sink comp="446" pin=0"/></net>

<net id="450"><net_src comp="446" pin="1"/><net_sink comp="299" pin=0"/></net>

<net id="451"><net_src comp="446" pin="1"/><net_sink comp="314" pin=0"/></net>

<net id="452"><net_src comp="446" pin="1"/><net_sink comp="321" pin=0"/></net>

<net id="456"><net_src comp="240" pin="2"/><net_sink comp="453" pin=0"/></net>

<net id="463"><net_src comp="284" pin="1"/><net_sink comp="460" pin=0"/></net>

<net id="464"><net_src comp="460" pin="1"/><net_sink comp="193" pin=2"/></net>

</net_list>

</model> 
---------------- Datapath Model END ------------------

* FSMD analyzer results:
  - Output states:
	Port: img | {3 }
	Port: eol_out | {2 }
	Port: axi_data_3_out | {2 }
 - Input state : 
	Port: AXIvideo2MultiPixStream_Pipeline_loop_width : sof_2 | {1 }
	Port: AXIvideo2MultiPixStream_Pipeline_loop_width : axi_last_2 | {1 }
	Port: AXIvideo2MultiPixStream_Pipeline_loop_width : axi_data_2 | {1 }
	Port: AXIvideo2MultiPixStream_Pipeline_loop_width : trunc_ln9 | {1 }
	Port: AXIvideo2MultiPixStream_Pipeline_loop_width : colorFormat_val | {1 }
	Port: AXIvideo2MultiPixStream_Pipeline_loop_width : s_axis_video_V_data_V | {2 }
	Port: AXIvideo2MultiPixStream_Pipeline_loop_width : s_axis_video_V_keep_V | {2 }
	Port: AXIvideo2MultiPixStream_Pipeline_loop_width : s_axis_video_V_strb_V | {2 }
	Port: AXIvideo2MultiPixStream_Pipeline_loop_width : s_axis_video_V_user_V | {2 }
	Port: AXIvideo2MultiPixStream_Pipeline_loop_width : s_axis_video_V_last_V | {2 }
	Port: AXIvideo2MultiPixStream_Pipeline_loop_width : s_axis_video_V_id_V | {2 }
	Port: AXIvideo2MultiPixStream_Pipeline_loop_width : s_axis_video_V_dest_V | {2 }
  - Chain level:
	State 1
		store_ln284 : 1
		j_1 : 1
		icmp_ln284 : 2
		j_2 : 2
		br_ln284 : 3
		store_ln284 : 3
	State 2
		or_ln288 : 1
		br_ln288 : 1
		store_ln253 : 1
		store_ln253 : 1
		write_ln0 : 1
		write_ln0 : 1
	State 3
		tmp_6 : 1
		trunc_ln63 : 1
		select_ln319 : 2
		tmp_8 : 1
		select_ln319_1 : 2
		select_ln319_2 : 2
		tmp_9 : 1
		tmp_s : 1
		tmp_1 : 2
		tmp_2 : 1
		empty : 2
		empty_276 : 2
		or_ln361_9 : 3
		write_ln361 : 4


============================================================
+ Verbose Summary: Datapath Resource usage 
============================================================

* Functional unit list:
|----------|----------------------------------|---------|---------|
| Operation|          Functional Unit         |    FF   |   LUT   |
|----------|----------------------------------|---------|---------|
|          |        select_ln319_fu_299       |    0    |    8    |
|          |       select_ln319_1_fu_314      |    0    |    8    |
|  select  |       select_ln319_2_fu_321      |    0    |    8    |
|          |           empty_fu_372           |    0    |    8    |
|          |         empty_276_fu_380         |    0    |    8    |
|----------|----------------------------------|---------|---------|
|          |            cond_fu_216           |    0    |    10   |
|   icmp   |         icmp_ln284_fu_240        |    0    |    18   |
|          |         icmp_ln319_fu_367        |    0    |    10   |
|----------|----------------------------------|---------|---------|
|    add   |            j_2_fu_246            |    0    |    18   |
|----------|----------------------------------|---------|---------|
| sparsemux|           tmp_1_fu_344           |    0    |    9    |
|----------|----------------------------------|---------|---------|
|    or    |          or_ln288_fu_257         |    0    |    2    |
|----------|----------------------------------|---------|---------|
|          | colorFormat_val_read_read_fu_120 |    0    |    0    |
|          |    trunc_ln9_read_read_fu_126    |    0    |    0    |
|   read   |    axi_data_2_read_read_fu_132   |    0    |    0    |
|          |    axi_last_2_read_read_fu_138   |    0    |    0    |
|          |      sof_2_read_read_fu_144      |    0    |    0    |
|          |       empty_277_read_fu_150      |    0    |    0    |
|----------|----------------------------------|---------|---------|
|          |     write_ln361_write_fu_168     |    0    |    0    |
|   write  |      write_ln0_write_fu_175      |    0    |    0    |
|          |      write_ln0_write_fu_182      |    0    |    0    |
|----------|----------------------------------|---------|---------|
|   zext   |    colorFormat_val_cast_fu_212   |    0    |    0    |
|----------|----------------------------------|---------|---------|
|extractvalue|         axi_data_1_fu_263        |    0    |    0    |
|          |         axi_last_5_fu_267        |    0    |    0    |
|----------|----------------------------------|---------|---------|
|          |           tmp_6_fu_287           |    0    |    0    |
|          |           tmp_8_fu_306           |    0    |    0    |
|partselect|           tmp_9_fu_328           |    0    |    0    |
|          |           tmp_s_fu_336           |    0    |    0    |
|          |           tmp_2_fu_359           |    0    |    0    |
|----------|----------------------------------|---------|---------|
|   trunc  |         trunc_ln63_fu_295        |    0    |    0    |
|----------|----------------------------------|---------|---------|
|bitconcatenate|         or_ln361_9_fu_388        |    0    |    0    |
|----------|----------------------------------|---------|---------|
|   Total  |                                  |    0    |   107   |
|----------|----------------------------------|---------|---------|

Memories:
N/A

* Register list:
+----------------------------+--------+
|                            |   FF   |
+----------------------------+--------+
|      axi_data_reg_416      |   48   |
|     axi_last_4_reg_460     |    1   |
|      axi_last_reg_424      |    1   |
|colorFormat_val_cast_reg_441|    8   |
|colorFormat_val_read_reg_431|    3   |
|        cond_reg_446        |    1   |
|         eol_reg_189        |    1   |
|     icmp_ln284_reg_453     |    1   |
|          j_reg_409         |   11   |
|     sof_2_read_reg_436     |    1   |
|         sof_reg_201        |    1   |
+----------------------------+--------+
|            Total           |   77   |
+----------------------------+--------+

* Multiplexer (MUX) list: 
|--------|------|------|------|--------|
|  Comp  |  Pin | Size |  BW  | S x BW |
|--------|------|------|------|--------|
|  Total |      |      |      |    0   |
|--------|------|------|------|--------|



* Summary:
+-----------+--------+--------+
|           |   FF   |   LUT  |
+-----------+--------+--------+
|  Function |    0   |   107  |
|   Memory  |    -   |    -   |
|Multiplexer|    -   |    -   |
|  Register |   77   |    -   |
+-----------+--------+--------+
|   Total   |   77   |   107  |
+-----------+--------+--------+
