

================================================================
== Vitis HLS Report for 'AXIvideo2MultiPixStream'
================================================================
* Date:           Mon Apr 27 12:25:02 2026

* Version:        2024.2 (Build 5238294 on Nov  8 2024)
* Project:        prj
* Solution:       sol (Vivado IP Flow Target)
* Product family: zynquplus
* Target device:  xck26-sfvc784-2LV-c


================================================================
== Performance Estimates
================================================================
+ Timing: 
    * Summary: 
    +--------+---------+----------+------------+
    |  Clock |  Target | Estimated| Uncertainty|
    +--------+---------+----------+------------+
    |ap_clk  |  6.67 ns|  2.904 ns|     1.80 ns|
    +--------+---------+----------+------------+

+ Latency: 
    * Summary: 
    +---------+---------+-----------+-----------+-----+---------+---------+
    |  Latency (cycles) |   Latency (absolute)  |    Interval   | Pipeline|
    |   min   |   max   |    min    |    max    | min |   max   |   Type  |
    +---------+---------+-----------+-----------+-----+---------+---------+
    |        5|  4168805|  33.335 ns|  27.793 ms|    5|  4168805|       no|
    +---------+---------+-----------+-----------+-----+---------+---------+

    + Detail: 
        * Instance: 
        +-----------------------------------------------------------------+------------------------------------------------------+---------+---------+-----------+-----------+-----+------+------------------------------------------------+
        |                                                                 |                                                      |  Latency (cycles) |   Latency (absolute)  |  Interval  |                    Pipeline                    |
        |                             Instance                            |                        Module                        |   min   |   max   |    min    |    max    | min |  max |                      Type                      |
        +-----------------------------------------------------------------+------------------------------------------------------+---------+---------+-----------+-----------+-----+------+------------------------------------------------+
        |grp_AXIvideo2MultiPixStream_Pipeline_loop_wait_for_start_fu_146  |AXIvideo2MultiPixStream_Pipeline_loop_wait_for_start  |        2|        2|  13.334 ns|  13.334 ns|    1|     1|  loop auto-rewind stp (delay=0 clock cycles(s))|
        |grp_AXIvideo2MultiPixStream_Pipeline_loop_width_fu_166           |AXIvideo2MultiPixStream_Pipeline_loop_width           |        3|     1923|  20.001 ns|  12.821 us|    1|  1921|  loop auto-rewind stp (delay=0 clock cycles(s))|
        |grp_AXIvideo2MultiPixStream_Pipeline_loop_wait_for_eol_fu_195    |AXIvideo2MultiPixStream_Pipeline_loop_wait_for_eol    |        2|        2|  13.334 ns|  13.334 ns|    1|     1|  loop auto-rewind stp (delay=0 clock cycles(s))|
        |grp_reg_unsigned_short_s_fu_223                                  |reg_unsigned_short_s                                  |        1|        1|   6.667 ns|   6.667 ns|    1|     1|                                             yes|
        |grp_reg_unsigned_short_s_fu_229                                  |reg_unsigned_short_s                                  |        1|        1|   6.667 ns|   6.667 ns|    1|     1|                                             yes|
        +-----------------------------------------------------------------+------------------------------------------------------+---------+---------+-----------+-----------+-----+------+------------------------------------------------+

        * Loop: 
        +---------------+---------+---------+-----------+-----------+-----------+----------+----------+
        |               |  Latency (cycles) | Iteration |  Initiation Interval  |   Trip   |          |
        |   Loop Name   |   min   |   max   |  Latency  |  achieved |   target  |   Count  | Pipelined|
        +---------------+---------+---------+-----------+-----------+-----------+----------+----------+
        |- loop_height  |        0|  4168800|  10 ~ 1930|          -|          -|  0 ~ 2160|        no|
        +---------------+---------+---------+-----------+-----------+-----------+----------+----------+



================================================================
== Utilization Estimates
================================================================
* Summary: 
+-----------------+---------+------+--------+--------+-----+
|       Name      | BRAM_18K|  DSP |   FF   |   LUT  | URAM|
+-----------------+---------+------+--------+--------+-----+
|DSP              |        -|     -|       -|       -|    -|
|Expression       |        -|     -|       0|      64|    -|
|FIFO             |        -|     -|       -|       -|    -|
|Instance         |        -|     -|     109|     321|    -|
|Memory           |        -|     -|       -|       -|    -|
|Multiplexer      |        -|     -|       0|     114|    -|
|Register         |        -|     -|     107|       -|    -|
+-----------------+---------+------+--------+--------+-----+
|Total            |        0|     0|     216|     499|    0|
+-----------------+---------+------+--------+--------+-----+
|Available        |      288|  1248|  234240|  117120|   64|
+-----------------+---------+------+--------+--------+-----+
|Utilization (%)  |        0|     0|      ~0|      ~0|    0|
+-----------------+---------+------+--------+--------+-----+

+ Detail: 
    * Instance: 
    +-----------------------------------------------------------------+------------------------------------------------------+---------+----+----+-----+-----+
    |                             Instance                            |                        Module                        | BRAM_18K| DSP| FF | LUT | URAM|
    +-----------------------------------------------------------------+------------------------------------------------------+---------+----+----+-----+-----+
    |grp_AXIvideo2MultiPixStream_Pipeline_loop_wait_for_eol_fu_195    |AXIvideo2MultiPixStream_Pipeline_loop_wait_for_eol    |        0|   0|   4|   52|    0|
    |grp_AXIvideo2MultiPixStream_Pipeline_loop_wait_for_start_fu_146  |AXIvideo2MultiPixStream_Pipeline_loop_wait_for_start  |        0|   0|   4|   38|    0|
    |grp_AXIvideo2MultiPixStream_Pipeline_loop_width_fu_166           |AXIvideo2MultiPixStream_Pipeline_loop_width           |        0|   0|  73|  227|    0|
    |grp_reg_unsigned_short_s_fu_223                                  |reg_unsigned_short_s                                  |        0|   0|  14|    2|    0|
    |grp_reg_unsigned_short_s_fu_229                                  |reg_unsigned_short_s                                  |        0|   0|  14|    2|    0|
    +-----------------------------------------------------------------+------------------------------------------------------+---------+----+----+-----+-----+
    |Total                                                            |                                                      |        0|   0| 109|  321|    0|
    +-----------------------------------------------------------------+------------------------------------------------------+---------+----+----+-----+-----+

    * DSP: 
    N/A

    * Memory: 
    N/A

    * FIFO: 
    N/A

    * Expression: 
    +------------------------+----------+----+---+----+------------+------------+
    |      Variable Name     | Operation| DSP| FF| LUT| Bitwidth P0| Bitwidth P1|
    +------------------------+----------+----+---+----+------------+------------+
    |i_2_fu_304_p2           |         +|   0|  0|  19|          12|           1|
    |and_ln365_fu_314_p2     |       and|   0|  0|   2|           1|           1|
    |cmp10400_fu_284_p2      |      icmp|   0|  0|  18|          11|           1|
    |icmp_ln280_fu_299_p2    |      icmp|   0|  0|  19|          12|          12|
    |ap_block_state1         |        or|   0|  0|   2|           1|           1|
    |select_ln365_fu_368_p3  |    select|   0|  0|   2|           1|           1|
    |xor_ln365_fu_290_p2     |       xor|   0|  0|   2|           1|           2|
    +------------------------+----------+----+---+----+------------+------------+
    |Total                   |          |   0|  0|  64|          39|          19|
    +------------------------+----------+----+---+----+------------+------------+

    * Multiplexer: 
    +---------------------+----+-----------+-----+-----------+
    |         Name        | LUT| Input Size| Bits| Total Bits|
    +---------------------+----+-----------+-----+-----------+
    |ap_NS_fsm            |  49|          9|    1|          9|
    |ap_done              |   9|          2|    1|          2|
    |axi_data_2_fu_82     |   9|          2|   48|         96|
    |axi_last_2_reg_136   |   9|          2|    1|          2|
    |i_fu_86              |   9|          2|   12|         24|
    |s_axis_video_TREADY  |  20|          4|    1|          4|
    |sof_reg_124          |   9|          2|    1|          2|
    +---------------------+----+-----------+-----+-----------+
    |Total                | 114|         23|   65|        139|
    +---------------------+----+-----------+-----+-----------+

    * Register: 
    +------------------------------------------------------------------------------+----+----+-----+-----------+
    |                                     Name                                     | FF | LUT| Bits| Const Bits|
    +------------------------------------------------------------------------------+----+----+-----+-----------+
    |and_ln365_reg_497                                                             |   1|   0|    1|          0|
    |ap_CS_fsm                                                                     |   8|   0|    8|          0|
    |ap_done_reg                                                                   |   1|   0|    1|          0|
    |axi_data_2_fu_82                                                              |  48|   0|   48|          0|
    |axi_last_2_reg_136                                                            |   1|   0|    1|          0|
    |axi_last_4_loc_fu_90                                                          |   1|   0|    1|          0|
    |cmp10400_reg_481                                                              |   1|   0|    1|          0|
    |colorFormat_val_read_reg_463                                                  |   3|   0|    3|          0|
    |grp_AXIvideo2MultiPixStream_Pipeline_loop_wait_for_eol_fu_195_ap_start_reg    |   1|   0|    1|          0|
    |grp_AXIvideo2MultiPixStream_Pipeline_loop_wait_for_start_fu_146_ap_start_reg  |   1|   0|    1|          0|
    |grp_AXIvideo2MultiPixStream_Pipeline_loop_width_fu_166_ap_start_reg           |   1|   0|    1|          0|
    |grp_reg_unsigned_short_s_fu_223_ap_start_reg                                  |   1|   0|    1|          0|
    |grp_reg_unsigned_short_s_fu_229_ap_start_reg                                  |   1|   0|    1|          0|
    |i_fu_86                                                                       |  12|   0|   12|          0|
    |rows_reg_468                                                                  |  12|   0|   12|          0|
    |select_ln365_reg_508                                                          |   1|   0|    1|          0|
    |sof_reg_124                                                                   |   1|   0|    1|          0|
    |trunc_ln9_reg_476                                                             |  11|   0|   11|          0|
    |xor_ln365_reg_486                                                             |   1|   0|    1|          0|
    +------------------------------------------------------------------------------+----+----+-----+-----------+
    |Total                                                                         | 107|   0|  107|          0|
    +------------------------------------------------------------------------------+----+----+-----+-----------+



================================================================
== Interface
================================================================
* Summary: 
+---------------------+-----+-----+------------+-------------------------+--------------+
|      RTL Ports      | Dir | Bits|  Protocol  |      Source Object      |    C Type    |
+---------------------+-----+-----+------------+-------------------------+--------------+
|ap_clk               |   in|    1|  ap_ctrl_hs|  AXIvideo2MultiPixStream|  return value|
|ap_rst               |   in|    1|  ap_ctrl_hs|  AXIvideo2MultiPixStream|  return value|
|ap_start             |   in|    1|  ap_ctrl_hs|  AXIvideo2MultiPixStream|  return value|
|ap_done              |  out|    1|  ap_ctrl_hs|  AXIvideo2MultiPixStream|  return value|
|ap_continue          |   in|    1|  ap_ctrl_hs|  AXIvideo2MultiPixStream|  return value|
|ap_idle              |  out|    1|  ap_ctrl_hs|  AXIvideo2MultiPixStream|  return value|
|ap_ready             |  out|    1|  ap_ctrl_hs|  AXIvideo2MultiPixStream|  return value|
|s_axis_video_TDATA   |   in|   48|        axis|    s_axis_video_V_data_V|       pointer|
|s_axis_video_TVALID  |   in|    1|        axis|    s_axis_video_V_dest_V|       pointer|
|s_axis_video_TREADY  |  out|    1|        axis|    s_axis_video_V_dest_V|       pointer|
|s_axis_video_TDEST   |   in|    1|        axis|    s_axis_video_V_dest_V|       pointer|
|s_axis_video_TKEEP   |   in|    6|        axis|    s_axis_video_V_keep_V|       pointer|
|s_axis_video_TSTRB   |   in|    6|        axis|    s_axis_video_V_strb_V|       pointer|
|s_axis_video_TUSER   |   in|    1|        axis|    s_axis_video_V_user_V|       pointer|
|s_axis_video_TLAST   |   in|    1|        axis|    s_axis_video_V_last_V|       pointer|
|s_axis_video_TID     |   in|    1|        axis|      s_axis_video_V_id_V|       pointer|
|img_din              |  out|   48|     ap_fifo|                      img|       pointer|
|img_full_n           |   in|    1|     ap_fifo|                      img|       pointer|
|img_write            |  out|    1|     ap_fifo|                      img|       pointer|
|img_num_data_valid   |   in|    3|     ap_fifo|                      img|       pointer|
|img_fifo_cap         |   in|    3|     ap_fifo|                      img|       pointer|
|Height_val           |   in|   12|   ap_stable|               Height_val|        scalar|
|WidthIn_val          |   in|   12|   ap_stable|              WidthIn_val|        scalar|
|colorFormat_val      |   in|    3|     ap_none|          colorFormat_val|        scalar|
+---------------------+-----+-----+------------+-------------------------+--------------+

============================================================
+ Verbose Summary: Synthesis Manager
============================================================
InlineROM: 1
ExposeGlobal: 0
============================================================
+ Verbose Summary: CDFG Model
============================================================
IsTopModel: 0
ResetActiveHigh: 1
IsCombinational: 2
IsDatapathOnly: 0
HasWiredReturn: 1
HasMFsm: 0
HasVarLatency: 1
IsPipeline: 0
IsRtlPipelined: 0
IsInstanceOverlapped: 0
IsDontTouch: 0
HasImplIP: 0
IsGatedGlobalClock: 0


============================================================
+ Verbose Summary: Schedule
============================================================
* Number of FSM states : 8
* Pipeline : 0
* Dataflow Pipeline: 0

* FSM state transitions: 
1 --> 2 
2 --> 3 
3 --> 4 
4 --> 5 
5 --> 6 
6 --> 7 
7 --> 8 
8 --> 4 

* FSM state operations: 

State 1 <SV = 0> <Delay = 0.50>
ST_1 : Operation 9 [1/1] (0.00ns)   --->   "%axi_data_2 = alloca i32 1" [/home/izaan/GitRepos/dpdma_exdes/vivado_quad_vmix/kv260_quad_vmix_dp.runs/bd_quad_vmix_dp_v_frmbuf_wr_0_0_synth_1/prj/sol/.autopilot/db/v_frmbuf_wr.cpp:253]   --->   Operation 9 'alloca' 'axi_data_2' <Predicate = true> <Delay = 0.00>
ST_1 : Operation 10 [1/1] (0.00ns)   --->   "%i = alloca i32 1" [/home/izaan/GitRepos/dpdma_exdes/vivado_quad_vmix/kv260_quad_vmix_dp.runs/bd_quad_vmix_dp_v_frmbuf_wr_0_0_synth_1/prj/sol/.autopilot/db/v_frmbuf_wr.cpp:280]   --->   Operation 10 'alloca' 'i' <Predicate = true> <Delay = 0.00>
ST_1 : Operation 11 [1/1] (0.00ns)   --->   "%axi_last_4_loc = alloca i32 1"   --->   Operation 11 'alloca' 'axi_last_4_loc' <Predicate = true> <Delay = 0.00>
ST_1 : Operation 12 [1/1] (0.00ns)   --->   "%axi_data_3_loc = alloca i32 1"   --->   Operation 12 'alloca' 'axi_data_3_loc' <Predicate = true> <Delay = 0.00>
ST_1 : Operation 13 [1/1] (0.00ns)   --->   "%eol_loc = alloca i32 1"   --->   Operation 13 'alloca' 'eol_loc' <Predicate = true> <Delay = 0.00>
ST_1 : Operation 14 [1/1] (0.00ns)   --->   "%axi_last_loc = alloca i32 1"   --->   Operation 14 'alloca' 'axi_last_loc' <Predicate = true> <Delay = 0.00>
ST_1 : Operation 15 [2/2] (0.50ns)   --->   "%call_ln0 = call void @AXIvideo2MultiPixStream_Pipeline_loop_wait_for_start, i48 %s_axis_video_V_data_V, i6 %s_axis_video_V_keep_V, i6 %s_axis_video_V_strb_V, i1 %s_axis_video_V_user_V, i1 %s_axis_video_V_last_V, i1 %s_axis_video_V_id_V, i1 %s_axis_video_V_dest_V, i48 %axi_data_2, i1 %axi_last_loc"   --->   Operation 15 'call' 'call_ln0' <Predicate = true> <Delay = 0.50> <CoreType = "Generic">   --->   Generic Core
ST_1 : Operation 16 [1/1] (0.42ns)   --->   "%store_ln280 = store i12 0, i12 %i" [/home/izaan/GitRepos/dpdma_exdes/vivado_quad_vmix/kv260_quad_vmix_dp.runs/bd_quad_vmix_dp_v_frmbuf_wr_0_0_synth_1/prj/sol/.autopilot/db/v_frmbuf_wr.cpp:280]   --->   Operation 16 'store' 'store_ln280' <Predicate = true> <Delay = 0.42>

State 2 <SV = 1> <Delay = 0.85>
ST_2 : Operation 17 [1/1] (0.00ns)   --->   "%WidthIn_val_read = read i12 @_ssdm_op_Read.ap_auto.i12, i12 %WidthIn_val"   --->   Operation 17 'read' 'WidthIn_val_read' <Predicate = true> <Delay = 0.00>
ST_2 : Operation 18 [1/1] (0.00ns)   --->   "%Height_val_read = read i12 @_ssdm_op_Read.ap_auto.i12, i12 %Height_val"   --->   Operation 18 'read' 'Height_val_read' <Predicate = true> <Delay = 0.00>
ST_2 : Operation 19 [2/2] (0.00ns)   --->   "%rows = call i12 @reg<unsigned short>, i12 %Height_val_read" [/home/izaan/GitRepos/dpdma_exdes/vivado_quad_vmix/kv260_quad_vmix_dp.runs/bd_quad_vmix_dp_v_frmbuf_wr_0_0_synth_1/prj/sol/.autopilot/db/v_frmbuf_wr.cpp:257]   --->   Operation 19 'call' 'rows' <Predicate = true> <Delay = 0.00> <CoreType = "Generic">   --->   Generic Core
ST_2 : Operation 20 [2/2] (0.00ns)   --->   "%cols = call i12 @reg<unsigned short>, i12 %WidthIn_val_read" [/home/izaan/GitRepos/dpdma_exdes/vivado_quad_vmix/kv260_quad_vmix_dp.runs/bd_quad_vmix_dp_v_frmbuf_wr_0_0_synth_1/prj/sol/.autopilot/db/v_frmbuf_wr.cpp:258]   --->   Operation 20 'call' 'cols' <Predicate = true> <Delay = 0.00> <CoreType = "Generic">   --->   Generic Core
ST_2 : Operation 21 [1/2] (0.85ns)   --->   "%call_ln0 = call void @AXIvideo2MultiPixStream_Pipeline_loop_wait_for_start, i48 %s_axis_video_V_data_V, i6 %s_axis_video_V_keep_V, i6 %s_axis_video_V_strb_V, i1 %s_axis_video_V_user_V, i1 %s_axis_video_V_last_V, i1 %s_axis_video_V_id_V, i1 %s_axis_video_V_dest_V, i48 %axi_data_2, i1 %axi_last_loc"   --->   Operation 21 'call' 'call_ln0' <Predicate = true> <Delay = 0.85> <CoreType = "Generic">   --->   Generic Core

State 3 <SV = 2> <Delay = 1.08>
ST_3 : Operation 22 [1/1] (0.00ns)   --->   "%colorFormat_val_read = read i3 @_ssdm_op_Read.ap_auto.i3, i3 %colorFormat_val"   --->   Operation 22 'read' 'colorFormat_val_read' <Predicate = true> <Delay = 0.00>
ST_3 : Operation 23 [1/1] (0.00ns)   --->   "%specaxissidechannel_ln0 = specaxissidechannel void @_ssdm_op_SpecAXISSideChannel, i48 %s_axis_video_V_data_V, i6 %s_axis_video_V_keep_V, i6 %s_axis_video_V_strb_V, i1 %s_axis_video_V_user_V, i1 %s_axis_video_V_last_V, i1 %s_axis_video_V_id_V, i1 %s_axis_video_V_dest_V, void @empty_10"   --->   Operation 23 'specaxissidechannel' 'specaxissidechannel_ln0' <Predicate = true> <Delay = 0.00>
ST_3 : Operation 24 [1/1] (0.00ns)   --->   "%specstablecontent_ln0 = specstablecontent void @_ssdm_op_SpecStableContent, i12 %Height_val, void "   --->   Operation 24 'specstablecontent' 'specstablecontent_ln0' <Predicate = true> <Delay = 0.00>
ST_3 : Operation 25 [1/1] (0.00ns)   --->   "%specstablecontent_ln0 = specstablecontent void @_ssdm_op_SpecStableContent, i12 %WidthIn_val, void "   --->   Operation 25 'specstablecontent' 'specstablecontent_ln0' <Predicate = true> <Delay = 0.00>
ST_3 : Operation 26 [1/1] (0.00ns)   --->   "%specinterface_ln0 = specinterface void @_ssdm_op_SpecInterface, i48 %img, void @empty_19, i32 0, i32 0, void @empty_1, i32 0, i32 0, void @empty_1, void @empty_1, void @empty_1, i32 0, i32 0, i32 0, i32 0, void @empty_1, void @empty_1, i32 4294967295, i32 0, i32 0"   --->   Operation 26 'specinterface' 'specinterface_ln0' <Predicate = true> <Delay = 0.00>
ST_3 : Operation 27 [1/1] (0.00ns)   --->   "%specinterface_ln0 = specinterface void @_ssdm_op_SpecInterface, i48 %s_axis_video_V_data_V, i6 %s_axis_video_V_keep_V, i6 %s_axis_video_V_strb_V, i1 %s_axis_video_V_user_V, i1 %s_axis_video_V_last_V, i1 %s_axis_video_V_id_V, i1 %s_axis_video_V_dest_V, void @empty_11, i32 0, i32 0, void @empty_5, i32 0, i32 0, void @empty_1, void @empty_1, void @empty_1, i32 0, i32 0, i32 0, i32 0, void @empty_1, void @empty_1, i32 4294967295, i32 0, i32 0"   --->   Operation 27 'specinterface' 'specinterface_ln0' <Predicate = true> <Delay = 0.00>
ST_3 : Operation 28 [1/2] (0.00ns)   --->   "%rows = call i12 @reg<unsigned short>, i12 %Height_val_read" [/home/izaan/GitRepos/dpdma_exdes/vivado_quad_vmix/kv260_quad_vmix_dp.runs/bd_quad_vmix_dp_v_frmbuf_wr_0_0_synth_1/prj/sol/.autopilot/db/v_frmbuf_wr.cpp:257]   --->   Operation 28 'call' 'rows' <Predicate = true> <Delay = 0.00> <CoreType = "Generic">   --->   Generic Core
ST_3 : Operation 29 [1/2] (0.00ns)   --->   "%cols = call i12 @reg<unsigned short>, i12 %WidthIn_val_read" [/home/izaan/GitRepos/dpdma_exdes/vivado_quad_vmix/kv260_quad_vmix_dp.runs/bd_quad_vmix_dp_v_frmbuf_wr_0_0_synth_1/prj/sol/.autopilot/db/v_frmbuf_wr.cpp:258]   --->   Operation 29 'call' 'cols' <Predicate = true> <Delay = 0.00> <CoreType = "Generic">   --->   Generic Core
ST_3 : Operation 30 [1/1] (0.00ns)   --->   "%fence_ln253 = fence void @_ssdm_op_Fence, i48 %s_axis_video_V_data_V, i6 %s_axis_video_V_keep_V, i6 %s_axis_video_V_strb_V, i1 %s_axis_video_V_user_V, i1 %s_axis_video_V_last_V, i1 %s_axis_video_V_id_V, i1 %s_axis_video_V_dest_V, i32 4294967295, i48 %s_axis_video_V_data_V, i6 %s_axis_video_V_keep_V, i6 %s_axis_video_V_strb_V, i1 %s_axis_video_V_user_V, i1 %s_axis_video_V_last_V, i1 %s_axis_video_V_id_V, i1 %s_axis_video_V_dest_V, i48 %img" [/home/izaan/GitRepos/dpdma_exdes/vivado_quad_vmix/kv260_quad_vmix_dp.runs/bd_quad_vmix_dp_v_frmbuf_wr_0_0_synth_1/prj/sol/.autopilot/db/v_frmbuf_wr.cpp:253]   --->   Operation 30 'fence' 'fence_ln253' <Predicate = true> <Delay = 0.00>
ST_3 : Operation 31 [1/1] (0.00ns)   --->   "%axi_last_loc_load = load i1 %axi_last_loc"   --->   Operation 31 'load' 'axi_last_loc_load' <Predicate = true> <Delay = 0.00>
ST_3 : Operation 32 [1/1] (0.00ns)   --->   "%trunc_ln9 = partselect i11 @_ssdm_op_PartSelect.i11.i12.i32.i32, i12 %cols, i32 1, i32 11" [/home/izaan/GitRepos/dpdma_exdes/vivado_quad_vmix/kv260_quad_vmix_dp.runs/bd_quad_vmix_dp_v_frmbuf_wr_0_0_synth_1/prj/sol/.autopilot/db/v_frmbuf_wr.cpp:253]   --->   Operation 32 'partselect' 'trunc_ln9' <Predicate = true> <Delay = 0.00>
ST_3 : Operation 33 [1/1] (0.79ns)   --->   "%cmp10400 = icmp_ne  i11 %trunc_ln9, i11 0" [/home/izaan/GitRepos/dpdma_exdes/vivado_quad_vmix/kv260_quad_vmix_dp.runs/bd_quad_vmix_dp_v_frmbuf_wr_0_0_synth_1/prj/sol/.autopilot/db/v_frmbuf_wr.cpp:253]   --->   Operation 33 'icmp' 'cmp10400' <Predicate = true> <Delay = 0.79> <CoreInst = "Cmp">   --->   Core 9 'Cmp' <Latency = 0> <II = 1> <Delay = 0.79> <FuncUnit> <Opcode : 'seteq' 'setne' 'setle' 'setge' 'setlt' 'setgt'> <InPorts = 2> <OutPorts = 1>
ST_3 : Operation 34 [1/1] (0.28ns)   --->   "%xor_ln365 = xor i1 %cmp10400, i1 1" [/home/izaan/GitRepos/dpdma_exdes/vivado_quad_vmix/kv260_quad_vmix_dp.runs/bd_quad_vmix_dp_v_frmbuf_wr_0_0_synth_1/prj/sol/.autopilot/db/v_frmbuf_wr.cpp:365]   --->   Operation 34 'xor' 'xor_ln365' <Predicate = true> <Delay = 0.28> <CoreInst = "LogicGate">   --->   Core 74 'LogicGate' <Latency = 0> <II = 1> <Delay = 0.28> <FuncUnit> <Opcode : 'and' 'or' 'xor'> <InPorts = 2> <OutPorts = 1>
ST_3 : Operation 35 [1/1] (0.42ns)   --->   "%br_ln280 = br void %loop_width" [/home/izaan/GitRepos/dpdma_exdes/vivado_quad_vmix/kv260_quad_vmix_dp.runs/bd_quad_vmix_dp_v_frmbuf_wr_0_0_synth_1/prj/sol/.autopilot/db/v_frmbuf_wr.cpp:280]   --->   Operation 35 'br' 'br_ln280' <Predicate = true> <Delay = 0.42>

State 4 <SV = 3> <Delay = 2.03>
ST_4 : Operation 36 [1/1] (0.00ns)   --->   "%sof = phi i1 1, void %entry, i1 %and_ln365, void %loop_width.split" [/home/izaan/GitRepos/dpdma_exdes/vivado_quad_vmix/kv260_quad_vmix_dp.runs/bd_quad_vmix_dp_v_frmbuf_wr_0_0_synth_1/prj/sol/.autopilot/db/v_frmbuf_wr.cpp:365]   --->   Operation 36 'phi' 'sof' <Predicate = true> <Delay = 0.00>
ST_4 : Operation 37 [1/1] (0.00ns)   --->   "%axi_last_2 = phi i1 %axi_last_loc_load, void %entry, i1 %axi_last_4_loc_load, void %loop_width.split"   --->   Operation 37 'phi' 'axi_last_2' <Predicate = true> <Delay = 0.00>
ST_4 : Operation 38 [1/1] (0.00ns)   --->   "%i_1 = load i12 %i" [/home/izaan/GitRepos/dpdma_exdes/vivado_quad_vmix/kv260_quad_vmix_dp.runs/bd_quad_vmix_dp_v_frmbuf_wr_0_0_synth_1/prj/sol/.autopilot/db/v_frmbuf_wr.cpp:280]   --->   Operation 38 'load' 'i_1' <Predicate = true> <Delay = 0.00>
ST_4 : Operation 39 [1/1] (0.80ns)   --->   "%icmp_ln280 = icmp_eq  i12 %i_1, i12 %rows" [/home/izaan/GitRepos/dpdma_exdes/vivado_quad_vmix/kv260_quad_vmix_dp.runs/bd_quad_vmix_dp_v_frmbuf_wr_0_0_synth_1/prj/sol/.autopilot/db/v_frmbuf_wr.cpp:280]   --->   Operation 39 'icmp' 'icmp_ln280' <Predicate = true> <Delay = 0.80> <CoreInst = "Cmp">   --->   Core 9 'Cmp' <Latency = 0> <II = 1> <Delay = 0.80> <FuncUnit> <Opcode : 'seteq' 'setne' 'setle' 'setge' 'setlt' 'setgt'> <InPorts = 2> <OutPorts = 1>
ST_4 : Operation 40 [1/1] (0.00ns)   --->   "%speclooptripcount_ln0 = speclooptripcount void @_ssdm_op_SpecLoopTripCount, i64 0, i64 2160, i64 0"   --->   Operation 40 'speclooptripcount' 'speclooptripcount_ln0' <Predicate = true> <Delay = 0.00>
ST_4 : Operation 41 [1/1] (0.80ns)   --->   "%i_2 = add i12 %i_1, i12 1" [/home/izaan/GitRepos/dpdma_exdes/vivado_quad_vmix/kv260_quad_vmix_dp.runs/bd_quad_vmix_dp_v_frmbuf_wr_0_0_synth_1/prj/sol/.autopilot/db/v_frmbuf_wr.cpp:280]   --->   Operation 41 'add' 'i_2' <Predicate = true> <Delay = 0.80> <CoreInst = "Adder">   --->   Core 1 'Adder' <Latency = 0> <II = 1> <Delay = 0.80> <FuncUnit> <Opcode : 'add' 'sub'> <InPorts = 2> <OutPorts = 1>
ST_4 : Operation 42 [1/1] (0.00ns)   --->   "%br_ln280 = br i1 %icmp_ln280, void %loop_width.split, void %for.end71.loopexit" [/home/izaan/GitRepos/dpdma_exdes/vivado_quad_vmix/kv260_quad_vmix_dp.runs/bd_quad_vmix_dp_v_frmbuf_wr_0_0_synth_1/prj/sol/.autopilot/db/v_frmbuf_wr.cpp:280]   --->   Operation 42 'br' 'br_ln280' <Predicate = true> <Delay = 0.00>
ST_4 : Operation 43 [1/1] (0.00ns)   --->   "%axi_data_2_load = load i48 %axi_data_2"   --->   Operation 43 'load' 'axi_data_2_load' <Predicate = (!icmp_ln280)> <Delay = 0.00>
ST_4 : Operation 44 [2/2] (1.22ns)   --->   "%call_ln365 = call void @AXIvideo2MultiPixStream_Pipeline_loop_width, i1 %sof, i1 %axi_last_2, i48 %axi_data_2_load, i11 %trunc_ln9, i3 %colorFormat_val_read, i48 %img, i48 %s_axis_video_V_data_V, i6 %s_axis_video_V_keep_V, i6 %s_axis_video_V_strb_V, i1 %s_axis_video_V_user_V, i1 %s_axis_video_V_last_V, i1 %s_axis_video_V_id_V, i1 %s_axis_video_V_dest_V, i1 %eol_loc, i48 %axi_data_3_loc" [/home/izaan/GitRepos/dpdma_exdes/vivado_quad_vmix/kv260_quad_vmix_dp.runs/bd_quad_vmix_dp_v_frmbuf_wr_0_0_synth_1/prj/sol/.autopilot/db/v_frmbuf_wr.cpp:365]   --->   Operation 44 'call' 'call_ln365' <Predicate = (!icmp_ln280)> <Delay = 1.22> <CoreType = "Generic">   --->   Generic Core
ST_4 : Operation 45 [1/1] (0.28ns)   --->   "%and_ln365 = and i1 %sof, i1 %xor_ln365" [/home/izaan/GitRepos/dpdma_exdes/vivado_quad_vmix/kv260_quad_vmix_dp.runs/bd_quad_vmix_dp_v_frmbuf_wr_0_0_synth_1/prj/sol/.autopilot/db/v_frmbuf_wr.cpp:365]   --->   Operation 45 'and' 'and_ln365' <Predicate = (!icmp_ln280)> <Delay = 0.28> <CoreInst = "LogicGate">   --->   Core 74 'LogicGate' <Latency = 0> <II = 1> <Delay = 0.28> <FuncUnit> <Opcode : 'and' 'or' 'xor'> <InPorts = 2> <OutPorts = 1>
ST_4 : Operation 46 [1/1] (0.42ns)   --->   "%store_ln280 = store i12 %i_2, i12 %i" [/home/izaan/GitRepos/dpdma_exdes/vivado_quad_vmix/kv260_quad_vmix_dp.runs/bd_quad_vmix_dp_v_frmbuf_wr_0_0_synth_1/prj/sol/.autopilot/db/v_frmbuf_wr.cpp:280]   --->   Operation 46 'store' 'store_ln280' <Predicate = (!icmp_ln280)> <Delay = 0.42>
ST_4 : Operation 47 [1/1] (0.00ns)   --->   "%ret_ln0 = ret"   --->   Operation 47 'ret' 'ret_ln0' <Predicate = (icmp_ln280)> <Delay = 0.00>

State 5 <SV = 4> <Delay = 0.00>
ST_5 : Operation 48 [1/2] (0.00ns)   --->   "%call_ln365 = call void @AXIvideo2MultiPixStream_Pipeline_loop_width, i1 %sof, i1 %axi_last_2, i48 %axi_data_2_load, i11 %trunc_ln9, i3 %colorFormat_val_read, i48 %img, i48 %s_axis_video_V_data_V, i6 %s_axis_video_V_keep_V, i6 %s_axis_video_V_strb_V, i1 %s_axis_video_V_user_V, i1 %s_axis_video_V_last_V, i1 %s_axis_video_V_id_V, i1 %s_axis_video_V_dest_V, i1 %eol_loc, i48 %axi_data_3_loc" [/home/izaan/GitRepos/dpdma_exdes/vivado_quad_vmix/kv260_quad_vmix_dp.runs/bd_quad_vmix_dp_v_frmbuf_wr_0_0_synth_1/prj/sol/.autopilot/db/v_frmbuf_wr.cpp:365]   --->   Operation 48 'call' 'call_ln365' <Predicate = true> <Delay = 0.00> <CoreType = "Generic">   --->   Generic Core

State 6 <SV = 5> <Delay = 0.68>
ST_6 : Operation 49 [1/1] (0.00ns)   --->   "%fence_ln365 = fence void @_ssdm_op_Fence, i48 %s_axis_video_V_data_V, i6 %s_axis_video_V_keep_V, i6 %s_axis_video_V_strb_V, i1 %s_axis_video_V_user_V, i1 %s_axis_video_V_last_V, i1 %s_axis_video_V_id_V, i1 %s_axis_video_V_dest_V, i48 %img, i32 4294967295, i48 %s_axis_video_V_data_V, i6 %s_axis_video_V_keep_V, i6 %s_axis_video_V_strb_V, i1 %s_axis_video_V_user_V, i1 %s_axis_video_V_last_V, i1 %s_axis_video_V_id_V, i1 %s_axis_video_V_dest_V" [/home/izaan/GitRepos/dpdma_exdes/vivado_quad_vmix/kv260_quad_vmix_dp.runs/bd_quad_vmix_dp_v_frmbuf_wr_0_0_synth_1/prj/sol/.autopilot/db/v_frmbuf_wr.cpp:365]   --->   Operation 49 'fence' 'fence_ln365' <Predicate = true> <Delay = 0.00>
ST_6 : Operation 50 [1/1] (0.00ns)   --->   "%eol_loc_load = load i1 %eol_loc"   --->   Operation 50 'load' 'eol_loc_load' <Predicate = true> <Delay = 0.00>
ST_6 : Operation 51 [1/1] (0.00ns)   --->   "%axi_data_3_loc_load = load i48 %axi_data_3_loc"   --->   Operation 51 'load' 'axi_data_3_loc_load' <Predicate = true> <Delay = 0.00>
ST_6 : Operation 52 [1/1] (0.17ns)   --->   "%select_ln365 = select i1 %cmp10400, i1 %eol_loc_load, i1 %axi_last_2" [/home/izaan/GitRepos/dpdma_exdes/vivado_quad_vmix/kv260_quad_vmix_dp.runs/bd_quad_vmix_dp_v_frmbuf_wr_0_0_synth_1/prj/sol/.autopilot/db/v_frmbuf_wr.cpp:365]   --->   Operation 52 'select' 'select_ln365' <Predicate = true> <Delay = 0.17> <CoreInst = "Sel">   --->   Core 73 'Sel' <Latency = 0> <II = 1> <Delay = 0.17> <FuncUnit> <Opcode : 'select'> <InPorts = 3> <OutPorts = 1>
ST_6 : Operation 53 [1/1] (0.00ns)   --->   "%fence_ln365 = fence void @_ssdm_op_Fence, i48 %s_axis_video_V_data_V, i6 %s_axis_video_V_keep_V, i6 %s_axis_video_V_strb_V, i1 %s_axis_video_V_user_V, i1 %s_axis_video_V_last_V, i1 %s_axis_video_V_id_V, i1 %s_axis_video_V_dest_V, i48 %img, i32 4294967295, i48 %s_axis_video_V_data_V, i6 %s_axis_video_V_keep_V, i6 %s_axis_video_V_strb_V, i1 %s_axis_video_V_user_V, i1 %s_axis_video_V_last_V, i1 %s_axis_video_V_id_V, i1 %s_axis_video_V_dest_V" [/home/izaan/GitRepos/dpdma_exdes/vivado_quad_vmix/kv260_quad_vmix_dp.runs/bd_quad_vmix_dp_v_frmbuf_wr_0_0_synth_1/prj/sol/.autopilot/db/v_frmbuf_wr.cpp:365]   --->   Operation 53 'fence' 'fence_ln365' <Predicate = true> <Delay = 0.00>
ST_6 : Operation 54 [2/2] (0.50ns)   --->   "%call_ln365 = call void @AXIvideo2MultiPixStream_Pipeline_loop_wait_for_eol, i48 %axi_data_3_loc_load, i1 %select_ln365, i1 %eol_loc_load, i48 %s_axis_video_V_data_V, i6 %s_axis_video_V_keep_V, i6 %s_axis_video_V_strb_V, i1 %s_axis_video_V_user_V, i1 %s_axis_video_V_last_V, i1 %s_axis_video_V_id_V, i1 %s_axis_video_V_dest_V, i48 %axi_data_2, i1 %axi_last_4_loc" [/home/izaan/GitRepos/dpdma_exdes/vivado_quad_vmix/kv260_quad_vmix_dp.runs/bd_quad_vmix_dp_v_frmbuf_wr_0_0_synth_1/prj/sol/.autopilot/db/v_frmbuf_wr.cpp:365]   --->   Operation 54 'call' 'call_ln365' <Predicate = true> <Delay = 0.50> <CoreType = "Generic">   --->   Generic Core

State 7 <SV = 6> <Delay = 0.85>
ST_7 : Operation 55 [1/2] (0.85ns)   --->   "%call_ln365 = call void @AXIvideo2MultiPixStream_Pipeline_loop_wait_for_eol, i48 %axi_data_3_loc_load, i1 %select_ln365, i1 %eol_loc_load, i48 %s_axis_video_V_data_V, i6 %s_axis_video_V_keep_V, i6 %s_axis_video_V_strb_V, i1 %s_axis_video_V_user_V, i1 %s_axis_video_V_last_V, i1 %s_axis_video_V_id_V, i1 %s_axis_video_V_dest_V, i48 %axi_data_2, i1 %axi_last_4_loc" [/home/izaan/GitRepos/dpdma_exdes/vivado_quad_vmix/kv260_quad_vmix_dp.runs/bd_quad_vmix_dp_v_frmbuf_wr_0_0_synth_1/prj/sol/.autopilot/db/v_frmbuf_wr.cpp:365]   --->   Operation 55 'call' 'call_ln365' <Predicate = true> <Delay = 0.85> <CoreType = "Generic">   --->   Generic Core

State 8 <SV = 7> <Delay = 0.00>
ST_8 : Operation 56 [1/1] (0.00ns)   --->   "%specloopname_ln280 = specloopname void @_ssdm_op_SpecLoopName, void @empty_22" [/home/izaan/GitRepos/dpdma_exdes/vivado_quad_vmix/kv260_quad_vmix_dp.runs/bd_quad_vmix_dp_v_frmbuf_wr_0_0_synth_1/prj/sol/.autopilot/db/v_frmbuf_wr.cpp:280]   --->   Operation 56 'specloopname' 'specloopname_ln280' <Predicate = true> <Delay = 0.00>
ST_8 : Operation 57 [1/1] (0.00ns)   --->   "%axi_last_4_loc_load = load i1 %axi_last_4_loc"   --->   Operation 57 'load' 'axi_last_4_loc_load' <Predicate = true> <Delay = 0.00>
ST_8 : Operation 58 [1/1] (0.00ns)   --->   "%br_ln280 = br void %loop_width" [/home/izaan/GitRepos/dpdma_exdes/vivado_quad_vmix/kv260_quad_vmix_dp.runs/bd_quad_vmix_dp_v_frmbuf_wr_0_0_synth_1/prj/sol/.autopilot/db/v_frmbuf_wr.cpp:280]   --->   Operation 58 'br' 'br_ln280' <Predicate = true> <Delay = 0.00>


============================================================
+ Verbose Summary: Binding
============================================================
STG Binding: 
---------------- STG Properties BEGIN ----------------
- Is combinational: 0
- Is one-state seq: 0
- Is datapath-only: 0
- Is pipelined: 0
- Is top level: 0
Port [ Return ] is wired: 1; IO mode=ap_ctrl_hs:ce=0
Port [ s_axis_video_V_data_V]:  wired=1; compound=1; hidden=0; nouse=0; global=0; static=0; extern=0; dir=0; type=0; pingpong=0; private_global=0; IO mode=axis:ce=0
Port [ s_axis_video_V_keep_V]:  wired=1; compound=1; hidden=0; nouse=0; global=0; static=0; extern=0; dir=0; type=0; pingpong=0; private_global=0; IO mode=axis:ce=0
Port [ s_axis_video_V_strb_V]:  wired=1; compound=1; hidden=0; nouse=0; global=0; static=0; extern=0; dir=0; type=0; pingpong=0; private_global=0; IO mode=axis:ce=0
Port [ s_axis_video_V_user_V]:  wired=1; compound=1; hidden=0; nouse=0; global=0; static=0; extern=0; dir=0; type=0; pingpong=0; private_global=0; IO mode=axis:ce=0
Port [ s_axis_video_V_last_V]:  wired=1; compound=1; hidden=0; nouse=0; global=0; static=0; extern=0; dir=0; type=0; pingpong=0; private_global=0; IO mode=axis:ce=0
Port [ s_axis_video_V_id_V]:  wired=1; compound=1; hidden=0; nouse=0; global=0; static=0; extern=0; dir=0; type=0; pingpong=0; private_global=0; IO mode=axis:ce=0
Port [ s_axis_video_V_dest_V]:  wired=1; compound=1; hidden=0; nouse=0; global=0; static=0; extern=0; dir=0; type=0; pingpong=0; private_global=0; IO mode=axis:ce=0
Port [ img]:  wired=1; compound=1; hidden=0; nouse=0; global=0; static=0; extern=0; dir=1; type=3; pingpong=0; private_global=0; IO mode=ap_fifo:ce=0
Port [ Height_val]:  wired=1; compound=0; hidden=0; nouse=0; global=0; static=0; extern=0; dir=0; type=0; pingpong=0; private_global=0; IO mode=ap_stable:ce=0
Port [ WidthIn_val]:  wired=1; compound=0; hidden=0; nouse=0; global=0; static=0; extern=0; dir=0; type=0; pingpong=0; private_global=0; IO mode=ap_stable:ce=0
Port [ colorFormat_val]:  wired=1; compound=0; hidden=0; nouse=0; global=0; static=0; extern=0; dir=0; type=0; pingpong=0; private_global=0; IO mode=ap_none:ce=0
---------------- STG Properties END ------------------

---------------- Datapath Model BEGIN ----------------

<LifeTime>
<method=bitvector/>
axi_data_2              (alloca             ) [ 011111111]
i                       (alloca             ) [ 011111111]
axi_last_4_loc          (alloca             ) [ 001111111]
axi_data_3_loc          (alloca             ) [ 001111111]
eol_loc                 (alloca             ) [ 001111111]
axi_last_loc            (alloca             ) [ 011100000]
store_ln280             (store              ) [ 000000000]
WidthIn_val_read        (read               ) [ 000100000]
Height_val_read         (read               ) [ 000100000]
call_ln0                (call               ) [ 000000000]
colorFormat_val_read    (read               ) [ 000011111]
specaxissidechannel_ln0 (specaxissidechannel) [ 000000000]
specstablecontent_ln0   (specstablecontent  ) [ 000000000]
specstablecontent_ln0   (specstablecontent  ) [ 000000000]
specinterface_ln0       (specinterface      ) [ 000000000]
specinterface_ln0       (specinterface      ) [ 000000000]
rows                    (call               ) [ 000011111]
cols                    (call               ) [ 000000000]
fence_ln253             (fence              ) [ 000000000]
axi_last_loc_load       (load               ) [ 000111111]
trunc_ln9               (partselect         ) [ 000011111]
cmp10400                (icmp               ) [ 000011111]
xor_ln365               (xor                ) [ 000011111]
br_ln280                (br                 ) [ 000111111]
sof                     (phi                ) [ 000011000]
axi_last_2              (phi                ) [ 000011100]
i_1                     (load               ) [ 000000000]
icmp_ln280              (icmp               ) [ 000011111]
speclooptripcount_ln0   (speclooptripcount  ) [ 000000000]
i_2                     (add                ) [ 000000000]
br_ln280                (br                 ) [ 000000000]
axi_data_2_load         (load               ) [ 000001000]
and_ln365               (and                ) [ 000111111]
store_ln280             (store              ) [ 000000000]
ret_ln0                 (ret                ) [ 000000000]
call_ln365              (call               ) [ 000000000]
fence_ln365             (fence              ) [ 000000000]
eol_loc_load            (load               ) [ 000000010]
axi_data_3_loc_load     (load               ) [ 000000010]
select_ln365            (select             ) [ 000000010]
fence_ln365             (fence              ) [ 000000000]
call_ln365              (call               ) [ 000000000]
specloopname_ln280      (specloopname       ) [ 000000000]
axi_last_4_loc_load     (load               ) [ 000111111]
br_ln280                (br                 ) [ 000111111]
</LifeTime>

<model>

<comp_list>
<comp id="0" class="1000" name="s_axis_video_V_data_V">
<pin_list>
<pin id="1" dir="1" index="0" bw="1" slack="0"/>
</pin_list>
<bind>
<StgValue><ssdm name="s_axis_video_V_data_V"/></StgValue>
</bind>
</comp>

<comp id="2" class="1000" name="s_axis_video_V_keep_V">
<pin_list>
<pin id="3" dir="1" index="0" bw="1" slack="0"/>
</pin_list>
<bind>
<StgValue><ssdm name="s_axis_video_V_keep_V"/></StgValue>
</bind>
</comp>

<comp id="4" class="1000" name="s_axis_video_V_strb_V">
<pin_list>
<pin id="5" dir="1" index="0" bw="1" slack="0"/>
</pin_list>
<bind>
<StgValue><ssdm name="s_axis_video_V_strb_V"/></StgValue>
</bind>
</comp>

<comp id="6" class="1000" name="s_axis_video_V_user_V">
<pin_list>
<pin id="7" dir="1" index="0" bw="1" slack="0"/>
</pin_list>
<bind>
<StgValue><ssdm name="s_axis_video_V_user_V"/></StgValue>
</bind>
</comp>

<comp id="8" class="1000" name="s_axis_video_V_last_V">
<pin_list>
<pin id="9" dir="1" index="0" bw="1" slack="0"/>
</pin_list>
<bind>
<StgValue><ssdm name="s_axis_video_V_last_V"/></StgValue>
</bind>
</comp>

<comp id="10" class="1000" name="s_axis_video_V_id_V">
<pin_list>
<pin id="11" dir="1" index="0" bw="1" slack="0"/>
</pin_list>
<bind>
<StgValue><ssdm name="s_axis_video_V_id_V"/></StgValue>
</bind>
</comp>

<comp id="12" class="1000" name="s_axis_video_V_dest_V">
<pin_list>
<pin id="13" dir="1" index="0" bw="1" slack="0"/>
</pin_list>
<bind>
<StgValue><ssdm name="s_axis_video_V_dest_V"/></StgValue>
</bind>
</comp>

<comp id="14" class="1000" name="img">
<pin_list>
<pin id="15" dir="1" index="0" bw="1" slack="0"/>
</pin_list>
<bind>
<StgValue><ssdm name="img"/></StgValue>
</bind>
</comp>

<comp id="16" class="1000" name="Height_val">
<pin_list>
<pin id="17" dir="1" index="0" bw="1" slack="0"/>
</pin_list>
<bind>
<StgValue><ssdm name="Height_val"/></StgValue>
</bind>
</comp>

<comp id="18" class="1000" name="WidthIn_val">
<pin_list>
<pin id="19" dir="1" index="0" bw="1" slack="0"/>
</pin_list>
<bind>
<StgValue><ssdm name="WidthIn_val"/></StgValue>
</bind>
</comp>

<comp id="20" class="1000" name="colorFormat_val">
<pin_list>
<pin id="21" dir="1" index="0" bw="1" slack="0"/>
</pin_list>
<bind>
<StgValue><ssdm name="colorFormat_val"/></StgValue>
</bind>
</comp>

<comp id="22" class="1001" name="const_22">
<pin_list>
<pin id="23" dir="1" index="0" bw="1" slack="0"/>
</pin_list>
<bind>
<StgValue><ssdm name=""/></StgValue>
</bind>
</comp>

<comp id="24" class="1001" name="const_24">
<pin_list>
<pin id="25" dir="1" index="0" bw="1" slack="0"/>
</pin_list>
<bind>
<StgValue><ssdm name="AXIvideo2MultiPixStream_Pipeline_loop_wait_for_start"/></StgValue>
</bind>
</comp>

<comp id="26" class="1001" name="const_26">
<pin_list>
<pin id="27" dir="1" index="0" bw="1" slack="0"/>
</pin_list>
<bind>
<StgValue><ssdm name=""/></StgValue>
</bind>
</comp>

<comp id="28" class="1001" name="const_28">
<pin_list>
<pin id="29" dir="1" index="0" bw="1" slack="0"/>
</pin_list>
<bind>
<StgValue><ssdm name="_ssdm_op_Read.ap_auto.i12"/></StgValue>
</bind>
</comp>

<comp id="30" class="1001" name="const_30">
<pin_list>
<pin id="31" dir="1" index="0" bw="1" slack="0"/>
</pin_list>
<bind>
<StgValue><ssdm name="reg<unsigned short>"/></StgValue>
</bind>
</comp>

<comp id="32" class="1001" name="const_32">
<pin_list>
<pin id="33" dir="1" index="0" bw="1" slack="0"/>
</pin_list>
<bind>
<StgValue><ssdm name="_ssdm_op_Read.ap_auto.i3"/></StgValue>
</bind>
</comp>

<comp id="34" class="1001" name="const_34">
<pin_list>
<pin id="35" dir="1" index="0" bw="1" slack="2147483647"/>
</pin_list>
<bind>
<StgValue><ssdm name="_ssdm_op_SpecAXISSideChannel"/></StgValue>
</bind>
</comp>

<comp id="36" class="1001" name="const_36">
<pin_list>
<pin id="37" dir="1" index="0" bw="1" slack="2147483647"/>
</pin_list>
<bind>
<StgValue><ssdm name="empty_10"/></StgValue>
</bind>
</comp>

<comp id="38" class="1001" name="const_38">
<pin_list>
<pin id="39" dir="1" index="0" bw="1" slack="2147483647"/>
</pin_list>
<bind>
<StgValue><ssdm name="_ssdm_op_SpecStableContent"/></StgValue>
</bind>
</comp>

<comp id="40" class="1001" name="const_40">
<pin_list>
<pin id="41" dir="1" index="0" bw="1" slack="2147483647"/>
</pin_list>
<bind>
<StgValue><ssdm name=""/></StgValue>
</bind>
</comp>

<comp id="42" class="1001" name="const_42">
<pin_list>
<pin id="43" dir="1" index="0" bw="1" slack="2147483647"/>
</pin_list>
<bind>
<StgValue><ssdm name="_ssdm_op_SpecInterface"/></StgValue>
</bind>
</comp>

<comp id="44" class="1001" name="const_44">
<pin_list>
<pin id="45" dir="1" index="0" bw="1" slack="2147483647"/>
</pin_list>
<bind>
<StgValue><ssdm name="empty_19"/></StgValue>
</bind>
</comp>

<comp id="46" class="1001" name="const_46">
<pin_list>
<pin id="47" dir="1" index="0" bw="1" slack="2147483647"/>
</pin_list>
<bind>
<StgValue><ssdm name=""/></StgValue>
</bind>
</comp>

<comp id="48" class="1001" name="const_48">
<pin_list>
<pin id="49" dir="1" index="0" bw="1" slack="2147483647"/>
</pin_list>
<bind>
<StgValue><ssdm name="empty_1"/></StgValue>
</bind>
</comp>

<comp id="50" class="1001" name="const_50">
<pin_list>
<pin id="51" dir="1" index="0" bw="1" slack="0"/>
</pin_list>
<bind>
<StgValue><ssdm name=""/></StgValue>
</bind>
</comp>

<comp id="52" class="1001" name="const_52">
<pin_list>
<pin id="53" dir="1" index="0" bw="1" slack="2147483647"/>
</pin_list>
<bind>
<StgValue><ssdm name="empty_11"/></StgValue>
</bind>
</comp>

<comp id="54" class="1001" name="const_54">
<pin_list>
<pin id="55" dir="1" index="0" bw="1" slack="2147483647"/>
</pin_list>
<bind>
<StgValue><ssdm name="empty_5"/></StgValue>
</bind>
</comp>

<comp id="56" class="1001" name="const_56">
<pin_list>
<pin id="57" dir="1" index="0" bw="1" slack="0"/>
</pin_list>
<bind>
<StgValue><ssdm name="_ssdm_op_Fence"/></StgValue>
</bind>
</comp>

<comp id="58" class="1001" name="const_58">
<pin_list>
<pin id="59" dir="1" index="0" bw="1" slack="0"/>
</pin_list>
<bind>
<StgValue><ssdm name="_ssdm_op_PartSelect.i11.i12.i32.i32"/></StgValue>
</bind>
</comp>

<comp id="60" class="1001" name="const_60">
<pin_list>
<pin id="61" dir="1" index="0" bw="1" slack="0"/>
</pin_list>
<bind>
<StgValue><ssdm name=""/></StgValue>
</bind>
</comp>

<comp id="62" class="1001" name="const_62">
<pin_list>
<pin id="63" dir="1" index="0" bw="1" slack="0"/>
</pin_list>
<bind>
<StgValue><ssdm name=""/></StgValue>
</bind>
</comp>

<comp id="64" class="1001" name="const_64">
<pin_list>
<pin id="65" dir="1" index="0" bw="1" slack="0"/>
</pin_list>
<bind>
<StgValue><ssdm name=""/></StgValue>
</bind>
</comp>

<comp id="66" class="1001" name="const_66">
<pin_list>
<pin id="67" dir="1" index="0" bw="1" slack="2147483647"/>
</pin_list>
<bind>
<StgValue><ssdm name="_ssdm_op_SpecLoopTripCount"/></StgValue>
</bind>
</comp>

<comp id="68" class="1001" name="const_68">
<pin_list>
<pin id="69" dir="1" index="0" bw="1" slack="2147483647"/>
</pin_list>
<bind>
<StgValue><ssdm name=""/></StgValue>
</bind>
</comp>

<comp id="70" class="1001" name="const_70">
<pin_list>
<pin id="71" dir="1" index="0" bw="1" slack="2147483647"/>
</pin_list>
<bind>
<StgValue><ssdm name=""/></StgValue>
</bind>
</comp>

<comp id="72" class="1001" name="const_72">
<pin_list>
<pin id="73" dir="1" index="0" bw="1" slack="0"/>
</pin_list>
<bind>
<StgValue><ssdm name=""/></StgValue>
</bind>
</comp>

<comp id="74" class="1001" name="const_74">
<pin_list>
<pin id="75" dir="1" index="0" bw="1" slack="0"/>
</pin_list>
<bind>
<StgValue><ssdm name="AXIvideo2MultiPixStream_Pipeline_loop_width"/></StgValue>
</bind>
</comp>

<comp id="76" class="1001" name="const_76">
<pin_list>
<pin id="77" dir="1" index="0" bw="1" slack="0"/>
</pin_list>
<bind>
<StgValue><ssdm name="AXIvideo2MultiPixStream_Pipeline_loop_wait_for_eol"/></StgValue>
</bind>
</comp>

<comp id="78" class="1001" name="const_78">
<pin_list>
<pin id="79" dir="1" index="0" bw="1" slack="2147483647"/>
</pin_list>
<bind>
<StgValue><ssdm name="_ssdm_op_SpecLoopName"/></StgValue>
</bind>
</comp>

<comp id="80" class="1001" name="const_80">
<pin_list>
<pin id="81" dir="1" index="0" bw="1" slack="2147483647"/>
</pin_list>
<bind>
<StgValue><ssdm name="empty_22"/></StgValue>
</bind>
</comp>

<comp id="82" class="1004" name="axi_data_2_fu_82">
<pin_list>
<pin id="83" dir="0" index="0" bw="1" slack="0"/>
<pin id="84" dir="1" index="1" bw="48" slack="0"/>
</pin_list>
<bind>
<opcode="alloca(26) " fcode="alloca"/>
<opset="axi_data_2/1 "/>
</bind>
</comp>

<comp id="86" class="1004" name="i_fu_86">
<pin_list>
<pin id="87" dir="0" index="0" bw="1" slack="0"/>
<pin id="88" dir="1" index="1" bw="12" slack="0"/>
</pin_list>
<bind>
<opcode="alloca(26) " fcode="alloca"/>
<opset="i/1 "/>
</bind>
</comp>

<comp id="90" class="1004" name="axi_last_4_loc_fu_90">
<pin_list>
<pin id="91" dir="0" index="0" bw="1" slack="0"/>
<pin id="92" dir="1" index="1" bw="1" slack="5"/>
</pin_list>
<bind>
<opcode="alloca(26) " fcode="alloca"/>
<opset="axi_last_4_loc/1 "/>
</bind>
</comp>

<comp id="94" class="1004" name="axi_data_3_loc_fu_94">
<pin_list>
<pin id="95" dir="0" index="0" bw="1" slack="0"/>
<pin id="96" dir="1" index="1" bw="48" slack="3"/>
</pin_list>
<bind>
<opcode="alloca(26) " fcode="alloca"/>
<opset="axi_data_3_loc/1 "/>
</bind>
</comp>

<comp id="98" class="1004" name="eol_loc_fu_98">
<pin_list>
<pin id="99" dir="0" index="0" bw="1" slack="0"/>
<pin id="100" dir="1" index="1" bw="1" slack="3"/>
</pin_list>
<bind>
<opcode="alloca(26) " fcode="alloca"/>
<opset="eol_loc/1 "/>
</bind>
</comp>

<comp id="102" class="1004" name="axi_last_loc_fu_102">
<pin_list>
<pin id="103" dir="0" index="0" bw="1" slack="0"/>
<pin id="104" dir="1" index="1" bw="1" slack="0"/>
</pin_list>
<bind>
<opcode="alloca(26) " fcode="alloca"/>
<opset="axi_last_loc/1 "/>
</bind>
</comp>

<comp id="106" class="1004" name="WidthIn_val_read_read_fu_106">
<pin_list>
<pin id="107" dir="0" index="0" bw="12" slack="0"/>
<pin id="108" dir="0" index="1" bw="12" slack="0"/>
<pin id="109" dir="1" index="2" bw="12" slack="0"/>
</pin_list>
<bind>
<opcode="read(1150) " fcode="read"/>
<opset="WidthIn_val_read/2 "/>
</bind>
</comp>

<comp id="112" class="1004" name="Height_val_read_read_fu_112">
<pin_list>
<pin id="113" dir="0" index="0" bw="12" slack="0"/>
<pin id="114" dir="0" index="1" bw="12" slack="0"/>
<pin id="115" dir="1" index="2" bw="12" slack="0"/>
</pin_list>
<bind>
<opcode="read(1150) " fcode="read"/>
<opset="Height_val_read/2 "/>
</bind>
</comp>

<comp id="118" class="1004" name="colorFormat_val_read_read_fu_118">
<pin_list>
<pin id="119" dir="0" index="0" bw="3" slack="0"/>
<pin id="120" dir="0" index="1" bw="3" slack="0"/>
<pin id="121" dir="1" index="2" bw="3" slack="1"/>
</pin_list>
<bind>
<opcode="read(1150) " fcode="read"/>
<opset="colorFormat_val_read/3 "/>
</bind>
</comp>

<comp id="124" class="1005" name="sof_reg_124">
<pin_list>
<pin id="125" dir="0" index="0" bw="1" slack="1"/>
<pin id="126" dir="1" index="1" bw="1" slack="1"/>
</pin_list>
<bind>
<opset="sof (phireg) "/>
</bind>
</comp>

<comp id="128" class="1004" name="sof_phi_fu_128">
<pin_list>
<pin id="129" dir="0" index="0" bw="1" slack="1"/>
<pin id="130" dir="0" index="1" bw="0" slack="2147483647"/>
<pin id="131" dir="0" index="2" bw="1" slack="0"/>
<pin id="132" dir="0" index="3" bw="0" slack="2147483647"/>
<pin id="133" dir="1" index="4" bw="1" slack="0"/>
</pin_list>
<bind>
<opcode="phi(47) " fcode="phi"/>
<opset="sof/4 "/>
</bind>
</comp>

<comp id="136" class="1005" name="axi_last_2_reg_136">
<pin_list>
<pin id="137" dir="0" index="0" bw="1" slack="1"/>
<pin id="138" dir="1" index="1" bw="1" slack="2"/>
</pin_list>
<bind>
<opset="axi_last_2 (phireg) "/>
</bind>
</comp>

<comp id="139" class="1004" name="axi_last_2_phi_fu_139">
<pin_list>
<pin id="140" dir="0" index="0" bw="1" slack="2147483647"/>
<pin id="141" dir="0" index="1" bw="0" slack="2147483647"/>
<pin id="142" dir="0" index="2" bw="1" slack="2147483647"/>
<pin id="143" dir="0" index="3" bw="0" slack="2147483647"/>
<pin id="144" dir="1" index="4" bw="1" slack="0"/>
</pin_list>
<bind>
<opcode="phi(47) " fcode="phi"/>
<opset="axi_last_2/4 "/>
</bind>
</comp>

<comp id="146" class="1004" name="grp_AXIvideo2MultiPixStream_Pipeline_loop_wait_for_start_fu_146">
<pin_list>
<pin id="147" dir="0" index="0" bw="0" slack="0"/>
<pin id="148" dir="0" index="1" bw="48" slack="0"/>
<pin id="149" dir="0" index="2" bw="6" slack="0"/>
<pin id="150" dir="0" index="3" bw="6" slack="0"/>
<pin id="151" dir="0" index="4" bw="1" slack="0"/>
<pin id="152" dir="0" index="5" bw="1" slack="0"/>
<pin id="153" dir="0" index="6" bw="1" slack="0"/>
<pin id="154" dir="0" index="7" bw="1" slack="0"/>
<pin id="155" dir="0" index="8" bw="48" slack="0"/>
<pin id="156" dir="0" index="9" bw="1" slack="0"/>
<pin id="157" dir="1" index="10" bw="0" slack="2147483647"/>
</pin_list>
<bind>
<opcode="call(48) " fcode="call"/>
<opset="call_ln0/1 "/>
</bind>
</comp>

<comp id="166" class="1004" name="grp_AXIvideo2MultiPixStream_Pipeline_loop_width_fu_166">
<pin_list>
<pin id="167" dir="0" index="0" bw="0" slack="0"/>
<pin id="168" dir="0" index="1" bw="1" slack="0"/>
<pin id="169" dir="0" index="2" bw="1" slack="0"/>
<pin id="170" dir="0" index="3" bw="48" slack="0"/>
<pin id="171" dir="0" index="4" bw="11" slack="1"/>
<pin id="172" dir="0" index="5" bw="3" slack="1"/>
<pin id="173" dir="0" index="6" bw="48" slack="0"/>
<pin id="174" dir="0" index="7" bw="48" slack="0"/>
<pin id="175" dir="0" index="8" bw="6" slack="0"/>
<pin id="176" dir="0" index="9" bw="6" slack="0"/>
<pin id="177" dir="0" index="10" bw="1" slack="0"/>
<pin id="178" dir="0" index="11" bw="1" slack="0"/>
<pin id="179" dir="0" index="12" bw="1" slack="0"/>
<pin id="180" dir="0" index="13" bw="1" slack="0"/>
<pin id="181" dir="0" index="14" bw="1" slack="3"/>
<pin id="182" dir="0" index="15" bw="48" slack="3"/>
<pin id="183" dir="1" index="16" bw="0" slack="2147483647"/>
</pin_list>
<bind>
<opcode="call(48) " fcode="call"/>
<opset="call_ln365/4 "/>
</bind>
</comp>

<comp id="195" class="1004" name="grp_AXIvideo2MultiPixStream_Pipeline_loop_wait_for_eol_fu_195">
<pin_list>
<pin id="196" dir="0" index="0" bw="0" slack="0"/>
<pin id="197" dir="0" index="1" bw="48" slack="0"/>
<pin id="198" dir="0" index="2" bw="1" slack="0"/>
<pin id="199" dir="0" index="3" bw="1" slack="0"/>
<pin id="200" dir="0" index="4" bw="48" slack="0"/>
<pin id="201" dir="0" index="5" bw="6" slack="0"/>
<pin id="202" dir="0" index="6" bw="6" slack="0"/>
<pin id="203" dir="0" index="7" bw="1" slack="0"/>
<pin id="204" dir="0" index="8" bw="1" slack="0"/>
<pin id="205" dir="0" index="9" bw="1" slack="0"/>
<pin id="206" dir="0" index="10" bw="1" slack="0"/>
<pin id="207" dir="0" index="11" bw="48" slack="5"/>
<pin id="208" dir="0" index="12" bw="1" slack="5"/>
<pin id="209" dir="1" index="13" bw="0" slack="2147483647"/>
</pin_list>
<bind>
<opcode="call(48) " fcode="call"/>
<opset="call_ln365/6 "/>
</bind>
</comp>

<comp id="218" class="1004" name="store_ln280_store_fu_218">
<pin_list>
<pin id="219" dir="0" index="0" bw="1" slack="0"/>
<pin id="220" dir="0" index="1" bw="12" slack="0"/>
<pin id="221" dir="1" index="2" bw="0" slack="2147483647"/>
</pin_list>
<bind>
<opcode="store(28) " fcode="store"/>
<opset="store_ln280/1 "/>
</bind>
</comp>

<comp id="223" class="1004" name="grp_reg_unsigned_short_s_fu_223">
<pin_list>
<pin id="224" dir="0" index="0" bw="12" slack="0"/>
<pin id="225" dir="0" index="1" bw="12" slack="0"/>
<pin id="226" dir="1" index="2" bw="12" slack="1"/>
</pin_list>
<bind>
<opcode="call(48) " fcode="call"/>
<opset="rows/2 "/>
</bind>
</comp>

<comp id="229" class="1004" name="grp_reg_unsigned_short_s_fu_229">
<pin_list>
<pin id="230" dir="0" index="0" bw="12" slack="0"/>
<pin id="231" dir="0" index="1" bw="12" slack="0"/>
<pin id="232" dir="1" index="2" bw="12" slack="0"/>
</pin_list>
<bind>
<opcode="call(48) " fcode="call"/>
<opset="cols/2 "/>
</bind>
</comp>

<comp id="235" class="1004" name="fence_ln253_fu_235">
<pin_list>
<pin id="236" dir="0" index="0" bw="0" slack="0"/>
<pin id="237" dir="0" index="1" bw="48" slack="0"/>
<pin id="238" dir="0" index="2" bw="6" slack="0"/>
<pin id="239" dir="0" index="3" bw="6" slack="0"/>
<pin id="240" dir="0" index="4" bw="1" slack="0"/>
<pin id="241" dir="0" index="5" bw="1" slack="0"/>
<pin id="242" dir="0" index="6" bw="1" slack="0"/>
<pin id="243" dir="0" index="7" bw="1" slack="0"/>
<pin id="244" dir="0" index="8" bw="1" slack="0"/>
<pin id="245" dir="0" index="9" bw="48" slack="0"/>
<pin id="246" dir="0" index="10" bw="6" slack="0"/>
<pin id="247" dir="0" index="11" bw="6" slack="0"/>
<pin id="248" dir="0" index="12" bw="1" slack="0"/>
<pin id="249" dir="0" index="13" bw="1" slack="0"/>
<pin id="250" dir="0" index="14" bw="1" slack="0"/>
<pin id="251" dir="0" index="15" bw="1" slack="0"/>
<pin id="252" dir="0" index="16" bw="48" slack="0"/>
<pin id="253" dir="1" index="17" bw="0" slack="2147483647"/>
</pin_list>
<bind>
<opcode="fence(30) " fcode="fence"/>
<opset="fence_ln253/3 "/>
</bind>
</comp>

<comp id="271" class="1004" name="axi_last_loc_load_load_fu_271">
<pin_list>
<pin id="272" dir="0" index="0" bw="1" slack="2"/>
<pin id="273" dir="1" index="1" bw="1" slack="2147483647"/>
</pin_list>
<bind>
<opcode="load(27) " fcode="load"/>
<opset="axi_last_loc_load/3 "/>
</bind>
</comp>

<comp id="274" class="1004" name="trunc_ln9_fu_274">
<pin_list>
<pin id="275" dir="0" index="0" bw="11" slack="0"/>
<pin id="276" dir="0" index="1" bw="12" slack="0"/>
<pin id="277" dir="0" index="2" bw="1" slack="0"/>
<pin id="278" dir="0" index="3" bw="5" slack="0"/>
<pin id="279" dir="1" index="4" bw="11" slack="0"/>
</pin_list>
<bind>
<opcode="partselect(1002) " fcode="partselect"/>
<opset="trunc_ln9/3 "/>
</bind>
</comp>

<comp id="284" class="1004" name="cmp10400_fu_284">
<pin_list>
<pin id="285" dir="0" index="0" bw="11" slack="0"/>
<pin id="286" dir="0" index="1" bw="11" slack="0"/>
<pin id="287" dir="1" index="2" bw="1" slack="0"/>
</pin_list>
<bind>
<opcode="icmp(45) " fcode="icmp"/>
<opset="cmp10400/3 "/>
</bind>
</comp>

<comp id="290" class="1004" name="xor_ln365_fu_290">
<pin_list>
<pin id="291" dir="0" index="0" bw="1" slack="0"/>
<pin id="292" dir="0" index="1" bw="1" slack="0"/>
<pin id="293" dir="1" index="2" bw="1" slack="1"/>
</pin_list>
<bind>
<opcode="xor(25) " fcode="xor"/>
<opset="xor_ln365/3 "/>
</bind>
</comp>

<comp id="296" class="1004" name="i_1_load_fu_296">
<pin_list>
<pin id="297" dir="0" index="0" bw="12" slack="3"/>
<pin id="298" dir="1" index="1" bw="12" slack="0"/>
</pin_list>
<bind>
<opcode="load(27) " fcode="load"/>
<opset="i_1/4 "/>
</bind>
</comp>

<comp id="299" class="1004" name="icmp_ln280_fu_299">
<pin_list>
<pin id="300" dir="0" index="0" bw="12" slack="0"/>
<pin id="301" dir="0" index="1" bw="12" slack="1"/>
<pin id="302" dir="1" index="2" bw="1" slack="2147483647"/>
</pin_list>
<bind>
<opcode="icmp(45) " fcode="icmp"/>
<opset="icmp_ln280/4 "/>
</bind>
</comp>

<comp id="304" class="1004" name="i_2_fu_304">
<pin_list>
<pin id="305" dir="0" index="0" bw="12" slack="0"/>
<pin id="306" dir="0" index="1" bw="1" slack="0"/>
<pin id="307" dir="1" index="2" bw="12" slack="0"/>
</pin_list>
<bind>
<opcode="add(8) " fcode="add"/>
<opset="i_2/4 "/>
</bind>
</comp>

<comp id="310" class="1004" name="axi_data_2_load_load_fu_310">
<pin_list>
<pin id="311" dir="0" index="0" bw="48" slack="3"/>
<pin id="312" dir="1" index="1" bw="48" slack="0"/>
</pin_list>
<bind>
<opcode="load(27) " fcode="load"/>
<opset="axi_data_2_load/4 "/>
</bind>
</comp>

<comp id="314" class="1004" name="and_ln365_fu_314">
<pin_list>
<pin id="315" dir="0" index="0" bw="1" slack="0"/>
<pin id="316" dir="0" index="1" bw="1" slack="1"/>
<pin id="317" dir="1" index="2" bw="1" slack="0"/>
</pin_list>
<bind>
<opcode="and(23) " fcode="and"/>
<opset="and_ln365/4 "/>
</bind>
</comp>

<comp id="319" class="1004" name="store_ln280_store_fu_319">
<pin_list>
<pin id="320" dir="0" index="0" bw="12" slack="0"/>
<pin id="321" dir="0" index="1" bw="12" slack="3"/>
<pin id="322" dir="1" index="2" bw="0" slack="2147483647"/>
</pin_list>
<bind>
<opcode="store(28) " fcode="store"/>
<opset="store_ln280/4 "/>
</bind>
</comp>

<comp id="324" class="1004" name="fence_ln365_fu_324">
<pin_list>
<pin id="325" dir="0" index="0" bw="0" slack="0"/>
<pin id="326" dir="0" index="1" bw="48" slack="0"/>
<pin id="327" dir="0" index="2" bw="6" slack="0"/>
<pin id="328" dir="0" index="3" bw="6" slack="0"/>
<pin id="329" dir="0" index="4" bw="1" slack="0"/>
<pin id="330" dir="0" index="5" bw="1" slack="0"/>
<pin id="331" dir="0" index="6" bw="1" slack="0"/>
<pin id="332" dir="0" index="7" bw="1" slack="0"/>
<pin id="333" dir="0" index="8" bw="48" slack="0"/>
<pin id="334" dir="0" index="9" bw="1" slack="0"/>
<pin id="335" dir="0" index="10" bw="48" slack="0"/>
<pin id="336" dir="0" index="11" bw="6" slack="0"/>
<pin id="337" dir="0" index="12" bw="6" slack="0"/>
<pin id="338" dir="0" index="13" bw="1" slack="0"/>
<pin id="339" dir="0" index="14" bw="1" slack="0"/>
<pin id="340" dir="0" index="15" bw="1" slack="0"/>
<pin id="341" dir="0" index="16" bw="1" slack="0"/>
<pin id="342" dir="1" index="17" bw="0" slack="2147483647"/>
</pin_list>
<bind>
<opcode="fence(30) " fcode="fence"/>
<opset="fence_ln365/6 "/>
</bind>
</comp>

<comp id="360" class="1004" name="eol_loc_load_load_fu_360">
<pin_list>
<pin id="361" dir="0" index="0" bw="1" slack="5"/>
<pin id="362" dir="1" index="1" bw="1" slack="0"/>
</pin_list>
<bind>
<opcode="load(27) " fcode="load"/>
<opset="eol_loc_load/6 "/>
</bind>
</comp>

<comp id="364" class="1004" name="axi_data_3_loc_load_load_fu_364">
<pin_list>
<pin id="365" dir="0" index="0" bw="48" slack="5"/>
<pin id="366" dir="1" index="1" bw="48" slack="0"/>
</pin_list>
<bind>
<opcode="load(27) " fcode="load"/>
<opset="axi_data_3_loc_load/6 "/>
</bind>
</comp>

<comp id="368" class="1004" name="select_ln365_fu_368">
<pin_list>
<pin id="369" dir="0" index="0" bw="1" slack="3"/>
<pin id="370" dir="0" index="1" bw="1" slack="0"/>
<pin id="371" dir="0" index="2" bw="1" slack="2"/>
<pin id="372" dir="1" index="3" bw="1" slack="0"/>
</pin_list>
<bind>
<opcode="select(49) " fcode="select"/>
<opset="select_ln365/6 "/>
</bind>
</comp>

<comp id="376" class="1004" name="fence_ln365_fu_376">
<pin_list>
<pin id="377" dir="0" index="0" bw="0" slack="0"/>
<pin id="378" dir="0" index="1" bw="48" slack="0"/>
<pin id="379" dir="0" index="2" bw="6" slack="0"/>
<pin id="380" dir="0" index="3" bw="6" slack="0"/>
<pin id="381" dir="0" index="4" bw="1" slack="0"/>
<pin id="382" dir="0" index="5" bw="1" slack="0"/>
<pin id="383" dir="0" index="6" bw="1" slack="0"/>
<pin id="384" dir="0" index="7" bw="1" slack="0"/>
<pin id="385" dir="0" index="8" bw="48" slack="0"/>
<pin id="386" dir="0" index="9" bw="1" slack="0"/>
<pin id="387" dir="0" index="10" bw="48" slack="0"/>
<pin id="388" dir="0" index="11" bw="6" slack="0"/>
<pin id="389" dir="0" index="12" bw="6" slack="0"/>
<pin id="390" dir="0" index="13" bw="1" slack="0"/>
<pin id="391" dir="0" index="14" bw="1" slack="0"/>
<pin id="392" dir="0" index="15" bw="1" slack="0"/>
<pin id="393" dir="0" index="16" bw="1" slack="0"/>
<pin id="394" dir="1" index="17" bw="0" slack="2147483647"/>
</pin_list>
<bind>
<opcode="fence(30) " fcode="fence"/>
<opset="fence_ln365/6 "/>
</bind>
</comp>

<comp id="412" class="1004" name="axi_last_4_loc_load_load_fu_412">
<pin_list>
<pin id="413" dir="0" index="0" bw="1" slack="7"/>
<pin id="414" dir="1" index="1" bw="1" slack="2147483647"/>
</pin_list>
<bind>
<opcode="load(27) " fcode="load"/>
<opset="axi_last_4_loc_load/8 "/>
</bind>
</comp>

<comp id="415" class="1005" name="axi_data_2_reg_415">
<pin_list>
<pin id="416" dir="0" index="0" bw="48" slack="0"/>
<pin id="417" dir="1" index="1" bw="48" slack="0"/>
</pin_list>
<bind>
<opset="axi_data_2 "/>
</bind>
</comp>

<comp id="422" class="1005" name="i_reg_422">
<pin_list>
<pin id="423" dir="0" index="0" bw="12" slack="0"/>
<pin id="424" dir="1" index="1" bw="12" slack="0"/>
</pin_list>
<bind>
<opset="i "/>
</bind>
</comp>

<comp id="429" class="1005" name="axi_last_4_loc_reg_429">
<pin_list>
<pin id="430" dir="0" index="0" bw="1" slack="5"/>
<pin id="431" dir="1" index="1" bw="1" slack="5"/>
</pin_list>
<bind>
<opset="axi_last_4_loc "/>
</bind>
</comp>

<comp id="435" class="1005" name="axi_data_3_loc_reg_435">
<pin_list>
<pin id="436" dir="0" index="0" bw="48" slack="3"/>
<pin id="437" dir="1" index="1" bw="48" slack="3"/>
</pin_list>
<bind>
<opset="axi_data_3_loc "/>
</bind>
</comp>

<comp id="441" class="1005" name="eol_loc_reg_441">
<pin_list>
<pin id="442" dir="0" index="0" bw="1" slack="3"/>
<pin id="443" dir="1" index="1" bw="1" slack="3"/>
</pin_list>
<bind>
<opset="eol_loc "/>
</bind>
</comp>

<comp id="447" class="1005" name="axi_last_loc_reg_447">
<pin_list>
<pin id="448" dir="0" index="0" bw="1" slack="0"/>
<pin id="449" dir="1" index="1" bw="1" slack="0"/>
</pin_list>
<bind>
<opset="axi_last_loc "/>
</bind>
</comp>

<comp id="453" class="1005" name="WidthIn_val_read_reg_453">
<pin_list>
<pin id="454" dir="0" index="0" bw="12" slack="1"/>
<pin id="455" dir="1" index="1" bw="12" slack="1"/>
</pin_list>
<bind>
<opset="WidthIn_val_read "/>
</bind>
</comp>

<comp id="458" class="1005" name="Height_val_read_reg_458">
<pin_list>
<pin id="459" dir="0" index="0" bw="12" slack="1"/>
<pin id="460" dir="1" index="1" bw="12" slack="1"/>
</pin_list>
<bind>
<opset="Height_val_read "/>
</bind>
</comp>

<comp id="463" class="1005" name="colorFormat_val_read_reg_463">
<pin_list>
<pin id="464" dir="0" index="0" bw="3" slack="1"/>
<pin id="465" dir="1" index="1" bw="3" slack="1"/>
</pin_list>
<bind>
<opset="colorFormat_val_read "/>
</bind>
</comp>

<comp id="468" class="1005" name="rows_reg_468">
<pin_list>
<pin id="469" dir="0" index="0" bw="12" slack="1"/>
<pin id="470" dir="1" index="1" bw="12" slack="1"/>
</pin_list>
<bind>
<opset="rows "/>
</bind>
</comp>

<comp id="476" class="1005" name="trunc_ln9_reg_476">
<pin_list>
<pin id="477" dir="0" index="0" bw="11" slack="1"/>
<pin id="478" dir="1" index="1" bw="11" slack="1"/>
</pin_list>
<bind>
<opset="trunc_ln9 "/>
</bind>
</comp>

<comp id="481" class="1005" name="cmp10400_reg_481">
<pin_list>
<pin id="482" dir="0" index="0" bw="1" slack="3"/>
<pin id="483" dir="1" index="1" bw="1" slack="3"/>
</pin_list>
<bind>
<opset="cmp10400 "/>
</bind>
</comp>

<comp id="486" class="1005" name="xor_ln365_reg_486">
<pin_list>
<pin id="487" dir="0" index="0" bw="1" slack="1"/>
<pin id="488" dir="1" index="1" bw="1" slack="1"/>
</pin_list>
<bind>
<opset="xor_ln365 "/>
</bind>
</comp>

<comp id="497" class="1005" name="and_ln365_reg_497">
<pin_list>
<pin id="498" dir="0" index="0" bw="1" slack="0"/>
<pin id="499" dir="1" index="1" bw="1" slack="0"/>
</pin_list>
<bind>
<opset="and_ln365 "/>
</bind>
</comp>

<comp id="508" class="1005" name="select_ln365_reg_508">
<pin_list>
<pin id="509" dir="0" index="0" bw="1" slack="1"/>
<pin id="510" dir="1" index="1" bw="1" slack="1"/>
</pin_list>
<bind>
<opset="select_ln365 "/>
</bind>
</comp>

</comp_list>

<net_list>
<net id="85"><net_src comp="22" pin="0"/><net_sink comp="82" pin=0"/></net>

<net id="89"><net_src comp="22" pin="0"/><net_sink comp="86" pin=0"/></net>

<net id="93"><net_src comp="22" pin="0"/><net_sink comp="90" pin=0"/></net>

<net id="97"><net_src comp="22" pin="0"/><net_sink comp="94" pin=0"/></net>

<net id="101"><net_src comp="22" pin="0"/><net_sink comp="98" pin=0"/></net>

<net id="105"><net_src comp="22" pin="0"/><net_sink comp="102" pin=0"/></net>

<net id="110"><net_src comp="28" pin="0"/><net_sink comp="106" pin=0"/></net>

<net id="111"><net_src comp="18" pin="0"/><net_sink comp="106" pin=1"/></net>

<net id="116"><net_src comp="28" pin="0"/><net_sink comp="112" pin=0"/></net>

<net id="117"><net_src comp="16" pin="0"/><net_sink comp="112" pin=1"/></net>

<net id="122"><net_src comp="32" pin="0"/><net_sink comp="118" pin=0"/></net>

<net id="123"><net_src comp="20" pin="0"/><net_sink comp="118" pin=1"/></net>

<net id="127"><net_src comp="64" pin="0"/><net_sink comp="124" pin=0"/></net>

<net id="134"><net_src comp="124" pin="1"/><net_sink comp="128" pin=0"/></net>

<net id="135"><net_src comp="128" pin="4"/><net_sink comp="124" pin=0"/></net>

<net id="145"><net_src comp="139" pin="4"/><net_sink comp="136" pin=0"/></net>

<net id="158"><net_src comp="24" pin="0"/><net_sink comp="146" pin=0"/></net>

<net id="159"><net_src comp="0" pin="0"/><net_sink comp="146" pin=1"/></net>

<net id="160"><net_src comp="2" pin="0"/><net_sink comp="146" pin=2"/></net>

<net id="161"><net_src comp="4" pin="0"/><net_sink comp="146" pin=3"/></net>

<net id="162"><net_src comp="6" pin="0"/><net_sink comp="146" pin=4"/></net>

<net id="163"><net_src comp="8" pin="0"/><net_sink comp="146" pin=5"/></net>

<net id="164"><net_src comp="10" pin="0"/><net_sink comp="146" pin=6"/></net>

<net id="165"><net_src comp="12" pin="0"/><net_sink comp="146" pin=7"/></net>

<net id="184"><net_src comp="74" pin="0"/><net_sink comp="166" pin=0"/></net>

<net id="185"><net_src comp="128" pin="4"/><net_sink comp="166" pin=1"/></net>

<net id="186"><net_src comp="139" pin="4"/><net_sink comp="166" pin=2"/></net>

<net id="187"><net_src comp="14" pin="0"/><net_sink comp="166" pin=6"/></net>

<net id="188"><net_src comp="0" pin="0"/><net_sink comp="166" pin=7"/></net>

<net id="189"><net_src comp="2" pin="0"/><net_sink comp="166" pin=8"/></net>

<net id="190"><net_src comp="4" pin="0"/><net_sink comp="166" pin=9"/></net>

<net id="191"><net_src comp="6" pin="0"/><net_sink comp="166" pin=10"/></net>

<net id="192"><net_src comp="8" pin="0"/><net_sink comp="166" pin=11"/></net>

<net id="193"><net_src comp="10" pin="0"/><net_sink comp="166" pin=12"/></net>

<net id="194"><net_src comp="12" pin="0"/><net_sink comp="166" pin=13"/></net>

<net id="210"><net_src comp="76" pin="0"/><net_sink comp="195" pin=0"/></net>

<net id="211"><net_src comp="0" pin="0"/><net_sink comp="195" pin=4"/></net>

<net id="212"><net_src comp="2" pin="0"/><net_sink comp="195" pin=5"/></net>

<net id="213"><net_src comp="4" pin="0"/><net_sink comp="195" pin=6"/></net>

<net id="214"><net_src comp="6" pin="0"/><net_sink comp="195" pin=7"/></net>

<net id="215"><net_src comp="8" pin="0"/><net_sink comp="195" pin=8"/></net>

<net id="216"><net_src comp="10" pin="0"/><net_sink comp="195" pin=9"/></net>

<net id="217"><net_src comp="12" pin="0"/><net_sink comp="195" pin=10"/></net>

<net id="222"><net_src comp="26" pin="0"/><net_sink comp="218" pin=0"/></net>

<net id="227"><net_src comp="30" pin="0"/><net_sink comp="223" pin=0"/></net>

<net id="228"><net_src comp="112" pin="2"/><net_sink comp="223" pin=1"/></net>

<net id="233"><net_src comp="30" pin="0"/><net_sink comp="229" pin=0"/></net>

<net id="234"><net_src comp="106" pin="2"/><net_sink comp="229" pin=1"/></net>

<net id="254"><net_src comp="56" pin="0"/><net_sink comp="235" pin=0"/></net>

<net id="255"><net_src comp="0" pin="0"/><net_sink comp="235" pin=1"/></net>

<net id="256"><net_src comp="2" pin="0"/><net_sink comp="235" pin=2"/></net>

<net id="257"><net_src comp="4" pin="0"/><net_sink comp="235" pin=3"/></net>

<net id="258"><net_src comp="6" pin="0"/><net_sink comp="235" pin=4"/></net>

<net id="259"><net_src comp="8" pin="0"/><net_sink comp="235" pin=5"/></net>

<net id="260"><net_src comp="10" pin="0"/><net_sink comp="235" pin=6"/></net>

<net id="261"><net_src comp="12" pin="0"/><net_sink comp="235" pin=7"/></net>

<net id="262"><net_src comp="50" pin="0"/><net_sink comp="235" pin=8"/></net>

<net id="263"><net_src comp="0" pin="0"/><net_sink comp="235" pin=9"/></net>

<net id="264"><net_src comp="2" pin="0"/><net_sink comp="235" pin=10"/></net>

<net id="265"><net_src comp="4" pin="0"/><net_sink comp="235" pin=11"/></net>

<net id="266"><net_src comp="6" pin="0"/><net_sink comp="235" pin=12"/></net>

<net id="267"><net_src comp="8" pin="0"/><net_sink comp="235" pin=13"/></net>

<net id="268"><net_src comp="10" pin="0"/><net_sink comp="235" pin=14"/></net>

<net id="269"><net_src comp="12" pin="0"/><net_sink comp="235" pin=15"/></net>

<net id="270"><net_src comp="14" pin="0"/><net_sink comp="235" pin=16"/></net>

<net id="280"><net_src comp="58" pin="0"/><net_sink comp="274" pin=0"/></net>

<net id="281"><net_src comp="229" pin="2"/><net_sink comp="274" pin=1"/></net>

<net id="282"><net_src comp="22" pin="0"/><net_sink comp="274" pin=2"/></net>

<net id="283"><net_src comp="60" pin="0"/><net_sink comp="274" pin=3"/></net>

<net id="288"><net_src comp="274" pin="4"/><net_sink comp="284" pin=0"/></net>

<net id="289"><net_src comp="62" pin="0"/><net_sink comp="284" pin=1"/></net>

<net id="294"><net_src comp="284" pin="2"/><net_sink comp="290" pin=0"/></net>

<net id="295"><net_src comp="64" pin="0"/><net_sink comp="290" pin=1"/></net>

<net id="303"><net_src comp="296" pin="1"/><net_sink comp="299" pin=0"/></net>

<net id="308"><net_src comp="296" pin="1"/><net_sink comp="304" pin=0"/></net>

<net id="309"><net_src comp="72" pin="0"/><net_sink comp="304" pin=1"/></net>

<net id="313"><net_src comp="310" pin="1"/><net_sink comp="166" pin=3"/></net>

<net id="318"><net_src comp="128" pin="4"/><net_sink comp="314" pin=0"/></net>

<net id="323"><net_src comp="304" pin="2"/><net_sink comp="319" pin=0"/></net>

<net id="343"><net_src comp="56" pin="0"/><net_sink comp="324" pin=0"/></net>

<net id="344"><net_src comp="0" pin="0"/><net_sink comp="324" pin=1"/></net>

<net id="345"><net_src comp="2" pin="0"/><net_sink comp="324" pin=2"/></net>

<net id="346"><net_src comp="4" pin="0"/><net_sink comp="324" pin=3"/></net>

<net id="347"><net_src comp="6" pin="0"/><net_sink comp="324" pin=4"/></net>

<net id="348"><net_src comp="8" pin="0"/><net_sink comp="324" pin=5"/></net>

<net id="349"><net_src comp="10" pin="0"/><net_sink comp="324" pin=6"/></net>

<net id="350"><net_src comp="12" pin="0"/><net_sink comp="324" pin=7"/></net>

<net id="351"><net_src comp="14" pin="0"/><net_sink comp="324" pin=8"/></net>

<net id="352"><net_src comp="50" pin="0"/><net_sink comp="324" pin=9"/></net>

<net id="353"><net_src comp="0" pin="0"/><net_sink comp="324" pin=10"/></net>

<net id="354"><net_src comp="2" pin="0"/><net_sink comp="324" pin=11"/></net>

<net id="355"><net_src comp="4" pin="0"/><net_sink comp="324" pin=12"/></net>

<net id="356"><net_src comp="6" pin="0"/><net_sink comp="324" pin=13"/></net>

<net id="357"><net_src comp="8" pin="0"/><net_sink comp="324" pin=14"/></net>

<net id="358"><net_src comp="10" pin="0"/><net_sink comp="324" pin=15"/></net>

<net id="359"><net_src comp="12" pin="0"/><net_sink comp="324" pin=16"/></net>

<net id="363"><net_src comp="360" pin="1"/><net_sink comp="195" pin=3"/></net>

<net id="367"><net_src comp="364" pin="1"/><net_sink comp="195" pin=1"/></net>

<net id="373"><net_src comp="360" pin="1"/><net_sink comp="368" pin=1"/></net>

<net id="374"><net_src comp="136" pin="1"/><net_sink comp="368" pin=2"/></net>

<net id="375"><net_src comp="368" pin="3"/><net_sink comp="195" pin=2"/></net>

<net id="395"><net_src comp="56" pin="0"/><net_sink comp="376" pin=0"/></net>

<net id="396"><net_src comp="0" pin="0"/><net_sink comp="376" pin=1"/></net>

<net id="397"><net_src comp="2" pin="0"/><net_sink comp="376" pin=2"/></net>

<net id="398"><net_src comp="4" pin="0"/><net_sink comp="376" pin=3"/></net>

<net id="399"><net_src comp="6" pin="0"/><net_sink comp="376" pin=4"/></net>

<net id="400"><net_src comp="8" pin="0"/><net_sink comp="376" pin=5"/></net>

<net id="401"><net_src comp="10" pin="0"/><net_sink comp="376" pin=6"/></net>

<net id="402"><net_src comp="12" pin="0"/><net_sink comp="376" pin=7"/></net>

<net id="403"><net_src comp="14" pin="0"/><net_sink comp="376" pin=8"/></net>

<net id="404"><net_src comp="50" pin="0"/><net_sink comp="376" pin=9"/></net>

<net id="405"><net_src comp="0" pin="0"/><net_sink comp="376" pin=10"/></net>

<net id="406"><net_src comp="2" pin="0"/><net_sink comp="376" pin=11"/></net>

<net id="407"><net_src comp="4" pin="0"/><net_sink comp="376" pin=12"/></net>

<net id="408"><net_src comp="6" pin="0"/><net_sink comp="376" pin=13"/></net>

<net id="409"><net_src comp="8" pin="0"/><net_sink comp="376" pin=14"/></net>

<net id="410"><net_src comp="10" pin="0"/><net_sink comp="376" pin=15"/></net>

<net id="411"><net_src comp="12" pin="0"/><net_sink comp="376" pin=16"/></net>

<net id="418"><net_src comp="82" pin="1"/><net_sink comp="415" pin=0"/></net>

<net id="419"><net_src comp="415" pin="1"/><net_sink comp="146" pin=8"/></net>

<net id="420"><net_src comp="415" pin="1"/><net_sink comp="310" pin=0"/></net>

<net id="421"><net_src comp="415" pin="1"/><net_sink comp="195" pin=11"/></net>

<net id="425"><net_src comp="86" pin="1"/><net_sink comp="422" pin=0"/></net>

<net id="426"><net_src comp="422" pin="1"/><net_sink comp="218" pin=1"/></net>

<net id="427"><net_src comp="422" pin="1"/><net_sink comp="296" pin=0"/></net>

<net id="428"><net_src comp="422" pin="1"/><net_sink comp="319" pin=1"/></net>

<net id="432"><net_src comp="90" pin="1"/><net_sink comp="429" pin=0"/></net>

<net id="433"><net_src comp="429" pin="1"/><net_sink comp="195" pin=12"/></net>

<net id="434"><net_src comp="429" pin="1"/><net_sink comp="412" pin=0"/></net>

<net id="438"><net_src comp="94" pin="1"/><net_sink comp="435" pin=0"/></net>

<net id="439"><net_src comp="435" pin="1"/><net_sink comp="166" pin=15"/></net>

<net id="440"><net_src comp="435" pin="1"/><net_sink comp="364" pin=0"/></net>

<net id="444"><net_src comp="98" pin="1"/><net_sink comp="441" pin=0"/></net>

<net id="445"><net_src comp="441" pin="1"/><net_sink comp="166" pin=14"/></net>

<net id="446"><net_src comp="441" pin="1"/><net_sink comp="360" pin=0"/></net>

<net id="450"><net_src comp="102" pin="1"/><net_sink comp="447" pin=0"/></net>

<net id="451"><net_src comp="447" pin="1"/><net_sink comp="146" pin=9"/></net>

<net id="452"><net_src comp="447" pin="1"/><net_sink comp="271" pin=0"/></net>

<net id="456"><net_src comp="106" pin="2"/><net_sink comp="453" pin=0"/></net>

<net id="457"><net_src comp="453" pin="1"/><net_sink comp="229" pin=1"/></net>

<net id="461"><net_src comp="112" pin="2"/><net_sink comp="458" pin=0"/></net>

<net id="462"><net_src comp="458" pin="1"/><net_sink comp="223" pin=1"/></net>

<net id="466"><net_src comp="118" pin="2"/><net_sink comp="463" pin=0"/></net>

<net id="467"><net_src comp="463" pin="1"/><net_sink comp="166" pin=5"/></net>

<net id="471"><net_src comp="223" pin="2"/><net_sink comp="468" pin=0"/></net>

<net id="472"><net_src comp="468" pin="1"/><net_sink comp="299" pin=1"/></net>

<net id="479"><net_src comp="274" pin="4"/><net_sink comp="476" pin=0"/></net>

<net id="480"><net_src comp="476" pin="1"/><net_sink comp="166" pin=4"/></net>

<net id="484"><net_src comp="284" pin="2"/><net_sink comp="481" pin=0"/></net>

<net id="485"><net_src comp="481" pin="1"/><net_sink comp="368" pin=0"/></net>

<net id="489"><net_src comp="290" pin="2"/><net_sink comp="486" pin=0"/></net>

<net id="490"><net_src comp="486" pin="1"/><net_sink comp="314" pin=1"/></net>

<net id="500"><net_src comp="314" pin="2"/><net_sink comp="497" pin=0"/></net>

<net id="501"><net_src comp="497" pin="1"/><net_sink comp="128" pin=2"/></net>

<net id="511"><net_src comp="368" pin="3"/><net_sink comp="508" pin=0"/></net>

<net id="512"><net_src comp="508" pin="1"/><net_sink comp="195" pin=2"/></net>

</net_list>

</model> 
---------------- Datapath Model END ------------------

* FSMD analyzer results:
  - Output states:
	Port: s_axis_video_V_data_V | {}
	Port: s_axis_video_V_keep_V | {}
	Port: s_axis_video_V_strb_V | {}
	Port: s_axis_video_V_user_V | {}
	Port: s_axis_video_V_last_V | {}
	Port: s_axis_video_V_id_V | {}
	Port: s_axis_video_V_dest_V | {}
	Port: img | {4 5 }
 - Input state : 
	Port: AXIvideo2MultiPixStream : s_axis_video_V_data_V | {1 2 4 5 6 7 }
	Port: AXIvideo2MultiPixStream : s_axis_video_V_keep_V | {1 2 4 5 6 7 }
	Port: AXIvideo2MultiPixStream : s_axis_video_V_strb_V | {1 2 4 5 6 7 }
	Port: AXIvideo2MultiPixStream : s_axis_video_V_user_V | {1 2 4 5 6 7 }
	Port: AXIvideo2MultiPixStream : s_axis_video_V_last_V | {1 2 4 5 6 7 }
	Port: AXIvideo2MultiPixStream : s_axis_video_V_id_V | {1 2 4 5 6 7 }
	Port: AXIvideo2MultiPixStream : s_axis_video_V_dest_V | {1 2 4 5 6 7 }
	Port: AXIvideo2MultiPixStream : Height_val | {2 }
	Port: AXIvideo2MultiPixStream : WidthIn_val | {2 }
	Port: AXIvideo2MultiPixStream : colorFormat_val | {3 }
  - Chain level:
	State 1
		call_ln0 : 1
		store_ln280 : 1
	State 2
	State 3
		trunc_ln9 : 1
		cmp10400 : 2
		xor_ln365 : 3
	State 4
		icmp_ln280 : 1
		i_2 : 1
		br_ln280 : 2
		call_ln365 : 1
		and_ln365 : 1
		store_ln280 : 2
	State 5
	State 6
		select_ln365 : 1
		call_ln365 : 2
	State 7
	State 8


============================================================
+ Verbose Summary: Datapath Resource usage 
============================================================

* Functional unit list:
|----------|-----------------------------------------------------------------|---------|---------|
| Operation|                         Functional Unit                         |    FF   |   LUT   |
|----------|-----------------------------------------------------------------|---------|---------|
|          | grp_AXIvideo2MultiPixStream_Pipeline_loop_wait_for_start_fu_146 |    3    |    0    |
|          |      grp_AXIvideo2MultiPixStream_Pipeline_loop_width_fu_166     |    77   |   107   |
|   call   |  grp_AXIvideo2MultiPixStream_Pipeline_loop_wait_for_eol_fu_195  |    3    |    0    |
|          |                 grp_reg_unsigned_short_s_fu_223                 |    0    |    0    |
|          |                 grp_reg_unsigned_short_s_fu_229                 |    0    |    0    |
|----------|-----------------------------------------------------------------|---------|---------|
|   icmp   |                         cmp10400_fu_284                         |    0    |    18   |
|          |                        icmp_ln280_fu_299                        |    0    |    19   |
|----------|-----------------------------------------------------------------|---------|---------|
|    add   |                            i_2_fu_304                           |    0    |    19   |
|----------|-----------------------------------------------------------------|---------|---------|
|    xor   |                         xor_ln365_fu_290                        |    0    |    2    |
|----------|-----------------------------------------------------------------|---------|---------|
|    and   |                         and_ln365_fu_314                        |    0    |    2    |
|----------|-----------------------------------------------------------------|---------|---------|
|  select  |                       select_ln365_fu_368                       |    0    |    2    |
|----------|-----------------------------------------------------------------|---------|---------|
|          |                   WidthIn_val_read_read_fu_106                  |    0    |    0    |
|   read   |                   Height_val_read_read_fu_112                   |    0    |    0    |
|          |                 colorFormat_val_read_read_fu_118                |    0    |    0    |
|----------|-----------------------------------------------------------------|---------|---------|
|          |                        fence_ln253_fu_235                       |    0    |    0    |
|   fence  |                        fence_ln365_fu_324                       |    0    |    0    |
|          |                        fence_ln365_fu_376                       |    0    |    0    |
|----------|-----------------------------------------------------------------|---------|---------|
|partselect|                         trunc_ln9_fu_274                        |    0    |    0    |
|----------|-----------------------------------------------------------------|---------|---------|
|   Total  |                                                                 |    83   |   169   |
|----------|-----------------------------------------------------------------|---------|---------|

Memories:
N/A

* Register list:
+----------------------------+--------+
|                            |   FF   |
+----------------------------+--------+
|   Height_val_read_reg_458  |   12   |
|  WidthIn_val_read_reg_453  |   12   |
|      and_ln365_reg_497     |    1   |
|     axi_data_2_reg_415     |   48   |
|   axi_data_3_loc_reg_435   |   48   |
|     axi_last_2_reg_136     |    1   |
|   axi_last_4_loc_reg_429   |    1   |
|    axi_last_loc_reg_447    |    1   |
|      cmp10400_reg_481      |    1   |
|colorFormat_val_read_reg_463|    3   |
|       eol_loc_reg_441      |    1   |
|          i_reg_422         |   12   |
|        rows_reg_468        |   12   |
|    select_ln365_reg_508    |    1   |
|         sof_reg_124        |    1   |
|      trunc_ln9_reg_476     |   11   |
|      xor_ln365_reg_486     |    1   |
+----------------------------+--------+
|            Total           |   167  |
+----------------------------+--------+

* Multiplexer (MUX) list: 
|---------------------------------------------------------------|------|------|------|--------||---------||---------||---------|
|                              Comp                             |  Pin | Size |  BW  | S x BW ||  Delay  ||    FF   ||   LUT   |
|---------------------------------------------------------------|------|------|------|--------||---------||---------||---------|
|                          sof_reg_124                          |  p0  |   2  |   1  |    2   ||    0    ||    9    |
| grp_AXIvideo2MultiPixStream_Pipeline_loop_wait_for_eol_fu_195 |  p2  |   2  |   1  |    2   ||    0    ||    9    |
|                grp_reg_unsigned_short_s_fu_223                |  p1  |   2  |  12  |   24   ||    0    ||    9    |
|                grp_reg_unsigned_short_s_fu_229                |  p1  |   2  |  12  |   24   ||    0    ||    9    |
|---------------------------------------------------------------|------|------|------|--------||---------||---------||---------|
|                             Total                             |      |      |      |   52   ||  1.708  ||    0    ||    36   |
|---------------------------------------------------------------|------|------|------|--------||---------||---------||---------|



* Summary:
+-----------+--------+--------+--------+
|           |  Delay |   FF   |   LUT  |
+-----------+--------+--------+--------+
|  Function |    -   |   83   |   169  |
|   Memory  |    -   |    -   |    -   |
|Multiplexer|    1   |    0   |   36   |
|  Register |    -   |   167  |    -   |
+-----------+--------+--------+--------+
|   Total   |    1   |   250  |   205  |
+-----------+--------+--------+--------+
