

================================================================
== Vitis HLS Report for 'FrmbufWrHlsDataFlow'
================================================================
* Date:           Mon Apr 27 12:25:02 2026

* Version:        2024.2 (Build 5238294 on Nov  8 2024)
* Project:        prj
* Solution:       sol (Vivado IP Flow Target)
* Product family: zynquplus
* Target device:  xck26-sfvc784-2LV-c


================================================================
== Performance Estimates
================================================================
+ Timing: 
    * Summary: 
    +--------+---------+----------+------------+
    |  Clock |  Target | Estimated| Uncertainty|
    +--------+---------+----------+------------+
    |ap_clk  |  6.67 ns|  4.867 ns|     1.80 ns|
    +--------+---------+----------+------------+

+ Latency: 
    * Summary: 
    +---------+---------+----------+-----------+------+---------+----------+
    |  Latency (cycles) |  Latency (absolute)  |    Interval    | Pipeline |
    |   min   |   max   |    min   |    max    |  min |   max   |   Type   |
    +---------+---------+----------+-----------+------+---------+----------+
    |   151632|  8307364|  1.011 ms|  55.385 ms|  7042|  8307363|  dataflow|
    +---------+---------+----------+-----------+------+---------+----------+

    + Detail: 
        * Instance: 
        +------------------------------------+-------------------------+---------+---------+-----------+-----------+------+---------+---------+
        |                                    |                         |  Latency (cycles) |   Latency (absolute)  |    Interval    | Pipeline|
        |              Instance              |          Module         |   min   |   max   |    min    |    max    |  min |   max   |   Type  |
        +------------------------------------+-------------------------+---------+---------+-----------+-----------+------+---------+---------+
        |call_ln0_entry_proc_fu_182          |entry_proc               |        0|        0|       0 ns|       0 ns|     0|        0|       no|
        |grp_AXIvideo2MultiPixStream_fu_192  |AXIvideo2MultiPixStream  |        5|  4168805|  33.335 ns|  27.793 ms|     5|  4168805|       no|
        |grp_MultiPixStream2Bytes_fu_217     |MultiPixStream2Bytes     |        2|  8307362|  13.334 ns|  55.385 ms|     2|  8307362|       no|
        |grp_Bytes2AXIMMvideo_fu_229         |Bytes2AXIMMvideo         |     7041|  3350161|  46.942 us|  22.336 ms|  7041|  3350161|       no|
        +------------------------------------+-------------------------+---------+---------+-----------+-----------+------+---------+---------+

        * Loop: 
        N/A

============================================================
+ Verbose Summary: Synthesis Manager
============================================================
InlineROM: 1
ExposeGlobal: 0
============================================================
+ Verbose Summary: CDFG Model
============================================================
IsTopModel: 0
ResetActiveHigh: 1
IsCombinational: 2
IsDatapathOnly: 0
HasWiredReturn: 1
HasMFsm: 0
HasVarLatency: 1
IsPipeline: 0
IsRtlPipelined: 0
IsInstanceOverlapped: 0
IsDontTouch: 0
HasImplIP: 0
IsGatedGlobalClock: 0


============================================================
+ Verbose Summary: Schedule
============================================================
* Number of FSM states : 6
* Pipeline : 0
* Dataflow Pipeline: 1
  DF-Pipeline-0: Size = 6, States = { 1 2 3 4 5 6 }

* FSM state transitions: 
1 --> 2 
2 --> 3 
3 --> 4 
4 --> 5 
5 --> 6 
6 --> 

* FSM state operations: 

State 1 <SV = 0> <Delay = 1.83>
ST_1 : Operation 7 [1/1] (0.00ns)   --->   "%height_val8_read = read i12 @_ssdm_op_Read.ap_auto.i12, i12 %height_val8"   --->   Operation 7 'read' 'height_val8_read' <Predicate = true> <Delay = 0.00>
ST_1 : Operation 8 [1/1] (0.00ns)   --->   "%width_val5_read = read i12 @_ssdm_op_Read.ap_auto.i12, i12 %width_val5"   --->   Operation 8 'read' 'width_val5_read' <Predicate = true> <Delay = 0.00>
ST_1 : Operation 9 [1/1] (0.00ns)   --->   "%colorFormat_val3_read = read i3 @_ssdm_op_Read.ap_auto.i3, i3 %colorFormat_val3"   --->   Operation 9 'read' 'colorFormat_val3_read' <Predicate = true> <Delay = 0.00>
ST_1 : Operation 10 [1/1] (0.00ns)   --->   "%WidthInBytes_val2_read = read i15 @_ssdm_op_Read.ap_auto.i15, i15 %WidthInBytes_val2"   --->   Operation 10 'read' 'WidthInBytes_val2_read' <Predicate = true> <Delay = 0.00>
ST_1 : Operation 11 [1/1] (0.00ns)   --->   "%HwReg_frm_buffer_read = read i32 @_ssdm_op_Read.ap_auto.i32, i32 %HwReg_frm_buffer"   --->   Operation 11 'read' 'HwReg_frm_buffer_read' <Predicate = true> <Delay = 0.00>
ST_1 : Operation 12 [1/1] (0.00ns)   --->   "%WidthInBytes_val2_c1 = alloca i32 1"   --->   Operation 12 'alloca' 'WidthInBytes_val2_c1' <Predicate = true> <Delay = 0.00> <CoreInst = "FIFO_SRL">   --->   Core 80 'FIFO_SRL' <Latency = 0> <II = 1> <Delay = 1.83> <Storage> <Opcode : 'read' 'write' 'nbread' 'nbwrite'> <Ports = 0> <Width = 15> <Depth = 3> <FIFO>
ST_1 : Operation 13 [1/1] (0.00ns)   --->   "%WidthInBytes_val2_c = alloca i32 1"   --->   Operation 13 'alloca' 'WidthInBytes_val2_c' <Predicate = true> <Delay = 0.00> <CoreInst = "FIFO_SRL">   --->   Core 80 'FIFO_SRL' <Latency = 0> <II = 1> <Delay = 1.83> <Storage> <Opcode : 'read' 'write' 'nbread' 'nbwrite'> <Ports = 0> <Width = 15> <Depth = 2> <FIFO>
ST_1 : Operation 14 [1/1] (0.00ns)   --->   "%HwReg_frm_buffer_c = alloca i32 1"   --->   Operation 14 'alloca' 'HwReg_frm_buffer_c' <Predicate = true> <Delay = 0.00> <CoreInst = "FIFO_SRL">   --->   Core 80 'FIFO_SRL' <Latency = 0> <II = 1> <Delay = 1.83> <Storage> <Opcode : 'read' 'write' 'nbread' 'nbwrite'> <Ports = 0> <Width = 32> <Depth = 4> <FIFO>
ST_1 : Operation 15 [1/1] (0.00ns)   --->   "%img = alloca i32 1"   --->   Operation 15 'alloca' 'img' <Predicate = true> <Delay = 0.00> <CoreInst = "FIFO_SRL">   --->   Core 80 'FIFO_SRL' <Latency = 0> <II = 1> <Delay = 1.83> <Storage> <Opcode : 'read' 'write' 'nbread' 'nbwrite'> <Ports = 0> <Width = 48> <Depth = 2> <FIFO>
ST_1 : Operation 16 [1/1] (0.00ns)   --->   "%bytePlanes = alloca i32 1" [/home/izaan/GitRepos/dpdma_exdes/vivado_quad_vmix/kv260_quad_vmix_dp.runs/bd_quad_vmix_dp_v_frmbuf_wr_0_0_synth_1/prj/sol/.autopilot/db/v_frmbuf_wr.cpp:93]   --->   Operation 16 'alloca' 'bytePlanes' <Predicate = true> <Delay = 0.00> <CoreInst = "FIFO_BRAM">   --->   Core 78 'FIFO_BRAM' <Latency = 0> <II = 1> <Delay = 1.74> <Storage> <Opcode : 'read' 'write' 'nbread' 'nbwrite'> <Ports = 0> <Width = 128> <Depth = 481> <FIFO>
ST_1 : Operation 17 [1/1] (1.83ns)   --->   "%call_ln0 = call void @entry_proc, i32 %HwReg_frm_buffer_read, i32 %HwReg_frm_buffer_c, i15 %WidthInBytes_val2_read, i15 %WidthInBytes_val2_c1"   --->   Operation 17 'call' 'call_ln0' <Predicate = true> <Delay = 1.83> <CoreType = "Generic">   --->   Generic Core
ST_1 : Operation 18 [2/2] (0.00ns)   --->   "%call_ln115 = call void @AXIvideo2MultiPixStream, i48 %s_axis_video_V_data_V, i6 %s_axis_video_V_keep_V, i6 %s_axis_video_V_strb_V, i1 %s_axis_video_V_user_V, i1 %s_axis_video_V_last_V, i1 %s_axis_video_V_id_V, i1 %s_axis_video_V_dest_V, i48 %img, i12 %height_val8_read, i12 %width_val5_read, i3 %colorFormat_val3_read" [/home/izaan/GitRepos/dpdma_exdes/vivado_quad_vmix/kv260_quad_vmix_dp.runs/bd_quad_vmix_dp_v_frmbuf_wr_0_0_synth_1/prj/sol/.autopilot/db/v_frmbuf_wr.cpp:115]   --->   Operation 18 'call' 'call_ln115' <Predicate = true> <Delay = 0.00> <CoreType = "Generic">   --->   Generic Core

State 2 <SV = 1> <Delay = 0.80>
ST_2 : Operation 19 [1/2] (0.80ns)   --->   "%call_ln115 = call void @AXIvideo2MultiPixStream, i48 %s_axis_video_V_data_V, i6 %s_axis_video_V_keep_V, i6 %s_axis_video_V_strb_V, i1 %s_axis_video_V_user_V, i1 %s_axis_video_V_last_V, i1 %s_axis_video_V_id_V, i1 %s_axis_video_V_dest_V, i48 %img, i12 %height_val8_read, i12 %width_val5_read, i3 %colorFormat_val3_read" [/home/izaan/GitRepos/dpdma_exdes/vivado_quad_vmix/kv260_quad_vmix_dp.runs/bd_quad_vmix_dp_v_frmbuf_wr_0_0_synth_1/prj/sol/.autopilot/db/v_frmbuf_wr.cpp:115]   --->   Operation 19 'call' 'call_ln115' <Predicate = true> <Delay = 0.80> <CoreType = "Generic">   --->   Generic Core

State 3 <SV = 2> <Delay = 1.98>
ST_3 : Operation 20 [1/1] (0.00ns)   --->   "%video_format_val10_read = read i6 @_ssdm_op_Read.ap_auto.i6, i6 %video_format_val10"   --->   Operation 20 'read' 'video_format_val10_read' <Predicate = true> <Delay = 0.00>
ST_3 : Operation 21 [2/2] (1.98ns)   --->   "%call_ln124 = call void @MultiPixStream2Bytes, i48 %img, i128 %bytePlanes, i12 %height_val8_read, i12 %width_val5_read, i15 %WidthInBytes_val2_c1, i6 %video_format_val10_read, i15 %WidthInBytes_val2_c" [/home/izaan/GitRepos/dpdma_exdes/vivado_quad_vmix/kv260_quad_vmix_dp.runs/bd_quad_vmix_dp_v_frmbuf_wr_0_0_synth_1/prj/sol/.autopilot/db/v_frmbuf_wr.cpp:124]   --->   Operation 21 'call' 'call_ln124' <Predicate = true> <Delay = 1.98> <CoreType = "Generic">   --->   Generic Core

State 4 <SV = 3> <Delay = 0.00>
ST_4 : Operation 22 [1/2] (0.00ns)   --->   "%call_ln124 = call void @MultiPixStream2Bytes, i48 %img, i128 %bytePlanes, i12 %height_val8_read, i12 %width_val5_read, i15 %WidthInBytes_val2_c1, i6 %video_format_val10_read, i15 %WidthInBytes_val2_c" [/home/izaan/GitRepos/dpdma_exdes/vivado_quad_vmix/kv260_quad_vmix_dp.runs/bd_quad_vmix_dp_v_frmbuf_wr_0_0_synth_1/prj/sol/.autopilot/db/v_frmbuf_wr.cpp:124]   --->   Operation 22 'call' 'call_ln124' <Predicate = true> <Delay = 0.00> <CoreType = "Generic">   --->   Generic Core

State 5 <SV = 4> <Delay = 0.00>
ST_5 : Operation 23 [1/1] (0.00ns)   --->   "%stride_val9_read = read i16 @_ssdm_op_Read.ap_auto.i16, i16 %stride_val9"   --->   Operation 23 'read' 'stride_val9_read' <Predicate = true> <Delay = 0.00>
ST_5 : Operation 24 [2/2] (0.00ns)   --->   "%call_ln126 = call void @Bytes2AXIMMvideo, i128 %bytePlanes, i128 %mm_video, i32 %HwReg_frm_buffer_c, i12 %height_val8_read, i15 %WidthInBytes_val2_c, i16 %stride_val9_read" [/home/izaan/GitRepos/dpdma_exdes/vivado_quad_vmix/kv260_quad_vmix_dp.runs/bd_quad_vmix_dp_v_frmbuf_wr_0_0_synth_1/prj/sol/.autopilot/db/v_frmbuf_wr.cpp:126]   --->   Operation 24 'call' 'call_ln126' <Predicate = true> <Delay = 0.00> <CoreType = "Generic">   --->   Generic Core

State 6 <SV = 5> <Delay = 0.80>
ST_6 : Operation 25 [1/1] (0.00ns)   --->   "%empty = specchannel i32 @_ssdm_op_SpecChannel, void @WidthInBytes_OC_val2_c1_str, i32 1, void @p_str, void @p_str, i32 3, i32 0, i15 %WidthInBytes_val2_c1, i15 %WidthInBytes_val2_c1"   --->   Operation 25 'specchannel' 'empty' <Predicate = true> <Delay = 0.00>
ST_6 : Operation 26 [1/1] (0.00ns)   --->   "%specinterface_ln0 = specinterface void @_ssdm_op_SpecInterface, i15 %WidthInBytes_val2_c1, void @ap_fifo_str, i32 0, i32 0, void @p_str, i32 0, i32 0, void @p_str, void @p_str, void @p_str, i32 2, i32 2, i32 16, i32 16, void @p_str, void @p_str, i32 4294967295, i32 0, i32 0"   --->   Operation 26 'specinterface' 'specinterface_ln0' <Predicate = true> <Delay = 0.00>
ST_6 : Operation 27 [1/1] (0.00ns)   --->   "%empty_271 = specchannel i32 @_ssdm_op_SpecChannel, void @WidthInBytes_OC_val2_c_str, i32 1, void @p_str, void @p_str, i32 2, i32 0, i15 %WidthInBytes_val2_c, i15 %WidthInBytes_val2_c"   --->   Operation 27 'specchannel' 'empty_271' <Predicate = true> <Delay = 0.00>
ST_6 : Operation 28 [1/1] (0.00ns)   --->   "%specinterface_ln0 = specinterface void @_ssdm_op_SpecInterface, i15 %WidthInBytes_val2_c, void @ap_fifo_str, i32 0, i32 0, void @p_str, i32 0, i32 0, void @p_str, void @p_str, void @p_str, i32 2, i32 2, i32 16, i32 16, void @p_str, void @p_str, i32 4294967295, i32 0, i32 0"   --->   Operation 28 'specinterface' 'specinterface_ln0' <Predicate = true> <Delay = 0.00>
ST_6 : Operation 29 [1/1] (0.00ns)   --->   "%empty_272 = specchannel i32 @_ssdm_op_SpecChannel, void @HwReg_frm_buffer_c_str, i32 1, void @p_str, void @p_str, i32 4, i32 0, i32 %HwReg_frm_buffer_c, i32 %HwReg_frm_buffer_c"   --->   Operation 29 'specchannel' 'empty_272' <Predicate = true> <Delay = 0.00>
ST_6 : Operation 30 [1/1] (0.00ns)   --->   "%specinterface_ln0 = specinterface void @_ssdm_op_SpecInterface, i32 %HwReg_frm_buffer_c, void @ap_fifo_str, i32 0, i32 0, void @p_str, i32 0, i32 0, void @p_str, void @p_str, void @p_str, i32 2, i32 2, i32 16, i32 16, void @p_str, void @p_str, i32 4294967295, i32 0, i32 0"   --->   Operation 30 'specinterface' 'specinterface_ln0' <Predicate = true> <Delay = 0.00>
ST_6 : Operation 31 [1/1] (0.00ns)   --->   "%specdataflowpipeline_ln0 = specdataflowpipeline void @_ssdm_op_SpecDataflowPipeline, i32 4294967295, i32 0, void @empty_1"   --->   Operation 31 'specdataflowpipeline' 'specdataflowpipeline_ln0' <Predicate = true> <Delay = 0.00>
ST_6 : Operation 32 [1/1] (0.00ns)   --->   "%specaxissidechannel_ln0 = specaxissidechannel void @_ssdm_op_SpecAXISSideChannel, i48 %s_axis_video_V_data_V, i6 %s_axis_video_V_keep_V, i6 %s_axis_video_V_strb_V, i1 %s_axis_video_V_user_V, i1 %s_axis_video_V_last_V, i1 %s_axis_video_V_id_V, i1 %s_axis_video_V_dest_V, void @empty_10"   --->   Operation 32 'specaxissidechannel' 'specaxissidechannel_ln0' <Predicate = true> <Delay = 0.00>
ST_6 : Operation 33 [1/1] (0.00ns)   --->   "%specstablecontent_ln0 = specstablecontent void @_ssdm_op_SpecStableContent, i6 %video_format_val10, void "   --->   Operation 33 'specstablecontent' 'specstablecontent_ln0' <Predicate = true> <Delay = 0.00>
ST_6 : Operation 34 [1/1] (0.00ns)   --->   "%specstablecontent_ln0 = specstablecontent void @_ssdm_op_SpecStableContent, i16 %stride_val9, void "   --->   Operation 34 'specstablecontent' 'specstablecontent_ln0' <Predicate = true> <Delay = 0.00>
ST_6 : Operation 35 [1/1] (0.00ns)   --->   "%specstablecontent_ln0 = specstablecontent void @_ssdm_op_SpecStableContent, i12 %height_val8, void "   --->   Operation 35 'specstablecontent' 'specstablecontent_ln0' <Predicate = true> <Delay = 0.00>
ST_6 : Operation 36 [1/1] (0.00ns)   --->   "%specstablecontent_ln0 = specstablecontent void @_ssdm_op_SpecStableContent, i12 %width_val5, void "   --->   Operation 36 'specstablecontent' 'specstablecontent_ln0' <Predicate = true> <Delay = 0.00>
ST_6 : Operation 37 [1/1] (0.00ns)   --->   "%specinterface_ln0 = specinterface void @_ssdm_op_SpecInterface, i1 %s_axis_video_V_dest_V, i1 %s_axis_video_V_id_V, i1 %s_axis_video_V_last_V, i1 %s_axis_video_V_user_V, i6 %s_axis_video_V_strb_V, i6 %s_axis_video_V_keep_V, i48 %s_axis_video_V_data_V, void @empty_11, i32 0, i32 0, void @empty_5, i32 0, i32 0, void @empty_1, void @empty_1, void @empty_1, i32 0, i32 0, i32 0, i32 0, void @empty_1, void @empty_1, i32 4294967295, i32 0, i32 0"   --->   Operation 37 'specinterface' 'specinterface_ln0' <Predicate = true> <Delay = 0.00>
ST_6 : Operation 38 [1/1] (0.00ns)   --->   "%specinterface_ln0 = specinterface void @_ssdm_op_SpecInterface, i128 %mm_video, void @empty_0, i32 0, i32 0, void @empty_1, i32 100, i32 2073600, void @empty_2, void @empty_3, void @empty_1, i32 16, i32 4, i32 16, i32 16, void @empty_1, void @empty_1, i32 4294967295, i32 0, i32 0"   --->   Operation 38 'specinterface' 'specinterface_ln0' <Predicate = true> <Delay = 0.00>
ST_6 : Operation 39 [1/1] (0.00ns)   --->   "%empty_273 = specchannel i32 @_ssdm_op_SpecChannel, void @img_str, i32 1, void @p_str, void @p_str, i32 2, i32 2, i48 %img, i48 %img"   --->   Operation 39 'specchannel' 'empty_273' <Predicate = true> <Delay = 0.00>
ST_6 : Operation 40 [1/1] (0.00ns)   --->   "%specinterface_ln0 = specinterface void @_ssdm_op_SpecInterface, i48 %img, void @empty_19, i32 0, i32 0, void @empty_1, i32 0, i32 0, void @empty_1, void @empty_1, void @empty_1, i32 0, i32 0, i32 0, i32 0, void @empty_1, void @empty_1, i32 4294967295, i32 0, i32 0"   --->   Operation 40 'specinterface' 'specinterface_ln0' <Predicate = true> <Delay = 0.00>
ST_6 : Operation 41 [1/1] (0.00ns)   --->   "%empty_274 = specchannel i32 @_ssdm_op_SpecChannel, void @bytePlanes_str, i32 1, void @p_str, void @p_str, i32 481, i32 481, i128 %bytePlanes, i128 %bytePlanes"   --->   Operation 41 'specchannel' 'empty_274' <Predicate = true> <Delay = 0.00>
ST_6 : Operation 42 [1/1] (0.00ns)   --->   "%specinterface_ln0 = specinterface void @_ssdm_op_SpecInterface, i128 %bytePlanes, void @empty_19, i32 0, i32 0, void @empty_1, i32 0, i32 0, void @empty_1, void @empty_1, void @empty_1, i32 0, i32 0, i32 0, i32 0, void @empty_1, void @empty_1, i32 4294967295, i32 0, i32 0"   --->   Operation 42 'specinterface' 'specinterface_ln0' <Predicate = true> <Delay = 0.00>
ST_6 : Operation 43 [1/1] (0.00ns)   --->   "%specmemcore_ln109 = specmemcore void @_ssdm_op_SpecMemCore, i128 %bytePlanes, i64 666, i64 8, i64 18446744073709551615" [/home/izaan/GitRepos/dpdma_exdes/vivado_quad_vmix/kv260_quad_vmix_dp.runs/bd_quad_vmix_dp_v_frmbuf_wr_0_0_synth_1/prj/sol/.autopilot/db/v_frmbuf_wr.cpp:109]   --->   Operation 43 'specmemcore' 'specmemcore_ln109' <Predicate = true> <Delay = 0.00>
ST_6 : Operation 44 [1/2] (0.80ns)   --->   "%call_ln126 = call void @Bytes2AXIMMvideo, i128 %bytePlanes, i128 %mm_video, i32 %HwReg_frm_buffer_c, i12 %height_val8_read, i15 %WidthInBytes_val2_c, i16 %stride_val9_read" [/home/izaan/GitRepos/dpdma_exdes/vivado_quad_vmix/kv260_quad_vmix_dp.runs/bd_quad_vmix_dp_v_frmbuf_wr_0_0_synth_1/prj/sol/.autopilot/db/v_frmbuf_wr.cpp:126]   --->   Operation 44 'call' 'call_ln126' <Predicate = true> <Delay = 0.80> <CoreType = "Generic">   --->   Generic Core
ST_6 : Operation 45 [1/1] (0.00ns)   --->   "%ret_ln129 = ret" [/home/izaan/GitRepos/dpdma_exdes/vivado_quad_vmix/kv260_quad_vmix_dp.runs/bd_quad_vmix_dp_v_frmbuf_wr_0_0_synth_1/prj/sol/.autopilot/db/v_frmbuf_wr.cpp:129]   --->   Operation 45 'ret' 'ret_ln129' <Predicate = true> <Delay = 0.00>


============================================================
+ Verbose Summary: Binding
============================================================
STG Binding: 
---------------- STG Properties BEGIN ----------------
- Is combinational: 0
- Is one-state seq: 0
- Is datapath-only: 0
- Is pipelined: 0
- Is top level: 0
Port [ Return ] is wired: 1; IO mode=ap_ctrl_hs:ce=0
Port [ s_axis_video_V_data_V]:  wired=1; compound=1; hidden=0; nouse=0; global=0; static=0; extern=0; dir=0; type=0; pingpong=0; private_global=0; IO mode=axis:ce=0
Port [ s_axis_video_V_keep_V]:  wired=1; compound=1; hidden=0; nouse=0; global=0; static=0; extern=0; dir=0; type=0; pingpong=0; private_global=0; IO mode=axis:ce=0
Port [ s_axis_video_V_strb_V]:  wired=1; compound=1; hidden=0; nouse=0; global=0; static=0; extern=0; dir=0; type=0; pingpong=0; private_global=0; IO mode=axis:ce=0
Port [ s_axis_video_V_user_V]:  wired=1; compound=1; hidden=0; nouse=0; global=0; static=0; extern=0; dir=0; type=0; pingpong=0; private_global=0; IO mode=axis:ce=0
Port [ s_axis_video_V_last_V]:  wired=1; compound=1; hidden=0; nouse=0; global=0; static=0; extern=0; dir=0; type=0; pingpong=0; private_global=0; IO mode=axis:ce=0
Port [ s_axis_video_V_id_V]:  wired=1; compound=1; hidden=0; nouse=0; global=0; static=0; extern=0; dir=0; type=0; pingpong=0; private_global=0; IO mode=axis:ce=0
Port [ s_axis_video_V_dest_V]:  wired=1; compound=1; hidden=0; nouse=0; global=0; static=0; extern=0; dir=0; type=0; pingpong=0; private_global=0; IO mode=axis:ce=0
Port [ mm_video]:  wired=1; compound=1; hidden=0; nouse=0; global=0; static=0; extern=0; dir=1; type=4; pingpong=0; private_global=0; IO mode=m_axi:ce=0
Port [ HwReg_frm_buffer]:  wired=1; compound=0; hidden=0; nouse=0; global=0; static=0; extern=0; dir=0; type=0; pingpong=0; private_global=0; IO mode=ap_none:ce=0
Port [ WidthInBytes_val2]:  wired=1; compound=0; hidden=0; nouse=0; global=0; static=0; extern=0; dir=0; type=0; pingpong=0; private_global=0; IO mode=ap_none:ce=0
Port [ colorFormat_val3]:  wired=1; compound=0; hidden=0; nouse=0; global=0; static=0; extern=0; dir=0; type=0; pingpong=0; private_global=0; IO mode=ap_none:ce=0
Port [ width_val5]:  wired=1; compound=0; hidden=0; nouse=0; global=0; static=0; extern=0; dir=0; type=0; pingpong=0; private_global=0; IO mode=ap_none:ce=0
Port [ height_val8]:  wired=1; compound=0; hidden=0; nouse=0; global=0; static=0; extern=0; dir=0; type=0; pingpong=0; private_global=0; IO mode=ap_none:ce=0
Port [ stride_val9]:  wired=1; compound=0; hidden=0; nouse=0; global=0; static=0; extern=0; dir=0; type=0; pingpong=0; private_global=0; IO mode=ap_none:ce=0
Port [ video_format_val10]:  wired=1; compound=0; hidden=0; nouse=0; global=0; static=0; extern=0; dir=0; type=0; pingpong=0; private_global=0; IO mode=ap_none:ce=0
---------------- STG Properties END ------------------

---------------- Datapath Model BEGIN ----------------

<LifeTime>
<method=bitvector/>
height_val8_read         (read                ) [ 0011111]
width_val5_read          (read                ) [ 0011100]
colorFormat_val3_read    (read                ) [ 0010000]
WidthInBytes_val2_read   (read                ) [ 0000000]
HwReg_frm_buffer_read    (read                ) [ 0000000]
WidthInBytes_val2_c1     (alloca              ) [ 0111111]
WidthInBytes_val2_c      (alloca              ) [ 0011111]
HwReg_frm_buffer_c       (alloca              ) [ 0111111]
img                      (alloca              ) [ 0111111]
bytePlanes               (alloca              ) [ 0011111]
call_ln0                 (call                ) [ 0000000]
call_ln115               (call                ) [ 0000000]
video_format_val10_read  (read                ) [ 0000100]
call_ln124               (call                ) [ 0000000]
stride_val9_read         (read                ) [ 0000001]
empty                    (specchannel         ) [ 0000000]
specinterface_ln0        (specinterface       ) [ 0000000]
empty_271                (specchannel         ) [ 0000000]
specinterface_ln0        (specinterface       ) [ 0000000]
empty_272                (specchannel         ) [ 0000000]
specinterface_ln0        (specinterface       ) [ 0000000]
specdataflowpipeline_ln0 (specdataflowpipeline) [ 0000000]
specaxissidechannel_ln0  (specaxissidechannel ) [ 0000000]
specstablecontent_ln0    (specstablecontent   ) [ 0000000]
specstablecontent_ln0    (specstablecontent   ) [ 0000000]
specstablecontent_ln0    (specstablecontent   ) [ 0000000]
specstablecontent_ln0    (specstablecontent   ) [ 0000000]
specinterface_ln0        (specinterface       ) [ 0000000]
specinterface_ln0        (specinterface       ) [ 0000000]
empty_273                (specchannel         ) [ 0000000]
specinterface_ln0        (specinterface       ) [ 0000000]
empty_274                (specchannel         ) [ 0000000]
specinterface_ln0        (specinterface       ) [ 0000000]
specmemcore_ln109        (specmemcore         ) [ 0000000]
call_ln126               (call                ) [ 0000000]
ret_ln129                (ret                 ) [ 0000000]
</LifeTime>

<model>

<comp_list>
<comp id="0" class="1000" name="s_axis_video_V_data_V">
<pin_list>
<pin id="1" dir="1" index="0" bw="1" slack="0"/>
</pin_list>
<bind>
<StgValue><ssdm name="s_axis_video_V_data_V"/></StgValue>
</bind>
</comp>

<comp id="2" class="1000" name="s_axis_video_V_keep_V">
<pin_list>
<pin id="3" dir="1" index="0" bw="1" slack="0"/>
</pin_list>
<bind>
<StgValue><ssdm name="s_axis_video_V_keep_V"/></StgValue>
</bind>
</comp>

<comp id="4" class="1000" name="s_axis_video_V_strb_V">
<pin_list>
<pin id="5" dir="1" index="0" bw="1" slack="0"/>
</pin_list>
<bind>
<StgValue><ssdm name="s_axis_video_V_strb_V"/></StgValue>
</bind>
</comp>

<comp id="6" class="1000" name="s_axis_video_V_user_V">
<pin_list>
<pin id="7" dir="1" index="0" bw="1" slack="0"/>
</pin_list>
<bind>
<StgValue><ssdm name="s_axis_video_V_user_V"/></StgValue>
</bind>
</comp>

<comp id="8" class="1000" name="s_axis_video_V_last_V">
<pin_list>
<pin id="9" dir="1" index="0" bw="1" slack="0"/>
</pin_list>
<bind>
<StgValue><ssdm name="s_axis_video_V_last_V"/></StgValue>
</bind>
</comp>

<comp id="10" class="1000" name="s_axis_video_V_id_V">
<pin_list>
<pin id="11" dir="1" index="0" bw="1" slack="0"/>
</pin_list>
<bind>
<StgValue><ssdm name="s_axis_video_V_id_V"/></StgValue>
</bind>
</comp>

<comp id="12" class="1000" name="s_axis_video_V_dest_V">
<pin_list>
<pin id="13" dir="1" index="0" bw="1" slack="0"/>
</pin_list>
<bind>
<StgValue><ssdm name="s_axis_video_V_dest_V"/></StgValue>
</bind>
</comp>

<comp id="14" class="1000" name="mm_video">
<pin_list>
<pin id="15" dir="1" index="0" bw="1" slack="0"/>
</pin_list>
<bind>
<StgValue><ssdm name="mm_video"/><MemPortTyVec>1 </MemPortTyVec>
</StgValue>
</bind>
</comp>

<comp id="16" class="1000" name="HwReg_frm_buffer">
<pin_list>
<pin id="17" dir="1" index="0" bw="1" slack="0"/>
</pin_list>
<bind>
<StgValue><ssdm name="HwReg_frm_buffer"/></StgValue>
</bind>
</comp>

<comp id="18" class="1000" name="WidthInBytes_val2">
<pin_list>
<pin id="19" dir="1" index="0" bw="1" slack="0"/>
</pin_list>
<bind>
<StgValue><ssdm name="WidthInBytes_val2"/></StgValue>
</bind>
</comp>

<comp id="20" class="1000" name="colorFormat_val3">
<pin_list>
<pin id="21" dir="1" index="0" bw="1" slack="0"/>
</pin_list>
<bind>
<StgValue><ssdm name="colorFormat_val3"/></StgValue>
</bind>
</comp>

<comp id="22" class="1000" name="width_val5">
<pin_list>
<pin id="23" dir="1" index="0" bw="1" slack="0"/>
</pin_list>
<bind>
<StgValue><ssdm name="width_val5"/></StgValue>
</bind>
</comp>

<comp id="24" class="1000" name="height_val8">
<pin_list>
<pin id="25" dir="1" index="0" bw="1" slack="0"/>
</pin_list>
<bind>
<StgValue><ssdm name="height_val8"/></StgValue>
</bind>
</comp>

<comp id="26" class="1000" name="stride_val9">
<pin_list>
<pin id="27" dir="1" index="0" bw="1" slack="0"/>
</pin_list>
<bind>
<StgValue><ssdm name="stride_val9"/></StgValue>
</bind>
</comp>

<comp id="28" class="1000" name="video_format_val10">
<pin_list>
<pin id="29" dir="1" index="0" bw="1" slack="0"/>
</pin_list>
<bind>
<StgValue><ssdm name="video_format_val10"/></StgValue>
</bind>
</comp>

<comp id="30" class="1001" name="const_30">
<pin_list>
<pin id="31" dir="1" index="0" bw="1" slack="0"/>
</pin_list>
<bind>
<StgValue><ssdm name="_ssdm_op_Read.ap_auto.i12"/></StgValue>
</bind>
</comp>

<comp id="32" class="1001" name="const_32">
<pin_list>
<pin id="33" dir="1" index="0" bw="1" slack="0"/>
</pin_list>
<bind>
<StgValue><ssdm name="_ssdm_op_Read.ap_auto.i3"/></StgValue>
</bind>
</comp>

<comp id="34" class="1001" name="const_34">
<pin_list>
<pin id="35" dir="1" index="0" bw="1" slack="0"/>
</pin_list>
<bind>
<StgValue><ssdm name="_ssdm_op_Read.ap_auto.i15"/></StgValue>
</bind>
</comp>

<comp id="36" class="1001" name="const_36">
<pin_list>
<pin id="37" dir="1" index="0" bw="1" slack="0"/>
</pin_list>
<bind>
<StgValue><ssdm name="_ssdm_op_Read.ap_auto.i32"/></StgValue>
</bind>
</comp>

<comp id="38" class="1001" name="const_38">
<pin_list>
<pin id="39" dir="1" index="0" bw="1" slack="0"/>
</pin_list>
<bind>
<StgValue><ssdm name=""/></StgValue>
</bind>
</comp>

<comp id="40" class="1001" name="const_40">
<pin_list>
<pin id="41" dir="1" index="0" bw="1" slack="0"/>
</pin_list>
<bind>
<StgValue><ssdm name="entry_proc"/></StgValue>
</bind>
</comp>

<comp id="42" class="1001" name="const_42">
<pin_list>
<pin id="43" dir="1" index="0" bw="1" slack="0"/>
</pin_list>
<bind>
<StgValue><ssdm name="AXIvideo2MultiPixStream"/></StgValue>
</bind>
</comp>

<comp id="44" class="1001" name="const_44">
<pin_list>
<pin id="45" dir="1" index="0" bw="1" slack="0"/>
</pin_list>
<bind>
<StgValue><ssdm name="_ssdm_op_Read.ap_auto.i6"/></StgValue>
</bind>
</comp>

<comp id="46" class="1001" name="const_46">
<pin_list>
<pin id="47" dir="1" index="0" bw="1" slack="0"/>
</pin_list>
<bind>
<StgValue><ssdm name="MultiPixStream2Bytes"/></StgValue>
</bind>
</comp>

<comp id="48" class="1001" name="const_48">
<pin_list>
<pin id="49" dir="1" index="0" bw="1" slack="0"/>
</pin_list>
<bind>
<StgValue><ssdm name="_ssdm_op_Read.ap_auto.i16"/></StgValue>
</bind>
</comp>

<comp id="50" class="1001" name="const_50">
<pin_list>
<pin id="51" dir="1" index="0" bw="1" slack="0"/>
</pin_list>
<bind>
<StgValue><ssdm name="Bytes2AXIMMvideo"/></StgValue>
</bind>
</comp>

<comp id="52" class="1001" name="const_52">
<pin_list>
<pin id="53" dir="1" index="0" bw="1" slack="2147483647"/>
</pin_list>
<bind>
<StgValue><ssdm name="_ssdm_op_SpecChannel"/></StgValue>
</bind>
</comp>

<comp id="54" class="1001" name="const_54">
<pin_list>
<pin id="55" dir="1" index="0" bw="1" slack="2147483647"/>
</pin_list>
<bind>
<StgValue><ssdm name="WidthInBytes_OC_val2_c1_str"/></StgValue>
</bind>
</comp>

<comp id="56" class="1001" name="const_56">
<pin_list>
<pin id="57" dir="1" index="0" bw="1" slack="2147483647"/>
</pin_list>
<bind>
<StgValue><ssdm name="p_str"/></StgValue>
</bind>
</comp>

<comp id="58" class="1001" name="const_58">
<pin_list>
<pin id="59" dir="1" index="0" bw="1" slack="2147483647"/>
</pin_list>
<bind>
<StgValue><ssdm name=""/></StgValue>
</bind>
</comp>

<comp id="60" class="1001" name="const_60">
<pin_list>
<pin id="61" dir="1" index="0" bw="1" slack="2147483647"/>
</pin_list>
<bind>
<StgValue><ssdm name=""/></StgValue>
</bind>
</comp>

<comp id="62" class="1001" name="const_62">
<pin_list>
<pin id="63" dir="1" index="0" bw="1" slack="2147483647"/>
</pin_list>
<bind>
<StgValue><ssdm name="_ssdm_op_SpecInterface"/></StgValue>
</bind>
</comp>

<comp id="64" class="1001" name="const_64">
<pin_list>
<pin id="65" dir="1" index="0" bw="1" slack="2147483647"/>
</pin_list>
<bind>
<StgValue><ssdm name="ap_fifo_str"/></StgValue>
</bind>
</comp>

<comp id="66" class="1001" name="const_66">
<pin_list>
<pin id="67" dir="1" index="0" bw="1" slack="2147483647"/>
</pin_list>
<bind>
<StgValue><ssdm name=""/></StgValue>
</bind>
</comp>

<comp id="68" class="1001" name="const_68">
<pin_list>
<pin id="69" dir="1" index="0" bw="1" slack="2147483647"/>
</pin_list>
<bind>
<StgValue><ssdm name=""/></StgValue>
</bind>
</comp>

<comp id="70" class="1001" name="const_70">
<pin_list>
<pin id="71" dir="1" index="0" bw="1" slack="2147483647"/>
</pin_list>
<bind>
<StgValue><ssdm name=""/></StgValue>
</bind>
</comp>

<comp id="72" class="1001" name="const_72">
<pin_list>
<pin id="73" dir="1" index="0" bw="1" slack="2147483647"/>
</pin_list>
<bind>
<StgValue><ssdm name="WidthInBytes_OC_val2_c_str"/></StgValue>
</bind>
</comp>

<comp id="74" class="1001" name="const_74">
<pin_list>
<pin id="75" dir="1" index="0" bw="1" slack="2147483647"/>
</pin_list>
<bind>
<StgValue><ssdm name="HwReg_frm_buffer_c_str"/></StgValue>
</bind>
</comp>

<comp id="76" class="1001" name="const_76">
<pin_list>
<pin id="77" dir="1" index="0" bw="1" slack="2147483647"/>
</pin_list>
<bind>
<StgValue><ssdm name=""/></StgValue>
</bind>
</comp>

<comp id="78" class="1001" name="const_78">
<pin_list>
<pin id="79" dir="1" index="0" bw="1" slack="2147483647"/>
</pin_list>
<bind>
<StgValue><ssdm name="_ssdm_op_SpecDataflowPipeline"/></StgValue>
</bind>
</comp>

<comp id="80" class="1001" name="const_80">
<pin_list>
<pin id="81" dir="1" index="0" bw="1" slack="2147483647"/>
</pin_list>
<bind>
<StgValue><ssdm name="empty_1"/></StgValue>
</bind>
</comp>

<comp id="82" class="1001" name="const_82">
<pin_list>
<pin id="83" dir="1" index="0" bw="1" slack="2147483647"/>
</pin_list>
<bind>
<StgValue><ssdm name="_ssdm_op_SpecAXISSideChannel"/></StgValue>
</bind>
</comp>

<comp id="84" class="1001" name="const_84">
<pin_list>
<pin id="85" dir="1" index="0" bw="1" slack="2147483647"/>
</pin_list>
<bind>
<StgValue><ssdm name="empty_10"/></StgValue>
</bind>
</comp>

<comp id="86" class="1001" name="const_86">
<pin_list>
<pin id="87" dir="1" index="0" bw="1" slack="2147483647"/>
</pin_list>
<bind>
<StgValue><ssdm name="_ssdm_op_SpecStableContent"/></StgValue>
</bind>
</comp>

<comp id="88" class="1001" name="const_88">
<pin_list>
<pin id="89" dir="1" index="0" bw="1" slack="2147483647"/>
</pin_list>
<bind>
<StgValue><ssdm name=""/></StgValue>
</bind>
</comp>

<comp id="90" class="1001" name="const_90">
<pin_list>
<pin id="91" dir="1" index="0" bw="1" slack="2147483647"/>
</pin_list>
<bind>
<StgValue><ssdm name="empty_11"/></StgValue>
</bind>
</comp>

<comp id="92" class="1001" name="const_92">
<pin_list>
<pin id="93" dir="1" index="0" bw="1" slack="2147483647"/>
</pin_list>
<bind>
<StgValue><ssdm name="empty_5"/></StgValue>
</bind>
</comp>

<comp id="94" class="1001" name="const_94">
<pin_list>
<pin id="95" dir="1" index="0" bw="1" slack="2147483647"/>
</pin_list>
<bind>
<StgValue><ssdm name="empty_0"/></StgValue>
</bind>
</comp>

<comp id="96" class="1001" name="const_96">
<pin_list>
<pin id="97" dir="1" index="0" bw="1" slack="2147483647"/>
</pin_list>
<bind>
<StgValue><ssdm name=""/></StgValue>
</bind>
</comp>

<comp id="98" class="1001" name="const_98">
<pin_list>
<pin id="99" dir="1" index="0" bw="1" slack="2147483647"/>
</pin_list>
<bind>
<StgValue><ssdm name=""/></StgValue>
</bind>
</comp>

<comp id="100" class="1001" name="const_100">
<pin_list>
<pin id="101" dir="1" index="0" bw="1" slack="2147483647"/>
</pin_list>
<bind>
<StgValue><ssdm name="empty_2"/></StgValue>
</bind>
</comp>

<comp id="102" class="1001" name="const_102">
<pin_list>
<pin id="103" dir="1" index="0" bw="1" slack="2147483647"/>
</pin_list>
<bind>
<StgValue><ssdm name="empty_3"/></StgValue>
</bind>
</comp>

<comp id="104" class="1001" name="const_104">
<pin_list>
<pin id="105" dir="1" index="0" bw="1" slack="2147483647"/>
</pin_list>
<bind>
<StgValue><ssdm name="img_str"/></StgValue>
</bind>
</comp>

<comp id="106" class="1001" name="const_106">
<pin_list>
<pin id="107" dir="1" index="0" bw="1" slack="2147483647"/>
</pin_list>
<bind>
<StgValue><ssdm name="empty_19"/></StgValue>
</bind>
</comp>

<comp id="108" class="1001" name="const_108">
<pin_list>
<pin id="109" dir="1" index="0" bw="1" slack="2147483647"/>
</pin_list>
<bind>
<StgValue><ssdm name="bytePlanes_str"/></StgValue>
</bind>
</comp>

<comp id="110" class="1001" name="const_110">
<pin_list>
<pin id="111" dir="1" index="0" bw="1" slack="2147483647"/>
</pin_list>
<bind>
<StgValue><ssdm name=""/></StgValue>
</bind>
</comp>

<comp id="112" class="1001" name="const_112">
<pin_list>
<pin id="113" dir="1" index="0" bw="1" slack="2147483647"/>
</pin_list>
<bind>
<StgValue><ssdm name="_ssdm_op_SpecMemCore"/></StgValue>
</bind>
</comp>

<comp id="114" class="1001" name="const_114">
<pin_list>
<pin id="115" dir="1" index="0" bw="1" slack="2147483647"/>
</pin_list>
<bind>
<StgValue><ssdm name=""/></StgValue>
</bind>
</comp>

<comp id="116" class="1001" name="const_116">
<pin_list>
<pin id="117" dir="1" index="0" bw="1" slack="2147483647"/>
</pin_list>
<bind>
<StgValue><ssdm name=""/></StgValue>
</bind>
</comp>

<comp id="118" class="1001" name="const_118">
<pin_list>
<pin id="119" dir="1" index="0" bw="1" slack="2147483647"/>
</pin_list>
<bind>
<StgValue><ssdm name=""/></StgValue>
</bind>
</comp>

<comp id="120" class="1004" name="WidthInBytes_val2_c1_fu_120">
<pin_list>
<pin id="121" dir="0" index="0" bw="1" slack="0"/>
<pin id="122" dir="1" index="1" bw="15" slack="0"/>
</pin_list>
<bind>
<opcode="alloca(26) " fcode="alloca"/>
<opset="WidthInBytes_val2_c1/1 "/>
</bind>
</comp>

<comp id="124" class="1004" name="WidthInBytes_val2_c_fu_124">
<pin_list>
<pin id="125" dir="0" index="0" bw="1" slack="0"/>
<pin id="126" dir="1" index="1" bw="15" slack="2"/>
</pin_list>
<bind>
<opcode="alloca(26) " fcode="alloca"/>
<opset="WidthInBytes_val2_c/1 "/>
</bind>
</comp>

<comp id="128" class="1004" name="HwReg_frm_buffer_c_fu_128">
<pin_list>
<pin id="129" dir="0" index="0" bw="1" slack="0"/>
<pin id="130" dir="1" index="1" bw="32" slack="0"/>
</pin_list>
<bind>
<opcode="alloca(26) " fcode="alloca"/>
<opset="HwReg_frm_buffer_c/1 "/>
</bind>
</comp>

<comp id="132" class="1004" name="img_fu_132">
<pin_list>
<pin id="133" dir="0" index="0" bw="1" slack="0"/>
<pin id="134" dir="1" index="1" bw="48" slack="0"/>
</pin_list>
<bind>
<opcode="alloca(26) " fcode="alloca"/>
<opset="img/1 "/>
</bind>
</comp>

<comp id="136" class="1004" name="bytePlanes_fu_136">
<pin_list>
<pin id="137" dir="0" index="0" bw="1" slack="0"/>
<pin id="138" dir="1" index="1" bw="128" slack="2"/>
</pin_list>
<bind>
<opcode="alloca(26) " fcode="alloca"/>
<opset="bytePlanes/1 "/>
</bind>
</comp>

<comp id="140" class="1004" name="height_val8_read_read_fu_140">
<pin_list>
<pin id="141" dir="0" index="0" bw="12" slack="0"/>
<pin id="142" dir="0" index="1" bw="12" slack="0"/>
<pin id="143" dir="1" index="2" bw="12" slack="0"/>
</pin_list>
<bind>
<opcode="read(1150) " fcode="read"/>
<opset="height_val8_read/1 "/>
</bind>
</comp>

<comp id="146" class="1004" name="width_val5_read_read_fu_146">
<pin_list>
<pin id="147" dir="0" index="0" bw="12" slack="0"/>
<pin id="148" dir="0" index="1" bw="12" slack="0"/>
<pin id="149" dir="1" index="2" bw="12" slack="0"/>
</pin_list>
<bind>
<opcode="read(1150) " fcode="read"/>
<opset="width_val5_read/1 "/>
</bind>
</comp>

<comp id="152" class="1004" name="colorFormat_val3_read_read_fu_152">
<pin_list>
<pin id="153" dir="0" index="0" bw="3" slack="0"/>
<pin id="154" dir="0" index="1" bw="3" slack="0"/>
<pin id="155" dir="1" index="2" bw="3" slack="0"/>
</pin_list>
<bind>
<opcode="read(1150) " fcode="read"/>
<opset="colorFormat_val3_read/1 "/>
</bind>
</comp>

<comp id="158" class="1004" name="WidthInBytes_val2_read_read_fu_158">
<pin_list>
<pin id="159" dir="0" index="0" bw="15" slack="0"/>
<pin id="160" dir="0" index="1" bw="15" slack="0"/>
<pin id="161" dir="1" index="2" bw="15" slack="0"/>
</pin_list>
<bind>
<opcode="read(1150) " fcode="read"/>
<opset="WidthInBytes_val2_read/1 "/>
</bind>
</comp>

<comp id="164" class="1004" name="HwReg_frm_buffer_read_read_fu_164">
<pin_list>
<pin id="165" dir="0" index="0" bw="32" slack="0"/>
<pin id="166" dir="0" index="1" bw="32" slack="0"/>
<pin id="167" dir="1" index="2" bw="32" slack="0"/>
</pin_list>
<bind>
<opcode="read(1150) " fcode="read"/>
<opset="HwReg_frm_buffer_read/1 "/>
</bind>
</comp>

<comp id="170" class="1004" name="video_format_val10_read_read_fu_170">
<pin_list>
<pin id="171" dir="0" index="0" bw="6" slack="0"/>
<pin id="172" dir="0" index="1" bw="6" slack="0"/>
<pin id="173" dir="1" index="2" bw="6" slack="0"/>
</pin_list>
<bind>
<opcode="read(1150) " fcode="read"/>
<opset="video_format_val10_read/3 "/>
</bind>
</comp>

<comp id="176" class="1004" name="stride_val9_read_read_fu_176">
<pin_list>
<pin id="177" dir="0" index="0" bw="16" slack="0"/>
<pin id="178" dir="0" index="1" bw="16" slack="0"/>
<pin id="179" dir="1" index="2" bw="16" slack="0"/>
</pin_list>
<bind>
<opcode="read(1150) " fcode="read"/>
<opset="stride_val9_read/5 "/>
</bind>
</comp>

<comp id="182" class="1004" name="call_ln0_entry_proc_fu_182">
<pin_list>
<pin id="183" dir="0" index="0" bw="0" slack="0"/>
<pin id="184" dir="0" index="1" bw="32" slack="0"/>
<pin id="185" dir="0" index="2" bw="32" slack="0"/>
<pin id="186" dir="0" index="3" bw="15" slack="0"/>
<pin id="187" dir="0" index="4" bw="15" slack="0"/>
<pin id="188" dir="1" index="5" bw="0" slack="2147483647"/>
</pin_list>
<bind>
<opcode="call(48) " fcode="call"/>
<opset="call_ln0/1 "/>
</bind>
</comp>

<comp id="192" class="1004" name="grp_AXIvideo2MultiPixStream_fu_192">
<pin_list>
<pin id="193" dir="0" index="0" bw="0" slack="0"/>
<pin id="194" dir="0" index="1" bw="48" slack="0"/>
<pin id="195" dir="0" index="2" bw="6" slack="0"/>
<pin id="196" dir="0" index="3" bw="6" slack="0"/>
<pin id="197" dir="0" index="4" bw="1" slack="0"/>
<pin id="198" dir="0" index="5" bw="1" slack="0"/>
<pin id="199" dir="0" index="6" bw="1" slack="0"/>
<pin id="200" dir="0" index="7" bw="1" slack="0"/>
<pin id="201" dir="0" index="8" bw="48" slack="0"/>
<pin id="202" dir="0" index="9" bw="12" slack="0"/>
<pin id="203" dir="0" index="10" bw="12" slack="0"/>
<pin id="204" dir="0" index="11" bw="3" slack="0"/>
<pin id="205" dir="1" index="12" bw="0" slack="2147483647"/>
</pin_list>
<bind>
<opcode="call(48) " fcode="call"/>
<opset="call_ln115/1 "/>
</bind>
</comp>

<comp id="217" class="1004" name="grp_MultiPixStream2Bytes_fu_217">
<pin_list>
<pin id="218" dir="0" index="0" bw="0" slack="0"/>
<pin id="219" dir="0" index="1" bw="48" slack="2"/>
<pin id="220" dir="0" index="2" bw="128" slack="2"/>
<pin id="221" dir="0" index="3" bw="12" slack="2"/>
<pin id="222" dir="0" index="4" bw="12" slack="2"/>
<pin id="223" dir="0" index="5" bw="15" slack="2"/>
<pin id="224" dir="0" index="6" bw="6" slack="0"/>
<pin id="225" dir="0" index="7" bw="15" slack="2"/>
<pin id="226" dir="1" index="8" bw="0" slack="2147483647"/>
</pin_list>
<bind>
<opcode="call(48) " fcode="call"/>
<opset="call_ln124/3 "/>
</bind>
</comp>

<comp id="229" class="1004" name="grp_Bytes2AXIMMvideo_fu_229">
<pin_list>
<pin id="230" dir="0" index="0" bw="0" slack="0"/>
<pin id="231" dir="0" index="1" bw="128" slack="4"/>
<pin id="232" dir="0" index="2" bw="128" slack="0"/>
<pin id="233" dir="0" index="3" bw="32" slack="4"/>
<pin id="234" dir="0" index="4" bw="12" slack="4"/>
<pin id="235" dir="0" index="5" bw="15" slack="4"/>
<pin id="236" dir="0" index="6" bw="16" slack="0"/>
<pin id="237" dir="1" index="7" bw="0" slack="2147483647"/>
</pin_list>
<bind>
<opcode="call(48) " fcode="call"/>
<opset="call_ln126/5 "/>
</bind>
</comp>

<comp id="241" class="1005" name="height_val8_read_reg_241">
<pin_list>
<pin id="242" dir="0" index="0" bw="12" slack="1"/>
<pin id="243" dir="1" index="1" bw="12" slack="1"/>
</pin_list>
<bind>
<opset="height_val8_read "/>
</bind>
</comp>

<comp id="248" class="1005" name="width_val5_read_reg_248">
<pin_list>
<pin id="249" dir="0" index="0" bw="12" slack="1"/>
<pin id="250" dir="1" index="1" bw="12" slack="1"/>
</pin_list>
<bind>
<opset="width_val5_read "/>
</bind>
</comp>

<comp id="254" class="1005" name="colorFormat_val3_read_reg_254">
<pin_list>
<pin id="255" dir="0" index="0" bw="3" slack="1"/>
<pin id="256" dir="1" index="1" bw="3" slack="1"/>
</pin_list>
<bind>
<opset="colorFormat_val3_read "/>
</bind>
</comp>

<comp id="259" class="1005" name="WidthInBytes_val2_c1_reg_259">
<pin_list>
<pin id="260" dir="0" index="0" bw="15" slack="0"/>
<pin id="261" dir="1" index="1" bw="15" slack="0"/>
</pin_list>
<bind>
<opset="WidthInBytes_val2_c1 "/>
</bind>
</comp>

<comp id="265" class="1005" name="WidthInBytes_val2_c_reg_265">
<pin_list>
<pin id="266" dir="0" index="0" bw="15" slack="2"/>
<pin id="267" dir="1" index="1" bw="15" slack="2"/>
</pin_list>
<bind>
<opset="WidthInBytes_val2_c "/>
</bind>
</comp>

<comp id="271" class="1005" name="HwReg_frm_buffer_c_reg_271">
<pin_list>
<pin id="272" dir="0" index="0" bw="32" slack="0"/>
<pin id="273" dir="1" index="1" bw="32" slack="0"/>
</pin_list>
<bind>
<opset="HwReg_frm_buffer_c "/>
</bind>
</comp>

<comp id="277" class="1005" name="img_reg_277">
<pin_list>
<pin id="278" dir="0" index="0" bw="48" slack="0"/>
<pin id="279" dir="1" index="1" bw="48" slack="0"/>
</pin_list>
<bind>
<opset="img "/>
</bind>
</comp>

<comp id="283" class="1005" name="bytePlanes_reg_283">
<pin_list>
<pin id="284" dir="0" index="0" bw="128" slack="2"/>
<pin id="285" dir="1" index="1" bw="128" slack="2"/>
</pin_list>
<bind>
<opset="bytePlanes "/>
</bind>
</comp>

<comp id="289" class="1005" name="video_format_val10_read_reg_289">
<pin_list>
<pin id="290" dir="0" index="0" bw="6" slack="1"/>
<pin id="291" dir="1" index="1" bw="6" slack="1"/>
</pin_list>
<bind>
<opset="video_format_val10_read "/>
</bind>
</comp>

<comp id="294" class="1005" name="stride_val9_read_reg_294">
<pin_list>
<pin id="295" dir="0" index="0" bw="16" slack="1"/>
<pin id="296" dir="1" index="1" bw="16" slack="1"/>
</pin_list>
<bind>
<opset="stride_val9_read "/>
</bind>
</comp>

</comp_list>

<net_list>
<net id="123"><net_src comp="38" pin="0"/><net_sink comp="120" pin=0"/></net>

<net id="127"><net_src comp="38" pin="0"/><net_sink comp="124" pin=0"/></net>

<net id="131"><net_src comp="38" pin="0"/><net_sink comp="128" pin=0"/></net>

<net id="135"><net_src comp="38" pin="0"/><net_sink comp="132" pin=0"/></net>

<net id="139"><net_src comp="38" pin="0"/><net_sink comp="136" pin=0"/></net>

<net id="144"><net_src comp="30" pin="0"/><net_sink comp="140" pin=0"/></net>

<net id="145"><net_src comp="24" pin="0"/><net_sink comp="140" pin=1"/></net>

<net id="150"><net_src comp="30" pin="0"/><net_sink comp="146" pin=0"/></net>

<net id="151"><net_src comp="22" pin="0"/><net_sink comp="146" pin=1"/></net>

<net id="156"><net_src comp="32" pin="0"/><net_sink comp="152" pin=0"/></net>

<net id="157"><net_src comp="20" pin="0"/><net_sink comp="152" pin=1"/></net>

<net id="162"><net_src comp="34" pin="0"/><net_sink comp="158" pin=0"/></net>

<net id="163"><net_src comp="18" pin="0"/><net_sink comp="158" pin=1"/></net>

<net id="168"><net_src comp="36" pin="0"/><net_sink comp="164" pin=0"/></net>

<net id="169"><net_src comp="16" pin="0"/><net_sink comp="164" pin=1"/></net>

<net id="174"><net_src comp="44" pin="0"/><net_sink comp="170" pin=0"/></net>

<net id="175"><net_src comp="28" pin="0"/><net_sink comp="170" pin=1"/></net>

<net id="180"><net_src comp="48" pin="0"/><net_sink comp="176" pin=0"/></net>

<net id="181"><net_src comp="26" pin="0"/><net_sink comp="176" pin=1"/></net>

<net id="189"><net_src comp="40" pin="0"/><net_sink comp="182" pin=0"/></net>

<net id="190"><net_src comp="164" pin="2"/><net_sink comp="182" pin=1"/></net>

<net id="191"><net_src comp="158" pin="2"/><net_sink comp="182" pin=3"/></net>

<net id="206"><net_src comp="42" pin="0"/><net_sink comp="192" pin=0"/></net>

<net id="207"><net_src comp="0" pin="0"/><net_sink comp="192" pin=1"/></net>

<net id="208"><net_src comp="2" pin="0"/><net_sink comp="192" pin=2"/></net>

<net id="209"><net_src comp="4" pin="0"/><net_sink comp="192" pin=3"/></net>

<net id="210"><net_src comp="6" pin="0"/><net_sink comp="192" pin=4"/></net>

<net id="211"><net_src comp="8" pin="0"/><net_sink comp="192" pin=5"/></net>

<net id="212"><net_src comp="10" pin="0"/><net_sink comp="192" pin=6"/></net>

<net id="213"><net_src comp="12" pin="0"/><net_sink comp="192" pin=7"/></net>

<net id="214"><net_src comp="140" pin="2"/><net_sink comp="192" pin=9"/></net>

<net id="215"><net_src comp="146" pin="2"/><net_sink comp="192" pin=10"/></net>

<net id="216"><net_src comp="152" pin="2"/><net_sink comp="192" pin=11"/></net>

<net id="227"><net_src comp="46" pin="0"/><net_sink comp="217" pin=0"/></net>

<net id="228"><net_src comp="170" pin="2"/><net_sink comp="217" pin=6"/></net>

<net id="238"><net_src comp="50" pin="0"/><net_sink comp="229" pin=0"/></net>

<net id="239"><net_src comp="14" pin="0"/><net_sink comp="229" pin=2"/></net>

<net id="240"><net_src comp="176" pin="2"/><net_sink comp="229" pin=6"/></net>

<net id="244"><net_src comp="140" pin="2"/><net_sink comp="241" pin=0"/></net>

<net id="245"><net_src comp="241" pin="1"/><net_sink comp="192" pin=9"/></net>

<net id="246"><net_src comp="241" pin="1"/><net_sink comp="217" pin=3"/></net>

<net id="247"><net_src comp="241" pin="1"/><net_sink comp="229" pin=4"/></net>

<net id="251"><net_src comp="146" pin="2"/><net_sink comp="248" pin=0"/></net>

<net id="252"><net_src comp="248" pin="1"/><net_sink comp="192" pin=10"/></net>

<net id="253"><net_src comp="248" pin="1"/><net_sink comp="217" pin=4"/></net>

<net id="257"><net_src comp="152" pin="2"/><net_sink comp="254" pin=0"/></net>

<net id="258"><net_src comp="254" pin="1"/><net_sink comp="192" pin=11"/></net>

<net id="262"><net_src comp="120" pin="1"/><net_sink comp="259" pin=0"/></net>

<net id="263"><net_src comp="259" pin="1"/><net_sink comp="182" pin=4"/></net>

<net id="264"><net_src comp="259" pin="1"/><net_sink comp="217" pin=5"/></net>

<net id="268"><net_src comp="124" pin="1"/><net_sink comp="265" pin=0"/></net>

<net id="269"><net_src comp="265" pin="1"/><net_sink comp="217" pin=7"/></net>

<net id="270"><net_src comp="265" pin="1"/><net_sink comp="229" pin=5"/></net>

<net id="274"><net_src comp="128" pin="1"/><net_sink comp="271" pin=0"/></net>

<net id="275"><net_src comp="271" pin="1"/><net_sink comp="182" pin=2"/></net>

<net id="276"><net_src comp="271" pin="1"/><net_sink comp="229" pin=3"/></net>

<net id="280"><net_src comp="132" pin="1"/><net_sink comp="277" pin=0"/></net>

<net id="281"><net_src comp="277" pin="1"/><net_sink comp="192" pin=8"/></net>

<net id="282"><net_src comp="277" pin="1"/><net_sink comp="217" pin=1"/></net>

<net id="286"><net_src comp="136" pin="1"/><net_sink comp="283" pin=0"/></net>

<net id="287"><net_src comp="283" pin="1"/><net_sink comp="217" pin=2"/></net>

<net id="288"><net_src comp="283" pin="1"/><net_sink comp="229" pin=1"/></net>

<net id="292"><net_src comp="170" pin="2"/><net_sink comp="289" pin=0"/></net>

<net id="293"><net_src comp="289" pin="1"/><net_sink comp="217" pin=6"/></net>

<net id="297"><net_src comp="176" pin="2"/><net_sink comp="294" pin=0"/></net>

<net id="298"><net_src comp="294" pin="1"/><net_sink comp="229" pin=6"/></net>

</net_list>

</model> 
---------------- Datapath Model END ------------------

* FSMD analyzer results:
  - Output states:
	Port: mm_video | {5 6 }
 - Input state : 
	Port: FrmbufWrHlsDataFlow : s_axis_video_V_data_V | {1 2 }
	Port: FrmbufWrHlsDataFlow : s_axis_video_V_keep_V | {1 2 }
	Port: FrmbufWrHlsDataFlow : s_axis_video_V_strb_V | {1 2 }
	Port: FrmbufWrHlsDataFlow : s_axis_video_V_user_V | {1 2 }
	Port: FrmbufWrHlsDataFlow : s_axis_video_V_last_V | {1 2 }
	Port: FrmbufWrHlsDataFlow : s_axis_video_V_id_V | {1 2 }
	Port: FrmbufWrHlsDataFlow : s_axis_video_V_dest_V | {1 2 }
	Port: FrmbufWrHlsDataFlow : HwReg_frm_buffer | {1 }
	Port: FrmbufWrHlsDataFlow : WidthInBytes_val2 | {1 }
	Port: FrmbufWrHlsDataFlow : colorFormat_val3 | {1 }
	Port: FrmbufWrHlsDataFlow : width_val5 | {1 }
	Port: FrmbufWrHlsDataFlow : height_val8 | {1 }
	Port: FrmbufWrHlsDataFlow : stride_val9 | {5 }
	Port: FrmbufWrHlsDataFlow : video_format_val10 | {3 }
  - Chain level:
	State 1
		call_ln0 : 1
		call_ln115 : 1
	State 2
	State 3
	State 4
	State 5
	State 6


============================================================
+ Verbose Summary: Datapath Resource usage 
============================================================

* Functional unit list:
|----------|-------------------------------------|---------|---------|---------|---------|
| Operation|           Functional Unit           |   DSP   |  Delay  |    FF   |   LUT   |
|----------|-------------------------------------|---------|---------|---------|---------|
|          |      call_ln0_entry_proc_fu_182     |    0    |    0    |    0    |    0    |
|   call   |  grp_AXIvideo2MultiPixStream_fu_192 |    0    |  1.708  |   250   |   205   |
|          |   grp_MultiPixStream2Bytes_fu_217   |    2    |  0.952  |   1595  |   610   |
|          |     grp_Bytes2AXIMMvideo_fu_229     |    0    |  0.854  |   475   |   175   |
|----------|-------------------------------------|---------|---------|---------|---------|
|          |     height_val8_read_read_fu_140    |    0    |    0    |    0    |    0    |
|          |     width_val5_read_read_fu_146     |    0    |    0    |    0    |    0    |
|          |  colorFormat_val3_read_read_fu_152  |    0    |    0    |    0    |    0    |
|   read   |  WidthInBytes_val2_read_read_fu_158 |    0    |    0    |    0    |    0    |
|          |  HwReg_frm_buffer_read_read_fu_164  |    0    |    0    |    0    |    0    |
|          | video_format_val10_read_read_fu_170 |    0    |    0    |    0    |    0    |
|          |     stride_val9_read_read_fu_176    |    0    |    0    |    0    |    0    |
|----------|-------------------------------------|---------|---------|---------|---------|
|   Total  |                                     |    2    |  3.514  |   2320  |   990   |
|----------|-------------------------------------|---------|---------|---------|---------|

Memories:
N/A

* Register list:
+-------------------------------+--------+
|                               |   FF   |
+-------------------------------+--------+
|   HwReg_frm_buffer_c_reg_271  |   32   |
|  WidthInBytes_val2_c1_reg_259 |   15   |
|  WidthInBytes_val2_c_reg_265  |   15   |
|       bytePlanes_reg_283      |   128  |
| colorFormat_val3_read_reg_254 |    3   |
|    height_val8_read_reg_241   |   12   |
|          img_reg_277          |   48   |
|    stride_val9_read_reg_294   |   16   |
|video_format_val10_read_reg_289|    6   |
|    width_val5_read_reg_248    |   12   |
+-------------------------------+--------+
|             Total             |   287  |
+-------------------------------+--------+

* Multiplexer (MUX) list: 
|------------------------------------|------|------|------|--------||---------||---------||---------|
|                Comp                |  Pin | Size |  BW  | S x BW ||  Delay  ||    FF   ||   LUT   |
|------------------------------------|------|------|------|--------||---------||---------||---------|
| grp_AXIvideo2MultiPixStream_fu_192 |  p9  |   2  |  12  |   24   ||    0    ||    9    |
| grp_AXIvideo2MultiPixStream_fu_192 |  p10 |   2  |  12  |   24   ||    0    ||    9    |
| grp_AXIvideo2MultiPixStream_fu_192 |  p11 |   2  |   3  |    6   ||    0    ||    9    |
|   grp_MultiPixStream2Bytes_fu_217  |  p6  |   2  |   6  |   12   ||    0    ||    9    |
|     grp_Bytes2AXIMMvideo_fu_229    |  p6  |   2  |  16  |   32   ||    0    ||    9    |
|------------------------------------|------|------|------|--------||---------||---------||---------|
|                Total               |      |      |      |   98   ||  2.135  ||    0    ||    45   |
|------------------------------------|------|------|------|--------||---------||---------||---------|



* Summary:
+-----------+--------+--------+--------+--------+
|           |   DSP  |  Delay |   FF   |   LUT  |
+-----------+--------+--------+--------+--------+
|  Function |    2   |    3   |  2320  |   990  |
|   Memory  |    -   |    -   |    -   |    -   |
|Multiplexer|    -   |    2   |    0   |   45   |
|  Register |    -   |    -   |   287  |    -   |
+-----------+--------+--------+--------+--------+
|   Total   |    2   |    5   |  2607  |  1035  |
+-----------+--------+--------+--------+--------+
