

================================================================
== Vitis HLS Report for 'FrmbufWrHlsDataFlow'
================================================================
* Date:           Mon Apr 27 12:25:02 2026

* Version:        2024.2 (Build 5238294 on Nov  8 2024)
* Project:        prj
* Solution:       sol (Vivado IP Flow Target)
* Product family: zynquplus
* Target device:  xck26-sfvc784-2LV-c


================================================================
== Performance Estimates
================================================================
+ Timing: 
    * Summary: 
    +--------+---------+----------+------------+
    |  Clock |  Target | Estimated| Uncertainty|
    +--------+---------+----------+------------+
    |ap_clk  |  6.67 ns|  4.867 ns|     1.80 ns|
    +--------+---------+----------+------------+

+ Latency: 
    * Summary: 
    +---------+---------+----------+-----------+------+---------+----------+
    |  Latency (cycles) |  Latency (absolute)  |    Interval    | Pipeline |
    |   min   |   max   |    min   |    max    |  min |   max   |   Type   |
    +---------+---------+----------+-----------+------+---------+----------+
    |   151632|  8307364|  1.011 ms|  55.385 ms|  7042|  8307363|  dataflow|
    +---------+---------+----------+-----------+------+---------+----------+

    + Detail: 
        * Instance: 
        N/A

        * Loop: 
        N/A

============================================================
+ Verbose Summary: Synthesis Manager
============================================================
InlineROM: 1
ExposeGlobal: 0
============================================================
+ Verbose Summary: CDFG Model
============================================================
IsTopModel: 0
ResetActiveHigh: 1
IsCombinational: 2
IsDatapathOnly: 0
HasWiredReturn: 1
HasMFsm: 0
HasVarLatency: 1
IsPipeline: 0
IsRtlPipelined: 0
IsInstanceOverlapped: 0
IsDontTouch: 0
HasImplIP: 0
IsGatedGlobalClock: 0


============================================================
+ Verbose Summary: Schedule
============================================================
* Number of FSM states : 6
* Pipeline : 0
* Dataflow Pipeline: 1
  DF-Pipeline-0: Size = 6, States = { 1 2 3 4 5 6 }

* FSM state transitions: 
1 --> 2 
2 --> 3 
3 --> 4 
4 --> 5 
5 --> 6 
6 --> 

* FSM state operations: 

State 1 <SV = 0> <Delay = 1.83>
ST_1 : Operation 7 [1/1] (0.00ns)   --->   "%height_val8_read = read i12 @_ssdm_op_Read.ap_auto.i12, i12 %height_val8"   --->   Operation 7 'read' 'height_val8_read' <Predicate = true> <Delay = 0.00>
ST_1 : Operation 8 [1/1] (0.00ns)   --->   "%width_val5_read = read i12 @_ssdm_op_Read.ap_auto.i12, i12 %width_val5"   --->   Operation 8 'read' 'width_val5_read' <Predicate = true> <Delay = 0.00>
ST_1 : Operation 9 [1/1] (0.00ns)   --->   "%colorFormat_val3_read = read i3 @_ssdm_op_Read.ap_auto.i3, i3 %colorFormat_val3"   --->   Operation 9 'read' 'colorFormat_val3_read' <Predicate = true> <Delay = 0.00>
ST_1 : Operation 10 [1/1] (0.00ns)   --->   "%WidthInBytes_val2_read = read i15 @_ssdm_op_Read.ap_auto.i15, i15 %WidthInBytes_val2"   --->   Operation 10 'read' 'WidthInBytes_val2_read' <Predicate = true> <Delay = 0.00>
ST_1 : Operation 11 [1/1] (0.00ns)   --->   "%HwReg_frm_buffer_read = read i32 @_ssdm_op_Read.ap_auto.i32, i32 %HwReg_frm_buffer"   --->   Operation 11 'read' 'HwReg_frm_buffer_read' <Predicate = true> <Delay = 0.00>
ST_1 : Operation 12 [1/1] (0.00ns)   --->   "%WidthInBytes_val2_c1 = alloca i32 1"   --->   Operation 12 'alloca' 'WidthInBytes_val2_c1' <Predicate = true> <Delay = 0.00> <CoreInst = "FIFO_SRL">   --->   Core 80 'FIFO_SRL' <Latency = 0> <II = 1> <Delay = 1.83> <Storage> <Opcode : 'read' 'write' 'nbread' 'nbwrite'> <Ports = 0> <Width = 15> <Depth = 3> <FIFO>
ST_1 : Operation 13 [1/1] (0.00ns)   --->   "%WidthInBytes_val2_c = alloca i32 1"   --->   Operation 13 'alloca' 'WidthInBytes_val2_c' <Predicate = true> <Delay = 0.00> <CoreInst = "FIFO_SRL">   --->   Core 80 'FIFO_SRL' <Latency = 0> <II = 1> <Delay = 1.83> <Storage> <Opcode : 'read' 'write' 'nbread' 'nbwrite'> <Ports = 0> <Width = 15> <Depth = 2> <FIFO>
ST_1 : Operation 14 [1/1] (0.00ns)   --->   "%HwReg_frm_buffer_c = alloca i32 1"   --->   Operation 14 'alloca' 'HwReg_frm_buffer_c' <Predicate = true> <Delay = 0.00> <CoreInst = "FIFO_SRL">   --->   Core 80 'FIFO_SRL' <Latency = 0> <II = 1> <Delay = 1.83> <Storage> <Opcode : 'read' 'write' 'nbread' 'nbwrite'> <Ports = 0> <Width = 32> <Depth = 4> <FIFO>
ST_1 : Operation 15 [1/1] (0.00ns)   --->   "%img = alloca i32 1"   --->   Operation 15 'alloca' 'img' <Predicate = true> <Delay = 0.00> <CoreInst = "FIFO_SRL">   --->   Core 80 'FIFO_SRL' <Latency = 0> <II = 1> <Delay = 1.83> <Storage> <Opcode : 'read' 'write' 'nbread' 'nbwrite'> <Ports = 0> <Width = 48> <Depth = 2> <FIFO>
ST_1 : Operation 16 [1/1] (0.00ns)   --->   "%bytePlanes = alloca i32 1" [/home/izaan/GitRepos/dpdma_exdes/vivado_quad_vmix/kv260_quad_vmix_dp.runs/bd_quad_vmix_dp_v_frmbuf_wr_0_0_synth_1/prj/sol/.autopilot/db/v_frmbuf_wr.cpp:93]   --->   Operation 16 'alloca' 'bytePlanes' <Predicate = true> <Delay = 0.00> <CoreInst = "FIFO_BRAM">   --->   Core 78 'FIFO_BRAM' <Latency = 0> <II = 1> <Delay = 1.74> <Storage> <Opcode : 'read' 'write' 'nbread' 'nbwrite'> <Ports = 0> <Width = 128> <Depth = 481> <FIFO>
ST_1 : Operation 17 [1/1] (1.83ns)   --->   "%call_ln0 = call void @entry_proc, i32 %HwReg_frm_buffer_read, i32 %HwReg_frm_buffer_c, i15 %WidthInBytes_val2_read, i15 %WidthInBytes_val2_c1"   --->   Operation 17 'call' 'call_ln0' <Predicate = true> <Delay = 1.83> <CoreType = "Generic">   --->   Generic Core
ST_1 : Operation 18 [2/2] (0.00ns)   --->   "%call_ln115 = call void @AXIvideo2MultiPixStream, i48 %s_axis_video_V_data_V, i6 %s_axis_video_V_keep_V, i6 %s_axis_video_V_strb_V, i1 %s_axis_video_V_user_V, i1 %s_axis_video_V_last_V, i1 %s_axis_video_V_id_V, i1 %s_axis_video_V_dest_V, i48 %img, i12 %height_val8_read, i12 %width_val5_read, i3 %colorFormat_val3_read" [/home/izaan/GitRepos/dpdma_exdes/vivado_quad_vmix/kv260_quad_vmix_dp.runs/bd_quad_vmix_dp_v_frmbuf_wr_0_0_synth_1/prj/sol/.autopilot/db/v_frmbuf_wr.cpp:115]   --->   Operation 18 'call' 'call_ln115' <Predicate = true> <Delay = 0.00> <CoreType = "Generic">   --->   Generic Core

State 2 <SV = 1> <Delay = 0.80>
ST_2 : Operation 19 [1/2] (0.80ns)   --->   "%call_ln115 = call void @AXIvideo2MultiPixStream, i48 %s_axis_video_V_data_V, i6 %s_axis_video_V_keep_V, i6 %s_axis_video_V_strb_V, i1 %s_axis_video_V_user_V, i1 %s_axis_video_V_last_V, i1 %s_axis_video_V_id_V, i1 %s_axis_video_V_dest_V, i48 %img, i12 %height_val8_read, i12 %width_val5_read, i3 %colorFormat_val3_read" [/home/izaan/GitRepos/dpdma_exdes/vivado_quad_vmix/kv260_quad_vmix_dp.runs/bd_quad_vmix_dp_v_frmbuf_wr_0_0_synth_1/prj/sol/.autopilot/db/v_frmbuf_wr.cpp:115]   --->   Operation 19 'call' 'call_ln115' <Predicate = true> <Delay = 0.80> <CoreType = "Generic">   --->   Generic Core

State 3 <SV = 2> <Delay = 1.98>
ST_3 : Operation 20 [1/1] (0.00ns)   --->   "%video_format_val10_read = read i6 @_ssdm_op_Read.ap_auto.i6, i6 %video_format_val10"   --->   Operation 20 'read' 'video_format_val10_read' <Predicate = true> <Delay = 0.00>
ST_3 : Operation 21 [2/2] (1.98ns)   --->   "%call_ln124 = call void @MultiPixStream2Bytes, i48 %img, i128 %bytePlanes, i12 %height_val8_read, i12 %width_val5_read, i15 %WidthInBytes_val2_c1, i6 %video_format_val10_read, i15 %WidthInBytes_val2_c" [/home/izaan/GitRepos/dpdma_exdes/vivado_quad_vmix/kv260_quad_vmix_dp.runs/bd_quad_vmix_dp_v_frmbuf_wr_0_0_synth_1/prj/sol/.autopilot/db/v_frmbuf_wr.cpp:124]   --->   Operation 21 'call' 'call_ln124' <Predicate = true> <Delay = 1.98> <CoreType = "Generic">   --->   Generic Core

State 4 <SV = 3> <Delay = 0.00>
ST_4 : Operation 22 [1/2] (0.00ns)   --->   "%call_ln124 = call void @MultiPixStream2Bytes, i48 %img, i128 %bytePlanes, i12 %height_val8_read, i12 %width_val5_read, i15 %WidthInBytes_val2_c1, i6 %video_format_val10_read, i15 %WidthInBytes_val2_c" [/home/izaan/GitRepos/dpdma_exdes/vivado_quad_vmix/kv260_quad_vmix_dp.runs/bd_quad_vmix_dp_v_frmbuf_wr_0_0_synth_1/prj/sol/.autopilot/db/v_frmbuf_wr.cpp:124]   --->   Operation 22 'call' 'call_ln124' <Predicate = true> <Delay = 0.00> <CoreType = "Generic">   --->   Generic Core

State 5 <SV = 4> <Delay = 0.00>
ST_5 : Operation 23 [1/1] (0.00ns)   --->   "%stride_val9_read = read i16 @_ssdm_op_Read.ap_auto.i16, i16 %stride_val9"   --->   Operation 23 'read' 'stride_val9_read' <Predicate = true> <Delay = 0.00>
ST_5 : Operation 24 [2/2] (0.00ns)   --->   "%call_ln126 = call void @Bytes2AXIMMvideo, i128 %bytePlanes, i128 %mm_video, i32 %HwReg_frm_buffer_c, i12 %height_val8_read, i15 %WidthInBytes_val2_c, i16 %stride_val9_read" [/home/izaan/GitRepos/dpdma_exdes/vivado_quad_vmix/kv260_quad_vmix_dp.runs/bd_quad_vmix_dp_v_frmbuf_wr_0_0_synth_1/prj/sol/.autopilot/db/v_frmbuf_wr.cpp:126]   --->   Operation 24 'call' 'call_ln126' <Predicate = true> <Delay = 0.00> <CoreType = "Generic">   --->   Generic Core

State 6 <SV = 5> <Delay = 0.80>
ST_6 : Operation 25 [1/1] (0.00ns)   --->   "%empty = specchannel i32 @_ssdm_op_SpecChannel, void @WidthInBytes_OC_val2_c1_str, i32 1, void @p_str, void @p_str, i32 3, i32 0, i15 %WidthInBytes_val2_c1, i15 %WidthInBytes_val2_c1"   --->   Operation 25 'specchannel' 'empty' <Predicate = true> <Delay = 0.00>
ST_6 : Operation 26 [1/1] (0.00ns)   --->   "%specinterface_ln0 = specinterface void @_ssdm_op_SpecInterface, i15 %WidthInBytes_val2_c1, void @ap_fifo_str, i32 0, i32 0, void @p_str, i32 0, i32 0, void @p_str, void @p_str, void @p_str, i32 2, i32 2, i32 16, i32 16, void @p_str, void @p_str, i32 4294967295, i32 0, i32 0"   --->   Operation 26 'specinterface' 'specinterface_ln0' <Predicate = true> <Delay = 0.00>
ST_6 : Operation 27 [1/1] (0.00ns)   --->   "%empty_271 = specchannel i32 @_ssdm_op_SpecChannel, void @WidthInBytes_OC_val2_c_str, i32 1, void @p_str, void @p_str, i32 2, i32 0, i15 %WidthInBytes_val2_c, i15 %WidthInBytes_val2_c"   --->   Operation 27 'specchannel' 'empty_271' <Predicate = true> <Delay = 0.00>
ST_6 : Operation 28 [1/1] (0.00ns)   --->   "%specinterface_ln0 = specinterface void @_ssdm_op_SpecInterface, i15 %WidthInBytes_val2_c, void @ap_fifo_str, i32 0, i32 0, void @p_str, i32 0, i32 0, void @p_str, void @p_str, void @p_str, i32 2, i32 2, i32 16, i32 16, void @p_str, void @p_str, i32 4294967295, i32 0, i32 0"   --->   Operation 28 'specinterface' 'specinterface_ln0' <Predicate = true> <Delay = 0.00>
ST_6 : Operation 29 [1/1] (0.00ns)   --->   "%empty_272 = specchannel i32 @_ssdm_op_SpecChannel, void @HwReg_frm_buffer_c_str, i32 1, void @p_str, void @p_str, i32 4, i32 0, i32 %HwReg_frm_buffer_c, i32 %HwReg_frm_buffer_c"   --->   Operation 29 'specchannel' 'empty_272' <Predicate = true> <Delay = 0.00>
ST_6 : Operation 30 [1/1] (0.00ns)   --->   "%specinterface_ln0 = specinterface void @_ssdm_op_SpecInterface, i32 %HwReg_frm_buffer_c, void @ap_fifo_str, i32 0, i32 0, void @p_str, i32 0, i32 0, void @p_str, void @p_str, void @p_str, i32 2, i32 2, i32 16, i32 16, void @p_str, void @p_str, i32 4294967295, i32 0, i32 0"   --->   Operation 30 'specinterface' 'specinterface_ln0' <Predicate = true> <Delay = 0.00>
ST_6 : Operation 31 [1/1] (0.00ns)   --->   "%specdataflowpipeline_ln0 = specdataflowpipeline void @_ssdm_op_SpecDataflowPipeline, i32 4294967295, i32 0, void @empty_1"   --->   Operation 31 'specdataflowpipeline' 'specdataflowpipeline_ln0' <Predicate = true> <Delay = 0.00>
ST_6 : Operation 32 [1/1] (0.00ns)   --->   "%specaxissidechannel_ln0 = specaxissidechannel void @_ssdm_op_SpecAXISSideChannel, i48 %s_axis_video_V_data_V, i6 %s_axis_video_V_keep_V, i6 %s_axis_video_V_strb_V, i1 %s_axis_video_V_user_V, i1 %s_axis_video_V_last_V, i1 %s_axis_video_V_id_V, i1 %s_axis_video_V_dest_V, void @empty_10"   --->   Operation 32 'specaxissidechannel' 'specaxissidechannel_ln0' <Predicate = true> <Delay = 0.00>
ST_6 : Operation 33 [1/1] (0.00ns)   --->   "%specstablecontent_ln0 = specstablecontent void @_ssdm_op_SpecStableContent, i6 %video_format_val10, void "   --->   Operation 33 'specstablecontent' 'specstablecontent_ln0' <Predicate = true> <Delay = 0.00>
ST_6 : Operation 34 [1/1] (0.00ns)   --->   "%specstablecontent_ln0 = specstablecontent void @_ssdm_op_SpecStableContent, i16 %stride_val9, void "   --->   Operation 34 'specstablecontent' 'specstablecontent_ln0' <Predicate = true> <Delay = 0.00>
ST_6 : Operation 35 [1/1] (0.00ns)   --->   "%specstablecontent_ln0 = specstablecontent void @_ssdm_op_SpecStableContent, i12 %height_val8, void "   --->   Operation 35 'specstablecontent' 'specstablecontent_ln0' <Predicate = true> <Delay = 0.00>
ST_6 : Operation 36 [1/1] (0.00ns)   --->   "%specstablecontent_ln0 = specstablecontent void @_ssdm_op_SpecStableContent, i12 %width_val5, void "   --->   Operation 36 'specstablecontent' 'specstablecontent_ln0' <Predicate = true> <Delay = 0.00>
ST_6 : Operation 37 [1/1] (0.00ns)   --->   "%specinterface_ln0 = specinterface void @_ssdm_op_SpecInterface, i1 %s_axis_video_V_dest_V, i1 %s_axis_video_V_id_V, i1 %s_axis_video_V_last_V, i1 %s_axis_video_V_user_V, i6 %s_axis_video_V_strb_V, i6 %s_axis_video_V_keep_V, i48 %s_axis_video_V_data_V, void @empty_11, i32 0, i32 0, void @empty_5, i32 0, i32 0, void @empty_1, void @empty_1, void @empty_1, i32 0, i32 0, i32 0, i32 0, void @empty_1, void @empty_1, i32 4294967295, i32 0, i32 0"   --->   Operation 37 'specinterface' 'specinterface_ln0' <Predicate = true> <Delay = 0.00>
ST_6 : Operation 38 [1/1] (0.00ns)   --->   "%specinterface_ln0 = specinterface void @_ssdm_op_SpecInterface, i128 %mm_video, void @empty_0, i32 0, i32 0, void @empty_1, i32 100, i32 2073600, void @empty_2, void @empty_3, void @empty_1, i32 16, i32 4, i32 16, i32 16, void @empty_1, void @empty_1, i32 4294967295, i32 0, i32 0"   --->   Operation 38 'specinterface' 'specinterface_ln0' <Predicate = true> <Delay = 0.00>
ST_6 : Operation 39 [1/1] (0.00ns)   --->   "%empty_273 = specchannel i32 @_ssdm_op_SpecChannel, void @img_str, i32 1, void @p_str, void @p_str, i32 2, i32 2, i48 %img, i48 %img"   --->   Operation 39 'specchannel' 'empty_273' <Predicate = true> <Delay = 0.00>
ST_6 : Operation 40 [1/1] (0.00ns)   --->   "%specinterface_ln0 = specinterface void @_ssdm_op_SpecInterface, i48 %img, void @empty_19, i32 0, i32 0, void @empty_1, i32 0, i32 0, void @empty_1, void @empty_1, void @empty_1, i32 0, i32 0, i32 0, i32 0, void @empty_1, void @empty_1, i32 4294967295, i32 0, i32 0"   --->   Operation 40 'specinterface' 'specinterface_ln0' <Predicate = true> <Delay = 0.00>
ST_6 : Operation 41 [1/1] (0.00ns)   --->   "%empty_274 = specchannel i32 @_ssdm_op_SpecChannel, void @bytePlanes_str, i32 1, void @p_str, void @p_str, i32 481, i32 481, i128 %bytePlanes, i128 %bytePlanes"   --->   Operation 41 'specchannel' 'empty_274' <Predicate = true> <Delay = 0.00>
ST_6 : Operation 42 [1/1] (0.00ns)   --->   "%specinterface_ln0 = specinterface void @_ssdm_op_SpecInterface, i128 %bytePlanes, void @empty_19, i32 0, i32 0, void @empty_1, i32 0, i32 0, void @empty_1, void @empty_1, void @empty_1, i32 0, i32 0, i32 0, i32 0, void @empty_1, void @empty_1, i32 4294967295, i32 0, i32 0"   --->   Operation 42 'specinterface' 'specinterface_ln0' <Predicate = true> <Delay = 0.00>
ST_6 : Operation 43 [1/1] (0.00ns)   --->   "%specmemcore_ln109 = specmemcore void @_ssdm_op_SpecMemCore, i128 %bytePlanes, i64 666, i64 8, i64 18446744073709551615" [/home/izaan/GitRepos/dpdma_exdes/vivado_quad_vmix/kv260_quad_vmix_dp.runs/bd_quad_vmix_dp_v_frmbuf_wr_0_0_synth_1/prj/sol/.autopilot/db/v_frmbuf_wr.cpp:109]   --->   Operation 43 'specmemcore' 'specmemcore_ln109' <Predicate = true> <Delay = 0.00>
ST_6 : Operation 44 [1/2] (0.80ns)   --->   "%call_ln126 = call void @Bytes2AXIMMvideo, i128 %bytePlanes, i128 %mm_video, i32 %HwReg_frm_buffer_c, i12 %height_val8_read, i15 %WidthInBytes_val2_c, i16 %stride_val9_read" [/home/izaan/GitRepos/dpdma_exdes/vivado_quad_vmix/kv260_quad_vmix_dp.runs/bd_quad_vmix_dp_v_frmbuf_wr_0_0_synth_1/prj/sol/.autopilot/db/v_frmbuf_wr.cpp:126]   --->   Operation 44 'call' 'call_ln126' <Predicate = true> <Delay = 0.80> <CoreType = "Generic">   --->   Generic Core
ST_6 : Operation 45 [1/1] (0.00ns)   --->   "%ret_ln129 = ret" [/home/izaan/GitRepos/dpdma_exdes/vivado_quad_vmix/kv260_quad_vmix_dp.runs/bd_quad_vmix_dp_v_frmbuf_wr_0_0_synth_1/prj/sol/.autopilot/db/v_frmbuf_wr.cpp:129]   --->   Operation 45 'ret' 'ret_ln129' <Predicate = true> <Delay = 0.00>


============================================================
+ Verbose Summary: Timing violations
============================================================
Target clock period: 6.667ns, clock uncertainty: 1.800ns.

 <State 1>: 1.838ns
The critical path consists of the following:
	wire read operation ('WidthInBytes_val2_read') on port 'WidthInBytes_val2' [21]  (0.000 ns)
	'call' operation 0 bit ('call_ln0') to 'entry_proc' [47]  (1.838 ns)

 <State 2>: 0.809ns
The critical path consists of the following:
	'call' operation 0 bit ('call_ln115', /home/izaan/GitRepos/dpdma_exdes/vivado_quad_vmix/kv260_quad_vmix_dp.runs/bd_quad_vmix_dp_v_frmbuf_wr_0_0_synth_1/prj/sol/.autopilot/db/v_frmbuf_wr.cpp:115) to 'AXIvideo2MultiPixStream' [48]  (0.809 ns)

 <State 3>: 1.985ns
The critical path consists of the following:
	wire read operation ('video_format_val10_read') on port 'video_format_val10' [16]  (0.000 ns)
	'call' operation 0 bit ('call_ln124', /home/izaan/GitRepos/dpdma_exdes/vivado_quad_vmix/kv260_quad_vmix_dp.runs/bd_quad_vmix_dp_v_frmbuf_wr_0_0_synth_1/prj/sol/.autopilot/db/v_frmbuf_wr.cpp:124) to 'MultiPixStream2Bytes' [49]  (1.985 ns)

 <State 4>: 0.000ns
The critical path consists of the following:

 <State 5>: 0.000ns
The critical path consists of the following:

 <State 6>: 0.809ns
The critical path consists of the following:
	'call' operation 0 bit ('call_ln126', /home/izaan/GitRepos/dpdma_exdes/vivado_quad_vmix/kv260_quad_vmix_dp.runs/bd_quad_vmix_dp_v_frmbuf_wr_0_0_synth_1/prj/sol/.autopilot/db/v_frmbuf_wr.cpp:126) to 'Bytes2AXIMMvideo' [50]  (0.809 ns)


============================================================
+ Verbose Summary: Binding
============================================================
N/A
* FSMD analyzer results:
  - Output states:
 - Input state : 
  - Chain level:
	State 1
	State 2
	State 3
	State 4
	State 5
	State 6


============================================================
+ Verbose Summary: Datapath Resource usage 
============================================================
N/A
