

================================================================
== Vitis HLS Report for 'MultiPixStream2Bytes_Pipeline_VITIS_LOOP_1048_1'
================================================================
* Date:           Mon Apr 27 12:25:01 2026

* Version:        2024.2 (Build 5238294 on Nov  8 2024)
* Project:        prj
* Solution:       sol (Vivado IP Flow Target)
* Product family: zynquplus
* Target device:  xck26-sfvc784-2LV-c


================================================================
== Performance Estimates
================================================================
+ Timing: 
    * Summary: 
    +--------+---------+----------+------------+
    |  Clock |  Target | Estimated| Uncertainty|
    +--------+---------+----------+------------+
    |ap_clk  |  6.67 ns|  4.012 ns|     1.80 ns|
    +--------+---------+----------+------------+

+ Latency: 
    * Summary: 
    +---------+---------+-----------+-----------+-----+------+------------------------------------------------+
    |  Latency (cycles) |   Latency (absolute)  |  Interval  |                    Pipeline                    |
    |   min   |   max   |    min    |    max    | min |  max |                      Type                      |
    +---------+---------+-----------+-----------+-----+------+------------------------------------------------+
    |        3|     3843|  20.001 ns|  25.621 us|    2|  3842|  loop auto-rewind stp (delay=0 clock cycles(s))|
    +---------+---------+-----------+-----------+-----+------+------------------------------------------------+

    + Detail: 
        * Instance: 
        N/A

        * Loop: 
        +---------------------+---------+---------+----------+-----------+-----------+---------+----------+
        |                     |  Latency (cycles) | Iteration|  Initiation Interval  |   Trip  |          |
        |      Loop Name      |   min   |   max   |  Latency |  achieved |   target  |  Count  | Pipelined|
        +---------------------+---------+---------+----------+-----------+-----------+---------+----------+
        |- VITIS_LOOP_1048_1  |        1|     3841|         9|          8|          8|  0 ~ 480|       yes|
        +---------------------+---------+---------+----------+-----------+-----------+---------+----------+

============================================================
+ Verbose Summary: Synthesis Manager
============================================================
InlineROM: 1
ExposeGlobal: 0
============================================================
+ Verbose Summary: CDFG Model
============================================================
IsTopModel: 0
ResetActiveHigh: 1
IsCombinational: 0
IsDatapathOnly: 0
HasWiredReturn: 1
HasMFsm: 2
HasVarLatency: 1
IsPipeline: 0
IsRtlPipelined: 0
IsInstanceOverlapped: 0
IsDontTouch: 0
HasImplIP: 0
IsGatedGlobalClock: 0

+ Individual pipeline summary: 
  * Pipeline-0: initiation interval (II) = 8, depth = 9


============================================================
+ Verbose Summary: Schedule
============================================================
* Number of FSM states : 9
* Pipeline : 1
  Pipeline-0 : II = 8, D = 9, States = { 1 2 3 4 5 6 7 8 9 }
* Dataflow Pipeline: 0

* FSM state transitions: 
1 --> 2 
2 --> 3 
3 --> 4 
4 --> 5 
5 --> 6 
6 --> 7 
7 --> 8 
8 --> 9 
9 --> 

* FSM state operations: 

State 1 <SV = 0> <Delay = 1.63>
ST_1 : Operation 12 [1/1] (0.00ns)   --->   "%x = alloca i32 1" [/home/izaan/GitRepos/dpdma_exdes/vivado_quad_vmix/kv260_quad_vmix_dp.runs/bd_quad_vmix_dp_v_frmbuf_wr_0_0_synth_1/prj/sol/.autopilot/db/v_frmbuf_wr.cpp:1048]   --->   Operation 12 'alloca' 'x' <Predicate = true> <Delay = 0.00>
ST_1 : Operation 13 [1/1] (0.00ns)   --->   "%empty_217 = alloca i32 1"   --->   Operation 13 'alloca' 'empty_217' <Predicate = true> <Delay = 0.00>
ST_1 : Operation 14 [1/1] (0.00ns)   --->   "%empty_218 = alloca i32 1"   --->   Operation 14 'alloca' 'empty_218' <Predicate = true> <Delay = 0.00>
ST_1 : Operation 15 [1/1] (0.00ns)   --->   "%empty_219 = alloca i32 1"   --->   Operation 15 'alloca' 'empty_219' <Predicate = true> <Delay = 0.00>
ST_1 : Operation 16 [1/1] (0.00ns)   --->   "%empty_220 = alloca i32 1"   --->   Operation 16 'alloca' 'empty_220' <Predicate = true> <Delay = 0.00>
ST_1 : Operation 17 [1/1] (0.00ns)   --->   "%empty_221 = alloca i32 1"   --->   Operation 17 'alloca' 'empty_221' <Predicate = true> <Delay = 0.00>
ST_1 : Operation 18 [1/1] (0.00ns)   --->   "%empty_222 = alloca i32 1"   --->   Operation 18 'alloca' 'empty_222' <Predicate = true> <Delay = 0.00>
ST_1 : Operation 19 [1/1] (0.00ns)   --->   "%cmp98_read = read i1 @_ssdm_op_Read.ap_auto.i1, i1 %cmp98"   --->   Operation 19 'read' 'cmp98_read' <Predicate = true> <Delay = 0.00>
ST_1 : Operation 20 [1/1] (0.00ns)   --->   "%sub95_read = read i10 @_ssdm_op_Read.ap_auto.i10, i10 %sub95"   --->   Operation 20 'read' 'sub95_read' <Predicate = true> <Delay = 0.00>
ST_1 : Operation 21 [1/1] (0.00ns)   --->   "%icmp19_read = read i1 @_ssdm_op_Read.ap_auto.i1, i1 %icmp19"   --->   Operation 21 'read' 'icmp19_read' <Predicate = true> <Delay = 0.00>
ST_1 : Operation 22 [1/1] (0.00ns)   --->   "%cmp98_2_read = read i1 @_ssdm_op_Read.ap_auto.i1, i1 %cmp98_2"   --->   Operation 22 'read' 'cmp98_2_read' <Predicate = true> <Delay = 0.00>
ST_1 : Operation 23 [1/1] (0.00ns)   --->   "%icmp22_read = read i1 @_ssdm_op_Read.ap_auto.i1, i1 %icmp22"   --->   Operation 23 'read' 'icmp22_read' <Predicate = true> <Delay = 0.00>
ST_1 : Operation 24 [1/1] (0.00ns)   --->   "%cmp98_4_read = read i1 @_ssdm_op_Read.ap_auto.i1, i1 %cmp98_4"   --->   Operation 24 'read' 'cmp98_4_read' <Predicate = true> <Delay = 0.00>
ST_1 : Operation 25 [1/1] (0.00ns)   --->   "%cmp98_5_read = read i1 @_ssdm_op_Read.ap_auto.i1, i1 %cmp98_5"   --->   Operation 25 'read' 'cmp98_5_read' <Predicate = true> <Delay = 0.00>
ST_1 : Operation 26 [1/1] (0.00ns)   --->   "%cmp98_6_read = read i1 @_ssdm_op_Read.ap_auto.i1, i1 %cmp98_6"   --->   Operation 26 'read' 'cmp98_6_read' <Predicate = true> <Delay = 0.00>
ST_1 : Operation 27 [1/1] (0.00ns)   --->   "%icmp_ln1035_read = read i1 @_ssdm_op_Read.ap_auto.i1, i1 %icmp_ln1035"   --->   Operation 27 'read' 'icmp_ln1035_read' <Predicate = true> <Delay = 0.00>
ST_1 : Operation 28 [1/1] (0.00ns)   --->   "%tmp = read i1 @_ssdm_op_Read.ap_auto.i1, i1 %empty"   --->   Operation 28 'read' 'tmp' <Predicate = true> <Delay = 0.00>
ST_1 : Operation 29 [1/1] (0.00ns)   --->   "%cmp137_2_read = read i1 @_ssdm_op_Read.ap_auto.i1, i1 %cmp137_2"   --->   Operation 29 'read' 'cmp137_2_read' <Predicate = true> <Delay = 0.00>
ST_1 : Operation 30 [1/1] (0.00ns)   --->   "%trunc_ln1_read = read i9 @_ssdm_op_Read.ap_auto.i9, i9 %trunc_ln1"   --->   Operation 30 'read' 'trunc_ln1_read' <Predicate = true> <Delay = 0.00>
ST_1 : Operation 31 [1/1] (0.00ns)   --->   "%p_lcssa157_read = read i8 @_ssdm_op_Read.ap_auto.i8, i8 %p_lcssa157"   --->   Operation 31 'read' 'p_lcssa157_read' <Predicate = true> <Delay = 0.00>
ST_1 : Operation 32 [1/1] (0.00ns)   --->   "%p_lcssa150160_read = read i8 @_ssdm_op_Read.ap_auto.i8, i8 %p_lcssa150160"   --->   Operation 32 'read' 'p_lcssa150160_read' <Predicate = true> <Delay = 0.00>
ST_1 : Operation 33 [1/1] (0.00ns)   --->   "%p_lcssa151163_read = read i8 @_ssdm_op_Read.ap_auto.i8, i8 %p_lcssa151163"   --->   Operation 33 'read' 'p_lcssa151163_read' <Predicate = true> <Delay = 0.00>
ST_1 : Operation 34 [1/1] (0.00ns)   --->   "%p_lcssa152166_read = read i8 @_ssdm_op_Read.ap_auto.i8, i8 %p_lcssa152166"   --->   Operation 34 'read' 'p_lcssa152166_read' <Predicate = true> <Delay = 0.00>
ST_1 : Operation 35 [1/1] (0.00ns)   --->   "%p_lcssa153169_read = read i8 @_ssdm_op_Read.ap_auto.i8, i8 %p_lcssa153169"   --->   Operation 35 'read' 'p_lcssa153169_read' <Predicate = true> <Delay = 0.00>
ST_1 : Operation 36 [1/1] (0.00ns)   --->   "%p_lcssa154172_read = read i8 @_ssdm_op_Read.ap_auto.i8, i8 %p_lcssa154172"   --->   Operation 36 'read' 'p_lcssa154172_read' <Predicate = true> <Delay = 0.00>
ST_1 : Operation 37 [1/1] (0.00ns)   --->   "%specmemcore_ln0 = specmemcore void @_ssdm_op_SpecMemCore, i128 %bytePlanes, i64 666, i64 8, i64 18446744073709551615"   --->   Operation 37 'specmemcore' 'specmemcore_ln0' <Predicate = true> <Delay = 0.00>
ST_1 : Operation 38 [1/1] (0.00ns)   --->   "%specinterface_ln0 = specinterface void @_ssdm_op_SpecInterface, i48 %img, void @empty_19, i32 0, i32 0, void @empty_1, i32 0, i32 0, void @empty_1, void @empty_1, void @empty_1, i32 0, i32 0, i32 0, i32 0, void @empty_1, void @empty_1, i32 4294967295, i32 0, i32 0"   --->   Operation 38 'specinterface' 'specinterface_ln0' <Predicate = true> <Delay = 0.00>
ST_1 : Operation 39 [1/1] (0.00ns)   --->   "%specinterface_ln0 = specinterface void @_ssdm_op_SpecInterface, i128 %bytePlanes, void @empty_19, i32 0, i32 0, void @empty_1, i32 0, i32 0, void @empty_1, void @empty_1, void @empty_1, i32 0, i32 0, i32 0, i32 0, void @empty_1, void @empty_1, i32 4294967295, i32 0, i32 0"   --->   Operation 39 'specinterface' 'specinterface_ln0' <Predicate = true> <Delay = 0.00>
ST_1 : Operation 40 [1/1] (0.42ns)   --->   "%store_ln0 = store i8 %p_lcssa154172_read, i8 %empty_222"   --->   Operation 40 'store' 'store_ln0' <Predicate = true> <Delay = 0.42>
ST_1 : Operation 41 [1/1] (0.42ns)   --->   "%store_ln0 = store i8 %p_lcssa153169_read, i8 %empty_221"   --->   Operation 41 'store' 'store_ln0' <Predicate = true> <Delay = 0.42>
ST_1 : Operation 42 [1/1] (0.42ns)   --->   "%store_ln0 = store i8 %p_lcssa152166_read, i8 %empty_220"   --->   Operation 42 'store' 'store_ln0' <Predicate = true> <Delay = 0.42>
ST_1 : Operation 43 [1/1] (0.42ns)   --->   "%store_ln0 = store i8 %p_lcssa151163_read, i8 %empty_219"   --->   Operation 43 'store' 'store_ln0' <Predicate = true> <Delay = 0.42>
ST_1 : Operation 44 [1/1] (0.42ns)   --->   "%store_ln0 = store i8 %p_lcssa150160_read, i8 %empty_218"   --->   Operation 44 'store' 'store_ln0' <Predicate = true> <Delay = 0.42>
ST_1 : Operation 45 [1/1] (0.42ns)   --->   "%store_ln0 = store i8 %p_lcssa157_read, i8 %empty_217"   --->   Operation 45 'store' 'store_ln0' <Predicate = true> <Delay = 0.42>
ST_1 : Operation 46 [1/1] (0.42ns)   --->   "%store_ln1048 = store i9 0, i9 %x" [/home/izaan/GitRepos/dpdma_exdes/vivado_quad_vmix/kv260_quad_vmix_dp.runs/bd_quad_vmix_dp_v_frmbuf_wr_0_0_synth_1/prj/sol/.autopilot/db/v_frmbuf_wr.cpp:1048]   --->   Operation 46 'store' 'store_ln1048' <Predicate = true> <Delay = 0.42>
ST_1 : Operation 47 [1/1] (0.00ns)   --->   "%br_ln1048 = br void %VITIS_LOOP_1051_2" [/home/izaan/GitRepos/dpdma_exdes/vivado_quad_vmix/kv260_quad_vmix_dp.runs/bd_quad_vmix_dp_v_frmbuf_wr_0_0_synth_1/prj/sol/.autopilot/db/v_frmbuf_wr.cpp:1048]   --->   Operation 47 'br' 'br_ln1048' <Predicate = true> <Delay = 0.00>
ST_1 : Operation 48 [1/1] (0.00ns)   --->   "%x_3 = load i9 %x" [/home/izaan/GitRepos/dpdma_exdes/vivado_quad_vmix/kv260_quad_vmix_dp.runs/bd_quad_vmix_dp_v_frmbuf_wr_0_0_synth_1/prj/sol/.autopilot/db/v_frmbuf_wr.cpp:1048]   --->   Operation 48 'load' 'x_3' <Predicate = true> <Delay = 0.00>
ST_1 : Operation 49 [1/1] (0.00ns)   --->   "%zext_ln1048 = zext i9 %x_3" [/home/izaan/GitRepos/dpdma_exdes/vivado_quad_vmix/kv260_quad_vmix_dp.runs/bd_quad_vmix_dp_v_frmbuf_wr_0_0_synth_1/prj/sol/.autopilot/db/v_frmbuf_wr.cpp:1048]   --->   Operation 49 'zext' 'zext_ln1048' <Predicate = true> <Delay = 0.00>
ST_1 : Operation 50 [1/1] (0.77ns)   --->   "%icmp_ln1048 = icmp_ult  i9 %x_3, i9 %trunc_ln1_read" [/home/izaan/GitRepos/dpdma_exdes/vivado_quad_vmix/kv260_quad_vmix_dp.runs/bd_quad_vmix_dp_v_frmbuf_wr_0_0_synth_1/prj/sol/.autopilot/db/v_frmbuf_wr.cpp:1048]   --->   Operation 50 'icmp' 'icmp_ln1048' <Predicate = true> <Delay = 0.77> <CoreInst = "Cmp">   --->   Core 9 'Cmp' <Latency = 0> <II = 1> <Delay = 0.77> <FuncUnit> <Opcode : 'seteq' 'setne' 'setle' 'setge' 'setlt' 'setgt'> <InPorts = 2> <OutPorts = 1>
ST_1 : Operation 51 [1/1] (0.77ns)   --->   "%x_4 = add i9 %x_3, i9 1" [/home/izaan/GitRepos/dpdma_exdes/vivado_quad_vmix/kv260_quad_vmix_dp.runs/bd_quad_vmix_dp_v_frmbuf_wr_0_0_synth_1/prj/sol/.autopilot/db/v_frmbuf_wr.cpp:1048]   --->   Operation 51 'add' 'x_4' <Predicate = true> <Delay = 0.77> <CoreInst = "Adder">   --->   Core 1 'Adder' <Latency = 0> <II = 1> <Delay = 0.77> <FuncUnit> <Opcode : 'add' 'sub'> <InPorts = 2> <OutPorts = 1>
ST_1 : Operation 52 [1/1] (0.00ns)   --->   "%br_ln1048 = br i1 %icmp_ln1048, void %for.inc152.loopexit.exitStub, void %VITIS_LOOP_1051_2.split" [/home/izaan/GitRepos/dpdma_exdes/vivado_quad_vmix/kv260_quad_vmix_dp.runs/bd_quad_vmix_dp_v_frmbuf_wr_0_0_synth_1/prj/sol/.autopilot/db/v_frmbuf_wr.cpp:1048]   --->   Operation 52 'br' 'br_ln1048' <Predicate = true> <Delay = 0.00>
ST_1 : Operation 53 [1/1] (0.78ns)   --->   "%cmp96 = icmp_slt  i10 %zext_ln1048, i10 %sub95_read" [/home/izaan/GitRepos/dpdma_exdes/vivado_quad_vmix/kv260_quad_vmix_dp.runs/bd_quad_vmix_dp_v_frmbuf_wr_0_0_synth_1/prj/sol/.autopilot/db/v_frmbuf_wr.cpp:1048]   --->   Operation 53 'icmp' 'cmp96' <Predicate = (icmp_ln1048)> <Delay = 0.78> <CoreInst = "Cmp">   --->   Core 9 'Cmp' <Latency = 0> <II = 1> <Delay = 0.78> <FuncUnit> <Opcode : 'seteq' 'setne' 'setle' 'setge' 'setlt' 'setgt'> <InPorts = 2> <OutPorts = 1>
ST_1 : Operation 54 [1/1] (0.28ns)   --->   "%or_ln1053 = or i1 %cmp96, i1 %cmp98_read" [/home/izaan/GitRepos/dpdma_exdes/vivado_quad_vmix/kv260_quad_vmix_dp.runs/bd_quad_vmix_dp_v_frmbuf_wr_0_0_synth_1/prj/sol/.autopilot/db/v_frmbuf_wr.cpp:1053]   --->   Operation 54 'or' 'or_ln1053' <Predicate = (icmp_ln1048)> <Delay = 0.28> <CoreInst = "LogicGate">   --->   Core 74 'LogicGate' <Latency = 0> <II = 1> <Delay = 0.28> <FuncUnit> <Opcode : 'and' 'or' 'xor'> <InPorts = 2> <OutPorts = 1>
ST_1 : Operation 55 [1/1] (0.28ns)   --->   "%or_ln1068 = or i1 %cmp96, i1 %tmp" [/home/izaan/GitRepos/dpdma_exdes/vivado_quad_vmix/kv260_quad_vmix_dp.runs/bd_quad_vmix_dp_v_frmbuf_wr_0_0_synth_1/prj/sol/.autopilot/db/v_frmbuf_wr.cpp:1068]   --->   Operation 55 'or' 'or_ln1068' <Predicate = (icmp_ln1048)> <Delay = 0.28> <CoreInst = "LogicGate">   --->   Core 74 'LogicGate' <Latency = 0> <II = 1> <Delay = 0.28> <FuncUnit> <Opcode : 'and' 'or' 'xor'> <InPorts = 2> <OutPorts = 1>
ST_1 : Operation 56 [1/1] (0.00ns)   --->   "%br_ln1068 = br i1 %or_ln1068, void %for.inc146.1, void %if.then138.1" [/home/izaan/GitRepos/dpdma_exdes/vivado_quad_vmix/kv260_quad_vmix_dp.runs/bd_quad_vmix_dp_v_frmbuf_wr_0_0_synth_1/prj/sol/.autopilot/db/v_frmbuf_wr.cpp:1068]   --->   Operation 56 'br' 'br_ln1068' <Predicate = (icmp_ln1048)> <Delay = 0.00>
ST_1 : Operation 57 [1/1] (0.28ns)   --->   "%or_ln1068_1 = or i1 %cmp96, i1 %cmp137_2_read" [/home/izaan/GitRepos/dpdma_exdes/vivado_quad_vmix/kv260_quad_vmix_dp.runs/bd_quad_vmix_dp_v_frmbuf_wr_0_0_synth_1/prj/sol/.autopilot/db/v_frmbuf_wr.cpp:1068]   --->   Operation 57 'or' 'or_ln1068_1' <Predicate = (icmp_ln1048)> <Delay = 0.28> <CoreInst = "LogicGate">   --->   Core 74 'LogicGate' <Latency = 0> <II = 1> <Delay = 0.28> <FuncUnit> <Opcode : 'and' 'or' 'xor'> <InPorts = 2> <OutPorts = 1>
ST_1 : Operation 58 [1/1] (0.00ns)   --->   "%br_ln1068 = br i1 %or_ln1068_1, void %for.inc146.2, void %if.then138.2" [/home/izaan/GitRepos/dpdma_exdes/vivado_quad_vmix/kv260_quad_vmix_dp.runs/bd_quad_vmix_dp_v_frmbuf_wr_0_0_synth_1/prj/sol/.autopilot/db/v_frmbuf_wr.cpp:1068]   --->   Operation 58 'br' 'br_ln1068' <Predicate = (icmp_ln1048)> <Delay = 0.00>
ST_1 : Operation 59 [1/1] (0.42ns)   --->   "%store_ln1048 = store i9 %x_4, i9 %x" [/home/izaan/GitRepos/dpdma_exdes/vivado_quad_vmix/kv260_quad_vmix_dp.runs/bd_quad_vmix_dp_v_frmbuf_wr_0_0_synth_1/prj/sol/.autopilot/db/v_frmbuf_wr.cpp:1048]   --->   Operation 59 'store' 'store_ln1048' <Predicate = (icmp_ln1048)> <Delay = 0.42>

State 2 <SV = 1> <Delay = 1.83>
ST_2 : Operation 60 [1/1] (0.00ns)   --->   "%p_load47 = load i8 %empty_217"   --->   Operation 60 'load' 'p_load47' <Predicate = true> <Delay = 0.00>
ST_2 : Operation 61 [1/1] (0.00ns)   --->   "%p_load46 = load i8 %empty_218"   --->   Operation 61 'load' 'p_load46' <Predicate = true> <Delay = 0.00>
ST_2 : Operation 62 [1/1] (0.00ns)   --->   "%p_load45 = load i8 %empty_219"   --->   Operation 62 'load' 'p_load45' <Predicate = true> <Delay = 0.00>
ST_2 : Operation 63 [1/1] (0.00ns)   --->   "%p_load44 = load i8 %empty_220"   --->   Operation 63 'load' 'p_load44' <Predicate = true> <Delay = 0.00>
ST_2 : Operation 64 [1/1] (0.00ns)   --->   "%p_load43 = load i8 %empty_221"   --->   Operation 64 'load' 'p_load43' <Predicate = true> <Delay = 0.00>
ST_2 : Operation 65 [1/1] (0.00ns)   --->   "%p_load = load i8 %empty_222"   --->   Operation 65 'load' 'p_load' <Predicate = true> <Delay = 0.00>
ST_2 : Operation 66 [1/1] (0.00ns)   --->   "%speclooptripcount_ln0 = speclooptripcount void @_ssdm_op_SpecLoopTripCount, i64 0, i64 480, i64 0"   --->   Operation 66 'speclooptripcount' 'speclooptripcount_ln0' <Predicate = true> <Delay = 0.00>
ST_2 : Operation 67 [1/1] (0.00ns)   --->   "%specpipeline_ln1050 = specpipeline void @_ssdm_op_SpecPipeline, i32 8, i32 0, i32 0, i32 0, void @empty_1" [/home/izaan/GitRepos/dpdma_exdes/vivado_quad_vmix/kv260_quad_vmix_dp.runs/bd_quad_vmix_dp_v_frmbuf_wr_0_0_synth_1/prj/sol/.autopilot/db/v_frmbuf_wr.cpp:1050]   --->   Operation 67 'specpipeline' 'specpipeline_ln1050' <Predicate = (icmp_ln1048)> <Delay = 0.00>
ST_2 : Operation 68 [1/1] (0.00ns)   --->   "%specloopname_ln1048 = specloopname void @_ssdm_op_SpecLoopName, void @empty_20" [/home/izaan/GitRepos/dpdma_exdes/vivado_quad_vmix/kv260_quad_vmix_dp.runs/bd_quad_vmix_dp_v_frmbuf_wr_0_0_synth_1/prj/sol/.autopilot/db/v_frmbuf_wr.cpp:1048]   --->   Operation 68 'specloopname' 'specloopname_ln1048' <Predicate = (icmp_ln1048)> <Delay = 0.00>
ST_2 : Operation 69 [1/1] (0.42ns)   --->   "%br_ln1053 = br i1 %or_ln1053, void %for.inc, void %if.then99" [/home/izaan/GitRepos/dpdma_exdes/vivado_quad_vmix/kv260_quad_vmix_dp.runs/bd_quad_vmix_dp_v_frmbuf_wr_0_0_synth_1/prj/sol/.autopilot/db/v_frmbuf_wr.cpp:1053]   --->   Operation 69 'br' 'br_ln1053' <Predicate = (icmp_ln1048)> <Delay = 0.42>
ST_2 : Operation 70 [1/1] ( I:1.83ns O:1.83ns )   --->   "%img_read = read i48 @_ssdm_op_Read.ap_fifo.volatile.i48P0A, i48 %img" [/home/izaan/GitRepos/dpdma_exdes/vivado_quad_vmix/kv260_quad_vmix_dp.runs/bd_quad_vmix_dp_v_frmbuf_wr_0_0_synth_1/prj/sol/.autopilot/db/v_frmbuf_wr.cpp:1054]   --->   Operation 70 'read' 'img_read' <Predicate = (icmp_ln1048 & or_ln1053)> <Delay = 1.83> <CoreInst = "FIFO_SRL">   --->   Core 80 'FIFO_SRL' <Latency = 0> <II = 1> <Delay = 1.83> <Storage> <Opcode : 'read' 'write' 'nbread' 'nbwrite'> <Ports = 0> <Width = 48> <Depth = 2> <FIFO>
ST_2 : Operation 71 [1/1] (0.00ns)   --->   "%trunc_ln1054 = trunc i48 %img_read" [/home/izaan/GitRepos/dpdma_exdes/vivado_quad_vmix/kv260_quad_vmix_dp.runs/bd_quad_vmix_dp_v_frmbuf_wr_0_0_synth_1/prj/sol/.autopilot/db/v_frmbuf_wr.cpp:1054]   --->   Operation 71 'trunc' 'trunc_ln1054' <Predicate = (icmp_ln1048 & or_ln1053)> <Delay = 0.00>
ST_2 : Operation 72 [1/1] (0.00ns)   --->   "%trunc_ln1054_1 = partselect i8 @_ssdm_op_PartSelect.i8.i48.i32.i32, i48 %img_read, i32 8, i32 15" [/home/izaan/GitRepos/dpdma_exdes/vivado_quad_vmix/kv260_quad_vmix_dp.runs/bd_quad_vmix_dp_v_frmbuf_wr_0_0_synth_1/prj/sol/.autopilot/db/v_frmbuf_wr.cpp:1054]   --->   Operation 72 'partselect' 'trunc_ln1054_1' <Predicate = (icmp_ln1048 & or_ln1053)> <Delay = 0.00>
ST_2 : Operation 73 [1/1] (0.00ns)   --->   "%trunc_ln1054_2 = partselect i8 @_ssdm_op_PartSelect.i8.i48.i32.i32, i48 %img_read, i32 16, i32 23" [/home/izaan/GitRepos/dpdma_exdes/vivado_quad_vmix/kv260_quad_vmix_dp.runs/bd_quad_vmix_dp_v_frmbuf_wr_0_0_synth_1/prj/sol/.autopilot/db/v_frmbuf_wr.cpp:1054]   --->   Operation 73 'partselect' 'trunc_ln1054_2' <Predicate = (icmp_ln1048 & or_ln1053)> <Delay = 0.00>
ST_2 : Operation 74 [1/1] (0.00ns)   --->   "%trunc_ln1054_3 = partselect i8 @_ssdm_op_PartSelect.i8.i48.i32.i32, i48 %img_read, i32 24, i32 31" [/home/izaan/GitRepos/dpdma_exdes/vivado_quad_vmix/kv260_quad_vmix_dp.runs/bd_quad_vmix_dp_v_frmbuf_wr_0_0_synth_1/prj/sol/.autopilot/db/v_frmbuf_wr.cpp:1054]   --->   Operation 74 'partselect' 'trunc_ln1054_3' <Predicate = (icmp_ln1048 & or_ln1053)> <Delay = 0.00>
ST_2 : Operation 75 [1/1] (0.00ns)   --->   "%trunc_ln1054_4 = partselect i8 @_ssdm_op_PartSelect.i8.i48.i32.i32, i48 %img_read, i32 32, i32 39" [/home/izaan/GitRepos/dpdma_exdes/vivado_quad_vmix/kv260_quad_vmix_dp.runs/bd_quad_vmix_dp_v_frmbuf_wr_0_0_synth_1/prj/sol/.autopilot/db/v_frmbuf_wr.cpp:1054]   --->   Operation 75 'partselect' 'trunc_ln1054_4' <Predicate = (icmp_ln1048 & or_ln1053)> <Delay = 0.00>
ST_2 : Operation 76 [1/1] (0.00ns)   --->   "%trunc_ln1054_5 = partselect i8 @_ssdm_op_PartSelect.i8.i48.i32.i32, i48 %img_read, i32 40, i32 47" [/home/izaan/GitRepos/dpdma_exdes/vivado_quad_vmix/kv260_quad_vmix_dp.runs/bd_quad_vmix_dp_v_frmbuf_wr_0_0_synth_1/prj/sol/.autopilot/db/v_frmbuf_wr.cpp:1054]   --->   Operation 76 'partselect' 'trunc_ln1054_5' <Predicate = (icmp_ln1048 & or_ln1053)> <Delay = 0.00>
ST_2 : Operation 77 [1/1] (0.42ns)   --->   "%br_ln1054 = br void %for.inc" [/home/izaan/GitRepos/dpdma_exdes/vivado_quad_vmix/kv260_quad_vmix_dp.runs/bd_quad_vmix_dp_v_frmbuf_wr_0_0_synth_1/prj/sol/.autopilot/db/v_frmbuf_wr.cpp:1054]   --->   Operation 77 'br' 'br_ln1054' <Predicate = (icmp_ln1048 & or_ln1053)> <Delay = 0.42>
ST_2 : Operation 78 [1/1] (0.28ns)   --->   "%or_ln1053_1 = or i1 %cmp96, i1 %icmp19_read" [/home/izaan/GitRepos/dpdma_exdes/vivado_quad_vmix/kv260_quad_vmix_dp.runs/bd_quad_vmix_dp_v_frmbuf_wr_0_0_synth_1/prj/sol/.autopilot/db/v_frmbuf_wr.cpp:1053]   --->   Operation 78 'or' 'or_ln1053_1' <Predicate = (icmp_ln1048)> <Delay = 0.28> <CoreInst = "LogicGate">   --->   Core 74 'LogicGate' <Latency = 0> <II = 1> <Delay = 0.28> <FuncUnit> <Opcode : 'and' 'or' 'xor'> <InPorts = 2> <OutPorts = 1>
ST_2 : Operation 211 [1/1] (0.00ns)   --->   "%store_ln0 = store i8 %p_load, i8 %p_out"   --->   Operation 211 'store' 'store_ln0' <Predicate = (!icmp_ln1048)> <Delay = 0.00>
ST_2 : Operation 212 [1/1] (0.00ns)   --->   "%store_ln0 = store i8 %p_load43, i8 %p_out1"   --->   Operation 212 'store' 'store_ln0' <Predicate = (!icmp_ln1048)> <Delay = 0.00>
ST_2 : Operation 213 [1/1] (0.00ns)   --->   "%store_ln0 = store i8 %p_load44, i8 %p_out2"   --->   Operation 213 'store' 'store_ln0' <Predicate = (!icmp_ln1048)> <Delay = 0.00>
ST_2 : Operation 214 [1/1] (0.00ns)   --->   "%store_ln0 = store i8 %p_load45, i8 %p_out3"   --->   Operation 214 'store' 'store_ln0' <Predicate = (!icmp_ln1048)> <Delay = 0.00>
ST_2 : Operation 215 [1/1] (0.00ns)   --->   "%store_ln0 = store i8 %p_load46, i8 %p_out4"   --->   Operation 215 'store' 'store_ln0' <Predicate = (!icmp_ln1048)> <Delay = 0.00>
ST_2 : Operation 216 [1/1] (0.00ns)   --->   "%store_ln0 = store i8 %p_load47, i8 %p_out5"   --->   Operation 216 'store' 'store_ln0' <Predicate = (!icmp_ln1048)> <Delay = 0.00>
ST_2 : Operation 217 [1/1] (0.42ns)   --->   "%ret_ln0 = ret"   --->   Operation 217 'ret' 'ret_ln0' <Predicate = (!icmp_ln1048)> <Delay = 0.42>

State 3 <SV = 2> <Delay = 1.83>
ST_3 : Operation 79 [1/1] (0.00ns)   --->   "%empty_265 = phi i8 %trunc_ln1054_5, void %if.then99, i8 %p_load, void %VITIS_LOOP_1051_2.split" [/home/izaan/GitRepos/dpdma_exdes/vivado_quad_vmix/kv260_quad_vmix_dp.runs/bd_quad_vmix_dp_v_frmbuf_wr_0_0_synth_1/prj/sol/.autopilot/db/v_frmbuf_wr.cpp:1054]   --->   Operation 79 'phi' 'empty_265' <Predicate = (icmp_ln1048)> <Delay = 0.00>
ST_3 : Operation 80 [1/1] (0.00ns)   --->   "%empty_266 = phi i8 %trunc_ln1054_4, void %if.then99, i8 %p_load43, void %VITIS_LOOP_1051_2.split" [/home/izaan/GitRepos/dpdma_exdes/vivado_quad_vmix/kv260_quad_vmix_dp.runs/bd_quad_vmix_dp_v_frmbuf_wr_0_0_synth_1/prj/sol/.autopilot/db/v_frmbuf_wr.cpp:1054]   --->   Operation 80 'phi' 'empty_266' <Predicate = (icmp_ln1048)> <Delay = 0.00>
ST_3 : Operation 81 [1/1] (0.00ns)   --->   "%empty_267 = phi i8 %trunc_ln1054_3, void %if.then99, i8 %p_load44, void %VITIS_LOOP_1051_2.split" [/home/izaan/GitRepos/dpdma_exdes/vivado_quad_vmix/kv260_quad_vmix_dp.runs/bd_quad_vmix_dp_v_frmbuf_wr_0_0_synth_1/prj/sol/.autopilot/db/v_frmbuf_wr.cpp:1054]   --->   Operation 81 'phi' 'empty_267' <Predicate = (icmp_ln1048)> <Delay = 0.00>
ST_3 : Operation 82 [1/1] (0.00ns)   --->   "%empty_268 = phi i8 %trunc_ln1054_2, void %if.then99, i8 %p_load45, void %VITIS_LOOP_1051_2.split" [/home/izaan/GitRepos/dpdma_exdes/vivado_quad_vmix/kv260_quad_vmix_dp.runs/bd_quad_vmix_dp_v_frmbuf_wr_0_0_synth_1/prj/sol/.autopilot/db/v_frmbuf_wr.cpp:1054]   --->   Operation 82 'phi' 'empty_268' <Predicate = (icmp_ln1048)> <Delay = 0.00>
ST_3 : Operation 83 [1/1] (0.00ns)   --->   "%empty_269 = phi i8 %trunc_ln1054_1, void %if.then99, i8 %p_load46, void %VITIS_LOOP_1051_2.split" [/home/izaan/GitRepos/dpdma_exdes/vivado_quad_vmix/kv260_quad_vmix_dp.runs/bd_quad_vmix_dp_v_frmbuf_wr_0_0_synth_1/prj/sol/.autopilot/db/v_frmbuf_wr.cpp:1054]   --->   Operation 83 'phi' 'empty_269' <Predicate = (icmp_ln1048)> <Delay = 0.00>
ST_3 : Operation 84 [1/1] (0.00ns)   --->   "%empty_270 = phi i8 %trunc_ln1054, void %if.then99, i8 %p_load47, void %VITIS_LOOP_1051_2.split" [/home/izaan/GitRepos/dpdma_exdes/vivado_quad_vmix/kv260_quad_vmix_dp.runs/bd_quad_vmix_dp_v_frmbuf_wr_0_0_synth_1/prj/sol/.autopilot/db/v_frmbuf_wr.cpp:1054]   --->   Operation 84 'phi' 'empty_270' <Predicate = (icmp_ln1048)> <Delay = 0.00>
ST_3 : Operation 85 [1/1] (0.42ns)   --->   "%br_ln1053 = br i1 %or_ln1053_1, void %for.inc.1, void %if.then99.1" [/home/izaan/GitRepos/dpdma_exdes/vivado_quad_vmix/kv260_quad_vmix_dp.runs/bd_quad_vmix_dp_v_frmbuf_wr_0_0_synth_1/prj/sol/.autopilot/db/v_frmbuf_wr.cpp:1053]   --->   Operation 85 'br' 'br_ln1053' <Predicate = (icmp_ln1048)> <Delay = 0.42>
ST_3 : Operation 86 [1/1] ( I:1.83ns O:1.83ns )   --->   "%img_read_8 = read i48 @_ssdm_op_Read.ap_fifo.volatile.i48P0A, i48 %img" [/home/izaan/GitRepos/dpdma_exdes/vivado_quad_vmix/kv260_quad_vmix_dp.runs/bd_quad_vmix_dp_v_frmbuf_wr_0_0_synth_1/prj/sol/.autopilot/db/v_frmbuf_wr.cpp:1054]   --->   Operation 86 'read' 'img_read_8' <Predicate = (icmp_ln1048 & or_ln1053_1)> <Delay = 1.83> <CoreInst = "FIFO_SRL">   --->   Core 80 'FIFO_SRL' <Latency = 0> <II = 1> <Delay = 1.83> <Storage> <Opcode : 'read' 'write' 'nbread' 'nbwrite'> <Ports = 0> <Width = 48> <Depth = 2> <FIFO>
ST_3 : Operation 87 [1/1] (0.00ns)   --->   "%trunc_ln1054_6 = trunc i48 %img_read_8" [/home/izaan/GitRepos/dpdma_exdes/vivado_quad_vmix/kv260_quad_vmix_dp.runs/bd_quad_vmix_dp_v_frmbuf_wr_0_0_synth_1/prj/sol/.autopilot/db/v_frmbuf_wr.cpp:1054]   --->   Operation 87 'trunc' 'trunc_ln1054_6' <Predicate = (icmp_ln1048 & or_ln1053_1)> <Delay = 0.00>
ST_3 : Operation 88 [1/1] (0.00ns)   --->   "%trunc_ln1054_7 = partselect i8 @_ssdm_op_PartSelect.i8.i48.i32.i32, i48 %img_read_8, i32 8, i32 15" [/home/izaan/GitRepos/dpdma_exdes/vivado_quad_vmix/kv260_quad_vmix_dp.runs/bd_quad_vmix_dp_v_frmbuf_wr_0_0_synth_1/prj/sol/.autopilot/db/v_frmbuf_wr.cpp:1054]   --->   Operation 88 'partselect' 'trunc_ln1054_7' <Predicate = (icmp_ln1048 & or_ln1053_1)> <Delay = 0.00>
ST_3 : Operation 89 [1/1] (0.00ns)   --->   "%trunc_ln1054_8 = partselect i8 @_ssdm_op_PartSelect.i8.i48.i32.i32, i48 %img_read_8, i32 16, i32 23" [/home/izaan/GitRepos/dpdma_exdes/vivado_quad_vmix/kv260_quad_vmix_dp.runs/bd_quad_vmix_dp_v_frmbuf_wr_0_0_synth_1/prj/sol/.autopilot/db/v_frmbuf_wr.cpp:1054]   --->   Operation 89 'partselect' 'trunc_ln1054_8' <Predicate = (icmp_ln1048 & or_ln1053_1)> <Delay = 0.00>
ST_3 : Operation 90 [1/1] (0.00ns)   --->   "%trunc_ln1054_9 = partselect i8 @_ssdm_op_PartSelect.i8.i48.i32.i32, i48 %img_read_8, i32 24, i32 31" [/home/izaan/GitRepos/dpdma_exdes/vivado_quad_vmix/kv260_quad_vmix_dp.runs/bd_quad_vmix_dp_v_frmbuf_wr_0_0_synth_1/prj/sol/.autopilot/db/v_frmbuf_wr.cpp:1054]   --->   Operation 90 'partselect' 'trunc_ln1054_9' <Predicate = (icmp_ln1048 & or_ln1053_1)> <Delay = 0.00>
ST_3 : Operation 91 [1/1] (0.00ns)   --->   "%trunc_ln1054_s = partselect i8 @_ssdm_op_PartSelect.i8.i48.i32.i32, i48 %img_read_8, i32 32, i32 39" [/home/izaan/GitRepos/dpdma_exdes/vivado_quad_vmix/kv260_quad_vmix_dp.runs/bd_quad_vmix_dp_v_frmbuf_wr_0_0_synth_1/prj/sol/.autopilot/db/v_frmbuf_wr.cpp:1054]   --->   Operation 91 'partselect' 'trunc_ln1054_s' <Predicate = (icmp_ln1048 & or_ln1053_1)> <Delay = 0.00>
ST_3 : Operation 92 [1/1] (0.00ns)   --->   "%trunc_ln1054_10 = partselect i8 @_ssdm_op_PartSelect.i8.i48.i32.i32, i48 %img_read_8, i32 40, i32 47" [/home/izaan/GitRepos/dpdma_exdes/vivado_quad_vmix/kv260_quad_vmix_dp.runs/bd_quad_vmix_dp_v_frmbuf_wr_0_0_synth_1/prj/sol/.autopilot/db/v_frmbuf_wr.cpp:1054]   --->   Operation 92 'partselect' 'trunc_ln1054_10' <Predicate = (icmp_ln1048 & or_ln1053_1)> <Delay = 0.00>
ST_3 : Operation 93 [1/1] (0.42ns)   --->   "%br_ln1054 = br void %for.inc.1" [/home/izaan/GitRepos/dpdma_exdes/vivado_quad_vmix/kv260_quad_vmix_dp.runs/bd_quad_vmix_dp_v_frmbuf_wr_0_0_synth_1/prj/sol/.autopilot/db/v_frmbuf_wr.cpp:1054]   --->   Operation 93 'br' 'br_ln1054' <Predicate = (icmp_ln1048 & or_ln1053_1)> <Delay = 0.42>
ST_3 : Operation 94 [1/1] (0.28ns)   --->   "%or_ln1053_2 = or i1 %cmp96, i1 %cmp98_2_read" [/home/izaan/GitRepos/dpdma_exdes/vivado_quad_vmix/kv260_quad_vmix_dp.runs/bd_quad_vmix_dp_v_frmbuf_wr_0_0_synth_1/prj/sol/.autopilot/db/v_frmbuf_wr.cpp:1053]   --->   Operation 94 'or' 'or_ln1053_2' <Predicate = (icmp_ln1048)> <Delay = 0.28> <CoreInst = "LogicGate">   --->   Core 74 'LogicGate' <Latency = 0> <II = 1> <Delay = 0.28> <FuncUnit> <Opcode : 'and' 'or' 'xor'> <InPorts = 2> <OutPorts = 1>

State 4 <SV = 3> <Delay = 1.83>
ST_4 : Operation 95 [1/1] (0.00ns)   --->   "%empty_259 = phi i8 %trunc_ln1054_10, void %if.then99.1, i8 %empty_265, void %for.inc" [/home/izaan/GitRepos/dpdma_exdes/vivado_quad_vmix/kv260_quad_vmix_dp.runs/bd_quad_vmix_dp_v_frmbuf_wr_0_0_synth_1/prj/sol/.autopilot/db/v_frmbuf_wr.cpp:1054]   --->   Operation 95 'phi' 'empty_259' <Predicate = (icmp_ln1048)> <Delay = 0.00>
ST_4 : Operation 96 [1/1] (0.00ns)   --->   "%empty_260 = phi i8 %trunc_ln1054_s, void %if.then99.1, i8 %empty_266, void %for.inc" [/home/izaan/GitRepos/dpdma_exdes/vivado_quad_vmix/kv260_quad_vmix_dp.runs/bd_quad_vmix_dp_v_frmbuf_wr_0_0_synth_1/prj/sol/.autopilot/db/v_frmbuf_wr.cpp:1054]   --->   Operation 96 'phi' 'empty_260' <Predicate = (icmp_ln1048)> <Delay = 0.00>
ST_4 : Operation 97 [1/1] (0.00ns)   --->   "%empty_261 = phi i8 %trunc_ln1054_9, void %if.then99.1, i8 %empty_267, void %for.inc" [/home/izaan/GitRepos/dpdma_exdes/vivado_quad_vmix/kv260_quad_vmix_dp.runs/bd_quad_vmix_dp_v_frmbuf_wr_0_0_synth_1/prj/sol/.autopilot/db/v_frmbuf_wr.cpp:1054]   --->   Operation 97 'phi' 'empty_261' <Predicate = (icmp_ln1048)> <Delay = 0.00>
ST_4 : Operation 98 [1/1] (0.00ns)   --->   "%empty_262 = phi i8 %trunc_ln1054_8, void %if.then99.1, i8 %empty_268, void %for.inc" [/home/izaan/GitRepos/dpdma_exdes/vivado_quad_vmix/kv260_quad_vmix_dp.runs/bd_quad_vmix_dp_v_frmbuf_wr_0_0_synth_1/prj/sol/.autopilot/db/v_frmbuf_wr.cpp:1054]   --->   Operation 98 'phi' 'empty_262' <Predicate = (icmp_ln1048)> <Delay = 0.00>
ST_4 : Operation 99 [1/1] (0.00ns)   --->   "%empty_263 = phi i8 %trunc_ln1054_7, void %if.then99.1, i8 %empty_269, void %for.inc" [/home/izaan/GitRepos/dpdma_exdes/vivado_quad_vmix/kv260_quad_vmix_dp.runs/bd_quad_vmix_dp_v_frmbuf_wr_0_0_synth_1/prj/sol/.autopilot/db/v_frmbuf_wr.cpp:1054]   --->   Operation 99 'phi' 'empty_263' <Predicate = (icmp_ln1048)> <Delay = 0.00>
ST_4 : Operation 100 [1/1] (0.00ns)   --->   "%empty_264 = phi i8 %trunc_ln1054_6, void %if.then99.1, i8 %empty_270, void %for.inc" [/home/izaan/GitRepos/dpdma_exdes/vivado_quad_vmix/kv260_quad_vmix_dp.runs/bd_quad_vmix_dp_v_frmbuf_wr_0_0_synth_1/prj/sol/.autopilot/db/v_frmbuf_wr.cpp:1054]   --->   Operation 100 'phi' 'empty_264' <Predicate = (icmp_ln1048)> <Delay = 0.00>
ST_4 : Operation 101 [1/1] (0.42ns)   --->   "%br_ln1053 = br i1 %or_ln1053_2, void %for.inc.2, void %if.then99.2" [/home/izaan/GitRepos/dpdma_exdes/vivado_quad_vmix/kv260_quad_vmix_dp.runs/bd_quad_vmix_dp_v_frmbuf_wr_0_0_synth_1/prj/sol/.autopilot/db/v_frmbuf_wr.cpp:1053]   --->   Operation 101 'br' 'br_ln1053' <Predicate = (icmp_ln1048)> <Delay = 0.42>
ST_4 : Operation 102 [1/1] ( I:1.83ns O:1.83ns )   --->   "%img_read_9 = read i48 @_ssdm_op_Read.ap_fifo.volatile.i48P0A, i48 %img" [/home/izaan/GitRepos/dpdma_exdes/vivado_quad_vmix/kv260_quad_vmix_dp.runs/bd_quad_vmix_dp_v_frmbuf_wr_0_0_synth_1/prj/sol/.autopilot/db/v_frmbuf_wr.cpp:1054]   --->   Operation 102 'read' 'img_read_9' <Predicate = (icmp_ln1048 & or_ln1053_2)> <Delay = 1.83> <CoreInst = "FIFO_SRL">   --->   Core 80 'FIFO_SRL' <Latency = 0> <II = 1> <Delay = 1.83> <Storage> <Opcode : 'read' 'write' 'nbread' 'nbwrite'> <Ports = 0> <Width = 48> <Depth = 2> <FIFO>
ST_4 : Operation 103 [1/1] (0.00ns)   --->   "%trunc_ln1054_11 = trunc i48 %img_read_9" [/home/izaan/GitRepos/dpdma_exdes/vivado_quad_vmix/kv260_quad_vmix_dp.runs/bd_quad_vmix_dp_v_frmbuf_wr_0_0_synth_1/prj/sol/.autopilot/db/v_frmbuf_wr.cpp:1054]   --->   Operation 103 'trunc' 'trunc_ln1054_11' <Predicate = (icmp_ln1048 & or_ln1053_2)> <Delay = 0.00>
ST_4 : Operation 104 [1/1] (0.00ns)   --->   "%trunc_ln1054_12 = partselect i8 @_ssdm_op_PartSelect.i8.i48.i32.i32, i48 %img_read_9, i32 8, i32 15" [/home/izaan/GitRepos/dpdma_exdes/vivado_quad_vmix/kv260_quad_vmix_dp.runs/bd_quad_vmix_dp_v_frmbuf_wr_0_0_synth_1/prj/sol/.autopilot/db/v_frmbuf_wr.cpp:1054]   --->   Operation 104 'partselect' 'trunc_ln1054_12' <Predicate = (icmp_ln1048 & or_ln1053_2)> <Delay = 0.00>
ST_4 : Operation 105 [1/1] (0.00ns)   --->   "%trunc_ln1054_13 = partselect i8 @_ssdm_op_PartSelect.i8.i48.i32.i32, i48 %img_read_9, i32 16, i32 23" [/home/izaan/GitRepos/dpdma_exdes/vivado_quad_vmix/kv260_quad_vmix_dp.runs/bd_quad_vmix_dp_v_frmbuf_wr_0_0_synth_1/prj/sol/.autopilot/db/v_frmbuf_wr.cpp:1054]   --->   Operation 105 'partselect' 'trunc_ln1054_13' <Predicate = (icmp_ln1048 & or_ln1053_2)> <Delay = 0.00>
ST_4 : Operation 106 [1/1] (0.00ns)   --->   "%trunc_ln1054_14 = partselect i8 @_ssdm_op_PartSelect.i8.i48.i32.i32, i48 %img_read_9, i32 24, i32 31" [/home/izaan/GitRepos/dpdma_exdes/vivado_quad_vmix/kv260_quad_vmix_dp.runs/bd_quad_vmix_dp_v_frmbuf_wr_0_0_synth_1/prj/sol/.autopilot/db/v_frmbuf_wr.cpp:1054]   --->   Operation 106 'partselect' 'trunc_ln1054_14' <Predicate = (icmp_ln1048 & or_ln1053_2)> <Delay = 0.00>
ST_4 : Operation 107 [1/1] (0.00ns)   --->   "%trunc_ln1054_15 = partselect i8 @_ssdm_op_PartSelect.i8.i48.i32.i32, i48 %img_read_9, i32 32, i32 39" [/home/izaan/GitRepos/dpdma_exdes/vivado_quad_vmix/kv260_quad_vmix_dp.runs/bd_quad_vmix_dp_v_frmbuf_wr_0_0_synth_1/prj/sol/.autopilot/db/v_frmbuf_wr.cpp:1054]   --->   Operation 107 'partselect' 'trunc_ln1054_15' <Predicate = (icmp_ln1048 & or_ln1053_2)> <Delay = 0.00>
ST_4 : Operation 108 [1/1] (0.00ns)   --->   "%trunc_ln1054_16 = partselect i8 @_ssdm_op_PartSelect.i8.i48.i32.i32, i48 %img_read_9, i32 40, i32 47" [/home/izaan/GitRepos/dpdma_exdes/vivado_quad_vmix/kv260_quad_vmix_dp.runs/bd_quad_vmix_dp_v_frmbuf_wr_0_0_synth_1/prj/sol/.autopilot/db/v_frmbuf_wr.cpp:1054]   --->   Operation 108 'partselect' 'trunc_ln1054_16' <Predicate = (icmp_ln1048 & or_ln1053_2)> <Delay = 0.00>
ST_4 : Operation 109 [1/1] (0.42ns)   --->   "%br_ln1054 = br void %for.inc.2" [/home/izaan/GitRepos/dpdma_exdes/vivado_quad_vmix/kv260_quad_vmix_dp.runs/bd_quad_vmix_dp_v_frmbuf_wr_0_0_synth_1/prj/sol/.autopilot/db/v_frmbuf_wr.cpp:1054]   --->   Operation 109 'br' 'br_ln1054' <Predicate = (icmp_ln1048 & or_ln1053_2)> <Delay = 0.42>
ST_4 : Operation 110 [1/1] (0.28ns)   --->   "%or_ln1053_3 = or i1 %cmp96, i1 %icmp22_read" [/home/izaan/GitRepos/dpdma_exdes/vivado_quad_vmix/kv260_quad_vmix_dp.runs/bd_quad_vmix_dp_v_frmbuf_wr_0_0_synth_1/prj/sol/.autopilot/db/v_frmbuf_wr.cpp:1053]   --->   Operation 110 'or' 'or_ln1053_3' <Predicate = (icmp_ln1048)> <Delay = 0.28> <CoreInst = "LogicGate">   --->   Core 74 'LogicGate' <Latency = 0> <II = 1> <Delay = 0.28> <FuncUnit> <Opcode : 'and' 'or' 'xor'> <InPorts = 2> <OutPorts = 1>
ST_4 : Operation 111 [1/1] (0.28ns)   --->   "%or_ln1053_4 = or i1 %cmp96, i1 %cmp98_4_read" [/home/izaan/GitRepos/dpdma_exdes/vivado_quad_vmix/kv260_quad_vmix_dp.runs/bd_quad_vmix_dp_v_frmbuf_wr_0_0_synth_1/prj/sol/.autopilot/db/v_frmbuf_wr.cpp:1053]   --->   Operation 111 'or' 'or_ln1053_4' <Predicate = (icmp_ln1048)> <Delay = 0.28> <CoreInst = "LogicGate">   --->   Core 74 'LogicGate' <Latency = 0> <II = 1> <Delay = 0.28> <FuncUnit> <Opcode : 'and' 'or' 'xor'> <InPorts = 2> <OutPorts = 1>
ST_4 : Operation 112 [1/1] (0.28ns)   --->   "%or_ln1053_5 = or i1 %cmp96, i1 %cmp98_5_read" [/home/izaan/GitRepos/dpdma_exdes/vivado_quad_vmix/kv260_quad_vmix_dp.runs/bd_quad_vmix_dp_v_frmbuf_wr_0_0_synth_1/prj/sol/.autopilot/db/v_frmbuf_wr.cpp:1053]   --->   Operation 112 'or' 'or_ln1053_5' <Predicate = (icmp_ln1048)> <Delay = 0.28> <CoreInst = "LogicGate">   --->   Core 74 'LogicGate' <Latency = 0> <II = 1> <Delay = 0.28> <FuncUnit> <Opcode : 'and' 'or' 'xor'> <InPorts = 2> <OutPorts = 1>
ST_4 : Operation 113 [1/1] (0.28ns)   --->   "%or_ln1053_6 = or i1 %cmp96, i1 %cmp98_6_read" [/home/izaan/GitRepos/dpdma_exdes/vivado_quad_vmix/kv260_quad_vmix_dp.runs/bd_quad_vmix_dp_v_frmbuf_wr_0_0_synth_1/prj/sol/.autopilot/db/v_frmbuf_wr.cpp:1053]   --->   Operation 113 'or' 'or_ln1053_6' <Predicate = (icmp_ln1048)> <Delay = 0.28> <CoreInst = "LogicGate">   --->   Core 74 'LogicGate' <Latency = 0> <II = 1> <Delay = 0.28> <FuncUnit> <Opcode : 'and' 'or' 'xor'> <InPorts = 2> <OutPorts = 1>
ST_4 : Operation 114 [1/1] (0.28ns)   --->   "%or_ln1053_7 = or i1 %cmp96, i1 %icmp_ln1035_read" [/home/izaan/GitRepos/dpdma_exdes/vivado_quad_vmix/kv260_quad_vmix_dp.runs/bd_quad_vmix_dp_v_frmbuf_wr_0_0_synth_1/prj/sol/.autopilot/db/v_frmbuf_wr.cpp:1053]   --->   Operation 114 'or' 'or_ln1053_7' <Predicate = (icmp_ln1048)> <Delay = 0.28> <CoreInst = "LogicGate">   --->   Core 74 'LogicGate' <Latency = 0> <II = 1> <Delay = 0.28> <FuncUnit> <Opcode : 'and' 'or' 'xor'> <InPorts = 2> <OutPorts = 1>

State 5 <SV = 4> <Delay = 1.83>
ST_5 : Operation 115 [1/1] (0.00ns)   --->   "%empty_253 = phi i8 %trunc_ln1054_16, void %if.then99.2, i8 %empty_259, void %for.inc.1" [/home/izaan/GitRepos/dpdma_exdes/vivado_quad_vmix/kv260_quad_vmix_dp.runs/bd_quad_vmix_dp_v_frmbuf_wr_0_0_synth_1/prj/sol/.autopilot/db/v_frmbuf_wr.cpp:1054]   --->   Operation 115 'phi' 'empty_253' <Predicate = (icmp_ln1048)> <Delay = 0.00>
ST_5 : Operation 116 [1/1] (0.00ns)   --->   "%empty_254 = phi i8 %trunc_ln1054_15, void %if.then99.2, i8 %empty_260, void %for.inc.1" [/home/izaan/GitRepos/dpdma_exdes/vivado_quad_vmix/kv260_quad_vmix_dp.runs/bd_quad_vmix_dp_v_frmbuf_wr_0_0_synth_1/prj/sol/.autopilot/db/v_frmbuf_wr.cpp:1054]   --->   Operation 116 'phi' 'empty_254' <Predicate = (icmp_ln1048)> <Delay = 0.00>
ST_5 : Operation 117 [1/1] (0.00ns)   --->   "%empty_255 = phi i8 %trunc_ln1054_14, void %if.then99.2, i8 %empty_261, void %for.inc.1" [/home/izaan/GitRepos/dpdma_exdes/vivado_quad_vmix/kv260_quad_vmix_dp.runs/bd_quad_vmix_dp_v_frmbuf_wr_0_0_synth_1/prj/sol/.autopilot/db/v_frmbuf_wr.cpp:1054]   --->   Operation 117 'phi' 'empty_255' <Predicate = (icmp_ln1048)> <Delay = 0.00>
ST_5 : Operation 118 [1/1] (0.00ns)   --->   "%empty_256 = phi i8 %trunc_ln1054_13, void %if.then99.2, i8 %empty_262, void %for.inc.1" [/home/izaan/GitRepos/dpdma_exdes/vivado_quad_vmix/kv260_quad_vmix_dp.runs/bd_quad_vmix_dp_v_frmbuf_wr_0_0_synth_1/prj/sol/.autopilot/db/v_frmbuf_wr.cpp:1054]   --->   Operation 118 'phi' 'empty_256' <Predicate = (icmp_ln1048)> <Delay = 0.00>
ST_5 : Operation 119 [1/1] (0.00ns)   --->   "%empty_257 = phi i8 %trunc_ln1054_12, void %if.then99.2, i8 %empty_263, void %for.inc.1" [/home/izaan/GitRepos/dpdma_exdes/vivado_quad_vmix/kv260_quad_vmix_dp.runs/bd_quad_vmix_dp_v_frmbuf_wr_0_0_synth_1/prj/sol/.autopilot/db/v_frmbuf_wr.cpp:1054]   --->   Operation 119 'phi' 'empty_257' <Predicate = (icmp_ln1048)> <Delay = 0.00>
ST_5 : Operation 120 [1/1] (0.00ns)   --->   "%empty_258 = phi i8 %trunc_ln1054_11, void %if.then99.2, i8 %empty_264, void %for.inc.1" [/home/izaan/GitRepos/dpdma_exdes/vivado_quad_vmix/kv260_quad_vmix_dp.runs/bd_quad_vmix_dp_v_frmbuf_wr_0_0_synth_1/prj/sol/.autopilot/db/v_frmbuf_wr.cpp:1054]   --->   Operation 120 'phi' 'empty_258' <Predicate = (icmp_ln1048)> <Delay = 0.00>
ST_5 : Operation 121 [1/1] (0.42ns)   --->   "%br_ln1053 = br i1 %or_ln1053_3, void %for.inc.3, void %if.then99.3" [/home/izaan/GitRepos/dpdma_exdes/vivado_quad_vmix/kv260_quad_vmix_dp.runs/bd_quad_vmix_dp_v_frmbuf_wr_0_0_synth_1/prj/sol/.autopilot/db/v_frmbuf_wr.cpp:1053]   --->   Operation 121 'br' 'br_ln1053' <Predicate = (icmp_ln1048)> <Delay = 0.42>
ST_5 : Operation 122 [1/1] ( I:1.83ns O:1.83ns )   --->   "%img_read_10 = read i48 @_ssdm_op_Read.ap_fifo.volatile.i48P0A, i48 %img" [/home/izaan/GitRepos/dpdma_exdes/vivado_quad_vmix/kv260_quad_vmix_dp.runs/bd_quad_vmix_dp_v_frmbuf_wr_0_0_synth_1/prj/sol/.autopilot/db/v_frmbuf_wr.cpp:1054]   --->   Operation 122 'read' 'img_read_10' <Predicate = (icmp_ln1048 & or_ln1053_3)> <Delay = 1.83> <CoreInst = "FIFO_SRL">   --->   Core 80 'FIFO_SRL' <Latency = 0> <II = 1> <Delay = 1.83> <Storage> <Opcode : 'read' 'write' 'nbread' 'nbwrite'> <Ports = 0> <Width = 48> <Depth = 2> <FIFO>
ST_5 : Operation 123 [1/1] (0.00ns)   --->   "%trunc_ln1054_17 = trunc i48 %img_read_10" [/home/izaan/GitRepos/dpdma_exdes/vivado_quad_vmix/kv260_quad_vmix_dp.runs/bd_quad_vmix_dp_v_frmbuf_wr_0_0_synth_1/prj/sol/.autopilot/db/v_frmbuf_wr.cpp:1054]   --->   Operation 123 'trunc' 'trunc_ln1054_17' <Predicate = (icmp_ln1048 & or_ln1053_3)> <Delay = 0.00>
ST_5 : Operation 124 [1/1] (0.00ns)   --->   "%trunc_ln1054_18 = partselect i8 @_ssdm_op_PartSelect.i8.i48.i32.i32, i48 %img_read_10, i32 8, i32 15" [/home/izaan/GitRepos/dpdma_exdes/vivado_quad_vmix/kv260_quad_vmix_dp.runs/bd_quad_vmix_dp_v_frmbuf_wr_0_0_synth_1/prj/sol/.autopilot/db/v_frmbuf_wr.cpp:1054]   --->   Operation 124 'partselect' 'trunc_ln1054_18' <Predicate = (icmp_ln1048 & or_ln1053_3)> <Delay = 0.00>
ST_5 : Operation 125 [1/1] (0.00ns)   --->   "%trunc_ln1054_19 = partselect i8 @_ssdm_op_PartSelect.i8.i48.i32.i32, i48 %img_read_10, i32 16, i32 23" [/home/izaan/GitRepos/dpdma_exdes/vivado_quad_vmix/kv260_quad_vmix_dp.runs/bd_quad_vmix_dp_v_frmbuf_wr_0_0_synth_1/prj/sol/.autopilot/db/v_frmbuf_wr.cpp:1054]   --->   Operation 125 'partselect' 'trunc_ln1054_19' <Predicate = (icmp_ln1048 & or_ln1053_3)> <Delay = 0.00>
ST_5 : Operation 126 [1/1] (0.00ns)   --->   "%trunc_ln1054_20 = partselect i8 @_ssdm_op_PartSelect.i8.i48.i32.i32, i48 %img_read_10, i32 24, i32 31" [/home/izaan/GitRepos/dpdma_exdes/vivado_quad_vmix/kv260_quad_vmix_dp.runs/bd_quad_vmix_dp_v_frmbuf_wr_0_0_synth_1/prj/sol/.autopilot/db/v_frmbuf_wr.cpp:1054]   --->   Operation 126 'partselect' 'trunc_ln1054_20' <Predicate = (icmp_ln1048 & or_ln1053_3)> <Delay = 0.00>
ST_5 : Operation 127 [1/1] (0.00ns)   --->   "%trunc_ln1054_21 = partselect i8 @_ssdm_op_PartSelect.i8.i48.i32.i32, i48 %img_read_10, i32 32, i32 39" [/home/izaan/GitRepos/dpdma_exdes/vivado_quad_vmix/kv260_quad_vmix_dp.runs/bd_quad_vmix_dp_v_frmbuf_wr_0_0_synth_1/prj/sol/.autopilot/db/v_frmbuf_wr.cpp:1054]   --->   Operation 127 'partselect' 'trunc_ln1054_21' <Predicate = (icmp_ln1048 & or_ln1053_3)> <Delay = 0.00>
ST_5 : Operation 128 [1/1] (0.00ns)   --->   "%trunc_ln1054_22 = partselect i8 @_ssdm_op_PartSelect.i8.i48.i32.i32, i48 %img_read_10, i32 40, i32 47" [/home/izaan/GitRepos/dpdma_exdes/vivado_quad_vmix/kv260_quad_vmix_dp.runs/bd_quad_vmix_dp_v_frmbuf_wr_0_0_synth_1/prj/sol/.autopilot/db/v_frmbuf_wr.cpp:1054]   --->   Operation 128 'partselect' 'trunc_ln1054_22' <Predicate = (icmp_ln1048 & or_ln1053_3)> <Delay = 0.00>
ST_5 : Operation 129 [1/1] (0.42ns)   --->   "%br_ln1054 = br void %for.inc.3" [/home/izaan/GitRepos/dpdma_exdes/vivado_quad_vmix/kv260_quad_vmix_dp.runs/bd_quad_vmix_dp_v_frmbuf_wr_0_0_synth_1/prj/sol/.autopilot/db/v_frmbuf_wr.cpp:1054]   --->   Operation 129 'br' 'br_ln1054' <Predicate = (icmp_ln1048 & or_ln1053_3)> <Delay = 0.42>
ST_5 : Operation 130 [1/1] (0.00ns)   --->   "%tmp_s = bitconcatenate i128 @_ssdm_op_BitConcatenate.i128.i8.i8.i8.i8.i8.i8.i8.i8.i8.i8.i8.i8.i8.i8.i8.i8, i8 %empty_255, i8 %empty_256, i8 %empty_257, i8 %empty_258, i8 %empty_259, i8 %empty_260, i8 %empty_261, i8 %empty_262, i8 %empty_263, i8 %empty_264, i8 %empty_265, i8 %empty_266, i8 %empty_267, i8 %empty_268, i8 %empty_269, i8 %empty_270" [/home/izaan/GitRepos/dpdma_exdes/vivado_quad_vmix/kv260_quad_vmix_dp.runs/bd_quad_vmix_dp_v_frmbuf_wr_0_0_synth_1/prj/sol/.autopilot/db/v_frmbuf_wr.cpp:1069]   --->   Operation 130 'bitconcatenate' 'tmp_s' <Predicate = (icmp_ln1048)> <Delay = 0.00>
ST_5 : Operation 131 [1/1] ( I:1.74ns O:1.74ns )   --->   "%write_ln1069 = write void @_ssdm_op_Write.ap_fifo.volatile.i128P0A, i128 %bytePlanes, i128 %tmp_s" [/home/izaan/GitRepos/dpdma_exdes/vivado_quad_vmix/kv260_quad_vmix_dp.runs/bd_quad_vmix_dp_v_frmbuf_wr_0_0_synth_1/prj/sol/.autopilot/db/v_frmbuf_wr.cpp:1069]   --->   Operation 131 'write' 'write_ln1069' <Predicate = (icmp_ln1048)> <Delay = 1.74> <CoreInst = "FIFO_BRAM">   --->   Core 78 'FIFO_BRAM' <Latency = 0> <II = 1> <Delay = 1.74> <Storage> <Opcode : 'read' 'write' 'nbread' 'nbwrite'> <Ports = 0> <Width = 128> <Depth = 481> <FIFO>

State 6 <SV = 5> <Delay = 1.83>
ST_6 : Operation 132 [1/1] (0.00ns)   --->   "%empty_247 = phi i8 %trunc_ln1054_22, void %if.then99.3, i8 %empty_253, void %for.inc.2" [/home/izaan/GitRepos/dpdma_exdes/vivado_quad_vmix/kv260_quad_vmix_dp.runs/bd_quad_vmix_dp_v_frmbuf_wr_0_0_synth_1/prj/sol/.autopilot/db/v_frmbuf_wr.cpp:1054]   --->   Operation 132 'phi' 'empty_247' <Predicate = (icmp_ln1048)> <Delay = 0.00>
ST_6 : Operation 133 [1/1] (0.00ns)   --->   "%empty_248 = phi i8 %trunc_ln1054_21, void %if.then99.3, i8 %empty_254, void %for.inc.2" [/home/izaan/GitRepos/dpdma_exdes/vivado_quad_vmix/kv260_quad_vmix_dp.runs/bd_quad_vmix_dp_v_frmbuf_wr_0_0_synth_1/prj/sol/.autopilot/db/v_frmbuf_wr.cpp:1054]   --->   Operation 133 'phi' 'empty_248' <Predicate = (icmp_ln1048)> <Delay = 0.00>
ST_6 : Operation 134 [1/1] (0.00ns)   --->   "%empty_249 = phi i8 %trunc_ln1054_20, void %if.then99.3, i8 %empty_255, void %for.inc.2" [/home/izaan/GitRepos/dpdma_exdes/vivado_quad_vmix/kv260_quad_vmix_dp.runs/bd_quad_vmix_dp_v_frmbuf_wr_0_0_synth_1/prj/sol/.autopilot/db/v_frmbuf_wr.cpp:1054]   --->   Operation 134 'phi' 'empty_249' <Predicate = (icmp_ln1048)> <Delay = 0.00>
ST_6 : Operation 135 [1/1] (0.00ns)   --->   "%empty_250 = phi i8 %trunc_ln1054_19, void %if.then99.3, i8 %empty_256, void %for.inc.2" [/home/izaan/GitRepos/dpdma_exdes/vivado_quad_vmix/kv260_quad_vmix_dp.runs/bd_quad_vmix_dp_v_frmbuf_wr_0_0_synth_1/prj/sol/.autopilot/db/v_frmbuf_wr.cpp:1054]   --->   Operation 135 'phi' 'empty_250' <Predicate = (icmp_ln1048)> <Delay = 0.00>
ST_6 : Operation 136 [1/1] (0.00ns)   --->   "%empty_251 = phi i8 %trunc_ln1054_18, void %if.then99.3, i8 %empty_257, void %for.inc.2" [/home/izaan/GitRepos/dpdma_exdes/vivado_quad_vmix/kv260_quad_vmix_dp.runs/bd_quad_vmix_dp_v_frmbuf_wr_0_0_synth_1/prj/sol/.autopilot/db/v_frmbuf_wr.cpp:1054]   --->   Operation 136 'phi' 'empty_251' <Predicate = (icmp_ln1048)> <Delay = 0.00>
ST_6 : Operation 137 [1/1] (0.00ns)   --->   "%empty_252 = phi i8 %trunc_ln1054_17, void %if.then99.3, i8 %empty_258, void %for.inc.2" [/home/izaan/GitRepos/dpdma_exdes/vivado_quad_vmix/kv260_quad_vmix_dp.runs/bd_quad_vmix_dp_v_frmbuf_wr_0_0_synth_1/prj/sol/.autopilot/db/v_frmbuf_wr.cpp:1054]   --->   Operation 137 'phi' 'empty_252' <Predicate = (icmp_ln1048)> <Delay = 0.00>
ST_6 : Operation 138 [1/1] (0.42ns)   --->   "%br_ln1053 = br i1 %or_ln1053_4, void %for.inc.4, void %if.then99.4" [/home/izaan/GitRepos/dpdma_exdes/vivado_quad_vmix/kv260_quad_vmix_dp.runs/bd_quad_vmix_dp_v_frmbuf_wr_0_0_synth_1/prj/sol/.autopilot/db/v_frmbuf_wr.cpp:1053]   --->   Operation 138 'br' 'br_ln1053' <Predicate = (icmp_ln1048)> <Delay = 0.42>
ST_6 : Operation 139 [1/1] ( I:1.83ns O:1.83ns )   --->   "%img_read_11 = read i48 @_ssdm_op_Read.ap_fifo.volatile.i48P0A, i48 %img" [/home/izaan/GitRepos/dpdma_exdes/vivado_quad_vmix/kv260_quad_vmix_dp.runs/bd_quad_vmix_dp_v_frmbuf_wr_0_0_synth_1/prj/sol/.autopilot/db/v_frmbuf_wr.cpp:1054]   --->   Operation 139 'read' 'img_read_11' <Predicate = (icmp_ln1048 & or_ln1053_4)> <Delay = 1.83> <CoreInst = "FIFO_SRL">   --->   Core 80 'FIFO_SRL' <Latency = 0> <II = 1> <Delay = 1.83> <Storage> <Opcode : 'read' 'write' 'nbread' 'nbwrite'> <Ports = 0> <Width = 48> <Depth = 2> <FIFO>
ST_6 : Operation 140 [1/1] (0.00ns)   --->   "%trunc_ln1054_23 = trunc i48 %img_read_11" [/home/izaan/GitRepos/dpdma_exdes/vivado_quad_vmix/kv260_quad_vmix_dp.runs/bd_quad_vmix_dp_v_frmbuf_wr_0_0_synth_1/prj/sol/.autopilot/db/v_frmbuf_wr.cpp:1054]   --->   Operation 140 'trunc' 'trunc_ln1054_23' <Predicate = (icmp_ln1048 & or_ln1053_4)> <Delay = 0.00>
ST_6 : Operation 141 [1/1] (0.00ns)   --->   "%trunc_ln1054_24 = partselect i8 @_ssdm_op_PartSelect.i8.i48.i32.i32, i48 %img_read_11, i32 8, i32 15" [/home/izaan/GitRepos/dpdma_exdes/vivado_quad_vmix/kv260_quad_vmix_dp.runs/bd_quad_vmix_dp_v_frmbuf_wr_0_0_synth_1/prj/sol/.autopilot/db/v_frmbuf_wr.cpp:1054]   --->   Operation 141 'partselect' 'trunc_ln1054_24' <Predicate = (icmp_ln1048 & or_ln1053_4)> <Delay = 0.00>
ST_6 : Operation 142 [1/1] (0.00ns)   --->   "%trunc_ln1054_25 = partselect i8 @_ssdm_op_PartSelect.i8.i48.i32.i32, i48 %img_read_11, i32 16, i32 23" [/home/izaan/GitRepos/dpdma_exdes/vivado_quad_vmix/kv260_quad_vmix_dp.runs/bd_quad_vmix_dp_v_frmbuf_wr_0_0_synth_1/prj/sol/.autopilot/db/v_frmbuf_wr.cpp:1054]   --->   Operation 142 'partselect' 'trunc_ln1054_25' <Predicate = (icmp_ln1048 & or_ln1053_4)> <Delay = 0.00>
ST_6 : Operation 143 [1/1] (0.00ns)   --->   "%trunc_ln1054_26 = partselect i8 @_ssdm_op_PartSelect.i8.i48.i32.i32, i48 %img_read_11, i32 24, i32 31" [/home/izaan/GitRepos/dpdma_exdes/vivado_quad_vmix/kv260_quad_vmix_dp.runs/bd_quad_vmix_dp_v_frmbuf_wr_0_0_synth_1/prj/sol/.autopilot/db/v_frmbuf_wr.cpp:1054]   --->   Operation 143 'partselect' 'trunc_ln1054_26' <Predicate = (icmp_ln1048 & or_ln1053_4)> <Delay = 0.00>
ST_6 : Operation 144 [1/1] (0.00ns)   --->   "%trunc_ln1054_27 = partselect i8 @_ssdm_op_PartSelect.i8.i48.i32.i32, i48 %img_read_11, i32 32, i32 39" [/home/izaan/GitRepos/dpdma_exdes/vivado_quad_vmix/kv260_quad_vmix_dp.runs/bd_quad_vmix_dp_v_frmbuf_wr_0_0_synth_1/prj/sol/.autopilot/db/v_frmbuf_wr.cpp:1054]   --->   Operation 144 'partselect' 'trunc_ln1054_27' <Predicate = (icmp_ln1048 & or_ln1053_4)> <Delay = 0.00>
ST_6 : Operation 145 [1/1] (0.00ns)   --->   "%trunc_ln1054_28 = partselect i8 @_ssdm_op_PartSelect.i8.i48.i32.i32, i48 %img_read_11, i32 40, i32 47" [/home/izaan/GitRepos/dpdma_exdes/vivado_quad_vmix/kv260_quad_vmix_dp.runs/bd_quad_vmix_dp_v_frmbuf_wr_0_0_synth_1/prj/sol/.autopilot/db/v_frmbuf_wr.cpp:1054]   --->   Operation 145 'partselect' 'trunc_ln1054_28' <Predicate = (icmp_ln1048 & or_ln1053_4)> <Delay = 0.00>
ST_6 : Operation 146 [1/1] (0.42ns)   --->   "%br_ln1054 = br void %for.inc.4" [/home/izaan/GitRepos/dpdma_exdes/vivado_quad_vmix/kv260_quad_vmix_dp.runs/bd_quad_vmix_dp_v_frmbuf_wr_0_0_synth_1/prj/sol/.autopilot/db/v_frmbuf_wr.cpp:1054]   --->   Operation 146 'br' 'br_ln1054' <Predicate = (icmp_ln1048 & or_ln1053_4)> <Delay = 0.42>

State 7 <SV = 6> <Delay = 1.83>
ST_7 : Operation 147 [1/1] (0.00ns)   --->   "%empty_241 = phi i8 %trunc_ln1054_28, void %if.then99.4, i8 %empty_247, void %for.inc.3" [/home/izaan/GitRepos/dpdma_exdes/vivado_quad_vmix/kv260_quad_vmix_dp.runs/bd_quad_vmix_dp_v_frmbuf_wr_0_0_synth_1/prj/sol/.autopilot/db/v_frmbuf_wr.cpp:1054]   --->   Operation 147 'phi' 'empty_241' <Predicate = (icmp_ln1048)> <Delay = 0.00>
ST_7 : Operation 148 [1/1] (0.00ns)   --->   "%empty_242 = phi i8 %trunc_ln1054_27, void %if.then99.4, i8 %empty_248, void %for.inc.3" [/home/izaan/GitRepos/dpdma_exdes/vivado_quad_vmix/kv260_quad_vmix_dp.runs/bd_quad_vmix_dp_v_frmbuf_wr_0_0_synth_1/prj/sol/.autopilot/db/v_frmbuf_wr.cpp:1054]   --->   Operation 148 'phi' 'empty_242' <Predicate = (icmp_ln1048)> <Delay = 0.00>
ST_7 : Operation 149 [1/1] (0.00ns)   --->   "%empty_243 = phi i8 %trunc_ln1054_26, void %if.then99.4, i8 %empty_249, void %for.inc.3" [/home/izaan/GitRepos/dpdma_exdes/vivado_quad_vmix/kv260_quad_vmix_dp.runs/bd_quad_vmix_dp_v_frmbuf_wr_0_0_synth_1/prj/sol/.autopilot/db/v_frmbuf_wr.cpp:1054]   --->   Operation 149 'phi' 'empty_243' <Predicate = (icmp_ln1048)> <Delay = 0.00>
ST_7 : Operation 150 [1/1] (0.00ns)   --->   "%empty_244 = phi i8 %trunc_ln1054_25, void %if.then99.4, i8 %empty_250, void %for.inc.3" [/home/izaan/GitRepos/dpdma_exdes/vivado_quad_vmix/kv260_quad_vmix_dp.runs/bd_quad_vmix_dp_v_frmbuf_wr_0_0_synth_1/prj/sol/.autopilot/db/v_frmbuf_wr.cpp:1054]   --->   Operation 150 'phi' 'empty_244' <Predicate = (icmp_ln1048)> <Delay = 0.00>
ST_7 : Operation 151 [1/1] (0.00ns)   --->   "%empty_245 = phi i8 %trunc_ln1054_24, void %if.then99.4, i8 %empty_251, void %for.inc.3" [/home/izaan/GitRepos/dpdma_exdes/vivado_quad_vmix/kv260_quad_vmix_dp.runs/bd_quad_vmix_dp_v_frmbuf_wr_0_0_synth_1/prj/sol/.autopilot/db/v_frmbuf_wr.cpp:1054]   --->   Operation 151 'phi' 'empty_245' <Predicate = (icmp_ln1048)> <Delay = 0.00>
ST_7 : Operation 152 [1/1] (0.00ns)   --->   "%empty_246 = phi i8 %trunc_ln1054_23, void %if.then99.4, i8 %empty_252, void %for.inc.3" [/home/izaan/GitRepos/dpdma_exdes/vivado_quad_vmix/kv260_quad_vmix_dp.runs/bd_quad_vmix_dp_v_frmbuf_wr_0_0_synth_1/prj/sol/.autopilot/db/v_frmbuf_wr.cpp:1054]   --->   Operation 152 'phi' 'empty_246' <Predicate = (icmp_ln1048)> <Delay = 0.00>
ST_7 : Operation 153 [1/1] (0.42ns)   --->   "%br_ln1053 = br i1 %or_ln1053_5, void %for.inc.5, void %if.then99.5" [/home/izaan/GitRepos/dpdma_exdes/vivado_quad_vmix/kv260_quad_vmix_dp.runs/bd_quad_vmix_dp_v_frmbuf_wr_0_0_synth_1/prj/sol/.autopilot/db/v_frmbuf_wr.cpp:1053]   --->   Operation 153 'br' 'br_ln1053' <Predicate = (icmp_ln1048)> <Delay = 0.42>
ST_7 : Operation 154 [1/1] ( I:1.83ns O:1.83ns )   --->   "%img_read_12 = read i48 @_ssdm_op_Read.ap_fifo.volatile.i48P0A, i48 %img" [/home/izaan/GitRepos/dpdma_exdes/vivado_quad_vmix/kv260_quad_vmix_dp.runs/bd_quad_vmix_dp_v_frmbuf_wr_0_0_synth_1/prj/sol/.autopilot/db/v_frmbuf_wr.cpp:1054]   --->   Operation 154 'read' 'img_read_12' <Predicate = (icmp_ln1048 & or_ln1053_5)> <Delay = 1.83> <CoreInst = "FIFO_SRL">   --->   Core 80 'FIFO_SRL' <Latency = 0> <II = 1> <Delay = 1.83> <Storage> <Opcode : 'read' 'write' 'nbread' 'nbwrite'> <Ports = 0> <Width = 48> <Depth = 2> <FIFO>
ST_7 : Operation 155 [1/1] (0.00ns)   --->   "%trunc_ln1054_29 = trunc i48 %img_read_12" [/home/izaan/GitRepos/dpdma_exdes/vivado_quad_vmix/kv260_quad_vmix_dp.runs/bd_quad_vmix_dp_v_frmbuf_wr_0_0_synth_1/prj/sol/.autopilot/db/v_frmbuf_wr.cpp:1054]   --->   Operation 155 'trunc' 'trunc_ln1054_29' <Predicate = (icmp_ln1048 & or_ln1053_5)> <Delay = 0.00>
ST_7 : Operation 156 [1/1] (0.00ns)   --->   "%trunc_ln1054_30 = partselect i8 @_ssdm_op_PartSelect.i8.i48.i32.i32, i48 %img_read_12, i32 8, i32 15" [/home/izaan/GitRepos/dpdma_exdes/vivado_quad_vmix/kv260_quad_vmix_dp.runs/bd_quad_vmix_dp_v_frmbuf_wr_0_0_synth_1/prj/sol/.autopilot/db/v_frmbuf_wr.cpp:1054]   --->   Operation 156 'partselect' 'trunc_ln1054_30' <Predicate = (icmp_ln1048 & or_ln1053_5)> <Delay = 0.00>
ST_7 : Operation 157 [1/1] (0.00ns)   --->   "%trunc_ln1054_31 = partselect i8 @_ssdm_op_PartSelect.i8.i48.i32.i32, i48 %img_read_12, i32 16, i32 23" [/home/izaan/GitRepos/dpdma_exdes/vivado_quad_vmix/kv260_quad_vmix_dp.runs/bd_quad_vmix_dp_v_frmbuf_wr_0_0_synth_1/prj/sol/.autopilot/db/v_frmbuf_wr.cpp:1054]   --->   Operation 157 'partselect' 'trunc_ln1054_31' <Predicate = (icmp_ln1048 & or_ln1053_5)> <Delay = 0.00>
ST_7 : Operation 158 [1/1] (0.00ns)   --->   "%trunc_ln1054_32 = partselect i8 @_ssdm_op_PartSelect.i8.i48.i32.i32, i48 %img_read_12, i32 24, i32 31" [/home/izaan/GitRepos/dpdma_exdes/vivado_quad_vmix/kv260_quad_vmix_dp.runs/bd_quad_vmix_dp_v_frmbuf_wr_0_0_synth_1/prj/sol/.autopilot/db/v_frmbuf_wr.cpp:1054]   --->   Operation 158 'partselect' 'trunc_ln1054_32' <Predicate = (icmp_ln1048 & or_ln1053_5)> <Delay = 0.00>
ST_7 : Operation 159 [1/1] (0.00ns)   --->   "%trunc_ln1054_33 = partselect i8 @_ssdm_op_PartSelect.i8.i48.i32.i32, i48 %img_read_12, i32 32, i32 39" [/home/izaan/GitRepos/dpdma_exdes/vivado_quad_vmix/kv260_quad_vmix_dp.runs/bd_quad_vmix_dp_v_frmbuf_wr_0_0_synth_1/prj/sol/.autopilot/db/v_frmbuf_wr.cpp:1054]   --->   Operation 159 'partselect' 'trunc_ln1054_33' <Predicate = (icmp_ln1048 & or_ln1053_5)> <Delay = 0.00>
ST_7 : Operation 160 [1/1] (0.00ns)   --->   "%trunc_ln1054_34 = partselect i8 @_ssdm_op_PartSelect.i8.i48.i32.i32, i48 %img_read_12, i32 40, i32 47" [/home/izaan/GitRepos/dpdma_exdes/vivado_quad_vmix/kv260_quad_vmix_dp.runs/bd_quad_vmix_dp_v_frmbuf_wr_0_0_synth_1/prj/sol/.autopilot/db/v_frmbuf_wr.cpp:1054]   --->   Operation 160 'partselect' 'trunc_ln1054_34' <Predicate = (icmp_ln1048 & or_ln1053_5)> <Delay = 0.00>
ST_7 : Operation 161 [1/1] (0.42ns)   --->   "%br_ln1054 = br void %for.inc.5" [/home/izaan/GitRepos/dpdma_exdes/vivado_quad_vmix/kv260_quad_vmix_dp.runs/bd_quad_vmix_dp_v_frmbuf_wr_0_0_synth_1/prj/sol/.autopilot/db/v_frmbuf_wr.cpp:1054]   --->   Operation 161 'br' 'br_ln1054' <Predicate = (icmp_ln1048 & or_ln1053_5)> <Delay = 0.42>

State 8 <SV = 7> <Delay = 1.83>
ST_8 : Operation 162 [1/1] (0.00ns)   --->   "%empty_235 = phi i8 %trunc_ln1054_34, void %if.then99.5, i8 %empty_241, void %for.inc.4" [/home/izaan/GitRepos/dpdma_exdes/vivado_quad_vmix/kv260_quad_vmix_dp.runs/bd_quad_vmix_dp_v_frmbuf_wr_0_0_synth_1/prj/sol/.autopilot/db/v_frmbuf_wr.cpp:1054]   --->   Operation 162 'phi' 'empty_235' <Predicate = (icmp_ln1048)> <Delay = 0.00>
ST_8 : Operation 163 [1/1] (0.00ns)   --->   "%empty_236 = phi i8 %trunc_ln1054_33, void %if.then99.5, i8 %empty_242, void %for.inc.4" [/home/izaan/GitRepos/dpdma_exdes/vivado_quad_vmix/kv260_quad_vmix_dp.runs/bd_quad_vmix_dp_v_frmbuf_wr_0_0_synth_1/prj/sol/.autopilot/db/v_frmbuf_wr.cpp:1054]   --->   Operation 163 'phi' 'empty_236' <Predicate = (icmp_ln1048)> <Delay = 0.00>
ST_8 : Operation 164 [1/1] (0.00ns)   --->   "%empty_237 = phi i8 %trunc_ln1054_32, void %if.then99.5, i8 %empty_243, void %for.inc.4" [/home/izaan/GitRepos/dpdma_exdes/vivado_quad_vmix/kv260_quad_vmix_dp.runs/bd_quad_vmix_dp_v_frmbuf_wr_0_0_synth_1/prj/sol/.autopilot/db/v_frmbuf_wr.cpp:1054]   --->   Operation 164 'phi' 'empty_237' <Predicate = (icmp_ln1048)> <Delay = 0.00>
ST_8 : Operation 165 [1/1] (0.00ns)   --->   "%empty_238 = phi i8 %trunc_ln1054_31, void %if.then99.5, i8 %empty_244, void %for.inc.4" [/home/izaan/GitRepos/dpdma_exdes/vivado_quad_vmix/kv260_quad_vmix_dp.runs/bd_quad_vmix_dp_v_frmbuf_wr_0_0_synth_1/prj/sol/.autopilot/db/v_frmbuf_wr.cpp:1054]   --->   Operation 165 'phi' 'empty_238' <Predicate = (icmp_ln1048)> <Delay = 0.00>
ST_8 : Operation 166 [1/1] (0.00ns)   --->   "%empty_239 = phi i8 %trunc_ln1054_30, void %if.then99.5, i8 %empty_245, void %for.inc.4" [/home/izaan/GitRepos/dpdma_exdes/vivado_quad_vmix/kv260_quad_vmix_dp.runs/bd_quad_vmix_dp_v_frmbuf_wr_0_0_synth_1/prj/sol/.autopilot/db/v_frmbuf_wr.cpp:1054]   --->   Operation 166 'phi' 'empty_239' <Predicate = (icmp_ln1048)> <Delay = 0.00>
ST_8 : Operation 167 [1/1] (0.00ns)   --->   "%empty_240 = phi i8 %trunc_ln1054_29, void %if.then99.5, i8 %empty_246, void %for.inc.4" [/home/izaan/GitRepos/dpdma_exdes/vivado_quad_vmix/kv260_quad_vmix_dp.runs/bd_quad_vmix_dp_v_frmbuf_wr_0_0_synth_1/prj/sol/.autopilot/db/v_frmbuf_wr.cpp:1054]   --->   Operation 167 'phi' 'empty_240' <Predicate = (icmp_ln1048)> <Delay = 0.00>
ST_8 : Operation 168 [1/1] (0.42ns)   --->   "%br_ln1053 = br i1 %or_ln1053_6, void %for.inc.6, void %if.then99.6" [/home/izaan/GitRepos/dpdma_exdes/vivado_quad_vmix/kv260_quad_vmix_dp.runs/bd_quad_vmix_dp_v_frmbuf_wr_0_0_synth_1/prj/sol/.autopilot/db/v_frmbuf_wr.cpp:1053]   --->   Operation 168 'br' 'br_ln1053' <Predicate = (icmp_ln1048)> <Delay = 0.42>
ST_8 : Operation 169 [1/1] ( I:1.83ns O:1.83ns )   --->   "%img_read_13 = read i48 @_ssdm_op_Read.ap_fifo.volatile.i48P0A, i48 %img" [/home/izaan/GitRepos/dpdma_exdes/vivado_quad_vmix/kv260_quad_vmix_dp.runs/bd_quad_vmix_dp_v_frmbuf_wr_0_0_synth_1/prj/sol/.autopilot/db/v_frmbuf_wr.cpp:1054]   --->   Operation 169 'read' 'img_read_13' <Predicate = (icmp_ln1048 & or_ln1053_6)> <Delay = 1.83> <CoreInst = "FIFO_SRL">   --->   Core 80 'FIFO_SRL' <Latency = 0> <II = 1> <Delay = 1.83> <Storage> <Opcode : 'read' 'write' 'nbread' 'nbwrite'> <Ports = 0> <Width = 48> <Depth = 2> <FIFO>
ST_8 : Operation 170 [1/1] (0.00ns)   --->   "%trunc_ln1054_35 = trunc i48 %img_read_13" [/home/izaan/GitRepos/dpdma_exdes/vivado_quad_vmix/kv260_quad_vmix_dp.runs/bd_quad_vmix_dp_v_frmbuf_wr_0_0_synth_1/prj/sol/.autopilot/db/v_frmbuf_wr.cpp:1054]   --->   Operation 170 'trunc' 'trunc_ln1054_35' <Predicate = (icmp_ln1048 & or_ln1053_6)> <Delay = 0.00>
ST_8 : Operation 171 [1/1] (0.00ns)   --->   "%trunc_ln1054_36 = partselect i8 @_ssdm_op_PartSelect.i8.i48.i32.i32, i48 %img_read_13, i32 8, i32 15" [/home/izaan/GitRepos/dpdma_exdes/vivado_quad_vmix/kv260_quad_vmix_dp.runs/bd_quad_vmix_dp_v_frmbuf_wr_0_0_synth_1/prj/sol/.autopilot/db/v_frmbuf_wr.cpp:1054]   --->   Operation 171 'partselect' 'trunc_ln1054_36' <Predicate = (icmp_ln1048 & or_ln1053_6)> <Delay = 0.00>
ST_8 : Operation 172 [1/1] (0.00ns)   --->   "%trunc_ln1054_37 = partselect i8 @_ssdm_op_PartSelect.i8.i48.i32.i32, i48 %img_read_13, i32 16, i32 23" [/home/izaan/GitRepos/dpdma_exdes/vivado_quad_vmix/kv260_quad_vmix_dp.runs/bd_quad_vmix_dp_v_frmbuf_wr_0_0_synth_1/prj/sol/.autopilot/db/v_frmbuf_wr.cpp:1054]   --->   Operation 172 'partselect' 'trunc_ln1054_37' <Predicate = (icmp_ln1048 & or_ln1053_6)> <Delay = 0.00>
ST_8 : Operation 173 [1/1] (0.00ns)   --->   "%trunc_ln1054_38 = partselect i8 @_ssdm_op_PartSelect.i8.i48.i32.i32, i48 %img_read_13, i32 24, i32 31" [/home/izaan/GitRepos/dpdma_exdes/vivado_quad_vmix/kv260_quad_vmix_dp.runs/bd_quad_vmix_dp_v_frmbuf_wr_0_0_synth_1/prj/sol/.autopilot/db/v_frmbuf_wr.cpp:1054]   --->   Operation 173 'partselect' 'trunc_ln1054_38' <Predicate = (icmp_ln1048 & or_ln1053_6)> <Delay = 0.00>
ST_8 : Operation 174 [1/1] (0.00ns)   --->   "%trunc_ln1054_39 = partselect i8 @_ssdm_op_PartSelect.i8.i48.i32.i32, i48 %img_read_13, i32 32, i32 39" [/home/izaan/GitRepos/dpdma_exdes/vivado_quad_vmix/kv260_quad_vmix_dp.runs/bd_quad_vmix_dp_v_frmbuf_wr_0_0_synth_1/prj/sol/.autopilot/db/v_frmbuf_wr.cpp:1054]   --->   Operation 174 'partselect' 'trunc_ln1054_39' <Predicate = (icmp_ln1048 & or_ln1053_6)> <Delay = 0.00>
ST_8 : Operation 175 [1/1] (0.00ns)   --->   "%trunc_ln1054_40 = partselect i8 @_ssdm_op_PartSelect.i8.i48.i32.i32, i48 %img_read_13, i32 40, i32 47" [/home/izaan/GitRepos/dpdma_exdes/vivado_quad_vmix/kv260_quad_vmix_dp.runs/bd_quad_vmix_dp_v_frmbuf_wr_0_0_synth_1/prj/sol/.autopilot/db/v_frmbuf_wr.cpp:1054]   --->   Operation 175 'partselect' 'trunc_ln1054_40' <Predicate = (icmp_ln1048 & or_ln1053_6)> <Delay = 0.00>
ST_8 : Operation 176 [1/1] (0.42ns)   --->   "%br_ln1054 = br void %for.inc.6" [/home/izaan/GitRepos/dpdma_exdes/vivado_quad_vmix/kv260_quad_vmix_dp.runs/bd_quad_vmix_dp_v_frmbuf_wr_0_0_synth_1/prj/sol/.autopilot/db/v_frmbuf_wr.cpp:1054]   --->   Operation 176 'br' 'br_ln1054' <Predicate = (icmp_ln1048 & or_ln1053_6)> <Delay = 0.42>
ST_8 : Operation 177 [1/1] (0.00ns)   --->   "%tmp_2 = bitconcatenate i128 @_ssdm_op_BitConcatenate.i128.i8.i8.i8.i8.i8.i8.i8.i8.i8.i8.i8.i8.i8.i8.i8.i8, i8 %empty_239, i8 %empty_240, i8 %empty_241, i8 %empty_242, i8 %empty_243, i8 %empty_244, i8 %empty_245, i8 %empty_246, i8 %empty_247, i8 %empty_248, i8 %empty_249, i8 %empty_250, i8 %empty_251, i8 %empty_252, i8 %empty_253, i8 %empty_254" [/home/izaan/GitRepos/dpdma_exdes/vivado_quad_vmix/kv260_quad_vmix_dp.runs/bd_quad_vmix_dp_v_frmbuf_wr_0_0_synth_1/prj/sol/.autopilot/db/v_frmbuf_wr.cpp:1069]   --->   Operation 177 'bitconcatenate' 'tmp_2' <Predicate = (icmp_ln1048 & or_ln1068)> <Delay = 0.00>
ST_8 : Operation 178 [1/1] ( I:1.74ns O:1.74ns )   --->   "%write_ln1069 = write void @_ssdm_op_Write.ap_fifo.volatile.i128P0A, i128 %bytePlanes, i128 %tmp_2" [/home/izaan/GitRepos/dpdma_exdes/vivado_quad_vmix/kv260_quad_vmix_dp.runs/bd_quad_vmix_dp_v_frmbuf_wr_0_0_synth_1/prj/sol/.autopilot/db/v_frmbuf_wr.cpp:1069]   --->   Operation 178 'write' 'write_ln1069' <Predicate = (icmp_ln1048 & or_ln1068)> <Delay = 1.74> <CoreInst = "FIFO_BRAM">   --->   Core 78 'FIFO_BRAM' <Latency = 0> <II = 1> <Delay = 1.74> <Storage> <Opcode : 'read' 'write' 'nbread' 'nbwrite'> <Ports = 0> <Width = 128> <Depth = 481> <FIFO>
ST_8 : Operation 179 [1/1] (0.00ns)   --->   "%br_ln1069 = br void %for.inc146.1" [/home/izaan/GitRepos/dpdma_exdes/vivado_quad_vmix/kv260_quad_vmix_dp.runs/bd_quad_vmix_dp_v_frmbuf_wr_0_0_synth_1/prj/sol/.autopilot/db/v_frmbuf_wr.cpp:1069]   --->   Operation 179 'br' 'br_ln1069' <Predicate = (icmp_ln1048 & or_ln1068)> <Delay = 0.00>

State 9 <SV = 8> <Delay = 4.01>
ST_9 : Operation 180 [1/1] (0.00ns)   --->   "%empty_229 = phi i8 %trunc_ln1054_40, void %if.then99.6, i8 %empty_235, void %for.inc.5" [/home/izaan/GitRepos/dpdma_exdes/vivado_quad_vmix/kv260_quad_vmix_dp.runs/bd_quad_vmix_dp_v_frmbuf_wr_0_0_synth_1/prj/sol/.autopilot/db/v_frmbuf_wr.cpp:1054]   --->   Operation 180 'phi' 'empty_229' <Predicate = (icmp_ln1048)> <Delay = 0.00>
ST_9 : Operation 181 [1/1] (0.00ns)   --->   "%empty_230 = phi i8 %trunc_ln1054_39, void %if.then99.6, i8 %empty_236, void %for.inc.5" [/home/izaan/GitRepos/dpdma_exdes/vivado_quad_vmix/kv260_quad_vmix_dp.runs/bd_quad_vmix_dp_v_frmbuf_wr_0_0_synth_1/prj/sol/.autopilot/db/v_frmbuf_wr.cpp:1054]   --->   Operation 181 'phi' 'empty_230' <Predicate = (icmp_ln1048)> <Delay = 0.00>
ST_9 : Operation 182 [1/1] (0.00ns)   --->   "%empty_231 = phi i8 %trunc_ln1054_38, void %if.then99.6, i8 %empty_237, void %for.inc.5" [/home/izaan/GitRepos/dpdma_exdes/vivado_quad_vmix/kv260_quad_vmix_dp.runs/bd_quad_vmix_dp_v_frmbuf_wr_0_0_synth_1/prj/sol/.autopilot/db/v_frmbuf_wr.cpp:1054]   --->   Operation 182 'phi' 'empty_231' <Predicate = (icmp_ln1048)> <Delay = 0.00>
ST_9 : Operation 183 [1/1] (0.00ns)   --->   "%empty_232 = phi i8 %trunc_ln1054_37, void %if.then99.6, i8 %empty_238, void %for.inc.5" [/home/izaan/GitRepos/dpdma_exdes/vivado_quad_vmix/kv260_quad_vmix_dp.runs/bd_quad_vmix_dp_v_frmbuf_wr_0_0_synth_1/prj/sol/.autopilot/db/v_frmbuf_wr.cpp:1054]   --->   Operation 183 'phi' 'empty_232' <Predicate = (icmp_ln1048)> <Delay = 0.00>
ST_9 : Operation 184 [1/1] (0.00ns)   --->   "%empty_233 = phi i8 %trunc_ln1054_36, void %if.then99.6, i8 %empty_239, void %for.inc.5" [/home/izaan/GitRepos/dpdma_exdes/vivado_quad_vmix/kv260_quad_vmix_dp.runs/bd_quad_vmix_dp_v_frmbuf_wr_0_0_synth_1/prj/sol/.autopilot/db/v_frmbuf_wr.cpp:1054]   --->   Operation 184 'phi' 'empty_233' <Predicate = (icmp_ln1048)> <Delay = 0.00>
ST_9 : Operation 185 [1/1] (0.00ns)   --->   "%empty_234 = phi i8 %trunc_ln1054_35, void %if.then99.6, i8 %empty_240, void %for.inc.5" [/home/izaan/GitRepos/dpdma_exdes/vivado_quad_vmix/kv260_quad_vmix_dp.runs/bd_quad_vmix_dp_v_frmbuf_wr_0_0_synth_1/prj/sol/.autopilot/db/v_frmbuf_wr.cpp:1054]   --->   Operation 185 'phi' 'empty_234' <Predicate = (icmp_ln1048)> <Delay = 0.00>
ST_9 : Operation 186 [1/1] (0.42ns)   --->   "%br_ln1053 = br i1 %or_ln1053_7, void %for.inc.7, void %if.then99.7" [/home/izaan/GitRepos/dpdma_exdes/vivado_quad_vmix/kv260_quad_vmix_dp.runs/bd_quad_vmix_dp_v_frmbuf_wr_0_0_synth_1/prj/sol/.autopilot/db/v_frmbuf_wr.cpp:1053]   --->   Operation 186 'br' 'br_ln1053' <Predicate = (icmp_ln1048)> <Delay = 0.42>
ST_9 : Operation 187 [1/1] ( I:1.83ns O:1.83ns )   --->   "%img_read_14 = read i48 @_ssdm_op_Read.ap_fifo.volatile.i48P0A, i48 %img" [/home/izaan/GitRepos/dpdma_exdes/vivado_quad_vmix/kv260_quad_vmix_dp.runs/bd_quad_vmix_dp_v_frmbuf_wr_0_0_synth_1/prj/sol/.autopilot/db/v_frmbuf_wr.cpp:1054]   --->   Operation 187 'read' 'img_read_14' <Predicate = (icmp_ln1048 & or_ln1053_7)> <Delay = 1.83> <CoreInst = "FIFO_SRL">   --->   Core 80 'FIFO_SRL' <Latency = 0> <II = 1> <Delay = 1.83> <Storage> <Opcode : 'read' 'write' 'nbread' 'nbwrite'> <Ports = 0> <Width = 48> <Depth = 2> <FIFO>
ST_9 : Operation 188 [1/1] (0.00ns)   --->   "%trunc_ln1054_41 = trunc i48 %img_read_14" [/home/izaan/GitRepos/dpdma_exdes/vivado_quad_vmix/kv260_quad_vmix_dp.runs/bd_quad_vmix_dp_v_frmbuf_wr_0_0_synth_1/prj/sol/.autopilot/db/v_frmbuf_wr.cpp:1054]   --->   Operation 188 'trunc' 'trunc_ln1054_41' <Predicate = (icmp_ln1048 & or_ln1053_7)> <Delay = 0.00>
ST_9 : Operation 189 [1/1] (0.00ns)   --->   "%trunc_ln1054_42 = partselect i8 @_ssdm_op_PartSelect.i8.i48.i32.i32, i48 %img_read_14, i32 8, i32 15" [/home/izaan/GitRepos/dpdma_exdes/vivado_quad_vmix/kv260_quad_vmix_dp.runs/bd_quad_vmix_dp_v_frmbuf_wr_0_0_synth_1/prj/sol/.autopilot/db/v_frmbuf_wr.cpp:1054]   --->   Operation 189 'partselect' 'trunc_ln1054_42' <Predicate = (icmp_ln1048 & or_ln1053_7)> <Delay = 0.00>
ST_9 : Operation 190 [1/1] (0.00ns)   --->   "%trunc_ln1054_43 = partselect i8 @_ssdm_op_PartSelect.i8.i48.i32.i32, i48 %img_read_14, i32 16, i32 23" [/home/izaan/GitRepos/dpdma_exdes/vivado_quad_vmix/kv260_quad_vmix_dp.runs/bd_quad_vmix_dp_v_frmbuf_wr_0_0_synth_1/prj/sol/.autopilot/db/v_frmbuf_wr.cpp:1054]   --->   Operation 190 'partselect' 'trunc_ln1054_43' <Predicate = (icmp_ln1048 & or_ln1053_7)> <Delay = 0.00>
ST_9 : Operation 191 [1/1] (0.00ns)   --->   "%trunc_ln1054_44 = partselect i8 @_ssdm_op_PartSelect.i8.i48.i32.i32, i48 %img_read_14, i32 24, i32 31" [/home/izaan/GitRepos/dpdma_exdes/vivado_quad_vmix/kv260_quad_vmix_dp.runs/bd_quad_vmix_dp_v_frmbuf_wr_0_0_synth_1/prj/sol/.autopilot/db/v_frmbuf_wr.cpp:1054]   --->   Operation 191 'partselect' 'trunc_ln1054_44' <Predicate = (icmp_ln1048 & or_ln1053_7)> <Delay = 0.00>
ST_9 : Operation 192 [1/1] (0.00ns)   --->   "%trunc_ln1054_45 = partselect i8 @_ssdm_op_PartSelect.i8.i48.i32.i32, i48 %img_read_14, i32 32, i32 39" [/home/izaan/GitRepos/dpdma_exdes/vivado_quad_vmix/kv260_quad_vmix_dp.runs/bd_quad_vmix_dp_v_frmbuf_wr_0_0_synth_1/prj/sol/.autopilot/db/v_frmbuf_wr.cpp:1054]   --->   Operation 192 'partselect' 'trunc_ln1054_45' <Predicate = (icmp_ln1048 & or_ln1053_7)> <Delay = 0.00>
ST_9 : Operation 193 [1/1] (0.00ns)   --->   "%trunc_ln1054_46 = partselect i8 @_ssdm_op_PartSelect.i8.i48.i32.i32, i48 %img_read_14, i32 40, i32 47" [/home/izaan/GitRepos/dpdma_exdes/vivado_quad_vmix/kv260_quad_vmix_dp.runs/bd_quad_vmix_dp_v_frmbuf_wr_0_0_synth_1/prj/sol/.autopilot/db/v_frmbuf_wr.cpp:1054]   --->   Operation 193 'partselect' 'trunc_ln1054_46' <Predicate = (icmp_ln1048 & or_ln1053_7)> <Delay = 0.00>
ST_9 : Operation 194 [1/1] (0.42ns)   --->   "%br_ln1054 = br void %for.inc.7" [/home/izaan/GitRepos/dpdma_exdes/vivado_quad_vmix/kv260_quad_vmix_dp.runs/bd_quad_vmix_dp_v_frmbuf_wr_0_0_synth_1/prj/sol/.autopilot/db/v_frmbuf_wr.cpp:1054]   --->   Operation 194 'br' 'br_ln1054' <Predicate = (icmp_ln1048 & or_ln1053_7)> <Delay = 0.42>
ST_9 : Operation 195 [1/1] (0.00ns)   --->   "%empty_223 = phi i8 %trunc_ln1054_46, void %if.then99.7, i8 %empty_229, void %for.inc.6" [/home/izaan/GitRepos/dpdma_exdes/vivado_quad_vmix/kv260_quad_vmix_dp.runs/bd_quad_vmix_dp_v_frmbuf_wr_0_0_synth_1/prj/sol/.autopilot/db/v_frmbuf_wr.cpp:1054]   --->   Operation 195 'phi' 'empty_223' <Predicate = true> <Delay = 0.00>
ST_9 : Operation 196 [1/1] (0.00ns)   --->   "%empty_224 = phi i8 %trunc_ln1054_45, void %if.then99.7, i8 %empty_230, void %for.inc.6" [/home/izaan/GitRepos/dpdma_exdes/vivado_quad_vmix/kv260_quad_vmix_dp.runs/bd_quad_vmix_dp_v_frmbuf_wr_0_0_synth_1/prj/sol/.autopilot/db/v_frmbuf_wr.cpp:1054]   --->   Operation 196 'phi' 'empty_224' <Predicate = true> <Delay = 0.00>
ST_9 : Operation 197 [1/1] (0.00ns)   --->   "%empty_225 = phi i8 %trunc_ln1054_44, void %if.then99.7, i8 %empty_231, void %for.inc.6" [/home/izaan/GitRepos/dpdma_exdes/vivado_quad_vmix/kv260_quad_vmix_dp.runs/bd_quad_vmix_dp_v_frmbuf_wr_0_0_synth_1/prj/sol/.autopilot/db/v_frmbuf_wr.cpp:1054]   --->   Operation 197 'phi' 'empty_225' <Predicate = true> <Delay = 0.00>
ST_9 : Operation 198 [1/1] (0.00ns)   --->   "%empty_226 = phi i8 %trunc_ln1054_43, void %if.then99.7, i8 %empty_232, void %for.inc.6" [/home/izaan/GitRepos/dpdma_exdes/vivado_quad_vmix/kv260_quad_vmix_dp.runs/bd_quad_vmix_dp_v_frmbuf_wr_0_0_synth_1/prj/sol/.autopilot/db/v_frmbuf_wr.cpp:1054]   --->   Operation 198 'phi' 'empty_226' <Predicate = true> <Delay = 0.00>
ST_9 : Operation 199 [1/1] (0.00ns)   --->   "%empty_227 = phi i8 %trunc_ln1054_42, void %if.then99.7, i8 %empty_233, void %for.inc.6" [/home/izaan/GitRepos/dpdma_exdes/vivado_quad_vmix/kv260_quad_vmix_dp.runs/bd_quad_vmix_dp_v_frmbuf_wr_0_0_synth_1/prj/sol/.autopilot/db/v_frmbuf_wr.cpp:1054]   --->   Operation 199 'phi' 'empty_227' <Predicate = true> <Delay = 0.00>
ST_9 : Operation 200 [1/1] (0.00ns)   --->   "%empty_228 = phi i8 %trunc_ln1054_41, void %if.then99.7, i8 %empty_234, void %for.inc.6" [/home/izaan/GitRepos/dpdma_exdes/vivado_quad_vmix/kv260_quad_vmix_dp.runs/bd_quad_vmix_dp_v_frmbuf_wr_0_0_synth_1/prj/sol/.autopilot/db/v_frmbuf_wr.cpp:1054]   --->   Operation 200 'phi' 'empty_228' <Predicate = true> <Delay = 0.00>
ST_9 : Operation 201 [1/1] (0.00ns)   --->   "%tmp_4 = bitconcatenate i128 @_ssdm_op_BitConcatenate.i128.i8.i8.i8.i8.i8.i8.i8.i8.i8.i8.i8.i8.i8.i8.i8.i8, i8 %empty_223, i8 %empty_224, i8 %empty_225, i8 %empty_226, i8 %empty_227, i8 %empty_228, i8 %empty_229, i8 %empty_230, i8 %empty_231, i8 %empty_232, i8 %empty_233, i8 %empty_234, i8 %empty_235, i8 %empty_236, i8 %empty_237, i8 %empty_238" [/home/izaan/GitRepos/dpdma_exdes/vivado_quad_vmix/kv260_quad_vmix_dp.runs/bd_quad_vmix_dp_v_frmbuf_wr_0_0_synth_1/prj/sol/.autopilot/db/v_frmbuf_wr.cpp:1069]   --->   Operation 201 'bitconcatenate' 'tmp_4' <Predicate = (or_ln1068_1)> <Delay = 0.00>
ST_9 : Operation 202 [1/1] ( I:1.74ns O:1.74ns )   --->   "%write_ln1069 = write void @_ssdm_op_Write.ap_fifo.volatile.i128P0A, i128 %bytePlanes, i128 %tmp_4" [/home/izaan/GitRepos/dpdma_exdes/vivado_quad_vmix/kv260_quad_vmix_dp.runs/bd_quad_vmix_dp_v_frmbuf_wr_0_0_synth_1/prj/sol/.autopilot/db/v_frmbuf_wr.cpp:1069]   --->   Operation 202 'write' 'write_ln1069' <Predicate = (or_ln1068_1)> <Delay = 1.74> <CoreInst = "FIFO_BRAM">   --->   Core 78 'FIFO_BRAM' <Latency = 0> <II = 1> <Delay = 1.74> <Storage> <Opcode : 'read' 'write' 'nbread' 'nbwrite'> <Ports = 0> <Width = 128> <Depth = 481> <FIFO>
ST_9 : Operation 203 [1/1] (0.00ns)   --->   "%br_ln1069 = br void %for.inc146.2" [/home/izaan/GitRepos/dpdma_exdes/vivado_quad_vmix/kv260_quad_vmix_dp.runs/bd_quad_vmix_dp_v_frmbuf_wr_0_0_synth_1/prj/sol/.autopilot/db/v_frmbuf_wr.cpp:1069]   --->   Operation 203 'br' 'br_ln1069' <Predicate = (or_ln1068_1)> <Delay = 0.00>
ST_9 : Operation 204 [1/1] (0.42ns)   --->   "%store_ln1054 = store i8 %empty_223, i8 %empty_222" [/home/izaan/GitRepos/dpdma_exdes/vivado_quad_vmix/kv260_quad_vmix_dp.runs/bd_quad_vmix_dp_v_frmbuf_wr_0_0_synth_1/prj/sol/.autopilot/db/v_frmbuf_wr.cpp:1054]   --->   Operation 204 'store' 'store_ln1054' <Predicate = true> <Delay = 0.42>
ST_9 : Operation 205 [1/1] (0.42ns)   --->   "%store_ln1054 = store i8 %empty_224, i8 %empty_221" [/home/izaan/GitRepos/dpdma_exdes/vivado_quad_vmix/kv260_quad_vmix_dp.runs/bd_quad_vmix_dp_v_frmbuf_wr_0_0_synth_1/prj/sol/.autopilot/db/v_frmbuf_wr.cpp:1054]   --->   Operation 205 'store' 'store_ln1054' <Predicate = true> <Delay = 0.42>
ST_9 : Operation 206 [1/1] (0.42ns)   --->   "%store_ln1054 = store i8 %empty_225, i8 %empty_220" [/home/izaan/GitRepos/dpdma_exdes/vivado_quad_vmix/kv260_quad_vmix_dp.runs/bd_quad_vmix_dp_v_frmbuf_wr_0_0_synth_1/prj/sol/.autopilot/db/v_frmbuf_wr.cpp:1054]   --->   Operation 206 'store' 'store_ln1054' <Predicate = true> <Delay = 0.42>
ST_9 : Operation 207 [1/1] (0.42ns)   --->   "%store_ln1054 = store i8 %empty_226, i8 %empty_219" [/home/izaan/GitRepos/dpdma_exdes/vivado_quad_vmix/kv260_quad_vmix_dp.runs/bd_quad_vmix_dp_v_frmbuf_wr_0_0_synth_1/prj/sol/.autopilot/db/v_frmbuf_wr.cpp:1054]   --->   Operation 207 'store' 'store_ln1054' <Predicate = true> <Delay = 0.42>
ST_9 : Operation 208 [1/1] (0.42ns)   --->   "%store_ln1054 = store i8 %empty_227, i8 %empty_218" [/home/izaan/GitRepos/dpdma_exdes/vivado_quad_vmix/kv260_quad_vmix_dp.runs/bd_quad_vmix_dp_v_frmbuf_wr_0_0_synth_1/prj/sol/.autopilot/db/v_frmbuf_wr.cpp:1054]   --->   Operation 208 'store' 'store_ln1054' <Predicate = true> <Delay = 0.42>
ST_9 : Operation 209 [1/1] (0.42ns)   --->   "%store_ln1054 = store i8 %empty_228, i8 %empty_217" [/home/izaan/GitRepos/dpdma_exdes/vivado_quad_vmix/kv260_quad_vmix_dp.runs/bd_quad_vmix_dp_v_frmbuf_wr_0_0_synth_1/prj/sol/.autopilot/db/v_frmbuf_wr.cpp:1054]   --->   Operation 209 'store' 'store_ln1054' <Predicate = true> <Delay = 0.42>
ST_9 : Operation 210 [1/1] (0.00ns)   --->   "%br_ln1048 = br void %VITIS_LOOP_1051_2" [/home/izaan/GitRepos/dpdma_exdes/vivado_quad_vmix/kv260_quad_vmix_dp.runs/bd_quad_vmix_dp_v_frmbuf_wr_0_0_synth_1/prj/sol/.autopilot/db/v_frmbuf_wr.cpp:1048]   --->   Operation 210 'br' 'br_ln1048' <Predicate = true> <Delay = 0.00>


============================================================
+ Verbose Summary: Timing violations
============================================================
Target clock period: 6.667ns, clock uncertainty: 1.800ns.

 <State 1>: 1.630ns
The critical path consists of the following:
	'store' operation 0 bit ('store_ln1048', /home/izaan/GitRepos/dpdma_exdes/vivado_quad_vmix/kv260_quad_vmix_dp.runs/bd_quad_vmix_dp_v_frmbuf_wr_0_0_synth_1/prj/sol/.autopilot/db/v_frmbuf_wr.cpp:1048) of constant 0 on local variable 'x', /home/izaan/GitRepos/dpdma_exdes/vivado_quad_vmix/kv260_quad_vmix_dp.runs/bd_quad_vmix_dp_v_frmbuf_wr_0_0_synth_1/prj/sol/.autopilot/db/v_frmbuf_wr.cpp:1048 [61]  (0.427 ns)
	'load' operation 9 bit ('x', /home/izaan/GitRepos/dpdma_exdes/vivado_quad_vmix/kv260_quad_vmix_dp.runs/bd_quad_vmix_dp_v_frmbuf_wr_0_0_synth_1/prj/sol/.autopilot/db/v_frmbuf_wr.cpp:1048) on local variable 'x', /home/izaan/GitRepos/dpdma_exdes/vivado_quad_vmix/kv260_quad_vmix_dp.runs/bd_quad_vmix_dp_v_frmbuf_wr_0_0_synth_1/prj/sol/.autopilot/db/v_frmbuf_wr.cpp:1048 [64]  (0.000 ns)
	'icmp' operation 1 bit ('icmp_ln1048', /home/izaan/GitRepos/dpdma_exdes/vivado_quad_vmix/kv260_quad_vmix_dp.runs/bd_quad_vmix_dp_v_frmbuf_wr_0_0_synth_1/prj/sol/.autopilot/db/v_frmbuf_wr.cpp:1048) [72]  (0.776 ns)
	'store' operation 0 bit ('store_ln1048', /home/izaan/GitRepos/dpdma_exdes/vivado_quad_vmix/kv260_quad_vmix_dp.runs/bd_quad_vmix_dp_v_frmbuf_wr_0_0_synth_1/prj/sol/.autopilot/db/v_frmbuf_wr.cpp:1048) of variable 'x', /home/izaan/GitRepos/dpdma_exdes/vivado_quad_vmix/kv260_quad_vmix_dp.runs/bd_quad_vmix_dp_v_frmbuf_wr_0_0_synth_1/prj/sol/.autopilot/db/v_frmbuf_wr.cpp:1048 on local variable 'x', /home/izaan/GitRepos/dpdma_exdes/vivado_quad_vmix/kv260_quad_vmix_dp.runs/bd_quad_vmix_dp_v_frmbuf_wr_0_0_synth_1/prj/sol/.autopilot/db/v_frmbuf_wr.cpp:1048 [246]  (0.427 ns)

 <State 2>: 1.838ns
The critical path consists of the following:
	fifo read operation ('img_read', /home/izaan/GitRepos/dpdma_exdes/vivado_quad_vmix/kv260_quad_vmix_dp.runs/bd_quad_vmix_dp_v_frmbuf_wr_0_0_synth_1/prj/sol/.autopilot/db/v_frmbuf_wr.cpp:1054) on port 'img' (/home/izaan/GitRepos/dpdma_exdes/vivado_quad_vmix/kv260_quad_vmix_dp.runs/bd_quad_vmix_dp_v_frmbuf_wr_0_0_synth_1/prj/sol/.autopilot/db/v_frmbuf_wr.cpp:1054) [83]  (1.838 ns)

 <State 3>: 1.838ns
The critical path consists of the following:
	fifo read operation ('img_read_8', /home/izaan/GitRepos/dpdma_exdes/vivado_quad_vmix/kv260_quad_vmix_dp.runs/bd_quad_vmix_dp_v_frmbuf_wr_0_0_synth_1/prj/sol/.autopilot/db/v_frmbuf_wr.cpp:1054) on port 'img' (/home/izaan/GitRepos/dpdma_exdes/vivado_quad_vmix/kv260_quad_vmix_dp.runs/bd_quad_vmix_dp_v_frmbuf_wr_0_0_synth_1/prj/sol/.autopilot/db/v_frmbuf_wr.cpp:1054) [101]  (1.838 ns)

 <State 4>: 1.838ns
The critical path consists of the following:
	fifo read operation ('img_read_9', /home/izaan/GitRepos/dpdma_exdes/vivado_quad_vmix/kv260_quad_vmix_dp.runs/bd_quad_vmix_dp_v_frmbuf_wr_0_0_synth_1/prj/sol/.autopilot/db/v_frmbuf_wr.cpp:1054) on port 'img' (/home/izaan/GitRepos/dpdma_exdes/vivado_quad_vmix/kv260_quad_vmix_dp.runs/bd_quad_vmix_dp_v_frmbuf_wr_0_0_synth_1/prj/sol/.autopilot/db/v_frmbuf_wr.cpp:1054) [119]  (1.838 ns)

 <State 5>: 1.838ns
The critical path consists of the following:
	fifo read operation ('img_read_10', /home/izaan/GitRepos/dpdma_exdes/vivado_quad_vmix/kv260_quad_vmix_dp.runs/bd_quad_vmix_dp_v_frmbuf_wr_0_0_synth_1/prj/sol/.autopilot/db/v_frmbuf_wr.cpp:1054) on port 'img' (/home/izaan/GitRepos/dpdma_exdes/vivado_quad_vmix/kv260_quad_vmix_dp.runs/bd_quad_vmix_dp_v_frmbuf_wr_0_0_synth_1/prj/sol/.autopilot/db/v_frmbuf_wr.cpp:1054) [137]  (1.838 ns)

 <State 6>: 1.838ns
The critical path consists of the following:
	fifo read operation ('img_read_11', /home/izaan/GitRepos/dpdma_exdes/vivado_quad_vmix/kv260_quad_vmix_dp.runs/bd_quad_vmix_dp_v_frmbuf_wr_0_0_synth_1/prj/sol/.autopilot/db/v_frmbuf_wr.cpp:1054) on port 'img' (/home/izaan/GitRepos/dpdma_exdes/vivado_quad_vmix/kv260_quad_vmix_dp.runs/bd_quad_vmix_dp_v_frmbuf_wr_0_0_synth_1/prj/sol/.autopilot/db/v_frmbuf_wr.cpp:1054) [155]  (1.838 ns)

 <State 7>: 1.838ns
The critical path consists of the following:
	fifo read operation ('img_read_12', /home/izaan/GitRepos/dpdma_exdes/vivado_quad_vmix/kv260_quad_vmix_dp.runs/bd_quad_vmix_dp_v_frmbuf_wr_0_0_synth_1/prj/sol/.autopilot/db/v_frmbuf_wr.cpp:1054) on port 'img' (/home/izaan/GitRepos/dpdma_exdes/vivado_quad_vmix/kv260_quad_vmix_dp.runs/bd_quad_vmix_dp_v_frmbuf_wr_0_0_synth_1/prj/sol/.autopilot/db/v_frmbuf_wr.cpp:1054) [173]  (1.838 ns)

 <State 8>: 1.838ns
The critical path consists of the following:
	fifo read operation ('img_read_13', /home/izaan/GitRepos/dpdma_exdes/vivado_quad_vmix/kv260_quad_vmix_dp.runs/bd_quad_vmix_dp_v_frmbuf_wr_0_0_synth_1/prj/sol/.autopilot/db/v_frmbuf_wr.cpp:1054) on port 'img' (/home/izaan/GitRepos/dpdma_exdes/vivado_quad_vmix/kv260_quad_vmix_dp.runs/bd_quad_vmix_dp_v_frmbuf_wr_0_0_synth_1/prj/sol/.autopilot/db/v_frmbuf_wr.cpp:1054) [191]  (1.838 ns)

 <State 9>: 4.012ns
The critical path consists of the following:
	fifo read operation ('img_read_14', /home/izaan/GitRepos/dpdma_exdes/vivado_quad_vmix/kv260_quad_vmix_dp.runs/bd_quad_vmix_dp_v_frmbuf_wr_0_0_synth_1/prj/sol/.autopilot/db/v_frmbuf_wr.cpp:1054) on port 'img' (/home/izaan/GitRepos/dpdma_exdes/vivado_quad_vmix/kv260_quad_vmix_dp.runs/bd_quad_vmix_dp_v_frmbuf_wr_0_0_synth_1/prj/sol/.autopilot/db/v_frmbuf_wr.cpp:1054) [209]  (1.838 ns)
	multiplexor before 'phi' operation 8 bit ('empty_223', /home/izaan/GitRepos/dpdma_exdes/vivado_quad_vmix/kv260_quad_vmix_dp.runs/bd_quad_vmix_dp_v_frmbuf_wr_0_0_synth_1/prj/sol/.autopilot/db/v_frmbuf_wr.cpp:1054) with incoming values : ('p_load') ('trunc_ln1054_5', /home/izaan/GitRepos/dpdma_exdes/vivado_quad_vmix/kv260_quad_vmix_dp.runs/bd_quad_vmix_dp_v_frmbuf_wr_0_0_synth_1/prj/sol/.autopilot/db/v_frmbuf_wr.cpp:1054) ('trunc_ln1054_10', /home/izaan/GitRepos/dpdma_exdes/vivado_quad_vmix/kv260_quad_vmix_dp.runs/bd_quad_vmix_dp_v_frmbuf_wr_0_0_synth_1/prj/sol/.autopilot/db/v_frmbuf_wr.cpp:1054) ('trunc_ln1054_16', /home/izaan/GitRepos/dpdma_exdes/vivado_quad_vmix/kv260_quad_vmix_dp.runs/bd_quad_vmix_dp_v_frmbuf_wr_0_0_synth_1/prj/sol/.autopilot/db/v_frmbuf_wr.cpp:1054) ('trunc_ln1054_22', /home/izaan/GitRepos/dpdma_exdes/vivado_quad_vmix/kv260_quad_vmix_dp.runs/bd_quad_vmix_dp_v_frmbuf_wr_0_0_synth_1/prj/sol/.autopilot/db/v_frmbuf_wr.cpp:1054) ('trunc_ln1054_28', /home/izaan/GitRepos/dpdma_exdes/vivado_quad_vmix/kv260_quad_vmix_dp.runs/bd_quad_vmix_dp_v_frmbuf_wr_0_0_synth_1/prj/sol/.autopilot/db/v_frmbuf_wr.cpp:1054) ('trunc_ln1054_34', /home/izaan/GitRepos/dpdma_exdes/vivado_quad_vmix/kv260_quad_vmix_dp.runs/bd_quad_vmix_dp_v_frmbuf_wr_0_0_synth_1/prj/sol/.autopilot/db/v_frmbuf_wr.cpp:1054) ('trunc_ln1054_40', /home/izaan/GitRepos/dpdma_exdes/vivado_quad_vmix/kv260_quad_vmix_dp.runs/bd_quad_vmix_dp_v_frmbuf_wr_0_0_synth_1/prj/sol/.autopilot/db/v_frmbuf_wr.cpp:1054) ('trunc_ln1054_46', /home/izaan/GitRepos/dpdma_exdes/vivado_quad_vmix/kv260_quad_vmix_dp.runs/bd_quad_vmix_dp_v_frmbuf_wr_0_0_synth_1/prj/sol/.autopilot/db/v_frmbuf_wr.cpp:1054) [218]  (0.427 ns)
	'phi' operation 8 bit ('empty_223', /home/izaan/GitRepos/dpdma_exdes/vivado_quad_vmix/kv260_quad_vmix_dp.runs/bd_quad_vmix_dp_v_frmbuf_wr_0_0_synth_1/prj/sol/.autopilot/db/v_frmbuf_wr.cpp:1054) with incoming values : ('p_load') ('trunc_ln1054_5', /home/izaan/GitRepos/dpdma_exdes/vivado_quad_vmix/kv260_quad_vmix_dp.runs/bd_quad_vmix_dp_v_frmbuf_wr_0_0_synth_1/prj/sol/.autopilot/db/v_frmbuf_wr.cpp:1054) ('trunc_ln1054_10', /home/izaan/GitRepos/dpdma_exdes/vivado_quad_vmix/kv260_quad_vmix_dp.runs/bd_quad_vmix_dp_v_frmbuf_wr_0_0_synth_1/prj/sol/.autopilot/db/v_frmbuf_wr.cpp:1054) ('trunc_ln1054_16', /home/izaan/GitRepos/dpdma_exdes/vivado_quad_vmix/kv260_quad_vmix_dp.runs/bd_quad_vmix_dp_v_frmbuf_wr_0_0_synth_1/prj/sol/.autopilot/db/v_frmbuf_wr.cpp:1054) ('trunc_ln1054_22', /home/izaan/GitRepos/dpdma_exdes/vivado_quad_vmix/kv260_quad_vmix_dp.runs/bd_quad_vmix_dp_v_frmbuf_wr_0_0_synth_1/prj/sol/.autopilot/db/v_frmbuf_wr.cpp:1054) ('trunc_ln1054_28', /home/izaan/GitRepos/dpdma_exdes/vivado_quad_vmix/kv260_quad_vmix_dp.runs/bd_quad_vmix_dp_v_frmbuf_wr_0_0_synth_1/prj/sol/.autopilot/db/v_frmbuf_wr.cpp:1054) ('trunc_ln1054_34', /home/izaan/GitRepos/dpdma_exdes/vivado_quad_vmix/kv260_quad_vmix_dp.runs/bd_quad_vmix_dp_v_frmbuf_wr_0_0_synth_1/prj/sol/.autopilot/db/v_frmbuf_wr.cpp:1054) ('trunc_ln1054_40', /home/izaan/GitRepos/dpdma_exdes/vivado_quad_vmix/kv260_quad_vmix_dp.runs/bd_quad_vmix_dp_v_frmbuf_wr_0_0_synth_1/prj/sol/.autopilot/db/v_frmbuf_wr.cpp:1054) ('trunc_ln1054_46', /home/izaan/GitRepos/dpdma_exdes/vivado_quad_vmix/kv260_quad_vmix_dp.runs/bd_quad_vmix_dp_v_frmbuf_wr_0_0_synth_1/prj/sol/.autopilot/db/v_frmbuf_wr.cpp:1054) [218]  (0.000 ns)
	fifo write operation ('write_ln1069', /home/izaan/GitRepos/dpdma_exdes/vivado_quad_vmix/kv260_quad_vmix_dp.runs/bd_quad_vmix_dp_v_frmbuf_wr_0_0_synth_1/prj/sol/.autopilot/db/v_frmbuf_wr.cpp:1069) on port 'bytePlanes' (/home/izaan/GitRepos/dpdma_exdes/vivado_quad_vmix/kv260_quad_vmix_dp.runs/bd_quad_vmix_dp_v_frmbuf_wr_0_0_synth_1/prj/sol/.autopilot/db/v_frmbuf_wr.cpp:1069) [237]  (1.747 ns)


============================================================
+ Verbose Summary: Binding
============================================================
N/A
* FSMD analyzer results:
  - Output states:
 - Input state : 
  - Chain level:
	State 1
	State 2
	State 3
	State 4
	State 5
	State 6
	State 7
	State 8
	State 9


============================================================
+ Verbose Summary: Datapath Resource usage 
============================================================
N/A
