

================================================================
== Vitis HLS Report for 'MultiPixStream2Bytes'
================================================================
* Date:           Mon Apr 27 12:25:02 2026

* Version:        2024.2 (Build 5238294 on Nov  8 2024)
* Project:        prj
* Solution:       sol (Vivado IP Flow Target)
* Product family: zynquplus
* Target device:  xck26-sfvc784-2LV-c


================================================================
== Performance Estimates
================================================================
+ Timing: 
    * Summary: 
    +--------+---------+----------+------------+
    |  Clock |  Target | Estimated| Uncertainty|
    +--------+---------+----------+------------+
    |ap_clk  |  6.67 ns|  4.663 ns|     1.80 ns|
    +--------+---------+----------+------------+

+ Latency: 
    * Summary: 
    +---------+---------+-----------+-----------+-----+---------+---------+
    |  Latency (cycles) |   Latency (absolute)  |    Interval   | Pipeline|
    |   min   |   max   |    min    |    max    | min |   max   |   Type  |
    +---------+---------+-----------+-----------+-----+---------+---------+
    |        2|  8307362|  13.334 ns|  55.385 ms|    2|  8307362|       no|
    +---------+---------+-----------+-----------+-----+---------+---------+

    + Detail: 
        * Instance: 
        N/A

        * Loop: 
        +------------------+---------+---------+----------+-----------+-----------+-----------+----------+
        |                  |  Latency (cycles) | Iteration|  Initiation Interval  |    Trip   |          |
        |     Loop Name    |   min   |   max   |  Latency |  achieved |   target  |   Count   | Pipelined|
        +------------------+---------+---------+----------+-----------+-----------+-----------+----------+
        |- loop_RGB8_YUV8  |      384|  8307360|  6 ~ 3846|          -|          -|  64 ~ 2160|        no|
        |- loop_BGR8       |      384|  8307360|  6 ~ 3846|          -|          -|  64 ~ 2160|        no|
        +------------------+---------+---------+----------+-----------+-----------+-----------+----------+

============================================================
+ Verbose Summary: Synthesis Manager
============================================================
InlineROM: 1
ExposeGlobal: 0
============================================================
+ Verbose Summary: CDFG Model
============================================================
IsTopModel: 0
ResetActiveHigh: 1
IsCombinational: 2
IsDatapathOnly: 0
HasWiredReturn: 1
HasMFsm: 0
HasVarLatency: 1
IsPipeline: 0
IsRtlPipelined: 0
IsInstanceOverlapped: 0
IsDontTouch: 0
HasImplIP: 0
IsGatedGlobalClock: 0


============================================================
+ Verbose Summary: Schedule
============================================================
* Number of FSM states : 7
* Pipeline : 0
* Dataflow Pipeline: 0

* FSM state transitions: 
1 --> 2 
2 --> 3 
3 --> 4 6 
4 --> 5 
5 --> 3 
6 --> 7 
7 --> 3 

* FSM state operations: 

State 1 <SV = 0> <Delay = 3.67>
ST_1 : Operation 8 [1/1] ( I:1.83ns O:1.83ns )   --->   "%WidthInBytes_val_read = read i15 @_ssdm_op_Read.ap_fifo.i15P0A, i15 %WidthInBytes_val"   --->   Operation 8 'read' 'WidthInBytes_val_read' <Predicate = true> <Delay = 1.83> <CoreInst = "FIFO_SRL">   --->   Core 80 'FIFO_SRL' <Latency = 0> <II = 1> <Delay = 1.83> <Storage> <Opcode : 'read' 'write' 'nbread' 'nbwrite'> <Ports = 0> <Width = 15> <Depth = 3> <FIFO>
ST_1 : Operation 9 [1/1] ( I:1.83ns O:1.83ns )   --->   "%write_ln0 = write void @_ssdm_op_Write.ap_fifo.i15P0A, i15 %WidthInBytes_val2_c, i15 %WidthInBytes_val_read"   --->   Operation 9 'write' 'write_ln0' <Predicate = true> <Delay = 1.83> <CoreInst = "FIFO_SRL">   --->   Core 80 'FIFO_SRL' <Latency = 0> <II = 1> <Delay = 1.83> <Storage> <Opcode : 'read' 'write' 'nbread' 'nbwrite'> <Ports = 0> <Width = 15> <Depth = 2> <FIFO>

State 2 <SV = 1> <Delay = 4.66>
ST_2 : Operation 10 [1/1] (0.00ns)   --->   "%VideoFormat_val_read = read i6 @_ssdm_op_Read.ap_auto.i6, i6 %VideoFormat_val"   --->   Operation 10 'read' 'VideoFormat_val_read' <Predicate = true> <Delay = 0.00>
ST_2 : Operation 11 [1/1] (0.00ns)   --->   "%WidthInPix_val_read = read i12 @_ssdm_op_Read.ap_auto.i12, i12 %WidthInPix_val"   --->   Operation 11 'read' 'WidthInPix_val_read' <Predicate = true> <Delay = 0.00>
ST_2 : Operation 12 [1/1] (0.00ns)   --->   "%Height_val_read = read i12 @_ssdm_op_Read.ap_auto.i12, i12 %Height_val"   --->   Operation 12 'read' 'Height_val_read' <Predicate = true> <Delay = 0.00>
ST_2 : Operation 13 [1/1] (0.00ns)   --->   "%specinterface_ln0 = specinterface void @_ssdm_op_SpecInterface, i15 %WidthInBytes_val, void @ap_fifo_str, i32 0, i32 0, void @p_str, i32 0, i32 0, void @p_str, void @p_str, void @p_str, i32 2, i32 2, i32 16, i32 16, void @p_str, void @ScalarProp_str, i32 4294967295, i32 0, i32 0"   --->   Operation 13 'specinterface' 'specinterface_ln0' <Predicate = true> <Delay = 0.00>
ST_2 : Operation 14 [1/1] (0.00ns)   --->   "%specinterface_ln0 = specinterface void @_ssdm_op_SpecInterface, i15 %WidthInBytes_val2_c, void @ap_fifo_str, i32 0, i32 0, void @p_str, i32 0, i32 0, void @p_str, void @p_str, void @p_str, i32 2, i32 2, i32 16, i32 16, void @p_str, void @ScalarProp_str, i32 4294967295, i32 0, i32 0"   --->   Operation 14 'specinterface' 'specinterface_ln0' <Predicate = true> <Delay = 0.00>
ST_2 : Operation 15 [1/1] (0.00ns)   --->   "%specstablecontent_ln0 = specstablecontent void @_ssdm_op_SpecStableContent, i6 %VideoFormat_val, void "   --->   Operation 15 'specstablecontent' 'specstablecontent_ln0' <Predicate = true> <Delay = 0.00>
ST_2 : Operation 16 [1/1] (0.00ns)   --->   "%specstablecontent_ln0 = specstablecontent void @_ssdm_op_SpecStableContent, i12 %Height_val, void "   --->   Operation 16 'specstablecontent' 'specstablecontent_ln0' <Predicate = true> <Delay = 0.00>
ST_2 : Operation 17 [1/1] (0.00ns)   --->   "%specstablecontent_ln0 = specstablecontent void @_ssdm_op_SpecStableContent, i12 %WidthInPix_val, void "   --->   Operation 17 'specstablecontent' 'specstablecontent_ln0' <Predicate = true> <Delay = 0.00>
ST_2 : Operation 18 [1/1] (0.00ns)   --->   "%specmemcore_ln0 = specmemcore void @_ssdm_op_SpecMemCore, i128 %bytePlanes, i64 666, i64 8, i64 18446744073709551615"   --->   Operation 18 'specmemcore' 'specmemcore_ln0' <Predicate = true> <Delay = 0.00>
ST_2 : Operation 19 [1/1] (0.00ns)   --->   "%specinterface_ln0 = specinterface void @_ssdm_op_SpecInterface, i128 %bytePlanes, void @empty_19, i32 0, i32 0, void @empty_1, i32 0, i32 0, void @empty_1, void @empty_1, void @empty_1, i32 0, i32 0, i32 0, i32 0, void @empty_1, void @empty_1, i32 4294967295, i32 0, i32 0"   --->   Operation 19 'specinterface' 'specinterface_ln0' <Predicate = true> <Delay = 0.00>
ST_2 : Operation 20 [1/1] (0.00ns)   --->   "%specinterface_ln0 = specinterface void @_ssdm_op_SpecInterface, i48 %img, void @empty_19, i32 0, i32 0, void @empty_1, i32 0, i32 0, void @empty_1, void @empty_1, void @empty_1, i32 0, i32 0, i32 0, i32 0, void @empty_1, void @empty_1, i32 4294967295, i32 0, i32 0"   --->   Operation 20 'specinterface' 'specinterface_ln0' <Predicate = true> <Delay = 0.00>
ST_2 : Operation 21 [1/1] (0.78ns)   --->   "%switch_ln390 = switch i6 %VideoFormat_val_read, void %if.end325, i6 43, void %if.end343, i6 42, void %if.end342, i6 44, void %if.end341, i6 41, void %if.end340, i6 11, void %if.end339, i6 10, void %if.end339, i6 27, void %if.end338, i6 16, void %if.end337, i6 15, void %if.end337, i6 12, void %if.end336, i6 28, void %if.end335, i6 19, void %if.end334, i6 18, void %if.end334, i6 23, void %if.end333, i6 22, void %if.end333, i6 33, void %if.end332, i6 32, void %if.end332, i6 38, void %if.end331, i6 37, void %if.end331, i6 21, void %if.then71_ifconv, i6 20, void %if.then71_ifconv, i6 14, void %if.end329, i6 13, void %if.end329, i6 26, void %if.end328, i6 31, void %if.end327, i6 30, void %if.end327, i6 36, void %if.end326, i6 35, void %if.end326, i6 29, void %if.then183_ifconv" [/home/izaan/GitRepos/dpdma_exdes/vivado_quad_vmix/kv260_quad_vmix_dp.runs/bd_quad_vmix_dp_v_frmbuf_wr_0_0_synth_1/prj/sol/.autopilot/db/v_frmbuf_wr.cpp:390]   --->   Operation 21 'switch' 'switch_ln390' <Predicate = true> <Delay = 0.78>
ST_2 : Operation 22 [1/1] (0.00ns)   --->   "%y_1 = alloca i32 1" [/home/izaan/GitRepos/dpdma_exdes/vivado_quad_vmix/kv260_quad_vmix_dp.runs/bd_quad_vmix_dp_v_frmbuf_wr_0_0_synth_1/prj/sol/.autopilot/db/v_frmbuf_wr.cpp:1287]   --->   Operation 22 'alloca' 'y_1' <Predicate = (VideoFormat_val_read == 29)> <Delay = 0.00>
ST_2 : Operation 23 [1/1] (0.00ns)   --->   "%p_lcssa173181 = alloca i32 1"   --->   Operation 23 'alloca' 'p_lcssa173181' <Predicate = (VideoFormat_val_read == 29)> <Delay = 0.00>
ST_2 : Operation 24 [1/1] (0.00ns)   --->   "%p_lcssa174184 = alloca i32 1"   --->   Operation 24 'alloca' 'p_lcssa174184' <Predicate = (VideoFormat_val_read == 29)> <Delay = 0.00>
ST_2 : Operation 25 [1/1] (0.00ns)   --->   "%p_lcssa175187 = alloca i32 1"   --->   Operation 25 'alloca' 'p_lcssa175187' <Predicate = (VideoFormat_val_read == 29)> <Delay = 0.00>
ST_2 : Operation 26 [1/1] (0.00ns)   --->   "%p_lcssa176190 = alloca i32 1"   --->   Operation 26 'alloca' 'p_lcssa176190' <Predicate = (VideoFormat_val_read == 29)> <Delay = 0.00>
ST_2 : Operation 27 [1/1] (0.00ns)   --->   "%p_lcssa177193 = alloca i32 1"   --->   Operation 27 'alloca' 'p_lcssa177193' <Predicate = (VideoFormat_val_read == 29)> <Delay = 0.00>
ST_2 : Operation 28 [1/1] (0.00ns)   --->   "%p_lcssa178196 = alloca i32 1"   --->   Operation 28 'alloca' 'p_lcssa178196' <Predicate = (VideoFormat_val_read == 29)> <Delay = 0.00>
ST_2 : Operation 29 [1/1] (0.84ns)   --->   "%add_ln1272 = add i15 %WidthInBytes_val_read, i15 15" [/home/izaan/GitRepos/dpdma_exdes/vivado_quad_vmix/kv260_quad_vmix_dp.runs/bd_quad_vmix_dp_v_frmbuf_wr_0_0_synth_1/prj/sol/.autopilot/db/v_frmbuf_wr.cpp:1272]   --->   Operation 29 'add' 'add_ln1272' <Predicate = (VideoFormat_val_read == 29)> <Delay = 0.84> <CoreInst = "Adder">   --->   Core 1 'Adder' <Latency = 0> <II = 1> <Delay = 0.84> <FuncUnit> <Opcode : 'add' 'sub'> <InPorts = 2> <OutPorts = 1>
ST_2 : Operation 30 [1/1] (0.00ns)   --->   "%trunc_ln3 = partselect i11 @_ssdm_op_PartSelect.i11.i15.i32.i32, i15 %add_ln1272, i32 4, i32 14" [/home/izaan/GitRepos/dpdma_exdes/vivado_quad_vmix/kv260_quad_vmix_dp.runs/bd_quad_vmix_dp_v_frmbuf_wr_0_0_synth_1/prj/sol/.autopilot/db/v_frmbuf_wr.cpp:1272]   --->   Operation 30 'partselect' 'trunc_ln3' <Predicate = (VideoFormat_val_read == 29)> <Delay = 0.00>
ST_2 : Operation 31 [1/1] (0.79ns)   --->   "%add_ln1273 = add i11 %trunc_ln3, i11 2" [/home/izaan/GitRepos/dpdma_exdes/vivado_quad_vmix/kv260_quad_vmix_dp.runs/bd_quad_vmix_dp_v_frmbuf_wr_0_0_synth_1/prj/sol/.autopilot/db/v_frmbuf_wr.cpp:1273]   --->   Operation 31 'add' 'add_ln1273' <Predicate = (VideoFormat_val_read == 29)> <Delay = 0.79> <CoreInst = "Adder">   --->   Core 1 'Adder' <Latency = 0> <II = 1> <Delay = 0.79> <FuncUnit> <Opcode : 'add' 'sub'> <InPorts = 2> <OutPorts = 1>
ST_2 : Operation 32 [1/1] (0.00ns)   --->   "%zext_ln1273 = zext i11 %add_ln1273" [/home/izaan/GitRepos/dpdma_exdes/vivado_quad_vmix/kv260_quad_vmix_dp.runs/bd_quad_vmix_dp_v_frmbuf_wr_0_0_synth_1/prj/sol/.autopilot/db/v_frmbuf_wr.cpp:1273]   --->   Operation 32 'zext' 'zext_ln1273' <Predicate = (VideoFormat_val_read == 29)> <Delay = 0.00>
ST_2 : Operation 33 [1/1] (2.23ns)   --->   "%mul_ln1273 = mul i23 %zext_ln1273, i23 2731" [/home/izaan/GitRepos/dpdma_exdes/vivado_quad_vmix/kv260_quad_vmix_dp.runs/bd_quad_vmix_dp_v_frmbuf_wr_0_0_synth_1/prj/sol/.autopilot/db/v_frmbuf_wr.cpp:1273]   --->   Operation 33 'mul' 'mul_ln1273' <Predicate = (VideoFormat_val_read == 29)> <Delay = 2.23> <CoreInst = "Multiplier">   --->   Core 3 'Multiplier' <Latency = 0> <II = 1> <Delay = 2.23> <FuncUnit> <Opcode : 'mul'> <InPorts = 2> <OutPorts = 1>
ST_2 : Operation 34 [1/1] (0.00ns)   --->   "%trunc_ln4 = partselect i10 @_ssdm_op_PartSelect.i10.i23.i32.i32, i23 %mul_ln1273, i32 13, i32 22" [/home/izaan/GitRepos/dpdma_exdes/vivado_quad_vmix/kv260_quad_vmix_dp.runs/bd_quad_vmix_dp_v_frmbuf_wr_0_0_synth_1/prj/sol/.autopilot/db/v_frmbuf_wr.cpp:1273]   --->   Operation 34 'partselect' 'trunc_ln4' <Predicate = (VideoFormat_val_read == 29)> <Delay = 0.00>
ST_2 : Operation 35 [1/1] (0.00ns)   --->   "%remPix_1 = trunc i12 %WidthInPix_val_read" [/home/izaan/GitRepos/dpdma_exdes/vivado_quad_vmix/kv260_quad_vmix_dp.runs/bd_quad_vmix_dp_v_frmbuf_wr_0_0_synth_1/prj/sol/.autopilot/db/v_frmbuf_wr.cpp:1274]   --->   Operation 35 'trunc' 'remPix_1' <Predicate = (VideoFormat_val_read == 29)> <Delay = 0.00>
ST_2 : Operation 36 [1/1] (0.79ns)   --->   "%icmp_ln1277 = icmp_eq  i4 %remPix_1, i4 0" [/home/izaan/GitRepos/dpdma_exdes/vivado_quad_vmix/kv260_quad_vmix_dp.runs/bd_quad_vmix_dp_v_frmbuf_wr_0_0_synth_1/prj/sol/.autopilot/db/v_frmbuf_wr.cpp:1277]   --->   Operation 36 'icmp' 'icmp_ln1277' <Predicate = (VideoFormat_val_read == 29)> <Delay = 0.79> <CoreInst = "Cmp">   --->   Core 9 'Cmp' <Latency = 0> <II = 1> <Delay = 0.79> <FuncUnit> <Opcode : 'seteq' 'setne' 'setle' 'setge' 'setlt' 'setgt'> <InPorts = 2> <OutPorts = 1>
ST_2 : Operation 37 [1/1] (0.00ns)   --->   "%lshr_ln1 = partselect i3 @_ssdm_op_PartSelect.i3.i12.i32.i32, i12 %WidthInPix_val_read, i32 1, i32 3" [/home/izaan/GitRepos/dpdma_exdes/vivado_quad_vmix/kv260_quad_vmix_dp.runs/bd_quad_vmix_dp_v_frmbuf_wr_0_0_synth_1/prj/sol/.autopilot/db/v_frmbuf_wr.cpp:1279]   --->   Operation 37 'partselect' 'lshr_ln1' <Predicate = (VideoFormat_val_read == 29)> <Delay = 0.00>
ST_2 : Operation 38 [1/1] (0.00ns)   --->   "%zext_ln1279 = zext i3 %lshr_ln1" [/home/izaan/GitRepos/dpdma_exdes/vivado_quad_vmix/kv260_quad_vmix_dp.runs/bd_quad_vmix_dp_v_frmbuf_wr_0_0_synth_1/prj/sol/.autopilot/db/v_frmbuf_wr.cpp:1279]   --->   Operation 38 'zext' 'zext_ln1279' <Predicate = (VideoFormat_val_read == 29)> <Delay = 0.00>
ST_2 : Operation 39 [1/1] (0.39ns)   --->   "%remainPix_1 = select i1 %icmp_ln1277, i4 8, i4 %zext_ln1279" [/home/izaan/GitRepos/dpdma_exdes/vivado_quad_vmix/kv260_quad_vmix_dp.runs/bd_quad_vmix_dp_v_frmbuf_wr_0_0_synth_1/prj/sol/.autopilot/db/v_frmbuf_wr.cpp:1277]   --->   Operation 39 'select' 'remainPix_1' <Predicate = (VideoFormat_val_read == 29)> <Delay = 0.39> <CoreInst = "Sel">   --->   Core 73 'Sel' <Latency = 0> <II = 1> <Delay = 0.39> <FuncUnit> <Opcode : 'select'> <InPorts = 3> <OutPorts = 1>
ST_2 : Operation 40 [1/1] (0.00ns)   --->   "%p_shl = bitconcatenate i9 @_ssdm_op_BitConcatenate.i9.i4.i5, i4 %remPix_1, i5 0" [/home/izaan/GitRepos/dpdma_exdes/vivado_quad_vmix/kv260_quad_vmix_dp.runs/bd_quad_vmix_dp_v_frmbuf_wr_0_0_synth_1/prj/sol/.autopilot/db/v_frmbuf_wr.cpp:1281]   --->   Operation 40 'bitconcatenate' 'p_shl' <Predicate = (VideoFormat_val_read == 29)> <Delay = 0.00>
ST_2 : Operation 41 [1/1] (0.00ns)   --->   "%tmp_7 = bitconcatenate i7 @_ssdm_op_BitConcatenate.i7.i4.i3, i4 %remPix_1, i3 0" [/home/izaan/GitRepos/dpdma_exdes/vivado_quad_vmix/kv260_quad_vmix_dp.runs/bd_quad_vmix_dp_v_frmbuf_wr_0_0_synth_1/prj/sol/.autopilot/db/v_frmbuf_wr.cpp:1281]   --->   Operation 41 'bitconcatenate' 'tmp_7' <Predicate = (VideoFormat_val_read == 29)> <Delay = 0.00>
ST_2 : Operation 42 [1/1] (0.00ns)   --->   "%zext_ln1281 = zext i7 %tmp_7" [/home/izaan/GitRepos/dpdma_exdes/vivado_quad_vmix/kv260_quad_vmix_dp.runs/bd_quad_vmix_dp_v_frmbuf_wr_0_0_synth_1/prj/sol/.autopilot/db/v_frmbuf_wr.cpp:1281]   --->   Operation 42 'zext' 'zext_ln1281' <Predicate = (VideoFormat_val_read == 29)> <Delay = 0.00>
ST_2 : Operation 43 [1/1] (0.00ns) (grouped into TernaryAdder)   --->   "%sub_ln1281 = sub i9 %p_shl, i9 %zext_ln1281" [/home/izaan/GitRepos/dpdma_exdes/vivado_quad_vmix/kv260_quad_vmix_dp.runs/bd_quad_vmix_dp_v_frmbuf_wr_0_0_synth_1/prj/sol/.autopilot/db/v_frmbuf_wr.cpp:1281]   --->   Operation 43 'sub' 'sub_ln1281' <Predicate = (VideoFormat_val_read == 29)> <Delay = 0.00> <CoreInst = "TAddSub">   --->   Core 10 'TAddSub' <Latency = 0> <II = 1> <Delay = 0.50> <IPBlock> <Opcode : '' 'add' 'sub'> <InPorts = 3> <OutPorts = 1> <Sync> <CReg>
ST_2 : Operation 44 [1/1] (1.00ns) (root node of TernaryAdder)   --->   "%add_ln1281 = add i9 %sub_ln1281, i9 127" [/home/izaan/GitRepos/dpdma_exdes/vivado_quad_vmix/kv260_quad_vmix_dp.runs/bd_quad_vmix_dp_v_frmbuf_wr_0_0_synth_1/prj/sol/.autopilot/db/v_frmbuf_wr.cpp:1281]   --->   Operation 44 'add' 'add_ln1281' <Predicate = (VideoFormat_val_read == 29)> <Delay = 1.00> <CoreInst = "TAddSub">   --->   Core 10 'TAddSub' <Latency = 0> <II = 1> <Delay = 0.50> <IPBlock> <Opcode : '' 'add' 'sub'> <InPorts = 3> <OutPorts = 1> <Sync> <CReg>
ST_2 : Operation 45 [1/1] (0.00ns)   --->   "%trunc_ln5 = partselect i2 @_ssdm_op_PartSelect.i2.i9.i32.i32, i9 %add_ln1281, i32 7, i32 8" [/home/izaan/GitRepos/dpdma_exdes/vivado_quad_vmix/kv260_quad_vmix_dp.runs/bd_quad_vmix_dp_v_frmbuf_wr_0_0_synth_1/prj/sol/.autopilot/db/v_frmbuf_wr.cpp:1281]   --->   Operation 45 'partselect' 'trunc_ln5' <Predicate = (VideoFormat_val_read == 29)> <Delay = 0.00>
ST_2 : Operation 46 [1/1] (0.17ns)   --->   "%remainTrx_1 = select i1 %icmp_ln1277, i2 3, i2 %trunc_ln5" [/home/izaan/GitRepos/dpdma_exdes/vivado_quad_vmix/kv260_quad_vmix_dp.runs/bd_quad_vmix_dp_v_frmbuf_wr_0_0_synth_1/prj/sol/.autopilot/db/v_frmbuf_wr.cpp:1277]   --->   Operation 46 'select' 'remainTrx_1' <Predicate = (VideoFormat_val_read == 29)> <Delay = 0.17> <CoreInst = "Sel">   --->   Core 73 'Sel' <Latency = 0> <II = 1> <Delay = 0.17> <FuncUnit> <Opcode : 'select'> <InPorts = 3> <OutPorts = 1>
ST_2 : Operation 47 [1/1] (0.78ns)   --->   "%sub230 = add i10 %trunc_ln4, i10 1023" [/home/izaan/GitRepos/dpdma_exdes/vivado_quad_vmix/kv260_quad_vmix_dp.runs/bd_quad_vmix_dp_v_frmbuf_wr_0_0_synth_1/prj/sol/.autopilot/db/v_frmbuf_wr.cpp:1273]   --->   Operation 47 'add' 'sub230' <Predicate = (VideoFormat_val_read == 29)> <Delay = 0.78> <CoreInst = "Adder">   --->   Core 1 'Adder' <Latency = 0> <II = 1> <Delay = 0.78> <FuncUnit> <Opcode : 'add' 'sub'> <InPorts = 2> <OutPorts = 1>
ST_2 : Operation 48 [1/1] (0.79ns)   --->   "%cmp233 = icmp_ne  i4 %remainPix_1, i4 0" [/home/izaan/GitRepos/dpdma_exdes/vivado_quad_vmix/kv260_quad_vmix_dp.runs/bd_quad_vmix_dp_v_frmbuf_wr_0_0_synth_1/prj/sol/.autopilot/db/v_frmbuf_wr.cpp:1277]   --->   Operation 48 'icmp' 'cmp233' <Predicate = (VideoFormat_val_read == 29)> <Delay = 0.79> <CoreInst = "Cmp">   --->   Core 9 'Cmp' <Latency = 0> <II = 1> <Delay = 0.79> <FuncUnit> <Opcode : 'seteq' 'setne' 'setle' 'setge' 'setlt' 'setgt'> <InPorts = 2> <OutPorts = 1>
ST_2 : Operation 49 [1/1] (0.00ns)   --->   "%tmp_8 = partselect i3 @_ssdm_op_PartSelect.i3.i4.i32.i32, i4 %remainPix_1, i32 1, i32 3" [/home/izaan/GitRepos/dpdma_exdes/vivado_quad_vmix/kv260_quad_vmix_dp.runs/bd_quad_vmix_dp_v_frmbuf_wr_0_0_synth_1/prj/sol/.autopilot/db/v_frmbuf_wr.cpp:1277]   --->   Operation 49 'partselect' 'tmp_8' <Predicate = (VideoFormat_val_read == 29)> <Delay = 0.00>
ST_2 : Operation 50 [1/1] (0.67ns)   --->   "%icmp26 = icmp_ne  i3 %tmp_8, i3 0" [/home/izaan/GitRepos/dpdma_exdes/vivado_quad_vmix/kv260_quad_vmix_dp.runs/bd_quad_vmix_dp_v_frmbuf_wr_0_0_synth_1/prj/sol/.autopilot/db/v_frmbuf_wr.cpp:1277]   --->   Operation 50 'icmp' 'icmp26' <Predicate = (VideoFormat_val_read == 29)> <Delay = 0.67> <CoreInst = "Cmp">   --->   Core 9 'Cmp' <Latency = 0> <II = 1> <Delay = 0.67> <FuncUnit> <Opcode : 'seteq' 'setne' 'setle' 'setge' 'setlt' 'setgt'> <InPorts = 2> <OutPorts = 1>
ST_2 : Operation 51 [1/1] (0.79ns)   --->   "%cmp233_2 = icmp_ugt  i4 %remainPix_1, i4 2" [/home/izaan/GitRepos/dpdma_exdes/vivado_quad_vmix/kv260_quad_vmix_dp.runs/bd_quad_vmix_dp_v_frmbuf_wr_0_0_synth_1/prj/sol/.autopilot/db/v_frmbuf_wr.cpp:1277]   --->   Operation 51 'icmp' 'cmp233_2' <Predicate = (VideoFormat_val_read == 29)> <Delay = 0.79> <CoreInst = "Cmp">   --->   Core 9 'Cmp' <Latency = 0> <II = 1> <Delay = 0.79> <FuncUnit> <Opcode : 'seteq' 'setne' 'setle' 'setge' 'setlt' 'setgt'> <InPorts = 2> <OutPorts = 1>
ST_2 : Operation 52 [1/1] (0.00ns)   --->   "%tmp_9 = partselect i2 @_ssdm_op_PartSelect.i2.i4.i32.i32, i4 %remainPix_1, i32 2, i32 3" [/home/izaan/GitRepos/dpdma_exdes/vivado_quad_vmix/kv260_quad_vmix_dp.runs/bd_quad_vmix_dp_v_frmbuf_wr_0_0_synth_1/prj/sol/.autopilot/db/v_frmbuf_wr.cpp:1277]   --->   Operation 52 'partselect' 'tmp_9' <Predicate = (VideoFormat_val_read == 29)> <Delay = 0.00>
ST_2 : Operation 53 [1/1] (0.54ns)   --->   "%icmp29 = icmp_ne  i2 %tmp_9, i2 0" [/home/izaan/GitRepos/dpdma_exdes/vivado_quad_vmix/kv260_quad_vmix_dp.runs/bd_quad_vmix_dp_v_frmbuf_wr_0_0_synth_1/prj/sol/.autopilot/db/v_frmbuf_wr.cpp:1277]   --->   Operation 53 'icmp' 'icmp29' <Predicate = (VideoFormat_val_read == 29)> <Delay = 0.54> <CoreInst = "Cmp">   --->   Core 9 'Cmp' <Latency = 0> <II = 1> <Delay = 0.54> <FuncUnit> <Opcode : 'seteq' 'setne' 'setle' 'setge' 'setlt' 'setgt'> <InPorts = 2> <OutPorts = 1>
ST_2 : Operation 54 [1/1] (0.79ns)   --->   "%cmp233_4 = icmp_ugt  i4 %remainPix_1, i4 4" [/home/izaan/GitRepos/dpdma_exdes/vivado_quad_vmix/kv260_quad_vmix_dp.runs/bd_quad_vmix_dp_v_frmbuf_wr_0_0_synth_1/prj/sol/.autopilot/db/v_frmbuf_wr.cpp:1277]   --->   Operation 54 'icmp' 'cmp233_4' <Predicate = (VideoFormat_val_read == 29)> <Delay = 0.79> <CoreInst = "Cmp">   --->   Core 9 'Cmp' <Latency = 0> <II = 1> <Delay = 0.79> <FuncUnit> <Opcode : 'seteq' 'setne' 'setle' 'setge' 'setlt' 'setgt'> <InPorts = 2> <OutPorts = 1>
ST_2 : Operation 55 [1/1] (0.79ns)   --->   "%cmp233_5 = icmp_ugt  i4 %remainPix_1, i4 5" [/home/izaan/GitRepos/dpdma_exdes/vivado_quad_vmix/kv260_quad_vmix_dp.runs/bd_quad_vmix_dp_v_frmbuf_wr_0_0_synth_1/prj/sol/.autopilot/db/v_frmbuf_wr.cpp:1277]   --->   Operation 55 'icmp' 'cmp233_5' <Predicate = (VideoFormat_val_read == 29)> <Delay = 0.79> <CoreInst = "Cmp">   --->   Core 9 'Cmp' <Latency = 0> <II = 1> <Delay = 0.79> <FuncUnit> <Opcode : 'seteq' 'setne' 'setle' 'setge' 'setlt' 'setgt'> <InPorts = 2> <OutPorts = 1>
ST_2 : Operation 56 [1/1] (0.79ns)   --->   "%cmp233_6 = icmp_ugt  i4 %remainPix_1, i4 6" [/home/izaan/GitRepos/dpdma_exdes/vivado_quad_vmix/kv260_quad_vmix_dp.runs/bd_quad_vmix_dp_v_frmbuf_wr_0_0_synth_1/prj/sol/.autopilot/db/v_frmbuf_wr.cpp:1277]   --->   Operation 56 'icmp' 'cmp233_6' <Predicate = (VideoFormat_val_read == 29)> <Delay = 0.79> <CoreInst = "Cmp">   --->   Core 9 'Cmp' <Latency = 0> <II = 1> <Delay = 0.79> <FuncUnit> <Opcode : 'seteq' 'setne' 'setle' 'setge' 'setlt' 'setgt'> <InPorts = 2> <OutPorts = 1>
ST_2 : Operation 57 [1/1] (0.00ns)   --->   "%tmp_10 = bitselect i1 @_ssdm_op_BitSelect.i1.i2.i32, i2 %remainTrx_1, i32 1" [/home/izaan/GitRepos/dpdma_exdes/vivado_quad_vmix/kv260_quad_vmix_dp.runs/bd_quad_vmix_dp_v_frmbuf_wr_0_0_synth_1/prj/sol/.autopilot/db/v_frmbuf_wr.cpp:1277]   --->   Operation 57 'bitselect' 'tmp_10' <Predicate = (VideoFormat_val_read == 29)> <Delay = 0.00>
ST_2 : Operation 58 [1/1] (0.54ns)   --->   "%cmp286_2 = icmp_eq  i2 %remainTrx_1, i2 3" [/home/izaan/GitRepos/dpdma_exdes/vivado_quad_vmix/kv260_quad_vmix_dp.runs/bd_quad_vmix_dp_v_frmbuf_wr_0_0_synth_1/prj/sol/.autopilot/db/v_frmbuf_wr.cpp:1277]   --->   Operation 58 'icmp' 'cmp286_2' <Predicate = (VideoFormat_val_read == 29)> <Delay = 0.54> <CoreInst = "Cmp">   --->   Core 9 'Cmp' <Latency = 0> <II = 1> <Delay = 0.54> <FuncUnit> <Opcode : 'seteq' 'setne' 'setle' 'setge' 'setlt' 'setgt'> <InPorts = 2> <OutPorts = 1>
ST_2 : Operation 59 [1/1] (0.00ns)   --->   "%loopWidth_cast = partselect i9 @_ssdm_op_PartSelect.i9.i23.i32.i32, i23 %mul_ln1273, i32 13, i32 21" [/home/izaan/GitRepos/dpdma_exdes/vivado_quad_vmix/kv260_quad_vmix_dp.runs/bd_quad_vmix_dp_v_frmbuf_wr_0_0_synth_1/prj/sol/.autopilot/db/v_frmbuf_wr.cpp:1287]   --->   Operation 59 'partselect' 'loopWidth_cast' <Predicate = (VideoFormat_val_read == 29)> <Delay = 0.00>
ST_2 : Operation 60 [1/1] (0.42ns)   --->   "%store_ln1287 = store i12 0, i12 %y_1" [/home/izaan/GitRepos/dpdma_exdes/vivado_quad_vmix/kv260_quad_vmix_dp.runs/bd_quad_vmix_dp_v_frmbuf_wr_0_0_synth_1/prj/sol/.autopilot/db/v_frmbuf_wr.cpp:1287]   --->   Operation 60 'store' 'store_ln1287' <Predicate = (VideoFormat_val_read == 29)> <Delay = 0.42>
ST_2 : Operation 61 [1/1] (0.00ns)   --->   "%br_ln1287 = br void %VITIS_LOOP_1291_6" [/home/izaan/GitRepos/dpdma_exdes/vivado_quad_vmix/kv260_quad_vmix_dp.runs/bd_quad_vmix_dp_v_frmbuf_wr_0_0_synth_1/prj/sol/.autopilot/db/v_frmbuf_wr.cpp:1287]   --->   Operation 61 'br' 'br_ln1287' <Predicate = (VideoFormat_val_read == 29)> <Delay = 0.00>
ST_2 : Operation 62 [1/1] (0.00ns)   --->   "%y = alloca i32 1" [/home/izaan/GitRepos/dpdma_exdes/vivado_quad_vmix/kv260_quad_vmix_dp.runs/bd_quad_vmix_dp_v_frmbuf_wr_0_0_synth_1/prj/sol/.autopilot/db/v_frmbuf_wr.cpp:1044]   --->   Operation 62 'alloca' 'y' <Predicate = (VideoFormat_val_read == 20) | (VideoFormat_val_read == 21)> <Delay = 0.00>
ST_2 : Operation 63 [1/1] (0.00ns)   --->   "%p_lcssa157 = alloca i32 1"   --->   Operation 63 'alloca' 'p_lcssa157' <Predicate = (VideoFormat_val_read == 20) | (VideoFormat_val_read == 21)> <Delay = 0.00>
ST_2 : Operation 64 [1/1] (0.00ns)   --->   "%p_lcssa150160 = alloca i32 1"   --->   Operation 64 'alloca' 'p_lcssa150160' <Predicate = (VideoFormat_val_read == 20) | (VideoFormat_val_read == 21)> <Delay = 0.00>
ST_2 : Operation 65 [1/1] (0.00ns)   --->   "%p_lcssa151163 = alloca i32 1"   --->   Operation 65 'alloca' 'p_lcssa151163' <Predicate = (VideoFormat_val_read == 20) | (VideoFormat_val_read == 21)> <Delay = 0.00>
ST_2 : Operation 66 [1/1] (0.00ns)   --->   "%p_lcssa152166 = alloca i32 1"   --->   Operation 66 'alloca' 'p_lcssa152166' <Predicate = (VideoFormat_val_read == 20) | (VideoFormat_val_read == 21)> <Delay = 0.00>
ST_2 : Operation 67 [1/1] (0.00ns)   --->   "%p_lcssa153169 = alloca i32 1"   --->   Operation 67 'alloca' 'p_lcssa153169' <Predicate = (VideoFormat_val_read == 20) | (VideoFormat_val_read == 21)> <Delay = 0.00>
ST_2 : Operation 68 [1/1] (0.00ns)   --->   "%p_lcssa154172 = alloca i32 1"   --->   Operation 68 'alloca' 'p_lcssa154172' <Predicate = (VideoFormat_val_read == 20) | (VideoFormat_val_read == 21)> <Delay = 0.00>
ST_2 : Operation 69 [1/1] (0.84ns)   --->   "%add_ln1030 = add i15 %WidthInBytes_val_read, i15 15" [/home/izaan/GitRepos/dpdma_exdes/vivado_quad_vmix/kv260_quad_vmix_dp.runs/bd_quad_vmix_dp_v_frmbuf_wr_0_0_synth_1/prj/sol/.autopilot/db/v_frmbuf_wr.cpp:1030]   --->   Operation 69 'add' 'add_ln1030' <Predicate = (VideoFormat_val_read == 20) | (VideoFormat_val_read == 21)> <Delay = 0.84> <CoreInst = "Adder">   --->   Core 1 'Adder' <Latency = 0> <II = 1> <Delay = 0.84> <FuncUnit> <Opcode : 'add' 'sub'> <InPorts = 2> <OutPorts = 1>
ST_2 : Operation 70 [1/1] (0.00ns)   --->   "%trunc_ln = partselect i11 @_ssdm_op_PartSelect.i11.i15.i32.i32, i15 %add_ln1030, i32 4, i32 14" [/home/izaan/GitRepos/dpdma_exdes/vivado_quad_vmix/kv260_quad_vmix_dp.runs/bd_quad_vmix_dp_v_frmbuf_wr_0_0_synth_1/prj/sol/.autopilot/db/v_frmbuf_wr.cpp:1030]   --->   Operation 70 'partselect' 'trunc_ln' <Predicate = (VideoFormat_val_read == 20) | (VideoFormat_val_read == 21)> <Delay = 0.00>
ST_2 : Operation 71 [1/1] (0.79ns)   --->   "%add_ln1031 = add i11 %trunc_ln, i11 2" [/home/izaan/GitRepos/dpdma_exdes/vivado_quad_vmix/kv260_quad_vmix_dp.runs/bd_quad_vmix_dp_v_frmbuf_wr_0_0_synth_1/prj/sol/.autopilot/db/v_frmbuf_wr.cpp:1031]   --->   Operation 71 'add' 'add_ln1031' <Predicate = (VideoFormat_val_read == 20) | (VideoFormat_val_read == 21)> <Delay = 0.79> <CoreInst = "Adder">   --->   Core 1 'Adder' <Latency = 0> <II = 1> <Delay = 0.79> <FuncUnit> <Opcode : 'add' 'sub'> <InPorts = 2> <OutPorts = 1>
ST_2 : Operation 72 [1/1] (0.00ns)   --->   "%zext_ln1031 = zext i11 %add_ln1031" [/home/izaan/GitRepos/dpdma_exdes/vivado_quad_vmix/kv260_quad_vmix_dp.runs/bd_quad_vmix_dp_v_frmbuf_wr_0_0_synth_1/prj/sol/.autopilot/db/v_frmbuf_wr.cpp:1031]   --->   Operation 72 'zext' 'zext_ln1031' <Predicate = (VideoFormat_val_read == 20) | (VideoFormat_val_read == 21)> <Delay = 0.00>
ST_2 : Operation 73 [1/1] (2.23ns)   --->   "%mul_ln1031 = mul i23 %zext_ln1031, i23 2731" [/home/izaan/GitRepos/dpdma_exdes/vivado_quad_vmix/kv260_quad_vmix_dp.runs/bd_quad_vmix_dp_v_frmbuf_wr_0_0_synth_1/prj/sol/.autopilot/db/v_frmbuf_wr.cpp:1031]   --->   Operation 73 'mul' 'mul_ln1031' <Predicate = (VideoFormat_val_read == 20) | (VideoFormat_val_read == 21)> <Delay = 2.23> <CoreInst = "Multiplier">   --->   Core 3 'Multiplier' <Latency = 0> <II = 1> <Delay = 2.23> <FuncUnit> <Opcode : 'mul'> <InPorts = 2> <OutPorts = 1>
ST_2 : Operation 74 [1/1] (0.00ns)   --->   "%trunc_ln1 = partselect i10 @_ssdm_op_PartSelect.i10.i23.i32.i32, i23 %mul_ln1031, i32 13, i32 22" [/home/izaan/GitRepos/dpdma_exdes/vivado_quad_vmix/kv260_quad_vmix_dp.runs/bd_quad_vmix_dp_v_frmbuf_wr_0_0_synth_1/prj/sol/.autopilot/db/v_frmbuf_wr.cpp:1031]   --->   Operation 74 'partselect' 'trunc_ln1' <Predicate = (VideoFormat_val_read == 20) | (VideoFormat_val_read == 21)> <Delay = 0.00>
ST_2 : Operation 75 [1/1] (0.00ns)   --->   "%trunc_ln1_cast = partselect i9 @_ssdm_op_PartSelect.i9.i23.i32.i32, i23 %mul_ln1031, i32 13, i32 21" [/home/izaan/GitRepos/dpdma_exdes/vivado_quad_vmix/kv260_quad_vmix_dp.runs/bd_quad_vmix_dp_v_frmbuf_wr_0_0_synth_1/prj/sol/.autopilot/db/v_frmbuf_wr.cpp:1032]   --->   Operation 75 'partselect' 'trunc_ln1_cast' <Predicate = (VideoFormat_val_read == 20) | (VideoFormat_val_read == 21)> <Delay = 0.00>
ST_2 : Operation 76 [1/1] (0.00ns)   --->   "%remPix = trunc i12 %WidthInPix_val_read" [/home/izaan/GitRepos/dpdma_exdes/vivado_quad_vmix/kv260_quad_vmix_dp.runs/bd_quad_vmix_dp_v_frmbuf_wr_0_0_synth_1/prj/sol/.autopilot/db/v_frmbuf_wr.cpp:1032]   --->   Operation 76 'trunc' 'remPix' <Predicate = (VideoFormat_val_read == 20) | (VideoFormat_val_read == 21)> <Delay = 0.00>
ST_2 : Operation 77 [1/1] (0.79ns)   --->   "%icmp_ln1035 = icmp_eq  i4 %remPix, i4 0" [/home/izaan/GitRepos/dpdma_exdes/vivado_quad_vmix/kv260_quad_vmix_dp.runs/bd_quad_vmix_dp_v_frmbuf_wr_0_0_synth_1/prj/sol/.autopilot/db/v_frmbuf_wr.cpp:1035]   --->   Operation 77 'icmp' 'icmp_ln1035' <Predicate = (VideoFormat_val_read == 20) | (VideoFormat_val_read == 21)> <Delay = 0.79> <CoreInst = "Cmp">   --->   Core 9 'Cmp' <Latency = 0> <II = 1> <Delay = 0.79> <FuncUnit> <Opcode : 'seteq' 'setne' 'setle' 'setge' 'setlt' 'setgt'> <InPorts = 2> <OutPorts = 1>
ST_2 : Operation 78 [1/1] (0.00ns)   --->   "%lshr_ln = partselect i3 @_ssdm_op_PartSelect.i3.i12.i32.i32, i12 %WidthInPix_val_read, i32 1, i32 3" [/home/izaan/GitRepos/dpdma_exdes/vivado_quad_vmix/kv260_quad_vmix_dp.runs/bd_quad_vmix_dp_v_frmbuf_wr_0_0_synth_1/prj/sol/.autopilot/db/v_frmbuf_wr.cpp:1037]   --->   Operation 78 'partselect' 'lshr_ln' <Predicate = (VideoFormat_val_read == 20) | (VideoFormat_val_read == 21)> <Delay = 0.00>
ST_2 : Operation 79 [1/1] (0.00ns)   --->   "%zext_ln1037 = zext i3 %lshr_ln" [/home/izaan/GitRepos/dpdma_exdes/vivado_quad_vmix/kv260_quad_vmix_dp.runs/bd_quad_vmix_dp_v_frmbuf_wr_0_0_synth_1/prj/sol/.autopilot/db/v_frmbuf_wr.cpp:1037]   --->   Operation 79 'zext' 'zext_ln1037' <Predicate = (VideoFormat_val_read == 20) | (VideoFormat_val_read == 21)> <Delay = 0.00>
ST_2 : Operation 80 [1/1] (0.39ns)   --->   "%remainPix = select i1 %icmp_ln1035, i4 8, i4 %zext_ln1037" [/home/izaan/GitRepos/dpdma_exdes/vivado_quad_vmix/kv260_quad_vmix_dp.runs/bd_quad_vmix_dp_v_frmbuf_wr_0_0_synth_1/prj/sol/.autopilot/db/v_frmbuf_wr.cpp:1035]   --->   Operation 80 'select' 'remainPix' <Predicate = (VideoFormat_val_read == 20) | (VideoFormat_val_read == 21)> <Delay = 0.39> <CoreInst = "Sel">   --->   Core 73 'Sel' <Latency = 0> <II = 1> <Delay = 0.39> <FuncUnit> <Opcode : 'select'> <InPorts = 3> <OutPorts = 1>
ST_2 : Operation 81 [1/1] (0.00ns)   --->   "%p_shl1 = bitconcatenate i9 @_ssdm_op_BitConcatenate.i9.i4.i5, i4 %remPix, i5 0" [/home/izaan/GitRepos/dpdma_exdes/vivado_quad_vmix/kv260_quad_vmix_dp.runs/bd_quad_vmix_dp_v_frmbuf_wr_0_0_synth_1/prj/sol/.autopilot/db/v_frmbuf_wr.cpp:1039]   --->   Operation 81 'bitconcatenate' 'p_shl1' <Predicate = (VideoFormat_val_read == 20) | (VideoFormat_val_read == 21)> <Delay = 0.00>
ST_2 : Operation 82 [1/1] (0.00ns)   --->   "%tmp_3 = bitconcatenate i7 @_ssdm_op_BitConcatenate.i7.i4.i3, i4 %remPix, i3 0" [/home/izaan/GitRepos/dpdma_exdes/vivado_quad_vmix/kv260_quad_vmix_dp.runs/bd_quad_vmix_dp_v_frmbuf_wr_0_0_synth_1/prj/sol/.autopilot/db/v_frmbuf_wr.cpp:1039]   --->   Operation 82 'bitconcatenate' 'tmp_3' <Predicate = (VideoFormat_val_read == 20) | (VideoFormat_val_read == 21)> <Delay = 0.00>
ST_2 : Operation 83 [1/1] (0.00ns)   --->   "%zext_ln1039 = zext i7 %tmp_3" [/home/izaan/GitRepos/dpdma_exdes/vivado_quad_vmix/kv260_quad_vmix_dp.runs/bd_quad_vmix_dp_v_frmbuf_wr_0_0_synth_1/prj/sol/.autopilot/db/v_frmbuf_wr.cpp:1039]   --->   Operation 83 'zext' 'zext_ln1039' <Predicate = (VideoFormat_val_read == 20) | (VideoFormat_val_read == 21)> <Delay = 0.00>
ST_2 : Operation 84 [1/1] (0.00ns) (grouped into TernaryAdder)   --->   "%sub_ln1039 = sub i9 %p_shl1, i9 %zext_ln1039" [/home/izaan/GitRepos/dpdma_exdes/vivado_quad_vmix/kv260_quad_vmix_dp.runs/bd_quad_vmix_dp_v_frmbuf_wr_0_0_synth_1/prj/sol/.autopilot/db/v_frmbuf_wr.cpp:1039]   --->   Operation 84 'sub' 'sub_ln1039' <Predicate = (VideoFormat_val_read == 20) | (VideoFormat_val_read == 21)> <Delay = 0.00> <CoreInst = "TAddSub">   --->   Core 10 'TAddSub' <Latency = 0> <II = 1> <Delay = 0.50> <IPBlock> <Opcode : '' 'add' 'sub'> <InPorts = 3> <OutPorts = 1> <Sync> <CReg>
ST_2 : Operation 85 [1/1] (1.00ns) (root node of TernaryAdder)   --->   "%add_ln1039 = add i9 %sub_ln1039, i9 127" [/home/izaan/GitRepos/dpdma_exdes/vivado_quad_vmix/kv260_quad_vmix_dp.runs/bd_quad_vmix_dp_v_frmbuf_wr_0_0_synth_1/prj/sol/.autopilot/db/v_frmbuf_wr.cpp:1039]   --->   Operation 85 'add' 'add_ln1039' <Predicate = (VideoFormat_val_read == 20) | (VideoFormat_val_read == 21)> <Delay = 1.00> <CoreInst = "TAddSub">   --->   Core 10 'TAddSub' <Latency = 0> <II = 1> <Delay = 0.50> <IPBlock> <Opcode : '' 'add' 'sub'> <InPorts = 3> <OutPorts = 1> <Sync> <CReg>
ST_2 : Operation 86 [1/1] (0.00ns)   --->   "%trunc_ln2 = partselect i2 @_ssdm_op_PartSelect.i2.i9.i32.i32, i9 %add_ln1039, i32 7, i32 8" [/home/izaan/GitRepos/dpdma_exdes/vivado_quad_vmix/kv260_quad_vmix_dp.runs/bd_quad_vmix_dp_v_frmbuf_wr_0_0_synth_1/prj/sol/.autopilot/db/v_frmbuf_wr.cpp:1039]   --->   Operation 86 'partselect' 'trunc_ln2' <Predicate = (VideoFormat_val_read == 20) | (VideoFormat_val_read == 21)> <Delay = 0.00>
ST_2 : Operation 87 [1/1] (0.17ns)   --->   "%remainTrx = select i1 %icmp_ln1035, i2 3, i2 %trunc_ln2" [/home/izaan/GitRepos/dpdma_exdes/vivado_quad_vmix/kv260_quad_vmix_dp.runs/bd_quad_vmix_dp_v_frmbuf_wr_0_0_synth_1/prj/sol/.autopilot/db/v_frmbuf_wr.cpp:1035]   --->   Operation 87 'select' 'remainTrx' <Predicate = (VideoFormat_val_read == 20) | (VideoFormat_val_read == 21)> <Delay = 0.17> <CoreInst = "Sel">   --->   Core 73 'Sel' <Latency = 0> <II = 1> <Delay = 0.17> <FuncUnit> <Opcode : 'select'> <InPorts = 3> <OutPorts = 1>
ST_2 : Operation 88 [1/1] (0.78ns)   --->   "%sub95 = add i10 %trunc_ln1, i10 1023" [/home/izaan/GitRepos/dpdma_exdes/vivado_quad_vmix/kv260_quad_vmix_dp.runs/bd_quad_vmix_dp_v_frmbuf_wr_0_0_synth_1/prj/sol/.autopilot/db/v_frmbuf_wr.cpp:1031]   --->   Operation 88 'add' 'sub95' <Predicate = (VideoFormat_val_read == 20) | (VideoFormat_val_read == 21)> <Delay = 0.78> <CoreInst = "Adder">   --->   Core 1 'Adder' <Latency = 0> <II = 1> <Delay = 0.78> <FuncUnit> <Opcode : 'add' 'sub'> <InPorts = 2> <OutPorts = 1>
ST_2 : Operation 89 [1/1] (0.79ns)   --->   "%cmp98 = icmp_ne  i4 %remainPix, i4 0" [/home/izaan/GitRepos/dpdma_exdes/vivado_quad_vmix/kv260_quad_vmix_dp.runs/bd_quad_vmix_dp_v_frmbuf_wr_0_0_synth_1/prj/sol/.autopilot/db/v_frmbuf_wr.cpp:1035]   --->   Operation 89 'icmp' 'cmp98' <Predicate = (VideoFormat_val_read == 20) | (VideoFormat_val_read == 21)> <Delay = 0.79> <CoreInst = "Cmp">   --->   Core 9 'Cmp' <Latency = 0> <II = 1> <Delay = 0.79> <FuncUnit> <Opcode : 'seteq' 'setne' 'setle' 'setge' 'setlt' 'setgt'> <InPorts = 2> <OutPorts = 1>
ST_2 : Operation 90 [1/1] (0.00ns)   --->   "%tmp_4 = partselect i3 @_ssdm_op_PartSelect.i3.i4.i32.i32, i4 %remainPix, i32 1, i32 3" [/home/izaan/GitRepos/dpdma_exdes/vivado_quad_vmix/kv260_quad_vmix_dp.runs/bd_quad_vmix_dp_v_frmbuf_wr_0_0_synth_1/prj/sol/.autopilot/db/v_frmbuf_wr.cpp:1035]   --->   Operation 90 'partselect' 'tmp_4' <Predicate = (VideoFormat_val_read == 20) | (VideoFormat_val_read == 21)> <Delay = 0.00>
ST_2 : Operation 91 [1/1] (0.67ns)   --->   "%icmp19 = icmp_ne  i3 %tmp_4, i3 0" [/home/izaan/GitRepos/dpdma_exdes/vivado_quad_vmix/kv260_quad_vmix_dp.runs/bd_quad_vmix_dp_v_frmbuf_wr_0_0_synth_1/prj/sol/.autopilot/db/v_frmbuf_wr.cpp:1035]   --->   Operation 91 'icmp' 'icmp19' <Predicate = (VideoFormat_val_read == 20) | (VideoFormat_val_read == 21)> <Delay = 0.67> <CoreInst = "Cmp">   --->   Core 9 'Cmp' <Latency = 0> <II = 1> <Delay = 0.67> <FuncUnit> <Opcode : 'seteq' 'setne' 'setle' 'setge' 'setlt' 'setgt'> <InPorts = 2> <OutPorts = 1>
ST_2 : Operation 92 [1/1] (0.79ns)   --->   "%cmp98_2 = icmp_ugt  i4 %remainPix, i4 2" [/home/izaan/GitRepos/dpdma_exdes/vivado_quad_vmix/kv260_quad_vmix_dp.runs/bd_quad_vmix_dp_v_frmbuf_wr_0_0_synth_1/prj/sol/.autopilot/db/v_frmbuf_wr.cpp:1035]   --->   Operation 92 'icmp' 'cmp98_2' <Predicate = (VideoFormat_val_read == 20) | (VideoFormat_val_read == 21)> <Delay = 0.79> <CoreInst = "Cmp">   --->   Core 9 'Cmp' <Latency = 0> <II = 1> <Delay = 0.79> <FuncUnit> <Opcode : 'seteq' 'setne' 'setle' 'setge' 'setlt' 'setgt'> <InPorts = 2> <OutPorts = 1>
ST_2 : Operation 93 [1/1] (0.00ns)   --->   "%tmp_5 = partselect i2 @_ssdm_op_PartSelect.i2.i4.i32.i32, i4 %remainPix, i32 2, i32 3" [/home/izaan/GitRepos/dpdma_exdes/vivado_quad_vmix/kv260_quad_vmix_dp.runs/bd_quad_vmix_dp_v_frmbuf_wr_0_0_synth_1/prj/sol/.autopilot/db/v_frmbuf_wr.cpp:1035]   --->   Operation 93 'partselect' 'tmp_5' <Predicate = (VideoFormat_val_read == 20) | (VideoFormat_val_read == 21)> <Delay = 0.00>
ST_2 : Operation 94 [1/1] (0.54ns)   --->   "%icmp22 = icmp_ne  i2 %tmp_5, i2 0" [/home/izaan/GitRepos/dpdma_exdes/vivado_quad_vmix/kv260_quad_vmix_dp.runs/bd_quad_vmix_dp_v_frmbuf_wr_0_0_synth_1/prj/sol/.autopilot/db/v_frmbuf_wr.cpp:1035]   --->   Operation 94 'icmp' 'icmp22' <Predicate = (VideoFormat_val_read == 20) | (VideoFormat_val_read == 21)> <Delay = 0.54> <CoreInst = "Cmp">   --->   Core 9 'Cmp' <Latency = 0> <II = 1> <Delay = 0.54> <FuncUnit> <Opcode : 'seteq' 'setne' 'setle' 'setge' 'setlt' 'setgt'> <InPorts = 2> <OutPorts = 1>
ST_2 : Operation 95 [1/1] (0.79ns)   --->   "%cmp98_4 = icmp_ugt  i4 %remainPix, i4 4" [/home/izaan/GitRepos/dpdma_exdes/vivado_quad_vmix/kv260_quad_vmix_dp.runs/bd_quad_vmix_dp_v_frmbuf_wr_0_0_synth_1/prj/sol/.autopilot/db/v_frmbuf_wr.cpp:1035]   --->   Operation 95 'icmp' 'cmp98_4' <Predicate = (VideoFormat_val_read == 20) | (VideoFormat_val_read == 21)> <Delay = 0.79> <CoreInst = "Cmp">   --->   Core 9 'Cmp' <Latency = 0> <II = 1> <Delay = 0.79> <FuncUnit> <Opcode : 'seteq' 'setne' 'setle' 'setge' 'setlt' 'setgt'> <InPorts = 2> <OutPorts = 1>
ST_2 : Operation 96 [1/1] (0.79ns)   --->   "%cmp98_5 = icmp_ugt  i4 %remainPix, i4 5" [/home/izaan/GitRepos/dpdma_exdes/vivado_quad_vmix/kv260_quad_vmix_dp.runs/bd_quad_vmix_dp_v_frmbuf_wr_0_0_synth_1/prj/sol/.autopilot/db/v_frmbuf_wr.cpp:1035]   --->   Operation 96 'icmp' 'cmp98_5' <Predicate = (VideoFormat_val_read == 20) | (VideoFormat_val_read == 21)> <Delay = 0.79> <CoreInst = "Cmp">   --->   Core 9 'Cmp' <Latency = 0> <II = 1> <Delay = 0.79> <FuncUnit> <Opcode : 'seteq' 'setne' 'setle' 'setge' 'setlt' 'setgt'> <InPorts = 2> <OutPorts = 1>
ST_2 : Operation 97 [1/1] (0.79ns)   --->   "%cmp98_6 = icmp_ugt  i4 %remainPix, i4 6" [/home/izaan/GitRepos/dpdma_exdes/vivado_quad_vmix/kv260_quad_vmix_dp.runs/bd_quad_vmix_dp_v_frmbuf_wr_0_0_synth_1/prj/sol/.autopilot/db/v_frmbuf_wr.cpp:1035]   --->   Operation 97 'icmp' 'cmp98_6' <Predicate = (VideoFormat_val_read == 20) | (VideoFormat_val_read == 21)> <Delay = 0.79> <CoreInst = "Cmp">   --->   Core 9 'Cmp' <Latency = 0> <II = 1> <Delay = 0.79> <FuncUnit> <Opcode : 'seteq' 'setne' 'setle' 'setge' 'setlt' 'setgt'> <InPorts = 2> <OutPorts = 1>
ST_2 : Operation 98 [1/1] (0.00ns)   --->   "%tmp_6 = bitselect i1 @_ssdm_op_BitSelect.i1.i2.i32, i2 %remainTrx, i32 1" [/home/izaan/GitRepos/dpdma_exdes/vivado_quad_vmix/kv260_quad_vmix_dp.runs/bd_quad_vmix_dp_v_frmbuf_wr_0_0_synth_1/prj/sol/.autopilot/db/v_frmbuf_wr.cpp:1035]   --->   Operation 98 'bitselect' 'tmp_6' <Predicate = (VideoFormat_val_read == 20) | (VideoFormat_val_read == 21)> <Delay = 0.00>
ST_2 : Operation 99 [1/1] (0.54ns)   --->   "%cmp137_2 = icmp_eq  i2 %remainTrx, i2 3" [/home/izaan/GitRepos/dpdma_exdes/vivado_quad_vmix/kv260_quad_vmix_dp.runs/bd_quad_vmix_dp_v_frmbuf_wr_0_0_synth_1/prj/sol/.autopilot/db/v_frmbuf_wr.cpp:1035]   --->   Operation 99 'icmp' 'cmp137_2' <Predicate = (VideoFormat_val_read == 20) | (VideoFormat_val_read == 21)> <Delay = 0.54> <CoreInst = "Cmp">   --->   Core 9 'Cmp' <Latency = 0> <II = 1> <Delay = 0.54> <FuncUnit> <Opcode : 'seteq' 'setne' 'setle' 'setge' 'setlt' 'setgt'> <InPorts = 2> <OutPorts = 1>
ST_2 : Operation 100 [1/1] (0.42ns)   --->   "%store_ln1044 = store i12 0, i12 %y" [/home/izaan/GitRepos/dpdma_exdes/vivado_quad_vmix/kv260_quad_vmix_dp.runs/bd_quad_vmix_dp_v_frmbuf_wr_0_0_synth_1/prj/sol/.autopilot/db/v_frmbuf_wr.cpp:1044]   --->   Operation 100 'store' 'store_ln1044' <Predicate = (VideoFormat_val_read == 20) | (VideoFormat_val_read == 21)> <Delay = 0.42>
ST_2 : Operation 101 [1/1] (0.00ns)   --->   "%br_ln1044 = br void %VITIS_LOOP_1048_1" [/home/izaan/GitRepos/dpdma_exdes/vivado_quad_vmix/kv260_quad_vmix_dp.runs/bd_quad_vmix_dp_v_frmbuf_wr_0_0_synth_1/prj/sol/.autopilot/db/v_frmbuf_wr.cpp:1044]   --->   Operation 101 'br' 'br_ln1044' <Predicate = (VideoFormat_val_read == 20) | (VideoFormat_val_read == 21)> <Delay = 0.00>

State 3 <SV = 2> <Delay = 1.23>
ST_3 : Operation 102 [1/1] (0.00ns)   --->   "%y_4 = load i12 %y_1" [/home/izaan/GitRepos/dpdma_exdes/vivado_quad_vmix/kv260_quad_vmix_dp.runs/bd_quad_vmix_dp_v_frmbuf_wr_0_0_synth_1/prj/sol/.autopilot/db/v_frmbuf_wr.cpp:1287]   --->   Operation 102 'load' 'y_4' <Predicate = (VideoFormat_val_read == 29)> <Delay = 0.00>
ST_3 : Operation 103 [1/1] (0.80ns)   --->   "%icmp_ln1287 = icmp_eq  i12 %y_4, i12 %Height_val_read" [/home/izaan/GitRepos/dpdma_exdes/vivado_quad_vmix/kv260_quad_vmix_dp.runs/bd_quad_vmix_dp_v_frmbuf_wr_0_0_synth_1/prj/sol/.autopilot/db/v_frmbuf_wr.cpp:1287]   --->   Operation 103 'icmp' 'icmp_ln1287' <Predicate = (VideoFormat_val_read == 29)> <Delay = 0.80> <CoreInst = "Cmp">   --->   Core 9 'Cmp' <Latency = 0> <II = 1> <Delay = 0.80> <FuncUnit> <Opcode : 'seteq' 'setne' 'setle' 'setge' 'setlt' 'setgt'> <InPorts = 2> <OutPorts = 1>
ST_3 : Operation 104 [1/1] (0.00ns)   --->   "%speclooptripcount_ln0 = speclooptripcount void @_ssdm_op_SpecLoopTripCount, i64 64, i64 2160, i64 2160"   --->   Operation 104 'speclooptripcount' 'speclooptripcount_ln0' <Predicate = (VideoFormat_val_read == 29)> <Delay = 0.00>
ST_3 : Operation 105 [1/1] (0.80ns)   --->   "%y_5 = add i12 %y_4, i12 1" [/home/izaan/GitRepos/dpdma_exdes/vivado_quad_vmix/kv260_quad_vmix_dp.runs/bd_quad_vmix_dp_v_frmbuf_wr_0_0_synth_1/prj/sol/.autopilot/db/v_frmbuf_wr.cpp:1287]   --->   Operation 105 'add' 'y_5' <Predicate = (VideoFormat_val_read == 29)> <Delay = 0.80> <CoreInst = "Adder">   --->   Core 1 'Adder' <Latency = 0> <II = 1> <Delay = 0.80> <FuncUnit> <Opcode : 'add' 'sub'> <InPorts = 2> <OutPorts = 1>
ST_3 : Operation 106 [1/1] (0.00ns)   --->   "%br_ln1287 = br i1 %icmp_ln1287, void %VITIS_LOOP_1291_6.split, void %if.end325.loopexit" [/home/izaan/GitRepos/dpdma_exdes/vivado_quad_vmix/kv260_quad_vmix_dp.runs/bd_quad_vmix_dp_v_frmbuf_wr_0_0_synth_1/prj/sol/.autopilot/db/v_frmbuf_wr.cpp:1287]   --->   Operation 106 'br' 'br_ln1287' <Predicate = (VideoFormat_val_read == 29)> <Delay = 0.00>
ST_3 : Operation 107 [1/1] (0.00ns)   --->   "%p_lcssa173181_load = load i8 %p_lcssa173181"   --->   Operation 107 'load' 'p_lcssa173181_load' <Predicate = (VideoFormat_val_read == 29 & !icmp_ln1287)> <Delay = 0.00>
ST_3 : Operation 108 [1/1] (0.00ns)   --->   "%p_lcssa174184_load = load i8 %p_lcssa174184"   --->   Operation 108 'load' 'p_lcssa174184_load' <Predicate = (VideoFormat_val_read == 29 & !icmp_ln1287)> <Delay = 0.00>
ST_3 : Operation 109 [1/1] (0.00ns)   --->   "%p_lcssa175187_load = load i8 %p_lcssa175187"   --->   Operation 109 'load' 'p_lcssa175187_load' <Predicate = (VideoFormat_val_read == 29 & !icmp_ln1287)> <Delay = 0.00>
ST_3 : Operation 110 [1/1] (0.00ns)   --->   "%p_lcssa176190_load = load i8 %p_lcssa176190"   --->   Operation 110 'load' 'p_lcssa176190_load' <Predicate = (VideoFormat_val_read == 29 & !icmp_ln1287)> <Delay = 0.00>
ST_3 : Operation 111 [1/1] (0.00ns)   --->   "%p_lcssa177193_load = load i8 %p_lcssa177193"   --->   Operation 111 'load' 'p_lcssa177193_load' <Predicate = (VideoFormat_val_read == 29 & !icmp_ln1287)> <Delay = 0.00>
ST_3 : Operation 112 [1/1] (0.00ns)   --->   "%p_lcssa178196_load = load i8 %p_lcssa178196"   --->   Operation 112 'load' 'p_lcssa178196_load' <Predicate = (VideoFormat_val_read == 29 & !icmp_ln1287)> <Delay = 0.00>
ST_3 : Operation 113 [1/1] (0.42ns)   --->   "%store_ln1287 = store i12 %y_5, i12 %y_1" [/home/izaan/GitRepos/dpdma_exdes/vivado_quad_vmix/kv260_quad_vmix_dp.runs/bd_quad_vmix_dp_v_frmbuf_wr_0_0_synth_1/prj/sol/.autopilot/db/v_frmbuf_wr.cpp:1287]   --->   Operation 113 'store' 'store_ln1287' <Predicate = (VideoFormat_val_read == 29 & !icmp_ln1287)> <Delay = 0.42>
ST_3 : Operation 114 [1/1] (0.00ns)   --->   "%br_ln0 = br void %if.end325"   --->   Operation 114 'br' 'br_ln0' <Predicate = (VideoFormat_val_read == 29 & icmp_ln1287)> <Delay = 0.00>
ST_3 : Operation 115 [1/1] (0.00ns)   --->   "%y_2 = load i12 %y" [/home/izaan/GitRepos/dpdma_exdes/vivado_quad_vmix/kv260_quad_vmix_dp.runs/bd_quad_vmix_dp_v_frmbuf_wr_0_0_synth_1/prj/sol/.autopilot/db/v_frmbuf_wr.cpp:1044]   --->   Operation 115 'load' 'y_2' <Predicate = (VideoFormat_val_read == 20) | (VideoFormat_val_read == 21)> <Delay = 0.00>
ST_3 : Operation 116 [1/1] (0.80ns)   --->   "%icmp_ln1044 = icmp_eq  i12 %y_2, i12 %Height_val_read" [/home/izaan/GitRepos/dpdma_exdes/vivado_quad_vmix/kv260_quad_vmix_dp.runs/bd_quad_vmix_dp_v_frmbuf_wr_0_0_synth_1/prj/sol/.autopilot/db/v_frmbuf_wr.cpp:1044]   --->   Operation 116 'icmp' 'icmp_ln1044' <Predicate = (VideoFormat_val_read == 20) | (VideoFormat_val_read == 21)> <Delay = 0.80> <CoreInst = "Cmp">   --->   Core 9 'Cmp' <Latency = 0> <II = 1> <Delay = 0.80> <FuncUnit> <Opcode : 'seteq' 'setne' 'setle' 'setge' 'setlt' 'setgt'> <InPorts = 2> <OutPorts = 1>
ST_3 : Operation 117 [1/1] (0.00ns)   --->   "%speclooptripcount_ln0 = speclooptripcount void @_ssdm_op_SpecLoopTripCount, i64 64, i64 2160, i64 2160"   --->   Operation 117 'speclooptripcount' 'speclooptripcount_ln0' <Predicate = (VideoFormat_val_read == 20) | (VideoFormat_val_read == 21)> <Delay = 0.00>
ST_3 : Operation 118 [1/1] (0.80ns)   --->   "%y_3 = add i12 %y_2, i12 1" [/home/izaan/GitRepos/dpdma_exdes/vivado_quad_vmix/kv260_quad_vmix_dp.runs/bd_quad_vmix_dp_v_frmbuf_wr_0_0_synth_1/prj/sol/.autopilot/db/v_frmbuf_wr.cpp:1044]   --->   Operation 118 'add' 'y_3' <Predicate = (VideoFormat_val_read == 20) | (VideoFormat_val_read == 21)> <Delay = 0.80> <CoreInst = "Adder">   --->   Core 1 'Adder' <Latency = 0> <II = 1> <Delay = 0.80> <FuncUnit> <Opcode : 'add' 'sub'> <InPorts = 2> <OutPorts = 1>
ST_3 : Operation 119 [1/1] (0.00ns)   --->   "%br_ln1044 = br i1 %icmp_ln1044, void %VITIS_LOOP_1048_1.split, void %if.end330.loopexit" [/home/izaan/GitRepos/dpdma_exdes/vivado_quad_vmix/kv260_quad_vmix_dp.runs/bd_quad_vmix_dp_v_frmbuf_wr_0_0_synth_1/prj/sol/.autopilot/db/v_frmbuf_wr.cpp:1044]   --->   Operation 119 'br' 'br_ln1044' <Predicate = (VideoFormat_val_read == 20) | (VideoFormat_val_read == 21)> <Delay = 0.00>
ST_3 : Operation 120 [1/1] (0.00ns)   --->   "%p_lcssa157_load = load i8 %p_lcssa157"   --->   Operation 120 'load' 'p_lcssa157_load' <Predicate = (VideoFormat_val_read == 20 & !icmp_ln1044) | (VideoFormat_val_read == 21 & !icmp_ln1044)> <Delay = 0.00>
ST_3 : Operation 121 [1/1] (0.00ns)   --->   "%p_lcssa150160_load = load i8 %p_lcssa150160"   --->   Operation 121 'load' 'p_lcssa150160_load' <Predicate = (VideoFormat_val_read == 20 & !icmp_ln1044) | (VideoFormat_val_read == 21 & !icmp_ln1044)> <Delay = 0.00>
ST_3 : Operation 122 [1/1] (0.00ns)   --->   "%p_lcssa151163_load = load i8 %p_lcssa151163"   --->   Operation 122 'load' 'p_lcssa151163_load' <Predicate = (VideoFormat_val_read == 20 & !icmp_ln1044) | (VideoFormat_val_read == 21 & !icmp_ln1044)> <Delay = 0.00>
ST_3 : Operation 123 [1/1] (0.00ns)   --->   "%p_lcssa152166_load = load i8 %p_lcssa152166"   --->   Operation 123 'load' 'p_lcssa152166_load' <Predicate = (VideoFormat_val_read == 20 & !icmp_ln1044) | (VideoFormat_val_read == 21 & !icmp_ln1044)> <Delay = 0.00>
ST_3 : Operation 124 [1/1] (0.00ns)   --->   "%p_lcssa153169_load = load i8 %p_lcssa153169"   --->   Operation 124 'load' 'p_lcssa153169_load' <Predicate = (VideoFormat_val_read == 20 & !icmp_ln1044) | (VideoFormat_val_read == 21 & !icmp_ln1044)> <Delay = 0.00>
ST_3 : Operation 125 [1/1] (0.00ns)   --->   "%p_lcssa154172_load = load i8 %p_lcssa154172"   --->   Operation 125 'load' 'p_lcssa154172_load' <Predicate = (VideoFormat_val_read == 20 & !icmp_ln1044) | (VideoFormat_val_read == 21 & !icmp_ln1044)> <Delay = 0.00>
ST_3 : Operation 126 [1/1] (0.42ns)   --->   "%store_ln1044 = store i12 %y_3, i12 %y" [/home/izaan/GitRepos/dpdma_exdes/vivado_quad_vmix/kv260_quad_vmix_dp.runs/bd_quad_vmix_dp_v_frmbuf_wr_0_0_synth_1/prj/sol/.autopilot/db/v_frmbuf_wr.cpp:1044]   --->   Operation 126 'store' 'store_ln1044' <Predicate = (VideoFormat_val_read == 20 & !icmp_ln1044) | (VideoFormat_val_read == 21 & !icmp_ln1044)> <Delay = 0.42>
ST_3 : Operation 127 [1/1] (0.00ns)   --->   "%br_ln0 = br void %if.end330"   --->   Operation 127 'br' 'br_ln0' <Predicate = (VideoFormat_val_read == 20 & icmp_ln1044) | (VideoFormat_val_read == 21 & icmp_ln1044)> <Delay = 0.00>
ST_3 : Operation 128 [1/1] (0.00ns)   --->   "%br_ln0 = br void %if.end326"   --->   Operation 128 'br' 'br_ln0' <Predicate = (VideoFormat_val_read != 43 & VideoFormat_val_read != 42 & VideoFormat_val_read != 44 & VideoFormat_val_read != 41 & VideoFormat_val_read != 11 & VideoFormat_val_read != 10 & VideoFormat_val_read != 27 & VideoFormat_val_read != 16 & VideoFormat_val_read != 15 & VideoFormat_val_read != 12 & VideoFormat_val_read != 28 & VideoFormat_val_read != 19 & VideoFormat_val_read != 18 & VideoFormat_val_read != 23 & VideoFormat_val_read != 22 & VideoFormat_val_read != 33 & VideoFormat_val_read != 32 & VideoFormat_val_read != 38 & VideoFormat_val_read != 37 & VideoFormat_val_read != 21 & VideoFormat_val_read != 20 & VideoFormat_val_read != 14 & VideoFormat_val_read != 13 & VideoFormat_val_read != 26 & VideoFormat_val_read != 31 & VideoFormat_val_read != 30 & VideoFormat_val_read != 36 & VideoFormat_val_read != 35 & icmp_ln1287) | (VideoFormat_val_read != 43 & VideoFormat_val_read != 42 & VideoFormat_val_read != 44 & VideoFormat_val_read != 41 & VideoFormat_val_read != 11 & VideoFormat_val_read != 10 & VideoFormat_val_read != 27 & VideoFormat_val_read != 16 & VideoFormat_val_read != 15 & VideoFormat_val_read != 12 & VideoFormat_val_read != 28 & VideoFormat_val_read != 19 & VideoFormat_val_read != 18 & VideoFormat_val_read != 23 & VideoFormat_val_read != 22 & VideoFormat_val_read != 33 & VideoFormat_val_read != 32 & VideoFormat_val_read != 38 & VideoFormat_val_read != 37 & VideoFormat_val_read != 21 & VideoFormat_val_read != 20 & VideoFormat_val_read != 14 & VideoFormat_val_read != 13 & VideoFormat_val_read != 26 & VideoFormat_val_read != 31 & VideoFormat_val_read != 30 & VideoFormat_val_read != 36 & VideoFormat_val_read != 35 & VideoFormat_val_read != 29)> <Delay = 0.00>
ST_3 : Operation 129 [1/1] (0.00ns)   --->   "%br_ln0 = br void %if.end327"   --->   Operation 129 'br' 'br_ln0' <Predicate = (VideoFormat_val_read != 43 & VideoFormat_val_read != 42 & VideoFormat_val_read != 44 & VideoFormat_val_read != 41 & VideoFormat_val_read != 11 & VideoFormat_val_read != 10 & VideoFormat_val_read != 27 & VideoFormat_val_read != 16 & VideoFormat_val_read != 15 & VideoFormat_val_read != 12 & VideoFormat_val_read != 28 & VideoFormat_val_read != 19 & VideoFormat_val_read != 18 & VideoFormat_val_read != 23 & VideoFormat_val_read != 22 & VideoFormat_val_read != 33 & VideoFormat_val_read != 32 & VideoFormat_val_read != 38 & VideoFormat_val_read != 37 & VideoFormat_val_read != 21 & VideoFormat_val_read != 20 & VideoFormat_val_read != 14 & VideoFormat_val_read != 13 & VideoFormat_val_read != 26 & VideoFormat_val_read != 31 & VideoFormat_val_read != 30 & icmp_ln1287) | (VideoFormat_val_read != 43 & VideoFormat_val_read != 42 & VideoFormat_val_read != 44 & VideoFormat_val_read != 41 & VideoFormat_val_read != 11 & VideoFormat_val_read != 10 & VideoFormat_val_read != 27 & VideoFormat_val_read != 16 & VideoFormat_val_read != 15 & VideoFormat_val_read != 12 & VideoFormat_val_read != 28 & VideoFormat_val_read != 19 & VideoFormat_val_read != 18 & VideoFormat_val_read != 23 & VideoFormat_val_read != 22 & VideoFormat_val_read != 33 & VideoFormat_val_read != 32 & VideoFormat_val_read != 38 & VideoFormat_val_read != 37 & VideoFormat_val_read != 21 & VideoFormat_val_read != 20 & VideoFormat_val_read != 14 & VideoFormat_val_read != 13 & VideoFormat_val_read != 26 & VideoFormat_val_read != 31 & VideoFormat_val_read != 30 & VideoFormat_val_read != 29) | (VideoFormat_val_read == 35) | (VideoFormat_val_read == 36)> <Delay = 0.00>
ST_3 : Operation 130 [1/1] (0.00ns)   --->   "%br_ln0 = br void %if.end328"   --->   Operation 130 'br' 'br_ln0' <Predicate = (VideoFormat_val_read != 43 & VideoFormat_val_read != 42 & VideoFormat_val_read != 44 & VideoFormat_val_read != 41 & VideoFormat_val_read != 11 & VideoFormat_val_read != 10 & VideoFormat_val_read != 27 & VideoFormat_val_read != 16 & VideoFormat_val_read != 15 & VideoFormat_val_read != 12 & VideoFormat_val_read != 28 & VideoFormat_val_read != 19 & VideoFormat_val_read != 18 & VideoFormat_val_read != 23 & VideoFormat_val_read != 22 & VideoFormat_val_read != 33 & VideoFormat_val_read != 32 & VideoFormat_val_read != 38 & VideoFormat_val_read != 37 & VideoFormat_val_read != 21 & VideoFormat_val_read != 20 & VideoFormat_val_read != 14 & VideoFormat_val_read != 13 & VideoFormat_val_read != 26 & icmp_ln1287) | (VideoFormat_val_read != 43 & VideoFormat_val_read != 42 & VideoFormat_val_read != 44 & VideoFormat_val_read != 41 & VideoFormat_val_read != 11 & VideoFormat_val_read != 10 & VideoFormat_val_read != 27 & VideoFormat_val_read != 16 & VideoFormat_val_read != 15 & VideoFormat_val_read != 12 & VideoFormat_val_read != 28 & VideoFormat_val_read != 19 & VideoFormat_val_read != 18 & VideoFormat_val_read != 23 & VideoFormat_val_read != 22 & VideoFormat_val_read != 33 & VideoFormat_val_read != 32 & VideoFormat_val_read != 38 & VideoFormat_val_read != 37 & VideoFormat_val_read != 21 & VideoFormat_val_read != 20 & VideoFormat_val_read != 14 & VideoFormat_val_read != 13 & VideoFormat_val_read != 26 & VideoFormat_val_read != 29) | (VideoFormat_val_read == 35) | (VideoFormat_val_read == 36) | (VideoFormat_val_read == 30) | (VideoFormat_val_read == 31)> <Delay = 0.00>
ST_3 : Operation 131 [1/1] (0.00ns)   --->   "%br_ln0 = br void %if.end329"   --->   Operation 131 'br' 'br_ln0' <Predicate = (VideoFormat_val_read != 43 & VideoFormat_val_read != 42 & VideoFormat_val_read != 44 & VideoFormat_val_read != 41 & VideoFormat_val_read != 11 & VideoFormat_val_read != 10 & VideoFormat_val_read != 27 & VideoFormat_val_read != 16 & VideoFormat_val_read != 15 & VideoFormat_val_read != 12 & VideoFormat_val_read != 28 & VideoFormat_val_read != 19 & VideoFormat_val_read != 18 & VideoFormat_val_read != 23 & VideoFormat_val_read != 22 & VideoFormat_val_read != 33 & VideoFormat_val_read != 32 & VideoFormat_val_read != 38 & VideoFormat_val_read != 37 & VideoFormat_val_read != 21 & VideoFormat_val_read != 20 & VideoFormat_val_read != 14 & VideoFormat_val_read != 13 & icmp_ln1287) | (VideoFormat_val_read != 43 & VideoFormat_val_read != 42 & VideoFormat_val_read != 44 & VideoFormat_val_read != 41 & VideoFormat_val_read != 11 & VideoFormat_val_read != 10 & VideoFormat_val_read != 27 & VideoFormat_val_read != 16 & VideoFormat_val_read != 15 & VideoFormat_val_read != 12 & VideoFormat_val_read != 28 & VideoFormat_val_read != 19 & VideoFormat_val_read != 18 & VideoFormat_val_read != 23 & VideoFormat_val_read != 22 & VideoFormat_val_read != 33 & VideoFormat_val_read != 32 & VideoFormat_val_read != 38 & VideoFormat_val_read != 37 & VideoFormat_val_read != 21 & VideoFormat_val_read != 20 & VideoFormat_val_read != 14 & VideoFormat_val_read != 13 & VideoFormat_val_read != 29) | (VideoFormat_val_read == 35) | (VideoFormat_val_read == 36) | (VideoFormat_val_read == 30) | (VideoFormat_val_read == 31) | (VideoFormat_val_read == 26)> <Delay = 0.00>
ST_3 : Operation 132 [1/1] (0.00ns)   --->   "%br_ln0 = br void %if.end330"   --->   Operation 132 'br' 'br_ln0' <Predicate = (VideoFormat_val_read != 43 & VideoFormat_val_read != 42 & VideoFormat_val_read != 44 & VideoFormat_val_read != 41 & VideoFormat_val_read != 11 & VideoFormat_val_read != 10 & VideoFormat_val_read != 27 & VideoFormat_val_read != 16 & VideoFormat_val_read != 15 & VideoFormat_val_read != 12 & VideoFormat_val_read != 28 & VideoFormat_val_read != 19 & VideoFormat_val_read != 18 & VideoFormat_val_read != 23 & VideoFormat_val_read != 22 & VideoFormat_val_read != 33 & VideoFormat_val_read != 32 & VideoFormat_val_read != 38 & VideoFormat_val_read != 37 & VideoFormat_val_read != 21 & VideoFormat_val_read != 20 & icmp_ln1287) | (VideoFormat_val_read != 43 & VideoFormat_val_read != 42 & VideoFormat_val_read != 44 & VideoFormat_val_read != 41 & VideoFormat_val_read != 11 & VideoFormat_val_read != 10 & VideoFormat_val_read != 27 & VideoFormat_val_read != 16 & VideoFormat_val_read != 15 & VideoFormat_val_read != 12 & VideoFormat_val_read != 28 & VideoFormat_val_read != 19 & VideoFormat_val_read != 18 & VideoFormat_val_read != 23 & VideoFormat_val_read != 22 & VideoFormat_val_read != 33 & VideoFormat_val_read != 32 & VideoFormat_val_read != 38 & VideoFormat_val_read != 37 & VideoFormat_val_read != 21 & VideoFormat_val_read != 20 & VideoFormat_val_read != 29) | (VideoFormat_val_read == 35) | (VideoFormat_val_read == 36) | (VideoFormat_val_read == 30) | (VideoFormat_val_read == 31) | (VideoFormat_val_read == 26) | (VideoFormat_val_read == 13) | (VideoFormat_val_read == 14)> <Delay = 0.00>
ST_3 : Operation 133 [1/1] (0.00ns)   --->   "%br_ln0 = br void %if.end331"   --->   Operation 133 'br' 'br_ln0' <Predicate = (VideoFormat_val_read == 20 & icmp_ln1044) | (VideoFormat_val_read != 43 & VideoFormat_val_read != 42 & VideoFormat_val_read != 44 & VideoFormat_val_read != 41 & VideoFormat_val_read != 11 & VideoFormat_val_read != 10 & VideoFormat_val_read != 27 & VideoFormat_val_read != 16 & VideoFormat_val_read != 15 & VideoFormat_val_read != 12 & VideoFormat_val_read != 28 & VideoFormat_val_read != 19 & VideoFormat_val_read != 18 & VideoFormat_val_read != 23 & VideoFormat_val_read != 22 & VideoFormat_val_read != 33 & VideoFormat_val_read != 32 & VideoFormat_val_read != 38 & VideoFormat_val_read != 37 & VideoFormat_val_read != 21 & VideoFormat_val_read != 20 & icmp_ln1287) | (VideoFormat_val_read != 43 & VideoFormat_val_read != 42 & VideoFormat_val_read != 44 & VideoFormat_val_read != 41 & VideoFormat_val_read != 11 & VideoFormat_val_read != 10 & VideoFormat_val_read != 27 & VideoFormat_val_read != 16 & VideoFormat_val_read != 15 & VideoFormat_val_read != 12 & VideoFormat_val_read != 28 & VideoFormat_val_read != 19 & VideoFormat_val_read != 18 & VideoFormat_val_read != 23 & VideoFormat_val_read != 22 & VideoFormat_val_read != 33 & VideoFormat_val_read != 32 & VideoFormat_val_read != 38 & VideoFormat_val_read != 37 & VideoFormat_val_read != 21 & VideoFormat_val_read != 20 & VideoFormat_val_read != 29) | (VideoFormat_val_read == 35) | (VideoFormat_val_read == 36) | (VideoFormat_val_read == 30) | (VideoFormat_val_read == 31) | (VideoFormat_val_read == 26) | (VideoFormat_val_read == 13) | (VideoFormat_val_read == 14) | (VideoFormat_val_read == 21 & icmp_ln1044)> <Delay = 0.00>
ST_3 : Operation 134 [1/1] (0.00ns)   --->   "%br_ln0 = br void %if.end332"   --->   Operation 134 'br' 'br_ln0' <Predicate = (VideoFormat_val_read == 20 & icmp_ln1044) | (VideoFormat_val_read != 43 & VideoFormat_val_read != 42 & VideoFormat_val_read != 44 & VideoFormat_val_read != 41 & VideoFormat_val_read != 11 & VideoFormat_val_read != 10 & VideoFormat_val_read != 27 & VideoFormat_val_read != 16 & VideoFormat_val_read != 15 & VideoFormat_val_read != 12 & VideoFormat_val_read != 28 & VideoFormat_val_read != 19 & VideoFormat_val_read != 18 & VideoFormat_val_read != 23 & VideoFormat_val_read != 22 & VideoFormat_val_read != 33 & VideoFormat_val_read != 32 & VideoFormat_val_read != 21 & VideoFormat_val_read != 20 & icmp_ln1287) | (VideoFormat_val_read != 43 & VideoFormat_val_read != 42 & VideoFormat_val_read != 44 & VideoFormat_val_read != 41 & VideoFormat_val_read != 11 & VideoFormat_val_read != 10 & VideoFormat_val_read != 27 & VideoFormat_val_read != 16 & VideoFormat_val_read != 15 & VideoFormat_val_read != 12 & VideoFormat_val_read != 28 & VideoFormat_val_read != 19 & VideoFormat_val_read != 18 & VideoFormat_val_read != 23 & VideoFormat_val_read != 22 & VideoFormat_val_read != 33 & VideoFormat_val_read != 32 & VideoFormat_val_read != 21 & VideoFormat_val_read != 20 & VideoFormat_val_read != 29) | (VideoFormat_val_read == 35) | (VideoFormat_val_read == 36) | (VideoFormat_val_read == 30) | (VideoFormat_val_read == 31) | (VideoFormat_val_read == 26) | (VideoFormat_val_read == 13) | (VideoFormat_val_read == 14) | (VideoFormat_val_read == 21 & icmp_ln1044) | (VideoFormat_val_read == 37) | (VideoFormat_val_read == 38)> <Delay = 0.00>
ST_3 : Operation 135 [1/1] (0.00ns)   --->   "%br_ln0 = br void %if.end333"   --->   Operation 135 'br' 'br_ln0' <Predicate = (VideoFormat_val_read == 20 & icmp_ln1044) | (VideoFormat_val_read != 43 & VideoFormat_val_read != 42 & VideoFormat_val_read != 44 & VideoFormat_val_read != 41 & VideoFormat_val_read != 11 & VideoFormat_val_read != 10 & VideoFormat_val_read != 27 & VideoFormat_val_read != 16 & VideoFormat_val_read != 15 & VideoFormat_val_read != 12 & VideoFormat_val_read != 28 & VideoFormat_val_read != 19 & VideoFormat_val_read != 18 & VideoFormat_val_read != 23 & VideoFormat_val_read != 22 & VideoFormat_val_read != 21 & VideoFormat_val_read != 20 & icmp_ln1287) | (VideoFormat_val_read != 43 & VideoFormat_val_read != 42 & VideoFormat_val_read != 44 & VideoFormat_val_read != 41 & VideoFormat_val_read != 11 & VideoFormat_val_read != 10 & VideoFormat_val_read != 27 & VideoFormat_val_read != 16 & VideoFormat_val_read != 15 & VideoFormat_val_read != 12 & VideoFormat_val_read != 28 & VideoFormat_val_read != 19 & VideoFormat_val_read != 18 & VideoFormat_val_read != 23 & VideoFormat_val_read != 22 & VideoFormat_val_read != 21 & VideoFormat_val_read != 20 & VideoFormat_val_read != 29) | (VideoFormat_val_read == 35) | (VideoFormat_val_read == 36) | (VideoFormat_val_read == 30) | (VideoFormat_val_read == 31) | (VideoFormat_val_read == 26) | (VideoFormat_val_read == 13) | (VideoFormat_val_read == 14) | (VideoFormat_val_read == 21 & icmp_ln1044) | (VideoFormat_val_read == 37) | (VideoFormat_val_read == 38) | (VideoFormat_val_read == 32) | (VideoFormat_val_read == 33)> <Delay = 0.00>
ST_3 : Operation 136 [1/1] (0.00ns)   --->   "%br_ln0 = br void %if.end334"   --->   Operation 136 'br' 'br_ln0' <Predicate = (VideoFormat_val_read == 20 & icmp_ln1044) | (VideoFormat_val_read != 43 & VideoFormat_val_read != 42 & VideoFormat_val_read != 44 & VideoFormat_val_read != 41 & VideoFormat_val_read != 11 & VideoFormat_val_read != 10 & VideoFormat_val_read != 27 & VideoFormat_val_read != 16 & VideoFormat_val_read != 15 & VideoFormat_val_read != 12 & VideoFormat_val_read != 28 & VideoFormat_val_read != 19 & VideoFormat_val_read != 18 & VideoFormat_val_read != 21 & VideoFormat_val_read != 20 & icmp_ln1287) | (VideoFormat_val_read != 43 & VideoFormat_val_read != 42 & VideoFormat_val_read != 44 & VideoFormat_val_read != 41 & VideoFormat_val_read != 11 & VideoFormat_val_read != 10 & VideoFormat_val_read != 27 & VideoFormat_val_read != 16 & VideoFormat_val_read != 15 & VideoFormat_val_read != 12 & VideoFormat_val_read != 28 & VideoFormat_val_read != 19 & VideoFormat_val_read != 18 & VideoFormat_val_read != 21 & VideoFormat_val_read != 20 & VideoFormat_val_read != 29) | (VideoFormat_val_read == 35) | (VideoFormat_val_read == 36) | (VideoFormat_val_read == 30) | (VideoFormat_val_read == 31) | (VideoFormat_val_read == 26) | (VideoFormat_val_read == 13) | (VideoFormat_val_read == 14) | (VideoFormat_val_read == 21 & icmp_ln1044) | (VideoFormat_val_read == 37) | (VideoFormat_val_read == 38) | (VideoFormat_val_read == 32) | (VideoFormat_val_read == 33) | (VideoFormat_val_read == 22) | (VideoFormat_val_read == 23)> <Delay = 0.00>
ST_3 : Operation 137 [1/1] (0.00ns)   --->   "%br_ln0 = br void %if.end335"   --->   Operation 137 'br' 'br_ln0' <Predicate = (VideoFormat_val_read == 20 & icmp_ln1044) | (VideoFormat_val_read != 43 & VideoFormat_val_read != 42 & VideoFormat_val_read != 44 & VideoFormat_val_read != 41 & VideoFormat_val_read != 11 & VideoFormat_val_read != 10 & VideoFormat_val_read != 27 & VideoFormat_val_read != 16 & VideoFormat_val_read != 15 & VideoFormat_val_read != 12 & VideoFormat_val_read != 28 & VideoFormat_val_read != 21 & VideoFormat_val_read != 20 & icmp_ln1287) | (VideoFormat_val_read != 43 & VideoFormat_val_read != 42 & VideoFormat_val_read != 44 & VideoFormat_val_read != 41 & VideoFormat_val_read != 11 & VideoFormat_val_read != 10 & VideoFormat_val_read != 27 & VideoFormat_val_read != 16 & VideoFormat_val_read != 15 & VideoFormat_val_read != 12 & VideoFormat_val_read != 28 & VideoFormat_val_read != 21 & VideoFormat_val_read != 20 & VideoFormat_val_read != 29) | (VideoFormat_val_read == 35) | (VideoFormat_val_read == 36) | (VideoFormat_val_read == 30) | (VideoFormat_val_read == 31) | (VideoFormat_val_read == 26) | (VideoFormat_val_read == 13) | (VideoFormat_val_read == 14) | (VideoFormat_val_read == 21 & icmp_ln1044) | (VideoFormat_val_read == 37) | (VideoFormat_val_read == 38) | (VideoFormat_val_read == 32) | (VideoFormat_val_read == 33) | (VideoFormat_val_read == 22) | (VideoFormat_val_read == 23) | (VideoFormat_val_read == 18) | (VideoFormat_val_read == 19)> <Delay = 0.00>
ST_3 : Operation 138 [1/1] (0.00ns)   --->   "%br_ln0 = br void %if.end336"   --->   Operation 138 'br' 'br_ln0' <Predicate = (VideoFormat_val_read == 20 & icmp_ln1044) | (VideoFormat_val_read != 43 & VideoFormat_val_read != 42 & VideoFormat_val_read != 44 & VideoFormat_val_read != 41 & VideoFormat_val_read != 11 & VideoFormat_val_read != 10 & VideoFormat_val_read != 27 & VideoFormat_val_read != 16 & VideoFormat_val_read != 15 & VideoFormat_val_read != 12 & VideoFormat_val_read != 21 & VideoFormat_val_read != 20 & icmp_ln1287) | (VideoFormat_val_read != 43 & VideoFormat_val_read != 42 & VideoFormat_val_read != 44 & VideoFormat_val_read != 41 & VideoFormat_val_read != 11 & VideoFormat_val_read != 10 & VideoFormat_val_read != 27 & VideoFormat_val_read != 16 & VideoFormat_val_read != 15 & VideoFormat_val_read != 12 & VideoFormat_val_read != 21 & VideoFormat_val_read != 20 & VideoFormat_val_read != 29) | (VideoFormat_val_read == 35) | (VideoFormat_val_read == 36) | (VideoFormat_val_read == 30) | (VideoFormat_val_read == 31) | (VideoFormat_val_read == 26) | (VideoFormat_val_read == 13) | (VideoFormat_val_read == 14) | (VideoFormat_val_read == 21 & icmp_ln1044) | (VideoFormat_val_read == 37) | (VideoFormat_val_read == 38) | (VideoFormat_val_read == 32) | (VideoFormat_val_read == 33) | (VideoFormat_val_read == 22) | (VideoFormat_val_read == 23) | (VideoFormat_val_read == 18) | (VideoFormat_val_read == 19) | (VideoFormat_val_read == 28)> <Delay = 0.00>
ST_3 : Operation 139 [1/1] (0.00ns)   --->   "%br_ln0 = br void %if.end337"   --->   Operation 139 'br' 'br_ln0' <Predicate = (VideoFormat_val_read == 20 & icmp_ln1044) | (VideoFormat_val_read != 43 & VideoFormat_val_read != 42 & VideoFormat_val_read != 44 & VideoFormat_val_read != 41 & VideoFormat_val_read != 11 & VideoFormat_val_read != 10 & VideoFormat_val_read != 27 & VideoFormat_val_read != 16 & VideoFormat_val_read != 15 & VideoFormat_val_read != 21 & VideoFormat_val_read != 20 & icmp_ln1287) | (VideoFormat_val_read != 43 & VideoFormat_val_read != 42 & VideoFormat_val_read != 44 & VideoFormat_val_read != 41 & VideoFormat_val_read != 11 & VideoFormat_val_read != 10 & VideoFormat_val_read != 27 & VideoFormat_val_read != 16 & VideoFormat_val_read != 15 & VideoFormat_val_read != 21 & VideoFormat_val_read != 20 & VideoFormat_val_read != 29) | (VideoFormat_val_read == 35) | (VideoFormat_val_read == 36) | (VideoFormat_val_read == 30) | (VideoFormat_val_read == 31) | (VideoFormat_val_read == 26) | (VideoFormat_val_read == 13) | (VideoFormat_val_read == 14) | (VideoFormat_val_read == 21 & icmp_ln1044) | (VideoFormat_val_read == 37) | (VideoFormat_val_read == 38) | (VideoFormat_val_read == 32) | (VideoFormat_val_read == 33) | (VideoFormat_val_read == 22) | (VideoFormat_val_read == 23) | (VideoFormat_val_read == 18) | (VideoFormat_val_read == 19) | (VideoFormat_val_read == 28) | (VideoFormat_val_read == 12)> <Delay = 0.00>
ST_3 : Operation 140 [1/1] (0.00ns)   --->   "%br_ln0 = br void %if.end338"   --->   Operation 140 'br' 'br_ln0' <Predicate = (VideoFormat_val_read == 20 & icmp_ln1044) | (VideoFormat_val_read != 43 & VideoFormat_val_read != 42 & VideoFormat_val_read != 44 & VideoFormat_val_read != 41 & VideoFormat_val_read != 11 & VideoFormat_val_read != 10 & VideoFormat_val_read != 27 & VideoFormat_val_read != 21 & VideoFormat_val_read != 20 & icmp_ln1287) | (VideoFormat_val_read != 43 & VideoFormat_val_read != 42 & VideoFormat_val_read != 44 & VideoFormat_val_read != 41 & VideoFormat_val_read != 11 & VideoFormat_val_read != 10 & VideoFormat_val_read != 27 & VideoFormat_val_read != 21 & VideoFormat_val_read != 20 & VideoFormat_val_read != 29) | (VideoFormat_val_read == 35) | (VideoFormat_val_read == 36) | (VideoFormat_val_read == 30) | (VideoFormat_val_read == 31) | (VideoFormat_val_read == 26) | (VideoFormat_val_read == 13) | (VideoFormat_val_read == 14) | (VideoFormat_val_read == 21 & icmp_ln1044) | (VideoFormat_val_read == 37) | (VideoFormat_val_read == 38) | (VideoFormat_val_read == 32) | (VideoFormat_val_read == 33) | (VideoFormat_val_read == 22) | (VideoFormat_val_read == 23) | (VideoFormat_val_read == 18) | (VideoFormat_val_read == 19) | (VideoFormat_val_read == 28) | (VideoFormat_val_read == 12) | (VideoFormat_val_read == 15) | (VideoFormat_val_read == 16)> <Delay = 0.00>
ST_3 : Operation 141 [1/1] (0.00ns)   --->   "%br_ln0 = br void %if.end339"   --->   Operation 141 'br' 'br_ln0' <Predicate = (VideoFormat_val_read == 20 & icmp_ln1044) | (VideoFormat_val_read != 43 & VideoFormat_val_read != 42 & VideoFormat_val_read != 44 & VideoFormat_val_read != 41 & VideoFormat_val_read != 11 & VideoFormat_val_read != 10 & VideoFormat_val_read != 21 & VideoFormat_val_read != 20 & icmp_ln1287) | (VideoFormat_val_read != 43 & VideoFormat_val_read != 42 & VideoFormat_val_read != 44 & VideoFormat_val_read != 41 & VideoFormat_val_read != 11 & VideoFormat_val_read != 10 & VideoFormat_val_read != 21 & VideoFormat_val_read != 20 & VideoFormat_val_read != 29) | (VideoFormat_val_read == 35) | (VideoFormat_val_read == 36) | (VideoFormat_val_read == 30) | (VideoFormat_val_read == 31) | (VideoFormat_val_read == 26) | (VideoFormat_val_read == 13) | (VideoFormat_val_read == 14) | (VideoFormat_val_read == 21 & icmp_ln1044) | (VideoFormat_val_read == 37) | (VideoFormat_val_read == 38) | (VideoFormat_val_read == 32) | (VideoFormat_val_read == 33) | (VideoFormat_val_read == 22) | (VideoFormat_val_read == 23) | (VideoFormat_val_read == 18) | (VideoFormat_val_read == 19) | (VideoFormat_val_read == 28) | (VideoFormat_val_read == 12) | (VideoFormat_val_read == 15) | (VideoFormat_val_read == 16) | (VideoFormat_val_read == 27)> <Delay = 0.00>
ST_3 : Operation 142 [1/1] (0.00ns)   --->   "%br_ln0 = br void %if.end340"   --->   Operation 142 'br' 'br_ln0' <Predicate = (VideoFormat_val_read == 20 & icmp_ln1044) | (VideoFormat_val_read != 43 & VideoFormat_val_read != 42 & VideoFormat_val_read != 44 & VideoFormat_val_read != 41 & VideoFormat_val_read != 21 & VideoFormat_val_read != 20 & icmp_ln1287) | (VideoFormat_val_read != 43 & VideoFormat_val_read != 42 & VideoFormat_val_read != 44 & VideoFormat_val_read != 41 & VideoFormat_val_read != 21 & VideoFormat_val_read != 20 & VideoFormat_val_read != 29) | (VideoFormat_val_read == 35) | (VideoFormat_val_read == 36) | (VideoFormat_val_read == 30) | (VideoFormat_val_read == 31) | (VideoFormat_val_read == 26) | (VideoFormat_val_read == 13) | (VideoFormat_val_read == 14) | (VideoFormat_val_read == 21 & icmp_ln1044) | (VideoFormat_val_read == 37) | (VideoFormat_val_read == 38) | (VideoFormat_val_read == 32) | (VideoFormat_val_read == 33) | (VideoFormat_val_read == 22) | (VideoFormat_val_read == 23) | (VideoFormat_val_read == 18) | (VideoFormat_val_read == 19) | (VideoFormat_val_read == 28) | (VideoFormat_val_read == 12) | (VideoFormat_val_read == 15) | (VideoFormat_val_read == 16) | (VideoFormat_val_read == 27) | (VideoFormat_val_read == 10) | (VideoFormat_val_read == 11)> <Delay = 0.00>
ST_3 : Operation 143 [1/1] (0.00ns)   --->   "%br_ln0 = br void %if.end341"   --->   Operation 143 'br' 'br_ln0' <Predicate = (VideoFormat_val_read == 20 & icmp_ln1044) | (VideoFormat_val_read != 43 & VideoFormat_val_read != 42 & VideoFormat_val_read != 44 & VideoFormat_val_read != 21 & VideoFormat_val_read != 20 & icmp_ln1287) | (VideoFormat_val_read != 43 & VideoFormat_val_read != 42 & VideoFormat_val_read != 44 & VideoFormat_val_read != 21 & VideoFormat_val_read != 20 & VideoFormat_val_read != 29) | (VideoFormat_val_read == 35) | (VideoFormat_val_read == 36) | (VideoFormat_val_read == 30) | (VideoFormat_val_read == 31) | (VideoFormat_val_read == 26) | (VideoFormat_val_read == 13) | (VideoFormat_val_read == 14) | (VideoFormat_val_read == 21 & icmp_ln1044) | (VideoFormat_val_read == 37) | (VideoFormat_val_read == 38) | (VideoFormat_val_read == 32) | (VideoFormat_val_read == 33) | (VideoFormat_val_read == 22) | (VideoFormat_val_read == 23) | (VideoFormat_val_read == 18) | (VideoFormat_val_read == 19) | (VideoFormat_val_read == 28) | (VideoFormat_val_read == 12) | (VideoFormat_val_read == 15) | (VideoFormat_val_read == 16) | (VideoFormat_val_read == 27) | (VideoFormat_val_read == 10) | (VideoFormat_val_read == 11) | (VideoFormat_val_read == 41)> <Delay = 0.00>
ST_3 : Operation 144 [1/1] (0.00ns)   --->   "%br_ln0 = br void %if.end342"   --->   Operation 144 'br' 'br_ln0' <Predicate = (VideoFormat_val_read == 20 & icmp_ln1044) | (VideoFormat_val_read != 43 & VideoFormat_val_read != 42 & VideoFormat_val_read != 21 & VideoFormat_val_read != 20 & icmp_ln1287) | (VideoFormat_val_read != 43 & VideoFormat_val_read != 42 & VideoFormat_val_read != 21 & VideoFormat_val_read != 20 & VideoFormat_val_read != 29) | (VideoFormat_val_read == 35) | (VideoFormat_val_read == 36) | (VideoFormat_val_read == 30) | (VideoFormat_val_read == 31) | (VideoFormat_val_read == 26) | (VideoFormat_val_read == 13) | (VideoFormat_val_read == 14) | (VideoFormat_val_read == 21 & icmp_ln1044) | (VideoFormat_val_read == 37) | (VideoFormat_val_read == 38) | (VideoFormat_val_read == 32) | (VideoFormat_val_read == 33) | (VideoFormat_val_read == 22) | (VideoFormat_val_read == 23) | (VideoFormat_val_read == 18) | (VideoFormat_val_read == 19) | (VideoFormat_val_read == 28) | (VideoFormat_val_read == 12) | (VideoFormat_val_read == 15) | (VideoFormat_val_read == 16) | (VideoFormat_val_read == 27) | (VideoFormat_val_read == 10) | (VideoFormat_val_read == 11) | (VideoFormat_val_read == 41) | (VideoFormat_val_read == 44)> <Delay = 0.00>
ST_3 : Operation 145 [1/1] (0.00ns)   --->   "%br_ln0 = br void %if.end343"   --->   Operation 145 'br' 'br_ln0' <Predicate = (VideoFormat_val_read == 20 & icmp_ln1044) | (VideoFormat_val_read != 43 & VideoFormat_val_read != 21 & VideoFormat_val_read != 20 & icmp_ln1287) | (VideoFormat_val_read != 43 & VideoFormat_val_read != 21 & VideoFormat_val_read != 20 & VideoFormat_val_read != 29) | (VideoFormat_val_read == 35) | (VideoFormat_val_read == 36) | (VideoFormat_val_read == 30) | (VideoFormat_val_read == 31) | (VideoFormat_val_read == 26) | (VideoFormat_val_read == 13) | (VideoFormat_val_read == 14) | (VideoFormat_val_read == 21 & icmp_ln1044) | (VideoFormat_val_read == 37) | (VideoFormat_val_read == 38) | (VideoFormat_val_read == 32) | (VideoFormat_val_read == 33) | (VideoFormat_val_read == 22) | (VideoFormat_val_read == 23) | (VideoFormat_val_read == 18) | (VideoFormat_val_read == 19) | (VideoFormat_val_read == 28) | (VideoFormat_val_read == 12) | (VideoFormat_val_read == 15) | (VideoFormat_val_read == 16) | (VideoFormat_val_read == 27) | (VideoFormat_val_read == 10) | (VideoFormat_val_read == 11) | (VideoFormat_val_read == 41) | (VideoFormat_val_read == 44) | (VideoFormat_val_read == 42)> <Delay = 0.00>
ST_3 : Operation 146 [1/1] (0.00ns)   --->   "%ret_ln1474 = ret" [/home/izaan/GitRepos/dpdma_exdes/vivado_quad_vmix/kv260_quad_vmix_dp.runs/bd_quad_vmix_dp_v_frmbuf_wr_0_0_synth_1/prj/sol/.autopilot/db/v_frmbuf_wr.cpp:1474]   --->   Operation 146 'ret' 'ret_ln1474' <Predicate = (VideoFormat_val_read == 20 & icmp_ln1044) | (VideoFormat_val_read != 21 & VideoFormat_val_read != 20 & icmp_ln1287) | (VideoFormat_val_read != 21 & VideoFormat_val_read != 20 & VideoFormat_val_read != 29) | (VideoFormat_val_read == 35) | (VideoFormat_val_read == 36) | (VideoFormat_val_read == 30) | (VideoFormat_val_read == 31) | (VideoFormat_val_read == 26) | (VideoFormat_val_read == 13) | (VideoFormat_val_read == 14) | (VideoFormat_val_read == 21 & icmp_ln1044) | (VideoFormat_val_read == 37) | (VideoFormat_val_read == 38) | (VideoFormat_val_read == 32) | (VideoFormat_val_read == 33) | (VideoFormat_val_read == 22) | (VideoFormat_val_read == 23) | (VideoFormat_val_read == 18) | (VideoFormat_val_read == 19) | (VideoFormat_val_read == 28) | (VideoFormat_val_read == 12) | (VideoFormat_val_read == 15) | (VideoFormat_val_read == 16) | (VideoFormat_val_read == 27) | (VideoFormat_val_read == 10) | (VideoFormat_val_read == 11) | (VideoFormat_val_read == 41) | (VideoFormat_val_read == 44) | (VideoFormat_val_read == 42) | (VideoFormat_val_read == 43)> <Delay = 0.00>

State 4 <SV = 3> <Delay = 1.20>
ST_4 : Operation 147 [2/2] (1.20ns)   --->   "%call_ln1287 = call void @MultiPixStream2Bytes_Pipeline_VITIS_LOOP_1291_6, i8 %p_lcssa178196_load, i8 %p_lcssa177193_load, i8 %p_lcssa176190_load, i8 %p_lcssa175187_load, i8 %p_lcssa174184_load, i8 %p_lcssa173181_load, i9 %loopWidth_cast, i1 %cmp286_2, i128 %bytePlanes, i1 %tmp_10, i1 %icmp_ln1277, i1 %cmp233_6, i1 %cmp233_5, i1 %cmp233_4, i1 %icmp29, i1 %cmp233_2, i1 %icmp26, i10 %sub230, i1 %cmp233, i48 %img, i8 %p_lcssa178196, i8 %p_lcssa177193, i8 %p_lcssa176190, i8 %p_lcssa175187, i8 %p_lcssa174184, i8 %p_lcssa173181" [/home/izaan/GitRepos/dpdma_exdes/vivado_quad_vmix/kv260_quad_vmix_dp.runs/bd_quad_vmix_dp_v_frmbuf_wr_0_0_synth_1/prj/sol/.autopilot/db/v_frmbuf_wr.cpp:1287]   --->   Operation 147 'call' 'call_ln1287' <Predicate = true> <Delay = 1.20> <CoreType = "Generic">   --->   Generic Core

State 5 <SV = 4> <Delay = 0.00>
ST_5 : Operation 148 [1/1] (0.00ns)   --->   "%specloopname_ln1287 = specloopname void @_ssdm_op_SpecLoopName, void @empty_18" [/home/izaan/GitRepos/dpdma_exdes/vivado_quad_vmix/kv260_quad_vmix_dp.runs/bd_quad_vmix_dp_v_frmbuf_wr_0_0_synth_1/prj/sol/.autopilot/db/v_frmbuf_wr.cpp:1287]   --->   Operation 148 'specloopname' 'specloopname_ln1287' <Predicate = true> <Delay = 0.00>
ST_5 : Operation 149 [1/2] (0.00ns)   --->   "%call_ln1287 = call void @MultiPixStream2Bytes_Pipeline_VITIS_LOOP_1291_6, i8 %p_lcssa178196_load, i8 %p_lcssa177193_load, i8 %p_lcssa176190_load, i8 %p_lcssa175187_load, i8 %p_lcssa174184_load, i8 %p_lcssa173181_load, i9 %loopWidth_cast, i1 %cmp286_2, i128 %bytePlanes, i1 %tmp_10, i1 %icmp_ln1277, i1 %cmp233_6, i1 %cmp233_5, i1 %cmp233_4, i1 %icmp29, i1 %cmp233_2, i1 %icmp26, i10 %sub230, i1 %cmp233, i48 %img, i8 %p_lcssa178196, i8 %p_lcssa177193, i8 %p_lcssa176190, i8 %p_lcssa175187, i8 %p_lcssa174184, i8 %p_lcssa173181" [/home/izaan/GitRepos/dpdma_exdes/vivado_quad_vmix/kv260_quad_vmix_dp.runs/bd_quad_vmix_dp_v_frmbuf_wr_0_0_synth_1/prj/sol/.autopilot/db/v_frmbuf_wr.cpp:1287]   --->   Operation 149 'call' 'call_ln1287' <Predicate = true> <Delay = 0.00> <CoreType = "Generic">   --->   Generic Core
ST_5 : Operation 150 [1/1] (0.00ns)   --->   "%br_ln1287 = br void %VITIS_LOOP_1291_6" [/home/izaan/GitRepos/dpdma_exdes/vivado_quad_vmix/kv260_quad_vmix_dp.runs/bd_quad_vmix_dp_v_frmbuf_wr_0_0_synth_1/prj/sol/.autopilot/db/v_frmbuf_wr.cpp:1287]   --->   Operation 150 'br' 'br_ln1287' <Predicate = true> <Delay = 0.00>

State 6 <SV = 3> <Delay = 1.20>
ST_6 : Operation 151 [2/2] (1.20ns)   --->   "%call_ln1032 = call void @MultiPixStream2Bytes_Pipeline_VITIS_LOOP_1048_1, i8 %p_lcssa154172_load, i8 %p_lcssa153169_load, i8 %p_lcssa152166_load, i8 %p_lcssa151163_load, i8 %p_lcssa150160_load, i8 %p_lcssa157_load, i9 %trunc_ln1_cast, i1 %cmp137_2, i128 %bytePlanes, i1 %tmp_6, i1 %icmp_ln1035, i1 %cmp98_6, i1 %cmp98_5, i1 %cmp98_4, i1 %icmp22, i1 %cmp98_2, i1 %icmp19, i10 %sub95, i1 %cmp98, i48 %img, i8 %p_lcssa154172, i8 %p_lcssa153169, i8 %p_lcssa152166, i8 %p_lcssa151163, i8 %p_lcssa150160, i8 %p_lcssa157" [/home/izaan/GitRepos/dpdma_exdes/vivado_quad_vmix/kv260_quad_vmix_dp.runs/bd_quad_vmix_dp_v_frmbuf_wr_0_0_synth_1/prj/sol/.autopilot/db/v_frmbuf_wr.cpp:1032]   --->   Operation 151 'call' 'call_ln1032' <Predicate = true> <Delay = 1.20> <CoreType = "Generic">   --->   Generic Core

State 7 <SV = 4> <Delay = 0.00>
ST_7 : Operation 152 [1/1] (0.00ns)   --->   "%specloopname_ln1044 = specloopname void @_ssdm_op_SpecLoopName, void @empty_9" [/home/izaan/GitRepos/dpdma_exdes/vivado_quad_vmix/kv260_quad_vmix_dp.runs/bd_quad_vmix_dp_v_frmbuf_wr_0_0_synth_1/prj/sol/.autopilot/db/v_frmbuf_wr.cpp:1044]   --->   Operation 152 'specloopname' 'specloopname_ln1044' <Predicate = true> <Delay = 0.00>
ST_7 : Operation 153 [1/2] (0.00ns)   --->   "%call_ln1032 = call void @MultiPixStream2Bytes_Pipeline_VITIS_LOOP_1048_1, i8 %p_lcssa154172_load, i8 %p_lcssa153169_load, i8 %p_lcssa152166_load, i8 %p_lcssa151163_load, i8 %p_lcssa150160_load, i8 %p_lcssa157_load, i9 %trunc_ln1_cast, i1 %cmp137_2, i128 %bytePlanes, i1 %tmp_6, i1 %icmp_ln1035, i1 %cmp98_6, i1 %cmp98_5, i1 %cmp98_4, i1 %icmp22, i1 %cmp98_2, i1 %icmp19, i10 %sub95, i1 %cmp98, i48 %img, i8 %p_lcssa154172, i8 %p_lcssa153169, i8 %p_lcssa152166, i8 %p_lcssa151163, i8 %p_lcssa150160, i8 %p_lcssa157" [/home/izaan/GitRepos/dpdma_exdes/vivado_quad_vmix/kv260_quad_vmix_dp.runs/bd_quad_vmix_dp_v_frmbuf_wr_0_0_synth_1/prj/sol/.autopilot/db/v_frmbuf_wr.cpp:1032]   --->   Operation 153 'call' 'call_ln1032' <Predicate = true> <Delay = 0.00> <CoreType = "Generic">   --->   Generic Core
ST_7 : Operation 154 [1/1] (0.00ns)   --->   "%br_ln1044 = br void %VITIS_LOOP_1048_1" [/home/izaan/GitRepos/dpdma_exdes/vivado_quad_vmix/kv260_quad_vmix_dp.runs/bd_quad_vmix_dp_v_frmbuf_wr_0_0_synth_1/prj/sol/.autopilot/db/v_frmbuf_wr.cpp:1044]   --->   Operation 154 'br' 'br_ln1044' <Predicate = true> <Delay = 0.00>


============================================================
+ Verbose Summary: Timing violations
============================================================
Target clock period: 6.667ns, clock uncertainty: 1.800ns.

 <State 1>: 3.676ns
The critical path consists of the following:
	fifo read operation ('WidthInBytes_val_read') on port 'WidthInBytes_val' [12]  (1.838 ns)
	fifo write operation ('write_ln0') on port 'WidthInBytes_val2_c' [14]  (1.838 ns)

 <State 2>: 4.663ns
The critical path consists of the following:
	'add' operation 15 bit ('add_ln1272', /home/izaan/GitRepos/dpdma_exdes/vivado_quad_vmix/kv260_quad_vmix_dp.runs/bd_quad_vmix_dp_v_frmbuf_wr_0_0_synth_1/prj/sol/.autopilot/db/v_frmbuf_wr.cpp:1272) [30]  (0.842 ns)
	'add' operation 11 bit ('add_ln1273', /home/izaan/GitRepos/dpdma_exdes/vivado_quad_vmix/kv260_quad_vmix_dp.runs/bd_quad_vmix_dp_v_frmbuf_wr_0_0_synth_1/prj/sol/.autopilot/db/v_frmbuf_wr.cpp:1273) [32]  (0.798 ns)
	'mul' operation 23 bit ('mul_ln1273', /home/izaan/GitRepos/dpdma_exdes/vivado_quad_vmix/kv260_quad_vmix_dp.runs/bd_quad_vmix_dp_v_frmbuf_wr_0_0_synth_1/prj/sol/.autopilot/db/v_frmbuf_wr.cpp:1273) [34]  (2.236 ns)
	'add' operation 10 bit ('sub230', /home/izaan/GitRepos/dpdma_exdes/vivado_quad_vmix/kv260_quad_vmix_dp.runs/bd_quad_vmix_dp_v_frmbuf_wr_0_0_synth_1/prj/sol/.autopilot/db/v_frmbuf_wr.cpp:1273) [48]  (0.787 ns)

 <State 3>: 1.236ns
The critical path consists of the following:
	'load' operation 12 bit ('y', /home/izaan/GitRepos/dpdma_exdes/vivado_quad_vmix/kv260_quad_vmix_dp.runs/bd_quad_vmix_dp_v_frmbuf_wr_0_0_synth_1/prj/sol/.autopilot/db/v_frmbuf_wr.cpp:1287) on local variable 'y', /home/izaan/GitRepos/dpdma_exdes/vivado_quad_vmix/kv260_quad_vmix_dp.runs/bd_quad_vmix_dp_v_frmbuf_wr_0_0_synth_1/prj/sol/.autopilot/db/v_frmbuf_wr.cpp:1287 [64]  (0.000 ns)
	'icmp' operation 1 bit ('icmp_ln1287', /home/izaan/GitRepos/dpdma_exdes/vivado_quad_vmix/kv260_quad_vmix_dp.runs/bd_quad_vmix_dp_v_frmbuf_wr_0_0_synth_1/prj/sol/.autopilot/db/v_frmbuf_wr.cpp:1287) [65]  (0.809 ns)
	'store' operation 0 bit ('store_ln1287', /home/izaan/GitRepos/dpdma_exdes/vivado_quad_vmix/kv260_quad_vmix_dp.runs/bd_quad_vmix_dp_v_frmbuf_wr_0_0_synth_1/prj/sol/.autopilot/db/v_frmbuf_wr.cpp:1287) of variable 'y', /home/izaan/GitRepos/dpdma_exdes/vivado_quad_vmix/kv260_quad_vmix_dp.runs/bd_quad_vmix_dp_v_frmbuf_wr_0_0_synth_1/prj/sol/.autopilot/db/v_frmbuf_wr.cpp:1287 on local variable 'y', /home/izaan/GitRepos/dpdma_exdes/vivado_quad_vmix/kv260_quad_vmix_dp.runs/bd_quad_vmix_dp_v_frmbuf_wr_0_0_synth_1/prj/sol/.autopilot/db/v_frmbuf_wr.cpp:1287 [78]  (0.427 ns)

 <State 4>: 1.203ns
The critical path consists of the following:
	'call' operation 0 bit ('call_ln1287', /home/izaan/GitRepos/dpdma_exdes/vivado_quad_vmix/kv260_quad_vmix_dp.runs/bd_quad_vmix_dp_v_frmbuf_wr_0_0_synth_1/prj/sol/.autopilot/db/v_frmbuf_wr.cpp:1287) to 'MultiPixStream2Bytes_Pipeline_VITIS_LOOP_1291_6' [77]  (1.203 ns)

 <State 5>: 0.000ns
The critical path consists of the following:

 <State 6>: 1.203ns
The critical path consists of the following:
	'call' operation 0 bit ('call_ln1032', /home/izaan/GitRepos/dpdma_exdes/vivado_quad_vmix/kv260_quad_vmix_dp.runs/bd_quad_vmix_dp_v_frmbuf_wr_0_0_synth_1/prj/sol/.autopilot/db/v_frmbuf_wr.cpp:1032) to 'MultiPixStream2Bytes_Pipeline_VITIS_LOOP_1048_1' [137]  (1.203 ns)

 <State 7>: 0.000ns
The critical path consists of the following:


============================================================
+ Verbose Summary: Binding
============================================================
N/A
* FSMD analyzer results:
  - Output states:
 - Input state : 
  - Chain level:
	State 1
	State 2
	State 3
	State 4
	State 5
	State 6
	State 7


============================================================
+ Verbose Summary: Datapath Resource usage 
============================================================
N/A
