

================================================================
== Vitis HLS Report for 'MultiPixStream2Bytes_Pipeline_VITIS_LOOP_1291_6'
================================================================
* Date:           Mon Apr 27 12:25:01 2026

* Version:        2024.2 (Build 5238294 on Nov  8 2024)
* Project:        prj
* Solution:       sol (Vivado IP Flow Target)
* Product family: zynquplus
* Target device:  xck26-sfvc784-2LV-c


================================================================
== Performance Estimates
================================================================
+ Timing: 
    * Summary: 
    +--------+---------+----------+------------+
    |  Clock |  Target | Estimated| Uncertainty|
    +--------+---------+----------+------------+
    |ap_clk  |  6.67 ns|  4.012 ns|     1.80 ns|
    +--------+---------+----------+------------+

+ Latency: 
    * Summary: 
    +---------+---------+-----------+-----------+-----+------+------------------------------------------------+
    |  Latency (cycles) |   Latency (absolute)  |  Interval  |                    Pipeline                    |
    |   min   |   max   |    min    |    max    | min |  max |                      Type                      |
    +---------+---------+-----------+-----------+-----+------+------------------------------------------------+
    |        3|     3843|  20.001 ns|  25.621 us|    2|  3842|  loop auto-rewind stp (delay=0 clock cycles(s))|
    +---------+---------+-----------+-----------+-----+------+------------------------------------------------+

    + Detail: 
        * Instance: 
        N/A

        * Loop: 
        +---------------------+---------+---------+----------+-----------+-----------+---------+----------+
        |                     |  Latency (cycles) | Iteration|  Initiation Interval  |   Trip  |          |
        |      Loop Name      |   min   |   max   |  Latency |  achieved |   target  |  Count  | Pipelined|
        +---------------------+---------+---------+----------+-----------+-----------+---------+----------+
        |- VITIS_LOOP_1291_6  |        1|     3841|         9|          8|          8|  0 ~ 480|       yes|
        +---------------------+---------+---------+----------+-----------+-----------+---------+----------+

============================================================
+ Verbose Summary: Synthesis Manager
============================================================
InlineROM: 1
ExposeGlobal: 0
============================================================
+ Verbose Summary: CDFG Model
============================================================
IsTopModel: 0
ResetActiveHigh: 1
IsCombinational: 0
IsDatapathOnly: 0
HasWiredReturn: 1
HasMFsm: 2
HasVarLatency: 1
IsPipeline: 0
IsRtlPipelined: 0
IsInstanceOverlapped: 0
IsDontTouch: 0
HasImplIP: 0
IsGatedGlobalClock: 0

+ Individual pipeline summary: 
  * Pipeline-0: initiation interval (II) = 8, depth = 9


============================================================
+ Verbose Summary: Schedule
============================================================
* Number of FSM states : 9
* Pipeline : 1
  Pipeline-0 : II = 8, D = 9, States = { 1 2 3 4 5 6 7 8 9 }
* Dataflow Pipeline: 0

* FSM state transitions: 
1 --> 2 
2 --> 3 
3 --> 4 
4 --> 5 
5 --> 6 
6 --> 7 
7 --> 8 
8 --> 9 
9 --> 

* FSM state operations: 

State 1 <SV = 0> <Delay = 1.63>
ST_1 : Operation 12 [1/1] (0.00ns)   --->   "%x = alloca i32 1" [/home/izaan/GitRepos/dpdma_exdes/vivado_quad_vmix/kv260_quad_vmix_dp.runs/bd_quad_vmix_dp_v_frmbuf_wr_0_0_synth_1/prj/sol/.autopilot/db/v_frmbuf_wr.cpp:1291]   --->   Operation 12 'alloca' 'x' <Predicate = true> <Delay = 0.00>
ST_1 : Operation 13 [1/1] (0.00ns)   --->   "%empty_163 = alloca i32 1"   --->   Operation 13 'alloca' 'empty_163' <Predicate = true> <Delay = 0.00>
ST_1 : Operation 14 [1/1] (0.00ns)   --->   "%empty_164 = alloca i32 1"   --->   Operation 14 'alloca' 'empty_164' <Predicate = true> <Delay = 0.00>
ST_1 : Operation 15 [1/1] (0.00ns)   --->   "%empty_165 = alloca i32 1"   --->   Operation 15 'alloca' 'empty_165' <Predicate = true> <Delay = 0.00>
ST_1 : Operation 16 [1/1] (0.00ns)   --->   "%empty_166 = alloca i32 1"   --->   Operation 16 'alloca' 'empty_166' <Predicate = true> <Delay = 0.00>
ST_1 : Operation 17 [1/1] (0.00ns)   --->   "%empty_167 = alloca i32 1"   --->   Operation 17 'alloca' 'empty_167' <Predicate = true> <Delay = 0.00>
ST_1 : Operation 18 [1/1] (0.00ns)   --->   "%empty_168 = alloca i32 1"   --->   Operation 18 'alloca' 'empty_168' <Predicate = true> <Delay = 0.00>
ST_1 : Operation 19 [1/1] (0.00ns)   --->   "%specmemcore_ln0 = specmemcore void @_ssdm_op_SpecMemCore, i128 %bytePlanes, i64 666, i64 8, i64 18446744073709551615"   --->   Operation 19 'specmemcore' 'specmemcore_ln0' <Predicate = true> <Delay = 0.00>
ST_1 : Operation 20 [1/1] (0.00ns)   --->   "%specinterface_ln0 = specinterface void @_ssdm_op_SpecInterface, i48 %img, void @empty_19, i32 0, i32 0, void @empty_1, i32 0, i32 0, void @empty_1, void @empty_1, void @empty_1, i32 0, i32 0, i32 0, i32 0, void @empty_1, void @empty_1, i32 4294967295, i32 0, i32 0"   --->   Operation 20 'specinterface' 'specinterface_ln0' <Predicate = true> <Delay = 0.00>
ST_1 : Operation 21 [1/1] (0.00ns)   --->   "%specinterface_ln0 = specinterface void @_ssdm_op_SpecInterface, i128 %bytePlanes, void @empty_19, i32 0, i32 0, void @empty_1, i32 0, i32 0, void @empty_1, void @empty_1, void @empty_1, i32 0, i32 0, i32 0, i32 0, void @empty_1, void @empty_1, i32 4294967295, i32 0, i32 0"   --->   Operation 21 'specinterface' 'specinterface_ln0' <Predicate = true> <Delay = 0.00>
ST_1 : Operation 22 [1/1] (0.00ns)   --->   "%cmp233_read = read i1 @_ssdm_op_Read.ap_auto.i1, i1 %cmp233" [/home/izaan/GitRepos/dpdma_exdes/vivado_quad_vmix/kv260_quad_vmix_dp.runs/bd_quad_vmix_dp_v_frmbuf_wr_0_0_synth_1/prj/sol/.autopilot/db/v_frmbuf_wr.cpp:386]   --->   Operation 22 'read' 'cmp233_read' <Predicate = true> <Delay = 0.00>
ST_1 : Operation 23 [1/1] (0.00ns)   --->   "%sub230_cast_read = read i10 @_ssdm_op_Read.ap_auto.i10, i10 %sub230_cast" [/home/izaan/GitRepos/dpdma_exdes/vivado_quad_vmix/kv260_quad_vmix_dp.runs/bd_quad_vmix_dp_v_frmbuf_wr_0_0_synth_1/prj/sol/.autopilot/db/v_frmbuf_wr.cpp:386]   --->   Operation 23 'read' 'sub230_cast_read' <Predicate = true> <Delay = 0.00>
ST_1 : Operation 24 [1/1] (0.00ns)   --->   "%icmp26_read = read i1 @_ssdm_op_Read.ap_auto.i1, i1 %icmp26" [/home/izaan/GitRepos/dpdma_exdes/vivado_quad_vmix/kv260_quad_vmix_dp.runs/bd_quad_vmix_dp_v_frmbuf_wr_0_0_synth_1/prj/sol/.autopilot/db/v_frmbuf_wr.cpp:386]   --->   Operation 24 'read' 'icmp26_read' <Predicate = true> <Delay = 0.00>
ST_1 : Operation 25 [1/1] (0.00ns)   --->   "%cmp233_2_read = read i1 @_ssdm_op_Read.ap_auto.i1, i1 %cmp233_2" [/home/izaan/GitRepos/dpdma_exdes/vivado_quad_vmix/kv260_quad_vmix_dp.runs/bd_quad_vmix_dp_v_frmbuf_wr_0_0_synth_1/prj/sol/.autopilot/db/v_frmbuf_wr.cpp:386]   --->   Operation 25 'read' 'cmp233_2_read' <Predicate = true> <Delay = 0.00>
ST_1 : Operation 26 [1/1] (0.00ns)   --->   "%icmp29_read = read i1 @_ssdm_op_Read.ap_auto.i1, i1 %icmp29" [/home/izaan/GitRepos/dpdma_exdes/vivado_quad_vmix/kv260_quad_vmix_dp.runs/bd_quad_vmix_dp_v_frmbuf_wr_0_0_synth_1/prj/sol/.autopilot/db/v_frmbuf_wr.cpp:386]   --->   Operation 26 'read' 'icmp29_read' <Predicate = true> <Delay = 0.00>
ST_1 : Operation 27 [1/1] (0.00ns)   --->   "%cmp233_4_read = read i1 @_ssdm_op_Read.ap_auto.i1, i1 %cmp233_4" [/home/izaan/GitRepos/dpdma_exdes/vivado_quad_vmix/kv260_quad_vmix_dp.runs/bd_quad_vmix_dp_v_frmbuf_wr_0_0_synth_1/prj/sol/.autopilot/db/v_frmbuf_wr.cpp:386]   --->   Operation 27 'read' 'cmp233_4_read' <Predicate = true> <Delay = 0.00>
ST_1 : Operation 28 [1/1] (0.00ns)   --->   "%cmp233_5_read = read i1 @_ssdm_op_Read.ap_auto.i1, i1 %cmp233_5" [/home/izaan/GitRepos/dpdma_exdes/vivado_quad_vmix/kv260_quad_vmix_dp.runs/bd_quad_vmix_dp_v_frmbuf_wr_0_0_synth_1/prj/sol/.autopilot/db/v_frmbuf_wr.cpp:386]   --->   Operation 28 'read' 'cmp233_5_read' <Predicate = true> <Delay = 0.00>
ST_1 : Operation 29 [1/1] (0.00ns)   --->   "%cmp233_6_read = read i1 @_ssdm_op_Read.ap_auto.i1, i1 %cmp233_6" [/home/izaan/GitRepos/dpdma_exdes/vivado_quad_vmix/kv260_quad_vmix_dp.runs/bd_quad_vmix_dp_v_frmbuf_wr_0_0_synth_1/prj/sol/.autopilot/db/v_frmbuf_wr.cpp:386]   --->   Operation 29 'read' 'cmp233_6_read' <Predicate = true> <Delay = 0.00>
ST_1 : Operation 30 [1/1] (0.00ns)   --->   "%icmp_ln1277_read = read i1 @_ssdm_op_Read.ap_auto.i1, i1 %icmp_ln1277" [/home/izaan/GitRepos/dpdma_exdes/vivado_quad_vmix/kv260_quad_vmix_dp.runs/bd_quad_vmix_dp_v_frmbuf_wr_0_0_synth_1/prj/sol/.autopilot/db/v_frmbuf_wr.cpp:386]   --->   Operation 30 'read' 'icmp_ln1277_read' <Predicate = true> <Delay = 0.00>
ST_1 : Operation 31 [1/1] (0.00ns)   --->   "%tmp = read i1 @_ssdm_op_Read.ap_auto.i1, i1 %empty" [/home/izaan/GitRepos/dpdma_exdes/vivado_quad_vmix/kv260_quad_vmix_dp.runs/bd_quad_vmix_dp_v_frmbuf_wr_0_0_synth_1/prj/sol/.autopilot/db/v_frmbuf_wr.cpp:386]   --->   Operation 31 'read' 'tmp' <Predicate = true> <Delay = 0.00>
ST_1 : Operation 32 [1/1] (0.00ns)   --->   "%cmp286_2_read = read i1 @_ssdm_op_Read.ap_auto.i1, i1 %cmp286_2" [/home/izaan/GitRepos/dpdma_exdes/vivado_quad_vmix/kv260_quad_vmix_dp.runs/bd_quad_vmix_dp_v_frmbuf_wr_0_0_synth_1/prj/sol/.autopilot/db/v_frmbuf_wr.cpp:386]   --->   Operation 32 'read' 'cmp286_2_read' <Predicate = true> <Delay = 0.00>
ST_1 : Operation 33 [1/1] (0.00ns)   --->   "%loopWidth_1_cast_read = read i9 @_ssdm_op_Read.ap_auto.i9, i9 %loopWidth_1_cast" [/home/izaan/GitRepos/dpdma_exdes/vivado_quad_vmix/kv260_quad_vmix_dp.runs/bd_quad_vmix_dp_v_frmbuf_wr_0_0_synth_1/prj/sol/.autopilot/db/v_frmbuf_wr.cpp:386]   --->   Operation 33 'read' 'loopWidth_1_cast_read' <Predicate = true> <Delay = 0.00>
ST_1 : Operation 34 [1/1] (0.00ns)   --->   "%p_lcssa173181_read = read i8 @_ssdm_op_Read.ap_auto.i8, i8 %p_lcssa173181" [/home/izaan/GitRepos/dpdma_exdes/vivado_quad_vmix/kv260_quad_vmix_dp.runs/bd_quad_vmix_dp_v_frmbuf_wr_0_0_synth_1/prj/sol/.autopilot/db/v_frmbuf_wr.cpp:386]   --->   Operation 34 'read' 'p_lcssa173181_read' <Predicate = true> <Delay = 0.00>
ST_1 : Operation 35 [1/1] (0.00ns)   --->   "%p_lcssa174184_read = read i8 @_ssdm_op_Read.ap_auto.i8, i8 %p_lcssa174184" [/home/izaan/GitRepos/dpdma_exdes/vivado_quad_vmix/kv260_quad_vmix_dp.runs/bd_quad_vmix_dp_v_frmbuf_wr_0_0_synth_1/prj/sol/.autopilot/db/v_frmbuf_wr.cpp:386]   --->   Operation 35 'read' 'p_lcssa174184_read' <Predicate = true> <Delay = 0.00>
ST_1 : Operation 36 [1/1] (0.00ns)   --->   "%p_lcssa175187_read = read i8 @_ssdm_op_Read.ap_auto.i8, i8 %p_lcssa175187" [/home/izaan/GitRepos/dpdma_exdes/vivado_quad_vmix/kv260_quad_vmix_dp.runs/bd_quad_vmix_dp_v_frmbuf_wr_0_0_synth_1/prj/sol/.autopilot/db/v_frmbuf_wr.cpp:386]   --->   Operation 36 'read' 'p_lcssa175187_read' <Predicate = true> <Delay = 0.00>
ST_1 : Operation 37 [1/1] (0.00ns)   --->   "%p_lcssa176190_read = read i8 @_ssdm_op_Read.ap_auto.i8, i8 %p_lcssa176190" [/home/izaan/GitRepos/dpdma_exdes/vivado_quad_vmix/kv260_quad_vmix_dp.runs/bd_quad_vmix_dp_v_frmbuf_wr_0_0_synth_1/prj/sol/.autopilot/db/v_frmbuf_wr.cpp:386]   --->   Operation 37 'read' 'p_lcssa176190_read' <Predicate = true> <Delay = 0.00>
ST_1 : Operation 38 [1/1] (0.00ns)   --->   "%p_lcssa177193_read = read i8 @_ssdm_op_Read.ap_auto.i8, i8 %p_lcssa177193" [/home/izaan/GitRepos/dpdma_exdes/vivado_quad_vmix/kv260_quad_vmix_dp.runs/bd_quad_vmix_dp_v_frmbuf_wr_0_0_synth_1/prj/sol/.autopilot/db/v_frmbuf_wr.cpp:386]   --->   Operation 38 'read' 'p_lcssa177193_read' <Predicate = true> <Delay = 0.00>
ST_1 : Operation 39 [1/1] (0.00ns)   --->   "%p_lcssa178196_read = read i8 @_ssdm_op_Read.ap_auto.i8, i8 %p_lcssa178196" [/home/izaan/GitRepos/dpdma_exdes/vivado_quad_vmix/kv260_quad_vmix_dp.runs/bd_quad_vmix_dp_v_frmbuf_wr_0_0_synth_1/prj/sol/.autopilot/db/v_frmbuf_wr.cpp:386]   --->   Operation 39 'read' 'p_lcssa178196_read' <Predicate = true> <Delay = 0.00>
ST_1 : Operation 40 [1/1] (0.42ns)   --->   "%store_ln386 = store i8 %p_lcssa178196_read, i8 %empty_168" [/home/izaan/GitRepos/dpdma_exdes/vivado_quad_vmix/kv260_quad_vmix_dp.runs/bd_quad_vmix_dp_v_frmbuf_wr_0_0_synth_1/prj/sol/.autopilot/db/v_frmbuf_wr.cpp:386]   --->   Operation 40 'store' 'store_ln386' <Predicate = true> <Delay = 0.42>
ST_1 : Operation 41 [1/1] (0.42ns)   --->   "%store_ln386 = store i8 %p_lcssa177193_read, i8 %empty_167" [/home/izaan/GitRepos/dpdma_exdes/vivado_quad_vmix/kv260_quad_vmix_dp.runs/bd_quad_vmix_dp_v_frmbuf_wr_0_0_synth_1/prj/sol/.autopilot/db/v_frmbuf_wr.cpp:386]   --->   Operation 41 'store' 'store_ln386' <Predicate = true> <Delay = 0.42>
ST_1 : Operation 42 [1/1] (0.42ns)   --->   "%store_ln386 = store i8 %p_lcssa176190_read, i8 %empty_166" [/home/izaan/GitRepos/dpdma_exdes/vivado_quad_vmix/kv260_quad_vmix_dp.runs/bd_quad_vmix_dp_v_frmbuf_wr_0_0_synth_1/prj/sol/.autopilot/db/v_frmbuf_wr.cpp:386]   --->   Operation 42 'store' 'store_ln386' <Predicate = true> <Delay = 0.42>
ST_1 : Operation 43 [1/1] (0.42ns)   --->   "%store_ln386 = store i8 %p_lcssa175187_read, i8 %empty_165" [/home/izaan/GitRepos/dpdma_exdes/vivado_quad_vmix/kv260_quad_vmix_dp.runs/bd_quad_vmix_dp_v_frmbuf_wr_0_0_synth_1/prj/sol/.autopilot/db/v_frmbuf_wr.cpp:386]   --->   Operation 43 'store' 'store_ln386' <Predicate = true> <Delay = 0.42>
ST_1 : Operation 44 [1/1] (0.42ns)   --->   "%store_ln386 = store i8 %p_lcssa174184_read, i8 %empty_164" [/home/izaan/GitRepos/dpdma_exdes/vivado_quad_vmix/kv260_quad_vmix_dp.runs/bd_quad_vmix_dp_v_frmbuf_wr_0_0_synth_1/prj/sol/.autopilot/db/v_frmbuf_wr.cpp:386]   --->   Operation 44 'store' 'store_ln386' <Predicate = true> <Delay = 0.42>
ST_1 : Operation 45 [1/1] (0.42ns)   --->   "%store_ln386 = store i8 %p_lcssa173181_read, i8 %empty_163" [/home/izaan/GitRepos/dpdma_exdes/vivado_quad_vmix/kv260_quad_vmix_dp.runs/bd_quad_vmix_dp_v_frmbuf_wr_0_0_synth_1/prj/sol/.autopilot/db/v_frmbuf_wr.cpp:386]   --->   Operation 45 'store' 'store_ln386' <Predicate = true> <Delay = 0.42>
ST_1 : Operation 46 [1/1] (0.42ns)   --->   "%store_ln1291 = store i9 0, i9 %x" [/home/izaan/GitRepos/dpdma_exdes/vivado_quad_vmix/kv260_quad_vmix_dp.runs/bd_quad_vmix_dp_v_frmbuf_wr_0_0_synth_1/prj/sol/.autopilot/db/v_frmbuf_wr.cpp:1291]   --->   Operation 46 'store' 'store_ln1291' <Predicate = true> <Delay = 0.42>
ST_1 : Operation 47 [1/1] (0.00ns)   --->   "%br_ln1291 = br void %VITIS_LOOP_1294_7" [/home/izaan/GitRepos/dpdma_exdes/vivado_quad_vmix/kv260_quad_vmix_dp.runs/bd_quad_vmix_dp_v_frmbuf_wr_0_0_synth_1/prj/sol/.autopilot/db/v_frmbuf_wr.cpp:1291]   --->   Operation 47 'br' 'br_ln1291' <Predicate = true> <Delay = 0.00>
ST_1 : Operation 48 [1/1] (0.00ns)   --->   "%x_1 = load i9 %x" [/home/izaan/GitRepos/dpdma_exdes/vivado_quad_vmix/kv260_quad_vmix_dp.runs/bd_quad_vmix_dp_v_frmbuf_wr_0_0_synth_1/prj/sol/.autopilot/db/v_frmbuf_wr.cpp:1291]   --->   Operation 48 'load' 'x_1' <Predicate = true> <Delay = 0.00>
ST_1 : Operation 49 [1/1] (0.00ns)   --->   "%zext_ln386 = zext i9 %x_1" [/home/izaan/GitRepos/dpdma_exdes/vivado_quad_vmix/kv260_quad_vmix_dp.runs/bd_quad_vmix_dp_v_frmbuf_wr_0_0_synth_1/prj/sol/.autopilot/db/v_frmbuf_wr.cpp:386]   --->   Operation 49 'zext' 'zext_ln386' <Predicate = true> <Delay = 0.00>
ST_1 : Operation 50 [1/1] (0.77ns)   --->   "%icmp_ln1291 = icmp_eq  i9 %x_1, i9 %loopWidth_1_cast_read" [/home/izaan/GitRepos/dpdma_exdes/vivado_quad_vmix/kv260_quad_vmix_dp.runs/bd_quad_vmix_dp_v_frmbuf_wr_0_0_synth_1/prj/sol/.autopilot/db/v_frmbuf_wr.cpp:1291]   --->   Operation 50 'icmp' 'icmp_ln1291' <Predicate = true> <Delay = 0.77> <CoreInst = "Cmp">   --->   Core 9 'Cmp' <Latency = 0> <II = 1> <Delay = 0.77> <FuncUnit> <Opcode : 'seteq' 'setne' 'setle' 'setge' 'setlt' 'setgt'> <InPorts = 2> <OutPorts = 1>
ST_1 : Operation 51 [1/1] (0.77ns)   --->   "%x_2 = add i9 %x_1, i9 1" [/home/izaan/GitRepos/dpdma_exdes/vivado_quad_vmix/kv260_quad_vmix_dp.runs/bd_quad_vmix_dp_v_frmbuf_wr_0_0_synth_1/prj/sol/.autopilot/db/v_frmbuf_wr.cpp:1291]   --->   Operation 51 'add' 'x_2' <Predicate = true> <Delay = 0.77> <CoreInst = "Adder">   --->   Core 1 'Adder' <Latency = 0> <II = 1> <Delay = 0.77> <FuncUnit> <Opcode : 'add' 'sub'> <InPorts = 2> <OutPorts = 1>
ST_1 : Operation 52 [1/1] (0.00ns)   --->   "%br_ln1291 = br i1 %icmp_ln1291, void %VITIS_LOOP_1294_7.split, void %for.inc302.loopexit.exitStub" [/home/izaan/GitRepos/dpdma_exdes/vivado_quad_vmix/kv260_quad_vmix_dp.runs/bd_quad_vmix_dp_v_frmbuf_wr_0_0_synth_1/prj/sol/.autopilot/db/v_frmbuf_wr.cpp:1291]   --->   Operation 52 'br' 'br_ln1291' <Predicate = true> <Delay = 0.00>
ST_1 : Operation 53 [1/1] (0.78ns)   --->   "%cmp231 = icmp_slt  i10 %zext_ln386, i10 %sub230_cast_read" [/home/izaan/GitRepos/dpdma_exdes/vivado_quad_vmix/kv260_quad_vmix_dp.runs/bd_quad_vmix_dp_v_frmbuf_wr_0_0_synth_1/prj/sol/.autopilot/db/v_frmbuf_wr.cpp:386]   --->   Operation 53 'icmp' 'cmp231' <Predicate = (!icmp_ln1291)> <Delay = 0.78> <CoreInst = "Cmp">   --->   Core 9 'Cmp' <Latency = 0> <II = 1> <Delay = 0.78> <FuncUnit> <Opcode : 'seteq' 'setne' 'setle' 'setge' 'setlt' 'setgt'> <InPorts = 2> <OutPorts = 1>
ST_1 : Operation 54 [1/1] (0.28ns)   --->   "%or_ln1296 = or i1 %cmp231, i1 %cmp233_read" [/home/izaan/GitRepos/dpdma_exdes/vivado_quad_vmix/kv260_quad_vmix_dp.runs/bd_quad_vmix_dp_v_frmbuf_wr_0_0_synth_1/prj/sol/.autopilot/db/v_frmbuf_wr.cpp:1296]   --->   Operation 54 'or' 'or_ln1296' <Predicate = (!icmp_ln1291)> <Delay = 0.28> <CoreInst = "LogicGate">   --->   Core 74 'LogicGate' <Latency = 0> <II = 1> <Delay = 0.28> <FuncUnit> <Opcode : 'and' 'or' 'xor'> <InPorts = 2> <OutPorts = 1>
ST_1 : Operation 55 [1/1] (0.28ns)   --->   "%or_ln1311 = or i1 %cmp231, i1 %tmp" [/home/izaan/GitRepos/dpdma_exdes/vivado_quad_vmix/kv260_quad_vmix_dp.runs/bd_quad_vmix_dp_v_frmbuf_wr_0_0_synth_1/prj/sol/.autopilot/db/v_frmbuf_wr.cpp:1311]   --->   Operation 55 'or' 'or_ln1311' <Predicate = (!icmp_ln1291)> <Delay = 0.28> <CoreInst = "LogicGate">   --->   Core 74 'LogicGate' <Latency = 0> <II = 1> <Delay = 0.28> <FuncUnit> <Opcode : 'and' 'or' 'xor'> <InPorts = 2> <OutPorts = 1>
ST_1 : Operation 56 [1/1] (0.00ns)   --->   "%br_ln1311 = br i1 %or_ln1311, void %for.inc296.1, void %if.then287.1" [/home/izaan/GitRepos/dpdma_exdes/vivado_quad_vmix/kv260_quad_vmix_dp.runs/bd_quad_vmix_dp_v_frmbuf_wr_0_0_synth_1/prj/sol/.autopilot/db/v_frmbuf_wr.cpp:1311]   --->   Operation 56 'br' 'br_ln1311' <Predicate = (!icmp_ln1291)> <Delay = 0.00>
ST_1 : Operation 57 [1/1] (0.28ns)   --->   "%or_ln1311_1 = or i1 %cmp231, i1 %cmp286_2_read" [/home/izaan/GitRepos/dpdma_exdes/vivado_quad_vmix/kv260_quad_vmix_dp.runs/bd_quad_vmix_dp_v_frmbuf_wr_0_0_synth_1/prj/sol/.autopilot/db/v_frmbuf_wr.cpp:1311]   --->   Operation 57 'or' 'or_ln1311_1' <Predicate = (!icmp_ln1291)> <Delay = 0.28> <CoreInst = "LogicGate">   --->   Core 74 'LogicGate' <Latency = 0> <II = 1> <Delay = 0.28> <FuncUnit> <Opcode : 'and' 'or' 'xor'> <InPorts = 2> <OutPorts = 1>
ST_1 : Operation 58 [1/1] (0.00ns)   --->   "%br_ln1311 = br i1 %or_ln1311_1, void %for.inc296.2, void %if.then287.2" [/home/izaan/GitRepos/dpdma_exdes/vivado_quad_vmix/kv260_quad_vmix_dp.runs/bd_quad_vmix_dp_v_frmbuf_wr_0_0_synth_1/prj/sol/.autopilot/db/v_frmbuf_wr.cpp:1311]   --->   Operation 58 'br' 'br_ln1311' <Predicate = (!icmp_ln1291)> <Delay = 0.00>
ST_1 : Operation 59 [1/1] (0.42ns)   --->   "%store_ln1291 = store i9 %x_2, i9 %x" [/home/izaan/GitRepos/dpdma_exdes/vivado_quad_vmix/kv260_quad_vmix_dp.runs/bd_quad_vmix_dp_v_frmbuf_wr_0_0_synth_1/prj/sol/.autopilot/db/v_frmbuf_wr.cpp:1291]   --->   Operation 59 'store' 'store_ln1291' <Predicate = (!icmp_ln1291)> <Delay = 0.42>

State 2 <SV = 1> <Delay = 1.83>
ST_2 : Operation 60 [1/1] (0.00ns)   --->   "%p_load47 = load i8 %empty_163"   --->   Operation 60 'load' 'p_load47' <Predicate = true> <Delay = 0.00>
ST_2 : Operation 61 [1/1] (0.00ns)   --->   "%p_load46 = load i8 %empty_164"   --->   Operation 61 'load' 'p_load46' <Predicate = true> <Delay = 0.00>
ST_2 : Operation 62 [1/1] (0.00ns)   --->   "%p_load45 = load i8 %empty_165"   --->   Operation 62 'load' 'p_load45' <Predicate = true> <Delay = 0.00>
ST_2 : Operation 63 [1/1] (0.00ns)   --->   "%p_load44 = load i8 %empty_166"   --->   Operation 63 'load' 'p_load44' <Predicate = true> <Delay = 0.00>
ST_2 : Operation 64 [1/1] (0.00ns)   --->   "%p_load43 = load i8 %empty_167"   --->   Operation 64 'load' 'p_load43' <Predicate = true> <Delay = 0.00>
ST_2 : Operation 65 [1/1] (0.00ns)   --->   "%p_load = load i8 %empty_168"   --->   Operation 65 'load' 'p_load' <Predicate = true> <Delay = 0.00>
ST_2 : Operation 66 [1/1] (0.00ns)   --->   "%speclooptripcount_ln0 = speclooptripcount void @_ssdm_op_SpecLoopTripCount, i64 0, i64 480, i64 0"   --->   Operation 66 'speclooptripcount' 'speclooptripcount_ln0' <Predicate = true> <Delay = 0.00>
ST_2 : Operation 67 [1/1] (0.00ns)   --->   "%specpipeline_ln1293 = specpipeline void @_ssdm_op_SpecPipeline, i32 8, i32 0, i32 0, i32 0, void @empty_1" [/home/izaan/GitRepos/dpdma_exdes/vivado_quad_vmix/kv260_quad_vmix_dp.runs/bd_quad_vmix_dp_v_frmbuf_wr_0_0_synth_1/prj/sol/.autopilot/db/v_frmbuf_wr.cpp:1293]   --->   Operation 67 'specpipeline' 'specpipeline_ln1293' <Predicate = (!icmp_ln1291)> <Delay = 0.00>
ST_2 : Operation 68 [1/1] (0.00ns)   --->   "%specloopname_ln1291 = specloopname void @_ssdm_op_SpecLoopName, void @empty_28" [/home/izaan/GitRepos/dpdma_exdes/vivado_quad_vmix/kv260_quad_vmix_dp.runs/bd_quad_vmix_dp_v_frmbuf_wr_0_0_synth_1/prj/sol/.autopilot/db/v_frmbuf_wr.cpp:1291]   --->   Operation 68 'specloopname' 'specloopname_ln1291' <Predicate = (!icmp_ln1291)> <Delay = 0.00>
ST_2 : Operation 69 [1/1] (0.42ns)   --->   "%br_ln1296 = br i1 %or_ln1296, void %for.inc263, void %if.then234" [/home/izaan/GitRepos/dpdma_exdes/vivado_quad_vmix/kv260_quad_vmix_dp.runs/bd_quad_vmix_dp_v_frmbuf_wr_0_0_synth_1/prj/sol/.autopilot/db/v_frmbuf_wr.cpp:1296]   --->   Operation 69 'br' 'br_ln1296' <Predicate = (!icmp_ln1291)> <Delay = 0.42>
ST_2 : Operation 70 [1/1] ( I:1.83ns O:1.83ns )   --->   "%img_read = read i48 @_ssdm_op_Read.ap_fifo.volatile.i48P0A, i48 %img" [/home/izaan/GitRepos/dpdma_exdes/vivado_quad_vmix/kv260_quad_vmix_dp.runs/bd_quad_vmix_dp_v_frmbuf_wr_0_0_synth_1/prj/sol/.autopilot/db/v_frmbuf_wr.cpp:1297]   --->   Operation 70 'read' 'img_read' <Predicate = (!icmp_ln1291 & or_ln1296)> <Delay = 1.83> <CoreInst = "FIFO_SRL">   --->   Core 80 'FIFO_SRL' <Latency = 0> <II = 1> <Delay = 1.83> <Storage> <Opcode : 'read' 'write' 'nbread' 'nbwrite'> <Ports = 0> <Width = 48> <Depth = 2> <FIFO>
ST_2 : Operation 71 [1/1] (0.00ns)   --->   "%trunc_ln1297 = trunc i48 %img_read" [/home/izaan/GitRepos/dpdma_exdes/vivado_quad_vmix/kv260_quad_vmix_dp.runs/bd_quad_vmix_dp_v_frmbuf_wr_0_0_synth_1/prj/sol/.autopilot/db/v_frmbuf_wr.cpp:1297]   --->   Operation 71 'trunc' 'trunc_ln1297' <Predicate = (!icmp_ln1291 & or_ln1296)> <Delay = 0.00>
ST_2 : Operation 72 [1/1] (0.00ns)   --->   "%trunc_ln1297_1 = partselect i8 @_ssdm_op_PartSelect.i8.i48.i32.i32, i48 %img_read, i32 8, i32 15" [/home/izaan/GitRepos/dpdma_exdes/vivado_quad_vmix/kv260_quad_vmix_dp.runs/bd_quad_vmix_dp_v_frmbuf_wr_0_0_synth_1/prj/sol/.autopilot/db/v_frmbuf_wr.cpp:1297]   --->   Operation 72 'partselect' 'trunc_ln1297_1' <Predicate = (!icmp_ln1291 & or_ln1296)> <Delay = 0.00>
ST_2 : Operation 73 [1/1] (0.00ns)   --->   "%trunc_ln1297_2 = partselect i8 @_ssdm_op_PartSelect.i8.i48.i32.i32, i48 %img_read, i32 16, i32 23" [/home/izaan/GitRepos/dpdma_exdes/vivado_quad_vmix/kv260_quad_vmix_dp.runs/bd_quad_vmix_dp_v_frmbuf_wr_0_0_synth_1/prj/sol/.autopilot/db/v_frmbuf_wr.cpp:1297]   --->   Operation 73 'partselect' 'trunc_ln1297_2' <Predicate = (!icmp_ln1291 & or_ln1296)> <Delay = 0.00>
ST_2 : Operation 74 [1/1] (0.00ns)   --->   "%trunc_ln1297_3 = partselect i8 @_ssdm_op_PartSelect.i8.i48.i32.i32, i48 %img_read, i32 24, i32 31" [/home/izaan/GitRepos/dpdma_exdes/vivado_quad_vmix/kv260_quad_vmix_dp.runs/bd_quad_vmix_dp_v_frmbuf_wr_0_0_synth_1/prj/sol/.autopilot/db/v_frmbuf_wr.cpp:1297]   --->   Operation 74 'partselect' 'trunc_ln1297_3' <Predicate = (!icmp_ln1291 & or_ln1296)> <Delay = 0.00>
ST_2 : Operation 75 [1/1] (0.00ns)   --->   "%trunc_ln1297_4 = partselect i8 @_ssdm_op_PartSelect.i8.i48.i32.i32, i48 %img_read, i32 32, i32 39" [/home/izaan/GitRepos/dpdma_exdes/vivado_quad_vmix/kv260_quad_vmix_dp.runs/bd_quad_vmix_dp_v_frmbuf_wr_0_0_synth_1/prj/sol/.autopilot/db/v_frmbuf_wr.cpp:1297]   --->   Operation 75 'partselect' 'trunc_ln1297_4' <Predicate = (!icmp_ln1291 & or_ln1296)> <Delay = 0.00>
ST_2 : Operation 76 [1/1] (0.00ns)   --->   "%trunc_ln1297_5 = partselect i8 @_ssdm_op_PartSelect.i8.i48.i32.i32, i48 %img_read, i32 40, i32 47" [/home/izaan/GitRepos/dpdma_exdes/vivado_quad_vmix/kv260_quad_vmix_dp.runs/bd_quad_vmix_dp_v_frmbuf_wr_0_0_synth_1/prj/sol/.autopilot/db/v_frmbuf_wr.cpp:1297]   --->   Operation 76 'partselect' 'trunc_ln1297_5' <Predicate = (!icmp_ln1291 & or_ln1296)> <Delay = 0.00>
ST_2 : Operation 77 [1/1] (0.42ns)   --->   "%br_ln1297 = br void %for.inc263" [/home/izaan/GitRepos/dpdma_exdes/vivado_quad_vmix/kv260_quad_vmix_dp.runs/bd_quad_vmix_dp_v_frmbuf_wr_0_0_synth_1/prj/sol/.autopilot/db/v_frmbuf_wr.cpp:1297]   --->   Operation 77 'br' 'br_ln1297' <Predicate = (!icmp_ln1291 & or_ln1296)> <Delay = 0.42>
ST_2 : Operation 78 [1/1] (0.28ns)   --->   "%or_ln1296_1 = or i1 %cmp231, i1 %icmp26_read" [/home/izaan/GitRepos/dpdma_exdes/vivado_quad_vmix/kv260_quad_vmix_dp.runs/bd_quad_vmix_dp_v_frmbuf_wr_0_0_synth_1/prj/sol/.autopilot/db/v_frmbuf_wr.cpp:1296]   --->   Operation 78 'or' 'or_ln1296_1' <Predicate = (!icmp_ln1291)> <Delay = 0.28> <CoreInst = "LogicGate">   --->   Core 74 'LogicGate' <Latency = 0> <II = 1> <Delay = 0.28> <FuncUnit> <Opcode : 'and' 'or' 'xor'> <InPorts = 2> <OutPorts = 1>
ST_2 : Operation 211 [1/1] (0.00ns)   --->   "%store_ln0 = store i8 %p_load, i8 %p_out"   --->   Operation 211 'store' 'store_ln0' <Predicate = (icmp_ln1291)> <Delay = 0.00>
ST_2 : Operation 212 [1/1] (0.00ns)   --->   "%store_ln0 = store i8 %p_load43, i8 %p_out1"   --->   Operation 212 'store' 'store_ln0' <Predicate = (icmp_ln1291)> <Delay = 0.00>
ST_2 : Operation 213 [1/1] (0.00ns)   --->   "%store_ln0 = store i8 %p_load44, i8 %p_out2"   --->   Operation 213 'store' 'store_ln0' <Predicate = (icmp_ln1291)> <Delay = 0.00>
ST_2 : Operation 214 [1/1] (0.00ns)   --->   "%store_ln0 = store i8 %p_load45, i8 %p_out3"   --->   Operation 214 'store' 'store_ln0' <Predicate = (icmp_ln1291)> <Delay = 0.00>
ST_2 : Operation 215 [1/1] (0.00ns)   --->   "%store_ln0 = store i8 %p_load46, i8 %p_out4"   --->   Operation 215 'store' 'store_ln0' <Predicate = (icmp_ln1291)> <Delay = 0.00>
ST_2 : Operation 216 [1/1] (0.00ns)   --->   "%store_ln0 = store i8 %p_load47, i8 %p_out5"   --->   Operation 216 'store' 'store_ln0' <Predicate = (icmp_ln1291)> <Delay = 0.00>
ST_2 : Operation 217 [1/1] (0.42ns)   --->   "%ret_ln0 = ret"   --->   Operation 217 'ret' 'ret_ln0' <Predicate = (icmp_ln1291)> <Delay = 0.42>

State 3 <SV = 2> <Delay = 1.83>
ST_3 : Operation 79 [1/1] (0.00ns)   --->   "%empty_211 = phi i8 %trunc_ln1297_5, void %if.then234, i8 %p_load, void %VITIS_LOOP_1294_7.split" [/home/izaan/GitRepos/dpdma_exdes/vivado_quad_vmix/kv260_quad_vmix_dp.runs/bd_quad_vmix_dp_v_frmbuf_wr_0_0_synth_1/prj/sol/.autopilot/db/v_frmbuf_wr.cpp:1297]   --->   Operation 79 'phi' 'empty_211' <Predicate = (!icmp_ln1291)> <Delay = 0.00>
ST_3 : Operation 80 [1/1] (0.00ns)   --->   "%empty_212 = phi i8 %trunc_ln1297_4, void %if.then234, i8 %p_load43, void %VITIS_LOOP_1294_7.split" [/home/izaan/GitRepos/dpdma_exdes/vivado_quad_vmix/kv260_quad_vmix_dp.runs/bd_quad_vmix_dp_v_frmbuf_wr_0_0_synth_1/prj/sol/.autopilot/db/v_frmbuf_wr.cpp:1297]   --->   Operation 80 'phi' 'empty_212' <Predicate = (!icmp_ln1291)> <Delay = 0.00>
ST_3 : Operation 81 [1/1] (0.00ns)   --->   "%empty_213 = phi i8 %trunc_ln1297_3, void %if.then234, i8 %p_load44, void %VITIS_LOOP_1294_7.split" [/home/izaan/GitRepos/dpdma_exdes/vivado_quad_vmix/kv260_quad_vmix_dp.runs/bd_quad_vmix_dp_v_frmbuf_wr_0_0_synth_1/prj/sol/.autopilot/db/v_frmbuf_wr.cpp:1297]   --->   Operation 81 'phi' 'empty_213' <Predicate = (!icmp_ln1291)> <Delay = 0.00>
ST_3 : Operation 82 [1/1] (0.00ns)   --->   "%empty_214 = phi i8 %trunc_ln1297_2, void %if.then234, i8 %p_load45, void %VITIS_LOOP_1294_7.split" [/home/izaan/GitRepos/dpdma_exdes/vivado_quad_vmix/kv260_quad_vmix_dp.runs/bd_quad_vmix_dp_v_frmbuf_wr_0_0_synth_1/prj/sol/.autopilot/db/v_frmbuf_wr.cpp:1297]   --->   Operation 82 'phi' 'empty_214' <Predicate = (!icmp_ln1291)> <Delay = 0.00>
ST_3 : Operation 83 [1/1] (0.00ns)   --->   "%empty_215 = phi i8 %trunc_ln1297_1, void %if.then234, i8 %p_load46, void %VITIS_LOOP_1294_7.split" [/home/izaan/GitRepos/dpdma_exdes/vivado_quad_vmix/kv260_quad_vmix_dp.runs/bd_quad_vmix_dp_v_frmbuf_wr_0_0_synth_1/prj/sol/.autopilot/db/v_frmbuf_wr.cpp:1297]   --->   Operation 83 'phi' 'empty_215' <Predicate = (!icmp_ln1291)> <Delay = 0.00>
ST_3 : Operation 84 [1/1] (0.00ns)   --->   "%empty_216 = phi i8 %trunc_ln1297, void %if.then234, i8 %p_load47, void %VITIS_LOOP_1294_7.split" [/home/izaan/GitRepos/dpdma_exdes/vivado_quad_vmix/kv260_quad_vmix_dp.runs/bd_quad_vmix_dp_v_frmbuf_wr_0_0_synth_1/prj/sol/.autopilot/db/v_frmbuf_wr.cpp:1297]   --->   Operation 84 'phi' 'empty_216' <Predicate = (!icmp_ln1291)> <Delay = 0.00>
ST_3 : Operation 85 [1/1] (0.42ns)   --->   "%br_ln1296 = br i1 %or_ln1296_1, void %for.inc263.1, void %if.then234.1" [/home/izaan/GitRepos/dpdma_exdes/vivado_quad_vmix/kv260_quad_vmix_dp.runs/bd_quad_vmix_dp_v_frmbuf_wr_0_0_synth_1/prj/sol/.autopilot/db/v_frmbuf_wr.cpp:1296]   --->   Operation 85 'br' 'br_ln1296' <Predicate = (!icmp_ln1291)> <Delay = 0.42>
ST_3 : Operation 86 [1/1] ( I:1.83ns O:1.83ns )   --->   "%img_read_1 = read i48 @_ssdm_op_Read.ap_fifo.volatile.i48P0A, i48 %img" [/home/izaan/GitRepos/dpdma_exdes/vivado_quad_vmix/kv260_quad_vmix_dp.runs/bd_quad_vmix_dp_v_frmbuf_wr_0_0_synth_1/prj/sol/.autopilot/db/v_frmbuf_wr.cpp:1297]   --->   Operation 86 'read' 'img_read_1' <Predicate = (!icmp_ln1291 & or_ln1296_1)> <Delay = 1.83> <CoreInst = "FIFO_SRL">   --->   Core 80 'FIFO_SRL' <Latency = 0> <II = 1> <Delay = 1.83> <Storage> <Opcode : 'read' 'write' 'nbread' 'nbwrite'> <Ports = 0> <Width = 48> <Depth = 2> <FIFO>
ST_3 : Operation 87 [1/1] (0.00ns)   --->   "%trunc_ln1297_6 = trunc i48 %img_read_1" [/home/izaan/GitRepos/dpdma_exdes/vivado_quad_vmix/kv260_quad_vmix_dp.runs/bd_quad_vmix_dp_v_frmbuf_wr_0_0_synth_1/prj/sol/.autopilot/db/v_frmbuf_wr.cpp:1297]   --->   Operation 87 'trunc' 'trunc_ln1297_6' <Predicate = (!icmp_ln1291 & or_ln1296_1)> <Delay = 0.00>
ST_3 : Operation 88 [1/1] (0.00ns)   --->   "%trunc_ln1297_7 = partselect i8 @_ssdm_op_PartSelect.i8.i48.i32.i32, i48 %img_read_1, i32 8, i32 15" [/home/izaan/GitRepos/dpdma_exdes/vivado_quad_vmix/kv260_quad_vmix_dp.runs/bd_quad_vmix_dp_v_frmbuf_wr_0_0_synth_1/prj/sol/.autopilot/db/v_frmbuf_wr.cpp:1297]   --->   Operation 88 'partselect' 'trunc_ln1297_7' <Predicate = (!icmp_ln1291 & or_ln1296_1)> <Delay = 0.00>
ST_3 : Operation 89 [1/1] (0.00ns)   --->   "%trunc_ln1297_8 = partselect i8 @_ssdm_op_PartSelect.i8.i48.i32.i32, i48 %img_read_1, i32 16, i32 23" [/home/izaan/GitRepos/dpdma_exdes/vivado_quad_vmix/kv260_quad_vmix_dp.runs/bd_quad_vmix_dp_v_frmbuf_wr_0_0_synth_1/prj/sol/.autopilot/db/v_frmbuf_wr.cpp:1297]   --->   Operation 89 'partselect' 'trunc_ln1297_8' <Predicate = (!icmp_ln1291 & or_ln1296_1)> <Delay = 0.00>
ST_3 : Operation 90 [1/1] (0.00ns)   --->   "%trunc_ln1297_9 = partselect i8 @_ssdm_op_PartSelect.i8.i48.i32.i32, i48 %img_read_1, i32 24, i32 31" [/home/izaan/GitRepos/dpdma_exdes/vivado_quad_vmix/kv260_quad_vmix_dp.runs/bd_quad_vmix_dp_v_frmbuf_wr_0_0_synth_1/prj/sol/.autopilot/db/v_frmbuf_wr.cpp:1297]   --->   Operation 90 'partselect' 'trunc_ln1297_9' <Predicate = (!icmp_ln1291 & or_ln1296_1)> <Delay = 0.00>
ST_3 : Operation 91 [1/1] (0.00ns)   --->   "%trunc_ln1297_s = partselect i8 @_ssdm_op_PartSelect.i8.i48.i32.i32, i48 %img_read_1, i32 32, i32 39" [/home/izaan/GitRepos/dpdma_exdes/vivado_quad_vmix/kv260_quad_vmix_dp.runs/bd_quad_vmix_dp_v_frmbuf_wr_0_0_synth_1/prj/sol/.autopilot/db/v_frmbuf_wr.cpp:1297]   --->   Operation 91 'partselect' 'trunc_ln1297_s' <Predicate = (!icmp_ln1291 & or_ln1296_1)> <Delay = 0.00>
ST_3 : Operation 92 [1/1] (0.00ns)   --->   "%trunc_ln1297_10 = partselect i8 @_ssdm_op_PartSelect.i8.i48.i32.i32, i48 %img_read_1, i32 40, i32 47" [/home/izaan/GitRepos/dpdma_exdes/vivado_quad_vmix/kv260_quad_vmix_dp.runs/bd_quad_vmix_dp_v_frmbuf_wr_0_0_synth_1/prj/sol/.autopilot/db/v_frmbuf_wr.cpp:1297]   --->   Operation 92 'partselect' 'trunc_ln1297_10' <Predicate = (!icmp_ln1291 & or_ln1296_1)> <Delay = 0.00>
ST_3 : Operation 93 [1/1] (0.42ns)   --->   "%br_ln1297 = br void %for.inc263.1" [/home/izaan/GitRepos/dpdma_exdes/vivado_quad_vmix/kv260_quad_vmix_dp.runs/bd_quad_vmix_dp_v_frmbuf_wr_0_0_synth_1/prj/sol/.autopilot/db/v_frmbuf_wr.cpp:1297]   --->   Operation 93 'br' 'br_ln1297' <Predicate = (!icmp_ln1291 & or_ln1296_1)> <Delay = 0.42>
ST_3 : Operation 94 [1/1] (0.28ns)   --->   "%or_ln1296_2 = or i1 %cmp231, i1 %cmp233_2_read" [/home/izaan/GitRepos/dpdma_exdes/vivado_quad_vmix/kv260_quad_vmix_dp.runs/bd_quad_vmix_dp_v_frmbuf_wr_0_0_synth_1/prj/sol/.autopilot/db/v_frmbuf_wr.cpp:1296]   --->   Operation 94 'or' 'or_ln1296_2' <Predicate = (!icmp_ln1291)> <Delay = 0.28> <CoreInst = "LogicGate">   --->   Core 74 'LogicGate' <Latency = 0> <II = 1> <Delay = 0.28> <FuncUnit> <Opcode : 'and' 'or' 'xor'> <InPorts = 2> <OutPorts = 1>

State 4 <SV = 3> <Delay = 1.83>
ST_4 : Operation 95 [1/1] (0.00ns)   --->   "%empty_205 = phi i8 %trunc_ln1297_10, void %if.then234.1, i8 %empty_211, void %for.inc263" [/home/izaan/GitRepos/dpdma_exdes/vivado_quad_vmix/kv260_quad_vmix_dp.runs/bd_quad_vmix_dp_v_frmbuf_wr_0_0_synth_1/prj/sol/.autopilot/db/v_frmbuf_wr.cpp:1297]   --->   Operation 95 'phi' 'empty_205' <Predicate = (!icmp_ln1291)> <Delay = 0.00>
ST_4 : Operation 96 [1/1] (0.00ns)   --->   "%empty_206 = phi i8 %trunc_ln1297_s, void %if.then234.1, i8 %empty_212, void %for.inc263" [/home/izaan/GitRepos/dpdma_exdes/vivado_quad_vmix/kv260_quad_vmix_dp.runs/bd_quad_vmix_dp_v_frmbuf_wr_0_0_synth_1/prj/sol/.autopilot/db/v_frmbuf_wr.cpp:1297]   --->   Operation 96 'phi' 'empty_206' <Predicate = (!icmp_ln1291)> <Delay = 0.00>
ST_4 : Operation 97 [1/1] (0.00ns)   --->   "%empty_207 = phi i8 %trunc_ln1297_9, void %if.then234.1, i8 %empty_213, void %for.inc263" [/home/izaan/GitRepos/dpdma_exdes/vivado_quad_vmix/kv260_quad_vmix_dp.runs/bd_quad_vmix_dp_v_frmbuf_wr_0_0_synth_1/prj/sol/.autopilot/db/v_frmbuf_wr.cpp:1297]   --->   Operation 97 'phi' 'empty_207' <Predicate = (!icmp_ln1291)> <Delay = 0.00>
ST_4 : Operation 98 [1/1] (0.00ns)   --->   "%empty_208 = phi i8 %trunc_ln1297_8, void %if.then234.1, i8 %empty_214, void %for.inc263" [/home/izaan/GitRepos/dpdma_exdes/vivado_quad_vmix/kv260_quad_vmix_dp.runs/bd_quad_vmix_dp_v_frmbuf_wr_0_0_synth_1/prj/sol/.autopilot/db/v_frmbuf_wr.cpp:1297]   --->   Operation 98 'phi' 'empty_208' <Predicate = (!icmp_ln1291)> <Delay = 0.00>
ST_4 : Operation 99 [1/1] (0.00ns)   --->   "%empty_209 = phi i8 %trunc_ln1297_7, void %if.then234.1, i8 %empty_215, void %for.inc263" [/home/izaan/GitRepos/dpdma_exdes/vivado_quad_vmix/kv260_quad_vmix_dp.runs/bd_quad_vmix_dp_v_frmbuf_wr_0_0_synth_1/prj/sol/.autopilot/db/v_frmbuf_wr.cpp:1297]   --->   Operation 99 'phi' 'empty_209' <Predicate = (!icmp_ln1291)> <Delay = 0.00>
ST_4 : Operation 100 [1/1] (0.00ns)   --->   "%empty_210 = phi i8 %trunc_ln1297_6, void %if.then234.1, i8 %empty_216, void %for.inc263" [/home/izaan/GitRepos/dpdma_exdes/vivado_quad_vmix/kv260_quad_vmix_dp.runs/bd_quad_vmix_dp_v_frmbuf_wr_0_0_synth_1/prj/sol/.autopilot/db/v_frmbuf_wr.cpp:1297]   --->   Operation 100 'phi' 'empty_210' <Predicate = (!icmp_ln1291)> <Delay = 0.00>
ST_4 : Operation 101 [1/1] (0.42ns)   --->   "%br_ln1296 = br i1 %or_ln1296_2, void %for.inc263.2, void %if.then234.2" [/home/izaan/GitRepos/dpdma_exdes/vivado_quad_vmix/kv260_quad_vmix_dp.runs/bd_quad_vmix_dp_v_frmbuf_wr_0_0_synth_1/prj/sol/.autopilot/db/v_frmbuf_wr.cpp:1296]   --->   Operation 101 'br' 'br_ln1296' <Predicate = (!icmp_ln1291)> <Delay = 0.42>
ST_4 : Operation 102 [1/1] ( I:1.83ns O:1.83ns )   --->   "%img_read_2 = read i48 @_ssdm_op_Read.ap_fifo.volatile.i48P0A, i48 %img" [/home/izaan/GitRepos/dpdma_exdes/vivado_quad_vmix/kv260_quad_vmix_dp.runs/bd_quad_vmix_dp_v_frmbuf_wr_0_0_synth_1/prj/sol/.autopilot/db/v_frmbuf_wr.cpp:1297]   --->   Operation 102 'read' 'img_read_2' <Predicate = (!icmp_ln1291 & or_ln1296_2)> <Delay = 1.83> <CoreInst = "FIFO_SRL">   --->   Core 80 'FIFO_SRL' <Latency = 0> <II = 1> <Delay = 1.83> <Storage> <Opcode : 'read' 'write' 'nbread' 'nbwrite'> <Ports = 0> <Width = 48> <Depth = 2> <FIFO>
ST_4 : Operation 103 [1/1] (0.00ns)   --->   "%trunc_ln1297_11 = trunc i48 %img_read_2" [/home/izaan/GitRepos/dpdma_exdes/vivado_quad_vmix/kv260_quad_vmix_dp.runs/bd_quad_vmix_dp_v_frmbuf_wr_0_0_synth_1/prj/sol/.autopilot/db/v_frmbuf_wr.cpp:1297]   --->   Operation 103 'trunc' 'trunc_ln1297_11' <Predicate = (!icmp_ln1291 & or_ln1296_2)> <Delay = 0.00>
ST_4 : Operation 104 [1/1] (0.00ns)   --->   "%trunc_ln1297_12 = partselect i8 @_ssdm_op_PartSelect.i8.i48.i32.i32, i48 %img_read_2, i32 8, i32 15" [/home/izaan/GitRepos/dpdma_exdes/vivado_quad_vmix/kv260_quad_vmix_dp.runs/bd_quad_vmix_dp_v_frmbuf_wr_0_0_synth_1/prj/sol/.autopilot/db/v_frmbuf_wr.cpp:1297]   --->   Operation 104 'partselect' 'trunc_ln1297_12' <Predicate = (!icmp_ln1291 & or_ln1296_2)> <Delay = 0.00>
ST_4 : Operation 105 [1/1] (0.00ns)   --->   "%trunc_ln1297_13 = partselect i8 @_ssdm_op_PartSelect.i8.i48.i32.i32, i48 %img_read_2, i32 16, i32 23" [/home/izaan/GitRepos/dpdma_exdes/vivado_quad_vmix/kv260_quad_vmix_dp.runs/bd_quad_vmix_dp_v_frmbuf_wr_0_0_synth_1/prj/sol/.autopilot/db/v_frmbuf_wr.cpp:1297]   --->   Operation 105 'partselect' 'trunc_ln1297_13' <Predicate = (!icmp_ln1291 & or_ln1296_2)> <Delay = 0.00>
ST_4 : Operation 106 [1/1] (0.00ns)   --->   "%trunc_ln1297_14 = partselect i8 @_ssdm_op_PartSelect.i8.i48.i32.i32, i48 %img_read_2, i32 24, i32 31" [/home/izaan/GitRepos/dpdma_exdes/vivado_quad_vmix/kv260_quad_vmix_dp.runs/bd_quad_vmix_dp_v_frmbuf_wr_0_0_synth_1/prj/sol/.autopilot/db/v_frmbuf_wr.cpp:1297]   --->   Operation 106 'partselect' 'trunc_ln1297_14' <Predicate = (!icmp_ln1291 & or_ln1296_2)> <Delay = 0.00>
ST_4 : Operation 107 [1/1] (0.00ns)   --->   "%trunc_ln1297_15 = partselect i8 @_ssdm_op_PartSelect.i8.i48.i32.i32, i48 %img_read_2, i32 32, i32 39" [/home/izaan/GitRepos/dpdma_exdes/vivado_quad_vmix/kv260_quad_vmix_dp.runs/bd_quad_vmix_dp_v_frmbuf_wr_0_0_synth_1/prj/sol/.autopilot/db/v_frmbuf_wr.cpp:1297]   --->   Operation 107 'partselect' 'trunc_ln1297_15' <Predicate = (!icmp_ln1291 & or_ln1296_2)> <Delay = 0.00>
ST_4 : Operation 108 [1/1] (0.00ns)   --->   "%trunc_ln1297_16 = partselect i8 @_ssdm_op_PartSelect.i8.i48.i32.i32, i48 %img_read_2, i32 40, i32 47" [/home/izaan/GitRepos/dpdma_exdes/vivado_quad_vmix/kv260_quad_vmix_dp.runs/bd_quad_vmix_dp_v_frmbuf_wr_0_0_synth_1/prj/sol/.autopilot/db/v_frmbuf_wr.cpp:1297]   --->   Operation 108 'partselect' 'trunc_ln1297_16' <Predicate = (!icmp_ln1291 & or_ln1296_2)> <Delay = 0.00>
ST_4 : Operation 109 [1/1] (0.42ns)   --->   "%br_ln1297 = br void %for.inc263.2" [/home/izaan/GitRepos/dpdma_exdes/vivado_quad_vmix/kv260_quad_vmix_dp.runs/bd_quad_vmix_dp_v_frmbuf_wr_0_0_synth_1/prj/sol/.autopilot/db/v_frmbuf_wr.cpp:1297]   --->   Operation 109 'br' 'br_ln1297' <Predicate = (!icmp_ln1291 & or_ln1296_2)> <Delay = 0.42>
ST_4 : Operation 110 [1/1] (0.28ns)   --->   "%or_ln1296_3 = or i1 %cmp231, i1 %icmp29_read" [/home/izaan/GitRepos/dpdma_exdes/vivado_quad_vmix/kv260_quad_vmix_dp.runs/bd_quad_vmix_dp_v_frmbuf_wr_0_0_synth_1/prj/sol/.autopilot/db/v_frmbuf_wr.cpp:1296]   --->   Operation 110 'or' 'or_ln1296_3' <Predicate = (!icmp_ln1291)> <Delay = 0.28> <CoreInst = "LogicGate">   --->   Core 74 'LogicGate' <Latency = 0> <II = 1> <Delay = 0.28> <FuncUnit> <Opcode : 'and' 'or' 'xor'> <InPorts = 2> <OutPorts = 1>
ST_4 : Operation 111 [1/1] (0.28ns)   --->   "%or_ln1296_4 = or i1 %cmp231, i1 %cmp233_4_read" [/home/izaan/GitRepos/dpdma_exdes/vivado_quad_vmix/kv260_quad_vmix_dp.runs/bd_quad_vmix_dp_v_frmbuf_wr_0_0_synth_1/prj/sol/.autopilot/db/v_frmbuf_wr.cpp:1296]   --->   Operation 111 'or' 'or_ln1296_4' <Predicate = (!icmp_ln1291)> <Delay = 0.28> <CoreInst = "LogicGate">   --->   Core 74 'LogicGate' <Latency = 0> <II = 1> <Delay = 0.28> <FuncUnit> <Opcode : 'and' 'or' 'xor'> <InPorts = 2> <OutPorts = 1>
ST_4 : Operation 112 [1/1] (0.28ns)   --->   "%or_ln1296_5 = or i1 %cmp231, i1 %cmp233_5_read" [/home/izaan/GitRepos/dpdma_exdes/vivado_quad_vmix/kv260_quad_vmix_dp.runs/bd_quad_vmix_dp_v_frmbuf_wr_0_0_synth_1/prj/sol/.autopilot/db/v_frmbuf_wr.cpp:1296]   --->   Operation 112 'or' 'or_ln1296_5' <Predicate = (!icmp_ln1291)> <Delay = 0.28> <CoreInst = "LogicGate">   --->   Core 74 'LogicGate' <Latency = 0> <II = 1> <Delay = 0.28> <FuncUnit> <Opcode : 'and' 'or' 'xor'> <InPorts = 2> <OutPorts = 1>
ST_4 : Operation 113 [1/1] (0.28ns)   --->   "%or_ln1296_6 = or i1 %cmp231, i1 %cmp233_6_read" [/home/izaan/GitRepos/dpdma_exdes/vivado_quad_vmix/kv260_quad_vmix_dp.runs/bd_quad_vmix_dp_v_frmbuf_wr_0_0_synth_1/prj/sol/.autopilot/db/v_frmbuf_wr.cpp:1296]   --->   Operation 113 'or' 'or_ln1296_6' <Predicate = (!icmp_ln1291)> <Delay = 0.28> <CoreInst = "LogicGate">   --->   Core 74 'LogicGate' <Latency = 0> <II = 1> <Delay = 0.28> <FuncUnit> <Opcode : 'and' 'or' 'xor'> <InPorts = 2> <OutPorts = 1>
ST_4 : Operation 114 [1/1] (0.28ns)   --->   "%or_ln1296_7 = or i1 %cmp231, i1 %icmp_ln1277_read" [/home/izaan/GitRepos/dpdma_exdes/vivado_quad_vmix/kv260_quad_vmix_dp.runs/bd_quad_vmix_dp_v_frmbuf_wr_0_0_synth_1/prj/sol/.autopilot/db/v_frmbuf_wr.cpp:1296]   --->   Operation 114 'or' 'or_ln1296_7' <Predicate = (!icmp_ln1291)> <Delay = 0.28> <CoreInst = "LogicGate">   --->   Core 74 'LogicGate' <Latency = 0> <II = 1> <Delay = 0.28> <FuncUnit> <Opcode : 'and' 'or' 'xor'> <InPorts = 2> <OutPorts = 1>

State 5 <SV = 4> <Delay = 1.83>
ST_5 : Operation 115 [1/1] (0.00ns)   --->   "%empty_199 = phi i8 %trunc_ln1297_16, void %if.then234.2, i8 %empty_205, void %for.inc263.1" [/home/izaan/GitRepos/dpdma_exdes/vivado_quad_vmix/kv260_quad_vmix_dp.runs/bd_quad_vmix_dp_v_frmbuf_wr_0_0_synth_1/prj/sol/.autopilot/db/v_frmbuf_wr.cpp:1297]   --->   Operation 115 'phi' 'empty_199' <Predicate = (!icmp_ln1291)> <Delay = 0.00>
ST_5 : Operation 116 [1/1] (0.00ns)   --->   "%empty_200 = phi i8 %trunc_ln1297_15, void %if.then234.2, i8 %empty_206, void %for.inc263.1" [/home/izaan/GitRepos/dpdma_exdes/vivado_quad_vmix/kv260_quad_vmix_dp.runs/bd_quad_vmix_dp_v_frmbuf_wr_0_0_synth_1/prj/sol/.autopilot/db/v_frmbuf_wr.cpp:1297]   --->   Operation 116 'phi' 'empty_200' <Predicate = (!icmp_ln1291)> <Delay = 0.00>
ST_5 : Operation 117 [1/1] (0.00ns)   --->   "%empty_201 = phi i8 %trunc_ln1297_14, void %if.then234.2, i8 %empty_207, void %for.inc263.1" [/home/izaan/GitRepos/dpdma_exdes/vivado_quad_vmix/kv260_quad_vmix_dp.runs/bd_quad_vmix_dp_v_frmbuf_wr_0_0_synth_1/prj/sol/.autopilot/db/v_frmbuf_wr.cpp:1297]   --->   Operation 117 'phi' 'empty_201' <Predicate = (!icmp_ln1291)> <Delay = 0.00>
ST_5 : Operation 118 [1/1] (0.00ns)   --->   "%empty_202 = phi i8 %trunc_ln1297_13, void %if.then234.2, i8 %empty_208, void %for.inc263.1" [/home/izaan/GitRepos/dpdma_exdes/vivado_quad_vmix/kv260_quad_vmix_dp.runs/bd_quad_vmix_dp_v_frmbuf_wr_0_0_synth_1/prj/sol/.autopilot/db/v_frmbuf_wr.cpp:1297]   --->   Operation 118 'phi' 'empty_202' <Predicate = (!icmp_ln1291)> <Delay = 0.00>
ST_5 : Operation 119 [1/1] (0.00ns)   --->   "%empty_203 = phi i8 %trunc_ln1297_12, void %if.then234.2, i8 %empty_209, void %for.inc263.1" [/home/izaan/GitRepos/dpdma_exdes/vivado_quad_vmix/kv260_quad_vmix_dp.runs/bd_quad_vmix_dp_v_frmbuf_wr_0_0_synth_1/prj/sol/.autopilot/db/v_frmbuf_wr.cpp:1297]   --->   Operation 119 'phi' 'empty_203' <Predicate = (!icmp_ln1291)> <Delay = 0.00>
ST_5 : Operation 120 [1/1] (0.00ns)   --->   "%empty_204 = phi i8 %trunc_ln1297_11, void %if.then234.2, i8 %empty_210, void %for.inc263.1" [/home/izaan/GitRepos/dpdma_exdes/vivado_quad_vmix/kv260_quad_vmix_dp.runs/bd_quad_vmix_dp_v_frmbuf_wr_0_0_synth_1/prj/sol/.autopilot/db/v_frmbuf_wr.cpp:1297]   --->   Operation 120 'phi' 'empty_204' <Predicate = (!icmp_ln1291)> <Delay = 0.00>
ST_5 : Operation 121 [1/1] (0.42ns)   --->   "%br_ln1296 = br i1 %or_ln1296_3, void %for.inc263.3, void %if.then234.3" [/home/izaan/GitRepos/dpdma_exdes/vivado_quad_vmix/kv260_quad_vmix_dp.runs/bd_quad_vmix_dp_v_frmbuf_wr_0_0_synth_1/prj/sol/.autopilot/db/v_frmbuf_wr.cpp:1296]   --->   Operation 121 'br' 'br_ln1296' <Predicate = (!icmp_ln1291)> <Delay = 0.42>
ST_5 : Operation 122 [1/1] ( I:1.83ns O:1.83ns )   --->   "%img_read_3 = read i48 @_ssdm_op_Read.ap_fifo.volatile.i48P0A, i48 %img" [/home/izaan/GitRepos/dpdma_exdes/vivado_quad_vmix/kv260_quad_vmix_dp.runs/bd_quad_vmix_dp_v_frmbuf_wr_0_0_synth_1/prj/sol/.autopilot/db/v_frmbuf_wr.cpp:1297]   --->   Operation 122 'read' 'img_read_3' <Predicate = (!icmp_ln1291 & or_ln1296_3)> <Delay = 1.83> <CoreInst = "FIFO_SRL">   --->   Core 80 'FIFO_SRL' <Latency = 0> <II = 1> <Delay = 1.83> <Storage> <Opcode : 'read' 'write' 'nbread' 'nbwrite'> <Ports = 0> <Width = 48> <Depth = 2> <FIFO>
ST_5 : Operation 123 [1/1] (0.00ns)   --->   "%trunc_ln1297_17 = trunc i48 %img_read_3" [/home/izaan/GitRepos/dpdma_exdes/vivado_quad_vmix/kv260_quad_vmix_dp.runs/bd_quad_vmix_dp_v_frmbuf_wr_0_0_synth_1/prj/sol/.autopilot/db/v_frmbuf_wr.cpp:1297]   --->   Operation 123 'trunc' 'trunc_ln1297_17' <Predicate = (!icmp_ln1291 & or_ln1296_3)> <Delay = 0.00>
ST_5 : Operation 124 [1/1] (0.00ns)   --->   "%trunc_ln1297_18 = partselect i8 @_ssdm_op_PartSelect.i8.i48.i32.i32, i48 %img_read_3, i32 8, i32 15" [/home/izaan/GitRepos/dpdma_exdes/vivado_quad_vmix/kv260_quad_vmix_dp.runs/bd_quad_vmix_dp_v_frmbuf_wr_0_0_synth_1/prj/sol/.autopilot/db/v_frmbuf_wr.cpp:1297]   --->   Operation 124 'partselect' 'trunc_ln1297_18' <Predicate = (!icmp_ln1291 & or_ln1296_3)> <Delay = 0.00>
ST_5 : Operation 125 [1/1] (0.00ns)   --->   "%trunc_ln1297_19 = partselect i8 @_ssdm_op_PartSelect.i8.i48.i32.i32, i48 %img_read_3, i32 16, i32 23" [/home/izaan/GitRepos/dpdma_exdes/vivado_quad_vmix/kv260_quad_vmix_dp.runs/bd_quad_vmix_dp_v_frmbuf_wr_0_0_synth_1/prj/sol/.autopilot/db/v_frmbuf_wr.cpp:1297]   --->   Operation 125 'partselect' 'trunc_ln1297_19' <Predicate = (!icmp_ln1291 & or_ln1296_3)> <Delay = 0.00>
ST_5 : Operation 126 [1/1] (0.00ns)   --->   "%trunc_ln1297_20 = partselect i8 @_ssdm_op_PartSelect.i8.i48.i32.i32, i48 %img_read_3, i32 24, i32 31" [/home/izaan/GitRepos/dpdma_exdes/vivado_quad_vmix/kv260_quad_vmix_dp.runs/bd_quad_vmix_dp_v_frmbuf_wr_0_0_synth_1/prj/sol/.autopilot/db/v_frmbuf_wr.cpp:1297]   --->   Operation 126 'partselect' 'trunc_ln1297_20' <Predicate = (!icmp_ln1291 & or_ln1296_3)> <Delay = 0.00>
ST_5 : Operation 127 [1/1] (0.00ns)   --->   "%trunc_ln1297_21 = partselect i8 @_ssdm_op_PartSelect.i8.i48.i32.i32, i48 %img_read_3, i32 32, i32 39" [/home/izaan/GitRepos/dpdma_exdes/vivado_quad_vmix/kv260_quad_vmix_dp.runs/bd_quad_vmix_dp_v_frmbuf_wr_0_0_synth_1/prj/sol/.autopilot/db/v_frmbuf_wr.cpp:1297]   --->   Operation 127 'partselect' 'trunc_ln1297_21' <Predicate = (!icmp_ln1291 & or_ln1296_3)> <Delay = 0.00>
ST_5 : Operation 128 [1/1] (0.00ns)   --->   "%trunc_ln1297_22 = partselect i8 @_ssdm_op_PartSelect.i8.i48.i32.i32, i48 %img_read_3, i32 40, i32 47" [/home/izaan/GitRepos/dpdma_exdes/vivado_quad_vmix/kv260_quad_vmix_dp.runs/bd_quad_vmix_dp_v_frmbuf_wr_0_0_synth_1/prj/sol/.autopilot/db/v_frmbuf_wr.cpp:1297]   --->   Operation 128 'partselect' 'trunc_ln1297_22' <Predicate = (!icmp_ln1291 & or_ln1296_3)> <Delay = 0.00>
ST_5 : Operation 129 [1/1] (0.42ns)   --->   "%br_ln1297 = br void %for.inc263.3" [/home/izaan/GitRepos/dpdma_exdes/vivado_quad_vmix/kv260_quad_vmix_dp.runs/bd_quad_vmix_dp_v_frmbuf_wr_0_0_synth_1/prj/sol/.autopilot/db/v_frmbuf_wr.cpp:1297]   --->   Operation 129 'br' 'br_ln1297' <Predicate = (!icmp_ln1291 & or_ln1296_3)> <Delay = 0.42>
ST_5 : Operation 130 [1/1] (0.00ns)   --->   "%tmp_1 = bitconcatenate i128 @_ssdm_op_BitConcatenate.i128.i8.i8.i8.i8.i8.i8.i8.i8.i8.i8.i8.i8.i8.i8.i8.i8, i8 %empty_199, i8 %empty_204, i8 %empty_203, i8 %empty_202, i8 %empty_207, i8 %empty_206, i8 %empty_205, i8 %empty_210, i8 %empty_209, i8 %empty_208, i8 %empty_213, i8 %empty_212, i8 %empty_211, i8 %empty_216, i8 %empty_215, i8 %empty_214" [/home/izaan/GitRepos/dpdma_exdes/vivado_quad_vmix/kv260_quad_vmix_dp.runs/bd_quad_vmix_dp_v_frmbuf_wr_0_0_synth_1/prj/sol/.autopilot/db/v_frmbuf_wr.cpp:1312]   --->   Operation 130 'bitconcatenate' 'tmp_1' <Predicate = (!icmp_ln1291)> <Delay = 0.00>
ST_5 : Operation 131 [1/1] ( I:1.74ns O:1.74ns )   --->   "%write_ln1312 = write void @_ssdm_op_Write.ap_fifo.volatile.i128P0A, i128 %bytePlanes, i128 %tmp_1" [/home/izaan/GitRepos/dpdma_exdes/vivado_quad_vmix/kv260_quad_vmix_dp.runs/bd_quad_vmix_dp_v_frmbuf_wr_0_0_synth_1/prj/sol/.autopilot/db/v_frmbuf_wr.cpp:1312]   --->   Operation 131 'write' 'write_ln1312' <Predicate = (!icmp_ln1291)> <Delay = 1.74> <CoreInst = "FIFO_BRAM">   --->   Core 78 'FIFO_BRAM' <Latency = 0> <II = 1> <Delay = 1.74> <Storage> <Opcode : 'read' 'write' 'nbread' 'nbwrite'> <Ports = 0> <Width = 128> <Depth = 481> <FIFO>

State 6 <SV = 5> <Delay = 1.83>
ST_6 : Operation 132 [1/1] (0.00ns)   --->   "%empty_193 = phi i8 %trunc_ln1297_22, void %if.then234.3, i8 %empty_199, void %for.inc263.2" [/home/izaan/GitRepos/dpdma_exdes/vivado_quad_vmix/kv260_quad_vmix_dp.runs/bd_quad_vmix_dp_v_frmbuf_wr_0_0_synth_1/prj/sol/.autopilot/db/v_frmbuf_wr.cpp:1297]   --->   Operation 132 'phi' 'empty_193' <Predicate = (!icmp_ln1291)> <Delay = 0.00>
ST_6 : Operation 133 [1/1] (0.00ns)   --->   "%empty_194 = phi i8 %trunc_ln1297_21, void %if.then234.3, i8 %empty_200, void %for.inc263.2" [/home/izaan/GitRepos/dpdma_exdes/vivado_quad_vmix/kv260_quad_vmix_dp.runs/bd_quad_vmix_dp_v_frmbuf_wr_0_0_synth_1/prj/sol/.autopilot/db/v_frmbuf_wr.cpp:1297]   --->   Operation 133 'phi' 'empty_194' <Predicate = (!icmp_ln1291)> <Delay = 0.00>
ST_6 : Operation 134 [1/1] (0.00ns)   --->   "%empty_195 = phi i8 %trunc_ln1297_20, void %if.then234.3, i8 %empty_201, void %for.inc263.2" [/home/izaan/GitRepos/dpdma_exdes/vivado_quad_vmix/kv260_quad_vmix_dp.runs/bd_quad_vmix_dp_v_frmbuf_wr_0_0_synth_1/prj/sol/.autopilot/db/v_frmbuf_wr.cpp:1297]   --->   Operation 134 'phi' 'empty_195' <Predicate = (!icmp_ln1291)> <Delay = 0.00>
ST_6 : Operation 135 [1/1] (0.00ns)   --->   "%empty_196 = phi i8 %trunc_ln1297_19, void %if.then234.3, i8 %empty_202, void %for.inc263.2" [/home/izaan/GitRepos/dpdma_exdes/vivado_quad_vmix/kv260_quad_vmix_dp.runs/bd_quad_vmix_dp_v_frmbuf_wr_0_0_synth_1/prj/sol/.autopilot/db/v_frmbuf_wr.cpp:1297]   --->   Operation 135 'phi' 'empty_196' <Predicate = (!icmp_ln1291)> <Delay = 0.00>
ST_6 : Operation 136 [1/1] (0.00ns)   --->   "%empty_197 = phi i8 %trunc_ln1297_18, void %if.then234.3, i8 %empty_203, void %for.inc263.2" [/home/izaan/GitRepos/dpdma_exdes/vivado_quad_vmix/kv260_quad_vmix_dp.runs/bd_quad_vmix_dp_v_frmbuf_wr_0_0_synth_1/prj/sol/.autopilot/db/v_frmbuf_wr.cpp:1297]   --->   Operation 136 'phi' 'empty_197' <Predicate = (!icmp_ln1291)> <Delay = 0.00>
ST_6 : Operation 137 [1/1] (0.00ns)   --->   "%empty_198 = phi i8 %trunc_ln1297_17, void %if.then234.3, i8 %empty_204, void %for.inc263.2" [/home/izaan/GitRepos/dpdma_exdes/vivado_quad_vmix/kv260_quad_vmix_dp.runs/bd_quad_vmix_dp_v_frmbuf_wr_0_0_synth_1/prj/sol/.autopilot/db/v_frmbuf_wr.cpp:1297]   --->   Operation 137 'phi' 'empty_198' <Predicate = (!icmp_ln1291)> <Delay = 0.00>
ST_6 : Operation 138 [1/1] (0.42ns)   --->   "%br_ln1296 = br i1 %or_ln1296_4, void %for.inc263.4, void %if.then234.4" [/home/izaan/GitRepos/dpdma_exdes/vivado_quad_vmix/kv260_quad_vmix_dp.runs/bd_quad_vmix_dp_v_frmbuf_wr_0_0_synth_1/prj/sol/.autopilot/db/v_frmbuf_wr.cpp:1296]   --->   Operation 138 'br' 'br_ln1296' <Predicate = (!icmp_ln1291)> <Delay = 0.42>
ST_6 : Operation 139 [1/1] ( I:1.83ns O:1.83ns )   --->   "%img_read_4 = read i48 @_ssdm_op_Read.ap_fifo.volatile.i48P0A, i48 %img" [/home/izaan/GitRepos/dpdma_exdes/vivado_quad_vmix/kv260_quad_vmix_dp.runs/bd_quad_vmix_dp_v_frmbuf_wr_0_0_synth_1/prj/sol/.autopilot/db/v_frmbuf_wr.cpp:1297]   --->   Operation 139 'read' 'img_read_4' <Predicate = (!icmp_ln1291 & or_ln1296_4)> <Delay = 1.83> <CoreInst = "FIFO_SRL">   --->   Core 80 'FIFO_SRL' <Latency = 0> <II = 1> <Delay = 1.83> <Storage> <Opcode : 'read' 'write' 'nbread' 'nbwrite'> <Ports = 0> <Width = 48> <Depth = 2> <FIFO>
ST_6 : Operation 140 [1/1] (0.00ns)   --->   "%trunc_ln1297_23 = trunc i48 %img_read_4" [/home/izaan/GitRepos/dpdma_exdes/vivado_quad_vmix/kv260_quad_vmix_dp.runs/bd_quad_vmix_dp_v_frmbuf_wr_0_0_synth_1/prj/sol/.autopilot/db/v_frmbuf_wr.cpp:1297]   --->   Operation 140 'trunc' 'trunc_ln1297_23' <Predicate = (!icmp_ln1291 & or_ln1296_4)> <Delay = 0.00>
ST_6 : Operation 141 [1/1] (0.00ns)   --->   "%trunc_ln1297_24 = partselect i8 @_ssdm_op_PartSelect.i8.i48.i32.i32, i48 %img_read_4, i32 8, i32 15" [/home/izaan/GitRepos/dpdma_exdes/vivado_quad_vmix/kv260_quad_vmix_dp.runs/bd_quad_vmix_dp_v_frmbuf_wr_0_0_synth_1/prj/sol/.autopilot/db/v_frmbuf_wr.cpp:1297]   --->   Operation 141 'partselect' 'trunc_ln1297_24' <Predicate = (!icmp_ln1291 & or_ln1296_4)> <Delay = 0.00>
ST_6 : Operation 142 [1/1] (0.00ns)   --->   "%trunc_ln1297_25 = partselect i8 @_ssdm_op_PartSelect.i8.i48.i32.i32, i48 %img_read_4, i32 16, i32 23" [/home/izaan/GitRepos/dpdma_exdes/vivado_quad_vmix/kv260_quad_vmix_dp.runs/bd_quad_vmix_dp_v_frmbuf_wr_0_0_synth_1/prj/sol/.autopilot/db/v_frmbuf_wr.cpp:1297]   --->   Operation 142 'partselect' 'trunc_ln1297_25' <Predicate = (!icmp_ln1291 & or_ln1296_4)> <Delay = 0.00>
ST_6 : Operation 143 [1/1] (0.00ns)   --->   "%trunc_ln1297_26 = partselect i8 @_ssdm_op_PartSelect.i8.i48.i32.i32, i48 %img_read_4, i32 24, i32 31" [/home/izaan/GitRepos/dpdma_exdes/vivado_quad_vmix/kv260_quad_vmix_dp.runs/bd_quad_vmix_dp_v_frmbuf_wr_0_0_synth_1/prj/sol/.autopilot/db/v_frmbuf_wr.cpp:1297]   --->   Operation 143 'partselect' 'trunc_ln1297_26' <Predicate = (!icmp_ln1291 & or_ln1296_4)> <Delay = 0.00>
ST_6 : Operation 144 [1/1] (0.00ns)   --->   "%trunc_ln1297_27 = partselect i8 @_ssdm_op_PartSelect.i8.i48.i32.i32, i48 %img_read_4, i32 32, i32 39" [/home/izaan/GitRepos/dpdma_exdes/vivado_quad_vmix/kv260_quad_vmix_dp.runs/bd_quad_vmix_dp_v_frmbuf_wr_0_0_synth_1/prj/sol/.autopilot/db/v_frmbuf_wr.cpp:1297]   --->   Operation 144 'partselect' 'trunc_ln1297_27' <Predicate = (!icmp_ln1291 & or_ln1296_4)> <Delay = 0.00>
ST_6 : Operation 145 [1/1] (0.00ns)   --->   "%trunc_ln1297_28 = partselect i8 @_ssdm_op_PartSelect.i8.i48.i32.i32, i48 %img_read_4, i32 40, i32 47" [/home/izaan/GitRepos/dpdma_exdes/vivado_quad_vmix/kv260_quad_vmix_dp.runs/bd_quad_vmix_dp_v_frmbuf_wr_0_0_synth_1/prj/sol/.autopilot/db/v_frmbuf_wr.cpp:1297]   --->   Operation 145 'partselect' 'trunc_ln1297_28' <Predicate = (!icmp_ln1291 & or_ln1296_4)> <Delay = 0.00>
ST_6 : Operation 146 [1/1] (0.42ns)   --->   "%br_ln1297 = br void %for.inc263.4" [/home/izaan/GitRepos/dpdma_exdes/vivado_quad_vmix/kv260_quad_vmix_dp.runs/bd_quad_vmix_dp_v_frmbuf_wr_0_0_synth_1/prj/sol/.autopilot/db/v_frmbuf_wr.cpp:1297]   --->   Operation 146 'br' 'br_ln1297' <Predicate = (!icmp_ln1291 & or_ln1296_4)> <Delay = 0.42>

State 7 <SV = 6> <Delay = 1.83>
ST_7 : Operation 147 [1/1] (0.00ns)   --->   "%empty_187 = phi i8 %trunc_ln1297_28, void %if.then234.4, i8 %empty_193, void %for.inc263.3" [/home/izaan/GitRepos/dpdma_exdes/vivado_quad_vmix/kv260_quad_vmix_dp.runs/bd_quad_vmix_dp_v_frmbuf_wr_0_0_synth_1/prj/sol/.autopilot/db/v_frmbuf_wr.cpp:1297]   --->   Operation 147 'phi' 'empty_187' <Predicate = (!icmp_ln1291)> <Delay = 0.00>
ST_7 : Operation 148 [1/1] (0.00ns)   --->   "%empty_188 = phi i8 %trunc_ln1297_27, void %if.then234.4, i8 %empty_194, void %for.inc263.3" [/home/izaan/GitRepos/dpdma_exdes/vivado_quad_vmix/kv260_quad_vmix_dp.runs/bd_quad_vmix_dp_v_frmbuf_wr_0_0_synth_1/prj/sol/.autopilot/db/v_frmbuf_wr.cpp:1297]   --->   Operation 148 'phi' 'empty_188' <Predicate = (!icmp_ln1291)> <Delay = 0.00>
ST_7 : Operation 149 [1/1] (0.00ns)   --->   "%empty_189 = phi i8 %trunc_ln1297_26, void %if.then234.4, i8 %empty_195, void %for.inc263.3" [/home/izaan/GitRepos/dpdma_exdes/vivado_quad_vmix/kv260_quad_vmix_dp.runs/bd_quad_vmix_dp_v_frmbuf_wr_0_0_synth_1/prj/sol/.autopilot/db/v_frmbuf_wr.cpp:1297]   --->   Operation 149 'phi' 'empty_189' <Predicate = (!icmp_ln1291)> <Delay = 0.00>
ST_7 : Operation 150 [1/1] (0.00ns)   --->   "%empty_190 = phi i8 %trunc_ln1297_25, void %if.then234.4, i8 %empty_196, void %for.inc263.3" [/home/izaan/GitRepos/dpdma_exdes/vivado_quad_vmix/kv260_quad_vmix_dp.runs/bd_quad_vmix_dp_v_frmbuf_wr_0_0_synth_1/prj/sol/.autopilot/db/v_frmbuf_wr.cpp:1297]   --->   Operation 150 'phi' 'empty_190' <Predicate = (!icmp_ln1291)> <Delay = 0.00>
ST_7 : Operation 151 [1/1] (0.00ns)   --->   "%empty_191 = phi i8 %trunc_ln1297_24, void %if.then234.4, i8 %empty_197, void %for.inc263.3" [/home/izaan/GitRepos/dpdma_exdes/vivado_quad_vmix/kv260_quad_vmix_dp.runs/bd_quad_vmix_dp_v_frmbuf_wr_0_0_synth_1/prj/sol/.autopilot/db/v_frmbuf_wr.cpp:1297]   --->   Operation 151 'phi' 'empty_191' <Predicate = (!icmp_ln1291)> <Delay = 0.00>
ST_7 : Operation 152 [1/1] (0.00ns)   --->   "%empty_192 = phi i8 %trunc_ln1297_23, void %if.then234.4, i8 %empty_198, void %for.inc263.3" [/home/izaan/GitRepos/dpdma_exdes/vivado_quad_vmix/kv260_quad_vmix_dp.runs/bd_quad_vmix_dp_v_frmbuf_wr_0_0_synth_1/prj/sol/.autopilot/db/v_frmbuf_wr.cpp:1297]   --->   Operation 152 'phi' 'empty_192' <Predicate = (!icmp_ln1291)> <Delay = 0.00>
ST_7 : Operation 153 [1/1] (0.42ns)   --->   "%br_ln1296 = br i1 %or_ln1296_5, void %for.inc263.5, void %if.then234.5" [/home/izaan/GitRepos/dpdma_exdes/vivado_quad_vmix/kv260_quad_vmix_dp.runs/bd_quad_vmix_dp_v_frmbuf_wr_0_0_synth_1/prj/sol/.autopilot/db/v_frmbuf_wr.cpp:1296]   --->   Operation 153 'br' 'br_ln1296' <Predicate = (!icmp_ln1291)> <Delay = 0.42>
ST_7 : Operation 154 [1/1] ( I:1.83ns O:1.83ns )   --->   "%img_read_5 = read i48 @_ssdm_op_Read.ap_fifo.volatile.i48P0A, i48 %img" [/home/izaan/GitRepos/dpdma_exdes/vivado_quad_vmix/kv260_quad_vmix_dp.runs/bd_quad_vmix_dp_v_frmbuf_wr_0_0_synth_1/prj/sol/.autopilot/db/v_frmbuf_wr.cpp:1297]   --->   Operation 154 'read' 'img_read_5' <Predicate = (!icmp_ln1291 & or_ln1296_5)> <Delay = 1.83> <CoreInst = "FIFO_SRL">   --->   Core 80 'FIFO_SRL' <Latency = 0> <II = 1> <Delay = 1.83> <Storage> <Opcode : 'read' 'write' 'nbread' 'nbwrite'> <Ports = 0> <Width = 48> <Depth = 2> <FIFO>
ST_7 : Operation 155 [1/1] (0.00ns)   --->   "%trunc_ln1297_29 = trunc i48 %img_read_5" [/home/izaan/GitRepos/dpdma_exdes/vivado_quad_vmix/kv260_quad_vmix_dp.runs/bd_quad_vmix_dp_v_frmbuf_wr_0_0_synth_1/prj/sol/.autopilot/db/v_frmbuf_wr.cpp:1297]   --->   Operation 155 'trunc' 'trunc_ln1297_29' <Predicate = (!icmp_ln1291 & or_ln1296_5)> <Delay = 0.00>
ST_7 : Operation 156 [1/1] (0.00ns)   --->   "%trunc_ln1297_30 = partselect i8 @_ssdm_op_PartSelect.i8.i48.i32.i32, i48 %img_read_5, i32 8, i32 15" [/home/izaan/GitRepos/dpdma_exdes/vivado_quad_vmix/kv260_quad_vmix_dp.runs/bd_quad_vmix_dp_v_frmbuf_wr_0_0_synth_1/prj/sol/.autopilot/db/v_frmbuf_wr.cpp:1297]   --->   Operation 156 'partselect' 'trunc_ln1297_30' <Predicate = (!icmp_ln1291 & or_ln1296_5)> <Delay = 0.00>
ST_7 : Operation 157 [1/1] (0.00ns)   --->   "%trunc_ln1297_31 = partselect i8 @_ssdm_op_PartSelect.i8.i48.i32.i32, i48 %img_read_5, i32 16, i32 23" [/home/izaan/GitRepos/dpdma_exdes/vivado_quad_vmix/kv260_quad_vmix_dp.runs/bd_quad_vmix_dp_v_frmbuf_wr_0_0_synth_1/prj/sol/.autopilot/db/v_frmbuf_wr.cpp:1297]   --->   Operation 157 'partselect' 'trunc_ln1297_31' <Predicate = (!icmp_ln1291 & or_ln1296_5)> <Delay = 0.00>
ST_7 : Operation 158 [1/1] (0.00ns)   --->   "%trunc_ln1297_32 = partselect i8 @_ssdm_op_PartSelect.i8.i48.i32.i32, i48 %img_read_5, i32 24, i32 31" [/home/izaan/GitRepos/dpdma_exdes/vivado_quad_vmix/kv260_quad_vmix_dp.runs/bd_quad_vmix_dp_v_frmbuf_wr_0_0_synth_1/prj/sol/.autopilot/db/v_frmbuf_wr.cpp:1297]   --->   Operation 158 'partselect' 'trunc_ln1297_32' <Predicate = (!icmp_ln1291 & or_ln1296_5)> <Delay = 0.00>
ST_7 : Operation 159 [1/1] (0.00ns)   --->   "%trunc_ln1297_33 = partselect i8 @_ssdm_op_PartSelect.i8.i48.i32.i32, i48 %img_read_5, i32 32, i32 39" [/home/izaan/GitRepos/dpdma_exdes/vivado_quad_vmix/kv260_quad_vmix_dp.runs/bd_quad_vmix_dp_v_frmbuf_wr_0_0_synth_1/prj/sol/.autopilot/db/v_frmbuf_wr.cpp:1297]   --->   Operation 159 'partselect' 'trunc_ln1297_33' <Predicate = (!icmp_ln1291 & or_ln1296_5)> <Delay = 0.00>
ST_7 : Operation 160 [1/1] (0.00ns)   --->   "%trunc_ln1297_34 = partselect i8 @_ssdm_op_PartSelect.i8.i48.i32.i32, i48 %img_read_5, i32 40, i32 47" [/home/izaan/GitRepos/dpdma_exdes/vivado_quad_vmix/kv260_quad_vmix_dp.runs/bd_quad_vmix_dp_v_frmbuf_wr_0_0_synth_1/prj/sol/.autopilot/db/v_frmbuf_wr.cpp:1297]   --->   Operation 160 'partselect' 'trunc_ln1297_34' <Predicate = (!icmp_ln1291 & or_ln1296_5)> <Delay = 0.00>
ST_7 : Operation 161 [1/1] (0.42ns)   --->   "%br_ln1297 = br void %for.inc263.5" [/home/izaan/GitRepos/dpdma_exdes/vivado_quad_vmix/kv260_quad_vmix_dp.runs/bd_quad_vmix_dp_v_frmbuf_wr_0_0_synth_1/prj/sol/.autopilot/db/v_frmbuf_wr.cpp:1297]   --->   Operation 161 'br' 'br_ln1297' <Predicate = (!icmp_ln1291 & or_ln1296_5)> <Delay = 0.42>

State 8 <SV = 7> <Delay = 1.83>
ST_8 : Operation 162 [1/1] (0.00ns)   --->   "%empty_181 = phi i8 %trunc_ln1297_34, void %if.then234.5, i8 %empty_187, void %for.inc263.4" [/home/izaan/GitRepos/dpdma_exdes/vivado_quad_vmix/kv260_quad_vmix_dp.runs/bd_quad_vmix_dp_v_frmbuf_wr_0_0_synth_1/prj/sol/.autopilot/db/v_frmbuf_wr.cpp:1297]   --->   Operation 162 'phi' 'empty_181' <Predicate = (!icmp_ln1291)> <Delay = 0.00>
ST_8 : Operation 163 [1/1] (0.00ns)   --->   "%empty_182 = phi i8 %trunc_ln1297_33, void %if.then234.5, i8 %empty_188, void %for.inc263.4" [/home/izaan/GitRepos/dpdma_exdes/vivado_quad_vmix/kv260_quad_vmix_dp.runs/bd_quad_vmix_dp_v_frmbuf_wr_0_0_synth_1/prj/sol/.autopilot/db/v_frmbuf_wr.cpp:1297]   --->   Operation 163 'phi' 'empty_182' <Predicate = (!icmp_ln1291)> <Delay = 0.00>
ST_8 : Operation 164 [1/1] (0.00ns)   --->   "%empty_183 = phi i8 %trunc_ln1297_32, void %if.then234.5, i8 %empty_189, void %for.inc263.4" [/home/izaan/GitRepos/dpdma_exdes/vivado_quad_vmix/kv260_quad_vmix_dp.runs/bd_quad_vmix_dp_v_frmbuf_wr_0_0_synth_1/prj/sol/.autopilot/db/v_frmbuf_wr.cpp:1297]   --->   Operation 164 'phi' 'empty_183' <Predicate = (!icmp_ln1291)> <Delay = 0.00>
ST_8 : Operation 165 [1/1] (0.00ns)   --->   "%empty_184 = phi i8 %trunc_ln1297_31, void %if.then234.5, i8 %empty_190, void %for.inc263.4" [/home/izaan/GitRepos/dpdma_exdes/vivado_quad_vmix/kv260_quad_vmix_dp.runs/bd_quad_vmix_dp_v_frmbuf_wr_0_0_synth_1/prj/sol/.autopilot/db/v_frmbuf_wr.cpp:1297]   --->   Operation 165 'phi' 'empty_184' <Predicate = (!icmp_ln1291)> <Delay = 0.00>
ST_8 : Operation 166 [1/1] (0.00ns)   --->   "%empty_185 = phi i8 %trunc_ln1297_30, void %if.then234.5, i8 %empty_191, void %for.inc263.4" [/home/izaan/GitRepos/dpdma_exdes/vivado_quad_vmix/kv260_quad_vmix_dp.runs/bd_quad_vmix_dp_v_frmbuf_wr_0_0_synth_1/prj/sol/.autopilot/db/v_frmbuf_wr.cpp:1297]   --->   Operation 166 'phi' 'empty_185' <Predicate = (!icmp_ln1291)> <Delay = 0.00>
ST_8 : Operation 167 [1/1] (0.00ns)   --->   "%empty_186 = phi i8 %trunc_ln1297_29, void %if.then234.5, i8 %empty_192, void %for.inc263.4" [/home/izaan/GitRepos/dpdma_exdes/vivado_quad_vmix/kv260_quad_vmix_dp.runs/bd_quad_vmix_dp_v_frmbuf_wr_0_0_synth_1/prj/sol/.autopilot/db/v_frmbuf_wr.cpp:1297]   --->   Operation 167 'phi' 'empty_186' <Predicate = (!icmp_ln1291)> <Delay = 0.00>
ST_8 : Operation 168 [1/1] (0.42ns)   --->   "%br_ln1296 = br i1 %or_ln1296_6, void %for.inc263.6, void %if.then234.6" [/home/izaan/GitRepos/dpdma_exdes/vivado_quad_vmix/kv260_quad_vmix_dp.runs/bd_quad_vmix_dp_v_frmbuf_wr_0_0_synth_1/prj/sol/.autopilot/db/v_frmbuf_wr.cpp:1296]   --->   Operation 168 'br' 'br_ln1296' <Predicate = (!icmp_ln1291)> <Delay = 0.42>
ST_8 : Operation 169 [1/1] ( I:1.83ns O:1.83ns )   --->   "%img_read_6 = read i48 @_ssdm_op_Read.ap_fifo.volatile.i48P0A, i48 %img" [/home/izaan/GitRepos/dpdma_exdes/vivado_quad_vmix/kv260_quad_vmix_dp.runs/bd_quad_vmix_dp_v_frmbuf_wr_0_0_synth_1/prj/sol/.autopilot/db/v_frmbuf_wr.cpp:1297]   --->   Operation 169 'read' 'img_read_6' <Predicate = (!icmp_ln1291 & or_ln1296_6)> <Delay = 1.83> <CoreInst = "FIFO_SRL">   --->   Core 80 'FIFO_SRL' <Latency = 0> <II = 1> <Delay = 1.83> <Storage> <Opcode : 'read' 'write' 'nbread' 'nbwrite'> <Ports = 0> <Width = 48> <Depth = 2> <FIFO>
ST_8 : Operation 170 [1/1] (0.00ns)   --->   "%trunc_ln1297_35 = trunc i48 %img_read_6" [/home/izaan/GitRepos/dpdma_exdes/vivado_quad_vmix/kv260_quad_vmix_dp.runs/bd_quad_vmix_dp_v_frmbuf_wr_0_0_synth_1/prj/sol/.autopilot/db/v_frmbuf_wr.cpp:1297]   --->   Operation 170 'trunc' 'trunc_ln1297_35' <Predicate = (!icmp_ln1291 & or_ln1296_6)> <Delay = 0.00>
ST_8 : Operation 171 [1/1] (0.00ns)   --->   "%trunc_ln1297_36 = partselect i8 @_ssdm_op_PartSelect.i8.i48.i32.i32, i48 %img_read_6, i32 8, i32 15" [/home/izaan/GitRepos/dpdma_exdes/vivado_quad_vmix/kv260_quad_vmix_dp.runs/bd_quad_vmix_dp_v_frmbuf_wr_0_0_synth_1/prj/sol/.autopilot/db/v_frmbuf_wr.cpp:1297]   --->   Operation 171 'partselect' 'trunc_ln1297_36' <Predicate = (!icmp_ln1291 & or_ln1296_6)> <Delay = 0.00>
ST_8 : Operation 172 [1/1] (0.00ns)   --->   "%trunc_ln1297_37 = partselect i8 @_ssdm_op_PartSelect.i8.i48.i32.i32, i48 %img_read_6, i32 16, i32 23" [/home/izaan/GitRepos/dpdma_exdes/vivado_quad_vmix/kv260_quad_vmix_dp.runs/bd_quad_vmix_dp_v_frmbuf_wr_0_0_synth_1/prj/sol/.autopilot/db/v_frmbuf_wr.cpp:1297]   --->   Operation 172 'partselect' 'trunc_ln1297_37' <Predicate = (!icmp_ln1291 & or_ln1296_6)> <Delay = 0.00>
ST_8 : Operation 173 [1/1] (0.00ns)   --->   "%trunc_ln1297_38 = partselect i8 @_ssdm_op_PartSelect.i8.i48.i32.i32, i48 %img_read_6, i32 24, i32 31" [/home/izaan/GitRepos/dpdma_exdes/vivado_quad_vmix/kv260_quad_vmix_dp.runs/bd_quad_vmix_dp_v_frmbuf_wr_0_0_synth_1/prj/sol/.autopilot/db/v_frmbuf_wr.cpp:1297]   --->   Operation 173 'partselect' 'trunc_ln1297_38' <Predicate = (!icmp_ln1291 & or_ln1296_6)> <Delay = 0.00>
ST_8 : Operation 174 [1/1] (0.00ns)   --->   "%trunc_ln1297_39 = partselect i8 @_ssdm_op_PartSelect.i8.i48.i32.i32, i48 %img_read_6, i32 32, i32 39" [/home/izaan/GitRepos/dpdma_exdes/vivado_quad_vmix/kv260_quad_vmix_dp.runs/bd_quad_vmix_dp_v_frmbuf_wr_0_0_synth_1/prj/sol/.autopilot/db/v_frmbuf_wr.cpp:1297]   --->   Operation 174 'partselect' 'trunc_ln1297_39' <Predicate = (!icmp_ln1291 & or_ln1296_6)> <Delay = 0.00>
ST_8 : Operation 175 [1/1] (0.00ns)   --->   "%trunc_ln1297_40 = partselect i8 @_ssdm_op_PartSelect.i8.i48.i32.i32, i48 %img_read_6, i32 40, i32 47" [/home/izaan/GitRepos/dpdma_exdes/vivado_quad_vmix/kv260_quad_vmix_dp.runs/bd_quad_vmix_dp_v_frmbuf_wr_0_0_synth_1/prj/sol/.autopilot/db/v_frmbuf_wr.cpp:1297]   --->   Operation 175 'partselect' 'trunc_ln1297_40' <Predicate = (!icmp_ln1291 & or_ln1296_6)> <Delay = 0.00>
ST_8 : Operation 176 [1/1] (0.42ns)   --->   "%br_ln1297 = br void %for.inc263.6" [/home/izaan/GitRepos/dpdma_exdes/vivado_quad_vmix/kv260_quad_vmix_dp.runs/bd_quad_vmix_dp_v_frmbuf_wr_0_0_synth_1/prj/sol/.autopilot/db/v_frmbuf_wr.cpp:1297]   --->   Operation 176 'br' 'br_ln1297' <Predicate = (!icmp_ln1291 & or_ln1296_6)> <Delay = 0.42>
ST_8 : Operation 177 [1/1] (0.00ns)   --->   "%tmp_3 = bitconcatenate i128 @_ssdm_op_BitConcatenate.i128.i8.i8.i8.i8.i8.i8.i8.i8.i8.i8.i8.i8.i8.i8.i8.i8, i8 %empty_185, i8 %empty_184, i8 %empty_189, i8 %empty_188, i8 %empty_187, i8 %empty_192, i8 %empty_191, i8 %empty_190, i8 %empty_195, i8 %empty_194, i8 %empty_193, i8 %empty_198, i8 %empty_197, i8 %empty_196, i8 %empty_201, i8 %empty_200" [/home/izaan/GitRepos/dpdma_exdes/vivado_quad_vmix/kv260_quad_vmix_dp.runs/bd_quad_vmix_dp_v_frmbuf_wr_0_0_synth_1/prj/sol/.autopilot/db/v_frmbuf_wr.cpp:1312]   --->   Operation 177 'bitconcatenate' 'tmp_3' <Predicate = (!icmp_ln1291 & or_ln1311)> <Delay = 0.00>
ST_8 : Operation 178 [1/1] ( I:1.74ns O:1.74ns )   --->   "%write_ln1312 = write void @_ssdm_op_Write.ap_fifo.volatile.i128P0A, i128 %bytePlanes, i128 %tmp_3" [/home/izaan/GitRepos/dpdma_exdes/vivado_quad_vmix/kv260_quad_vmix_dp.runs/bd_quad_vmix_dp_v_frmbuf_wr_0_0_synth_1/prj/sol/.autopilot/db/v_frmbuf_wr.cpp:1312]   --->   Operation 178 'write' 'write_ln1312' <Predicate = (!icmp_ln1291 & or_ln1311)> <Delay = 1.74> <CoreInst = "FIFO_BRAM">   --->   Core 78 'FIFO_BRAM' <Latency = 0> <II = 1> <Delay = 1.74> <Storage> <Opcode : 'read' 'write' 'nbread' 'nbwrite'> <Ports = 0> <Width = 128> <Depth = 481> <FIFO>
ST_8 : Operation 179 [1/1] (0.00ns)   --->   "%br_ln1312 = br void %for.inc296.1" [/home/izaan/GitRepos/dpdma_exdes/vivado_quad_vmix/kv260_quad_vmix_dp.runs/bd_quad_vmix_dp_v_frmbuf_wr_0_0_synth_1/prj/sol/.autopilot/db/v_frmbuf_wr.cpp:1312]   --->   Operation 179 'br' 'br_ln1312' <Predicate = (!icmp_ln1291 & or_ln1311)> <Delay = 0.00>

State 9 <SV = 8> <Delay = 4.01>
ST_9 : Operation 180 [1/1] (0.00ns)   --->   "%empty_175 = phi i8 %trunc_ln1297_40, void %if.then234.6, i8 %empty_181, void %for.inc263.5" [/home/izaan/GitRepos/dpdma_exdes/vivado_quad_vmix/kv260_quad_vmix_dp.runs/bd_quad_vmix_dp_v_frmbuf_wr_0_0_synth_1/prj/sol/.autopilot/db/v_frmbuf_wr.cpp:1297]   --->   Operation 180 'phi' 'empty_175' <Predicate = (!icmp_ln1291)> <Delay = 0.00>
ST_9 : Operation 181 [1/1] (0.00ns)   --->   "%empty_176 = phi i8 %trunc_ln1297_39, void %if.then234.6, i8 %empty_182, void %for.inc263.5" [/home/izaan/GitRepos/dpdma_exdes/vivado_quad_vmix/kv260_quad_vmix_dp.runs/bd_quad_vmix_dp_v_frmbuf_wr_0_0_synth_1/prj/sol/.autopilot/db/v_frmbuf_wr.cpp:1297]   --->   Operation 181 'phi' 'empty_176' <Predicate = (!icmp_ln1291)> <Delay = 0.00>
ST_9 : Operation 182 [1/1] (0.00ns)   --->   "%empty_177 = phi i8 %trunc_ln1297_38, void %if.then234.6, i8 %empty_183, void %for.inc263.5" [/home/izaan/GitRepos/dpdma_exdes/vivado_quad_vmix/kv260_quad_vmix_dp.runs/bd_quad_vmix_dp_v_frmbuf_wr_0_0_synth_1/prj/sol/.autopilot/db/v_frmbuf_wr.cpp:1297]   --->   Operation 182 'phi' 'empty_177' <Predicate = (!icmp_ln1291)> <Delay = 0.00>
ST_9 : Operation 183 [1/1] (0.00ns)   --->   "%empty_178 = phi i8 %trunc_ln1297_37, void %if.then234.6, i8 %empty_184, void %for.inc263.5" [/home/izaan/GitRepos/dpdma_exdes/vivado_quad_vmix/kv260_quad_vmix_dp.runs/bd_quad_vmix_dp_v_frmbuf_wr_0_0_synth_1/prj/sol/.autopilot/db/v_frmbuf_wr.cpp:1297]   --->   Operation 183 'phi' 'empty_178' <Predicate = (!icmp_ln1291)> <Delay = 0.00>
ST_9 : Operation 184 [1/1] (0.00ns)   --->   "%empty_179 = phi i8 %trunc_ln1297_36, void %if.then234.6, i8 %empty_185, void %for.inc263.5" [/home/izaan/GitRepos/dpdma_exdes/vivado_quad_vmix/kv260_quad_vmix_dp.runs/bd_quad_vmix_dp_v_frmbuf_wr_0_0_synth_1/prj/sol/.autopilot/db/v_frmbuf_wr.cpp:1297]   --->   Operation 184 'phi' 'empty_179' <Predicate = (!icmp_ln1291)> <Delay = 0.00>
ST_9 : Operation 185 [1/1] (0.00ns)   --->   "%empty_180 = phi i8 %trunc_ln1297_35, void %if.then234.6, i8 %empty_186, void %for.inc263.5" [/home/izaan/GitRepos/dpdma_exdes/vivado_quad_vmix/kv260_quad_vmix_dp.runs/bd_quad_vmix_dp_v_frmbuf_wr_0_0_synth_1/prj/sol/.autopilot/db/v_frmbuf_wr.cpp:1297]   --->   Operation 185 'phi' 'empty_180' <Predicate = (!icmp_ln1291)> <Delay = 0.00>
ST_9 : Operation 186 [1/1] (0.42ns)   --->   "%br_ln1296 = br i1 %or_ln1296_7, void %for.inc263.7, void %if.then234.7" [/home/izaan/GitRepos/dpdma_exdes/vivado_quad_vmix/kv260_quad_vmix_dp.runs/bd_quad_vmix_dp_v_frmbuf_wr_0_0_synth_1/prj/sol/.autopilot/db/v_frmbuf_wr.cpp:1296]   --->   Operation 186 'br' 'br_ln1296' <Predicate = (!icmp_ln1291)> <Delay = 0.42>
ST_9 : Operation 187 [1/1] ( I:1.83ns O:1.83ns )   --->   "%img_read_7 = read i48 @_ssdm_op_Read.ap_fifo.volatile.i48P0A, i48 %img" [/home/izaan/GitRepos/dpdma_exdes/vivado_quad_vmix/kv260_quad_vmix_dp.runs/bd_quad_vmix_dp_v_frmbuf_wr_0_0_synth_1/prj/sol/.autopilot/db/v_frmbuf_wr.cpp:1297]   --->   Operation 187 'read' 'img_read_7' <Predicate = (!icmp_ln1291 & or_ln1296_7)> <Delay = 1.83> <CoreInst = "FIFO_SRL">   --->   Core 80 'FIFO_SRL' <Latency = 0> <II = 1> <Delay = 1.83> <Storage> <Opcode : 'read' 'write' 'nbread' 'nbwrite'> <Ports = 0> <Width = 48> <Depth = 2> <FIFO>
ST_9 : Operation 188 [1/1] (0.00ns)   --->   "%trunc_ln1297_41 = trunc i48 %img_read_7" [/home/izaan/GitRepos/dpdma_exdes/vivado_quad_vmix/kv260_quad_vmix_dp.runs/bd_quad_vmix_dp_v_frmbuf_wr_0_0_synth_1/prj/sol/.autopilot/db/v_frmbuf_wr.cpp:1297]   --->   Operation 188 'trunc' 'trunc_ln1297_41' <Predicate = (!icmp_ln1291 & or_ln1296_7)> <Delay = 0.00>
ST_9 : Operation 189 [1/1] (0.00ns)   --->   "%trunc_ln1297_42 = partselect i8 @_ssdm_op_PartSelect.i8.i48.i32.i32, i48 %img_read_7, i32 8, i32 15" [/home/izaan/GitRepos/dpdma_exdes/vivado_quad_vmix/kv260_quad_vmix_dp.runs/bd_quad_vmix_dp_v_frmbuf_wr_0_0_synth_1/prj/sol/.autopilot/db/v_frmbuf_wr.cpp:1297]   --->   Operation 189 'partselect' 'trunc_ln1297_42' <Predicate = (!icmp_ln1291 & or_ln1296_7)> <Delay = 0.00>
ST_9 : Operation 190 [1/1] (0.00ns)   --->   "%trunc_ln1297_43 = partselect i8 @_ssdm_op_PartSelect.i8.i48.i32.i32, i48 %img_read_7, i32 16, i32 23" [/home/izaan/GitRepos/dpdma_exdes/vivado_quad_vmix/kv260_quad_vmix_dp.runs/bd_quad_vmix_dp_v_frmbuf_wr_0_0_synth_1/prj/sol/.autopilot/db/v_frmbuf_wr.cpp:1297]   --->   Operation 190 'partselect' 'trunc_ln1297_43' <Predicate = (!icmp_ln1291 & or_ln1296_7)> <Delay = 0.00>
ST_9 : Operation 191 [1/1] (0.00ns)   --->   "%trunc_ln1297_44 = partselect i8 @_ssdm_op_PartSelect.i8.i48.i32.i32, i48 %img_read_7, i32 24, i32 31" [/home/izaan/GitRepos/dpdma_exdes/vivado_quad_vmix/kv260_quad_vmix_dp.runs/bd_quad_vmix_dp_v_frmbuf_wr_0_0_synth_1/prj/sol/.autopilot/db/v_frmbuf_wr.cpp:1297]   --->   Operation 191 'partselect' 'trunc_ln1297_44' <Predicate = (!icmp_ln1291 & or_ln1296_7)> <Delay = 0.00>
ST_9 : Operation 192 [1/1] (0.00ns)   --->   "%trunc_ln1297_45 = partselect i8 @_ssdm_op_PartSelect.i8.i48.i32.i32, i48 %img_read_7, i32 32, i32 39" [/home/izaan/GitRepos/dpdma_exdes/vivado_quad_vmix/kv260_quad_vmix_dp.runs/bd_quad_vmix_dp_v_frmbuf_wr_0_0_synth_1/prj/sol/.autopilot/db/v_frmbuf_wr.cpp:1297]   --->   Operation 192 'partselect' 'trunc_ln1297_45' <Predicate = (!icmp_ln1291 & or_ln1296_7)> <Delay = 0.00>
ST_9 : Operation 193 [1/1] (0.00ns)   --->   "%trunc_ln1297_46 = partselect i8 @_ssdm_op_PartSelect.i8.i48.i32.i32, i48 %img_read_7, i32 40, i32 47" [/home/izaan/GitRepos/dpdma_exdes/vivado_quad_vmix/kv260_quad_vmix_dp.runs/bd_quad_vmix_dp_v_frmbuf_wr_0_0_synth_1/prj/sol/.autopilot/db/v_frmbuf_wr.cpp:1297]   --->   Operation 193 'partselect' 'trunc_ln1297_46' <Predicate = (!icmp_ln1291 & or_ln1296_7)> <Delay = 0.00>
ST_9 : Operation 194 [1/1] (0.42ns)   --->   "%br_ln1297 = br void %for.inc263.7" [/home/izaan/GitRepos/dpdma_exdes/vivado_quad_vmix/kv260_quad_vmix_dp.runs/bd_quad_vmix_dp_v_frmbuf_wr_0_0_synth_1/prj/sol/.autopilot/db/v_frmbuf_wr.cpp:1297]   --->   Operation 194 'br' 'br_ln1297' <Predicate = (!icmp_ln1291 & or_ln1296_7)> <Delay = 0.42>
ST_9 : Operation 195 [1/1] (0.00ns)   --->   "%empty_169 = phi i8 %trunc_ln1297_46, void %if.then234.7, i8 %empty_175, void %for.inc263.6" [/home/izaan/GitRepos/dpdma_exdes/vivado_quad_vmix/kv260_quad_vmix_dp.runs/bd_quad_vmix_dp_v_frmbuf_wr_0_0_synth_1/prj/sol/.autopilot/db/v_frmbuf_wr.cpp:1297]   --->   Operation 195 'phi' 'empty_169' <Predicate = true> <Delay = 0.00>
ST_9 : Operation 196 [1/1] (0.00ns)   --->   "%empty_170 = phi i8 %trunc_ln1297_45, void %if.then234.7, i8 %empty_176, void %for.inc263.6" [/home/izaan/GitRepos/dpdma_exdes/vivado_quad_vmix/kv260_quad_vmix_dp.runs/bd_quad_vmix_dp_v_frmbuf_wr_0_0_synth_1/prj/sol/.autopilot/db/v_frmbuf_wr.cpp:1297]   --->   Operation 196 'phi' 'empty_170' <Predicate = true> <Delay = 0.00>
ST_9 : Operation 197 [1/1] (0.00ns)   --->   "%empty_171 = phi i8 %trunc_ln1297_44, void %if.then234.7, i8 %empty_177, void %for.inc263.6" [/home/izaan/GitRepos/dpdma_exdes/vivado_quad_vmix/kv260_quad_vmix_dp.runs/bd_quad_vmix_dp_v_frmbuf_wr_0_0_synth_1/prj/sol/.autopilot/db/v_frmbuf_wr.cpp:1297]   --->   Operation 197 'phi' 'empty_171' <Predicate = true> <Delay = 0.00>
ST_9 : Operation 198 [1/1] (0.00ns)   --->   "%empty_172 = phi i8 %trunc_ln1297_43, void %if.then234.7, i8 %empty_178, void %for.inc263.6" [/home/izaan/GitRepos/dpdma_exdes/vivado_quad_vmix/kv260_quad_vmix_dp.runs/bd_quad_vmix_dp_v_frmbuf_wr_0_0_synth_1/prj/sol/.autopilot/db/v_frmbuf_wr.cpp:1297]   --->   Operation 198 'phi' 'empty_172' <Predicate = true> <Delay = 0.00>
ST_9 : Operation 199 [1/1] (0.00ns)   --->   "%empty_173 = phi i8 %trunc_ln1297_42, void %if.then234.7, i8 %empty_179, void %for.inc263.6" [/home/izaan/GitRepos/dpdma_exdes/vivado_quad_vmix/kv260_quad_vmix_dp.runs/bd_quad_vmix_dp_v_frmbuf_wr_0_0_synth_1/prj/sol/.autopilot/db/v_frmbuf_wr.cpp:1297]   --->   Operation 199 'phi' 'empty_173' <Predicate = true> <Delay = 0.00>
ST_9 : Operation 200 [1/1] (0.00ns)   --->   "%empty_174 = phi i8 %trunc_ln1297_41, void %if.then234.7, i8 %empty_180, void %for.inc263.6" [/home/izaan/GitRepos/dpdma_exdes/vivado_quad_vmix/kv260_quad_vmix_dp.runs/bd_quad_vmix_dp_v_frmbuf_wr_0_0_synth_1/prj/sol/.autopilot/db/v_frmbuf_wr.cpp:1297]   --->   Operation 200 'phi' 'empty_174' <Predicate = true> <Delay = 0.00>
ST_9 : Operation 201 [1/1] (0.00ns)   --->   "%tmp_5 = bitconcatenate i128 @_ssdm_op_BitConcatenate.i128.i8.i8.i8.i8.i8.i8.i8.i8.i8.i8.i8.i8.i8.i8.i8.i8, i8 %empty_171, i8 %empty_170, i8 %empty_169, i8 %empty_174, i8 %empty_173, i8 %empty_172, i8 %empty_177, i8 %empty_176, i8 %empty_175, i8 %empty_180, i8 %empty_179, i8 %empty_178, i8 %empty_183, i8 %empty_182, i8 %empty_181, i8 %empty_186" [/home/izaan/GitRepos/dpdma_exdes/vivado_quad_vmix/kv260_quad_vmix_dp.runs/bd_quad_vmix_dp_v_frmbuf_wr_0_0_synth_1/prj/sol/.autopilot/db/v_frmbuf_wr.cpp:1312]   --->   Operation 201 'bitconcatenate' 'tmp_5' <Predicate = (or_ln1311_1)> <Delay = 0.00>
ST_9 : Operation 202 [1/1] ( I:1.74ns O:1.74ns )   --->   "%write_ln1312 = write void @_ssdm_op_Write.ap_fifo.volatile.i128P0A, i128 %bytePlanes, i128 %tmp_5" [/home/izaan/GitRepos/dpdma_exdes/vivado_quad_vmix/kv260_quad_vmix_dp.runs/bd_quad_vmix_dp_v_frmbuf_wr_0_0_synth_1/prj/sol/.autopilot/db/v_frmbuf_wr.cpp:1312]   --->   Operation 202 'write' 'write_ln1312' <Predicate = (or_ln1311_1)> <Delay = 1.74> <CoreInst = "FIFO_BRAM">   --->   Core 78 'FIFO_BRAM' <Latency = 0> <II = 1> <Delay = 1.74> <Storage> <Opcode : 'read' 'write' 'nbread' 'nbwrite'> <Ports = 0> <Width = 128> <Depth = 481> <FIFO>
ST_9 : Operation 203 [1/1] (0.00ns)   --->   "%br_ln1312 = br void %for.inc296.2" [/home/izaan/GitRepos/dpdma_exdes/vivado_quad_vmix/kv260_quad_vmix_dp.runs/bd_quad_vmix_dp_v_frmbuf_wr_0_0_synth_1/prj/sol/.autopilot/db/v_frmbuf_wr.cpp:1312]   --->   Operation 203 'br' 'br_ln1312' <Predicate = (or_ln1311_1)> <Delay = 0.00>
ST_9 : Operation 204 [1/1] (0.42ns)   --->   "%store_ln1297 = store i8 %empty_169, i8 %empty_168" [/home/izaan/GitRepos/dpdma_exdes/vivado_quad_vmix/kv260_quad_vmix_dp.runs/bd_quad_vmix_dp_v_frmbuf_wr_0_0_synth_1/prj/sol/.autopilot/db/v_frmbuf_wr.cpp:1297]   --->   Operation 204 'store' 'store_ln1297' <Predicate = true> <Delay = 0.42>
ST_9 : Operation 205 [1/1] (0.42ns)   --->   "%store_ln1297 = store i8 %empty_170, i8 %empty_167" [/home/izaan/GitRepos/dpdma_exdes/vivado_quad_vmix/kv260_quad_vmix_dp.runs/bd_quad_vmix_dp_v_frmbuf_wr_0_0_synth_1/prj/sol/.autopilot/db/v_frmbuf_wr.cpp:1297]   --->   Operation 205 'store' 'store_ln1297' <Predicate = true> <Delay = 0.42>
ST_9 : Operation 206 [1/1] (0.42ns)   --->   "%store_ln1297 = store i8 %empty_171, i8 %empty_166" [/home/izaan/GitRepos/dpdma_exdes/vivado_quad_vmix/kv260_quad_vmix_dp.runs/bd_quad_vmix_dp_v_frmbuf_wr_0_0_synth_1/prj/sol/.autopilot/db/v_frmbuf_wr.cpp:1297]   --->   Operation 206 'store' 'store_ln1297' <Predicate = true> <Delay = 0.42>
ST_9 : Operation 207 [1/1] (0.42ns)   --->   "%store_ln1297 = store i8 %empty_172, i8 %empty_165" [/home/izaan/GitRepos/dpdma_exdes/vivado_quad_vmix/kv260_quad_vmix_dp.runs/bd_quad_vmix_dp_v_frmbuf_wr_0_0_synth_1/prj/sol/.autopilot/db/v_frmbuf_wr.cpp:1297]   --->   Operation 207 'store' 'store_ln1297' <Predicate = true> <Delay = 0.42>
ST_9 : Operation 208 [1/1] (0.42ns)   --->   "%store_ln1297 = store i8 %empty_173, i8 %empty_164" [/home/izaan/GitRepos/dpdma_exdes/vivado_quad_vmix/kv260_quad_vmix_dp.runs/bd_quad_vmix_dp_v_frmbuf_wr_0_0_synth_1/prj/sol/.autopilot/db/v_frmbuf_wr.cpp:1297]   --->   Operation 208 'store' 'store_ln1297' <Predicate = true> <Delay = 0.42>
ST_9 : Operation 209 [1/1] (0.42ns)   --->   "%store_ln1297 = store i8 %empty_174, i8 %empty_163" [/home/izaan/GitRepos/dpdma_exdes/vivado_quad_vmix/kv260_quad_vmix_dp.runs/bd_quad_vmix_dp_v_frmbuf_wr_0_0_synth_1/prj/sol/.autopilot/db/v_frmbuf_wr.cpp:1297]   --->   Operation 209 'store' 'store_ln1297' <Predicate = true> <Delay = 0.42>
ST_9 : Operation 210 [1/1] (0.00ns)   --->   "%br_ln1291 = br void %VITIS_LOOP_1294_7" [/home/izaan/GitRepos/dpdma_exdes/vivado_quad_vmix/kv260_quad_vmix_dp.runs/bd_quad_vmix_dp_v_frmbuf_wr_0_0_synth_1/prj/sol/.autopilot/db/v_frmbuf_wr.cpp:1291]   --->   Operation 210 'br' 'br_ln1291' <Predicate = true> <Delay = 0.00>


============================================================
+ Verbose Summary: Timing violations
============================================================
Target clock period: 6.667ns, clock uncertainty: 1.800ns.

 <State 1>: 1.630ns
The critical path consists of the following:
	'store' operation 0 bit ('store_ln1291', /home/izaan/GitRepos/dpdma_exdes/vivado_quad_vmix/kv260_quad_vmix_dp.runs/bd_quad_vmix_dp_v_frmbuf_wr_0_0_synth_1/prj/sol/.autopilot/db/v_frmbuf_wr.cpp:1291) of constant 0 on local variable 'x', /home/izaan/GitRepos/dpdma_exdes/vivado_quad_vmix/kv260_quad_vmix_dp.runs/bd_quad_vmix_dp_v_frmbuf_wr_0_0_synth_1/prj/sol/.autopilot/db/v_frmbuf_wr.cpp:1291 [61]  (0.427 ns)
	'load' operation 9 bit ('x', /home/izaan/GitRepos/dpdma_exdes/vivado_quad_vmix/kv260_quad_vmix_dp.runs/bd_quad_vmix_dp_v_frmbuf_wr_0_0_synth_1/prj/sol/.autopilot/db/v_frmbuf_wr.cpp:1291) on local variable 'x', /home/izaan/GitRepos/dpdma_exdes/vivado_quad_vmix/kv260_quad_vmix_dp.runs/bd_quad_vmix_dp_v_frmbuf_wr_0_0_synth_1/prj/sol/.autopilot/db/v_frmbuf_wr.cpp:1291 [64]  (0.000 ns)
	'icmp' operation 1 bit ('icmp_ln1291', /home/izaan/GitRepos/dpdma_exdes/vivado_quad_vmix/kv260_quad_vmix_dp.runs/bd_quad_vmix_dp_v_frmbuf_wr_0_0_synth_1/prj/sol/.autopilot/db/v_frmbuf_wr.cpp:1291) [73]  (0.776 ns)
	'store' operation 0 bit ('store_ln1291', /home/izaan/GitRepos/dpdma_exdes/vivado_quad_vmix/kv260_quad_vmix_dp.runs/bd_quad_vmix_dp_v_frmbuf_wr_0_0_synth_1/prj/sol/.autopilot/db/v_frmbuf_wr.cpp:1291) of variable 'x', /home/izaan/GitRepos/dpdma_exdes/vivado_quad_vmix/kv260_quad_vmix_dp.runs/bd_quad_vmix_dp_v_frmbuf_wr_0_0_synth_1/prj/sol/.autopilot/db/v_frmbuf_wr.cpp:1291 on local variable 'x', /home/izaan/GitRepos/dpdma_exdes/vivado_quad_vmix/kv260_quad_vmix_dp.runs/bd_quad_vmix_dp_v_frmbuf_wr_0_0_synth_1/prj/sol/.autopilot/db/v_frmbuf_wr.cpp:1291 [246]  (0.427 ns)

 <State 2>: 1.838ns
The critical path consists of the following:
	fifo read operation ('img_read', /home/izaan/GitRepos/dpdma_exdes/vivado_quad_vmix/kv260_quad_vmix_dp.runs/bd_quad_vmix_dp_v_frmbuf_wr_0_0_synth_1/prj/sol/.autopilot/db/v_frmbuf_wr.cpp:1297) on port 'img' (/home/izaan/GitRepos/dpdma_exdes/vivado_quad_vmix/kv260_quad_vmix_dp.runs/bd_quad_vmix_dp_v_frmbuf_wr_0_0_synth_1/prj/sol/.autopilot/db/v_frmbuf_wr.cpp:1297) [83]  (1.838 ns)

 <State 3>: 1.838ns
The critical path consists of the following:
	fifo read operation ('img_read_1', /home/izaan/GitRepos/dpdma_exdes/vivado_quad_vmix/kv260_quad_vmix_dp.runs/bd_quad_vmix_dp_v_frmbuf_wr_0_0_synth_1/prj/sol/.autopilot/db/v_frmbuf_wr.cpp:1297) on port 'img' (/home/izaan/GitRepos/dpdma_exdes/vivado_quad_vmix/kv260_quad_vmix_dp.runs/bd_quad_vmix_dp_v_frmbuf_wr_0_0_synth_1/prj/sol/.autopilot/db/v_frmbuf_wr.cpp:1297) [101]  (1.838 ns)

 <State 4>: 1.838ns
The critical path consists of the following:
	fifo read operation ('img_read_2', /home/izaan/GitRepos/dpdma_exdes/vivado_quad_vmix/kv260_quad_vmix_dp.runs/bd_quad_vmix_dp_v_frmbuf_wr_0_0_synth_1/prj/sol/.autopilot/db/v_frmbuf_wr.cpp:1297) on port 'img' (/home/izaan/GitRepos/dpdma_exdes/vivado_quad_vmix/kv260_quad_vmix_dp.runs/bd_quad_vmix_dp_v_frmbuf_wr_0_0_synth_1/prj/sol/.autopilot/db/v_frmbuf_wr.cpp:1297) [119]  (1.838 ns)

 <State 5>: 1.838ns
The critical path consists of the following:
	fifo read operation ('img_read_3', /home/izaan/GitRepos/dpdma_exdes/vivado_quad_vmix/kv260_quad_vmix_dp.runs/bd_quad_vmix_dp_v_frmbuf_wr_0_0_synth_1/prj/sol/.autopilot/db/v_frmbuf_wr.cpp:1297) on port 'img' (/home/izaan/GitRepos/dpdma_exdes/vivado_quad_vmix/kv260_quad_vmix_dp.runs/bd_quad_vmix_dp_v_frmbuf_wr_0_0_synth_1/prj/sol/.autopilot/db/v_frmbuf_wr.cpp:1297) [137]  (1.838 ns)

 <State 6>: 1.838ns
The critical path consists of the following:
	fifo read operation ('img_read_4', /home/izaan/GitRepos/dpdma_exdes/vivado_quad_vmix/kv260_quad_vmix_dp.runs/bd_quad_vmix_dp_v_frmbuf_wr_0_0_synth_1/prj/sol/.autopilot/db/v_frmbuf_wr.cpp:1297) on port 'img' (/home/izaan/GitRepos/dpdma_exdes/vivado_quad_vmix/kv260_quad_vmix_dp.runs/bd_quad_vmix_dp_v_frmbuf_wr_0_0_synth_1/prj/sol/.autopilot/db/v_frmbuf_wr.cpp:1297) [155]  (1.838 ns)

 <State 7>: 1.838ns
The critical path consists of the following:
	fifo read operation ('img_read_5', /home/izaan/GitRepos/dpdma_exdes/vivado_quad_vmix/kv260_quad_vmix_dp.runs/bd_quad_vmix_dp_v_frmbuf_wr_0_0_synth_1/prj/sol/.autopilot/db/v_frmbuf_wr.cpp:1297) on port 'img' (/home/izaan/GitRepos/dpdma_exdes/vivado_quad_vmix/kv260_quad_vmix_dp.runs/bd_quad_vmix_dp_v_frmbuf_wr_0_0_synth_1/prj/sol/.autopilot/db/v_frmbuf_wr.cpp:1297) [173]  (1.838 ns)

 <State 8>: 1.838ns
The critical path consists of the following:
	fifo read operation ('img_read_6', /home/izaan/GitRepos/dpdma_exdes/vivado_quad_vmix/kv260_quad_vmix_dp.runs/bd_quad_vmix_dp_v_frmbuf_wr_0_0_synth_1/prj/sol/.autopilot/db/v_frmbuf_wr.cpp:1297) on port 'img' (/home/izaan/GitRepos/dpdma_exdes/vivado_quad_vmix/kv260_quad_vmix_dp.runs/bd_quad_vmix_dp_v_frmbuf_wr_0_0_synth_1/prj/sol/.autopilot/db/v_frmbuf_wr.cpp:1297) [191]  (1.838 ns)

 <State 9>: 4.012ns
The critical path consists of the following:
	fifo read operation ('img_read_7', /home/izaan/GitRepos/dpdma_exdes/vivado_quad_vmix/kv260_quad_vmix_dp.runs/bd_quad_vmix_dp_v_frmbuf_wr_0_0_synth_1/prj/sol/.autopilot/db/v_frmbuf_wr.cpp:1297) on port 'img' (/home/izaan/GitRepos/dpdma_exdes/vivado_quad_vmix/kv260_quad_vmix_dp.runs/bd_quad_vmix_dp_v_frmbuf_wr_0_0_synth_1/prj/sol/.autopilot/db/v_frmbuf_wr.cpp:1297) [209]  (1.838 ns)
	multiplexor before 'phi' operation 8 bit ('empty_169', /home/izaan/GitRepos/dpdma_exdes/vivado_quad_vmix/kv260_quad_vmix_dp.runs/bd_quad_vmix_dp_v_frmbuf_wr_0_0_synth_1/prj/sol/.autopilot/db/v_frmbuf_wr.cpp:1297) with incoming values : ('p_load') ('trunc_ln1297_5', /home/izaan/GitRepos/dpdma_exdes/vivado_quad_vmix/kv260_quad_vmix_dp.runs/bd_quad_vmix_dp_v_frmbuf_wr_0_0_synth_1/prj/sol/.autopilot/db/v_frmbuf_wr.cpp:1297) ('trunc_ln1297_10', /home/izaan/GitRepos/dpdma_exdes/vivado_quad_vmix/kv260_quad_vmix_dp.runs/bd_quad_vmix_dp_v_frmbuf_wr_0_0_synth_1/prj/sol/.autopilot/db/v_frmbuf_wr.cpp:1297) ('trunc_ln1297_16', /home/izaan/GitRepos/dpdma_exdes/vivado_quad_vmix/kv260_quad_vmix_dp.runs/bd_quad_vmix_dp_v_frmbuf_wr_0_0_synth_1/prj/sol/.autopilot/db/v_frmbuf_wr.cpp:1297) ('trunc_ln1297_22', /home/izaan/GitRepos/dpdma_exdes/vivado_quad_vmix/kv260_quad_vmix_dp.runs/bd_quad_vmix_dp_v_frmbuf_wr_0_0_synth_1/prj/sol/.autopilot/db/v_frmbuf_wr.cpp:1297) ('trunc_ln1297_28', /home/izaan/GitRepos/dpdma_exdes/vivado_quad_vmix/kv260_quad_vmix_dp.runs/bd_quad_vmix_dp_v_frmbuf_wr_0_0_synth_1/prj/sol/.autopilot/db/v_frmbuf_wr.cpp:1297) ('trunc_ln1297_34', /home/izaan/GitRepos/dpdma_exdes/vivado_quad_vmix/kv260_quad_vmix_dp.runs/bd_quad_vmix_dp_v_frmbuf_wr_0_0_synth_1/prj/sol/.autopilot/db/v_frmbuf_wr.cpp:1297) ('trunc_ln1297_40', /home/izaan/GitRepos/dpdma_exdes/vivado_quad_vmix/kv260_quad_vmix_dp.runs/bd_quad_vmix_dp_v_frmbuf_wr_0_0_synth_1/prj/sol/.autopilot/db/v_frmbuf_wr.cpp:1297) ('trunc_ln1297_46', /home/izaan/GitRepos/dpdma_exdes/vivado_quad_vmix/kv260_quad_vmix_dp.runs/bd_quad_vmix_dp_v_frmbuf_wr_0_0_synth_1/prj/sol/.autopilot/db/v_frmbuf_wr.cpp:1297) [218]  (0.427 ns)
	'phi' operation 8 bit ('empty_169', /home/izaan/GitRepos/dpdma_exdes/vivado_quad_vmix/kv260_quad_vmix_dp.runs/bd_quad_vmix_dp_v_frmbuf_wr_0_0_synth_1/prj/sol/.autopilot/db/v_frmbuf_wr.cpp:1297) with incoming values : ('p_load') ('trunc_ln1297_5', /home/izaan/GitRepos/dpdma_exdes/vivado_quad_vmix/kv260_quad_vmix_dp.runs/bd_quad_vmix_dp_v_frmbuf_wr_0_0_synth_1/prj/sol/.autopilot/db/v_frmbuf_wr.cpp:1297) ('trunc_ln1297_10', /home/izaan/GitRepos/dpdma_exdes/vivado_quad_vmix/kv260_quad_vmix_dp.runs/bd_quad_vmix_dp_v_frmbuf_wr_0_0_synth_1/prj/sol/.autopilot/db/v_frmbuf_wr.cpp:1297) ('trunc_ln1297_16', /home/izaan/GitRepos/dpdma_exdes/vivado_quad_vmix/kv260_quad_vmix_dp.runs/bd_quad_vmix_dp_v_frmbuf_wr_0_0_synth_1/prj/sol/.autopilot/db/v_frmbuf_wr.cpp:1297) ('trunc_ln1297_22', /home/izaan/GitRepos/dpdma_exdes/vivado_quad_vmix/kv260_quad_vmix_dp.runs/bd_quad_vmix_dp_v_frmbuf_wr_0_0_synth_1/prj/sol/.autopilot/db/v_frmbuf_wr.cpp:1297) ('trunc_ln1297_28', /home/izaan/GitRepos/dpdma_exdes/vivado_quad_vmix/kv260_quad_vmix_dp.runs/bd_quad_vmix_dp_v_frmbuf_wr_0_0_synth_1/prj/sol/.autopilot/db/v_frmbuf_wr.cpp:1297) ('trunc_ln1297_34', /home/izaan/GitRepos/dpdma_exdes/vivado_quad_vmix/kv260_quad_vmix_dp.runs/bd_quad_vmix_dp_v_frmbuf_wr_0_0_synth_1/prj/sol/.autopilot/db/v_frmbuf_wr.cpp:1297) ('trunc_ln1297_40', /home/izaan/GitRepos/dpdma_exdes/vivado_quad_vmix/kv260_quad_vmix_dp.runs/bd_quad_vmix_dp_v_frmbuf_wr_0_0_synth_1/prj/sol/.autopilot/db/v_frmbuf_wr.cpp:1297) ('trunc_ln1297_46', /home/izaan/GitRepos/dpdma_exdes/vivado_quad_vmix/kv260_quad_vmix_dp.runs/bd_quad_vmix_dp_v_frmbuf_wr_0_0_synth_1/prj/sol/.autopilot/db/v_frmbuf_wr.cpp:1297) [218]  (0.000 ns)
	fifo write operation ('write_ln1312', /home/izaan/GitRepos/dpdma_exdes/vivado_quad_vmix/kv260_quad_vmix_dp.runs/bd_quad_vmix_dp_v_frmbuf_wr_0_0_synth_1/prj/sol/.autopilot/db/v_frmbuf_wr.cpp:1312) on port 'bytePlanes' (/home/izaan/GitRepos/dpdma_exdes/vivado_quad_vmix/kv260_quad_vmix_dp.runs/bd_quad_vmix_dp_v_frmbuf_wr_0_0_synth_1/prj/sol/.autopilot/db/v_frmbuf_wr.cpp:1312) [237]  (1.747 ns)


============================================================
+ Verbose Summary: Binding
============================================================
N/A
* FSMD analyzer results:
  - Output states:
 - Input state : 
  - Chain level:
	State 1
	State 2
	State 3
	State 4
	State 5
	State 6
	State 7
	State 8
	State 9


============================================================
+ Verbose Summary: Datapath Resource usage 
============================================================
N/A
