Copyright 1986-2022 Xilinx, Inc. All Rights Reserved. Copyright 2022-2024 Advanced Micro Devices, Inc. All Rights Reserved.
--------------------------------------------------------------------------------------------------------------------------------------------------
| Tool Version      : Vivado v.2024.2 (lin64) Build 5239630 Fri Nov 08 22:34:34 MST 2024
| Date              : Mon Apr 27 12:49:53 2026
| Host              : ipaa-10xe running 64-bit Ubuntu 20.04.6 LTS
| Command           : report_clock_utilization -file bd_quad_vmix_dp_wrapper_clock_utilization_routed.rpt
| Design            : bd_quad_vmix_dp_wrapper
| Device            : xck26-sfvc784
| Speed File        : -2LV  PRODUCTION 1.30 05-15-2022
| Temperature Grade : C
| Design State      : Routed
--------------------------------------------------------------------------------------------------------------------------------------------------

Clock Utilization Report

Table of Contents
-----------------
1. Clock Primitive Utilization
2. Global Clock Resources
3. Global Clock Source Details
4. Clock Regions : Clock Primitives
5. Clock Regions : Load Primitives
6. Clock Regions : Global Clock Summary
7. Clock Regions : Routing Resource Utilization
8. Device Cell Placement Summary for Global Clock g0
9. Device Cell Placement Summary for Global Clock g1
10. Clock Region Cell Placement per Global Clock: Region X0Y0
11. Clock Region Cell Placement per Global Clock: Region X1Y0
12. Clock Region Cell Placement per Global Clock: Region X0Y1
13. Clock Region Cell Placement per Global Clock: Region X1Y1
14. Clock Region Cell Placement per Global Clock: Region X0Y2
15. Clock Region Cell Placement per Global Clock: Region X1Y2
16. Clock Region Cell Placement per Global Clock: Region X0Y3
17. Clock Region Cell Placement per Global Clock: Region X1Y3

1. Clock Primitive Utilization
------------------------------

+------------+------+-----------+-----+--------------+--------+
| Type       | Used | Available | LOC | Clock Region | Pblock |
+------------+------+-----------+-----+--------------+--------+
| BUFGCE     |    1 |       112 |   0 |            0 |      0 |
| BUFGCE_DIV |    0 |        16 |   0 |            0 |      0 |
| BUFGCTRL   |    0 |        32 |   0 |            0 |      0 |
| BUFG_GT    |    0 |        96 |   0 |            0 |      0 |
| BUFG_PS    |    1 |        96 |   0 |            0 |      0 |
| MMCM       |    0 |         4 |   0 |            0 |      0 |
| PLL        |    0 |         8 |   0 |            0 |      0 |
+------------+------+-----------+-----+--------------+--------+


2. Global Clock Resources
-------------------------

+-----------+-----------+-----------------+------------+---------------+--------------+------+-------------------+------------------+-------------------+-------------+-----------------+--------------+----------+--------------------------------------------------------------------------------------+-----------------------------------------------------------+
| Global Id | Source Id | Driver Type/Pin | Constraint | Site          | Clock Region | Root | Clock Delay Group | Clock Low Fanout | Load Clock Region | Clock Loads | Non-Clock Loads | Clock Period | Clock    | Driver Pin                                                                           | Net                                                       |
+-----------+-----------+-----------------+------------+---------------+--------------+------+-------------------+------------------+-------------------+-------------+-----------------+--------------+----------+--------------------------------------------------------------------------------------+-----------------------------------------------------------+
| g0        | src0      | BUFG_PS/O       | None       | BUFG_PS_X0Y80 | X0Y3         | X0Y1 |                   |                  |                 8 |       26670 |               0 |        6.666 | clk_pl_0 | bd_quad_vmix_dp_i/zynq_ultra_ps_e_0/inst/buffer_pl_clk_0.PL_CLK_0_BUFG/O             | bd_quad_vmix_dp_i/zynq_ultra_ps_e_0/inst/pl_clk0          |
| g1        | src1      | BUFGCE/O        | None       | BUFGCE_X0Y2   | X1Y0         | X1Y0 | n/a               |                  |                 8 |           0 |            5080 |          n/a | n/a      | bd_quad_vmix_dp_i/rst_ps8_0_149M/U0/ACTIVE_LOW_PR_OUT_DFF[0].FDRE_PER_N_bufg_place/O | bd_quad_vmix_dp_i/rst_ps8_0_149M/U0/peripheral_aresetn[0] |
+-----------+-----------+-----------------+------------+---------------+--------------+------+-------------------+------------------+-------------------+-------------+-----------------+--------------+----------+--------------------------------------------------------------------------------------+-----------------------------------------------------------+
* Clock Loads column represents cell count of net connects that connect to a clock pin. Internal cell leaf pins are not considered
** Non-Clock Loads column represents cell count of non-clock pin loads


3. Global Clock Source Details
------------------------------

+-----------+-----------+-----------------+------------+--------------+--------------+-------------+-----------------+---------------------+--------------+---------------------------------------------------------------------------+----------------------------------------------------------------------+
| Source Id | Global Id | Driver Type/Pin | Constraint | Site         | Clock Region | Clock Loads | Non-Clock Loads | Source Clock Period | Source Clock | Driver Pin                                                                | Net                                                                  |
+-----------+-----------+-----------------+------------+--------------+--------------+-------------+-----------------+---------------------+--------------+---------------------------------------------------------------------------+----------------------------------------------------------------------+
| src0      | g0        | PS8/PLCLK[0]    | None       | PS8_X0Y0     | X0Y1         |           1 |               0 |               6.666 | clk_pl_0     | bd_quad_vmix_dp_i/zynq_ultra_ps_e_0/inst/PS8_i/PLCLK[0]                   | bd_quad_vmix_dp_i/zynq_ultra_ps_e_0/inst/pl_clk_unbuffered[0]        |
| src1      | g1        | FDRE/Q          | None       | SLICE_X10Y28 | X0Y0         |           1 |               0 |                     |              | bd_quad_vmix_dp_i/rst_ps8_0_149M/U0/ACTIVE_LOW_PR_OUT_DFF[0].FDRE_PER_N/Q | bd_quad_vmix_dp_i/rst_ps8_0_149M/U0/peripheral_aresetn[0]_bufg_place |
+-----------+-----------+-----------------+------------+--------------+--------------+-------------+-----------------+---------------------+--------------+---------------------------------------------------------------------------+----------------------------------------------------------------------+
* Clock Loads column represents cell count of net connects that connect to a clock pin. Internal cell leaf pins are not considered
** Non-Clock Loads column represents cell count of non-clock pin loads


4. Clock Regions : Clock Primitives
-----------------------------------

+-------------------+---------------+---------------+---------------+---------------+---------------+---------------+---------------+---------------+
|                   |  Global Clock |     BUFGCE    |   BUFGCE_DIV  |    BUFGCTRL   |    BUFG_GT    |    BUFG_PS    |      MMCM     |      PLL      |
+-------------------+-------+-------+-------+-------+-------+-------+-------+-------+-------+-------+-------+-------+-------+-------+-------+-------+
| Clock Region Name | Used  | Avail | Used  | Avail | Used  | Avail | Used  | Avail | Used  | Avail | Used  | Avail | Used  | Avail | Used  | Avail |
+-------------------+-------+-------+-------+-------+-------+-------+-------+-------+-------+-------+-------+-------+-------+-------+-------+-------+
| X0Y0              |     2 |    24 |     0 |     4 |     0 |     0 |     0 |     0 |     0 |     0 |     0 |    24 |     0 |     0 |     0 |     0 |
| X1Y0              |     2 |    24 |     1 |    24 |     0 |     4 |     0 |     8 |     0 |     0 |     0 |     0 |     0 |     1 |     0 |     2 |
| X2Y0              |     0 |    24 |     0 |     0 |     0 |     0 |     0 |     0 |     0 |    24 |     0 |     0 |     0 |     0 |     0 |     0 |
| X0Y1              |     2 |    24 |     0 |     4 |     0 |     0 |     0 |     0 |     0 |     0 |     0 |    24 |     0 |     0 |     0 |     0 |
| X1Y1              |     2 |    24 |     0 |    24 |     0 |     4 |     0 |     8 |     0 |     0 |     0 |     0 |     0 |     1 |     0 |     2 |
| X2Y1              |     0 |    24 |     0 |     0 |     0 |     0 |     0 |     0 |     0 |    24 |     0 |     0 |     0 |     0 |     0 |     0 |
| X0Y2              |     2 |    24 |     0 |     4 |     0 |     0 |     0 |     0 |     0 |     0 |     0 |    24 |     0 |     0 |     0 |     0 |
| X1Y2              |     2 |    24 |     0 |    24 |     0 |     4 |     0 |     8 |     0 |     0 |     0 |     0 |     0 |     1 |     0 |     2 |
| X2Y2              |     0 |    24 |     0 |     0 |     0 |     0 |     0 |     0 |     0 |    24 |     0 |     0 |     0 |     0 |     0 |     0 |
| X0Y3              |     2 |    24 |     0 |     4 |     0 |     0 |     0 |     0 |     0 |     0 |     1 |    24 |     0 |     0 |     0 |     0 |
| X1Y3              |     2 |    24 |     0 |    24 |     0 |     4 |     0 |     8 |     0 |     0 |     0 |     0 |     0 |     1 |     0 |     2 |
| X2Y3              |     0 |    24 |     0 |     0 |     0 |     0 |     0 |     0 |     0 |    24 |     0 |     0 |     0 |     0 |     0 |     0 |
+-------------------+-------+-------+-------+-------+-------+-------+-------+-------+-------+-------+-------+-------+-------+-------+-------+-------+
* Global Clock column represents track count; while other columns represents cell counts


5. Clock Regions : Load Primitives
----------------------------------

+-------------------+------------------+------------------+------------------+------------------+------------------+------------------+------------------+------------------+
|                   |   Global Clock   |        FF        |      LUTRAM      |  Block RAM (18K) |       URAM       |        DSP       |        GT        |      HARD IP     |
+-------------------+--------+---------+--------+---------+--------+---------+--------+---------+--------+---------+--------+---------+--------+---------+--------+---------+
| Clock Region Name | Used   | Avail   | Used   | Avail   | Used   | Avail   | Used   | Avail   | Used   | Avail   | Used   | Avail   | Used   | Avail   | Used   | Avail   |
+-------------------+--------+---------+--------+---------+--------+---------+--------+---------+--------+---------+--------+---------+--------+---------+--------+---------+
| X0Y0              |      2 |      24 |   4581 |   22080 |    230 |    6240 |      0 |       0 |      0 |       0 |      6 |     144 |      0 |       0 |      0 |       0 |
| X1Y0              |      2 |      24 |    444 |   17280 |     83 |    5280 |     13 |      24 |      0 |       0 |     14 |     144 |      0 |       0 |      0 |       0 |
| X2Y0              |      0 |      24 |      0 |   19200 |      0 |    2880 |      0 |      48 |      0 |      16 |      0 |      24 |      0 |       4 |      0 |       1 |
| X0Y1              |      2 |      24 |   8010 |   22080 |    677 |    6240 |      0 |       0 |      0 |       0 |      0 |     144 |      0 |       0 |      0 |       0 |
| X1Y1              |      2 |      24 |   2377 |   17280 |    144 |    5280 |      7 |      24 |      0 |       0 |      6 |     144 |      0 |       0 |      0 |       0 |
| X2Y1              |      0 |      24 |      0 |   19200 |      0 |    2880 |      0 |      48 |      0 |      16 |      0 |      24 |      0 |       4 |      0 |       1 |
| X0Y2              |      2 |      24 |   5909 |   22080 |    374 |    6240 |      0 |       0 |      0 |       0 |      0 |     144 |      0 |       0 |      0 |       0 |
| X1Y2              |      2 |      24 |   1464 |   17280 |     32 |    5280 |      0 |      24 |      0 |       0 |      0 |     144 |      0 |       0 |      0 |       0 |
| X2Y2              |      0 |      24 |      0 |   19200 |      0 |    2880 |      0 |      48 |      0 |      16 |      0 |      24 |      0 |       4 |      0 |       0 |
| X0Y3              |      2 |      24 |   2089 |   22080 |    191 |    6240 |      0 |       0 |      0 |       0 |      0 |     144 |      0 |       0 |      0 |       0 |
| X1Y3              |      2 |      24 |     23 |   17280 |      0 |    5280 |      0 |      24 |      0 |       0 |      0 |     144 |      0 |       0 |      0 |       0 |
| X2Y3              |      0 |      24 |      0 |   19200 |      0 |    2880 |      0 |      48 |      0 |      16 |      0 |      24 |      0 |       4 |      0 |       0 |
+-------------------+--------+---------+--------+---------+--------+---------+--------+---------+--------+---------+--------+---------+--------+---------+--------+---------+
* Global Clock column represents track count; while other columns represents cell counts


6. Clock Regions : Global Clock Summary
---------------------------------------

All Modules
+----+----+----+----+
|    | X0 | X1 | X2 |
+----+----+----+----+
| Y3 |  2 |  2 |  0 |
| Y2 |  2 |  2 |  0 |
| Y1 |  2 |  2 |  0 |
| Y0 |  2 |  2 |  0 |
+----+----+----+----+


7. Clock Regions : Routing Resource Utilization
-----------------------------------------------

All Modules
+-------------------+----------------------+----------------------+----------------------+----------------------+
|                   |        HROUTES       |        HDISTRS       |        VROUTES       |        VDISTRS       |
+-------------------+------+-------+-------+------+-------+-------+------+-------+-------+------+-------+-------+
| Clock Region Name | Used | Avail | Util% | Used | Avail | Util% | Used | Avail | Util% | Used | Avail | Util% |
+-------------------+------+-------+-------+------+-------+-------+------+-------+-------+------+-------+-------+
| X0Y0              |    0 |    24 |  0.00 |    2 |    24 |  8.33 |    0 |    24 |  0.00 |    1 |    24 |  4.17 |
| X1Y0              |    0 |    24 |  0.00 |    2 |    24 |  8.33 |    0 |    24 |  0.00 |    1 |    24 |  4.17 |
| X2Y0              |    0 |    24 |  0.00 |    0 |    24 |  0.00 |    0 |    24 |  0.00 |    0 |    24 |  0.00 |
| X0Y1              |    0 |    24 |  0.00 |    2 |    24 |  8.33 |    1 |    24 |  4.17 |    1 |    24 |  4.17 |
| X1Y1              |    0 |    24 |  0.00 |    2 |    24 |  8.33 |    0 |    24 |  0.00 |    1 |    24 |  4.17 |
| X2Y1              |    0 |    24 |  0.00 |    0 |    24 |  0.00 |    0 |    24 |  0.00 |    0 |    24 |  0.00 |
| X0Y2              |    0 |    24 |  0.00 |    2 |    24 |  8.33 |    1 |    24 |  4.17 |    1 |    24 |  4.17 |
| X1Y2              |    0 |    24 |  0.00 |    2 |    24 |  8.33 |    0 |    24 |  0.00 |    1 |    24 |  4.17 |
| X2Y2              |    0 |    24 |  0.00 |    0 |    24 |  0.00 |    0 |    24 |  0.00 |    0 |    24 |  0.00 |
| X0Y3              |    1 |    24 |  4.17 |    2 |    24 |  8.33 |    1 |    24 |  4.17 |    0 |    24 |  0.00 |
| X1Y3              |    0 |    24 |  0.00 |    2 |    24 |  8.33 |    0 |    24 |  0.00 |    0 |    24 |  0.00 |
| X2Y3              |    0 |    24 |  0.00 |    0 |    24 |  0.00 |    0 |    24 |  0.00 |    0 |    24 |  0.00 |
+-------------------+------+-------+-------+------+-------+-------+------+-------+-------+------+-------+-------+


8. Device Cell Placement Summary for Global Clock g0
----------------------------------------------------

+-----------+-----------------+-------------------+----------+-------------+---------------+----------+-------------+----------+----------------+----------+--------------------------------------------------+
| Global Id | Driver Type/Pin | Driver Region (D) | Clock    | Period (ns) | Waveform (ns) | Root (R) | Slice Loads | IO Loads | Clocking Loads | GT Loads | Net                                              |
+-----------+-----------------+-------------------+----------+-------------+---------------+----------+-------------+----------+----------------+----------+--------------------------------------------------+
| g0        | BUFG_PS/O       | X0Y3              | clk_pl_0 |       6.666 | {0.000 3.333} | X0Y1     |       26670 |        0 |              0 |        0 | bd_quad_vmix_dp_i/zynq_ultra_ps_e_0/inst/pl_clk0 |
+-----------+-----------------+-------------------+----------+-------------+---------------+----------+-------------+----------+----------------+----------+--------------------------------------------------+
* Slice Loads column represents load cell count of all cell types other than IO, GT and clock resources
** IO Loads column represents load cell count of IO types
*** Clocking Loads column represents load cell count that are clock resources (global clock buffer, MMCM, PLL, etc)
**** GT Loads column represents load cell count of GT types


+----+-----------+-------+----+-----------------------+
|    | X0        | X1    | X2 | HORIZONTAL PROG DELAY |
+----+-----------+-------+----+-----------------------+
| Y3 |  (D) 2280 |    23 |  0 |                     0 |
| Y2 |      6283 |  1496 |  0 |                     1 |
| Y1 |  (R) 8688 |  2531 |  0 |                     1 |
| Y0 |      4817 |   552 |  0 |                     0 |
+----+-----------+-------+----+-----------------------+


9. Device Cell Placement Summary for Global Clock g1
----------------------------------------------------

+-----------+-----------------+-------------------+-------+-------------+---------------+----------+-------------+----------+----------------+----------+-----------------------------------------------------------+
| Global Id | Driver Type/Pin | Driver Region (D) | Clock | Period (ns) | Waveform (ns) | Root (R) | Slice Loads | IO Loads | Clocking Loads | GT Loads | Net                                                       |
+-----------+-----------------+-------------------+-------+-------------+---------------+----------+-------------+----------+----------------+----------+-----------------------------------------------------------+
| g1        | BUFGCE/O        | X1Y0              |       |             |               | X1Y0     |        5080 |        0 |              0 |        0 | bd_quad_vmix_dp_i/rst_ps8_0_149M/U0/peripheral_aresetn[0] |
+-----------+-----------------+-------------------+-------+-------------+---------------+----------+-------------+----------+----------------+----------+-----------------------------------------------------------+
* Slice Loads column represents load cell count of all cell types other than IO, GT and clock resources
** IO Loads column represents load cell count of IO types
*** Clocking Loads column represents load cell count that are clock resources (global clock buffer, MMCM, PLL, etc)
**** GT Loads column represents load cell count of GT types


+----+-------+------------+----+-----------------------+
|    | X0    | X1         | X2 | HORIZONTAL PROG DELAY |
+----+-------+------------+----+-----------------------+
| Y3 |   456 |         12 |  0 |                     0 |
| Y2 |   986 |        353 |  0 |                     0 |
| Y1 |  2084 |        570 |  0 |                     0 |
| Y0 |   602 | (R) (D) 17 |  0 |                     0 |
+----+-------+------------+----+-----------------------+


10. Clock Region Cell Placement per Global Clock: Region X0Y0
-------------------------------------------------------------

+-----------+-------+-----------------+------------+-------------+-----------------+------+-------------+------+------+-----+----+------+-----+---------+-----------------------------------------------------------+
| Global Id | Track | Driver Type/Pin | Constraint | Clock Loads | Non-Clock Loads | FF   | Memory LUTs | RAMB | URAM | DSP | GT | MMCM | PLL | Hard IP | Net                                                       |
+-----------+-------+-----------------+------------+-------------+-----------------+------+-------------+------+------+-----+----+------+-----+---------+-----------------------------------------------------------+
| g0        | 8     | BUFG_PS/O       | None       |        4817 |               0 | 4581 |         230 |    0 |    0 |   6 |  0 |    0 |   0 |       0 | bd_quad_vmix_dp_i/zynq_ultra_ps_e_0/inst/pl_clk0          |
| g1        | 2     | BUFGCE/O        | None       |           0 |             602 |  602 |           0 |    0 |    0 |   0 |  0 |    0 |   0 |       0 | bd_quad_vmix_dp_i/rst_ps8_0_149M/U0/peripheral_aresetn[0] |
+-----------+-------+-----------------+------------+-------------+-----------------+------+-------------+------+------+-----+----+------+-----+---------+-----------------------------------------------------------+
* Clock Loads column represents cell count of net connects that connect to a clock pin. Internal cell leaf pins are not considered
** Non-Clock Loads column represents cell count of non-clock pin loads
*** Columns FF, LUTRAM, RAMB through 'Hard IP' represents load cell counts


11. Clock Region Cell Placement per Global Clock: Region X1Y0
-------------------------------------------------------------

+-----------+-------+-----------------+------------+-------------+-----------------+-----+-------------+------+------+-----+----+------+-----+---------+-----------------------------------------------------------+
| Global Id | Track | Driver Type/Pin | Constraint | Clock Loads | Non-Clock Loads | FF  | Memory LUTs | RAMB | URAM | DSP | GT | MMCM | PLL | Hard IP | Net                                                       |
+-----------+-------+-----------------+------------+-------------+-----------------+-----+-------------+------+------+-----+----+------+-----+---------+-----------------------------------------------------------+
| g0        | 8     | BUFG_PS/O       | None       |         552 |               0 | 444 |          83 |   11 |    0 |  14 |  0 |    0 |   0 |       0 | bd_quad_vmix_dp_i/zynq_ultra_ps_e_0/inst/pl_clk0          |
| g1        | 2     | BUFGCE/O        | None       |           0 |              17 |  17 |           0 |    0 |    0 |   0 |  0 |    0 |   0 |       0 | bd_quad_vmix_dp_i/rst_ps8_0_149M/U0/peripheral_aresetn[0] |
+-----------+-------+-----------------+------------+-------------+-----------------+-----+-------------+------+------+-----+----+------+-----+---------+-----------------------------------------------------------+
* Clock Loads column represents cell count of net connects that connect to a clock pin. Internal cell leaf pins are not considered
** Non-Clock Loads column represents cell count of non-clock pin loads
*** Columns FF, LUTRAM, RAMB through 'Hard IP' represents load cell counts


12. Clock Region Cell Placement per Global Clock: Region X0Y1
-------------------------------------------------------------

+-----------+-------+-----------------+------------+-------------+-----------------+------+-------------+------+------+-----+----+------+-----+---------+-----------------------------------------------------------+
| Global Id | Track | Driver Type/Pin | Constraint | Clock Loads | Non-Clock Loads | FF   | Memory LUTs | RAMB | URAM | DSP | GT | MMCM | PLL | Hard IP | Net                                                       |
+-----------+-------+-----------------+------------+-------------+-----------------+------+-------------+------+------+-----+----+------+-----+---------+-----------------------------------------------------------+
| g0        | 8     | BUFG_PS/O       | None       |        8688 |               0 | 8010 |         677 |    0 |    0 |   0 |  0 |    0 |   0 |       0 | bd_quad_vmix_dp_i/zynq_ultra_ps_e_0/inst/pl_clk0          |
| g1        | 2     | BUFGCE/O        | None       |           0 |            2084 | 2084 |           0 |    0 |    0 |   0 |  0 |    0 |   0 |       0 | bd_quad_vmix_dp_i/rst_ps8_0_149M/U0/peripheral_aresetn[0] |
+-----------+-------+-----------------+------------+-------------+-----------------+------+-------------+------+------+-----+----+------+-----+---------+-----------------------------------------------------------+
* Clock Loads column represents cell count of net connects that connect to a clock pin. Internal cell leaf pins are not considered
** Non-Clock Loads column represents cell count of non-clock pin loads
*** Columns FF, LUTRAM, RAMB through 'Hard IP' represents load cell counts


13. Clock Region Cell Placement per Global Clock: Region X1Y1
-------------------------------------------------------------

+-----------+-------+-----------------+------------+-------------+-----------------+------+-------------+------+------+-----+----+------+-----+---------+-----------------------------------------------------------+
| Global Id | Track | Driver Type/Pin | Constraint | Clock Loads | Non-Clock Loads | FF   | Memory LUTs | RAMB | URAM | DSP | GT | MMCM | PLL | Hard IP | Net                                                       |
+-----------+-------+-----------------+------------+-------------+-----------------+------+-------------+------+------+-----+----+------+-----+---------+-----------------------------------------------------------+
| g0        | 8     | BUFG_PS/O       | None       |        2531 |               0 | 2377 |         144 |    4 |    0 |   6 |  0 |    0 |   0 |       0 | bd_quad_vmix_dp_i/zynq_ultra_ps_e_0/inst/pl_clk0          |
| g1        | 2     | BUFGCE/O        | None       |           0 |             570 |  570 |           0 |    0 |    0 |   0 |  0 |    0 |   0 |       0 | bd_quad_vmix_dp_i/rst_ps8_0_149M/U0/peripheral_aresetn[0] |
+-----------+-------+-----------------+------------+-------------+-----------------+------+-------------+------+------+-----+----+------+-----+---------+-----------------------------------------------------------+
* Clock Loads column represents cell count of net connects that connect to a clock pin. Internal cell leaf pins are not considered
** Non-Clock Loads column represents cell count of non-clock pin loads
*** Columns FF, LUTRAM, RAMB through 'Hard IP' represents load cell counts


14. Clock Region Cell Placement per Global Clock: Region X0Y2
-------------------------------------------------------------

+-----------+-------+-----------------+------------+-------------+-----------------+------+-------------+------+------+-----+----+------+-----+---------+-----------------------------------------------------------+
| Global Id | Track | Driver Type/Pin | Constraint | Clock Loads | Non-Clock Loads | FF   | Memory LUTs | RAMB | URAM | DSP | GT | MMCM | PLL | Hard IP | Net                                                       |
+-----------+-------+-----------------+------------+-------------+-----------------+------+-------------+------+------+-----+----+------+-----+---------+-----------------------------------------------------------+
| g0        | 8     | BUFG_PS/O       | None       |        6283 |               0 | 5909 |         374 |    0 |    0 |   0 |  0 |    0 |   0 |       0 | bd_quad_vmix_dp_i/zynq_ultra_ps_e_0/inst/pl_clk0          |
| g1        | 2     | BUFGCE/O        | None       |           0 |             986 |  986 |           0 |    0 |    0 |   0 |  0 |    0 |   0 |       0 | bd_quad_vmix_dp_i/rst_ps8_0_149M/U0/peripheral_aresetn[0] |
+-----------+-------+-----------------+------------+-------------+-----------------+------+-------------+------+------+-----+----+------+-----+---------+-----------------------------------------------------------+
* Clock Loads column represents cell count of net connects that connect to a clock pin. Internal cell leaf pins are not considered
** Non-Clock Loads column represents cell count of non-clock pin loads
*** Columns FF, LUTRAM, RAMB through 'Hard IP' represents load cell counts


15. Clock Region Cell Placement per Global Clock: Region X1Y2
-------------------------------------------------------------

+-----------+-------+-----------------+------------+-------------+-----------------+------+-------------+------+------+-----+----+------+-----+---------+-----------------------------------------------------------+
| Global Id | Track | Driver Type/Pin | Constraint | Clock Loads | Non-Clock Loads | FF   | Memory LUTs | RAMB | URAM | DSP | GT | MMCM | PLL | Hard IP | Net                                                       |
+-----------+-------+-----------------+------------+-------------+-----------------+------+-------------+------+------+-----+----+------+-----+---------+-----------------------------------------------------------+
| g0        | 8     | BUFG_PS/O       | None       |        1496 |               0 | 1464 |          32 |    0 |    0 |   0 |  0 |    0 |   0 |       0 | bd_quad_vmix_dp_i/zynq_ultra_ps_e_0/inst/pl_clk0          |
| g1        | 2     | BUFGCE/O        | None       |           0 |             353 |  353 |           0 |    0 |    0 |   0 |  0 |    0 |   0 |       0 | bd_quad_vmix_dp_i/rst_ps8_0_149M/U0/peripheral_aresetn[0] |
+-----------+-------+-----------------+------------+-------------+-----------------+------+-------------+------+------+-----+----+------+-----+---------+-----------------------------------------------------------+
* Clock Loads column represents cell count of net connects that connect to a clock pin. Internal cell leaf pins are not considered
** Non-Clock Loads column represents cell count of non-clock pin loads
*** Columns FF, LUTRAM, RAMB through 'Hard IP' represents load cell counts


16. Clock Region Cell Placement per Global Clock: Region X0Y3
-------------------------------------------------------------

+-----------+-------+-----------------+------------+-------------+-----------------+------+-------------+------+------+-----+----+------+-----+---------+-----------------------------------------------------------+
| Global Id | Track | Driver Type/Pin | Constraint | Clock Loads | Non-Clock Loads | FF   | Memory LUTs | RAMB | URAM | DSP | GT | MMCM | PLL | Hard IP | Net                                                       |
+-----------+-------+-----------------+------------+-------------+-----------------+------+-------------+------+------+-----+----+------+-----+---------+-----------------------------------------------------------+
| g0        | 8     | BUFG_PS/O       | None       |        2280 |               0 | 2089 |         191 |    0 |    0 |   0 |  0 |    0 |   0 |       0 | bd_quad_vmix_dp_i/zynq_ultra_ps_e_0/inst/pl_clk0          |
| g1        | 2     | BUFGCE/O        | None       |           0 |             456 |  456 |           0 |    0 |    0 |   0 |  0 |    0 |   0 |       0 | bd_quad_vmix_dp_i/rst_ps8_0_149M/U0/peripheral_aresetn[0] |
+-----------+-------+-----------------+------------+-------------+-----------------+------+-------------+------+------+-----+----+------+-----+---------+-----------------------------------------------------------+
* Clock Loads column represents cell count of net connects that connect to a clock pin. Internal cell leaf pins are not considered
** Non-Clock Loads column represents cell count of non-clock pin loads
*** Columns FF, LUTRAM, RAMB through 'Hard IP' represents load cell counts


17. Clock Region Cell Placement per Global Clock: Region X1Y3
-------------------------------------------------------------

+-----------+-------+-----------------+------------+-------------+-----------------+----+-------------+------+------+-----+----+------+-----+---------+-----------------------------------------------------------+
| Global Id | Track | Driver Type/Pin | Constraint | Clock Loads | Non-Clock Loads | FF | Memory LUTs | RAMB | URAM | DSP | GT | MMCM | PLL | Hard IP | Net                                                       |
+-----------+-------+-----------------+------------+-------------+-----------------+----+-------------+------+------+-----+----+------+-----+---------+-----------------------------------------------------------+
| g0        | 8     | BUFG_PS/O       | None       |          23 |               0 | 23 |           0 |    0 |    0 |   0 |  0 |    0 |   0 |       0 | bd_quad_vmix_dp_i/zynq_ultra_ps_e_0/inst/pl_clk0          |
| g1        | 2     | BUFGCE/O        | None       |           0 |              12 | 12 |           0 |    0 |    0 |   0 |  0 |    0 |   0 |       0 | bd_quad_vmix_dp_i/rst_ps8_0_149M/U0/peripheral_aresetn[0] |
+-----------+-------+-----------------+------------+-------------+-----------------+----+-------------+------+------+-----+----+------+-----+---------+-----------------------------------------------------------+
* Clock Loads column represents cell count of net connects that connect to a clock pin. Internal cell leaf pins are not considered
** Non-Clock Loads column represents cell count of non-clock pin loads
*** Columns FF, LUTRAM, RAMB through 'Hard IP' represents load cell counts


