

================================================================
== Vitis HLS Report for 'tpgBackground'
================================================================
* Date:           Mon Apr 27 12:25:03 2026

* Version:        2024.2 (Build 5238294 on Nov  8 2024)
* Project:        prj
* Solution:       sol (Vivado IP Flow Target)
* Product family: zynquplus
* Target device:  xck26-sfvc784-2LV-c


================================================================
== Performance Estimates
================================================================
+ Timing: 
    * Summary: 
    +--------+---------+----------+------------+
    |  Clock |  Target | Estimated| Uncertainty|
    +--------+---------+----------+------------+
    |ap_clk  |  6.67 ns|  4.792 ns|     1.80 ns|
    +--------+---------+----------+------------+

+ Latency: 
    * Summary: 
    +---------+------------+-----------+------------+-----+------------+---------+
    |   Latency (cycles)   |   Latency (absolute)   |     Interval     | Pipeline|
    |   min   |     max    |    min    |     max    | min |     max    |   Type  |
    +---------+------------+-----------+------------+-----+------------+---------+
    |        2|  2148302837|  13.334 ns|  14.323 sec|    2|  2148302837|       no|
    +---------+------------+-----------+------------+-----+------------+---------+

    + Detail: 
        * Instance: 
        N/A

        * Loop: 
        +--------------------+---------+------------+------------+-----------+-----------+-----------+----------+
        |                    |   Latency (cycles)   |  Iteration |  Initiation Interval  |    Trip   |          |
        |      Loop Name     |   min   |     max    |   Latency  |  achieved |   target  |   Count   | Pipelined|
        +--------------------+---------+------------+------------+-----------+-----------+-----------+----------+
        |- VITIS_LOOP_563_1  |        0|  2148302835|  14 ~ 32781|          -|          -|  0 ~ 65535|        no|
        +--------------------+---------+------------+------------+-----------+-----------+-----------+----------+

============================================================
+ Verbose Summary: Synthesis Manager
============================================================
InlineROM: 1
ExposeGlobal: 0
============================================================
+ Verbose Summary: CDFG Model
============================================================
IsTopModel: 0
ResetActiveHigh: 1
IsCombinational: 2
IsDatapathOnly: 0
HasWiredReturn: 1
HasMFsm: 0
HasVarLatency: 1
IsPipeline: 0
IsRtlPipelined: 0
IsInstanceOverlapped: 0
IsDontTouch: 0
HasImplIP: 0
IsGatedGlobalClock: 0


============================================================
+ Verbose Summary: Schedule
============================================================
* Number of FSM states : 4
* Pipeline : 0
* Dataflow Pipeline: 0

* FSM state transitions: 
1 --> 2 
2 --> 3 
3 --> 4 
4 --> 3 

* FSM state operations: 

State 1 <SV = 0> <Delay = 1.83>
ST_1 : Operation 5 [1/1] (0.00ns)   --->   "%y = alloca i32 1" [/home/izaan/GitRepos/dpdma_exdes/vivado_quad_vmix/kv260_quad_vmix_dp.runs/bd_quad_vmix_dp_v_tpg_4_0_synth_1/prj/sol/.autopilot/db/v_tpg.cpp:549]   --->   Operation 5 'alloca' 'y' <Predicate = true> <Delay = 0.00>
ST_1 : Operation 6 [1/1] (0.00ns)   --->   "%outpix_0_0_0_0_0_load321_lcssa334 = alloca i32 1"   --->   Operation 6 'alloca' 'outpix_0_0_0_0_0_load321_lcssa334' <Predicate = true> <Delay = 0.00>
ST_1 : Operation 7 [1/1] (0.00ns)   --->   "%outpix_0_1_0_0_0_load323_lcssa337 = alloca i32 1"   --->   Operation 7 'alloca' 'outpix_0_1_0_0_0_load323_lcssa337' <Predicate = true> <Delay = 0.00>
ST_1 : Operation 8 [1/1] (0.00ns)   --->   "%outpix_0_2_0_0_0_load325_lcssa340 = alloca i32 1"   --->   Operation 8 'alloca' 'outpix_0_2_0_0_0_load325_lcssa340' <Predicate = true> <Delay = 0.00>
ST_1 : Operation 9 [1/1] (0.00ns)   --->   "%outpix_0_3_0_0_0_load327_lcssa343 = alloca i32 1"   --->   Operation 9 'alloca' 'outpix_0_3_0_0_0_load327_lcssa343' <Predicate = true> <Delay = 0.00>
ST_1 : Operation 10 [1/1] (0.00ns)   --->   "%outpix_0_4_0_0_0_load329_lcssa346 = alloca i32 1"   --->   Operation 10 'alloca' 'outpix_0_4_0_0_0_load329_lcssa346' <Predicate = true> <Delay = 0.00>
ST_1 : Operation 11 [1/1] (0.00ns)   --->   "%outpix_0_5_0_0_0_load331_lcssa349 = alloca i32 1"   --->   Operation 11 'alloca' 'outpix_0_5_0_0_0_load331_lcssa349' <Predicate = true> <Delay = 0.00>
ST_1 : Operation 12 [1/1] (0.00ns)   --->   "%zonePlateVAddr_loc_0 = alloca i32 1"   --->   Operation 12 'alloca' 'zonePlateVAddr_loc_0' <Predicate = true> <Delay = 0.00>
ST_1 : Operation 13 [1/1] (0.00ns)   --->   "%colorFormat_val_read = read i8 @_ssdm_op_Read.ap_auto.i8, i8 %colorFormat_val"   --->   Operation 13 'read' 'colorFormat_val_read' <Predicate = true> <Delay = 0.00>
ST_1 : Operation 14 [1/1] (0.00ns)   --->   "%motionSpeed_val_read = read i8 @_ssdm_op_Read.ap_auto.i8, i8 %motionSpeed_val"   --->   Operation 14 'read' 'motionSpeed_val_read' <Predicate = true> <Delay = 0.00>
ST_1 : Operation 15 [1/1] (0.00ns)   --->   "%width_val_read = read i16 @_ssdm_op_Read.ap_auto.i16, i16 %width_val"   --->   Operation 15 'read' 'width_val_read' <Predicate = true> <Delay = 0.00>
ST_1 : Operation 16 [1/1] (0.00ns)   --->   "%height_val_read = read i16 @_ssdm_op_Read.ap_auto.i16, i16 %height_val"   --->   Operation 16 'read' 'height_val_read' <Predicate = true> <Delay = 0.00>
ST_1 : Operation 17 [1/1] ( I:1.83ns O:1.83ns )   --->   "%write_ln0 = write void @_ssdm_op_Write.ap_fifo.i8P0A, i8 %colorFormat_val17_c5, i8 %colorFormat_val_read"   --->   Operation 17 'write' 'write_ln0' <Predicate = true> <Delay = 1.83> <CoreInst = "FIFO_SRL">   --->   Core 80 'FIFO_SRL' <Latency = 0> <II = 1> <Delay = 1.83> <Storage> <Opcode : 'read' 'write' 'nbread' 'nbwrite'> <Ports = 0> <Width = 8> <Depth = 2> <FIFO>
ST_1 : Operation 18 [1/1] ( I:1.83ns O:1.83ns )   --->   "%write_ln0 = write void @_ssdm_op_Write.ap_fifo.i8P0A, i8 %motionSpeed_val14_c, i8 %motionSpeed_val_read"   --->   Operation 18 'write' 'write_ln0' <Predicate = true> <Delay = 1.83> <CoreInst = "FIFO_SRL">   --->   Core 80 'FIFO_SRL' <Latency = 0> <II = 1> <Delay = 1.83> <Storage> <Opcode : 'read' 'write' 'nbread' 'nbwrite'> <Ports = 0> <Width = 8> <Depth = 2> <FIFO>
ST_1 : Operation 19 [1/1] ( I:1.83ns O:1.83ns )   --->   "%write_ln0 = write void @_ssdm_op_Write.ap_fifo.i16P0A, i16 %width_val7_c4, i16 %width_val_read"   --->   Operation 19 'write' 'write_ln0' <Predicate = true> <Delay = 1.83> <CoreInst = "FIFO_SRL">   --->   Core 80 'FIFO_SRL' <Latency = 0> <II = 1> <Delay = 1.83> <Storage> <Opcode : 'read' 'write' 'nbread' 'nbwrite'> <Ports = 0> <Width = 16> <Depth = 2> <FIFO>
ST_1 : Operation 20 [1/1] ( I:1.83ns O:1.83ns )   --->   "%write_ln0 = write void @_ssdm_op_Write.ap_fifo.i16P0A, i16 %height_val4_c3, i16 %height_val_read"   --->   Operation 20 'write' 'write_ln0' <Predicate = true> <Delay = 1.83> <CoreInst = "FIFO_SRL">   --->   Core 80 'FIFO_SRL' <Latency = 0> <II = 1> <Delay = 1.83> <Storage> <Opcode : 'read' 'write' 'nbread' 'nbwrite'> <Ports = 0> <Width = 16> <Depth = 2> <FIFO>
ST_1 : Operation 21 [1/1] (0.00ns)   --->   "%tmp = partselect i7 @_ssdm_op_PartSelect.i7.i8.i32.i32, i8 %colorFormat_val_read, i32 1, i32 7"   --->   Operation 21 'partselect' 'tmp' <Predicate = true> <Delay = 0.00>
ST_1 : Operation 22 [1/1] (0.76ns)   --->   "%cmp6_i182 = icmp_eq  i8 %colorFormat_val_read, i8 1"   --->   Operation 22 'icmp' 'cmp6_i182' <Predicate = true> <Delay = 0.76> <CoreInst = "Cmp">   --->   Core 9 'Cmp' <Latency = 0> <II = 1> <Delay = 0.76> <FuncUnit> <Opcode : 'seteq' 'setne' 'setle' 'setge' 'setlt' 'setgt'> <InPorts = 2> <OutPorts = 1>
ST_1 : Operation 23 [1/1] (0.20ns)   --->   "%idxprom13_1_i186_cast_cast_cast = select i1 %cmp6_i182, i64 1, i64 2"   --->   Operation 23 'select' 'idxprom13_1_i186_cast_cast_cast' <Predicate = true> <Delay = 0.20> <CoreInst = "Sel">   --->   Core 73 'Sel' <Latency = 0> <II = 1> <Delay = 0.20> <FuncUnit> <Opcode : 'select'> <InPorts = 3> <OutPorts = 1>
ST_1 : Operation 24 [1/1] (0.00ns)   --->   "%blkYuv_addr = getelementptr i8 %blkYuv, i64 0, i64 %idxprom13_1_i186_cast_cast_cast"   --->   Operation 24 'getelementptr' 'blkYuv_addr' <Predicate = true> <Delay = 0.00>
ST_1 : Operation 25 [2/2] (0.67ns)   --->   "%blkYuv_load = load i2 %blkYuv_addr" [/home/izaan/GitRepos/dpdma_exdes/vivado_quad_vmix/kv260_quad_vmix_dp.runs/bd_quad_vmix_dp_v_tpg_4_0_synth_1/prj/sol/.autopilot/db/v_tpg.cpp:1206->/home/izaan/GitRepos/dpdma_exdes/vivado_quad_vmix/kv260_quad_vmix_dp.runs/bd_quad_vmix_dp_v_tpg_4_0_synth_1/prj/sol/.autopilot/db/v_tpg.cpp:587]   --->   Operation 25 'load' 'blkYuv_load' <Predicate = true> <Delay = 0.67> <CoreInst = "ROM">   --->   Core 100 'ROM' <Latency = 1> <II = 1> <Delay = 0.67> <Storage> <Opcode : 'load'> <Ports = 0> <Width = 8> <Depth = 3> <ROM>
ST_1 : Operation 26 [1/1] (0.00ns)   --->   "%zonePlateVAddr_load = load i16 %zonePlateVAddr" [/home/izaan/GitRepos/dpdma_exdes/vivado_quad_vmix/kv260_quad_vmix_dp.runs/bd_quad_vmix_dp_v_tpg_4_0_synth_1/prj/sol/.autopilot/db/v_tpg.cpp:1341->/home/izaan/GitRepos/dpdma_exdes/vivado_quad_vmix/kv260_quad_vmix_dp.runs/bd_quad_vmix_dp_v_tpg_4_0_synth_1/prj/sol/.autopilot/db/v_tpg.cpp:657]   --->   Operation 26 'load' 'zonePlateVAddr_load' <Predicate = true> <Delay = 0.00>
ST_1 : Operation 27 [1/1] (0.00ns)   --->   "%store_ln1341 = store i16 %zonePlateVAddr_load, i16 %zonePlateVAddr_loc_0" [/home/izaan/GitRepos/dpdma_exdes/vivado_quad_vmix/kv260_quad_vmix_dp.runs/bd_quad_vmix_dp_v_tpg_4_0_synth_1/prj/sol/.autopilot/db/v_tpg.cpp:1341->/home/izaan/GitRepos/dpdma_exdes/vivado_quad_vmix/kv260_quad_vmix_dp.runs/bd_quad_vmix_dp_v_tpg_4_0_synth_1/prj/sol/.autopilot/db/v_tpg.cpp:657]   --->   Operation 27 'store' 'store_ln1341' <Predicate = true> <Delay = 0.00>
ST_1 : Operation 28 [1/1] (0.42ns)   --->   "%store_ln549 = store i16 0, i16 %y" [/home/izaan/GitRepos/dpdma_exdes/vivado_quad_vmix/kv260_quad_vmix_dp.runs/bd_quad_vmix_dp_v_tpg_4_0_synth_1/prj/sol/.autopilot/db/v_tpg.cpp:549]   --->   Operation 28 'store' 'store_ln549' <Predicate = true> <Delay = 0.42>

State 2 <SV = 1> <Delay = 0.67>
ST_2 : Operation 29 [1/1] (0.00ns)   --->   "%ZplateVerContDelta_val_read = read i16 @_ssdm_op_Read.ap_auto.i16, i16 %ZplateVerContDelta_val"   --->   Operation 29 'read' 'ZplateVerContDelta_val_read' <Predicate = true> <Delay = 0.00>
ST_2 : Operation 30 [1/1] (0.00ns)   --->   "%ZplateVerContStart_val_read = read i16 @_ssdm_op_Read.ap_auto.i16, i16 %ZplateVerContStart_val"   --->   Operation 30 'read' 'ZplateVerContStart_val_read' <Predicate = true> <Delay = 0.00>
ST_2 : Operation 31 [1/1] (0.00ns)   --->   "%ZplateHorContDelta_val_read = read i16 @_ssdm_op_Read.ap_auto.i16, i16 %ZplateHorContDelta_val"   --->   Operation 31 'read' 'ZplateHorContDelta_val_read' <Predicate = true> <Delay = 0.00>
ST_2 : Operation 32 [1/1] (0.00ns)   --->   "%ZplateHorContStart_val_read = read i16 @_ssdm_op_Read.ap_auto.i16, i16 %ZplateHorContStart_val"   --->   Operation 32 'read' 'ZplateHorContStart_val_read' <Predicate = true> <Delay = 0.00>
ST_2 : Operation 33 [1/1] (0.00ns)   --->   "%patternId_val_read = read i8 @_ssdm_op_Read.ap_auto.i8, i8 %patternId_val"   --->   Operation 33 'read' 'patternId_val_read' <Predicate = true> <Delay = 0.00>
ST_2 : Operation 34 [1/1] (0.00ns)   --->   "%specinterface_ln0 = specinterface void @_ssdm_op_SpecInterface, i8 %colorFormat_val17_c5, void @ap_fifo_str, i32 0, i32 0, void @p_str, i32 0, i32 0, void @p_str, void @p_str, void @p_str, i32 2, i32 2, i32 16, i32 16, void @p_str, void @ScalarProp_str, i32 4294967295, i32 0, i32 0"   --->   Operation 34 'specinterface' 'specinterface_ln0' <Predicate = true> <Delay = 0.00>
ST_2 : Operation 35 [1/1] (0.00ns)   --->   "%specinterface_ln0 = specinterface void @_ssdm_op_SpecInterface, i8 %motionSpeed_val14_c, void @ap_fifo_str, i32 0, i32 0, void @p_str, i32 0, i32 0, void @p_str, void @p_str, void @p_str, i32 2, i32 2, i32 16, i32 16, void @p_str, void @ScalarProp_str, i32 4294967295, i32 0, i32 0"   --->   Operation 35 'specinterface' 'specinterface_ln0' <Predicate = true> <Delay = 0.00>
ST_2 : Operation 36 [1/1] (0.00ns)   --->   "%specinterface_ln0 = specinterface void @_ssdm_op_SpecInterface, i16 %width_val7_c4, void @ap_fifo_str, i32 0, i32 0, void @p_str, i32 0, i32 0, void @p_str, void @p_str, void @p_str, i32 2, i32 2, i32 16, i32 16, void @p_str, void @ScalarProp_str, i32 4294967295, i32 0, i32 0"   --->   Operation 36 'specinterface' 'specinterface_ln0' <Predicate = true> <Delay = 0.00>
ST_2 : Operation 37 [1/1] (0.00ns)   --->   "%specinterface_ln0 = specinterface void @_ssdm_op_SpecInterface, i16 %height_val4_c3, void @ap_fifo_str, i32 0, i32 0, void @p_str, i32 0, i32 0, void @p_str, void @p_str, void @p_str, i32 2, i32 2, i32 16, i32 16, void @p_str, void @ScalarProp_str, i32 4294967295, i32 0, i32 0"   --->   Operation 37 'specinterface' 'specinterface_ln0' <Predicate = true> <Delay = 0.00>
ST_2 : Operation 38 [1/1] (0.00ns)   --->   "%specinterface_ln0 = specinterface void @_ssdm_op_SpecInterface, i48 %bckgndYUV, void @empty_21, i32 0, i32 0, void @empty_9, i32 0, i32 0, void @empty_9, void @empty_9, void @empty_9, i32 0, i32 0, i32 0, i32 0, void @empty_9, void @empty_9, i32 4294967295, i32 0, i32 0"   --->   Operation 38 'specinterface' 'specinterface_ln0' <Predicate = true> <Delay = 0.00>
ST_2 : Operation 39 [1/1] (0.00ns)   --->   "%rampStart_load = load i8 %rampStart" [/home/izaan/GitRepos/dpdma_exdes/vivado_quad_vmix/kv260_quad_vmix_dp.runs/bd_quad_vmix_dp_v_tpg_4_0_synth_1/prj/sol/.autopilot/db/v_tpg.cpp:750]   --->   Operation 39 'load' 'rampStart_load' <Predicate = true> <Delay = 0.00>
ST_2 : Operation 40 [1/1] (0.00ns)   --->   "%shl_i = bitconcatenate i16 @_ssdm_op_BitConcatenate.i16.i8.i8, i8 %rampStart_load, i8 0" [/home/izaan/GitRepos/dpdma_exdes/vivado_quad_vmix/kv260_quad_vmix_dp.runs/bd_quad_vmix_dp_v_tpg_4_0_synth_1/prj/sol/.autopilot/db/v_tpg.cpp:750]   --->   Operation 40 'bitconcatenate' 'shl_i' <Predicate = true> <Delay = 0.00>
ST_2 : Operation 41 [1/2] ( I:0.67ns O:0.67ns )   --->   "%blkYuv_load = load i2 %blkYuv_addr" [/home/izaan/GitRepos/dpdma_exdes/vivado_quad_vmix/kv260_quad_vmix_dp.runs/bd_quad_vmix_dp_v_tpg_4_0_synth_1/prj/sol/.autopilot/db/v_tpg.cpp:1206->/home/izaan/GitRepos/dpdma_exdes/vivado_quad_vmix/kv260_quad_vmix_dp.runs/bd_quad_vmix_dp_v_tpg_4_0_synth_1/prj/sol/.autopilot/db/v_tpg.cpp:587]   --->   Operation 41 'load' 'blkYuv_load' <Predicate = true> <Delay = 0.67> <CoreInst = "ROM">   --->   Core 100 'ROM' <Latency = 1> <II = 1> <Delay = 0.67> <Storage> <Opcode : 'load'> <Ports = 0> <Width = 8> <Depth = 3> <ROM>
ST_2 : Operation 42 [1/1] (0.00ns)   --->   "%br_ln563 = br void %VITIS_LOOP_565_2" [/home/izaan/GitRepos/dpdma_exdes/vivado_quad_vmix/kv260_quad_vmix_dp.runs/bd_quad_vmix_dp_v_tpg_4_0_synth_1/prj/sol/.autopilot/db/v_tpg.cpp:563]   --->   Operation 42 'br' 'br_ln563' <Predicate = true> <Delay = 0.00>

State 3 <SV = 2> <Delay = 2.14>
ST_3 : Operation 43 [1/1] (0.00ns)   --->   "%y_3 = load i16 %y" [/home/izaan/GitRepos/dpdma_exdes/vivado_quad_vmix/kv260_quad_vmix_dp.runs/bd_quad_vmix_dp_v_tpg_4_0_synth_1/prj/sol/.autopilot/db/v_tpg.cpp:563]   --->   Operation 43 'load' 'y_3' <Predicate = true> <Delay = 0.00>
ST_3 : Operation 44 [1/1] (0.85ns)   --->   "%icmp_ln563 = icmp_eq  i16 %y_3, i16 %height_val_read" [/home/izaan/GitRepos/dpdma_exdes/vivado_quad_vmix/kv260_quad_vmix_dp.runs/bd_quad_vmix_dp_v_tpg_4_0_synth_1/prj/sol/.autopilot/db/v_tpg.cpp:563]   --->   Operation 44 'icmp' 'icmp_ln563' <Predicate = true> <Delay = 0.85> <CoreInst = "Cmp">   --->   Core 9 'Cmp' <Latency = 0> <II = 1> <Delay = 0.85> <FuncUnit> <Opcode : 'seteq' 'setne' 'setle' 'setge' 'setlt' 'setgt'> <InPorts = 2> <OutPorts = 1>
ST_3 : Operation 45 [1/1] (0.85ns)   --->   "%y_4 = add i16 %y_3, i16 1" [/home/izaan/GitRepos/dpdma_exdes/vivado_quad_vmix/kv260_quad_vmix_dp.runs/bd_quad_vmix_dp_v_tpg_4_0_synth_1/prj/sol/.autopilot/db/v_tpg.cpp:563]   --->   Operation 45 'add' 'y_4' <Predicate = true> <Delay = 0.85> <CoreInst = "Adder">   --->   Core 1 'Adder' <Latency = 0> <II = 1> <Delay = 0.85> <FuncUnit> <Opcode : 'add' 'sub'> <InPorts = 2> <OutPorts = 1>
ST_3 : Operation 46 [1/1] (0.00ns)   --->   "%br_ln563 = br i1 %icmp_ln563, void %VITIS_LOOP_565_2.split, void %for.end47.loopexit" [/home/izaan/GitRepos/dpdma_exdes/vivado_quad_vmix/kv260_quad_vmix_dp.runs/bd_quad_vmix_dp_v_tpg_4_0_synth_1/prj/sol/.autopilot/db/v_tpg.cpp:563]   --->   Operation 46 'br' 'br_ln563' <Predicate = true> <Delay = 0.00>
ST_3 : Operation 47 [1/1] (0.85ns)   --->   "%cmp12_i = icmp_ne  i16 %y_3, i16 0" [/home/izaan/GitRepos/dpdma_exdes/vivado_quad_vmix/kv260_quad_vmix_dp.runs/bd_quad_vmix_dp_v_tpg_4_0_synth_1/prj/sol/.autopilot/db/v_tpg.cpp:563]   --->   Operation 47 'icmp' 'cmp12_i' <Predicate = (!icmp_ln563)> <Delay = 0.85> <CoreInst = "Cmp">   --->   Core 9 'Cmp' <Latency = 0> <II = 1> <Delay = 0.85> <FuncUnit> <Opcode : 'seteq' 'setne' 'setle' 'setge' 'setlt' 'setgt'> <InPorts = 2> <OutPorts = 1>
ST_3 : Operation 48 [2/2] (1.29ns)   --->   "%call_ln1206 = call void @tpgBackground_Pipeline_VITIS_LOOP_565_2, i16 %width_val_read, i48 %bckgndYUV, i8 %patternId_val_read, i8 %blkYuv_load, i16 %shl_i, i16 %ZplateHorContStart_val_read, i16 %ZplateHorContDelta_val_read, i16 %ZplateVerContStart_val_read, i16 %y_3, i1 %cmp12_i, i16 %ZplateVerContDelta_val_read, i8 %colorFormat_val_read, i7 %tmp, i16 %zonePlateVAddr_loc_0, i8 %outpix_0_5_0_0_0_load331_lcssa349, i8 %outpix_0_4_0_0_0_load329_lcssa346, i8 %outpix_0_3_0_0_0_load327_lcssa343, i8 %outpix_0_2_0_0_0_load325_lcssa340, i8 %outpix_0_1_0_0_0_load323_lcssa337, i8 %outpix_0_0_0_0_0_load321_lcssa334, i20 %tpgSinTableArray, i16 %zonePlateVAddr, i16 %zonePlateVDelta, i28 %rSerie, i28 %gSerie, i28 %bSerie" [/home/izaan/GitRepos/dpdma_exdes/vivado_quad_vmix/kv260_quad_vmix_dp.runs/bd_quad_vmix_dp_v_tpg_4_0_synth_1/prj/sol/.autopilot/db/v_tpg.cpp:1206->/home/izaan/GitRepos/dpdma_exdes/vivado_quad_vmix/kv260_quad_vmix_dp.runs/bd_quad_vmix_dp_v_tpg_4_0_synth_1/prj/sol/.autopilot/db/v_tpg.cpp:587]   --->   Operation 48 'call' 'call_ln1206' <Predicate = (!icmp_ln563)> <Delay = 1.29> <CoreType = "Generic">   --->   Generic Core
ST_3 : Operation 49 [1/1] (0.42ns)   --->   "%store_ln549 = store i16 %y_4, i16 %y" [/home/izaan/GitRepos/dpdma_exdes/vivado_quad_vmix/kv260_quad_vmix_dp.runs/bd_quad_vmix_dp_v_tpg_4_0_synth_1/prj/sol/.autopilot/db/v_tpg.cpp:549]   --->   Operation 49 'store' 'store_ln549' <Predicate = (!icmp_ln563)> <Delay = 0.42>
ST_3 : Operation 50 [1/1] (0.76ns)   --->   "%add_ln750 = add i8 %rampStart_load, i8 %motionSpeed_val_read" [/home/izaan/GitRepos/dpdma_exdes/vivado_quad_vmix/kv260_quad_vmix_dp.runs/bd_quad_vmix_dp_v_tpg_4_0_synth_1/prj/sol/.autopilot/db/v_tpg.cpp:750]   --->   Operation 50 'add' 'add_ln750' <Predicate = (icmp_ln563)> <Delay = 0.76> <CoreInst = "Adder">   --->   Core 1 'Adder' <Latency = 0> <II = 1> <Delay = 0.76> <FuncUnit> <Opcode : 'add' 'sub'> <InPorts = 2> <OutPorts = 1>
ST_3 : Operation 51 [1/1] (0.00ns)   --->   "%store_ln750 = store i8 %add_ln750, i8 %rampStart" [/home/izaan/GitRepos/dpdma_exdes/vivado_quad_vmix/kv260_quad_vmix_dp.runs/bd_quad_vmix_dp_v_tpg_4_0_synth_1/prj/sol/.autopilot/db/v_tpg.cpp:750]   --->   Operation 51 'store' 'store_ln750' <Predicate = (icmp_ln563)> <Delay = 0.00>
ST_3 : Operation 52 [1/1] (0.00ns)   --->   "%ret_ln751 = ret" [/home/izaan/GitRepos/dpdma_exdes/vivado_quad_vmix/kv260_quad_vmix_dp.runs/bd_quad_vmix_dp_v_tpg_4_0_synth_1/prj/sol/.autopilot/db/v_tpg.cpp:751]   --->   Operation 52 'ret' 'ret_ln751' <Predicate = (icmp_ln563)> <Delay = 0.00>

State 4 <SV = 3> <Delay = 0.00>
ST_4 : Operation 53 [1/1] (0.00ns)   --->   "%speclooptripcount_ln549 = speclooptripcount void @_ssdm_op_SpecLoopTripCount, i64 0, i64 65535, i64 32767" [/home/izaan/GitRepos/dpdma_exdes/vivado_quad_vmix/kv260_quad_vmix_dp.runs/bd_quad_vmix_dp_v_tpg_4_0_synth_1/prj/sol/.autopilot/db/v_tpg.cpp:549]   --->   Operation 53 'speclooptripcount' 'speclooptripcount_ln549' <Predicate = true> <Delay = 0.00>
ST_4 : Operation 54 [1/1] (0.00ns)   --->   "%specloopname_ln563 = specloopname void @_ssdm_op_SpecLoopName, void @empty_31" [/home/izaan/GitRepos/dpdma_exdes/vivado_quad_vmix/kv260_quad_vmix_dp.runs/bd_quad_vmix_dp_v_tpg_4_0_synth_1/prj/sol/.autopilot/db/v_tpg.cpp:563]   --->   Operation 54 'specloopname' 'specloopname_ln563' <Predicate = true> <Delay = 0.00>
ST_4 : Operation 55 [1/2] (0.00ns)   --->   "%call_ln1206 = call void @tpgBackground_Pipeline_VITIS_LOOP_565_2, i16 %width_val_read, i48 %bckgndYUV, i8 %patternId_val_read, i8 %blkYuv_load, i16 %shl_i, i16 %ZplateHorContStart_val_read, i16 %ZplateHorContDelta_val_read, i16 %ZplateVerContStart_val_read, i16 %y_3, i1 %cmp12_i, i16 %ZplateVerContDelta_val_read, i8 %colorFormat_val_read, i7 %tmp, i16 %zonePlateVAddr_loc_0, i8 %outpix_0_5_0_0_0_load331_lcssa349, i8 %outpix_0_4_0_0_0_load329_lcssa346, i8 %outpix_0_3_0_0_0_load327_lcssa343, i8 %outpix_0_2_0_0_0_load325_lcssa340, i8 %outpix_0_1_0_0_0_load323_lcssa337, i8 %outpix_0_0_0_0_0_load321_lcssa334, i20 %tpgSinTableArray, i16 %zonePlateVAddr, i16 %zonePlateVDelta, i28 %rSerie, i28 %gSerie, i28 %bSerie" [/home/izaan/GitRepos/dpdma_exdes/vivado_quad_vmix/kv260_quad_vmix_dp.runs/bd_quad_vmix_dp_v_tpg_4_0_synth_1/prj/sol/.autopilot/db/v_tpg.cpp:1206->/home/izaan/GitRepos/dpdma_exdes/vivado_quad_vmix/kv260_quad_vmix_dp.runs/bd_quad_vmix_dp_v_tpg_4_0_synth_1/prj/sol/.autopilot/db/v_tpg.cpp:587]   --->   Operation 55 'call' 'call_ln1206' <Predicate = true> <Delay = 0.00> <CoreType = "Generic">   --->   Generic Core
ST_4 : Operation 56 [1/1] (0.00ns)   --->   "%br_ln563 = br void %VITIS_LOOP_565_2" [/home/izaan/GitRepos/dpdma_exdes/vivado_quad_vmix/kv260_quad_vmix_dp.runs/bd_quad_vmix_dp_v_tpg_4_0_synth_1/prj/sol/.autopilot/db/v_tpg.cpp:563]   --->   Operation 56 'br' 'br_ln563' <Predicate = true> <Delay = 0.00>


============================================================
+ Verbose Summary: Timing violations
============================================================
Target clock period: 6.667ns, clock uncertainty: 1.800ns.

 <State 1>: 1.838ns
The critical path consists of the following:
	wire read operation ('colorFormat_val_read') on port 'colorFormat_val' [31]  (0.000 ns)
	fifo write operation ('write_ln0') on port 'colorFormat_val17_c5' [41]  (1.838 ns)

 <State 2>: 0.677ns
The critical path consists of the following:
	'load' operation 8 bit ('blkYuv_load', /home/izaan/GitRepos/dpdma_exdes/vivado_quad_vmix/kv260_quad_vmix_dp.runs/bd_quad_vmix_dp_v_tpg_4_0_synth_1/prj/sol/.autopilot/db/v_tpg.cpp:1206->/home/izaan/GitRepos/dpdma_exdes/vivado_quad_vmix/kv260_quad_vmix_dp.runs/bd_quad_vmix_dp_v_tpg_4_0_synth_1/prj/sol/.autopilot/db/v_tpg.cpp:587) on array 'blkYuv' [55]  (0.677 ns)

 <State 3>: 2.143ns
The critical path consists of the following:
	'load' operation 16 bit ('y', /home/izaan/GitRepos/dpdma_exdes/vivado_quad_vmix/kv260_quad_vmix_dp.runs/bd_quad_vmix_dp_v_tpg_4_0_synth_1/prj/sol/.autopilot/db/v_tpg.cpp:563) on local variable 'y', /home/izaan/GitRepos/dpdma_exdes/vivado_quad_vmix/kv260_quad_vmix_dp.runs/bd_quad_vmix_dp_v_tpg_4_0_synth_1/prj/sol/.autopilot/db/v_tpg.cpp:549 [61]  (0.000 ns)
	'icmp' operation 1 bit ('icmp_ln563', /home/izaan/GitRepos/dpdma_exdes/vivado_quad_vmix/kv260_quad_vmix_dp.runs/bd_quad_vmix_dp_v_tpg_4_0_synth_1/prj/sol/.autopilot/db/v_tpg.cpp:563) [62]  (0.853 ns)
	'call' operation 0 bit ('call_ln1206', /home/izaan/GitRepos/dpdma_exdes/vivado_quad_vmix/kv260_quad_vmix_dp.runs/bd_quad_vmix_dp_v_tpg_4_0_synth_1/prj/sol/.autopilot/db/v_tpg.cpp:1206->/home/izaan/GitRepos/dpdma_exdes/vivado_quad_vmix/kv260_quad_vmix_dp.runs/bd_quad_vmix_dp_v_tpg_4_0_synth_1/prj/sol/.autopilot/db/v_tpg.cpp:587) to 'tpgBackground_Pipeline_VITIS_LOOP_565_2' [69]  (1.290 ns)

 <State 4>: 0.000ns
The critical path consists of the following:


============================================================
+ Verbose Summary: Binding
============================================================
N/A
* FSMD analyzer results:
  - Output states:
 - Input state : 
  - Chain level:
	State 1
	State 2
	State 3
	State 4


============================================================
+ Verbose Summary: Datapath Resource usage 
============================================================
N/A
