

================================================================
== Vitis HLS Report for 'tpgBackground'
================================================================
* Date:           Mon Apr 27 12:25:03 2026

* Version:        2024.2 (Build 5238294 on Nov  8 2024)
* Project:        prj
* Solution:       sol (Vivado IP Flow Target)
* Product family: zynquplus
* Target device:  xck26-sfvc784-2LV-c


================================================================
== Performance Estimates
================================================================
+ Timing: 
    * Summary: 
    +--------+---------+----------+------------+
    |  Clock |  Target | Estimated| Uncertainty|
    +--------+---------+----------+------------+
    |ap_clk  |  6.67 ns|  4.792 ns|     1.80 ns|
    +--------+---------+----------+------------+

+ Latency: 
    * Summary: 
    +---------+------------+-----------+------------+-----+------------+---------+
    |   Latency (cycles)   |   Latency (absolute)   |     Interval     | Pipeline|
    |   min   |     max    |    min    |     max    | min |     max    |   Type  |
    +---------+------------+-----------+------------+-----+------------+---------+
    |        2|  2148302837|  13.334 ns|  14.323 sec|    2|  2148302837|       no|
    +---------+------------+-----------+------------+-----+------------+---------+

    + Detail: 
        * Instance: 
        +----------------------------------------------------+-----------------------------------------+---------+---------+-----------+----------+-----+-------+------------------------------------------------+
        |                                                    |                                         |  Latency (cycles) |  Latency (absolute)  |   Interval  |                    Pipeline                    |
        |                      Instance                      |                  Module                 |   min   |   max   |    min    |    max   | min |  max  |                      Type                      |
        +----------------------------------------------------+-----------------------------------------+---------+---------+-----------+----------+-----+-------+------------------------------------------------+
        |grp_tpgBackground_Pipeline_VITIS_LOOP_565_2_fu_237  |tpgBackground_Pipeline_VITIS_LOOP_565_2  |       12|    32779|  80.004 ns|  0.219 ms|    2|  32769|  loop auto-rewind stp (delay=0 clock cycles(s))|
        +----------------------------------------------------+-----------------------------------------+---------+---------+-----------+----------+-----+-------+------------------------------------------------+

        * Loop: 
        +--------------------+---------+------------+------------+-----------+-----------+-----------+----------+
        |                    |   Latency (cycles)   |  Iteration |  Initiation Interval  |    Trip   |          |
        |      Loop Name     |   min   |     max    |   Latency  |  achieved |   target  |   Count   | Pipelined|
        +--------------------+---------+------------+------------+-----------+-----------+-----------+----------+
        |- VITIS_LOOP_563_1  |        0|  2148302835|  14 ~ 32781|          -|          -|  0 ~ 65535|        no|
        +--------------------+---------+------------+------------+-----------+-----------+-----------+----------+

============================================================
+ Verbose Summary: Synthesis Manager
============================================================
InlineROM: 1
ExposeGlobal: 0
============================================================
+ Verbose Summary: CDFG Model
============================================================
IsTopModel: 0
ResetActiveHigh: 1
IsCombinational: 2
IsDatapathOnly: 0
HasWiredReturn: 1
HasMFsm: 0
HasVarLatency: 1
IsPipeline: 0
IsRtlPipelined: 0
IsInstanceOverlapped: 0
IsDontTouch: 0
HasImplIP: 0
IsGatedGlobalClock: 0


============================================================
+ Verbose Summary: Schedule
============================================================
* Number of FSM states : 4
* Pipeline : 0
* Dataflow Pipeline: 0

* FSM state transitions: 
1 --> 2 
2 --> 3 
3 --> 4 
4 --> 3 

* FSM state operations: 

State 1 <SV = 0> <Delay = 1.83>
ST_1 : Operation 5 [1/1] (0.00ns)   --->   "%y = alloca i32 1" [/home/izaan/GitRepos/dpdma_exdes/vivado_quad_vmix/kv260_quad_vmix_dp.runs/bd_quad_vmix_dp_v_tpg_4_0_synth_1/prj/sol/.autopilot/db/v_tpg.cpp:549]   --->   Operation 5 'alloca' 'y' <Predicate = true> <Delay = 0.00>
ST_1 : Operation 6 [1/1] (0.00ns)   --->   "%outpix_0_0_0_0_0_load321_lcssa334 = alloca i32 1"   --->   Operation 6 'alloca' 'outpix_0_0_0_0_0_load321_lcssa334' <Predicate = true> <Delay = 0.00>
ST_1 : Operation 7 [1/1] (0.00ns)   --->   "%outpix_0_1_0_0_0_load323_lcssa337 = alloca i32 1"   --->   Operation 7 'alloca' 'outpix_0_1_0_0_0_load323_lcssa337' <Predicate = true> <Delay = 0.00>
ST_1 : Operation 8 [1/1] (0.00ns)   --->   "%outpix_0_2_0_0_0_load325_lcssa340 = alloca i32 1"   --->   Operation 8 'alloca' 'outpix_0_2_0_0_0_load325_lcssa340' <Predicate = true> <Delay = 0.00>
ST_1 : Operation 9 [1/1] (0.00ns)   --->   "%outpix_0_3_0_0_0_load327_lcssa343 = alloca i32 1"   --->   Operation 9 'alloca' 'outpix_0_3_0_0_0_load327_lcssa343' <Predicate = true> <Delay = 0.00>
ST_1 : Operation 10 [1/1] (0.00ns)   --->   "%outpix_0_4_0_0_0_load329_lcssa346 = alloca i32 1"   --->   Operation 10 'alloca' 'outpix_0_4_0_0_0_load329_lcssa346' <Predicate = true> <Delay = 0.00>
ST_1 : Operation 11 [1/1] (0.00ns)   --->   "%outpix_0_5_0_0_0_load331_lcssa349 = alloca i32 1"   --->   Operation 11 'alloca' 'outpix_0_5_0_0_0_load331_lcssa349' <Predicate = true> <Delay = 0.00>
ST_1 : Operation 12 [1/1] (0.00ns)   --->   "%zonePlateVAddr_loc_0 = alloca i32 1"   --->   Operation 12 'alloca' 'zonePlateVAddr_loc_0' <Predicate = true> <Delay = 0.00>
ST_1 : Operation 13 [1/1] (0.00ns)   --->   "%colorFormat_val_read = read i8 @_ssdm_op_Read.ap_auto.i8, i8 %colorFormat_val"   --->   Operation 13 'read' 'colorFormat_val_read' <Predicate = true> <Delay = 0.00>
ST_1 : Operation 14 [1/1] (0.00ns)   --->   "%motionSpeed_val_read = read i8 @_ssdm_op_Read.ap_auto.i8, i8 %motionSpeed_val"   --->   Operation 14 'read' 'motionSpeed_val_read' <Predicate = true> <Delay = 0.00>
ST_1 : Operation 15 [1/1] (0.00ns)   --->   "%width_val_read = read i16 @_ssdm_op_Read.ap_auto.i16, i16 %width_val"   --->   Operation 15 'read' 'width_val_read' <Predicate = true> <Delay = 0.00>
ST_1 : Operation 16 [1/1] (0.00ns)   --->   "%height_val_read = read i16 @_ssdm_op_Read.ap_auto.i16, i16 %height_val"   --->   Operation 16 'read' 'height_val_read' <Predicate = true> <Delay = 0.00>
ST_1 : Operation 17 [1/1] ( I:1.83ns O:1.83ns )   --->   "%write_ln0 = write void @_ssdm_op_Write.ap_fifo.i8P0A, i8 %colorFormat_val17_c5, i8 %colorFormat_val_read"   --->   Operation 17 'write' 'write_ln0' <Predicate = true> <Delay = 1.83> <CoreInst = "FIFO_SRL">   --->   Core 80 'FIFO_SRL' <Latency = 0> <II = 1> <Delay = 1.83> <Storage> <Opcode : 'read' 'write' 'nbread' 'nbwrite'> <Ports = 0> <Width = 8> <Depth = 2> <FIFO>
ST_1 : Operation 18 [1/1] ( I:1.83ns O:1.83ns )   --->   "%write_ln0 = write void @_ssdm_op_Write.ap_fifo.i8P0A, i8 %motionSpeed_val14_c, i8 %motionSpeed_val_read"   --->   Operation 18 'write' 'write_ln0' <Predicate = true> <Delay = 1.83> <CoreInst = "FIFO_SRL">   --->   Core 80 'FIFO_SRL' <Latency = 0> <II = 1> <Delay = 1.83> <Storage> <Opcode : 'read' 'write' 'nbread' 'nbwrite'> <Ports = 0> <Width = 8> <Depth = 2> <FIFO>
ST_1 : Operation 19 [1/1] ( I:1.83ns O:1.83ns )   --->   "%write_ln0 = write void @_ssdm_op_Write.ap_fifo.i16P0A, i16 %width_val7_c4, i16 %width_val_read"   --->   Operation 19 'write' 'write_ln0' <Predicate = true> <Delay = 1.83> <CoreInst = "FIFO_SRL">   --->   Core 80 'FIFO_SRL' <Latency = 0> <II = 1> <Delay = 1.83> <Storage> <Opcode : 'read' 'write' 'nbread' 'nbwrite'> <Ports = 0> <Width = 16> <Depth = 2> <FIFO>
ST_1 : Operation 20 [1/1] ( I:1.83ns O:1.83ns )   --->   "%write_ln0 = write void @_ssdm_op_Write.ap_fifo.i16P0A, i16 %height_val4_c3, i16 %height_val_read"   --->   Operation 20 'write' 'write_ln0' <Predicate = true> <Delay = 1.83> <CoreInst = "FIFO_SRL">   --->   Core 80 'FIFO_SRL' <Latency = 0> <II = 1> <Delay = 1.83> <Storage> <Opcode : 'read' 'write' 'nbread' 'nbwrite'> <Ports = 0> <Width = 16> <Depth = 2> <FIFO>
ST_1 : Operation 21 [1/1] (0.00ns)   --->   "%tmp = partselect i7 @_ssdm_op_PartSelect.i7.i8.i32.i32, i8 %colorFormat_val_read, i32 1, i32 7"   --->   Operation 21 'partselect' 'tmp' <Predicate = true> <Delay = 0.00>
ST_1 : Operation 22 [1/1] (0.76ns)   --->   "%cmp6_i182 = icmp_eq  i8 %colorFormat_val_read, i8 1"   --->   Operation 22 'icmp' 'cmp6_i182' <Predicate = true> <Delay = 0.76> <CoreInst = "Cmp">   --->   Core 9 'Cmp' <Latency = 0> <II = 1> <Delay = 0.76> <FuncUnit> <Opcode : 'seteq' 'setne' 'setle' 'setge' 'setlt' 'setgt'> <InPorts = 2> <OutPorts = 1>
ST_1 : Operation 23 [1/1] (0.20ns)   --->   "%idxprom13_1_i186_cast_cast_cast = select i1 %cmp6_i182, i64 1, i64 2"   --->   Operation 23 'select' 'idxprom13_1_i186_cast_cast_cast' <Predicate = true> <Delay = 0.20> <CoreInst = "Sel">   --->   Core 73 'Sel' <Latency = 0> <II = 1> <Delay = 0.20> <FuncUnit> <Opcode : 'select'> <InPorts = 3> <OutPorts = 1>
ST_1 : Operation 24 [1/1] (0.00ns)   --->   "%blkYuv_addr = getelementptr i8 %blkYuv, i64 0, i64 %idxprom13_1_i186_cast_cast_cast"   --->   Operation 24 'getelementptr' 'blkYuv_addr' <Predicate = true> <Delay = 0.00>
ST_1 : Operation 25 [2/2] (0.67ns)   --->   "%blkYuv_load = load i2 %blkYuv_addr" [/home/izaan/GitRepos/dpdma_exdes/vivado_quad_vmix/kv260_quad_vmix_dp.runs/bd_quad_vmix_dp_v_tpg_4_0_synth_1/prj/sol/.autopilot/db/v_tpg.cpp:1206->/home/izaan/GitRepos/dpdma_exdes/vivado_quad_vmix/kv260_quad_vmix_dp.runs/bd_quad_vmix_dp_v_tpg_4_0_synth_1/prj/sol/.autopilot/db/v_tpg.cpp:587]   --->   Operation 25 'load' 'blkYuv_load' <Predicate = true> <Delay = 0.67> <CoreInst = "ROM">   --->   Core 100 'ROM' <Latency = 1> <II = 1> <Delay = 0.67> <Storage> <Opcode : 'load'> <Ports = 0> <Width = 8> <Depth = 3> <ROM>
ST_1 : Operation 26 [1/1] (0.00ns)   --->   "%zonePlateVAddr_load = load i16 %zonePlateVAddr" [/home/izaan/GitRepos/dpdma_exdes/vivado_quad_vmix/kv260_quad_vmix_dp.runs/bd_quad_vmix_dp_v_tpg_4_0_synth_1/prj/sol/.autopilot/db/v_tpg.cpp:1341->/home/izaan/GitRepos/dpdma_exdes/vivado_quad_vmix/kv260_quad_vmix_dp.runs/bd_quad_vmix_dp_v_tpg_4_0_synth_1/prj/sol/.autopilot/db/v_tpg.cpp:657]   --->   Operation 26 'load' 'zonePlateVAddr_load' <Predicate = true> <Delay = 0.00>
ST_1 : Operation 27 [1/1] (0.00ns)   --->   "%store_ln1341 = store i16 %zonePlateVAddr_load, i16 %zonePlateVAddr_loc_0" [/home/izaan/GitRepos/dpdma_exdes/vivado_quad_vmix/kv260_quad_vmix_dp.runs/bd_quad_vmix_dp_v_tpg_4_0_synth_1/prj/sol/.autopilot/db/v_tpg.cpp:1341->/home/izaan/GitRepos/dpdma_exdes/vivado_quad_vmix/kv260_quad_vmix_dp.runs/bd_quad_vmix_dp_v_tpg_4_0_synth_1/prj/sol/.autopilot/db/v_tpg.cpp:657]   --->   Operation 27 'store' 'store_ln1341' <Predicate = true> <Delay = 0.00>
ST_1 : Operation 28 [1/1] (0.42ns)   --->   "%store_ln549 = store i16 0, i16 %y" [/home/izaan/GitRepos/dpdma_exdes/vivado_quad_vmix/kv260_quad_vmix_dp.runs/bd_quad_vmix_dp_v_tpg_4_0_synth_1/prj/sol/.autopilot/db/v_tpg.cpp:549]   --->   Operation 28 'store' 'store_ln549' <Predicate = true> <Delay = 0.42>

State 2 <SV = 1> <Delay = 0.67>
ST_2 : Operation 29 [1/1] (0.00ns)   --->   "%ZplateVerContDelta_val_read = read i16 @_ssdm_op_Read.ap_auto.i16, i16 %ZplateVerContDelta_val"   --->   Operation 29 'read' 'ZplateVerContDelta_val_read' <Predicate = true> <Delay = 0.00>
ST_2 : Operation 30 [1/1] (0.00ns)   --->   "%ZplateVerContStart_val_read = read i16 @_ssdm_op_Read.ap_auto.i16, i16 %ZplateVerContStart_val"   --->   Operation 30 'read' 'ZplateVerContStart_val_read' <Predicate = true> <Delay = 0.00>
ST_2 : Operation 31 [1/1] (0.00ns)   --->   "%ZplateHorContDelta_val_read = read i16 @_ssdm_op_Read.ap_auto.i16, i16 %ZplateHorContDelta_val"   --->   Operation 31 'read' 'ZplateHorContDelta_val_read' <Predicate = true> <Delay = 0.00>
ST_2 : Operation 32 [1/1] (0.00ns)   --->   "%ZplateHorContStart_val_read = read i16 @_ssdm_op_Read.ap_auto.i16, i16 %ZplateHorContStart_val"   --->   Operation 32 'read' 'ZplateHorContStart_val_read' <Predicate = true> <Delay = 0.00>
ST_2 : Operation 33 [1/1] (0.00ns)   --->   "%patternId_val_read = read i8 @_ssdm_op_Read.ap_auto.i8, i8 %patternId_val"   --->   Operation 33 'read' 'patternId_val_read' <Predicate = true> <Delay = 0.00>
ST_2 : Operation 34 [1/1] (0.00ns)   --->   "%specinterface_ln0 = specinterface void @_ssdm_op_SpecInterface, i8 %colorFormat_val17_c5, void @ap_fifo_str, i32 0, i32 0, void @p_str, i32 0, i32 0, void @p_str, void @p_str, void @p_str, i32 2, i32 2, i32 16, i32 16, void @p_str, void @ScalarProp_str, i32 4294967295, i32 0, i32 0"   --->   Operation 34 'specinterface' 'specinterface_ln0' <Predicate = true> <Delay = 0.00>
ST_2 : Operation 35 [1/1] (0.00ns)   --->   "%specinterface_ln0 = specinterface void @_ssdm_op_SpecInterface, i8 %motionSpeed_val14_c, void @ap_fifo_str, i32 0, i32 0, void @p_str, i32 0, i32 0, void @p_str, void @p_str, void @p_str, i32 2, i32 2, i32 16, i32 16, void @p_str, void @ScalarProp_str, i32 4294967295, i32 0, i32 0"   --->   Operation 35 'specinterface' 'specinterface_ln0' <Predicate = true> <Delay = 0.00>
ST_2 : Operation 36 [1/1] (0.00ns)   --->   "%specinterface_ln0 = specinterface void @_ssdm_op_SpecInterface, i16 %width_val7_c4, void @ap_fifo_str, i32 0, i32 0, void @p_str, i32 0, i32 0, void @p_str, void @p_str, void @p_str, i32 2, i32 2, i32 16, i32 16, void @p_str, void @ScalarProp_str, i32 4294967295, i32 0, i32 0"   --->   Operation 36 'specinterface' 'specinterface_ln0' <Predicate = true> <Delay = 0.00>
ST_2 : Operation 37 [1/1] (0.00ns)   --->   "%specinterface_ln0 = specinterface void @_ssdm_op_SpecInterface, i16 %height_val4_c3, void @ap_fifo_str, i32 0, i32 0, void @p_str, i32 0, i32 0, void @p_str, void @p_str, void @p_str, i32 2, i32 2, i32 16, i32 16, void @p_str, void @ScalarProp_str, i32 4294967295, i32 0, i32 0"   --->   Operation 37 'specinterface' 'specinterface_ln0' <Predicate = true> <Delay = 0.00>
ST_2 : Operation 38 [1/1] (0.00ns)   --->   "%specinterface_ln0 = specinterface void @_ssdm_op_SpecInterface, i48 %bckgndYUV, void @empty_21, i32 0, i32 0, void @empty_9, i32 0, i32 0, void @empty_9, void @empty_9, void @empty_9, i32 0, i32 0, i32 0, i32 0, void @empty_9, void @empty_9, i32 4294967295, i32 0, i32 0"   --->   Operation 38 'specinterface' 'specinterface_ln0' <Predicate = true> <Delay = 0.00>
ST_2 : Operation 39 [1/1] (0.00ns)   --->   "%rampStart_load = load i8 %rampStart" [/home/izaan/GitRepos/dpdma_exdes/vivado_quad_vmix/kv260_quad_vmix_dp.runs/bd_quad_vmix_dp_v_tpg_4_0_synth_1/prj/sol/.autopilot/db/v_tpg.cpp:750]   --->   Operation 39 'load' 'rampStart_load' <Predicate = true> <Delay = 0.00>
ST_2 : Operation 40 [1/1] (0.00ns)   --->   "%shl_i = bitconcatenate i16 @_ssdm_op_BitConcatenate.i16.i8.i8, i8 %rampStart_load, i8 0" [/home/izaan/GitRepos/dpdma_exdes/vivado_quad_vmix/kv260_quad_vmix_dp.runs/bd_quad_vmix_dp_v_tpg_4_0_synth_1/prj/sol/.autopilot/db/v_tpg.cpp:750]   --->   Operation 40 'bitconcatenate' 'shl_i' <Predicate = true> <Delay = 0.00>
ST_2 : Operation 41 [1/2] ( I:0.67ns O:0.67ns )   --->   "%blkYuv_load = load i2 %blkYuv_addr" [/home/izaan/GitRepos/dpdma_exdes/vivado_quad_vmix/kv260_quad_vmix_dp.runs/bd_quad_vmix_dp_v_tpg_4_0_synth_1/prj/sol/.autopilot/db/v_tpg.cpp:1206->/home/izaan/GitRepos/dpdma_exdes/vivado_quad_vmix/kv260_quad_vmix_dp.runs/bd_quad_vmix_dp_v_tpg_4_0_synth_1/prj/sol/.autopilot/db/v_tpg.cpp:587]   --->   Operation 41 'load' 'blkYuv_load' <Predicate = true> <Delay = 0.67> <CoreInst = "ROM">   --->   Core 100 'ROM' <Latency = 1> <II = 1> <Delay = 0.67> <Storage> <Opcode : 'load'> <Ports = 0> <Width = 8> <Depth = 3> <ROM>
ST_2 : Operation 42 [1/1] (0.00ns)   --->   "%br_ln563 = br void %VITIS_LOOP_565_2" [/home/izaan/GitRepos/dpdma_exdes/vivado_quad_vmix/kv260_quad_vmix_dp.runs/bd_quad_vmix_dp_v_tpg_4_0_synth_1/prj/sol/.autopilot/db/v_tpg.cpp:563]   --->   Operation 42 'br' 'br_ln563' <Predicate = true> <Delay = 0.00>

State 3 <SV = 2> <Delay = 2.14>
ST_3 : Operation 43 [1/1] (0.00ns)   --->   "%y_3 = load i16 %y" [/home/izaan/GitRepos/dpdma_exdes/vivado_quad_vmix/kv260_quad_vmix_dp.runs/bd_quad_vmix_dp_v_tpg_4_0_synth_1/prj/sol/.autopilot/db/v_tpg.cpp:563]   --->   Operation 43 'load' 'y_3' <Predicate = true> <Delay = 0.00>
ST_3 : Operation 44 [1/1] (0.85ns)   --->   "%icmp_ln563 = icmp_eq  i16 %y_3, i16 %height_val_read" [/home/izaan/GitRepos/dpdma_exdes/vivado_quad_vmix/kv260_quad_vmix_dp.runs/bd_quad_vmix_dp_v_tpg_4_0_synth_1/prj/sol/.autopilot/db/v_tpg.cpp:563]   --->   Operation 44 'icmp' 'icmp_ln563' <Predicate = true> <Delay = 0.85> <CoreInst = "Cmp">   --->   Core 9 'Cmp' <Latency = 0> <II = 1> <Delay = 0.85> <FuncUnit> <Opcode : 'seteq' 'setne' 'setle' 'setge' 'setlt' 'setgt'> <InPorts = 2> <OutPorts = 1>
ST_3 : Operation 45 [1/1] (0.85ns)   --->   "%y_4 = add i16 %y_3, i16 1" [/home/izaan/GitRepos/dpdma_exdes/vivado_quad_vmix/kv260_quad_vmix_dp.runs/bd_quad_vmix_dp_v_tpg_4_0_synth_1/prj/sol/.autopilot/db/v_tpg.cpp:563]   --->   Operation 45 'add' 'y_4' <Predicate = true> <Delay = 0.85> <CoreInst = "Adder">   --->   Core 1 'Adder' <Latency = 0> <II = 1> <Delay = 0.85> <FuncUnit> <Opcode : 'add' 'sub'> <InPorts = 2> <OutPorts = 1>
ST_3 : Operation 46 [1/1] (0.00ns)   --->   "%br_ln563 = br i1 %icmp_ln563, void %VITIS_LOOP_565_2.split, void %for.end47.loopexit" [/home/izaan/GitRepos/dpdma_exdes/vivado_quad_vmix/kv260_quad_vmix_dp.runs/bd_quad_vmix_dp_v_tpg_4_0_synth_1/prj/sol/.autopilot/db/v_tpg.cpp:563]   --->   Operation 46 'br' 'br_ln563' <Predicate = true> <Delay = 0.00>
ST_3 : Operation 47 [1/1] (0.85ns)   --->   "%cmp12_i = icmp_ne  i16 %y_3, i16 0" [/home/izaan/GitRepos/dpdma_exdes/vivado_quad_vmix/kv260_quad_vmix_dp.runs/bd_quad_vmix_dp_v_tpg_4_0_synth_1/prj/sol/.autopilot/db/v_tpg.cpp:563]   --->   Operation 47 'icmp' 'cmp12_i' <Predicate = (!icmp_ln563)> <Delay = 0.85> <CoreInst = "Cmp">   --->   Core 9 'Cmp' <Latency = 0> <II = 1> <Delay = 0.85> <FuncUnit> <Opcode : 'seteq' 'setne' 'setle' 'setge' 'setlt' 'setgt'> <InPorts = 2> <OutPorts = 1>
ST_3 : Operation 48 [2/2] (1.29ns)   --->   "%call_ln1206 = call void @tpgBackground_Pipeline_VITIS_LOOP_565_2, i16 %width_val_read, i48 %bckgndYUV, i8 %patternId_val_read, i8 %blkYuv_load, i16 %shl_i, i16 %ZplateHorContStart_val_read, i16 %ZplateHorContDelta_val_read, i16 %ZplateVerContStart_val_read, i16 %y_3, i1 %cmp12_i, i16 %ZplateVerContDelta_val_read, i8 %colorFormat_val_read, i7 %tmp, i16 %zonePlateVAddr_loc_0, i8 %outpix_0_5_0_0_0_load331_lcssa349, i8 %outpix_0_4_0_0_0_load329_lcssa346, i8 %outpix_0_3_0_0_0_load327_lcssa343, i8 %outpix_0_2_0_0_0_load325_lcssa340, i8 %outpix_0_1_0_0_0_load323_lcssa337, i8 %outpix_0_0_0_0_0_load321_lcssa334, i20 %tpgSinTableArray, i16 %zonePlateVAddr, i16 %zonePlateVDelta, i28 %rSerie, i28 %gSerie, i28 %bSerie" [/home/izaan/GitRepos/dpdma_exdes/vivado_quad_vmix/kv260_quad_vmix_dp.runs/bd_quad_vmix_dp_v_tpg_4_0_synth_1/prj/sol/.autopilot/db/v_tpg.cpp:1206->/home/izaan/GitRepos/dpdma_exdes/vivado_quad_vmix/kv260_quad_vmix_dp.runs/bd_quad_vmix_dp_v_tpg_4_0_synth_1/prj/sol/.autopilot/db/v_tpg.cpp:587]   --->   Operation 48 'call' 'call_ln1206' <Predicate = (!icmp_ln563)> <Delay = 1.29> <CoreType = "Generic">   --->   Generic Core
ST_3 : Operation 49 [1/1] (0.42ns)   --->   "%store_ln549 = store i16 %y_4, i16 %y" [/home/izaan/GitRepos/dpdma_exdes/vivado_quad_vmix/kv260_quad_vmix_dp.runs/bd_quad_vmix_dp_v_tpg_4_0_synth_1/prj/sol/.autopilot/db/v_tpg.cpp:549]   --->   Operation 49 'store' 'store_ln549' <Predicate = (!icmp_ln563)> <Delay = 0.42>
ST_3 : Operation 50 [1/1] (0.76ns)   --->   "%add_ln750 = add i8 %rampStart_load, i8 %motionSpeed_val_read" [/home/izaan/GitRepos/dpdma_exdes/vivado_quad_vmix/kv260_quad_vmix_dp.runs/bd_quad_vmix_dp_v_tpg_4_0_synth_1/prj/sol/.autopilot/db/v_tpg.cpp:750]   --->   Operation 50 'add' 'add_ln750' <Predicate = (icmp_ln563)> <Delay = 0.76> <CoreInst = "Adder">   --->   Core 1 'Adder' <Latency = 0> <II = 1> <Delay = 0.76> <FuncUnit> <Opcode : 'add' 'sub'> <InPorts = 2> <OutPorts = 1>
ST_3 : Operation 51 [1/1] (0.00ns)   --->   "%store_ln750 = store i8 %add_ln750, i8 %rampStart" [/home/izaan/GitRepos/dpdma_exdes/vivado_quad_vmix/kv260_quad_vmix_dp.runs/bd_quad_vmix_dp_v_tpg_4_0_synth_1/prj/sol/.autopilot/db/v_tpg.cpp:750]   --->   Operation 51 'store' 'store_ln750' <Predicate = (icmp_ln563)> <Delay = 0.00>
ST_3 : Operation 52 [1/1] (0.00ns)   --->   "%ret_ln751 = ret" [/home/izaan/GitRepos/dpdma_exdes/vivado_quad_vmix/kv260_quad_vmix_dp.runs/bd_quad_vmix_dp_v_tpg_4_0_synth_1/prj/sol/.autopilot/db/v_tpg.cpp:751]   --->   Operation 52 'ret' 'ret_ln751' <Predicate = (icmp_ln563)> <Delay = 0.00>

State 4 <SV = 3> <Delay = 0.00>
ST_4 : Operation 53 [1/1] (0.00ns)   --->   "%speclooptripcount_ln549 = speclooptripcount void @_ssdm_op_SpecLoopTripCount, i64 0, i64 65535, i64 32767" [/home/izaan/GitRepos/dpdma_exdes/vivado_quad_vmix/kv260_quad_vmix_dp.runs/bd_quad_vmix_dp_v_tpg_4_0_synth_1/prj/sol/.autopilot/db/v_tpg.cpp:549]   --->   Operation 53 'speclooptripcount' 'speclooptripcount_ln549' <Predicate = true> <Delay = 0.00>
ST_4 : Operation 54 [1/1] (0.00ns)   --->   "%specloopname_ln563 = specloopname void @_ssdm_op_SpecLoopName, void @empty_31" [/home/izaan/GitRepos/dpdma_exdes/vivado_quad_vmix/kv260_quad_vmix_dp.runs/bd_quad_vmix_dp_v_tpg_4_0_synth_1/prj/sol/.autopilot/db/v_tpg.cpp:563]   --->   Operation 54 'specloopname' 'specloopname_ln563' <Predicate = true> <Delay = 0.00>
ST_4 : Operation 55 [1/2] (0.00ns)   --->   "%call_ln1206 = call void @tpgBackground_Pipeline_VITIS_LOOP_565_2, i16 %width_val_read, i48 %bckgndYUV, i8 %patternId_val_read, i8 %blkYuv_load, i16 %shl_i, i16 %ZplateHorContStart_val_read, i16 %ZplateHorContDelta_val_read, i16 %ZplateVerContStart_val_read, i16 %y_3, i1 %cmp12_i, i16 %ZplateVerContDelta_val_read, i8 %colorFormat_val_read, i7 %tmp, i16 %zonePlateVAddr_loc_0, i8 %outpix_0_5_0_0_0_load331_lcssa349, i8 %outpix_0_4_0_0_0_load329_lcssa346, i8 %outpix_0_3_0_0_0_load327_lcssa343, i8 %outpix_0_2_0_0_0_load325_lcssa340, i8 %outpix_0_1_0_0_0_load323_lcssa337, i8 %outpix_0_0_0_0_0_load321_lcssa334, i20 %tpgSinTableArray, i16 %zonePlateVAddr, i16 %zonePlateVDelta, i28 %rSerie, i28 %gSerie, i28 %bSerie" [/home/izaan/GitRepos/dpdma_exdes/vivado_quad_vmix/kv260_quad_vmix_dp.runs/bd_quad_vmix_dp_v_tpg_4_0_synth_1/prj/sol/.autopilot/db/v_tpg.cpp:1206->/home/izaan/GitRepos/dpdma_exdes/vivado_quad_vmix/kv260_quad_vmix_dp.runs/bd_quad_vmix_dp_v_tpg_4_0_synth_1/prj/sol/.autopilot/db/v_tpg.cpp:587]   --->   Operation 55 'call' 'call_ln1206' <Predicate = true> <Delay = 0.00> <CoreType = "Generic">   --->   Generic Core
ST_4 : Operation 56 [1/1] (0.00ns)   --->   "%br_ln563 = br void %VITIS_LOOP_565_2" [/home/izaan/GitRepos/dpdma_exdes/vivado_quad_vmix/kv260_quad_vmix_dp.runs/bd_quad_vmix_dp_v_tpg_4_0_synth_1/prj/sol/.autopilot/db/v_tpg.cpp:563]   --->   Operation 56 'br' 'br_ln563' <Predicate = true> <Delay = 0.00>


============================================================
+ Verbose Summary: Binding
============================================================
STG Binding: 
---------------- STG Properties BEGIN ----------------
- Is combinational: 0
- Is one-state seq: 0
- Is datapath-only: 0
- Is pipelined: 0
- Is top level: 0
Port [ Return ] is wired: 1; IO mode=ap_ctrl_hs:ce=0
Port [ height_val]:  wired=1; compound=0; hidden=0; nouse=0; global=0; static=0; extern=0; dir=0; type=0; pingpong=0; private_global=0; IO mode=ap_none:ce=0
Port [ width_val]:  wired=1; compound=0; hidden=0; nouse=0; global=0; static=0; extern=0; dir=0; type=0; pingpong=0; private_global=0; IO mode=ap_none:ce=0
Port [ patternId_val]:  wired=1; compound=0; hidden=0; nouse=0; global=0; static=0; extern=0; dir=0; type=0; pingpong=0; private_global=0; IO mode=ap_none:ce=0
Port [ ZplateHorContStart_val]:  wired=1; compound=0; hidden=0; nouse=0; global=0; static=0; extern=0; dir=0; type=0; pingpong=0; private_global=0; IO mode=ap_none:ce=0
Port [ ZplateHorContDelta_val]:  wired=1; compound=0; hidden=0; nouse=0; global=0; static=0; extern=0; dir=0; type=0; pingpong=0; private_global=0; IO mode=ap_none:ce=0
Port [ ZplateVerContStart_val]:  wired=1; compound=0; hidden=0; nouse=0; global=0; static=0; extern=0; dir=0; type=0; pingpong=0; private_global=0; IO mode=ap_none:ce=0
Port [ ZplateVerContDelta_val]:  wired=1; compound=0; hidden=0; nouse=0; global=0; static=0; extern=0; dir=0; type=0; pingpong=0; private_global=0; IO mode=ap_none:ce=0
Port [ motionSpeed_val]:  wired=1; compound=0; hidden=0; nouse=0; global=0; static=0; extern=0; dir=0; type=0; pingpong=0; private_global=0; IO mode=ap_none:ce=0
Port [ colorFormat_val]:  wired=1; compound=0; hidden=0; nouse=0; global=0; static=0; extern=0; dir=0; type=0; pingpong=0; private_global=0; IO mode=ap_none:ce=0
Port [ bckgndYUV]:  wired=1; compound=1; hidden=0; nouse=0; global=0; static=0; extern=0; dir=1; type=3; pingpong=0; private_global=0; IO mode=ap_fifo:ce=0
Port [ height_val4_c3]:  wired=1; compound=1; hidden=0; nouse=0; global=0; static=0; extern=0; dir=1; type=3; pingpong=0; private_global=0; IO mode=ap_fifo:ce=0
Port [ width_val7_c4]:  wired=1; compound=1; hidden=0; nouse=0; global=0; static=0; extern=0; dir=1; type=3; pingpong=0; private_global=0; IO mode=ap_fifo:ce=0
Port [ motionSpeed_val14_c]:  wired=1; compound=1; hidden=0; nouse=0; global=0; static=0; extern=0; dir=1; type=3; pingpong=0; private_global=0; IO mode=ap_fifo:ce=0
Port [ colorFormat_val17_c5]:  wired=1; compound=1; hidden=0; nouse=0; global=0; static=0; extern=0; dir=1; type=3; pingpong=0; private_global=0; IO mode=ap_fifo:ce=0
Port [ rampStart]:  wired=0; compound=0; hidden=1; nouse=0; global=1; static=1; extern=0; dir=2; type=0; pingpong=0; private_global=1; IO mode=ap_ovld:ce=0
Port [ blkYuv]:  wired=0; compound=1; hidden=1; nouse=0; global=1; static=1; extern=0; dir=0; type=1; pingpong=0; private_global=1; MemPort=[1]; IO mode=ap_memory:ce=0
Port [ zonePlateVAddr]:  wired=0; compound=0; hidden=1; nouse=0; global=1; static=1; extern=0; dir=2; type=0; pingpong=0; private_global=1; IO mode=ap_ovld:ce=0
Port [ tpgSinTableArray]:  wired=0; compound=1; hidden=1; nouse=1; global=1; static=1; extern=0; dir=0; type=1; pingpong=0; private_global=0; MemPort=[11]; IO mode=ap_memory:ce=0
Port [ zonePlateVDelta]:  wired=0; compound=0; hidden=1; nouse=1; global=1; static=1; extern=0; dir=2; type=0; pingpong=0; private_global=0; IO mode=ap_ovld:ce=0
Port [ rSerie]:  wired=0; compound=0; hidden=1; nouse=1; global=1; static=1; extern=0; dir=2; type=0; pingpong=0; private_global=0; IO mode=ap_ovld:ce=0
Port [ gSerie]:  wired=0; compound=0; hidden=1; nouse=1; global=1; static=1; extern=0; dir=2; type=0; pingpong=0; private_global=0; IO mode=ap_ovld:ce=0
Port [ bSerie]:  wired=0; compound=0; hidden=1; nouse=1; global=1; static=1; extern=0; dir=2; type=0; pingpong=0; private_global=0; IO mode=ap_ovld:ce=0
---------------- STG Properties END ------------------

---------------- Datapath Model BEGIN ----------------

<LifeTime>
<method=bitvector/>
y                                 (alloca           ) [ 01111]
outpix_0_0_0_0_0_load321_lcssa334 (alloca           ) [ 00111]
outpix_0_1_0_0_0_load323_lcssa337 (alloca           ) [ 00111]
outpix_0_2_0_0_0_load325_lcssa340 (alloca           ) [ 00111]
outpix_0_3_0_0_0_load327_lcssa343 (alloca           ) [ 00111]
outpix_0_4_0_0_0_load329_lcssa346 (alloca           ) [ 00111]
outpix_0_5_0_0_0_load331_lcssa349 (alloca           ) [ 00111]
zonePlateVAddr_loc_0              (alloca           ) [ 01111]
colorFormat_val_read              (read             ) [ 00111]
motionSpeed_val_read              (read             ) [ 00111]
width_val_read                    (read             ) [ 00111]
height_val_read                   (read             ) [ 00111]
write_ln0                         (write            ) [ 00000]
write_ln0                         (write            ) [ 00000]
write_ln0                         (write            ) [ 00000]
write_ln0                         (write            ) [ 00000]
tmp                               (partselect       ) [ 00111]
cmp6_i182                         (icmp             ) [ 00000]
idxprom13_1_i186_cast_cast_cast   (select           ) [ 00000]
blkYuv_addr                       (getelementptr    ) [ 00100]
zonePlateVAddr_load               (load             ) [ 00000]
store_ln1341                      (store            ) [ 00000]
store_ln549                       (store            ) [ 00000]
ZplateVerContDelta_val_read       (read             ) [ 00011]
ZplateVerContStart_val_read       (read             ) [ 00011]
ZplateHorContDelta_val_read       (read             ) [ 00011]
ZplateHorContStart_val_read       (read             ) [ 00011]
patternId_val_read                (read             ) [ 00011]
specinterface_ln0                 (specinterface    ) [ 00000]
specinterface_ln0                 (specinterface    ) [ 00000]
specinterface_ln0                 (specinterface    ) [ 00000]
specinterface_ln0                 (specinterface    ) [ 00000]
specinterface_ln0                 (specinterface    ) [ 00000]
rampStart_load                    (load             ) [ 00011]
shl_i                             (bitconcatenate   ) [ 00011]
blkYuv_load                       (load             ) [ 00011]
br_ln563                          (br               ) [ 00000]
y_3                               (load             ) [ 00001]
icmp_ln563                        (icmp             ) [ 00011]
y_4                               (add              ) [ 00000]
br_ln563                          (br               ) [ 00000]
cmp12_i                           (icmp             ) [ 00001]
store_ln549                       (store            ) [ 00000]
add_ln750                         (add              ) [ 00000]
store_ln750                       (store            ) [ 00000]
ret_ln751                         (ret              ) [ 00000]
speclooptripcount_ln549           (speclooptripcount) [ 00000]
specloopname_ln563                (specloopname     ) [ 00000]
call_ln1206                       (call             ) [ 00000]
br_ln563                          (br               ) [ 00000]
</LifeTime>

<model>

<comp_list>
<comp id="0" class="1000" name="height_val">
<pin_list>
<pin id="1" dir="1" index="0" bw="1" slack="0"/>
</pin_list>
<bind>
<StgValue><ssdm name="height_val"/></StgValue>
</bind>
</comp>

<comp id="2" class="1000" name="width_val">
<pin_list>
<pin id="3" dir="1" index="0" bw="1" slack="0"/>
</pin_list>
<bind>
<StgValue><ssdm name="width_val"/></StgValue>
</bind>
</comp>

<comp id="4" class="1000" name="patternId_val">
<pin_list>
<pin id="5" dir="1" index="0" bw="1" slack="0"/>
</pin_list>
<bind>
<StgValue><ssdm name="patternId_val"/></StgValue>
</bind>
</comp>

<comp id="6" class="1000" name="ZplateHorContStart_val">
<pin_list>
<pin id="7" dir="1" index="0" bw="1" slack="0"/>
</pin_list>
<bind>
<StgValue><ssdm name="ZplateHorContStart_val"/></StgValue>
</bind>
</comp>

<comp id="8" class="1000" name="ZplateHorContDelta_val">
<pin_list>
<pin id="9" dir="1" index="0" bw="1" slack="0"/>
</pin_list>
<bind>
<StgValue><ssdm name="ZplateHorContDelta_val"/></StgValue>
</bind>
</comp>

<comp id="10" class="1000" name="ZplateVerContStart_val">
<pin_list>
<pin id="11" dir="1" index="0" bw="1" slack="0"/>
</pin_list>
<bind>
<StgValue><ssdm name="ZplateVerContStart_val"/></StgValue>
</bind>
</comp>

<comp id="12" class="1000" name="ZplateVerContDelta_val">
<pin_list>
<pin id="13" dir="1" index="0" bw="1" slack="0"/>
</pin_list>
<bind>
<StgValue><ssdm name="ZplateVerContDelta_val"/></StgValue>
</bind>
</comp>

<comp id="14" class="1000" name="motionSpeed_val">
<pin_list>
<pin id="15" dir="1" index="0" bw="1" slack="0"/>
</pin_list>
<bind>
<StgValue><ssdm name="motionSpeed_val"/></StgValue>
</bind>
</comp>

<comp id="16" class="1000" name="colorFormat_val">
<pin_list>
<pin id="17" dir="1" index="0" bw="1" slack="0"/>
</pin_list>
<bind>
<StgValue><ssdm name="colorFormat_val"/></StgValue>
</bind>
</comp>

<comp id="18" class="1000" name="bckgndYUV">
<pin_list>
<pin id="19" dir="1" index="0" bw="1" slack="0"/>
</pin_list>
<bind>
<StgValue><ssdm name="bckgndYUV"/></StgValue>
</bind>
</comp>

<comp id="20" class="1000" name="height_val4_c3">
<pin_list>
<pin id="21" dir="1" index="0" bw="1" slack="0"/>
</pin_list>
<bind>
<StgValue><ssdm name="height_val4_c3"/></StgValue>
</bind>
</comp>

<comp id="22" class="1000" name="width_val7_c4">
<pin_list>
<pin id="23" dir="1" index="0" bw="1" slack="0"/>
</pin_list>
<bind>
<StgValue><ssdm name="width_val7_c4"/></StgValue>
</bind>
</comp>

<comp id="24" class="1000" name="motionSpeed_val14_c">
<pin_list>
<pin id="25" dir="1" index="0" bw="1" slack="0"/>
</pin_list>
<bind>
<StgValue><ssdm name="motionSpeed_val14_c"/></StgValue>
</bind>
</comp>

<comp id="26" class="1000" name="colorFormat_val17_c5">
<pin_list>
<pin id="27" dir="1" index="0" bw="1" slack="0"/>
</pin_list>
<bind>
<StgValue><ssdm name="colorFormat_val17_c5"/></StgValue>
</bind>
</comp>

<comp id="28" class="1000" name="rampStart">
<pin_list>
<pin id="29" dir="1" index="0" bw="1" slack="0"/>
</pin_list>
<bind>
<StgValue><ssdm name="rampStart"/></StgValue>
</bind>
</comp>

<comp id="30" class="1000" name="blkYuv">
<pin_list>
<pin id="31" dir="1" index="0" bw="1" slack="0"/>
</pin_list>
<bind>
<StgValue><ssdm name="blkYuv"/><MemPortTyVec>1 </MemPortTyVec>
</StgValue>
</bind>
</comp>

<comp id="32" class="1000" name="zonePlateVAddr">
<pin_list>
<pin id="33" dir="1" index="0" bw="1" slack="0"/>
</pin_list>
<bind>
<StgValue><ssdm name="zonePlateVAddr"/></StgValue>
</bind>
</comp>

<comp id="34" class="1000" name="tpgSinTableArray">
<pin_list>
<pin id="35" dir="1" index="0" bw="1" slack="0"/>
</pin_list>
<bind>
<StgValue><ssdm name="tpgSinTableArray"/><MemPortTyVec>1 1 </MemPortTyVec>
</StgValue>
</bind>
</comp>

<comp id="36" class="1000" name="zonePlateVDelta">
<pin_list>
<pin id="37" dir="1" index="0" bw="1" slack="0"/>
</pin_list>
<bind>
<StgValue><ssdm name="zonePlateVDelta"/></StgValue>
</bind>
</comp>

<comp id="38" class="1000" name="rSerie">
<pin_list>
<pin id="39" dir="1" index="0" bw="1" slack="0"/>
</pin_list>
<bind>
<StgValue><ssdm name="rSerie"/></StgValue>
</bind>
</comp>

<comp id="40" class="1000" name="gSerie">
<pin_list>
<pin id="41" dir="1" index="0" bw="1" slack="0"/>
</pin_list>
<bind>
<StgValue><ssdm name="gSerie"/></StgValue>
</bind>
</comp>

<comp id="42" class="1000" name="bSerie">
<pin_list>
<pin id="43" dir="1" index="0" bw="1" slack="0"/>
</pin_list>
<bind>
<StgValue><ssdm name="bSerie"/></StgValue>
</bind>
</comp>

<comp id="44" class="1001" name="const_44">
<pin_list>
<pin id="45" dir="1" index="0" bw="1" slack="0"/>
</pin_list>
<bind>
<StgValue><ssdm name=""/></StgValue>
</bind>
</comp>

<comp id="46" class="1001" name="const_46">
<pin_list>
<pin id="47" dir="1" index="0" bw="1" slack="0"/>
</pin_list>
<bind>
<StgValue><ssdm name="_ssdm_op_Read.ap_auto.i8"/></StgValue>
</bind>
</comp>

<comp id="48" class="1001" name="const_48">
<pin_list>
<pin id="49" dir="1" index="0" bw="1" slack="0"/>
</pin_list>
<bind>
<StgValue><ssdm name="_ssdm_op_Read.ap_auto.i16"/></StgValue>
</bind>
</comp>

<comp id="50" class="1001" name="const_50">
<pin_list>
<pin id="51" dir="1" index="0" bw="1" slack="0"/>
</pin_list>
<bind>
<StgValue><ssdm name="_ssdm_op_Write.ap_fifo.i8P0A"/></StgValue>
</bind>
</comp>

<comp id="52" class="1001" name="const_52">
<pin_list>
<pin id="53" dir="1" index="0" bw="1" slack="0"/>
</pin_list>
<bind>
<StgValue><ssdm name="_ssdm_op_Write.ap_fifo.i16P0A"/></StgValue>
</bind>
</comp>

<comp id="54" class="1001" name="const_54">
<pin_list>
<pin id="55" dir="1" index="0" bw="1" slack="0"/>
</pin_list>
<bind>
<StgValue><ssdm name="_ssdm_op_PartSelect.i7.i8.i32.i32"/></StgValue>
</bind>
</comp>

<comp id="56" class="1001" name="const_56">
<pin_list>
<pin id="57" dir="1" index="0" bw="1" slack="0"/>
</pin_list>
<bind>
<StgValue><ssdm name=""/></StgValue>
</bind>
</comp>

<comp id="58" class="1001" name="const_58">
<pin_list>
<pin id="59" dir="1" index="0" bw="1" slack="0"/>
</pin_list>
<bind>
<StgValue><ssdm name=""/></StgValue>
</bind>
</comp>

<comp id="60" class="1001" name="const_60">
<pin_list>
<pin id="61" dir="1" index="0" bw="1" slack="0"/>
</pin_list>
<bind>
<StgValue><ssdm name=""/></StgValue>
</bind>
</comp>

<comp id="62" class="1001" name="const_62">
<pin_list>
<pin id="63" dir="1" index="0" bw="1" slack="0"/>
</pin_list>
<bind>
<StgValue><ssdm name=""/></StgValue>
</bind>
</comp>

<comp id="64" class="1001" name="const_64">
<pin_list>
<pin id="65" dir="1" index="0" bw="1" slack="0"/>
</pin_list>
<bind>
<StgValue><ssdm name=""/></StgValue>
</bind>
</comp>

<comp id="66" class="1001" name="const_66">
<pin_list>
<pin id="67" dir="1" index="0" bw="1" slack="0"/>
</pin_list>
<bind>
<StgValue><ssdm name=""/></StgValue>
</bind>
</comp>

<comp id="68" class="1001" name="const_68">
<pin_list>
<pin id="69" dir="1" index="0" bw="1" slack="2147483647"/>
</pin_list>
<bind>
<StgValue><ssdm name="_ssdm_op_SpecInterface"/></StgValue>
</bind>
</comp>

<comp id="70" class="1001" name="const_70">
<pin_list>
<pin id="71" dir="1" index="0" bw="1" slack="2147483647"/>
</pin_list>
<bind>
<StgValue><ssdm name="ap_fifo_str"/></StgValue>
</bind>
</comp>

<comp id="72" class="1001" name="const_72">
<pin_list>
<pin id="73" dir="1" index="0" bw="1" slack="2147483647"/>
</pin_list>
<bind>
<StgValue><ssdm name=""/></StgValue>
</bind>
</comp>

<comp id="74" class="1001" name="const_74">
<pin_list>
<pin id="75" dir="1" index="0" bw="1" slack="2147483647"/>
</pin_list>
<bind>
<StgValue><ssdm name="p_str"/></StgValue>
</bind>
</comp>

<comp id="76" class="1001" name="const_76">
<pin_list>
<pin id="77" dir="1" index="0" bw="1" slack="2147483647"/>
</pin_list>
<bind>
<StgValue><ssdm name=""/></StgValue>
</bind>
</comp>

<comp id="78" class="1001" name="const_78">
<pin_list>
<pin id="79" dir="1" index="0" bw="1" slack="2147483647"/>
</pin_list>
<bind>
<StgValue><ssdm name=""/></StgValue>
</bind>
</comp>

<comp id="80" class="1001" name="const_80">
<pin_list>
<pin id="81" dir="1" index="0" bw="1" slack="2147483647"/>
</pin_list>
<bind>
<StgValue><ssdm name="ScalarProp_str"/></StgValue>
</bind>
</comp>

<comp id="82" class="1001" name="const_82">
<pin_list>
<pin id="83" dir="1" index="0" bw="1" slack="2147483647"/>
</pin_list>
<bind>
<StgValue><ssdm name=""/></StgValue>
</bind>
</comp>

<comp id="84" class="1001" name="const_84">
<pin_list>
<pin id="85" dir="1" index="0" bw="1" slack="2147483647"/>
</pin_list>
<bind>
<StgValue><ssdm name="empty_21"/></StgValue>
</bind>
</comp>

<comp id="86" class="1001" name="const_86">
<pin_list>
<pin id="87" dir="1" index="0" bw="1" slack="2147483647"/>
</pin_list>
<bind>
<StgValue><ssdm name="empty_9"/></StgValue>
</bind>
</comp>

<comp id="88" class="1001" name="const_88">
<pin_list>
<pin id="89" dir="1" index="0" bw="1" slack="0"/>
</pin_list>
<bind>
<StgValue><ssdm name="_ssdm_op_BitConcatenate.i16.i8.i8"/></StgValue>
</bind>
</comp>

<comp id="90" class="1001" name="const_90">
<pin_list>
<pin id="91" dir="1" index="0" bw="1" slack="0"/>
</pin_list>
<bind>
<StgValue><ssdm name=""/></StgValue>
</bind>
</comp>

<comp id="92" class="1001" name="const_92">
<pin_list>
<pin id="93" dir="1" index="0" bw="1" slack="0"/>
</pin_list>
<bind>
<StgValue><ssdm name=""/></StgValue>
</bind>
</comp>

<comp id="94" class="1001" name="const_94">
<pin_list>
<pin id="95" dir="1" index="0" bw="1" slack="0"/>
</pin_list>
<bind>
<StgValue><ssdm name="tpgBackground_Pipeline_VITIS_LOOP_565_2"/></StgValue>
</bind>
</comp>

<comp id="96" class="1001" name="const_96">
<pin_list>
<pin id="97" dir="1" index="0" bw="1" slack="2147483647"/>
</pin_list>
<bind>
<StgValue><ssdm name="_ssdm_op_SpecLoopTripCount"/></StgValue>
</bind>
</comp>

<comp id="98" class="1001" name="const_98">
<pin_list>
<pin id="99" dir="1" index="0" bw="1" slack="2147483647"/>
</pin_list>
<bind>
<StgValue><ssdm name=""/></StgValue>
</bind>
</comp>

<comp id="100" class="1001" name="const_100">
<pin_list>
<pin id="101" dir="1" index="0" bw="1" slack="2147483647"/>
</pin_list>
<bind>
<StgValue><ssdm name=""/></StgValue>
</bind>
</comp>

<comp id="102" class="1001" name="const_102">
<pin_list>
<pin id="103" dir="1" index="0" bw="1" slack="2147483647"/>
</pin_list>
<bind>
<StgValue><ssdm name="_ssdm_op_SpecLoopName"/></StgValue>
</bind>
</comp>

<comp id="104" class="1001" name="const_104">
<pin_list>
<pin id="105" dir="1" index="0" bw="1" slack="2147483647"/>
</pin_list>
<bind>
<StgValue><ssdm name="empty_31"/></StgValue>
</bind>
</comp>

<comp id="106" class="1004" name="y_fu_106">
<pin_list>
<pin id="107" dir="0" index="0" bw="1" slack="0"/>
<pin id="108" dir="1" index="1" bw="16" slack="0"/>
</pin_list>
<bind>
<opcode="alloca(26) " fcode="alloca"/>
<opset="y/1 "/>
</bind>
</comp>

<comp id="110" class="1004" name="outpix_0_0_0_0_0_load321_lcssa334_fu_110">
<pin_list>
<pin id="111" dir="0" index="0" bw="1" slack="0"/>
<pin id="112" dir="1" index="1" bw="8" slack="2"/>
</pin_list>
<bind>
<opcode="alloca(26) " fcode="alloca"/>
<opset="outpix_0_0_0_0_0_load321_lcssa334/1 "/>
</bind>
</comp>

<comp id="114" class="1004" name="outpix_0_1_0_0_0_load323_lcssa337_fu_114">
<pin_list>
<pin id="115" dir="0" index="0" bw="1" slack="0"/>
<pin id="116" dir="1" index="1" bw="8" slack="2"/>
</pin_list>
<bind>
<opcode="alloca(26) " fcode="alloca"/>
<opset="outpix_0_1_0_0_0_load323_lcssa337/1 "/>
</bind>
</comp>

<comp id="118" class="1004" name="outpix_0_2_0_0_0_load325_lcssa340_fu_118">
<pin_list>
<pin id="119" dir="0" index="0" bw="1" slack="0"/>
<pin id="120" dir="1" index="1" bw="8" slack="2"/>
</pin_list>
<bind>
<opcode="alloca(26) " fcode="alloca"/>
<opset="outpix_0_2_0_0_0_load325_lcssa340/1 "/>
</bind>
</comp>

<comp id="122" class="1004" name="outpix_0_3_0_0_0_load327_lcssa343_fu_122">
<pin_list>
<pin id="123" dir="0" index="0" bw="1" slack="0"/>
<pin id="124" dir="1" index="1" bw="8" slack="2"/>
</pin_list>
<bind>
<opcode="alloca(26) " fcode="alloca"/>
<opset="outpix_0_3_0_0_0_load327_lcssa343/1 "/>
</bind>
</comp>

<comp id="126" class="1004" name="outpix_0_4_0_0_0_load329_lcssa346_fu_126">
<pin_list>
<pin id="127" dir="0" index="0" bw="1" slack="0"/>
<pin id="128" dir="1" index="1" bw="8" slack="2"/>
</pin_list>
<bind>
<opcode="alloca(26) " fcode="alloca"/>
<opset="outpix_0_4_0_0_0_load329_lcssa346/1 "/>
</bind>
</comp>

<comp id="130" class="1004" name="outpix_0_5_0_0_0_load331_lcssa349_fu_130">
<pin_list>
<pin id="131" dir="0" index="0" bw="1" slack="0"/>
<pin id="132" dir="1" index="1" bw="8" slack="2"/>
</pin_list>
<bind>
<opcode="alloca(26) " fcode="alloca"/>
<opset="outpix_0_5_0_0_0_load331_lcssa349/1 "/>
</bind>
</comp>

<comp id="134" class="1004" name="zonePlateVAddr_loc_0_fu_134">
<pin_list>
<pin id="135" dir="0" index="0" bw="1" slack="0"/>
<pin id="136" dir="1" index="1" bw="16" slack="0"/>
</pin_list>
<bind>
<opcode="alloca(26) " fcode="alloca"/>
<opset="zonePlateVAddr_loc_0/1 "/>
</bind>
</comp>

<comp id="138" class="1004" name="colorFormat_val_read_read_fu_138">
<pin_list>
<pin id="139" dir="0" index="0" bw="8" slack="0"/>
<pin id="140" dir="0" index="1" bw="8" slack="0"/>
<pin id="141" dir="1" index="2" bw="8" slack="0"/>
</pin_list>
<bind>
<opcode="read(1150) " fcode="read"/>
<opset="colorFormat_val_read/1 "/>
</bind>
</comp>

<comp id="144" class="1004" name="motionSpeed_val_read_read_fu_144">
<pin_list>
<pin id="145" dir="0" index="0" bw="8" slack="0"/>
<pin id="146" dir="0" index="1" bw="8" slack="0"/>
<pin id="147" dir="1" index="2" bw="8" slack="0"/>
</pin_list>
<bind>
<opcode="read(1150) " fcode="read"/>
<opset="motionSpeed_val_read/1 "/>
</bind>
</comp>

<comp id="150" class="1004" name="width_val_read_read_fu_150">
<pin_list>
<pin id="151" dir="0" index="0" bw="16" slack="0"/>
<pin id="152" dir="0" index="1" bw="16" slack="0"/>
<pin id="153" dir="1" index="2" bw="16" slack="0"/>
</pin_list>
<bind>
<opcode="read(1150) " fcode="read"/>
<opset="width_val_read/1 "/>
</bind>
</comp>

<comp id="156" class="1004" name="height_val_read_read_fu_156">
<pin_list>
<pin id="157" dir="0" index="0" bw="16" slack="0"/>
<pin id="158" dir="0" index="1" bw="16" slack="0"/>
<pin id="159" dir="1" index="2" bw="16" slack="0"/>
</pin_list>
<bind>
<opcode="read(1150) " fcode="read"/>
<opset="height_val_read/1 "/>
</bind>
</comp>

<comp id="162" class="1004" name="write_ln0_write_fu_162">
<pin_list>
<pin id="163" dir="0" index="0" bw="0" slack="0"/>
<pin id="164" dir="0" index="1" bw="8" slack="0"/>
<pin id="165" dir="0" index="2" bw="8" slack="0"/>
<pin id="166" dir="1" index="3" bw="0" slack="2147483647"/>
</pin_list>
<bind>
<opcode="write(1151) " fcode="write"/>
<opset="write_ln0/1 "/>
</bind>
</comp>

<comp id="170" class="1004" name="write_ln0_write_fu_170">
<pin_list>
<pin id="171" dir="0" index="0" bw="0" slack="0"/>
<pin id="172" dir="0" index="1" bw="8" slack="0"/>
<pin id="173" dir="0" index="2" bw="8" slack="0"/>
<pin id="174" dir="1" index="3" bw="0" slack="2147483647"/>
</pin_list>
<bind>
<opcode="write(1151) " fcode="write"/>
<opset="write_ln0/1 "/>
</bind>
</comp>

<comp id="178" class="1004" name="write_ln0_write_fu_178">
<pin_list>
<pin id="179" dir="0" index="0" bw="0" slack="0"/>
<pin id="180" dir="0" index="1" bw="16" slack="0"/>
<pin id="181" dir="0" index="2" bw="16" slack="0"/>
<pin id="182" dir="1" index="3" bw="0" slack="2147483647"/>
</pin_list>
<bind>
<opcode="write(1151) " fcode="write"/>
<opset="write_ln0/1 "/>
</bind>
</comp>

<comp id="186" class="1004" name="write_ln0_write_fu_186">
<pin_list>
<pin id="187" dir="0" index="0" bw="0" slack="0"/>
<pin id="188" dir="0" index="1" bw="16" slack="0"/>
<pin id="189" dir="0" index="2" bw="16" slack="0"/>
<pin id="190" dir="1" index="3" bw="0" slack="2147483647"/>
</pin_list>
<bind>
<opcode="write(1151) " fcode="write"/>
<opset="write_ln0/1 "/>
</bind>
</comp>

<comp id="194" class="1004" name="ZplateVerContDelta_val_read_read_fu_194">
<pin_list>
<pin id="195" dir="0" index="0" bw="16" slack="0"/>
<pin id="196" dir="0" index="1" bw="16" slack="0"/>
<pin id="197" dir="1" index="2" bw="16" slack="1"/>
</pin_list>
<bind>
<opcode="read(1150) " fcode="read"/>
<opset="ZplateVerContDelta_val_read/2 "/>
</bind>
</comp>

<comp id="200" class="1004" name="ZplateVerContStart_val_read_read_fu_200">
<pin_list>
<pin id="201" dir="0" index="0" bw="16" slack="0"/>
<pin id="202" dir="0" index="1" bw="16" slack="0"/>
<pin id="203" dir="1" index="2" bw="16" slack="1"/>
</pin_list>
<bind>
<opcode="read(1150) " fcode="read"/>
<opset="ZplateVerContStart_val_read/2 "/>
</bind>
</comp>

<comp id="206" class="1004" name="ZplateHorContDelta_val_read_read_fu_206">
<pin_list>
<pin id="207" dir="0" index="0" bw="16" slack="0"/>
<pin id="208" dir="0" index="1" bw="16" slack="0"/>
<pin id="209" dir="1" index="2" bw="16" slack="1"/>
</pin_list>
<bind>
<opcode="read(1150) " fcode="read"/>
<opset="ZplateHorContDelta_val_read/2 "/>
</bind>
</comp>

<comp id="212" class="1004" name="ZplateHorContStart_val_read_read_fu_212">
<pin_list>
<pin id="213" dir="0" index="0" bw="16" slack="0"/>
<pin id="214" dir="0" index="1" bw="16" slack="0"/>
<pin id="215" dir="1" index="2" bw="16" slack="1"/>
</pin_list>
<bind>
<opcode="read(1150) " fcode="read"/>
<opset="ZplateHorContStart_val_read/2 "/>
</bind>
</comp>

<comp id="218" class="1004" name="patternId_val_read_read_fu_218">
<pin_list>
<pin id="219" dir="0" index="0" bw="8" slack="0"/>
<pin id="220" dir="0" index="1" bw="8" slack="0"/>
<pin id="221" dir="1" index="2" bw="8" slack="1"/>
</pin_list>
<bind>
<opcode="read(1150) " fcode="read"/>
<opset="patternId_val_read/2 "/>
</bind>
</comp>

<comp id="224" class="1004" name="blkYuv_addr_gep_fu_224">
<pin_list>
<pin id="225" dir="0" index="0" bw="8" slack="0"/>
<pin id="226" dir="0" index="1" bw="1" slack="0"/>
<pin id="227" dir="0" index="2" bw="3" slack="0"/>
<pin id="228" dir="1" index="3" bw="2" slack="0"/>
</pin_list>
<bind>
<opcode="getelementptr(29) " fcode="getelementptr"/>
<opset="blkYuv_addr/1 "/>
</bind>
</comp>

<comp id="231" class="1004" name="grp_access_fu_231">
<pin_list>
<pin id="232" dir="0" index="0" bw="2" slack="0"/>
<pin id="233" dir="0" index="1" bw="8" slack="2147483647"/>
<pin id="234" dir="0" index="2" bw="0" slack="2147483647"/>
<pin id="235" dir="1" index="3" bw="8" slack="1"/>
</pin_list>
<bind>
<opcode="load(27) " fcode="load"/>
<opset="blkYuv_load/1 "/>
</bind>
</comp>

<comp id="237" class="1004" name="grp_tpgBackground_Pipeline_VITIS_LOOP_565_2_fu_237">
<pin_list>
<pin id="238" dir="0" index="0" bw="0" slack="0"/>
<pin id="239" dir="0" index="1" bw="16" slack="2"/>
<pin id="240" dir="0" index="2" bw="48" slack="0"/>
<pin id="241" dir="0" index="3" bw="8" slack="1"/>
<pin id="242" dir="0" index="4" bw="8" slack="1"/>
<pin id="243" dir="0" index="5" bw="16" slack="1"/>
<pin id="244" dir="0" index="6" bw="16" slack="1"/>
<pin id="245" dir="0" index="7" bw="16" slack="1"/>
<pin id="246" dir="0" index="8" bw="16" slack="1"/>
<pin id="247" dir="0" index="9" bw="16" slack="0"/>
<pin id="248" dir="0" index="10" bw="1" slack="0"/>
<pin id="249" dir="0" index="11" bw="16" slack="1"/>
<pin id="250" dir="0" index="12" bw="8" slack="2"/>
<pin id="251" dir="0" index="13" bw="7" slack="2"/>
<pin id="252" dir="0" index="14" bw="16" slack="2"/>
<pin id="253" dir="0" index="15" bw="8" slack="2"/>
<pin id="254" dir="0" index="16" bw="8" slack="2"/>
<pin id="255" dir="0" index="17" bw="8" slack="2"/>
<pin id="256" dir="0" index="18" bw="8" slack="2"/>
<pin id="257" dir="0" index="19" bw="8" slack="2"/>
<pin id="258" dir="0" index="20" bw="8" slack="2"/>
<pin id="259" dir="0" index="21" bw="20" slack="0"/>
<pin id="260" dir="0" index="22" bw="16" slack="0"/>
<pin id="261" dir="0" index="23" bw="16" slack="0"/>
<pin id="262" dir="0" index="24" bw="28" slack="0"/>
<pin id="263" dir="0" index="25" bw="28" slack="0"/>
<pin id="264" dir="0" index="26" bw="28" slack="0"/>
<pin id="265" dir="1" index="27" bw="0" slack="2147483647"/>
</pin_list>
<bind>
<opcode="call(48) " fcode="call"/>
<opset="call_ln1206/3 "/>
</bind>
</comp>

<comp id="274" class="1004" name="tmp_fu_274">
<pin_list>
<pin id="275" dir="0" index="0" bw="7" slack="0"/>
<pin id="276" dir="0" index="1" bw="8" slack="0"/>
<pin id="277" dir="0" index="2" bw="1" slack="0"/>
<pin id="278" dir="0" index="3" bw="4" slack="0"/>
<pin id="279" dir="1" index="4" bw="7" slack="2"/>
</pin_list>
<bind>
<opcode="partselect(1002) " fcode="partselect"/>
<opset="tmp/1 "/>
</bind>
</comp>

<comp id="284" class="1004" name="cmp6_i182_fu_284">
<pin_list>
<pin id="285" dir="0" index="0" bw="8" slack="0"/>
<pin id="286" dir="0" index="1" bw="1" slack="0"/>
<pin id="287" dir="1" index="2" bw="1" slack="0"/>
</pin_list>
<bind>
<opcode="icmp(45) " fcode="icmp"/>
<opset="cmp6_i182/1 "/>
</bind>
</comp>

<comp id="290" class="1004" name="idxprom13_1_i186_cast_cast_cast_fu_290">
<pin_list>
<pin id="291" dir="0" index="0" bw="1" slack="0"/>
<pin id="292" dir="0" index="1" bw="1" slack="0"/>
<pin id="293" dir="0" index="2" bw="3" slack="0"/>
<pin id="294" dir="1" index="3" bw="64" slack="0"/>
</pin_list>
<bind>
<opcode="select(49) " fcode="select"/>
<opset="idxprom13_1_i186_cast_cast_cast/1 "/>
</bind>
</comp>

<comp id="299" class="1004" name="zonePlateVAddr_load_load_fu_299">
<pin_list>
<pin id="300" dir="0" index="0" bw="16" slack="0"/>
<pin id="301" dir="1" index="1" bw="16" slack="0"/>
</pin_list>
<bind>
<opcode="load(27) " fcode="load"/>
<opset="zonePlateVAddr_load/1 "/>
</bind>
</comp>

<comp id="303" class="1004" name="store_ln1341_store_fu_303">
<pin_list>
<pin id="304" dir="0" index="0" bw="16" slack="0"/>
<pin id="305" dir="0" index="1" bw="16" slack="0"/>
<pin id="306" dir="1" index="2" bw="0" slack="2147483647"/>
</pin_list>
<bind>
<opcode="store(28) " fcode="store"/>
<opset="store_ln1341/1 "/>
</bind>
</comp>

<comp id="308" class="1004" name="store_ln549_store_fu_308">
<pin_list>
<pin id="309" dir="0" index="0" bw="1" slack="0"/>
<pin id="310" dir="0" index="1" bw="16" slack="0"/>
<pin id="311" dir="1" index="2" bw="0" slack="2147483647"/>
</pin_list>
<bind>
<opcode="store(28) " fcode="store"/>
<opset="store_ln549/1 "/>
</bind>
</comp>

<comp id="313" class="1004" name="rampStart_load_load_fu_313">
<pin_list>
<pin id="314" dir="0" index="0" bw="8" slack="0"/>
<pin id="315" dir="1" index="1" bw="8" slack="0"/>
</pin_list>
<bind>
<opcode="load(27) " fcode="load"/>
<opset="rampStart_load/2 "/>
</bind>
</comp>

<comp id="317" class="1004" name="shl_i_fu_317">
<pin_list>
<pin id="318" dir="0" index="0" bw="16" slack="0"/>
<pin id="319" dir="0" index="1" bw="8" slack="0"/>
<pin id="320" dir="0" index="2" bw="1" slack="0"/>
<pin id="321" dir="1" index="3" bw="16" slack="1"/>
</pin_list>
<bind>
<opcode="bitconcatenate(1004) " fcode="bitconcatenate"/>
<opset="shl_i/2 "/>
</bind>
</comp>

<comp id="325" class="1004" name="y_3_load_fu_325">
<pin_list>
<pin id="326" dir="0" index="0" bw="16" slack="2"/>
<pin id="327" dir="1" index="1" bw="16" slack="0"/>
</pin_list>
<bind>
<opcode="load(27) " fcode="load"/>
<opset="y_3/3 "/>
</bind>
</comp>

<comp id="329" class="1004" name="icmp_ln563_fu_329">
<pin_list>
<pin id="330" dir="0" index="0" bw="16" slack="0"/>
<pin id="331" dir="0" index="1" bw="16" slack="2"/>
<pin id="332" dir="1" index="2" bw="1" slack="2147483647"/>
</pin_list>
<bind>
<opcode="icmp(45) " fcode="icmp"/>
<opset="icmp_ln563/3 "/>
</bind>
</comp>

<comp id="334" class="1004" name="y_4_fu_334">
<pin_list>
<pin id="335" dir="0" index="0" bw="16" slack="0"/>
<pin id="336" dir="0" index="1" bw="1" slack="0"/>
<pin id="337" dir="1" index="2" bw="16" slack="0"/>
</pin_list>
<bind>
<opcode="add(8) " fcode="add"/>
<opset="y_4/3 "/>
</bind>
</comp>

<comp id="340" class="1004" name="cmp12_i_fu_340">
<pin_list>
<pin id="341" dir="0" index="0" bw="16" slack="0"/>
<pin id="342" dir="0" index="1" bw="1" slack="0"/>
<pin id="343" dir="1" index="2" bw="1" slack="0"/>
</pin_list>
<bind>
<opcode="icmp(45) " fcode="icmp"/>
<opset="cmp12_i/3 "/>
</bind>
</comp>

<comp id="347" class="1004" name="store_ln549_store_fu_347">
<pin_list>
<pin id="348" dir="0" index="0" bw="16" slack="0"/>
<pin id="349" dir="0" index="1" bw="16" slack="2"/>
<pin id="350" dir="1" index="2" bw="0" slack="2147483647"/>
</pin_list>
<bind>
<opcode="store(28) " fcode="store"/>
<opset="store_ln549/3 "/>
</bind>
</comp>

<comp id="352" class="1004" name="add_ln750_fu_352">
<pin_list>
<pin id="353" dir="0" index="0" bw="8" slack="2147483647"/>
<pin id="354" dir="0" index="1" bw="8" slack="2"/>
<pin id="355" dir="1" index="2" bw="8" slack="0"/>
</pin_list>
<bind>
<opcode="add(8) " fcode="add"/>
<opset="add_ln750/3 "/>
</bind>
</comp>

<comp id="356" class="1004" name="store_ln750_store_fu_356">
<pin_list>
<pin id="357" dir="0" index="0" bw="8" slack="0"/>
<pin id="358" dir="0" index="1" bw="8" slack="0"/>
<pin id="359" dir="1" index="2" bw="0" slack="2147483647"/>
</pin_list>
<bind>
<opcode="store(28) " fcode="store"/>
<opset="store_ln750/3 "/>
</bind>
</comp>

<comp id="362" class="1005" name="y_reg_362">
<pin_list>
<pin id="363" dir="0" index="0" bw="16" slack="0"/>
<pin id="364" dir="1" index="1" bw="16" slack="0"/>
</pin_list>
<bind>
<opset="y "/>
</bind>
</comp>

<comp id="369" class="1005" name="outpix_0_0_0_0_0_load321_lcssa334_reg_369">
<pin_list>
<pin id="370" dir="0" index="0" bw="8" slack="2"/>
<pin id="371" dir="1" index="1" bw="8" slack="2"/>
</pin_list>
<bind>
<opset="outpix_0_0_0_0_0_load321_lcssa334 "/>
</bind>
</comp>

<comp id="374" class="1005" name="outpix_0_1_0_0_0_load323_lcssa337_reg_374">
<pin_list>
<pin id="375" dir="0" index="0" bw="8" slack="2"/>
<pin id="376" dir="1" index="1" bw="8" slack="2"/>
</pin_list>
<bind>
<opset="outpix_0_1_0_0_0_load323_lcssa337 "/>
</bind>
</comp>

<comp id="379" class="1005" name="outpix_0_2_0_0_0_load325_lcssa340_reg_379">
<pin_list>
<pin id="380" dir="0" index="0" bw="8" slack="2"/>
<pin id="381" dir="1" index="1" bw="8" slack="2"/>
</pin_list>
<bind>
<opset="outpix_0_2_0_0_0_load325_lcssa340 "/>
</bind>
</comp>

<comp id="384" class="1005" name="outpix_0_3_0_0_0_load327_lcssa343_reg_384">
<pin_list>
<pin id="385" dir="0" index="0" bw="8" slack="2"/>
<pin id="386" dir="1" index="1" bw="8" slack="2"/>
</pin_list>
<bind>
<opset="outpix_0_3_0_0_0_load327_lcssa343 "/>
</bind>
</comp>

<comp id="389" class="1005" name="outpix_0_4_0_0_0_load329_lcssa346_reg_389">
<pin_list>
<pin id="390" dir="0" index="0" bw="8" slack="2"/>
<pin id="391" dir="1" index="1" bw="8" slack="2"/>
</pin_list>
<bind>
<opset="outpix_0_4_0_0_0_load329_lcssa346 "/>
</bind>
</comp>

<comp id="394" class="1005" name="outpix_0_5_0_0_0_load331_lcssa349_reg_394">
<pin_list>
<pin id="395" dir="0" index="0" bw="8" slack="2"/>
<pin id="396" dir="1" index="1" bw="8" slack="2"/>
</pin_list>
<bind>
<opset="outpix_0_5_0_0_0_load331_lcssa349 "/>
</bind>
</comp>

<comp id="399" class="1005" name="zonePlateVAddr_loc_0_reg_399">
<pin_list>
<pin id="400" dir="0" index="0" bw="16" slack="0"/>
<pin id="401" dir="1" index="1" bw="16" slack="0"/>
</pin_list>
<bind>
<opset="zonePlateVAddr_loc_0 "/>
</bind>
</comp>

<comp id="405" class="1005" name="colorFormat_val_read_reg_405">
<pin_list>
<pin id="406" dir="0" index="0" bw="8" slack="2"/>
<pin id="407" dir="1" index="1" bw="8" slack="2"/>
</pin_list>
<bind>
<opset="colorFormat_val_read "/>
</bind>
</comp>

<comp id="410" class="1005" name="motionSpeed_val_read_reg_410">
<pin_list>
<pin id="411" dir="0" index="0" bw="8" slack="2"/>
<pin id="412" dir="1" index="1" bw="8" slack="2"/>
</pin_list>
<bind>
<opset="motionSpeed_val_read "/>
</bind>
</comp>

<comp id="415" class="1005" name="width_val_read_reg_415">
<pin_list>
<pin id="416" dir="0" index="0" bw="16" slack="2"/>
<pin id="417" dir="1" index="1" bw="16" slack="2"/>
</pin_list>
<bind>
<opset="width_val_read "/>
</bind>
</comp>

<comp id="420" class="1005" name="height_val_read_reg_420">
<pin_list>
<pin id="421" dir="0" index="0" bw="16" slack="2"/>
<pin id="422" dir="1" index="1" bw="16" slack="2"/>
</pin_list>
<bind>
<opset="height_val_read "/>
</bind>
</comp>

<comp id="425" class="1005" name="tmp_reg_425">
<pin_list>
<pin id="426" dir="0" index="0" bw="7" slack="2"/>
<pin id="427" dir="1" index="1" bw="7" slack="2"/>
</pin_list>
<bind>
<opset="tmp "/>
</bind>
</comp>

<comp id="430" class="1005" name="blkYuv_addr_reg_430">
<pin_list>
<pin id="431" dir="0" index="0" bw="2" slack="1"/>
<pin id="432" dir="1" index="1" bw="2" slack="1"/>
</pin_list>
<bind>
<opset="blkYuv_addr "/>
</bind>
</comp>

<comp id="435" class="1005" name="ZplateVerContDelta_val_read_reg_435">
<pin_list>
<pin id="436" dir="0" index="0" bw="16" slack="1"/>
<pin id="437" dir="1" index="1" bw="16" slack="1"/>
</pin_list>
<bind>
<opset="ZplateVerContDelta_val_read "/>
</bind>
</comp>

<comp id="440" class="1005" name="ZplateVerContStart_val_read_reg_440">
<pin_list>
<pin id="441" dir="0" index="0" bw="16" slack="1"/>
<pin id="442" dir="1" index="1" bw="16" slack="1"/>
</pin_list>
<bind>
<opset="ZplateVerContStart_val_read "/>
</bind>
</comp>

<comp id="445" class="1005" name="ZplateHorContDelta_val_read_reg_445">
<pin_list>
<pin id="446" dir="0" index="0" bw="16" slack="1"/>
<pin id="447" dir="1" index="1" bw="16" slack="1"/>
</pin_list>
<bind>
<opset="ZplateHorContDelta_val_read "/>
</bind>
</comp>

<comp id="450" class="1005" name="ZplateHorContStart_val_read_reg_450">
<pin_list>
<pin id="451" dir="0" index="0" bw="16" slack="1"/>
<pin id="452" dir="1" index="1" bw="16" slack="1"/>
</pin_list>
<bind>
<opset="ZplateHorContStart_val_read "/>
</bind>
</comp>

<comp id="455" class="1005" name="patternId_val_read_reg_455">
<pin_list>
<pin id="456" dir="0" index="0" bw="8" slack="1"/>
<pin id="457" dir="1" index="1" bw="8" slack="1"/>
</pin_list>
<bind>
<opset="patternId_val_read "/>
</bind>
</comp>

<comp id="463" class="1005" name="shl_i_reg_463">
<pin_list>
<pin id="464" dir="0" index="0" bw="16" slack="1"/>
<pin id="465" dir="1" index="1" bw="16" slack="1"/>
</pin_list>
<bind>
<opset="shl_i "/>
</bind>
</comp>

<comp id="468" class="1005" name="blkYuv_load_reg_468">
<pin_list>
<pin id="469" dir="0" index="0" bw="8" slack="1"/>
<pin id="470" dir="1" index="1" bw="8" slack="1"/>
</pin_list>
<bind>
<opset="blkYuv_load "/>
</bind>
</comp>

<comp id="473" class="1005" name="y_3_reg_473">
<pin_list>
<pin id="474" dir="0" index="0" bw="16" slack="1"/>
<pin id="475" dir="1" index="1" bw="16" slack="1"/>
</pin_list>
<bind>
<opset="y_3 "/>
</bind>
</comp>

<comp id="481" class="1005" name="cmp12_i_reg_481">
<pin_list>
<pin id="482" dir="0" index="0" bw="1" slack="1"/>
<pin id="483" dir="1" index="1" bw="1" slack="1"/>
</pin_list>
<bind>
<opset="cmp12_i "/>
</bind>
</comp>

</comp_list>

<net_list>
<net id="109"><net_src comp="44" pin="0"/><net_sink comp="106" pin=0"/></net>

<net id="113"><net_src comp="44" pin="0"/><net_sink comp="110" pin=0"/></net>

<net id="117"><net_src comp="44" pin="0"/><net_sink comp="114" pin=0"/></net>

<net id="121"><net_src comp="44" pin="0"/><net_sink comp="118" pin=0"/></net>

<net id="125"><net_src comp="44" pin="0"/><net_sink comp="122" pin=0"/></net>

<net id="129"><net_src comp="44" pin="0"/><net_sink comp="126" pin=0"/></net>

<net id="133"><net_src comp="44" pin="0"/><net_sink comp="130" pin=0"/></net>

<net id="137"><net_src comp="44" pin="0"/><net_sink comp="134" pin=0"/></net>

<net id="142"><net_src comp="46" pin="0"/><net_sink comp="138" pin=0"/></net>

<net id="143"><net_src comp="16" pin="0"/><net_sink comp="138" pin=1"/></net>

<net id="148"><net_src comp="46" pin="0"/><net_sink comp="144" pin=0"/></net>

<net id="149"><net_src comp="14" pin="0"/><net_sink comp="144" pin=1"/></net>

<net id="154"><net_src comp="48" pin="0"/><net_sink comp="150" pin=0"/></net>

<net id="155"><net_src comp="2" pin="0"/><net_sink comp="150" pin=1"/></net>

<net id="160"><net_src comp="48" pin="0"/><net_sink comp="156" pin=0"/></net>

<net id="161"><net_src comp="0" pin="0"/><net_sink comp="156" pin=1"/></net>

<net id="167"><net_src comp="50" pin="0"/><net_sink comp="162" pin=0"/></net>

<net id="168"><net_src comp="26" pin="0"/><net_sink comp="162" pin=1"/></net>

<net id="169"><net_src comp="138" pin="2"/><net_sink comp="162" pin=2"/></net>

<net id="175"><net_src comp="50" pin="0"/><net_sink comp="170" pin=0"/></net>

<net id="176"><net_src comp="24" pin="0"/><net_sink comp="170" pin=1"/></net>

<net id="177"><net_src comp="144" pin="2"/><net_sink comp="170" pin=2"/></net>

<net id="183"><net_src comp="52" pin="0"/><net_sink comp="178" pin=0"/></net>

<net id="184"><net_src comp="22" pin="0"/><net_sink comp="178" pin=1"/></net>

<net id="185"><net_src comp="150" pin="2"/><net_sink comp="178" pin=2"/></net>

<net id="191"><net_src comp="52" pin="0"/><net_sink comp="186" pin=0"/></net>

<net id="192"><net_src comp="20" pin="0"/><net_sink comp="186" pin=1"/></net>

<net id="193"><net_src comp="156" pin="2"/><net_sink comp="186" pin=2"/></net>

<net id="198"><net_src comp="48" pin="0"/><net_sink comp="194" pin=0"/></net>

<net id="199"><net_src comp="12" pin="0"/><net_sink comp="194" pin=1"/></net>

<net id="204"><net_src comp="48" pin="0"/><net_sink comp="200" pin=0"/></net>

<net id="205"><net_src comp="10" pin="0"/><net_sink comp="200" pin=1"/></net>

<net id="210"><net_src comp="48" pin="0"/><net_sink comp="206" pin=0"/></net>

<net id="211"><net_src comp="8" pin="0"/><net_sink comp="206" pin=1"/></net>

<net id="216"><net_src comp="48" pin="0"/><net_sink comp="212" pin=0"/></net>

<net id="217"><net_src comp="6" pin="0"/><net_sink comp="212" pin=1"/></net>

<net id="222"><net_src comp="46" pin="0"/><net_sink comp="218" pin=0"/></net>

<net id="223"><net_src comp="4" pin="0"/><net_sink comp="218" pin=1"/></net>

<net id="229"><net_src comp="30" pin="0"/><net_sink comp="224" pin=0"/></net>

<net id="230"><net_src comp="64" pin="0"/><net_sink comp="224" pin=1"/></net>

<net id="236"><net_src comp="224" pin="3"/><net_sink comp="231" pin=0"/></net>

<net id="266"><net_src comp="94" pin="0"/><net_sink comp="237" pin=0"/></net>

<net id="267"><net_src comp="18" pin="0"/><net_sink comp="237" pin=2"/></net>

<net id="268"><net_src comp="34" pin="0"/><net_sink comp="237" pin=21"/></net>

<net id="269"><net_src comp="32" pin="0"/><net_sink comp="237" pin=22"/></net>

<net id="270"><net_src comp="36" pin="0"/><net_sink comp="237" pin=23"/></net>

<net id="271"><net_src comp="38" pin="0"/><net_sink comp="237" pin=24"/></net>

<net id="272"><net_src comp="40" pin="0"/><net_sink comp="237" pin=25"/></net>

<net id="273"><net_src comp="42" pin="0"/><net_sink comp="237" pin=26"/></net>

<net id="280"><net_src comp="54" pin="0"/><net_sink comp="274" pin=0"/></net>

<net id="281"><net_src comp="138" pin="2"/><net_sink comp="274" pin=1"/></net>

<net id="282"><net_src comp="44" pin="0"/><net_sink comp="274" pin=2"/></net>

<net id="283"><net_src comp="56" pin="0"/><net_sink comp="274" pin=3"/></net>

<net id="288"><net_src comp="138" pin="2"/><net_sink comp="284" pin=0"/></net>

<net id="289"><net_src comp="58" pin="0"/><net_sink comp="284" pin=1"/></net>

<net id="295"><net_src comp="284" pin="2"/><net_sink comp="290" pin=0"/></net>

<net id="296"><net_src comp="60" pin="0"/><net_sink comp="290" pin=1"/></net>

<net id="297"><net_src comp="62" pin="0"/><net_sink comp="290" pin=2"/></net>

<net id="298"><net_src comp="290" pin="3"/><net_sink comp="224" pin=2"/></net>

<net id="302"><net_src comp="32" pin="0"/><net_sink comp="299" pin=0"/></net>

<net id="307"><net_src comp="299" pin="1"/><net_sink comp="303" pin=0"/></net>

<net id="312"><net_src comp="66" pin="0"/><net_sink comp="308" pin=0"/></net>

<net id="316"><net_src comp="28" pin="0"/><net_sink comp="313" pin=0"/></net>

<net id="322"><net_src comp="88" pin="0"/><net_sink comp="317" pin=0"/></net>

<net id="323"><net_src comp="313" pin="1"/><net_sink comp="317" pin=1"/></net>

<net id="324"><net_src comp="90" pin="0"/><net_sink comp="317" pin=2"/></net>

<net id="328"><net_src comp="325" pin="1"/><net_sink comp="237" pin=9"/></net>

<net id="333"><net_src comp="325" pin="1"/><net_sink comp="329" pin=0"/></net>

<net id="338"><net_src comp="325" pin="1"/><net_sink comp="334" pin=0"/></net>

<net id="339"><net_src comp="92" pin="0"/><net_sink comp="334" pin=1"/></net>

<net id="344"><net_src comp="325" pin="1"/><net_sink comp="340" pin=0"/></net>

<net id="345"><net_src comp="66" pin="0"/><net_sink comp="340" pin=1"/></net>

<net id="346"><net_src comp="340" pin="2"/><net_sink comp="237" pin=10"/></net>

<net id="351"><net_src comp="334" pin="2"/><net_sink comp="347" pin=0"/></net>

<net id="360"><net_src comp="352" pin="2"/><net_sink comp="356" pin=0"/></net>

<net id="361"><net_src comp="28" pin="0"/><net_sink comp="356" pin=1"/></net>

<net id="365"><net_src comp="106" pin="1"/><net_sink comp="362" pin=0"/></net>

<net id="366"><net_src comp="362" pin="1"/><net_sink comp="308" pin=1"/></net>

<net id="367"><net_src comp="362" pin="1"/><net_sink comp="325" pin=0"/></net>

<net id="368"><net_src comp="362" pin="1"/><net_sink comp="347" pin=1"/></net>

<net id="372"><net_src comp="110" pin="1"/><net_sink comp="369" pin=0"/></net>

<net id="373"><net_src comp="369" pin="1"/><net_sink comp="237" pin=20"/></net>

<net id="377"><net_src comp="114" pin="1"/><net_sink comp="374" pin=0"/></net>

<net id="378"><net_src comp="374" pin="1"/><net_sink comp="237" pin=19"/></net>

<net id="382"><net_src comp="118" pin="1"/><net_sink comp="379" pin=0"/></net>

<net id="383"><net_src comp="379" pin="1"/><net_sink comp="237" pin=18"/></net>

<net id="387"><net_src comp="122" pin="1"/><net_sink comp="384" pin=0"/></net>

<net id="388"><net_src comp="384" pin="1"/><net_sink comp="237" pin=17"/></net>

<net id="392"><net_src comp="126" pin="1"/><net_sink comp="389" pin=0"/></net>

<net id="393"><net_src comp="389" pin="1"/><net_sink comp="237" pin=16"/></net>

<net id="397"><net_src comp="130" pin="1"/><net_sink comp="394" pin=0"/></net>

<net id="398"><net_src comp="394" pin="1"/><net_sink comp="237" pin=15"/></net>

<net id="402"><net_src comp="134" pin="1"/><net_sink comp="399" pin=0"/></net>

<net id="403"><net_src comp="399" pin="1"/><net_sink comp="303" pin=1"/></net>

<net id="404"><net_src comp="399" pin="1"/><net_sink comp="237" pin=14"/></net>

<net id="408"><net_src comp="138" pin="2"/><net_sink comp="405" pin=0"/></net>

<net id="409"><net_src comp="405" pin="1"/><net_sink comp="237" pin=12"/></net>

<net id="413"><net_src comp="144" pin="2"/><net_sink comp="410" pin=0"/></net>

<net id="414"><net_src comp="410" pin="1"/><net_sink comp="352" pin=1"/></net>

<net id="418"><net_src comp="150" pin="2"/><net_sink comp="415" pin=0"/></net>

<net id="419"><net_src comp="415" pin="1"/><net_sink comp="237" pin=1"/></net>

<net id="423"><net_src comp="156" pin="2"/><net_sink comp="420" pin=0"/></net>

<net id="424"><net_src comp="420" pin="1"/><net_sink comp="329" pin=1"/></net>

<net id="428"><net_src comp="274" pin="4"/><net_sink comp="425" pin=0"/></net>

<net id="429"><net_src comp="425" pin="1"/><net_sink comp="237" pin=13"/></net>

<net id="433"><net_src comp="224" pin="3"/><net_sink comp="430" pin=0"/></net>

<net id="434"><net_src comp="430" pin="1"/><net_sink comp="231" pin=0"/></net>

<net id="438"><net_src comp="194" pin="2"/><net_sink comp="435" pin=0"/></net>

<net id="439"><net_src comp="435" pin="1"/><net_sink comp="237" pin=11"/></net>

<net id="443"><net_src comp="200" pin="2"/><net_sink comp="440" pin=0"/></net>

<net id="444"><net_src comp="440" pin="1"/><net_sink comp="237" pin=8"/></net>

<net id="448"><net_src comp="206" pin="2"/><net_sink comp="445" pin=0"/></net>

<net id="449"><net_src comp="445" pin="1"/><net_sink comp="237" pin=7"/></net>

<net id="453"><net_src comp="212" pin="2"/><net_sink comp="450" pin=0"/></net>

<net id="454"><net_src comp="450" pin="1"/><net_sink comp="237" pin=6"/></net>

<net id="458"><net_src comp="218" pin="2"/><net_sink comp="455" pin=0"/></net>

<net id="459"><net_src comp="455" pin="1"/><net_sink comp="237" pin=3"/></net>

<net id="466"><net_src comp="317" pin="3"/><net_sink comp="463" pin=0"/></net>

<net id="467"><net_src comp="463" pin="1"/><net_sink comp="237" pin=5"/></net>

<net id="471"><net_src comp="231" pin="3"/><net_sink comp="468" pin=0"/></net>

<net id="472"><net_src comp="468" pin="1"/><net_sink comp="237" pin=4"/></net>

<net id="476"><net_src comp="325" pin="1"/><net_sink comp="473" pin=0"/></net>

<net id="477"><net_src comp="473" pin="1"/><net_sink comp="237" pin=9"/></net>

<net id="484"><net_src comp="340" pin="2"/><net_sink comp="481" pin=0"/></net>

<net id="485"><net_src comp="481" pin="1"/><net_sink comp="237" pin=10"/></net>

</net_list>

</model> 
---------------- Datapath Model END ------------------

* FSMD analyzer results:
  - Output states:
	Port: bckgndYUV | {3 4 }
	Port: height_val4_c3 | {1 }
	Port: width_val7_c4 | {1 }
	Port: motionSpeed_val14_c | {1 }
	Port: colorFormat_val17_c5 | {1 }
	Port: rampStart | {3 }
	Port: zonePlateVAddr | {3 4 }
	Port: zonePlateVDelta | {3 4 }
	Port: rSerie | {3 4 }
	Port: gSerie | {3 4 }
	Port: bSerie | {3 4 }
 - Input state : 
	Port: tpgBackground : height_val | {1 }
	Port: tpgBackground : width_val | {1 }
	Port: tpgBackground : patternId_val | {2 }
	Port: tpgBackground : ZplateHorContStart_val | {2 }
	Port: tpgBackground : ZplateHorContDelta_val | {2 }
	Port: tpgBackground : ZplateVerContStart_val | {2 }
	Port: tpgBackground : ZplateVerContDelta_val | {2 }
	Port: tpgBackground : motionSpeed_val | {1 }
	Port: tpgBackground : colorFormat_val | {1 }
	Port: tpgBackground : rampStart | {2 }
	Port: tpgBackground : blkYuv | {1 2 }
	Port: tpgBackground : zonePlateVAddr | {1 }
	Port: tpgBackground : tpgSinTableArray | {3 4 }
	Port: tpgBackground : zonePlateVDelta | {3 4 }
	Port: tpgBackground : rSerie | {3 4 }
	Port: tpgBackground : gSerie | {3 4 }
	Port: tpgBackground : bSerie | {3 4 }
  - Chain level:
	State 1
		idxprom13_1_i186_cast_cast_cast : 1
		blkYuv_addr : 2
		blkYuv_load : 3
		store_ln1341 : 1
		store_ln549 : 1
	State 2
		shl_i : 1
	State 3
		icmp_ln563 : 1
		y_4 : 1
		br_ln563 : 2
		cmp12_i : 1
		call_ln1206 : 2
		store_ln549 : 2
		store_ln750 : 1
	State 4


============================================================
+ Verbose Summary: Datapath Resource usage 
============================================================

* Functional unit list:
|----------|----------------------------------------------------|---------|---------|---------|---------|
| Operation|                   Functional Unit                  |   DSP   |  Delay  |    FF   |   LUT   |
|----------|----------------------------------------------------|---------|---------|---------|---------|
|   call   | grp_tpgBackground_Pipeline_VITIS_LOOP_565_2_fu_237 |    6    |  2.611  |   341   |   488   |
|----------|----------------------------------------------------|---------|---------|---------|---------|
|          |                  cmp6_i182_fu_284                  |    0    |    0    |    0    |    15   |
|   icmp   |                  icmp_ln563_fu_329                 |    0    |    0    |    0    |    23   |
|          |                   cmp12_i_fu_340                   |    0    |    0    |    0    |    23   |
|----------|----------------------------------------------------|---------|---------|---------|---------|
|    add   |                     y_4_fu_334                     |    0    |    0    |    0    |    23   |
|          |                  add_ln750_fu_352                  |    0    |    0    |    0    |    15   |
|----------|----------------------------------------------------|---------|---------|---------|---------|
|  select  |       idxprom13_1_i186_cast_cast_cast_fu_290       |    0    |    0    |    0    |    3    |
|----------|----------------------------------------------------|---------|---------|---------|---------|
|          |          colorFormat_val_read_read_fu_138          |    0    |    0    |    0    |    0    |
|          |          motionSpeed_val_read_read_fu_144          |    0    |    0    |    0    |    0    |
|          |             width_val_read_read_fu_150             |    0    |    0    |    0    |    0    |
|          |             height_val_read_read_fu_156            |    0    |    0    |    0    |    0    |
|   read   |       ZplateVerContDelta_val_read_read_fu_194      |    0    |    0    |    0    |    0    |
|          |       ZplateVerContStart_val_read_read_fu_200      |    0    |    0    |    0    |    0    |
|          |       ZplateHorContDelta_val_read_read_fu_206      |    0    |    0    |    0    |    0    |
|          |       ZplateHorContStart_val_read_read_fu_212      |    0    |    0    |    0    |    0    |
|          |           patternId_val_read_read_fu_218           |    0    |    0    |    0    |    0    |
|----------|----------------------------------------------------|---------|---------|---------|---------|
|          |               write_ln0_write_fu_162               |    0    |    0    |    0    |    0    |
|   write  |               write_ln0_write_fu_170               |    0    |    0    |    0    |    0    |
|          |               write_ln0_write_fu_178               |    0    |    0    |    0    |    0    |
|          |               write_ln0_write_fu_186               |    0    |    0    |    0    |    0    |
|----------|----------------------------------------------------|---------|---------|---------|---------|
|partselect|                     tmp_fu_274                     |    0    |    0    |    0    |    0    |
|----------|----------------------------------------------------|---------|---------|---------|---------|
|bitconcatenate|                    shl_i_fu_317                    |    0    |    0    |    0    |    0    |
|----------|----------------------------------------------------|---------|---------|---------|---------|
|   Total  |                                                    |    6    |  2.611  |   341   |   590   |
|----------|----------------------------------------------------|---------|---------|---------|---------|

Memories:
N/A

* Register list:
+-----------------------------------------+--------+
|                                         |   FF   |
+-----------------------------------------+--------+
|   ZplateHorContDelta_val_read_reg_445   |   16   |
|   ZplateHorContStart_val_read_reg_450   |   16   |
|   ZplateVerContDelta_val_read_reg_435   |   16   |
|   ZplateVerContStart_val_read_reg_440   |   16   |
|           blkYuv_addr_reg_430           |    2   |
|           blkYuv_load_reg_468           |    8   |
|             cmp12_i_reg_481             |    1   |
|       colorFormat_val_read_reg_405      |    8   |
|         height_val_read_reg_420         |   16   |
|       motionSpeed_val_read_reg_410      |    8   |
|outpix_0_0_0_0_0_load321_lcssa334_reg_369|    8   |
|outpix_0_1_0_0_0_load323_lcssa337_reg_374|    8   |
|outpix_0_2_0_0_0_load325_lcssa340_reg_379|    8   |
|outpix_0_3_0_0_0_load327_lcssa343_reg_384|    8   |
|outpix_0_4_0_0_0_load329_lcssa346_reg_389|    8   |
|outpix_0_5_0_0_0_load331_lcssa349_reg_394|    8   |
|        patternId_val_read_reg_455       |    8   |
|              shl_i_reg_463              |   16   |
|               tmp_reg_425               |    7   |
|          width_val_read_reg_415         |   16   |
|               y_3_reg_473               |   16   |
|                y_reg_362                |   16   |
|       zonePlateVAddr_loc_0_reg_399      |   16   |
+-----------------------------------------+--------+
|                  Total                  |   250  |
+-----------------------------------------+--------+

* Multiplexer (MUX) list: 
|----------------------------------------------------|------|------|------|--------||---------||---------||---------|
|                        Comp                        |  Pin | Size |  BW  | S x BW ||  Delay  ||    FF   ||   LUT   |
|----------------------------------------------------|------|------|------|--------||---------||---------||---------|
|                  grp_access_fu_231                 |  p0  |   2  |   2  |    4   ||    0    ||    9    |
| grp_tpgBackground_Pipeline_VITIS_LOOP_565_2_fu_237 |  p9  |   2  |  16  |   32   ||    0    ||    9    |
| grp_tpgBackground_Pipeline_VITIS_LOOP_565_2_fu_237 |  p10 |   2  |   1  |    2   ||    0    ||    9    |
|----------------------------------------------------|------|------|------|--------||---------||---------||---------|
|                        Total                       |      |      |      |   38   ||  1.281  ||    0    ||    27   |
|----------------------------------------------------|------|------|------|--------||---------||---------||---------|



* Summary:
+-----------+--------+--------+--------+--------+
|           |   DSP  |  Delay |   FF   |   LUT  |
+-----------+--------+--------+--------+--------+
|  Function |    6   |    2   |   341  |   590  |
|   Memory  |    -   |    -   |    -   |    -   |
|Multiplexer|    -   |    1   |    0   |   27   |
|  Register |    -   |    -   |   250  |    -   |
+-----------+--------+--------+--------+--------+
|   Total   |    6   |    3   |   591  |   617  |
+-----------+--------+--------+--------+--------+
