

================================================================
== Vitis HLS Report for 'tpgForeground_Pipeline_VITIS_LOOP_774_2'
================================================================
* Date:           Mon Apr 27 12:25:03 2026

* Version:        2024.2 (Build 5238294 on Nov  8 2024)
* Project:        prj
* Solution:       sol (Vivado IP Flow Target)
* Product family: zynquplus
* Target device:  xck26-sfvc784-2LV-c


================================================================
== Performance Estimates
================================================================
+ Timing: 
    * Summary: 
    +--------+---------+----------+------------+
    |  Clock |  Target | Estimated| Uncertainty|
    +--------+---------+----------+------------+
    |ap_clk  |  6.67 ns|  2.673 ns|     1.80 ns|
    +--------+---------+----------+------------+

+ Latency: 
    * Summary: 
    +---------+---------+-----------+----------+-----+-------+------------------------------------------------+
    |  Latency (cycles) |  Latency (absolute)  |   Interval  |                    Pipeline                    |
    |   min   |   max   |    min    |    max   | min |  max  |                      Type                      |
    +---------+---------+-----------+----------+-----+-------+------------------------------------------------+
    |        4|    32771|  26.668 ns|  0.218 ms|    2|  32769|  loop auto-rewind stp (delay=0 clock cycles(s))|
    +---------+---------+-----------+----------+-----+-------+------------------------------------------------+

    + Detail: 
        * Instance: 
        N/A

        * Loop: 
        +--------------------+---------+---------+----------+-----------+-----------+-----------+----------+
        |                    |  Latency (cycles) | Iteration|  Initiation Interval  |    Trip   |          |
        |      Loop Name     |   min   |   max   |  Latency |  achieved |   target  |   Count   | Pipelined|
        +--------------------+---------+---------+----------+-----------+-----------+-----------+----------+
        |- VITIS_LOOP_774_2  |        2|    32769|         3|          1|          1|  1 ~ 32768|       yes|
        +--------------------+---------+---------+----------+-----------+-----------+-----------+----------+

============================================================
+ Verbose Summary: Synthesis Manager
============================================================
InlineROM: 1
ExposeGlobal: 0
============================================================
+ Verbose Summary: CDFG Model
============================================================
IsTopModel: 0
ResetActiveHigh: 1
IsCombinational: 0
IsDatapathOnly: 0
HasWiredReturn: 1
HasMFsm: 2
HasVarLatency: 1
IsPipeline: 0
IsRtlPipelined: 0
IsInstanceOverlapped: 0
IsDontTouch: 0
HasImplIP: 0
IsGatedGlobalClock: 0

+ Individual pipeline summary: 
  * Pipeline-0: initiation interval (II) = 1, depth = 3


============================================================
+ Verbose Summary: Schedule
============================================================
* Number of FSM states : 3
* Pipeline : 1
  Pipeline-0 : II = 1, D = 3, States = { 1 2 3 }
* Dataflow Pipeline: 0

* FSM state transitions: 
1 --> 2 
2 --> 3 
3 --> 

* FSM state operations: 

State 1 <SV = 0> <Delay = 1.71>
ST_1 : Operation 6 [1/1] (0.00ns)   --->   "%x = alloca i32 1" [/home/izaan/GitRepos/dpdma_exdes/vivado_quad_vmix/kv260_quad_vmix_dp.runs/bd_quad_vmix_dp_v_tpg_4_0_synth_1/prj/sol/.autopilot/db/v_tpg.cpp:1956->/home/izaan/GitRepos/dpdma_exdes/vivado_quad_vmix/kv260_quad_vmix_dp.runs/bd_quad_vmix_dp_v_tpg_4_0_synth_1/prj/sol/.autopilot/db/v_tpg.cpp:793]   --->   Operation 6 'alloca' 'x' <Predicate = true> <Delay = 0.00>
ST_1 : Operation 7 [1/1] (0.00ns)   --->   "%tmp_2 = read i1 @_ssdm_op_Read.ap_auto.i1, i1 %empty"   --->   Operation 7 'read' 'tmp_2' <Predicate = true> <Delay = 0.00>
ST_1 : Operation 8 [1/1] (0.00ns)   --->   "%tmp_3 = read i1 @_ssdm_op_Read.ap_auto.i1, i1 %empty_37"   --->   Operation 8 'read' 'tmp_3' <Predicate = true> <Delay = 0.00>
ST_1 : Operation 9 [1/1] (0.00ns)   --->   "%tmp_4 = read i1 @_ssdm_op_Read.ap_auto.i1, i1 %empty_36"   --->   Operation 9 'read' 'tmp_4' <Predicate = true> <Delay = 0.00>
ST_1 : Operation 10 [1/1] (0.00ns)   --->   "%cmp11_i_read = read i1 @_ssdm_op_Read.ap_auto.i1, i1 %cmp11_i"   --->   Operation 10 'read' 'cmp11_i_read' <Predicate = true> <Delay = 0.00>
ST_1 : Operation 11 [1/1] (0.00ns)   --->   "%maskId_read = read i8 @_ssdm_op_Read.ap_auto.i8, i8 %maskId"   --->   Operation 11 'read' 'maskId_read' <Predicate = true> <Delay = 0.00>
ST_1 : Operation 12 [1/1] (0.00ns)   --->   "%color_read = read i8 @_ssdm_op_Read.ap_auto.i8, i8 %color"   --->   Operation 12 'read' 'color_read' <Predicate = true> <Delay = 0.00>
ST_1 : Operation 13 [1/1] (0.00ns)   --->   "%whiYuv_load_read = read i8 @_ssdm_op_Read.ap_auto.i8, i8 %whiYuv_load"   --->   Operation 13 'read' 'whiYuv_load_read' <Predicate = true> <Delay = 0.00>
ST_1 : Operation 14 [1/1] (0.00ns)   --->   "%crossHairX_read = read i16 @_ssdm_op_Read.ap_auto.i16, i16 %crossHairX"   --->   Operation 14 'read' 'crossHairX_read' <Predicate = true> <Delay = 0.00>
ST_1 : Operation 15 [1/1] (0.00ns)   --->   "%cmp2_i_read = read i1 @_ssdm_op_Read.ap_auto.i1, i1 %cmp2_i"   --->   Operation 15 'read' 'cmp2_i_read' <Predicate = true> <Delay = 0.00>
ST_1 : Operation 16 [1/1] (0.00ns)   --->   "%crossHairX_val_cast_read = read i16 @_ssdm_op_Read.ap_auto.i16, i16 %crossHairX_val_cast"   --->   Operation 16 'read' 'crossHairX_val_cast_read' <Predicate = true> <Delay = 0.00>
ST_1 : Operation 17 [1/1] (0.00ns)   --->   "%zext_ln1974_read = read i9 @_ssdm_op_Read.ap_auto.i9, i9 %zext_ln1974"   --->   Operation 17 'read' 'zext_ln1974_read' <Predicate = true> <Delay = 0.00>
ST_1 : Operation 18 [1/1] (0.00ns)   --->   "%hMax_read = read i16 @_ssdm_op_Read.ap_auto.i16, i16 %hMax"   --->   Operation 18 'read' 'hMax_read' <Predicate = true> <Delay = 0.00>
ST_1 : Operation 19 [1/1] (0.00ns)   --->   "%motionSpeed_read = read i8 @_ssdm_op_Read.ap_auto.i8, i8 %motionSpeed"   --->   Operation 19 'read' 'motionSpeed_read' <Predicate = true> <Delay = 0.00>
ST_1 : Operation 20 [1/1] (0.00ns)   --->   "%vMax_read = read i16 @_ssdm_op_Read.ap_auto.i16, i16 %vMax"   --->   Operation 20 'read' 'vMax_read' <Predicate = true> <Delay = 0.00>
ST_1 : Operation 21 [1/1] (0.00ns)   --->   "%pixOut_18_read = read i8 @_ssdm_op_Read.ap_auto.i8, i8 %pixOut_18"   --->   Operation 21 'read' 'pixOut_18_read' <Predicate = true> <Delay = 0.00>
ST_1 : Operation 22 [1/1] (0.00ns)   --->   "%boxColorR_read = read i8 @_ssdm_op_Read.ap_auto.i8, i8 %boxColorR"   --->   Operation 22 'read' 'boxColorR_read' <Predicate = true> <Delay = 0.00>
ST_1 : Operation 23 [1/1] (0.00ns)   --->   "%boxColorG_read = read i8 @_ssdm_op_Read.ap_auto.i8, i8 %boxColorG"   --->   Operation 23 'read' 'boxColorG_read' <Predicate = true> <Delay = 0.00>
ST_1 : Operation 24 [1/1] (0.00ns)   --->   "%boxColorB_read = read i8 @_ssdm_op_Read.ap_auto.i8, i8 %boxColorB"   --->   Operation 24 'read' 'boxColorB_read' <Predicate = true> <Delay = 0.00>
ST_1 : Operation 25 [1/1] (0.00ns)   --->   "%y_read = read i16 @_ssdm_op_Read.ap_auto.i16, i16 %y"   --->   Operation 25 'read' 'y_read' <Predicate = true> <Delay = 0.00>
ST_1 : Operation 26 [1/1] (0.00ns)   --->   "%boxSize_read = read i16 @_ssdm_op_Read.ap_auto.i16, i16 %boxSize"   --->   Operation 26 'read' 'boxSize_read' <Predicate = true> <Delay = 0.00>
ST_1 : Operation 27 [1/1] (0.00ns)   --->   "%patternId_val_load_read = read i8 @_ssdm_op_Read.ap_auto.i8, i8 %patternId_val_load"   --->   Operation 27 'read' 'patternId_val_load_read' <Predicate = true> <Delay = 0.00>
ST_1 : Operation 28 [1/1] (0.00ns)   --->   "%conv2_i_i_i_read = read i8 @_ssdm_op_Read.ap_auto.i8, i8 %conv2_i_i_i"   --->   Operation 28 'read' 'conv2_i_i_i_read' <Predicate = true> <Delay = 0.00>
ST_1 : Operation 29 [1/1] (0.00ns)   --->   "%width_val_cast_read = read i16 @_ssdm_op_Read.ap_auto.i16, i16 %width_val_cast"   --->   Operation 29 'read' 'width_val_cast_read' <Predicate = true> <Delay = 0.00>
ST_1 : Operation 30 [1/1] (0.00ns)   --->   "%crossHairX_val_cast_cast = zext i16 %crossHairX_val_cast_read"   --->   Operation 30 'zext' 'crossHairX_val_cast_cast' <Predicate = true> <Delay = 0.00>
ST_1 : Operation 31 [1/1] (0.00ns)   --->   "%zext_ln1974_cast = zext i9 %zext_ln1974_read"   --->   Operation 31 'zext' 'zext_ln1974_cast' <Predicate = true> <Delay = 0.00>
ST_1 : Operation 32 [1/1] (0.00ns)   --->   "%motionSpeed_cast = zext i8 %motionSpeed_read"   --->   Operation 32 'zext' 'motionSpeed_cast' <Predicate = true> <Delay = 0.00>
ST_1 : Operation 33 [1/1] (0.00ns)   --->   "%width_val_cast_cast = zext i16 %width_val_cast_read"   --->   Operation 33 'zext' 'width_val_cast_cast' <Predicate = true> <Delay = 0.00>
ST_1 : Operation 34 [1/1] (0.00ns)   --->   "%specinterface_ln0 = specinterface void @_ssdm_op_SpecInterface, i48 %bckgndYUV, void @empty_21, i32 0, i32 0, void @empty_9, i32 0, i32 0, void @empty_9, void @empty_9, void @empty_9, i32 0, i32 0, i32 0, i32 0, void @empty_9, void @empty_9, i32 4294967295, i32 0, i32 0"   --->   Operation 34 'specinterface' 'specinterface_ln0' <Predicate = true> <Delay = 0.00>
ST_1 : Operation 35 [1/1] (0.00ns)   --->   "%specinterface_ln0 = specinterface void @_ssdm_op_SpecInterface, i48 %ovrlayYUV, void @empty_21, i32 0, i32 0, void @empty_9, i32 0, i32 0, void @empty_9, void @empty_9, void @empty_9, i32 0, i32 0, i32 0, i32 0, void @empty_9, void @empty_9, i32 4294967295, i32 0, i32 0"   --->   Operation 35 'specinterface' 'specinterface_ln0' <Predicate = true> <Delay = 0.00>
ST_1 : Operation 36 [1/1] (0.76ns)   --->   "%cmp11_i7 = icmp_eq  i8 %color_read, i8 0"   --->   Operation 36 'icmp' 'cmp11_i7' <Predicate = true> <Delay = 0.76> <CoreInst = "Cmp">   --->   Core 9 'Cmp' <Latency = 0> <II = 1> <Delay = 0.76> <FuncUnit> <Opcode : 'seteq' 'setne' 'setle' 'setge' 'setlt' 'setgt'> <InPorts = 2> <OutPorts = 1>
ST_1 : Operation 37 [1/1] (0.76ns)   --->   "%tobool = icmp_eq  i8 %maskId_read, i8 0"   --->   Operation 37 'icmp' 'tobool' <Predicate = true> <Delay = 0.76> <CoreInst = "Cmp">   --->   Core 9 'Cmp' <Latency = 0> <II = 1> <Delay = 0.76> <FuncUnit> <Opcode : 'seteq' 'setne' 'setle' 'setge' 'setlt' 'setgt'> <InPorts = 2> <OutPorts = 1>
ST_1 : Operation 38 [1/1] (0.28ns)   --->   "%and26_i = and i1 %cmp11_i_read, i1 %tmp_4"   --->   Operation 38 'and' 'and26_i' <Predicate = true> <Delay = 0.28> <CoreInst = "LogicGate">   --->   Core 74 'LogicGate' <Latency = 0> <II = 1> <Delay = 0.28> <FuncUnit> <Opcode : 'and' 'or' 'xor'> <InPorts = 2> <OutPorts = 1>
ST_1 : Operation 39 [1/1] (0.28ns)   --->   "%and10_i = and i1 %cmp11_i_read, i1 %tmp_3"   --->   Operation 39 'and' 'and10_i' <Predicate = true> <Delay = 0.28> <CoreInst = "LogicGate">   --->   Core 74 'LogicGate' <Latency = 0> <II = 1> <Delay = 0.28> <FuncUnit> <Opcode : 'and' 'or' 'xor'> <InPorts = 2> <OutPorts = 1>
ST_1 : Operation 40 [1/1] (0.28ns)   --->   "%and4_i = and i1 %cmp11_i_read, i1 %tmp_2"   --->   Operation 40 'and' 'and4_i' <Predicate = true> <Delay = 0.28> <CoreInst = "LogicGate">   --->   Core 74 'LogicGate' <Latency = 0> <II = 1> <Delay = 0.28> <FuncUnit> <Opcode : 'and' 'or' 'xor'> <InPorts = 2> <OutPorts = 1>
ST_1 : Operation 41 [1/1] (0.42ns)   --->   "%store_ln1956 = store i17 0, i17 %x" [/home/izaan/GitRepos/dpdma_exdes/vivado_quad_vmix/kv260_quad_vmix_dp.runs/bd_quad_vmix_dp_v_tpg_4_0_synth_1/prj/sol/.autopilot/db/v_tpg.cpp:1956->/home/izaan/GitRepos/dpdma_exdes/vivado_quad_vmix/kv260_quad_vmix_dp.runs/bd_quad_vmix_dp_v_tpg_4_0_synth_1/prj/sol/.autopilot/db/v_tpg.cpp:793]   --->   Operation 41 'store' 'store_ln1956' <Predicate = true> <Delay = 0.42>
ST_1 : Operation 42 [1/1] (0.00ns)   --->   "%br_ln774 = br void %for.body6" [/home/izaan/GitRepos/dpdma_exdes/vivado_quad_vmix/kv260_quad_vmix_dp.runs/bd_quad_vmix_dp_v_tpg_4_0_synth_1/prj/sol/.autopilot/db/v_tpg.cpp:774]   --->   Operation 42 'br' 'br_ln774' <Predicate = true> <Delay = 0.00>
ST_1 : Operation 43 [1/1] (0.00ns)   --->   "%x_1 = load i17 %x" [/home/izaan/GitRepos/dpdma_exdes/vivado_quad_vmix/kv260_quad_vmix_dp.runs/bd_quad_vmix_dp_v_tpg_4_0_synth_1/prj/sol/.autopilot/db/v_tpg.cpp:774]   --->   Operation 43 'load' 'x_1' <Predicate = true> <Delay = 0.00>
ST_1 : Operation 44 [1/1] (0.86ns)   --->   "%icmp_ln774 = icmp_ult  i17 %x_1, i17 %width_val_cast_cast" [/home/izaan/GitRepos/dpdma_exdes/vivado_quad_vmix/kv260_quad_vmix_dp.runs/bd_quad_vmix_dp_v_tpg_4_0_synth_1/prj/sol/.autopilot/db/v_tpg.cpp:774]   --->   Operation 44 'icmp' 'icmp_ln774' <Predicate = true> <Delay = 0.86> <CoreInst = "Cmp">   --->   Core 9 'Cmp' <Latency = 0> <II = 1> <Delay = 0.86> <FuncUnit> <Opcode : 'seteq' 'setne' 'setle' 'setge' 'setlt' 'setgt'> <InPorts = 2> <OutPorts = 1>
ST_1 : Operation 45 [1/1] (0.00ns)   --->   "%br_ln774 = br i1 %icmp_ln774, void %for.inc17.loopexit.exitStub, void %for.body6.split" [/home/izaan/GitRepos/dpdma_exdes/vivado_quad_vmix/kv260_quad_vmix_dp.runs/bd_quad_vmix_dp_v_tpg_4_0_synth_1/prj/sol/.autopilot/db/v_tpg.cpp:774]   --->   Operation 45 'br' 'br_ln774' <Predicate = true> <Delay = 0.00>
ST_1 : Operation 46 [1/1] (0.00ns)   --->   "%x_2 = trunc i17 %x_1" [/home/izaan/GitRepos/dpdma_exdes/vivado_quad_vmix/kv260_quad_vmix_dp.runs/bd_quad_vmix_dp_v_tpg_4_0_synth_1/prj/sol/.autopilot/db/v_tpg.cpp:774]   --->   Operation 46 'trunc' 'x_2' <Predicate = (icmp_ln774)> <Delay = 0.00>
ST_1 : Operation 47 [1/1] (0.00ns) (grouped into LUT with out node icmp_ln1884)   --->   "%or_ln1884 = or i16 %x_2, i16 %y_read" [/home/izaan/GitRepos/dpdma_exdes/vivado_quad_vmix/kv260_quad_vmix_dp.runs/bd_quad_vmix_dp_v_tpg_4_0_synth_1/prj/sol/.autopilot/db/v_tpg.cpp:1884->/home/izaan/GitRepos/dpdma_exdes/vivado_quad_vmix/kv260_quad_vmix_dp.runs/bd_quad_vmix_dp_v_tpg_4_0_synth_1/prj/sol/.autopilot/db/v_tpg.cpp:788]   --->   Operation 47 'or' 'or_ln1884' <Predicate = (icmp_ln774 & patternId_val_load_read == 1)> <Delay = 0.00> <CoreInst = "LogicGate">   --->   Core 74 'LogicGate' <Latency = 0> <II = 1> <Delay = 0.18> <FuncUnit> <Opcode : 'and' 'or' 'xor'> <InPorts = 2> <OutPorts = 1>
ST_1 : Operation 48 [1/1] (0.85ns) (out node of the LUT)   --->   "%icmp_ln1884 = icmp_eq  i16 %or_ln1884, i16 0" [/home/izaan/GitRepos/dpdma_exdes/vivado_quad_vmix/kv260_quad_vmix_dp.runs/bd_quad_vmix_dp_v_tpg_4_0_synth_1/prj/sol/.autopilot/db/v_tpg.cpp:1884->/home/izaan/GitRepos/dpdma_exdes/vivado_quad_vmix/kv260_quad_vmix_dp.runs/bd_quad_vmix_dp_v_tpg_4_0_synth_1/prj/sol/.autopilot/db/v_tpg.cpp:788]   --->   Operation 48 'icmp' 'icmp_ln1884' <Predicate = (icmp_ln774 & patternId_val_load_read == 1)> <Delay = 0.85> <CoreInst = "Cmp">   --->   Core 9 'Cmp' <Latency = 0> <II = 1> <Delay = 0.85> <FuncUnit> <Opcode : 'seteq' 'setne' 'setle' 'setge' 'setlt' 'setgt'> <InPorts = 2> <OutPorts = 1>
ST_1 : Operation 49 [1/1] (0.00ns)   --->   "%br_ln1884 = br i1 %icmp_ln1884, void %if.end64.i, void %if.then.i3" [/home/izaan/GitRepos/dpdma_exdes/vivado_quad_vmix/kv260_quad_vmix_dp.runs/bd_quad_vmix_dp_v_tpg_4_0_synth_1/prj/sol/.autopilot/db/v_tpg.cpp:1884->/home/izaan/GitRepos/dpdma_exdes/vivado_quad_vmix/kv260_quad_vmix_dp.runs/bd_quad_vmix_dp_v_tpg_4_0_synth_1/prj/sol/.autopilot/db/v_tpg.cpp:788]   --->   Operation 49 'br' 'br_ln1884' <Predicate = (icmp_ln774 & patternId_val_load_read == 1)> <Delay = 0.00>
ST_1 : Operation 50 [1/1] (0.00ns)   --->   "%boxHCoord_loc_1_out_load = load i16 %boxHCoord_loc_1_out" [/home/izaan/GitRepos/dpdma_exdes/vivado_quad_vmix/kv260_quad_vmix_dp.runs/bd_quad_vmix_dp_v_tpg_4_0_synth_1/prj/sol/.autopilot/db/v_tpg.cpp:1912->/home/izaan/GitRepos/dpdma_exdes/vivado_quad_vmix/kv260_quad_vmix_dp.runs/bd_quad_vmix_dp_v_tpg_4_0_synth_1/prj/sol/.autopilot/db/v_tpg.cpp:788]   --->   Operation 50 'load' 'boxHCoord_loc_1_out_load' <Predicate = (icmp_ln774 & patternId_val_load_read == 1 & icmp_ln1884)> <Delay = 0.00>
ST_1 : Operation 51 [1/1] (0.00ns)   --->   "%hDir_load = load i1 %hDir" [/home/izaan/GitRepos/dpdma_exdes/vivado_quad_vmix/kv260_quad_vmix_dp.runs/bd_quad_vmix_dp_v_tpg_4_0_synth_1/prj/sol/.autopilot/db/v_tpg.cpp:1887->/home/izaan/GitRepos/dpdma_exdes/vivado_quad_vmix/kv260_quad_vmix_dp.runs/bd_quad_vmix_dp_v_tpg_4_0_synth_1/prj/sol/.autopilot/db/v_tpg.cpp:788]   --->   Operation 51 'load' 'hDir_load' <Predicate = (icmp_ln774 & patternId_val_load_read == 1 & icmp_ln1884)> <Delay = 0.00>
ST_1 : Operation 52 [1/1] (0.00ns)   --->   "%vDir_load = load i1 %vDir" [/home/izaan/GitRepos/dpdma_exdes/vivado_quad_vmix/kv260_quad_vmix_dp.runs/bd_quad_vmix_dp_v_tpg_4_0_synth_1/prj/sol/.autopilot/db/v_tpg.cpp:1899->/home/izaan/GitRepos/dpdma_exdes/vivado_quad_vmix/kv260_quad_vmix_dp.runs/bd_quad_vmix_dp_v_tpg_4_0_synth_1/prj/sol/.autopilot/db/v_tpg.cpp:788]   --->   Operation 52 'load' 'vDir_load' <Predicate = (icmp_ln774 & patternId_val_load_read == 1 & icmp_ln1884)> <Delay = 0.00>
ST_1 : Operation 53 [1/1] (0.85ns)   --->   "%sub_ln1914 = sub i16 %boxHCoord_loc_1_out_load, i16 %motionSpeed_cast" [/home/izaan/GitRepos/dpdma_exdes/vivado_quad_vmix/kv260_quad_vmix_dp.runs/bd_quad_vmix_dp_v_tpg_4_0_synth_1/prj/sol/.autopilot/db/v_tpg.cpp:1914->/home/izaan/GitRepos/dpdma_exdes/vivado_quad_vmix/kv260_quad_vmix_dp.runs/bd_quad_vmix_dp_v_tpg_4_0_synth_1/prj/sol/.autopilot/db/v_tpg.cpp:788]   --->   Operation 53 'sub' 'sub_ln1914' <Predicate = (icmp_ln774 & patternId_val_load_read == 1 & icmp_ln1884)> <Delay = 0.85> <CoreInst = "Adder">   --->   Core 1 'Adder' <Latency = 0> <II = 1> <Delay = 0.85> <FuncUnit> <Opcode : 'add' 'sub'> <InPorts = 2> <OutPorts = 1>
ST_1 : Operation 54 [1/1] (0.85ns)   --->   "%add_ln1912 = add i16 %boxHCoord_loc_1_out_load, i16 %motionSpeed_cast" [/home/izaan/GitRepos/dpdma_exdes/vivado_quad_vmix/kv260_quad_vmix_dp.runs/bd_quad_vmix_dp_v_tpg_4_0_synth_1/prj/sol/.autopilot/db/v_tpg.cpp:1912->/home/izaan/GitRepos/dpdma_exdes/vivado_quad_vmix/kv260_quad_vmix_dp.runs/bd_quad_vmix_dp_v_tpg_4_0_synth_1/prj/sol/.autopilot/db/v_tpg.cpp:788]   --->   Operation 54 'add' 'add_ln1912' <Predicate = (icmp_ln774 & patternId_val_load_read == 1 & icmp_ln1884)> <Delay = 0.85> <CoreInst = "Adder">   --->   Core 1 'Adder' <Latency = 0> <II = 1> <Delay = 0.85> <FuncUnit> <Opcode : 'add' 'sub'> <InPorts = 2> <OutPorts = 1>
ST_1 : Operation 55 [1/1] (0.00ns)   --->   "%br_ln1887 = br i1 %hDir_load, void %if.then12.i, void %if.else.i" [/home/izaan/GitRepos/dpdma_exdes/vivado_quad_vmix/kv260_quad_vmix_dp.runs/bd_quad_vmix_dp_v_tpg_4_0_synth_1/prj/sol/.autopilot/db/v_tpg.cpp:1887->/home/izaan/GitRepos/dpdma_exdes/vivado_quad_vmix/kv260_quad_vmix_dp.runs/bd_quad_vmix_dp_v_tpg_4_0_synth_1/prj/sol/.autopilot/db/v_tpg.cpp:788]   --->   Operation 55 'br' 'br_ln1887' <Predicate = (icmp_ln774 & patternId_val_load_read == 1 & icmp_ln1884)> <Delay = 0.00>
ST_1 : Operation 56 [1/1] (0.85ns)   --->   "%icmp_ln1889 = icmp_ugt  i16 %boxHCoord_loc_1_out_load, i16 %hMax_read" [/home/izaan/GitRepos/dpdma_exdes/vivado_quad_vmix/kv260_quad_vmix_dp.runs/bd_quad_vmix_dp_v_tpg_4_0_synth_1/prj/sol/.autopilot/db/v_tpg.cpp:1889->/home/izaan/GitRepos/dpdma_exdes/vivado_quad_vmix/kv260_quad_vmix_dp.runs/bd_quad_vmix_dp_v_tpg_4_0_synth_1/prj/sol/.autopilot/db/v_tpg.cpp:788]   --->   Operation 56 'icmp' 'icmp_ln1889' <Predicate = (icmp_ln774 & patternId_val_load_read == 1 & icmp_ln1884 & !hDir_load)> <Delay = 0.85> <CoreInst = "Cmp">   --->   Core 9 'Cmp' <Latency = 0> <II = 1> <Delay = 0.85> <FuncUnit> <Opcode : 'seteq' 'setne' 'setle' 'setge' 'setlt' 'setgt'> <InPorts = 2> <OutPorts = 1>
ST_1 : Operation 57 [1/1] (0.00ns)   --->   "%br_ln1889 = br i1 %icmp_ln1889, void %if.then12.i._crit_edge, void %if.then16.i" [/home/izaan/GitRepos/dpdma_exdes/vivado_quad_vmix/kv260_quad_vmix_dp.runs/bd_quad_vmix_dp_v_tpg_4_0_synth_1/prj/sol/.autopilot/db/v_tpg.cpp:1889->/home/izaan/GitRepos/dpdma_exdes/vivado_quad_vmix/kv260_quad_vmix_dp.runs/bd_quad_vmix_dp_v_tpg_4_0_synth_1/prj/sol/.autopilot/db/v_tpg.cpp:788]   --->   Operation 57 'br' 'br_ln1889' <Predicate = (icmp_ln774 & patternId_val_load_read == 1 & icmp_ln1884 & !hDir_load)> <Delay = 0.00>
ST_1 : Operation 58 [1/1] (0.42ns)   --->   "%store_ln1890 = store i1 1, i1 %hDir" [/home/izaan/GitRepos/dpdma_exdes/vivado_quad_vmix/kv260_quad_vmix_dp.runs/bd_quad_vmix_dp_v_tpg_4_0_synth_1/prj/sol/.autopilot/db/v_tpg.cpp:1890->/home/izaan/GitRepos/dpdma_exdes/vivado_quad_vmix/kv260_quad_vmix_dp.runs/bd_quad_vmix_dp_v_tpg_4_0_synth_1/prj/sol/.autopilot/db/v_tpg.cpp:788]   --->   Operation 58 'store' 'store_ln1890' <Predicate = (icmp_ln774 & patternId_val_load_read == 1 & icmp_ln1884 & !hDir_load & icmp_ln1889)> <Delay = 0.42>
ST_1 : Operation 59 [1/1] (0.42ns)   --->   "%store_ln1914 = store i16 %sub_ln1914, i16 %boxHCoord_loc_1_out" [/home/izaan/GitRepos/dpdma_exdes/vivado_quad_vmix/kv260_quad_vmix_dp.runs/bd_quad_vmix_dp_v_tpg_4_0_synth_1/prj/sol/.autopilot/db/v_tpg.cpp:1914->/home/izaan/GitRepos/dpdma_exdes/vivado_quad_vmix/kv260_quad_vmix_dp.runs/bd_quad_vmix_dp_v_tpg_4_0_synth_1/prj/sol/.autopilot/db/v_tpg.cpp:788]   --->   Operation 59 'store' 'store_ln1914' <Predicate = (icmp_ln774 & patternId_val_load_read == 1 & icmp_ln1884 & !hDir_load & icmp_ln1889)> <Delay = 0.42>
ST_1 : Operation 60 [1/1] (0.00ns)   --->   "%br_ln1890 = br void %if.end22.i" [/home/izaan/GitRepos/dpdma_exdes/vivado_quad_vmix/kv260_quad_vmix_dp.runs/bd_quad_vmix_dp_v_tpg_4_0_synth_1/prj/sol/.autopilot/db/v_tpg.cpp:1890->/home/izaan/GitRepos/dpdma_exdes/vivado_quad_vmix/kv260_quad_vmix_dp.runs/bd_quad_vmix_dp_v_tpg_4_0_synth_1/prj/sol/.autopilot/db/v_tpg.cpp:788]   --->   Operation 60 'br' 'br_ln1890' <Predicate = (icmp_ln774 & patternId_val_load_read == 1 & icmp_ln1884 & !hDir_load & icmp_ln1889)> <Delay = 0.00>
ST_1 : Operation 61 [1/1] (0.85ns)   --->   "%icmp_ln1894 = icmp_ugt  i16 %zext_ln1974_cast, i16 %boxHCoord_loc_1_out_load" [/home/izaan/GitRepos/dpdma_exdes/vivado_quad_vmix/kv260_quad_vmix_dp.runs/bd_quad_vmix_dp_v_tpg_4_0_synth_1/prj/sol/.autopilot/db/v_tpg.cpp:1894->/home/izaan/GitRepos/dpdma_exdes/vivado_quad_vmix/kv260_quad_vmix_dp.runs/bd_quad_vmix_dp_v_tpg_4_0_synth_1/prj/sol/.autopilot/db/v_tpg.cpp:788]   --->   Operation 61 'icmp' 'icmp_ln1894' <Predicate = (icmp_ln774 & patternId_val_load_read == 1 & icmp_ln1884 & hDir_load)> <Delay = 0.85> <CoreInst = "Cmp">   --->   Core 9 'Cmp' <Latency = 0> <II = 1> <Delay = 0.85> <FuncUnit> <Opcode : 'seteq' 'setne' 'setle' 'setge' 'setlt' 'setgt'> <InPorts = 2> <OutPorts = 1>
ST_1 : Operation 62 [1/1] (0.00ns)   --->   "%br_ln1894 = br i1 %icmp_ln1894, void %if.else.i.if.end22.i_crit_edge, void %if.then20.i" [/home/izaan/GitRepos/dpdma_exdes/vivado_quad_vmix/kv260_quad_vmix_dp.runs/bd_quad_vmix_dp_v_tpg_4_0_synth_1/prj/sol/.autopilot/db/v_tpg.cpp:1894->/home/izaan/GitRepos/dpdma_exdes/vivado_quad_vmix/kv260_quad_vmix_dp.runs/bd_quad_vmix_dp_v_tpg_4_0_synth_1/prj/sol/.autopilot/db/v_tpg.cpp:788]   --->   Operation 62 'br' 'br_ln1894' <Predicate = (icmp_ln774 & patternId_val_load_read == 1 & icmp_ln1884 & hDir_load)> <Delay = 0.00>
ST_1 : Operation 63 [1/1] (0.42ns)   --->   "%store_ln1914 = store i16 %sub_ln1914, i16 %boxHCoord_loc_1_out" [/home/izaan/GitRepos/dpdma_exdes/vivado_quad_vmix/kv260_quad_vmix_dp.runs/bd_quad_vmix_dp_v_tpg_4_0_synth_1/prj/sol/.autopilot/db/v_tpg.cpp:1914->/home/izaan/GitRepos/dpdma_exdes/vivado_quad_vmix/kv260_quad_vmix_dp.runs/bd_quad_vmix_dp_v_tpg_4_0_synth_1/prj/sol/.autopilot/db/v_tpg.cpp:788]   --->   Operation 63 'store' 'store_ln1914' <Predicate = (icmp_ln774 & patternId_val_load_read == 1 & icmp_ln1884 & hDir_load & !icmp_ln1894)> <Delay = 0.42>
ST_1 : Operation 64 [1/1] (0.00ns)   --->   "%br_ln1894 = br void %if.end22.i" [/home/izaan/GitRepos/dpdma_exdes/vivado_quad_vmix/kv260_quad_vmix_dp.runs/bd_quad_vmix_dp_v_tpg_4_0_synth_1/prj/sol/.autopilot/db/v_tpg.cpp:1894->/home/izaan/GitRepos/dpdma_exdes/vivado_quad_vmix/kv260_quad_vmix_dp.runs/bd_quad_vmix_dp_v_tpg_4_0_synth_1/prj/sol/.autopilot/db/v_tpg.cpp:788]   --->   Operation 64 'br' 'br_ln1894' <Predicate = (icmp_ln774 & patternId_val_load_read == 1 & icmp_ln1884 & hDir_load & !icmp_ln1894)> <Delay = 0.00>
ST_1 : Operation 65 [1/1] (0.42ns)   --->   "%store_ln1895 = store i1 0, i1 %hDir" [/home/izaan/GitRepos/dpdma_exdes/vivado_quad_vmix/kv260_quad_vmix_dp.runs/bd_quad_vmix_dp_v_tpg_4_0_synth_1/prj/sol/.autopilot/db/v_tpg.cpp:1895->/home/izaan/GitRepos/dpdma_exdes/vivado_quad_vmix/kv260_quad_vmix_dp.runs/bd_quad_vmix_dp_v_tpg_4_0_synth_1/prj/sol/.autopilot/db/v_tpg.cpp:788]   --->   Operation 65 'store' 'store_ln1895' <Predicate = (icmp_ln774 & patternId_val_load_read == 1 & icmp_ln1884 & hDir_load & icmp_ln1894)> <Delay = 0.42>
ST_1 : Operation 66 [1/1] (0.00ns)   --->   "%br_ln1895 = br void %if.then12.i._crit_edge" [/home/izaan/GitRepos/dpdma_exdes/vivado_quad_vmix/kv260_quad_vmix_dp.runs/bd_quad_vmix_dp_v_tpg_4_0_synth_1/prj/sol/.autopilot/db/v_tpg.cpp:1895->/home/izaan/GitRepos/dpdma_exdes/vivado_quad_vmix/kv260_quad_vmix_dp.runs/bd_quad_vmix_dp_v_tpg_4_0_synth_1/prj/sol/.autopilot/db/v_tpg.cpp:788]   --->   Operation 66 'br' 'br_ln1895' <Predicate = (icmp_ln774 & patternId_val_load_read == 1 & icmp_ln1884 & hDir_load & icmp_ln1894)> <Delay = 0.00>
ST_1 : Operation 67 [1/1] (0.42ns)   --->   "%store_ln1912 = store i16 %add_ln1912, i16 %boxHCoord_loc_1_out" [/home/izaan/GitRepos/dpdma_exdes/vivado_quad_vmix/kv260_quad_vmix_dp.runs/bd_quad_vmix_dp_v_tpg_4_0_synth_1/prj/sol/.autopilot/db/v_tpg.cpp:1912->/home/izaan/GitRepos/dpdma_exdes/vivado_quad_vmix/kv260_quad_vmix_dp.runs/bd_quad_vmix_dp_v_tpg_4_0_synth_1/prj/sol/.autopilot/db/v_tpg.cpp:788]   --->   Operation 67 'store' 'store_ln1912' <Predicate = (icmp_ln774 & patternId_val_load_read == 1 & icmp_ln1884 & hDir_load & icmp_ln1894) | (icmp_ln774 & patternId_val_load_read == 1 & icmp_ln1884 & !hDir_load & !icmp_ln1889)> <Delay = 0.42>
ST_1 : Operation 68 [1/1] (0.00ns)   --->   "%br_ln1911 = br void %if.end22.i" [/home/izaan/GitRepos/dpdma_exdes/vivado_quad_vmix/kv260_quad_vmix_dp.runs/bd_quad_vmix_dp_v_tpg_4_0_synth_1/prj/sol/.autopilot/db/v_tpg.cpp:1911->/home/izaan/GitRepos/dpdma_exdes/vivado_quad_vmix/kv260_quad_vmix_dp.runs/bd_quad_vmix_dp_v_tpg_4_0_synth_1/prj/sol/.autopilot/db/v_tpg.cpp:788]   --->   Operation 68 'br' 'br_ln1911' <Predicate = (icmp_ln774 & patternId_val_load_read == 1 & icmp_ln1884 & hDir_load & icmp_ln1894) | (icmp_ln774 & patternId_val_load_read == 1 & icmp_ln1884 & !hDir_load & !icmp_ln1889)> <Delay = 0.00>
ST_1 : Operation 69 [1/1] (0.00ns)   --->   "%boxVCoord_loc_1_out_load = load i16 %boxVCoord_loc_1_out" [/home/izaan/GitRepos/dpdma_exdes/vivado_quad_vmix/kv260_quad_vmix_dp.runs/bd_quad_vmix_dp_v_tpg_4_0_synth_1/prj/sol/.autopilot/db/v_tpg.cpp:1916->/home/izaan/GitRepos/dpdma_exdes/vivado_quad_vmix/kv260_quad_vmix_dp.runs/bd_quad_vmix_dp_v_tpg_4_0_synth_1/prj/sol/.autopilot/db/v_tpg.cpp:788]   --->   Operation 69 'load' 'boxVCoord_loc_1_out_load' <Predicate = (icmp_ln774 & patternId_val_load_read == 1 & icmp_ln1884)> <Delay = 0.00>
ST_1 : Operation 70 [1/1] (0.85ns)   --->   "%sub_ln1918 = sub i16 %boxVCoord_loc_1_out_load, i16 %motionSpeed_cast" [/home/izaan/GitRepos/dpdma_exdes/vivado_quad_vmix/kv260_quad_vmix_dp.runs/bd_quad_vmix_dp_v_tpg_4_0_synth_1/prj/sol/.autopilot/db/v_tpg.cpp:1918->/home/izaan/GitRepos/dpdma_exdes/vivado_quad_vmix/kv260_quad_vmix_dp.runs/bd_quad_vmix_dp_v_tpg_4_0_synth_1/prj/sol/.autopilot/db/v_tpg.cpp:788]   --->   Operation 70 'sub' 'sub_ln1918' <Predicate = (icmp_ln774 & patternId_val_load_read == 1 & icmp_ln1884)> <Delay = 0.85> <CoreInst = "Adder">   --->   Core 1 'Adder' <Latency = 0> <II = 1> <Delay = 0.85> <FuncUnit> <Opcode : 'add' 'sub'> <InPorts = 2> <OutPorts = 1>
ST_1 : Operation 71 [1/1] (0.85ns)   --->   "%add_ln1916 = add i16 %boxVCoord_loc_1_out_load, i16 %motionSpeed_cast" [/home/izaan/GitRepos/dpdma_exdes/vivado_quad_vmix/kv260_quad_vmix_dp.runs/bd_quad_vmix_dp_v_tpg_4_0_synth_1/prj/sol/.autopilot/db/v_tpg.cpp:1916->/home/izaan/GitRepos/dpdma_exdes/vivado_quad_vmix/kv260_quad_vmix_dp.runs/bd_quad_vmix_dp_v_tpg_4_0_synth_1/prj/sol/.autopilot/db/v_tpg.cpp:788]   --->   Operation 71 'add' 'add_ln1916' <Predicate = (icmp_ln774 & patternId_val_load_read == 1 & icmp_ln1884)> <Delay = 0.85> <CoreInst = "Adder">   --->   Core 1 'Adder' <Latency = 0> <II = 1> <Delay = 0.85> <FuncUnit> <Opcode : 'add' 'sub'> <InPorts = 2> <OutPorts = 1>
ST_1 : Operation 72 [1/1] (0.00ns)   --->   "%br_ln1899 = br i1 %vDir_load, void %if.then25.i, void %if.else31.i" [/home/izaan/GitRepos/dpdma_exdes/vivado_quad_vmix/kv260_quad_vmix_dp.runs/bd_quad_vmix_dp_v_tpg_4_0_synth_1/prj/sol/.autopilot/db/v_tpg.cpp:1899->/home/izaan/GitRepos/dpdma_exdes/vivado_quad_vmix/kv260_quad_vmix_dp.runs/bd_quad_vmix_dp_v_tpg_4_0_synth_1/prj/sol/.autopilot/db/v_tpg.cpp:788]   --->   Operation 72 'br' 'br_ln1899' <Predicate = (icmp_ln774 & patternId_val_load_read == 1 & icmp_ln1884)> <Delay = 0.00>
ST_1 : Operation 73 [1/1] (0.85ns)   --->   "%icmp_ln1901 = icmp_ugt  i16 %boxVCoord_loc_1_out_load, i16 %vMax_read" [/home/izaan/GitRepos/dpdma_exdes/vivado_quad_vmix/kv260_quad_vmix_dp.runs/bd_quad_vmix_dp_v_tpg_4_0_synth_1/prj/sol/.autopilot/db/v_tpg.cpp:1901->/home/izaan/GitRepos/dpdma_exdes/vivado_quad_vmix/kv260_quad_vmix_dp.runs/bd_quad_vmix_dp_v_tpg_4_0_synth_1/prj/sol/.autopilot/db/v_tpg.cpp:788]   --->   Operation 73 'icmp' 'icmp_ln1901' <Predicate = (icmp_ln774 & patternId_val_load_read == 1 & icmp_ln1884 & !vDir_load)> <Delay = 0.85> <CoreInst = "Cmp">   --->   Core 9 'Cmp' <Latency = 0> <II = 1> <Delay = 0.85> <FuncUnit> <Opcode : 'seteq' 'setne' 'setle' 'setge' 'setlt' 'setgt'> <InPorts = 2> <OutPorts = 1>
ST_1 : Operation 74 [1/1] (0.00ns)   --->   "%br_ln1901 = br i1 %icmp_ln1901, void %if.then25.i._crit_edge, void %if.then29.i" [/home/izaan/GitRepos/dpdma_exdes/vivado_quad_vmix/kv260_quad_vmix_dp.runs/bd_quad_vmix_dp_v_tpg_4_0_synth_1/prj/sol/.autopilot/db/v_tpg.cpp:1901->/home/izaan/GitRepos/dpdma_exdes/vivado_quad_vmix/kv260_quad_vmix_dp.runs/bd_quad_vmix_dp_v_tpg_4_0_synth_1/prj/sol/.autopilot/db/v_tpg.cpp:788]   --->   Operation 74 'br' 'br_ln1901' <Predicate = (icmp_ln774 & patternId_val_load_read == 1 & icmp_ln1884 & !vDir_load)> <Delay = 0.00>
ST_1 : Operation 75 [1/1] (0.42ns)   --->   "%store_ln1902 = store i1 1, i1 %vDir" [/home/izaan/GitRepos/dpdma_exdes/vivado_quad_vmix/kv260_quad_vmix_dp.runs/bd_quad_vmix_dp_v_tpg_4_0_synth_1/prj/sol/.autopilot/db/v_tpg.cpp:1902->/home/izaan/GitRepos/dpdma_exdes/vivado_quad_vmix/kv260_quad_vmix_dp.runs/bd_quad_vmix_dp_v_tpg_4_0_synth_1/prj/sol/.autopilot/db/v_tpg.cpp:788]   --->   Operation 75 'store' 'store_ln1902' <Predicate = (icmp_ln774 & patternId_val_load_read == 1 & icmp_ln1884 & !vDir_load & icmp_ln1901)> <Delay = 0.42>
ST_1 : Operation 76 [1/1] (0.00ns)   --->   "%br_ln1902 = br void %if.end38.i" [/home/izaan/GitRepos/dpdma_exdes/vivado_quad_vmix/kv260_quad_vmix_dp.runs/bd_quad_vmix_dp_v_tpg_4_0_synth_1/prj/sol/.autopilot/db/v_tpg.cpp:1902->/home/izaan/GitRepos/dpdma_exdes/vivado_quad_vmix/kv260_quad_vmix_dp.runs/bd_quad_vmix_dp_v_tpg_4_0_synth_1/prj/sol/.autopilot/db/v_tpg.cpp:788]   --->   Operation 76 'br' 'br_ln1902' <Predicate = (icmp_ln774 & patternId_val_load_read == 1 & icmp_ln1884 & !vDir_load & icmp_ln1901)> <Delay = 0.00>
ST_1 : Operation 77 [1/1] (0.85ns)   --->   "%icmp_ln1906 = icmp_ugt  i16 %zext_ln1974_cast, i16 %boxVCoord_loc_1_out_load" [/home/izaan/GitRepos/dpdma_exdes/vivado_quad_vmix/kv260_quad_vmix_dp.runs/bd_quad_vmix_dp_v_tpg_4_0_synth_1/prj/sol/.autopilot/db/v_tpg.cpp:1906->/home/izaan/GitRepos/dpdma_exdes/vivado_quad_vmix/kv260_quad_vmix_dp.runs/bd_quad_vmix_dp_v_tpg_4_0_synth_1/prj/sol/.autopilot/db/v_tpg.cpp:788]   --->   Operation 77 'icmp' 'icmp_ln1906' <Predicate = (icmp_ln774 & patternId_val_load_read == 1 & icmp_ln1884 & vDir_load)> <Delay = 0.85> <CoreInst = "Cmp">   --->   Core 9 'Cmp' <Latency = 0> <II = 1> <Delay = 0.85> <FuncUnit> <Opcode : 'seteq' 'setne' 'setle' 'setge' 'setlt' 'setgt'> <InPorts = 2> <OutPorts = 1>
ST_1 : Operation 78 [1/1] (0.00ns)   --->   "%br_ln1906 = br i1 %icmp_ln1906, void %if.end38.i, void %if.then36.i" [/home/izaan/GitRepos/dpdma_exdes/vivado_quad_vmix/kv260_quad_vmix_dp.runs/bd_quad_vmix_dp_v_tpg_4_0_synth_1/prj/sol/.autopilot/db/v_tpg.cpp:1906->/home/izaan/GitRepos/dpdma_exdes/vivado_quad_vmix/kv260_quad_vmix_dp.runs/bd_quad_vmix_dp_v_tpg_4_0_synth_1/prj/sol/.autopilot/db/v_tpg.cpp:788]   --->   Operation 78 'br' 'br_ln1906' <Predicate = (icmp_ln774 & patternId_val_load_read == 1 & icmp_ln1884 & vDir_load)> <Delay = 0.00>
ST_1 : Operation 79 [1/1] (0.42ns)   --->   "%store_ln1918 = store i16 %sub_ln1918, i16 %boxVCoord_loc_1_out" [/home/izaan/GitRepos/dpdma_exdes/vivado_quad_vmix/kv260_quad_vmix_dp.runs/bd_quad_vmix_dp_v_tpg_4_0_synth_1/prj/sol/.autopilot/db/v_tpg.cpp:1918->/home/izaan/GitRepos/dpdma_exdes/vivado_quad_vmix/kv260_quad_vmix_dp.runs/bd_quad_vmix_dp_v_tpg_4_0_synth_1/prj/sol/.autopilot/db/v_tpg.cpp:788]   --->   Operation 79 'store' 'store_ln1918' <Predicate = (icmp_ln774 & patternId_val_load_read == 1 & icmp_ln1884 & vDir_load & !icmp_ln1906) | (icmp_ln774 & patternId_val_load_read == 1 & icmp_ln1884 & !vDir_load & icmp_ln1901)> <Delay = 0.42>
ST_1 : Operation 80 [1/1] (0.00ns)   --->   "%br_ln1915 = br void" [/home/izaan/GitRepos/dpdma_exdes/vivado_quad_vmix/kv260_quad_vmix_dp.runs/bd_quad_vmix_dp_v_tpg_4_0_synth_1/prj/sol/.autopilot/db/v_tpg.cpp:1915->/home/izaan/GitRepos/dpdma_exdes/vivado_quad_vmix/kv260_quad_vmix_dp.runs/bd_quad_vmix_dp_v_tpg_4_0_synth_1/prj/sol/.autopilot/db/v_tpg.cpp:788]   --->   Operation 80 'br' 'br_ln1915' <Predicate = (icmp_ln774 & patternId_val_load_read == 1 & icmp_ln1884 & vDir_load & !icmp_ln1906) | (icmp_ln774 & patternId_val_load_read == 1 & icmp_ln1884 & !vDir_load & icmp_ln1901)> <Delay = 0.00>
ST_1 : Operation 81 [1/1] (0.42ns)   --->   "%store_ln1907 = store i1 0, i1 %vDir" [/home/izaan/GitRepos/dpdma_exdes/vivado_quad_vmix/kv260_quad_vmix_dp.runs/bd_quad_vmix_dp_v_tpg_4_0_synth_1/prj/sol/.autopilot/db/v_tpg.cpp:1907->/home/izaan/GitRepos/dpdma_exdes/vivado_quad_vmix/kv260_quad_vmix_dp.runs/bd_quad_vmix_dp_v_tpg_4_0_synth_1/prj/sol/.autopilot/db/v_tpg.cpp:788]   --->   Operation 81 'store' 'store_ln1907' <Predicate = (icmp_ln774 & patternId_val_load_read == 1 & icmp_ln1884 & vDir_load & icmp_ln1906)> <Delay = 0.42>
ST_1 : Operation 82 [1/1] (0.00ns)   --->   "%br_ln1907 = br void %if.then25.i._crit_edge" [/home/izaan/GitRepos/dpdma_exdes/vivado_quad_vmix/kv260_quad_vmix_dp.runs/bd_quad_vmix_dp_v_tpg_4_0_synth_1/prj/sol/.autopilot/db/v_tpg.cpp:1907->/home/izaan/GitRepos/dpdma_exdes/vivado_quad_vmix/kv260_quad_vmix_dp.runs/bd_quad_vmix_dp_v_tpg_4_0_synth_1/prj/sol/.autopilot/db/v_tpg.cpp:788]   --->   Operation 82 'br' 'br_ln1907' <Predicate = (icmp_ln774 & patternId_val_load_read == 1 & icmp_ln1884 & vDir_load & icmp_ln1906)> <Delay = 0.00>
ST_1 : Operation 83 [1/1] (0.42ns)   --->   "%store_ln1916 = store i16 %add_ln1916, i16 %boxVCoord_loc_1_out" [/home/izaan/GitRepos/dpdma_exdes/vivado_quad_vmix/kv260_quad_vmix_dp.runs/bd_quad_vmix_dp_v_tpg_4_0_synth_1/prj/sol/.autopilot/db/v_tpg.cpp:1916->/home/izaan/GitRepos/dpdma_exdes/vivado_quad_vmix/kv260_quad_vmix_dp.runs/bd_quad_vmix_dp_v_tpg_4_0_synth_1/prj/sol/.autopilot/db/v_tpg.cpp:788]   --->   Operation 83 'store' 'store_ln1916' <Predicate = (icmp_ln774 & patternId_val_load_read == 1 & icmp_ln1884 & vDir_load & icmp_ln1906) | (icmp_ln774 & patternId_val_load_read == 1 & icmp_ln1884 & !vDir_load & !icmp_ln1901)> <Delay = 0.42>
ST_1 : Operation 84 [1/1] (0.00ns)   --->   "%br_ln1915 = br void" [/home/izaan/GitRepos/dpdma_exdes/vivado_quad_vmix/kv260_quad_vmix_dp.runs/bd_quad_vmix_dp_v_tpg_4_0_synth_1/prj/sol/.autopilot/db/v_tpg.cpp:1915->/home/izaan/GitRepos/dpdma_exdes/vivado_quad_vmix/kv260_quad_vmix_dp.runs/bd_quad_vmix_dp_v_tpg_4_0_synth_1/prj/sol/.autopilot/db/v_tpg.cpp:788]   --->   Operation 84 'br' 'br_ln1915' <Predicate = (icmp_ln774 & patternId_val_load_read == 1 & icmp_ln1884 & vDir_load & icmp_ln1906) | (icmp_ln774 & patternId_val_load_read == 1 & icmp_ln1884 & !vDir_load & !icmp_ln1901)> <Delay = 0.00>
ST_1 : Operation 85 [1/1] (0.00ns)   --->   "%tmp_1 = partselect i15 @_ssdm_op_PartSelect.i15.i17.i32.i32, i17 %x_1, i32 1, i32 15" [/home/izaan/GitRepos/dpdma_exdes/vivado_quad_vmix/kv260_quad_vmix_dp.runs/bd_quad_vmix_dp_v_tpg_4_0_synth_1/prj/sol/.autopilot/db/v_tpg.cpp:1937->/home/izaan/GitRepos/dpdma_exdes/vivado_quad_vmix/kv260_quad_vmix_dp.runs/bd_quad_vmix_dp_v_tpg_4_0_synth_1/prj/sol/.autopilot/db/v_tpg.cpp:788]   --->   Operation 85 'partselect' 'tmp_1' <Predicate = (icmp_ln774 & patternId_val_load_read == 1)> <Delay = 0.00>
ST_1 : Operation 86 [1/1] (0.86ns)   --->   "%icmp_ln1963 = icmp_eq  i17 %x_1, i17 %crossHairX_val_cast_cast" [/home/izaan/GitRepos/dpdma_exdes/vivado_quad_vmix/kv260_quad_vmix_dp.runs/bd_quad_vmix_dp_v_tpg_4_0_synth_1/prj/sol/.autopilot/db/v_tpg.cpp:1963->/home/izaan/GitRepos/dpdma_exdes/vivado_quad_vmix/kv260_quad_vmix_dp.runs/bd_quad_vmix_dp_v_tpg_4_0_synth_1/prj/sol/.autopilot/db/v_tpg.cpp:793]   --->   Operation 86 'icmp' 'icmp_ln1963' <Predicate = (icmp_ln774 & patternId_val_load_read == 2)> <Delay = 0.86> <CoreInst = "Cmp">   --->   Core 9 'Cmp' <Latency = 0> <II = 1> <Delay = 0.86> <FuncUnit> <Opcode : 'seteq' 'setne' 'setle' 'setge' 'setlt' 'setgt'> <InPorts = 2> <OutPorts = 1>
ST_1 : Operation 87 [1/1] (0.28ns)   --->   "%or_ln1963 = or i1 %cmp2_i_read, i1 %icmp_ln1963" [/home/izaan/GitRepos/dpdma_exdes/vivado_quad_vmix/kv260_quad_vmix_dp.runs/bd_quad_vmix_dp_v_tpg_4_0_synth_1/prj/sol/.autopilot/db/v_tpg.cpp:1963->/home/izaan/GitRepos/dpdma_exdes/vivado_quad_vmix/kv260_quad_vmix_dp.runs/bd_quad_vmix_dp_v_tpg_4_0_synth_1/prj/sol/.autopilot/db/v_tpg.cpp:793]   --->   Operation 87 'or' 'or_ln1963' <Predicate = (icmp_ln774 & patternId_val_load_read == 2)> <Delay = 0.28> <CoreInst = "LogicGate">   --->   Core 74 'LogicGate' <Latency = 0> <II = 1> <Delay = 0.28> <FuncUnit> <Opcode : 'and' 'or' 'xor'> <InPorts = 2> <OutPorts = 1>
ST_1 : Operation 88 [1/1] (0.00ns)   --->   "%tmp = partselect i15 @_ssdm_op_PartSelect.i15.i17.i32.i32, i17 %x_1, i32 1, i32 15" [/home/izaan/GitRepos/dpdma_exdes/vivado_quad_vmix/kv260_quad_vmix_dp.runs/bd_quad_vmix_dp_v_tpg_4_0_synth_1/prj/sol/.autopilot/db/v_tpg.cpp:1963->/home/izaan/GitRepos/dpdma_exdes/vivado_quad_vmix/kv260_quad_vmix_dp.runs/bd_quad_vmix_dp_v_tpg_4_0_synth_1/prj/sol/.autopilot/db/v_tpg.cpp:793]   --->   Operation 88 'partselect' 'tmp' <Predicate = (icmp_ln774 & patternId_val_load_read == 2)> <Delay = 0.00>
ST_1 : Operation 89 [1/1] (0.00ns)   --->   "%or_ln1963_1 = bitconcatenate i16 @_ssdm_op_BitConcatenate.i16.i15.i1, i15 %tmp, i1 1" [/home/izaan/GitRepos/dpdma_exdes/vivado_quad_vmix/kv260_quad_vmix_dp.runs/bd_quad_vmix_dp_v_tpg_4_0_synth_1/prj/sol/.autopilot/db/v_tpg.cpp:1963->/home/izaan/GitRepos/dpdma_exdes/vivado_quad_vmix/kv260_quad_vmix_dp.runs/bd_quad_vmix_dp_v_tpg_4_0_synth_1/prj/sol/.autopilot/db/v_tpg.cpp:793]   --->   Operation 89 'bitconcatenate' 'or_ln1963_1' <Predicate = (icmp_ln774 & patternId_val_load_read == 2)> <Delay = 0.00>
ST_1 : Operation 90 [1/1] (0.85ns)   --->   "%icmp_ln1963_1 = icmp_eq  i16 %or_ln1963_1, i16 %crossHairX_read" [/home/izaan/GitRepos/dpdma_exdes/vivado_quad_vmix/kv260_quad_vmix_dp.runs/bd_quad_vmix_dp_v_tpg_4_0_synth_1/prj/sol/.autopilot/db/v_tpg.cpp:1963->/home/izaan/GitRepos/dpdma_exdes/vivado_quad_vmix/kv260_quad_vmix_dp.runs/bd_quad_vmix_dp_v_tpg_4_0_synth_1/prj/sol/.autopilot/db/v_tpg.cpp:793]   --->   Operation 90 'icmp' 'icmp_ln1963_1' <Predicate = (icmp_ln774 & patternId_val_load_read == 2)> <Delay = 0.85> <CoreInst = "Cmp">   --->   Core 9 'Cmp' <Latency = 0> <II = 1> <Delay = 0.85> <FuncUnit> <Opcode : 'seteq' 'setne' 'setle' 'setge' 'setlt' 'setgt'> <InPorts = 2> <OutPorts = 1>
ST_1 : Operation 91 [1/1] (0.28ns)   --->   "%or_ln1963_2 = or i1 %cmp2_i_read, i1 %icmp_ln1963_1" [/home/izaan/GitRepos/dpdma_exdes/vivado_quad_vmix/kv260_quad_vmix_dp.runs/bd_quad_vmix_dp_v_tpg_4_0_synth_1/prj/sol/.autopilot/db/v_tpg.cpp:1963->/home/izaan/GitRepos/dpdma_exdes/vivado_quad_vmix/kv260_quad_vmix_dp.runs/bd_quad_vmix_dp_v_tpg_4_0_synth_1/prj/sol/.autopilot/db/v_tpg.cpp:793]   --->   Operation 91 'or' 'or_ln1963_2' <Predicate = (icmp_ln774 & patternId_val_load_read == 2)> <Delay = 0.28> <CoreInst = "LogicGate">   --->   Core 74 'LogicGate' <Latency = 0> <II = 1> <Delay = 0.28> <FuncUnit> <Opcode : 'and' 'or' 'xor'> <InPorts = 2> <OutPorts = 1>
ST_1 : Operation 92 [1/1] (0.86ns)   --->   "%add_ln774 = add i17 %x_1, i17 2" [/home/izaan/GitRepos/dpdma_exdes/vivado_quad_vmix/kv260_quad_vmix_dp.runs/bd_quad_vmix_dp_v_tpg_4_0_synth_1/prj/sol/.autopilot/db/v_tpg.cpp:774]   --->   Operation 92 'add' 'add_ln774' <Predicate = (icmp_ln774)> <Delay = 0.86> <CoreInst = "Adder">   --->   Core 1 'Adder' <Latency = 0> <II = 1> <Delay = 0.86> <FuncUnit> <Opcode : 'add' 'sub'> <InPorts = 2> <OutPorts = 1>
ST_1 : Operation 93 [1/1] (0.42ns)   --->   "%store_ln1956 = store i17 %add_ln774, i17 %x" [/home/izaan/GitRepos/dpdma_exdes/vivado_quad_vmix/kv260_quad_vmix_dp.runs/bd_quad_vmix_dp_v_tpg_4_0_synth_1/prj/sol/.autopilot/db/v_tpg.cpp:1956->/home/izaan/GitRepos/dpdma_exdes/vivado_quad_vmix/kv260_quad_vmix_dp.runs/bd_quad_vmix_dp_v_tpg_4_0_synth_1/prj/sol/.autopilot/db/v_tpg.cpp:793]   --->   Operation 93 'store' 'store_ln1956' <Predicate = (icmp_ln774)> <Delay = 0.42>

State 2 <SV = 1> <Delay = 2.67>
ST_2 : Operation 94 [1/1] (0.00ns)   --->   "%specpipeline_ln777 = specpipeline void @_ssdm_op_SpecPipeline, i32 1, i32 0, i32 0, i32 0, void @empty_9" [/home/izaan/GitRepos/dpdma_exdes/vivado_quad_vmix/kv260_quad_vmix_dp.runs/bd_quad_vmix_dp_v_tpg_4_0_synth_1/prj/sol/.autopilot/db/v_tpg.cpp:777]   --->   Operation 94 'specpipeline' 'specpipeline_ln777' <Predicate = (icmp_ln774)> <Delay = 0.00>
ST_2 : Operation 95 [1/1] (0.00ns)   --->   "%speclooptripcount_ln763 = speclooptripcount void @_ssdm_op_SpecLoopTripCount, i64 1, i64 32768, i64 16384" [/home/izaan/GitRepos/dpdma_exdes/vivado_quad_vmix/kv260_quad_vmix_dp.runs/bd_quad_vmix_dp_v_tpg_4_0_synth_1/prj/sol/.autopilot/db/v_tpg.cpp:763]   --->   Operation 95 'speclooptripcount' 'speclooptripcount_ln763' <Predicate = (icmp_ln774)> <Delay = 0.00>
ST_2 : Operation 96 [1/1] (0.00ns)   --->   "%specloopname_ln774 = specloopname void @_ssdm_op_SpecLoopName, void @empty_32" [/home/izaan/GitRepos/dpdma_exdes/vivado_quad_vmix/kv260_quad_vmix_dp.runs/bd_quad_vmix_dp_v_tpg_4_0_synth_1/prj/sol/.autopilot/db/v_tpg.cpp:774]   --->   Operation 96 'specloopname' 'specloopname_ln774' <Predicate = (icmp_ln774)> <Delay = 0.00>
ST_2 : Operation 97 [1/1] ( I:2.04ns O:2.04ns )   --->   "%bckgndYUV_read = read i48 @_ssdm_op_Read.ap_fifo.volatile.i48P0A, i48 %bckgndYUV" [/home/izaan/GitRepos/dpdma_exdes/vivado_quad_vmix/kv260_quad_vmix_dp.runs/bd_quad_vmix_dp_v_tpg_4_0_synth_1/prj/sol/.autopilot/db/v_tpg.cpp:778]   --->   Operation 97 'read' 'bckgndYUV_read' <Predicate = (icmp_ln774)> <Delay = 2.04> <CoreInst = "FIFO_SRL">   --->   Core 80 'FIFO_SRL' <Latency = 0> <II = 1> <Delay = 2.04> <Storage> <Opcode : 'read' 'write' 'nbread' 'nbwrite'> <Ports = 0> <Width = 48> <Depth = 16> <FIFO>
ST_2 : Operation 98 [1/1] (0.00ns)   --->   "%pixIn = trunc i48 %bckgndYUV_read" [/home/izaan/GitRepos/dpdma_exdes/vivado_quad_vmix/kv260_quad_vmix_dp.runs/bd_quad_vmix_dp_v_tpg_4_0_synth_1/prj/sol/.autopilot/db/v_tpg.cpp:778]   --->   Operation 98 'trunc' 'pixIn' <Predicate = (icmp_ln774)> <Delay = 0.00>
ST_2 : Operation 99 [1/1] (0.00ns)   --->   "%pixIn_11 = partselect i8 @_ssdm_op_PartSelect.i8.i48.i32.i32, i48 %bckgndYUV_read, i32 8, i32 15" [/home/izaan/GitRepos/dpdma_exdes/vivado_quad_vmix/kv260_quad_vmix_dp.runs/bd_quad_vmix_dp_v_tpg_4_0_synth_1/prj/sol/.autopilot/db/v_tpg.cpp:778]   --->   Operation 99 'partselect' 'pixIn_11' <Predicate = (icmp_ln774)> <Delay = 0.00>
ST_2 : Operation 100 [1/1] (0.00ns)   --->   "%pixIn_12 = partselect i8 @_ssdm_op_PartSelect.i8.i48.i32.i32, i48 %bckgndYUV_read, i32 16, i32 23" [/home/izaan/GitRepos/dpdma_exdes/vivado_quad_vmix/kv260_quad_vmix_dp.runs/bd_quad_vmix_dp_v_tpg_4_0_synth_1/prj/sol/.autopilot/db/v_tpg.cpp:778]   --->   Operation 100 'partselect' 'pixIn_12' <Predicate = (icmp_ln774)> <Delay = 0.00>
ST_2 : Operation 101 [1/1] (0.00ns)   --->   "%pixIn_13 = partselect i8 @_ssdm_op_PartSelect.i8.i48.i32.i32, i48 %bckgndYUV_read, i32 24, i32 31" [/home/izaan/GitRepos/dpdma_exdes/vivado_quad_vmix/kv260_quad_vmix_dp.runs/bd_quad_vmix_dp_v_tpg_4_0_synth_1/prj/sol/.autopilot/db/v_tpg.cpp:778]   --->   Operation 101 'partselect' 'pixIn_13' <Predicate = (icmp_ln774)> <Delay = 0.00>
ST_2 : Operation 102 [1/1] (0.00ns)   --->   "%pixIn_14 = partselect i8 @_ssdm_op_PartSelect.i8.i48.i32.i32, i48 %bckgndYUV_read, i32 32, i32 39" [/home/izaan/GitRepos/dpdma_exdes/vivado_quad_vmix/kv260_quad_vmix_dp.runs/bd_quad_vmix_dp_v_tpg_4_0_synth_1/prj/sol/.autopilot/db/v_tpg.cpp:778]   --->   Operation 102 'partselect' 'pixIn_14' <Predicate = (icmp_ln774)> <Delay = 0.00>
ST_2 : Operation 103 [1/1] (0.00ns)   --->   "%pixIn_15 = partselect i8 @_ssdm_op_PartSelect.i8.i48.i32.i32, i48 %bckgndYUV_read, i32 40, i32 47" [/home/izaan/GitRepos/dpdma_exdes/vivado_quad_vmix/kv260_quad_vmix_dp.runs/bd_quad_vmix_dp_v_tpg_4_0_synth_1/prj/sol/.autopilot/db/v_tpg.cpp:778]   --->   Operation 103 'partselect' 'pixIn_15' <Predicate = (icmp_ln774)> <Delay = 0.00>
ST_2 : Operation 104 [1/1] (0.76ns)   --->   "%switch_ln780 = switch i8 %patternId_val_load_read, void %sw.epilog_ifconv, i8 2, void %sw.bb10, i8 1, void %sw.bb8" [/home/izaan/GitRepos/dpdma_exdes/vivado_quad_vmix/kv260_quad_vmix_dp.runs/bd_quad_vmix_dp_v_tpg_4_0_synth_1/prj/sol/.autopilot/db/v_tpg.cpp:780]   --->   Operation 104 'switch' 'switch_ln780' <Predicate = (icmp_ln774)> <Delay = 0.76>
ST_2 : Operation 105 [1/1] (0.00ns)   --->   "%boxHCoord_loc_1_out_load_1 = load i16 %boxHCoord_loc_1_out"   --->   Operation 105 'load' 'boxHCoord_loc_1_out_load_1' <Predicate = (icmp_ln774 & patternId_val_load_read == 1 & icmp_ln1884)> <Delay = 0.00>
ST_2 : Operation 106 [1/1] (0.00ns)   --->   "%store_ln0 = store i16 %boxHCoord_loc_1_out_load_1, i16 %boxHCoord"   --->   Operation 106 'store' 'store_ln0' <Predicate = (icmp_ln774 & patternId_val_load_read == 1 & icmp_ln1884)> <Delay = 0.00>
ST_2 : Operation 107 [1/1] (0.00ns)   --->   "%boxVCoord_loc_1_out_load_1 = load i16 %boxVCoord_loc_1_out"   --->   Operation 107 'load' 'boxVCoord_loc_1_out_load_1' <Predicate = (patternId_val_load_read == 1 & icmp_ln1884)> <Delay = 0.00>
ST_2 : Operation 108 [1/1] (0.00ns)   --->   "%store_ln0 = store i16 %boxVCoord_loc_1_out_load_1, i16 %boxVCoord"   --->   Operation 108 'store' 'store_ln0' <Predicate = (patternId_val_load_read == 1 & icmp_ln1884)> <Delay = 0.00>
ST_2 : Operation 109 [1/1] (0.00ns)   --->   "%br_ln1922 = br void %if.end64.i" [/home/izaan/GitRepos/dpdma_exdes/vivado_quad_vmix/kv260_quad_vmix_dp.runs/bd_quad_vmix_dp_v_tpg_4_0_synth_1/prj/sol/.autopilot/db/v_tpg.cpp:1922->/home/izaan/GitRepos/dpdma_exdes/vivado_quad_vmix/kv260_quad_vmix_dp.runs/bd_quad_vmix_dp_v_tpg_4_0_synth_1/prj/sol/.autopilot/db/v_tpg.cpp:788]   --->   Operation 109 'br' 'br_ln1922' <Predicate = (patternId_val_load_read == 1 & icmp_ln1884)> <Delay = 0.00>
ST_2 : Operation 110 [1/1] (0.00ns)   --->   "%boxTop = load i16 %boxVCoord_loc_1_out" [/home/izaan/GitRepos/dpdma_exdes/vivado_quad_vmix/kv260_quad_vmix_dp.runs/bd_quad_vmix_dp_v_tpg_4_0_synth_1/prj/sol/.autopilot/db/v_tpg.cpp:1928->/home/izaan/GitRepos/dpdma_exdes/vivado_quad_vmix/kv260_quad_vmix_dp.runs/bd_quad_vmix_dp_v_tpg_4_0_synth_1/prj/sol/.autopilot/db/v_tpg.cpp:788]   --->   Operation 110 'load' 'boxTop' <Predicate = (icmp_ln774 & patternId_val_load_read == 1)> <Delay = 0.00>
ST_2 : Operation 111 [1/1] (0.00ns)   --->   "%boxLeft = load i16 %boxHCoord_loc_1_out" [/home/izaan/GitRepos/dpdma_exdes/vivado_quad_vmix/kv260_quad_vmix_dp.runs/bd_quad_vmix_dp_v_tpg_4_0_synth_1/prj/sol/.autopilot/db/v_tpg.cpp:1926->/home/izaan/GitRepos/dpdma_exdes/vivado_quad_vmix/kv260_quad_vmix_dp.runs/bd_quad_vmix_dp_v_tpg_4_0_synth_1/prj/sol/.autopilot/db/v_tpg.cpp:788]   --->   Operation 111 'load' 'boxLeft' <Predicate = (icmp_ln774 & patternId_val_load_read == 1)> <Delay = 0.00>
ST_2 : Operation 112 [1/1] (0.85ns)   --->   "%boxRight = add i16 %boxSize_read, i16 %boxLeft" [/home/izaan/GitRepos/dpdma_exdes/vivado_quad_vmix/kv260_quad_vmix_dp.runs/bd_quad_vmix_dp_v_tpg_4_0_synth_1/prj/sol/.autopilot/db/v_tpg.cpp:1926->/home/izaan/GitRepos/dpdma_exdes/vivado_quad_vmix/kv260_quad_vmix_dp.runs/bd_quad_vmix_dp_v_tpg_4_0_synth_1/prj/sol/.autopilot/db/v_tpg.cpp:788]   --->   Operation 112 'add' 'boxRight' <Predicate = (icmp_ln774 & patternId_val_load_read == 1)> <Delay = 0.85> <CoreInst = "Adder">   --->   Core 1 'Adder' <Latency = 0> <II = 1> <Delay = 0.85> <FuncUnit> <Opcode : 'add' 'sub'> <InPorts = 2> <OutPorts = 1>
ST_2 : Operation 113 [1/1] (0.85ns)   --->   "%boxBottom = add i16 %boxSize_read, i16 %boxTop" [/home/izaan/GitRepos/dpdma_exdes/vivado_quad_vmix/kv260_quad_vmix_dp.runs/bd_quad_vmix_dp_v_tpg_4_0_synth_1/prj/sol/.autopilot/db/v_tpg.cpp:1928->/home/izaan/GitRepos/dpdma_exdes/vivado_quad_vmix/kv260_quad_vmix_dp.runs/bd_quad_vmix_dp_v_tpg_4_0_synth_1/prj/sol/.autopilot/db/v_tpg.cpp:788]   --->   Operation 113 'add' 'boxBottom' <Predicate = (icmp_ln774 & patternId_val_load_read == 1)> <Delay = 0.85> <CoreInst = "Adder">   --->   Core 1 'Adder' <Latency = 0> <II = 1> <Delay = 0.85> <FuncUnit> <Opcode : 'add' 'sub'> <InPorts = 2> <OutPorts = 1>
ST_2 : Operation 114 [1/1] (0.85ns)   --->   "%icmp_ln1942 = icmp_ult  i16 %y_read, i16 %boxBottom" [/home/izaan/GitRepos/dpdma_exdes/vivado_quad_vmix/kv260_quad_vmix_dp.runs/bd_quad_vmix_dp_v_tpg_4_0_synth_1/prj/sol/.autopilot/db/v_tpg.cpp:1942->/home/izaan/GitRepos/dpdma_exdes/vivado_quad_vmix/kv260_quad_vmix_dp.runs/bd_quad_vmix_dp_v_tpg_4_0_synth_1/prj/sol/.autopilot/db/v_tpg.cpp:788]   --->   Operation 114 'icmp' 'icmp_ln1942' <Predicate = (icmp_ln774 & patternId_val_load_read == 1)> <Delay = 0.85> <CoreInst = "Cmp">   --->   Core 9 'Cmp' <Latency = 0> <II = 1> <Delay = 0.85> <FuncUnit> <Opcode : 'seteq' 'setne' 'setle' 'setge' 'setlt' 'setgt'> <InPorts = 2> <OutPorts = 1>
ST_2 : Operation 115 [1/1] (0.00ns) (grouped into LUT with out node or_ln1942)   --->   "%xor_ln1942 = xor i1 %icmp_ln1942, i1 1" [/home/izaan/GitRepos/dpdma_exdes/vivado_quad_vmix/kv260_quad_vmix_dp.runs/bd_quad_vmix_dp_v_tpg_4_0_synth_1/prj/sol/.autopilot/db/v_tpg.cpp:1942->/home/izaan/GitRepos/dpdma_exdes/vivado_quad_vmix/kv260_quad_vmix_dp.runs/bd_quad_vmix_dp_v_tpg_4_0_synth_1/prj/sol/.autopilot/db/v_tpg.cpp:788]   --->   Operation 115 'xor' 'xor_ln1942' <Predicate = (icmp_ln774 & patternId_val_load_read == 1)> <Delay = 0.00> <CoreInst = "LogicGate">   --->   Core 74 'LogicGate' <Latency = 0> <II = 1> <Delay = 0.28> <FuncUnit> <Opcode : 'and' 'or' 'xor'> <InPorts = 2> <OutPorts = 1>
ST_2 : Operation 116 [1/1] (0.85ns)   --->   "%icmp_ln1942_1 = icmp_ult  i16 %y_read, i16 %boxTop" [/home/izaan/GitRepos/dpdma_exdes/vivado_quad_vmix/kv260_quad_vmix_dp.runs/bd_quad_vmix_dp_v_tpg_4_0_synth_1/prj/sol/.autopilot/db/v_tpg.cpp:1942->/home/izaan/GitRepos/dpdma_exdes/vivado_quad_vmix/kv260_quad_vmix_dp.runs/bd_quad_vmix_dp_v_tpg_4_0_synth_1/prj/sol/.autopilot/db/v_tpg.cpp:788]   --->   Operation 116 'icmp' 'icmp_ln1942_1' <Predicate = (icmp_ln774 & patternId_val_load_read == 1)> <Delay = 0.85> <CoreInst = "Cmp">   --->   Core 9 'Cmp' <Latency = 0> <II = 1> <Delay = 0.85> <FuncUnit> <Opcode : 'seteq' 'setne' 'setle' 'setge' 'setlt' 'setgt'> <InPorts = 2> <OutPorts = 1>
ST_2 : Operation 117 [1/1] (0.28ns) (out node of the LUT)   --->   "%or_ln1942 = or i1 %icmp_ln1942_1, i1 %xor_ln1942" [/home/izaan/GitRepos/dpdma_exdes/vivado_quad_vmix/kv260_quad_vmix_dp.runs/bd_quad_vmix_dp_v_tpg_4_0_synth_1/prj/sol/.autopilot/db/v_tpg.cpp:1942->/home/izaan/GitRepos/dpdma_exdes/vivado_quad_vmix/kv260_quad_vmix_dp.runs/bd_quad_vmix_dp_v_tpg_4_0_synth_1/prj/sol/.autopilot/db/v_tpg.cpp:788]   --->   Operation 117 'or' 'or_ln1942' <Predicate = (icmp_ln774 & patternId_val_load_read == 1)> <Delay = 0.28> <CoreInst = "LogicGate">   --->   Core 74 'LogicGate' <Latency = 0> <II = 1> <Delay = 0.28> <FuncUnit> <Opcode : 'and' 'or' 'xor'> <InPorts = 2> <OutPorts = 1>
ST_2 : Operation 118 [1/1] (0.85ns)   --->   "%icmp_ln1942_2 = icmp_ult  i16 %x_2, i16 %boxLeft" [/home/izaan/GitRepos/dpdma_exdes/vivado_quad_vmix/kv260_quad_vmix_dp.runs/bd_quad_vmix_dp_v_tpg_4_0_synth_1/prj/sol/.autopilot/db/v_tpg.cpp:1942->/home/izaan/GitRepos/dpdma_exdes/vivado_quad_vmix/kv260_quad_vmix_dp.runs/bd_quad_vmix_dp_v_tpg_4_0_synth_1/prj/sol/.autopilot/db/v_tpg.cpp:788]   --->   Operation 118 'icmp' 'icmp_ln1942_2' <Predicate = (icmp_ln774 & patternId_val_load_read == 1)> <Delay = 0.85> <CoreInst = "Cmp">   --->   Core 9 'Cmp' <Latency = 0> <II = 1> <Delay = 0.85> <FuncUnit> <Opcode : 'seteq' 'setne' 'setle' 'setge' 'setlt' 'setgt'> <InPorts = 2> <OutPorts = 1>
ST_2 : Operation 119 [1/1] (0.85ns)   --->   "%icmp_ln1942_3 = icmp_ult  i16 %x_2, i16 %boxRight" [/home/izaan/GitRepos/dpdma_exdes/vivado_quad_vmix/kv260_quad_vmix_dp.runs/bd_quad_vmix_dp_v_tpg_4_0_synth_1/prj/sol/.autopilot/db/v_tpg.cpp:1942->/home/izaan/GitRepos/dpdma_exdes/vivado_quad_vmix/kv260_quad_vmix_dp.runs/bd_quad_vmix_dp_v_tpg_4_0_synth_1/prj/sol/.autopilot/db/v_tpg.cpp:788]   --->   Operation 119 'icmp' 'icmp_ln1942_3' <Predicate = (icmp_ln774 & patternId_val_load_read == 1)> <Delay = 0.85> <CoreInst = "Cmp">   --->   Core 9 'Cmp' <Latency = 0> <II = 1> <Delay = 0.85> <FuncUnit> <Opcode : 'seteq' 'setne' 'setle' 'setge' 'setlt' 'setgt'> <InPorts = 2> <OutPorts = 1>
ST_2 : Operation 120 [1/1] (0.00ns) (grouped into LUT with out node or_ln1942_2)   --->   "%xor_ln1942_1 = xor i1 %icmp_ln1942_3, i1 1" [/home/izaan/GitRepos/dpdma_exdes/vivado_quad_vmix/kv260_quad_vmix_dp.runs/bd_quad_vmix_dp_v_tpg_4_0_synth_1/prj/sol/.autopilot/db/v_tpg.cpp:1942->/home/izaan/GitRepos/dpdma_exdes/vivado_quad_vmix/kv260_quad_vmix_dp.runs/bd_quad_vmix_dp_v_tpg_4_0_synth_1/prj/sol/.autopilot/db/v_tpg.cpp:788]   --->   Operation 120 'xor' 'xor_ln1942_1' <Predicate = (icmp_ln774 & patternId_val_load_read == 1)> <Delay = 0.00> <CoreInst = "LogicGate">   --->   Core 74 'LogicGate' <Latency = 0> <II = 1> <Delay = 0.28> <FuncUnit> <Opcode : 'and' 'or' 'xor'> <InPorts = 2> <OutPorts = 1>
ST_2 : Operation 121 [1/1] (0.00ns) (grouped into LUT with out node or_ln1942_2)   --->   "%or_ln1942_1 = or i1 %icmp_ln1942_2, i1 %or_ln1942" [/home/izaan/GitRepos/dpdma_exdes/vivado_quad_vmix/kv260_quad_vmix_dp.runs/bd_quad_vmix_dp_v_tpg_4_0_synth_1/prj/sol/.autopilot/db/v_tpg.cpp:1942->/home/izaan/GitRepos/dpdma_exdes/vivado_quad_vmix/kv260_quad_vmix_dp.runs/bd_quad_vmix_dp_v_tpg_4_0_synth_1/prj/sol/.autopilot/db/v_tpg.cpp:788]   --->   Operation 121 'or' 'or_ln1942_1' <Predicate = (icmp_ln774 & patternId_val_load_read == 1)> <Delay = 0.00> <CoreInst = "LogicGate">   --->   Core 74 'LogicGate' <Latency = 0> <II = 1> <Delay = 0.28> <FuncUnit> <Opcode : 'and' 'or' 'xor'> <InPorts = 2> <OutPorts = 1>
ST_2 : Operation 122 [1/1] (0.28ns) (out node of the LUT)   --->   "%or_ln1942_2 = or i1 %or_ln1942_1, i1 %xor_ln1942_1" [/home/izaan/GitRepos/dpdma_exdes/vivado_quad_vmix/kv260_quad_vmix_dp.runs/bd_quad_vmix_dp_v_tpg_4_0_synth_1/prj/sol/.autopilot/db/v_tpg.cpp:1942->/home/izaan/GitRepos/dpdma_exdes/vivado_quad_vmix/kv260_quad_vmix_dp.runs/bd_quad_vmix_dp_v_tpg_4_0_synth_1/prj/sol/.autopilot/db/v_tpg.cpp:788]   --->   Operation 122 'or' 'or_ln1942_2' <Predicate = (icmp_ln774 & patternId_val_load_read == 1)> <Delay = 0.28> <CoreInst = "LogicGate">   --->   Core 74 'LogicGate' <Latency = 0> <II = 1> <Delay = 0.28> <FuncUnit> <Opcode : 'and' 'or' 'xor'> <InPorts = 2> <OutPorts = 1>
ST_2 : Operation 123 [1/1] (0.39ns)   --->   "%pixOut_16 = select i1 %or_ln1942_2, i8 %pixIn_12, i8 %boxColorB_read" [/home/izaan/GitRepos/dpdma_exdes/vivado_quad_vmix/kv260_quad_vmix_dp.runs/bd_quad_vmix_dp_v_tpg_4_0_synth_1/prj/sol/.autopilot/db/v_tpg.cpp:1942->/home/izaan/GitRepos/dpdma_exdes/vivado_quad_vmix/kv260_quad_vmix_dp.runs/bd_quad_vmix_dp_v_tpg_4_0_synth_1/prj/sol/.autopilot/db/v_tpg.cpp:788]   --->   Operation 123 'select' 'pixOut_16' <Predicate = (icmp_ln774 & patternId_val_load_read == 1)> <Delay = 0.39> <CoreInst = "Sel">   --->   Core 73 'Sel' <Latency = 0> <II = 1> <Delay = 0.39> <FuncUnit> <Opcode : 'select'> <InPorts = 3> <OutPorts = 1>
ST_2 : Operation 124 [1/1] (0.39ns)   --->   "%pixOut_15 = select i1 %or_ln1942_2, i8 %pixIn_11, i8 %boxColorG_read" [/home/izaan/GitRepos/dpdma_exdes/vivado_quad_vmix/kv260_quad_vmix_dp.runs/bd_quad_vmix_dp_v_tpg_4_0_synth_1/prj/sol/.autopilot/db/v_tpg.cpp:1942->/home/izaan/GitRepos/dpdma_exdes/vivado_quad_vmix/kv260_quad_vmix_dp.runs/bd_quad_vmix_dp_v_tpg_4_0_synth_1/prj/sol/.autopilot/db/v_tpg.cpp:788]   --->   Operation 124 'select' 'pixOut_15' <Predicate = (icmp_ln774 & patternId_val_load_read == 1)> <Delay = 0.39> <CoreInst = "Sel">   --->   Core 73 'Sel' <Latency = 0> <II = 1> <Delay = 0.39> <FuncUnit> <Opcode : 'select'> <InPorts = 3> <OutPorts = 1>
ST_2 : Operation 125 [1/1] (0.39ns)   --->   "%pixOut_14 = select i1 %or_ln1942_2, i8 %pixIn, i8 %boxColorR_read" [/home/izaan/GitRepos/dpdma_exdes/vivado_quad_vmix/kv260_quad_vmix_dp.runs/bd_quad_vmix_dp_v_tpg_4_0_synth_1/prj/sol/.autopilot/db/v_tpg.cpp:1942->/home/izaan/GitRepos/dpdma_exdes/vivado_quad_vmix/kv260_quad_vmix_dp.runs/bd_quad_vmix_dp_v_tpg_4_0_synth_1/prj/sol/.autopilot/db/v_tpg.cpp:788]   --->   Operation 125 'select' 'pixOut_14' <Predicate = (icmp_ln774 & patternId_val_load_read == 1)> <Delay = 0.39> <CoreInst = "Sel">   --->   Core 73 'Sel' <Latency = 0> <II = 1> <Delay = 0.39> <FuncUnit> <Opcode : 'select'> <InPorts = 3> <OutPorts = 1>
ST_2 : Operation 126 [1/1] (0.00ns)   --->   "%or_ln = bitconcatenate i16 @_ssdm_op_BitConcatenate.i16.i15.i1, i15 %tmp_1, i1 1" [/home/izaan/GitRepos/dpdma_exdes/vivado_quad_vmix/kv260_quad_vmix_dp.runs/bd_quad_vmix_dp_v_tpg_4_0_synth_1/prj/sol/.autopilot/db/v_tpg.cpp:1937->/home/izaan/GitRepos/dpdma_exdes/vivado_quad_vmix/kv260_quad_vmix_dp.runs/bd_quad_vmix_dp_v_tpg_4_0_synth_1/prj/sol/.autopilot/db/v_tpg.cpp:788]   --->   Operation 126 'bitconcatenate' 'or_ln' <Predicate = (icmp_ln774 & patternId_val_load_read == 1)> <Delay = 0.00>
ST_2 : Operation 127 [1/1] (0.85ns)   --->   "%icmp_ln1942_4 = icmp_ult  i16 %or_ln, i16 %boxLeft" [/home/izaan/GitRepos/dpdma_exdes/vivado_quad_vmix/kv260_quad_vmix_dp.runs/bd_quad_vmix_dp_v_tpg_4_0_synth_1/prj/sol/.autopilot/db/v_tpg.cpp:1942->/home/izaan/GitRepos/dpdma_exdes/vivado_quad_vmix/kv260_quad_vmix_dp.runs/bd_quad_vmix_dp_v_tpg_4_0_synth_1/prj/sol/.autopilot/db/v_tpg.cpp:788]   --->   Operation 127 'icmp' 'icmp_ln1942_4' <Predicate = (icmp_ln774 & patternId_val_load_read == 1)> <Delay = 0.85> <CoreInst = "Cmp">   --->   Core 9 'Cmp' <Latency = 0> <II = 1> <Delay = 0.85> <FuncUnit> <Opcode : 'seteq' 'setne' 'setle' 'setge' 'setlt' 'setgt'> <InPorts = 2> <OutPorts = 1>
ST_2 : Operation 128 [1/1] (0.85ns)   --->   "%icmp_ln1942_5 = icmp_ult  i16 %or_ln, i16 %boxRight" [/home/izaan/GitRepos/dpdma_exdes/vivado_quad_vmix/kv260_quad_vmix_dp.runs/bd_quad_vmix_dp_v_tpg_4_0_synth_1/prj/sol/.autopilot/db/v_tpg.cpp:1942->/home/izaan/GitRepos/dpdma_exdes/vivado_quad_vmix/kv260_quad_vmix_dp.runs/bd_quad_vmix_dp_v_tpg_4_0_synth_1/prj/sol/.autopilot/db/v_tpg.cpp:788]   --->   Operation 128 'icmp' 'icmp_ln1942_5' <Predicate = (icmp_ln774 & patternId_val_load_read == 1)> <Delay = 0.85> <CoreInst = "Cmp">   --->   Core 9 'Cmp' <Latency = 0> <II = 1> <Delay = 0.85> <FuncUnit> <Opcode : 'seteq' 'setne' 'setle' 'setge' 'setlt' 'setgt'> <InPorts = 2> <OutPorts = 1>
ST_2 : Operation 129 [1/1] (0.00ns) (grouped into LUT with out node or_ln1942_4)   --->   "%xor_ln1942_2 = xor i1 %icmp_ln1942_5, i1 1" [/home/izaan/GitRepos/dpdma_exdes/vivado_quad_vmix/kv260_quad_vmix_dp.runs/bd_quad_vmix_dp_v_tpg_4_0_synth_1/prj/sol/.autopilot/db/v_tpg.cpp:1942->/home/izaan/GitRepos/dpdma_exdes/vivado_quad_vmix/kv260_quad_vmix_dp.runs/bd_quad_vmix_dp_v_tpg_4_0_synth_1/prj/sol/.autopilot/db/v_tpg.cpp:788]   --->   Operation 129 'xor' 'xor_ln1942_2' <Predicate = (icmp_ln774 & patternId_val_load_read == 1)> <Delay = 0.00> <CoreInst = "LogicGate">   --->   Core 74 'LogicGate' <Latency = 0> <II = 1> <Delay = 0.28> <FuncUnit> <Opcode : 'and' 'or' 'xor'> <InPorts = 2> <OutPorts = 1>
ST_2 : Operation 130 [1/1] (0.00ns) (grouped into LUT with out node or_ln1942_4)   --->   "%or_ln1942_3 = or i1 %icmp_ln1942_4, i1 %or_ln1942" [/home/izaan/GitRepos/dpdma_exdes/vivado_quad_vmix/kv260_quad_vmix_dp.runs/bd_quad_vmix_dp_v_tpg_4_0_synth_1/prj/sol/.autopilot/db/v_tpg.cpp:1942->/home/izaan/GitRepos/dpdma_exdes/vivado_quad_vmix/kv260_quad_vmix_dp.runs/bd_quad_vmix_dp_v_tpg_4_0_synth_1/prj/sol/.autopilot/db/v_tpg.cpp:788]   --->   Operation 130 'or' 'or_ln1942_3' <Predicate = (icmp_ln774 & patternId_val_load_read == 1)> <Delay = 0.00> <CoreInst = "LogicGate">   --->   Core 74 'LogicGate' <Latency = 0> <II = 1> <Delay = 0.28> <FuncUnit> <Opcode : 'and' 'or' 'xor'> <InPorts = 2> <OutPorts = 1>
ST_2 : Operation 131 [1/1] (0.28ns) (out node of the LUT)   --->   "%or_ln1942_4 = or i1 %or_ln1942_3, i1 %xor_ln1942_2" [/home/izaan/GitRepos/dpdma_exdes/vivado_quad_vmix/kv260_quad_vmix_dp.runs/bd_quad_vmix_dp_v_tpg_4_0_synth_1/prj/sol/.autopilot/db/v_tpg.cpp:1942->/home/izaan/GitRepos/dpdma_exdes/vivado_quad_vmix/kv260_quad_vmix_dp.runs/bd_quad_vmix_dp_v_tpg_4_0_synth_1/prj/sol/.autopilot/db/v_tpg.cpp:788]   --->   Operation 131 'or' 'or_ln1942_4' <Predicate = (icmp_ln774 & patternId_val_load_read == 1)> <Delay = 0.28> <CoreInst = "LogicGate">   --->   Core 74 'LogicGate' <Latency = 0> <II = 1> <Delay = 0.28> <FuncUnit> <Opcode : 'and' 'or' 'xor'> <InPorts = 2> <OutPorts = 1>
ST_2 : Operation 132 [1/1] (0.39ns)   --->   "%pixOut_20 = select i1 %or_ln1942_4, i8 %pixIn_15, i8 %boxColorB_read" [/home/izaan/GitRepos/dpdma_exdes/vivado_quad_vmix/kv260_quad_vmix_dp.runs/bd_quad_vmix_dp_v_tpg_4_0_synth_1/prj/sol/.autopilot/db/v_tpg.cpp:1942->/home/izaan/GitRepos/dpdma_exdes/vivado_quad_vmix/kv260_quad_vmix_dp.runs/bd_quad_vmix_dp_v_tpg_4_0_synth_1/prj/sol/.autopilot/db/v_tpg.cpp:788]   --->   Operation 132 'select' 'pixOut_20' <Predicate = (icmp_ln774 & patternId_val_load_read == 1)> <Delay = 0.39> <CoreInst = "Sel">   --->   Core 73 'Sel' <Latency = 0> <II = 1> <Delay = 0.39> <FuncUnit> <Opcode : 'select'> <InPorts = 3> <OutPorts = 1>
ST_2 : Operation 133 [1/1] (0.39ns)   --->   "%pixOut_19 = select i1 %or_ln1942_4, i8 %pixIn_14, i8 %pixOut_18_read" [/home/izaan/GitRepos/dpdma_exdes/vivado_quad_vmix/kv260_quad_vmix_dp.runs/bd_quad_vmix_dp_v_tpg_4_0_synth_1/prj/sol/.autopilot/db/v_tpg.cpp:1942->/home/izaan/GitRepos/dpdma_exdes/vivado_quad_vmix/kv260_quad_vmix_dp.runs/bd_quad_vmix_dp_v_tpg_4_0_synth_1/prj/sol/.autopilot/db/v_tpg.cpp:788]   --->   Operation 133 'select' 'pixOut_19' <Predicate = (icmp_ln774 & patternId_val_load_read == 1)> <Delay = 0.39> <CoreInst = "Sel">   --->   Core 73 'Sel' <Latency = 0> <II = 1> <Delay = 0.39> <FuncUnit> <Opcode : 'select'> <InPorts = 3> <OutPorts = 1>
ST_2 : Operation 134 [1/1] (0.39ns)   --->   "%pixOut_17 = select i1 %or_ln1942_4, i8 %pixIn_13, i8 %boxColorR_read" [/home/izaan/GitRepos/dpdma_exdes/vivado_quad_vmix/kv260_quad_vmix_dp.runs/bd_quad_vmix_dp_v_tpg_4_0_synth_1/prj/sol/.autopilot/db/v_tpg.cpp:1942->/home/izaan/GitRepos/dpdma_exdes/vivado_quad_vmix/kv260_quad_vmix_dp.runs/bd_quad_vmix_dp_v_tpg_4_0_synth_1/prj/sol/.autopilot/db/v_tpg.cpp:788]   --->   Operation 134 'select' 'pixOut_17' <Predicate = (icmp_ln774 & patternId_val_load_read == 1)> <Delay = 0.39> <CoreInst = "Sel">   --->   Core 73 'Sel' <Latency = 0> <II = 1> <Delay = 0.39> <FuncUnit> <Opcode : 'select'> <InPorts = 3> <OutPorts = 1>
ST_2 : Operation 135 [1/1] (0.47ns)   --->   "%br_ln790 = br void %sw.epilog_ifconv" [/home/izaan/GitRepos/dpdma_exdes/vivado_quad_vmix/kv260_quad_vmix_dp.runs/bd_quad_vmix_dp_v_tpg_4_0_synth_1/prj/sol/.autopilot/db/v_tpg.cpp:790]   --->   Operation 135 'br' 'br_ln790' <Predicate = (icmp_ln774 & patternId_val_load_read == 1)> <Delay = 0.47>
ST_2 : Operation 136 [1/1] (0.39ns)   --->   "%pixOut_8 = select i1 %or_ln1963, i8 %conv2_i_i_i_read, i8 %pixIn_12" [/home/izaan/GitRepos/dpdma_exdes/vivado_quad_vmix/kv260_quad_vmix_dp.runs/bd_quad_vmix_dp_v_tpg_4_0_synth_1/prj/sol/.autopilot/db/v_tpg.cpp:1963->/home/izaan/GitRepos/dpdma_exdes/vivado_quad_vmix/kv260_quad_vmix_dp.runs/bd_quad_vmix_dp_v_tpg_4_0_synth_1/prj/sol/.autopilot/db/v_tpg.cpp:793]   --->   Operation 136 'select' 'pixOut_8' <Predicate = (icmp_ln774 & patternId_val_load_read == 2)> <Delay = 0.39> <CoreInst = "Sel">   --->   Core 73 'Sel' <Latency = 0> <II = 1> <Delay = 0.39> <FuncUnit> <Opcode : 'select'> <InPorts = 3> <OutPorts = 1>
ST_2 : Operation 137 [1/1] (0.39ns)   --->   "%pixOut_7 = select i1 %or_ln1963, i8 %conv2_i_i_i_read, i8 %pixIn_11" [/home/izaan/GitRepos/dpdma_exdes/vivado_quad_vmix/kv260_quad_vmix_dp.runs/bd_quad_vmix_dp_v_tpg_4_0_synth_1/prj/sol/.autopilot/db/v_tpg.cpp:1963->/home/izaan/GitRepos/dpdma_exdes/vivado_quad_vmix/kv260_quad_vmix_dp.runs/bd_quad_vmix_dp_v_tpg_4_0_synth_1/prj/sol/.autopilot/db/v_tpg.cpp:793]   --->   Operation 137 'select' 'pixOut_7' <Predicate = (icmp_ln774 & patternId_val_load_read == 2)> <Delay = 0.39> <CoreInst = "Sel">   --->   Core 73 'Sel' <Latency = 0> <II = 1> <Delay = 0.39> <FuncUnit> <Opcode : 'select'> <InPorts = 3> <OutPorts = 1>
ST_2 : Operation 138 [1/1] (0.39ns)   --->   "%pixOut_6 = select i1 %or_ln1963, i8 240, i8 %pixIn" [/home/izaan/GitRepos/dpdma_exdes/vivado_quad_vmix/kv260_quad_vmix_dp.runs/bd_quad_vmix_dp_v_tpg_4_0_synth_1/prj/sol/.autopilot/db/v_tpg.cpp:1963->/home/izaan/GitRepos/dpdma_exdes/vivado_quad_vmix/kv260_quad_vmix_dp.runs/bd_quad_vmix_dp_v_tpg_4_0_synth_1/prj/sol/.autopilot/db/v_tpg.cpp:793]   --->   Operation 138 'select' 'pixOut_6' <Predicate = (icmp_ln774 & patternId_val_load_read == 2)> <Delay = 0.39> <CoreInst = "Sel">   --->   Core 73 'Sel' <Latency = 0> <II = 1> <Delay = 0.39> <FuncUnit> <Opcode : 'select'> <InPorts = 3> <OutPorts = 1>
ST_2 : Operation 139 [1/1] (0.47ns)   --->   "%br_ln1963 = br i1 %or_ln1963_2, void %sw.epilog_ifconv, void %if.then.1.i" [/home/izaan/GitRepos/dpdma_exdes/vivado_quad_vmix/kv260_quad_vmix_dp.runs/bd_quad_vmix_dp_v_tpg_4_0_synth_1/prj/sol/.autopilot/db/v_tpg.cpp:1963->/home/izaan/GitRepos/dpdma_exdes/vivado_quad_vmix/kv260_quad_vmix_dp.runs/bd_quad_vmix_dp_v_tpg_4_0_synth_1/prj/sol/.autopilot/db/v_tpg.cpp:793]   --->   Operation 139 'br' 'br_ln1963' <Predicate = (icmp_ln774 & patternId_val_load_read == 2)> <Delay = 0.47>
ST_2 : Operation 140 [1/1] (0.39ns)   --->   "%select_ln1974 = select i1 %cmp11_i7, i8 240, i8 %whiYuv_load_read" [/home/izaan/GitRepos/dpdma_exdes/vivado_quad_vmix/kv260_quad_vmix_dp.runs/bd_quad_vmix_dp_v_tpg_4_0_synth_1/prj/sol/.autopilot/db/v_tpg.cpp:1974->/home/izaan/GitRepos/dpdma_exdes/vivado_quad_vmix/kv260_quad_vmix_dp.runs/bd_quad_vmix_dp_v_tpg_4_0_synth_1/prj/sol/.autopilot/db/v_tpg.cpp:793]   --->   Operation 140 'select' 'select_ln1974' <Predicate = (icmp_ln774 & patternId_val_load_read == 2 & or_ln1963_2)> <Delay = 0.39> <CoreInst = "Sel">   --->   Core 73 'Sel' <Latency = 0> <II = 1> <Delay = 0.39> <FuncUnit> <Opcode : 'select'> <InPorts = 3> <OutPorts = 1>
ST_2 : Operation 141 [1/1] (0.47ns)   --->   "%br_ln1974 = br void %sw.epilog_ifconv" [/home/izaan/GitRepos/dpdma_exdes/vivado_quad_vmix/kv260_quad_vmix_dp.runs/bd_quad_vmix_dp_v_tpg_4_0_synth_1/prj/sol/.autopilot/db/v_tpg.cpp:1974->/home/izaan/GitRepos/dpdma_exdes/vivado_quad_vmix/kv260_quad_vmix_dp.runs/bd_quad_vmix_dp_v_tpg_4_0_synth_1/prj/sol/.autopilot/db/v_tpg.cpp:793]   --->   Operation 141 'br' 'br_ln1974' <Predicate = (icmp_ln774 & patternId_val_load_read == 2 & or_ln1963_2)> <Delay = 0.47>
ST_2 : Operation 163 [1/1] (0.42ns)   --->   "%ret_ln0 = ret"   --->   Operation 163 'ret' 'ret_ln0' <Predicate = (!icmp_ln774)> <Delay = 0.42>

State 3 <SV = 2> <Delay = 2.43>
ST_3 : Operation 142 [1/1] (0.00ns)   --->   "%pix_10 = phi i8 %pixIn_15, void %for.body6.split, i8 %pixOut_20, void %if.end64.i, i8 %pixIn_15, void %sw.bb10, i8 %conv2_i_i_i_read, void %if.then.1.i"   --->   Operation 142 'phi' 'pix_10' <Predicate = true> <Delay = 0.00>
ST_3 : Operation 143 [1/1] (0.00ns)   --->   "%pix_9 = phi i8 %pixIn_14, void %for.body6.split, i8 %pixOut_19, void %if.end64.i, i8 %pixIn_14, void %sw.bb10, i8 %select_ln1974, void %if.then.1.i"   --->   Operation 143 'phi' 'pix_9' <Predicate = true> <Delay = 0.00>
ST_3 : Operation 144 [1/1] (0.00ns)   --->   "%pix_8 = phi i8 %pixIn_13, void %for.body6.split, i8 %pixOut_17, void %if.end64.i, i8 %pixIn_13, void %sw.bb10, i8 240, void %if.then.1.i"   --->   Operation 144 'phi' 'pix_8' <Predicate = true> <Delay = 0.00>
ST_3 : Operation 145 [1/1] (0.00ns)   --->   "%pix_7 = phi i8 %pixIn_12, void %for.body6.split, i8 %pixOut_16, void %if.end64.i, i8 %pixOut_8, void %sw.bb10, i8 %pixOut_8, void %if.then.1.i"   --->   Operation 145 'phi' 'pix_7' <Predicate = true> <Delay = 0.00>
ST_3 : Operation 146 [1/1] (0.00ns)   --->   "%pix_6 = phi i8 %pixIn_11, void %for.body6.split, i8 %pixOut_15, void %if.end64.i, i8 %pixOut_7, void %sw.bb10, i8 %pixOut_7, void %if.then.1.i"   --->   Operation 146 'phi' 'pix_6' <Predicate = true> <Delay = 0.00>
ST_3 : Operation 147 [1/1] (0.00ns)   --->   "%pix = phi i8 %pixIn, void %for.body6.split, i8 %pixOut_14, void %if.end64.i, i8 %pixOut_6, void %sw.bb10, i8 %pixOut_6, void %if.then.1.i"   --->   Operation 147 'phi' 'pix' <Predicate = true> <Delay = 0.00>
ST_3 : Operation 148 [1/1] (0.00ns) (grouped into LUT with out node pixOut_28)   --->   "%pixOut_27 = select i1 %and4_i, i8 0, i8 %pix" [/home/izaan/GitRepos/dpdma_exdes/vivado_quad_vmix/kv260_quad_vmix_dp.runs/bd_quad_vmix_dp_v_tpg_4_0_synth_1/prj/sol/.autopilot/db/v_tpg.cpp:1989->/home/izaan/GitRepos/dpdma_exdes/vivado_quad_vmix/kv260_quad_vmix_dp.runs/bd_quad_vmix_dp_v_tpg_4_0_synth_1/prj/sol/.autopilot/db/v_tpg.cpp:803]   --->   Operation 148 'select' 'pixOut_27' <Predicate = (!tobool)> <Delay = 0.00> <CoreInst = "Sel">   --->   Core 73 'Sel' <Latency = 0> <II = 1> <Delay = 0.39> <FuncUnit> <Opcode : 'select'> <InPorts = 3> <OutPorts = 1>
ST_3 : Operation 149 [1/1] (0.00ns) (grouped into LUT with out node p_0_5_0_0_0155)   --->   "%select_ln1993 = select i1 %and26_i, i8 0, i8 %pix_10" [/home/izaan/GitRepos/dpdma_exdes/vivado_quad_vmix/kv260_quad_vmix_dp.runs/bd_quad_vmix_dp_v_tpg_4_0_synth_1/prj/sol/.autopilot/db/v_tpg.cpp:1993->/home/izaan/GitRepos/dpdma_exdes/vivado_quad_vmix/kv260_quad_vmix_dp.runs/bd_quad_vmix_dp_v_tpg_4_0_synth_1/prj/sol/.autopilot/db/v_tpg.cpp:803]   --->   Operation 149 'select' 'select_ln1993' <Predicate = (!tobool)> <Delay = 0.00> <CoreInst = "Sel">   --->   Core 73 'Sel' <Latency = 0> <II = 1> <Delay = 0.39> <FuncUnit> <Opcode : 'select'> <InPorts = 3> <OutPorts = 1>
ST_3 : Operation 150 [1/1] (0.39ns) (out node of the LUT)   --->   "%p_0_5_0_0_0155 = select i1 %tobool, i8 %pix_10, i8 %select_ln1993" [/home/izaan/GitRepos/dpdma_exdes/vivado_quad_vmix/kv260_quad_vmix_dp.runs/bd_quad_vmix_dp_v_tpg_4_0_synth_1/prj/sol/.autopilot/db/v_tpg.cpp:778]   --->   Operation 150 'select' 'p_0_5_0_0_0155' <Predicate = true> <Delay = 0.39> <CoreInst = "Sel">   --->   Core 73 'Sel' <Latency = 0> <II = 1> <Delay = 0.39> <FuncUnit> <Opcode : 'select'> <InPorts = 3> <OutPorts = 1>
ST_3 : Operation 151 [1/1] (0.39ns) (out node of the LUT)   --->   "%pixOut_28 = select i1 %tobool, i8 %pix, i8 %pixOut_27" [/home/izaan/GitRepos/dpdma_exdes/vivado_quad_vmix/kv260_quad_vmix_dp.runs/bd_quad_vmix_dp_v_tpg_4_0_synth_1/prj/sol/.autopilot/db/v_tpg.cpp:778]   --->   Operation 151 'select' 'pixOut_28' <Predicate = true> <Delay = 0.39> <CoreInst = "Sel">   --->   Core 73 'Sel' <Latency = 0> <II = 1> <Delay = 0.39> <FuncUnit> <Opcode : 'select'> <InPorts = 3> <OutPorts = 1>
ST_3 : Operation 152 [1/1] (0.00ns) (grouped into LUT with out node empty_84)   --->   "%select_ln1991 = select i1 %and10_i, i8 0, i8 %pix_9" [/home/izaan/GitRepos/dpdma_exdes/vivado_quad_vmix/kv260_quad_vmix_dp.runs/bd_quad_vmix_dp_v_tpg_4_0_synth_1/prj/sol/.autopilot/db/v_tpg.cpp:1991->/home/izaan/GitRepos/dpdma_exdes/vivado_quad_vmix/kv260_quad_vmix_dp.runs/bd_quad_vmix_dp_v_tpg_4_0_synth_1/prj/sol/.autopilot/db/v_tpg.cpp:803]   --->   Operation 152 'select' 'select_ln1991' <Predicate = (!tobool)> <Delay = 0.00> <CoreInst = "Sel">   --->   Core 73 'Sel' <Latency = 0> <II = 1> <Delay = 0.39> <FuncUnit> <Opcode : 'select'> <InPorts = 3> <OutPorts = 1>
ST_3 : Operation 153 [1/1] (0.39ns) (out node of the LUT)   --->   "%empty_84 = select i1 %tobool, i8 %pix_9, i8 %select_ln1991" [/home/izaan/GitRepos/dpdma_exdes/vivado_quad_vmix/kv260_quad_vmix_dp.runs/bd_quad_vmix_dp_v_tpg_4_0_synth_1/prj/sol/.autopilot/db/v_tpg.cpp:778]   --->   Operation 153 'select' 'empty_84' <Predicate = true> <Delay = 0.39> <CoreInst = "Sel">   --->   Core 73 'Sel' <Latency = 0> <II = 1> <Delay = 0.39> <FuncUnit> <Opcode : 'select'> <InPorts = 3> <OutPorts = 1>
ST_3 : Operation 154 [1/1] (0.00ns) (grouped into LUT with out node empty_85)   --->   "%select_ln1989 = select i1 %and4_i, i8 0, i8 %pix_8" [/home/izaan/GitRepos/dpdma_exdes/vivado_quad_vmix/kv260_quad_vmix_dp.runs/bd_quad_vmix_dp_v_tpg_4_0_synth_1/prj/sol/.autopilot/db/v_tpg.cpp:1989->/home/izaan/GitRepos/dpdma_exdes/vivado_quad_vmix/kv260_quad_vmix_dp.runs/bd_quad_vmix_dp_v_tpg_4_0_synth_1/prj/sol/.autopilot/db/v_tpg.cpp:803]   --->   Operation 154 'select' 'select_ln1989' <Predicate = (!tobool)> <Delay = 0.00> <CoreInst = "Sel">   --->   Core 73 'Sel' <Latency = 0> <II = 1> <Delay = 0.39> <FuncUnit> <Opcode : 'select'> <InPorts = 3> <OutPorts = 1>
ST_3 : Operation 155 [1/1] (0.39ns) (out node of the LUT)   --->   "%empty_85 = select i1 %tobool, i8 %pix_8, i8 %select_ln1989" [/home/izaan/GitRepos/dpdma_exdes/vivado_quad_vmix/kv260_quad_vmix_dp.runs/bd_quad_vmix_dp_v_tpg_4_0_synth_1/prj/sol/.autopilot/db/v_tpg.cpp:778]   --->   Operation 155 'select' 'empty_85' <Predicate = true> <Delay = 0.39> <CoreInst = "Sel">   --->   Core 73 'Sel' <Latency = 0> <II = 1> <Delay = 0.39> <FuncUnit> <Opcode : 'select'> <InPorts = 3> <OutPorts = 1>
ST_3 : Operation 156 [1/1] (0.00ns) (grouped into LUT with out node empty_86)   --->   "%select_ln1991_1 = select i1 %and10_i, i8 0, i8 %pix_6" [/home/izaan/GitRepos/dpdma_exdes/vivado_quad_vmix/kv260_quad_vmix_dp.runs/bd_quad_vmix_dp_v_tpg_4_0_synth_1/prj/sol/.autopilot/db/v_tpg.cpp:1991->/home/izaan/GitRepos/dpdma_exdes/vivado_quad_vmix/kv260_quad_vmix_dp.runs/bd_quad_vmix_dp_v_tpg_4_0_synth_1/prj/sol/.autopilot/db/v_tpg.cpp:803]   --->   Operation 156 'select' 'select_ln1991_1' <Predicate = (!tobool)> <Delay = 0.00> <CoreInst = "Sel">   --->   Core 73 'Sel' <Latency = 0> <II = 1> <Delay = 0.39> <FuncUnit> <Opcode : 'select'> <InPorts = 3> <OutPorts = 1>
ST_3 : Operation 157 [1/1] (0.39ns) (out node of the LUT)   --->   "%empty_86 = select i1 %tobool, i8 %pix_6, i8 %select_ln1991_1" [/home/izaan/GitRepos/dpdma_exdes/vivado_quad_vmix/kv260_quad_vmix_dp.runs/bd_quad_vmix_dp_v_tpg_4_0_synth_1/prj/sol/.autopilot/db/v_tpg.cpp:778]   --->   Operation 157 'select' 'empty_86' <Predicate = true> <Delay = 0.39> <CoreInst = "Sel">   --->   Core 73 'Sel' <Latency = 0> <II = 1> <Delay = 0.39> <FuncUnit> <Opcode : 'select'> <InPorts = 3> <OutPorts = 1>
ST_3 : Operation 158 [1/1] (0.00ns) (grouped into LUT with out node empty_87)   --->   "%select_ln1993_1 = select i1 %and26_i, i8 0, i8 %pix_7" [/home/izaan/GitRepos/dpdma_exdes/vivado_quad_vmix/kv260_quad_vmix_dp.runs/bd_quad_vmix_dp_v_tpg_4_0_synth_1/prj/sol/.autopilot/db/v_tpg.cpp:1993->/home/izaan/GitRepos/dpdma_exdes/vivado_quad_vmix/kv260_quad_vmix_dp.runs/bd_quad_vmix_dp_v_tpg_4_0_synth_1/prj/sol/.autopilot/db/v_tpg.cpp:803]   --->   Operation 158 'select' 'select_ln1993_1' <Predicate = (!tobool)> <Delay = 0.00> <CoreInst = "Sel">   --->   Core 73 'Sel' <Latency = 0> <II = 1> <Delay = 0.39> <FuncUnit> <Opcode : 'select'> <InPorts = 3> <OutPorts = 1>
ST_3 : Operation 159 [1/1] (0.39ns) (out node of the LUT)   --->   "%empty_87 = select i1 %tobool, i8 %pix_7, i8 %select_ln1993_1" [/home/izaan/GitRepos/dpdma_exdes/vivado_quad_vmix/kv260_quad_vmix_dp.runs/bd_quad_vmix_dp_v_tpg_4_0_synth_1/prj/sol/.autopilot/db/v_tpg.cpp:778]   --->   Operation 159 'select' 'empty_87' <Predicate = true> <Delay = 0.39> <CoreInst = "Sel">   --->   Core 73 'Sel' <Latency = 0> <II = 1> <Delay = 0.39> <FuncUnit> <Opcode : 'select'> <InPorts = 3> <OutPorts = 1>
ST_3 : Operation 160 [1/1] (0.00ns)   --->   "%or_ln808_9 = bitconcatenate i48 @_ssdm_op_BitConcatenate.i48.i8.i8.i8.i8.i8.i8, i8 %p_0_5_0_0_0155, i8 %empty_84, i8 %empty_85, i8 %empty_87, i8 %empty_86, i8 %pixOut_28" [/home/izaan/GitRepos/dpdma_exdes/vivado_quad_vmix/kv260_quad_vmix_dp.runs/bd_quad_vmix_dp_v_tpg_4_0_synth_1/prj/sol/.autopilot/db/v_tpg.cpp:808]   --->   Operation 160 'bitconcatenate' 'or_ln808_9' <Predicate = true> <Delay = 0.00>
ST_3 : Operation 161 [1/1] ( I:2.04ns O:2.04ns )   --->   "%write_ln808 = write void @_ssdm_op_Write.ap_fifo.volatile.i48P0A, i48 %ovrlayYUV, i48 %or_ln808_9" [/home/izaan/GitRepos/dpdma_exdes/vivado_quad_vmix/kv260_quad_vmix_dp.runs/bd_quad_vmix_dp_v_tpg_4_0_synth_1/prj/sol/.autopilot/db/v_tpg.cpp:808]   --->   Operation 161 'write' 'write_ln808' <Predicate = true> <Delay = 2.04> <CoreInst = "FIFO_SRL">   --->   Core 80 'FIFO_SRL' <Latency = 0> <II = 1> <Delay = 2.04> <Storage> <Opcode : 'read' 'write' 'nbread' 'nbwrite'> <Ports = 0> <Width = 48> <Depth = 16> <FIFO>
ST_3 : Operation 162 [1/1] (0.00ns)   --->   "%br_ln774 = br void %for.body6" [/home/izaan/GitRepos/dpdma_exdes/vivado_quad_vmix/kv260_quad_vmix_dp.runs/bd_quad_vmix_dp_v_tpg_4_0_synth_1/prj/sol/.autopilot/db/v_tpg.cpp:774]   --->   Operation 162 'br' 'br_ln774' <Predicate = true> <Delay = 0.00>


============================================================
+ Verbose Summary: Timing violations
============================================================
Target clock period: 6.667ns, clock uncertainty: 1.800ns.

 <State 1>: 1.717ns
The critical path consists of the following:
	'store' operation 0 bit ('store_ln1956', /home/izaan/GitRepos/dpdma_exdes/vivado_quad_vmix/kv260_quad_vmix_dp.runs/bd_quad_vmix_dp_v_tpg_4_0_synth_1/prj/sol/.autopilot/db/v_tpg.cpp:1956->/home/izaan/GitRepos/dpdma_exdes/vivado_quad_vmix/kv260_quad_vmix_dp.runs/bd_quad_vmix_dp_v_tpg_4_0_synth_1/prj/sol/.autopilot/db/v_tpg.cpp:793) of constant 0 on local variable 'x', /home/izaan/GitRepos/dpdma_exdes/vivado_quad_vmix/kv260_quad_vmix_dp.runs/bd_quad_vmix_dp_v_tpg_4_0_synth_1/prj/sol/.autopilot/db/v_tpg.cpp:1956->/home/izaan/GitRepos/dpdma_exdes/vivado_quad_vmix/kv260_quad_vmix_dp.runs/bd_quad_vmix_dp_v_tpg_4_0_synth_1/prj/sol/.autopilot/db/v_tpg.cpp:793 [67]  (0.427 ns)
	'load' operation 17 bit ('x', /home/izaan/GitRepos/dpdma_exdes/vivado_quad_vmix/kv260_quad_vmix_dp.runs/bd_quad_vmix_dp_v_tpg_4_0_synth_1/prj/sol/.autopilot/db/v_tpg.cpp:774) on local variable 'x', /home/izaan/GitRepos/dpdma_exdes/vivado_quad_vmix/kv260_quad_vmix_dp.runs/bd_quad_vmix_dp_v_tpg_4_0_synth_1/prj/sol/.autopilot/db/v_tpg.cpp:1956->/home/izaan/GitRepos/dpdma_exdes/vivado_quad_vmix/kv260_quad_vmix_dp.runs/bd_quad_vmix_dp_v_tpg_4_0_synth_1/prj/sol/.autopilot/db/v_tpg.cpp:793 [70]  (0.000 ns)
	'icmp' operation 1 bit ('icmp_ln774', /home/izaan/GitRepos/dpdma_exdes/vivado_quad_vmix/kv260_quad_vmix_dp.runs/bd_quad_vmix_dp_v_tpg_4_0_synth_1/prj/sol/.autopilot/db/v_tpg.cpp:774) [71]  (0.863 ns)
	'store' operation 0 bit ('store_ln1918', /home/izaan/GitRepos/dpdma_exdes/vivado_quad_vmix/kv260_quad_vmix_dp.runs/bd_quad_vmix_dp_v_tpg_4_0_synth_1/prj/sol/.autopilot/db/v_tpg.cpp:1918->/home/izaan/GitRepos/dpdma_exdes/vivado_quad_vmix/kv260_quad_vmix_dp.runs/bd_quad_vmix_dp_v_tpg_4_0_synth_1/prj/sol/.autopilot/db/v_tpg.cpp:788) of variable 'sub_ln1918', /home/izaan/GitRepos/dpdma_exdes/vivado_quad_vmix/kv260_quad_vmix_dp.runs/bd_quad_vmix_dp_v_tpg_4_0_synth_1/prj/sol/.autopilot/db/v_tpg.cpp:1918->/home/izaan/GitRepos/dpdma_exdes/vivado_quad_vmix/kv260_quad_vmix_dp.runs/bd_quad_vmix_dp_v_tpg_4_0_synth_1/prj/sol/.autopilot/db/v_tpg.cpp:788 on local variable 'boxVCoord_loc_1_out' [133]  (0.427 ns)

 <State 2>: 2.673ns
The critical path consists of the following:
	'load' operation 16 bit ('boxTop', /home/izaan/GitRepos/dpdma_exdes/vivado_quad_vmix/kv260_quad_vmix_dp.runs/bd_quad_vmix_dp_v_tpg_4_0_synth_1/prj/sol/.autopilot/db/v_tpg.cpp:1928->/home/izaan/GitRepos/dpdma_exdes/vivado_quad_vmix/kv260_quad_vmix_dp.runs/bd_quad_vmix_dp_v_tpg_4_0_synth_1/prj/sol/.autopilot/db/v_tpg.cpp:788) on local variable 'boxVCoord_loc_1_out' [146]  (0.000 ns)
	'add' operation 16 bit ('boxBottom', /home/izaan/GitRepos/dpdma_exdes/vivado_quad_vmix/kv260_quad_vmix_dp.runs/bd_quad_vmix_dp_v_tpg_4_0_synth_1/prj/sol/.autopilot/db/v_tpg.cpp:1928->/home/izaan/GitRepos/dpdma_exdes/vivado_quad_vmix/kv260_quad_vmix_dp.runs/bd_quad_vmix_dp_v_tpg_4_0_synth_1/prj/sol/.autopilot/db/v_tpg.cpp:788) [149]  (0.853 ns)
	'icmp' operation 1 bit ('icmp_ln1942', /home/izaan/GitRepos/dpdma_exdes/vivado_quad_vmix/kv260_quad_vmix_dp.runs/bd_quad_vmix_dp_v_tpg_4_0_synth_1/prj/sol/.autopilot/db/v_tpg.cpp:1942->/home/izaan/GitRepos/dpdma_exdes/vivado_quad_vmix/kv260_quad_vmix_dp.runs/bd_quad_vmix_dp_v_tpg_4_0_synth_1/prj/sol/.autopilot/db/v_tpg.cpp:788) [150]  (0.853 ns)
	'xor' operation 1 bit ('xor_ln1942', /home/izaan/GitRepos/dpdma_exdes/vivado_quad_vmix/kv260_quad_vmix_dp.runs/bd_quad_vmix_dp_v_tpg_4_0_synth_1/prj/sol/.autopilot/db/v_tpg.cpp:1942->/home/izaan/GitRepos/dpdma_exdes/vivado_quad_vmix/kv260_quad_vmix_dp.runs/bd_quad_vmix_dp_v_tpg_4_0_synth_1/prj/sol/.autopilot/db/v_tpg.cpp:788) [151]  (0.000 ns)
	'or' operation 1 bit ('or_ln1942', /home/izaan/GitRepos/dpdma_exdes/vivado_quad_vmix/kv260_quad_vmix_dp.runs/bd_quad_vmix_dp_v_tpg_4_0_synth_1/prj/sol/.autopilot/db/v_tpg.cpp:1942->/home/izaan/GitRepos/dpdma_exdes/vivado_quad_vmix/kv260_quad_vmix_dp.runs/bd_quad_vmix_dp_v_tpg_4_0_synth_1/prj/sol/.autopilot/db/v_tpg.cpp:788) [153]  (0.287 ns)
	'or' operation 1 bit ('or_ln1942_1', /home/izaan/GitRepos/dpdma_exdes/vivado_quad_vmix/kv260_quad_vmix_dp.runs/bd_quad_vmix_dp_v_tpg_4_0_synth_1/prj/sol/.autopilot/db/v_tpg.cpp:1942->/home/izaan/GitRepos/dpdma_exdes/vivado_quad_vmix/kv260_quad_vmix_dp.runs/bd_quad_vmix_dp_v_tpg_4_0_synth_1/prj/sol/.autopilot/db/v_tpg.cpp:788) [157]  (0.000 ns)
	'or' operation 1 bit ('or_ln1942_2', /home/izaan/GitRepos/dpdma_exdes/vivado_quad_vmix/kv260_quad_vmix_dp.runs/bd_quad_vmix_dp_v_tpg_4_0_synth_1/prj/sol/.autopilot/db/v_tpg.cpp:1942->/home/izaan/GitRepos/dpdma_exdes/vivado_quad_vmix/kv260_quad_vmix_dp.runs/bd_quad_vmix_dp_v_tpg_4_0_synth_1/prj/sol/.autopilot/db/v_tpg.cpp:788) [158]  (0.287 ns)
	'select' operation 8 bit ('pixOut', /home/izaan/GitRepos/dpdma_exdes/vivado_quad_vmix/kv260_quad_vmix_dp.runs/bd_quad_vmix_dp_v_tpg_4_0_synth_1/prj/sol/.autopilot/db/v_tpg.cpp:1942->/home/izaan/GitRepos/dpdma_exdes/vivado_quad_vmix/kv260_quad_vmix_dp.runs/bd_quad_vmix_dp_v_tpg_4_0_synth_1/prj/sol/.autopilot/db/v_tpg.cpp:788) [159]  (0.393 ns)

 <State 3>: 2.437ns
The critical path consists of the following:
	'phi' operation 8 bit ('pixIn') with incoming values : ('conv2_i_i_i_read') ('pixIn', /home/izaan/GitRepos/dpdma_exdes/vivado_quad_vmix/kv260_quad_vmix_dp.runs/bd_quad_vmix_dp_v_tpg_4_0_synth_1/prj/sol/.autopilot/db/v_tpg.cpp:778) ('pixOut', /home/izaan/GitRepos/dpdma_exdes/vivado_quad_vmix/kv260_quad_vmix_dp.runs/bd_quad_vmix_dp_v_tpg_4_0_synth_1/prj/sol/.autopilot/db/v_tpg.cpp:1942->/home/izaan/GitRepos/dpdma_exdes/vivado_quad_vmix/kv260_quad_vmix_dp.runs/bd_quad_vmix_dp_v_tpg_4_0_synth_1/prj/sol/.autopilot/db/v_tpg.cpp:788) [188]  (0.000 ns)
	'select' operation 8 bit ('p_0_5_0_0_0155', /home/izaan/GitRepos/dpdma_exdes/vivado_quad_vmix/kv260_quad_vmix_dp.runs/bd_quad_vmix_dp_v_tpg_4_0_synth_1/prj/sol/.autopilot/db/v_tpg.cpp:778) [196]  (0.393 ns)
	fifo write operation ('write_ln808', /home/izaan/GitRepos/dpdma_exdes/vivado_quad_vmix/kv260_quad_vmix_dp.runs/bd_quad_vmix_dp_v_tpg_4_0_synth_1/prj/sol/.autopilot/db/v_tpg.cpp:808) on port 'ovrlayYUV' (/home/izaan/GitRepos/dpdma_exdes/vivado_quad_vmix/kv260_quad_vmix_dp.runs/bd_quad_vmix_dp_v_tpg_4_0_synth_1/prj/sol/.autopilot/db/v_tpg.cpp:808) [207]  (2.044 ns)


============================================================
+ Verbose Summary: Binding
============================================================
N/A
* FSMD analyzer results:
  - Output states:
 - Input state : 
  - Chain level:
	State 1
	State 2
	State 3


============================================================
+ Verbose Summary: Datapath Resource usage 
============================================================
N/A
