

================================================================
== Vitis HLS Report for 'v_tpg'
================================================================
* Date:           Mon Apr 27 12:25:05 2026

* Version:        2024.2 (Build 5238294 on Nov  8 2024)
* Project:        prj
* Solution:       sol (Vivado IP Flow Target)
* Product family: zynquplus
* Target device:  xck26-sfvc784-2LV-c


================================================================
== Performance Estimates
================================================================
+ Timing: 
    * Summary: 
    +--------+---------+----------+------------+
    |  Clock |  Target | Estimated| Uncertainty|
    +--------+---------+----------+------------+
    |ap_clk  |  6.67 ns|  4.792 ns|     1.80 ns|
    +--------+---------+----------+------------+

+ Latency: 
    * Summary: 
    +---------+------------+----------+------------+-----+------------+---------+
    |   Latency (cycles)   |   Latency (absolute)  |     Interval     | Pipeline|
    |   min   |     max    |    min   |     max    | min |     max    |   Type  |
    +---------+------------+----------+------------+-----+------------+---------+
    |       17|  2148302840|  0.113 us|  14.323 sec|   18|  2148302841|       no|
    +---------+------------+----------+------------+-----+------------+---------+

    + Detail: 
        * Instance: 
        N/A

        * Loop: 
        N/A

============================================================
+ Verbose Summary: Synthesis Manager
============================================================
InlineROM: 1
ExposeGlobal: 0
============================================================
+ Verbose Summary: CDFG Model
============================================================
IsTopModel: 1
ResetActiveHigh: 1
IsCombinational: 0
IsDatapathOnly: 0
HasWiredReturn: 1
HasMFsm: 0
HasVarLatency: 1
IsPipeline: 0
IsRtlPipelined: 0
IsInstanceOverlapped: 0
IsDontTouch: 0
HasImplIP: 0
IsGatedGlobalClock: 0


============================================================
+ Verbose Summary: Schedule
============================================================
* Number of FSM states : 4
* Pipeline : 0
* Dataflow Pipeline: 0

* FSM state transitions: 
1 --> 2 
2 --> 3 
3 --> 4 
4 --> 

* FSM state operations: 

State 1 <SV = 0> <Delay = 1.00>
ST_1 : Operation 5 [1/1] (1.00ns)   --->   "%bck_motion_en_read = read i16 @_ssdm_op_Read.s_axilite.i16P0A, i16 %bck_motion_en" [/home/izaan/GitRepos/dpdma_exdes/vivado_quad_vmix/kv260_quad_vmix_dp.runs/bd_quad_vmix_dp_v_tpg_4_0_synth_1/prj/sol/.autopilot/db/v_tpg.cpp:500]   --->   Operation 5 'read' 'bck_motion_en_read' <Predicate = true> <Delay = 1.00> <CoreInst = "s_axilite">   --->   Core 120 's_axilite' <Latency = 0> <II = 1> <Delay = 1.00> <Adapter> <Opcode : 'read' 'write'>
ST_1 : Operation 6 [2/2] (0.00ns)   --->   "%tmp = call i16 @reg<unsigned short>, i16 %bck_motion_en_read" [/home/izaan/GitRepos/dpdma_exdes/vivado_quad_vmix/kv260_quad_vmix_dp.runs/bd_quad_vmix_dp_v_tpg_4_0_synth_1/prj/sol/.autopilot/db/v_tpg.cpp:500]   --->   Operation 6 'call' 'tmp' <Predicate = true> <Delay = 0.00> <CoreType = "Generic">   --->   Generic Core

State 2 <SV = 1> <Delay = 2.83>
ST_2 : Operation 7 [1/1] (0.00ns)   --->   "%spectopmodule_ln409 = spectopmodule void @_ssdm_op_SpecTopModule, void @empty_29" [/home/izaan/GitRepos/dpdma_exdes/vivado_quad_vmix/kv260_quad_vmix_dp.runs/bd_quad_vmix_dp_v_tpg_4_0_synth_1/prj/sol/.autopilot/db/v_tpg.cpp:409]   --->   Operation 7 'spectopmodule' 'spectopmodule_ln409' <Predicate = true> <Delay = 0.00>
ST_2 : Operation 8 [1/1] (0.00ns)   --->   "%specbitsmap_ln0 = specbitsmap void @_ssdm_op_SpecBitsMap, i16 %height"   --->   Operation 8 'specbitsmap' 'specbitsmap_ln0' <Predicate = true> <Delay = 0.00>
ST_2 : Operation 9 [1/1] (0.00ns)   --->   "%specinterface_ln0 = specinterface void @_ssdm_op_SpecInterface, i16 %height, void @empty_15, i32 4294967295, i32 4294967295, void @empty_16, i32 0, i32 0, void @empty_7, void @empty_8, void @empty_9, i32 0, i32 0, i32 0, i32 0, void @empty_9, void @empty_9, i32 4294967295, i32 0, i32 0"   --->   Operation 9 'specinterface' 'specinterface_ln0' <Predicate = true> <Delay = 0.00>
ST_2 : Operation 10 [1/1] (0.00ns)   --->   "%specinterface_ln0 = specinterface void @_ssdm_op_SpecInterface, i16 %height, void @empty_2, i32 4294967295, i32 4294967295, void @empty_9, i32 0, i32 0, void @empty_9, void @empty_9, void @empty_9, i32 0, i32 0, i32 0, i32 0, void @empty_9, void @empty_9, i32 4294967295, i32 0, i32 0"   --->   Operation 10 'specinterface' 'specinterface_ln0' <Predicate = true> <Delay = 0.00>
ST_2 : Operation 11 [1/1] (0.00ns)   --->   "%specbitsmap_ln0 = specbitsmap void @_ssdm_op_SpecBitsMap, i16 %width"   --->   Operation 11 'specbitsmap' 'specbitsmap_ln0' <Predicate = true> <Delay = 0.00>
ST_2 : Operation 12 [1/1] (0.00ns)   --->   "%specinterface_ln0 = specinterface void @_ssdm_op_SpecInterface, i16 %width, void @empty_15, i32 4294967295, i32 4294967295, void @empty_16, i32 0, i32 0, void @empty_7, void @empty_26, void @empty_9, i32 0, i32 0, i32 0, i32 0, void @empty_9, void @empty_9, i32 4294967295, i32 0, i32 0"   --->   Operation 12 'specinterface' 'specinterface_ln0' <Predicate = true> <Delay = 0.00>
ST_2 : Operation 13 [1/1] (0.00ns)   --->   "%specinterface_ln0 = specinterface void @_ssdm_op_SpecInterface, i16 %width, void @empty_2, i32 4294967295, i32 4294967295, void @empty_9, i32 0, i32 0, void @empty_9, void @empty_9, void @empty_9, i32 0, i32 0, i32 0, i32 0, void @empty_9, void @empty_9, i32 4294967295, i32 0, i32 0"   --->   Operation 13 'specinterface' 'specinterface_ln0' <Predicate = true> <Delay = 0.00>
ST_2 : Operation 14 [1/1] (0.00ns)   --->   "%specbitsmap_ln0 = specbitsmap void @_ssdm_op_SpecBitsMap, i16 %field_id"   --->   Operation 14 'specbitsmap' 'specbitsmap_ln0' <Predicate = true> <Delay = 0.00>
ST_2 : Operation 15 [1/1] (0.00ns)   --->   "%specinterface_ln0 = specinterface void @_ssdm_op_SpecInterface, i16 %field_id, void @empty_15, i32 4294967295, i32 4294967295, void @empty_16, i32 0, i32 0, void @empty_7, void @empty_4, void @empty_9, i32 0, i32 0, i32 0, i32 0, void @empty_9, void @empty_9, i32 4294967295, i32 0, i32 0"   --->   Operation 15 'specinterface' 'specinterface_ln0' <Predicate = true> <Delay = 0.00>
ST_2 : Operation 16 [1/1] (0.00ns)   --->   "%specinterface_ln0 = specinterface void @_ssdm_op_SpecInterface, i16 %field_id, void @empty_2, i32 4294967295, i32 4294967295, void @empty_9, i32 0, i32 0, void @empty_9, void @empty_9, void @empty_9, i32 0, i32 0, i32 0, i32 0, void @empty_9, void @empty_9, i32 4294967295, i32 0, i32 0"   --->   Operation 16 'specinterface' 'specinterface_ln0' <Predicate = true> <Delay = 0.00>
ST_2 : Operation 17 [1/1] (0.00ns)   --->   "%specbitsmap_ln0 = specbitsmap void @_ssdm_op_SpecBitsMap, i1 %fid_in"   --->   Operation 17 'specbitsmap' 'specbitsmap_ln0' <Predicate = true> <Delay = 0.00>
ST_2 : Operation 18 [1/1] (0.00ns)   --->   "%specinterface_ln0 = specinterface void @_ssdm_op_SpecInterface, i1 %fid_in, void @empty_2, i32 0, i32 0, void @empty_9, i32 0, i32 0, void @empty_9, void @empty_9, void @empty_9, i32 0, i32 0, i32 0, i32 0, void @empty_9, void @empty_9, i32 4294967295, i32 0, i32 0"   --->   Operation 18 'specinterface' 'specinterface_ln0' <Predicate = true> <Delay = 0.00>
ST_2 : Operation 19 [1/1] (0.00ns)   --->   "%specbitsmap_ln0 = specbitsmap void @_ssdm_op_SpecBitsMap, i8 %bckgndId"   --->   Operation 19 'specbitsmap' 'specbitsmap_ln0' <Predicate = true> <Delay = 0.00>
ST_2 : Operation 20 [1/1] (0.00ns)   --->   "%specinterface_ln0 = specinterface void @_ssdm_op_SpecInterface, i8 %bckgndId, void @empty_15, i32 4294967295, i32 4294967295, void @empty_16, i32 0, i32 0, void @empty_7, void @empty_5, void @empty_9, i32 0, i32 0, i32 0, i32 0, void @empty_9, void @empty_9, i32 4294967295, i32 0, i32 0"   --->   Operation 20 'specinterface' 'specinterface_ln0' <Predicate = true> <Delay = 0.00>
ST_2 : Operation 21 [1/1] (0.00ns)   --->   "%specinterface_ln0 = specinterface void @_ssdm_op_SpecInterface, i8 %bckgndId, void @empty_2, i32 4294967295, i32 4294967295, void @empty_9, i32 0, i32 0, void @empty_9, void @empty_9, void @empty_9, i32 0, i32 0, i32 0, i32 0, void @empty_9, void @empty_9, i32 4294967295, i32 0, i32 0"   --->   Operation 21 'specinterface' 'specinterface_ln0' <Predicate = true> <Delay = 0.00>
ST_2 : Operation 22 [1/1] (0.00ns)   --->   "%specbitsmap_ln0 = specbitsmap void @_ssdm_op_SpecBitsMap, i8 %ovrlayId"   --->   Operation 22 'specbitsmap' 'specbitsmap_ln0' <Predicate = true> <Delay = 0.00>
ST_2 : Operation 23 [1/1] (0.00ns)   --->   "%specinterface_ln0 = specinterface void @_ssdm_op_SpecInterface, i8 %ovrlayId, void @empty_15, i32 4294967295, i32 4294967295, void @empty_16, i32 0, i32 0, void @empty_7, void @empty_14, void @empty_9, i32 0, i32 0, i32 0, i32 0, void @empty_9, void @empty_9, i32 4294967295, i32 0, i32 0"   --->   Operation 23 'specinterface' 'specinterface_ln0' <Predicate = true> <Delay = 0.00>
ST_2 : Operation 24 [1/1] (0.00ns)   --->   "%specinterface_ln0 = specinterface void @_ssdm_op_SpecInterface, i8 %ovrlayId, void @empty_2, i32 4294967295, i32 4294967295, void @empty_9, i32 0, i32 0, void @empty_9, void @empty_9, void @empty_9, i32 0, i32 0, i32 0, i32 0, void @empty_9, void @empty_9, i32 4294967295, i32 0, i32 0"   --->   Operation 24 'specinterface' 'specinterface_ln0' <Predicate = true> <Delay = 0.00>
ST_2 : Operation 25 [1/1] (0.00ns)   --->   "%specbitsmap_ln0 = specbitsmap void @_ssdm_op_SpecBitsMap, i8 %maskId"   --->   Operation 25 'specbitsmap' 'specbitsmap_ln0' <Predicate = true> <Delay = 0.00>
ST_2 : Operation 26 [1/1] (0.00ns)   --->   "%specinterface_ln0 = specinterface void @_ssdm_op_SpecInterface, i8 %maskId, void @empty_15, i32 4294967295, i32 4294967295, void @empty_16, i32 0, i32 0, void @empty_7, void @empty_6, void @empty_9, i32 0, i32 0, i32 0, i32 0, void @empty_9, void @empty_9, i32 4294967295, i32 0, i32 0"   --->   Operation 26 'specinterface' 'specinterface_ln0' <Predicate = true> <Delay = 0.00>
ST_2 : Operation 27 [1/1] (0.00ns)   --->   "%specinterface_ln0 = specinterface void @_ssdm_op_SpecInterface, i8 %maskId, void @empty_2, i32 4294967295, i32 4294967295, void @empty_9, i32 0, i32 0, void @empty_9, void @empty_9, void @empty_9, i32 0, i32 0, i32 0, i32 0, void @empty_9, void @empty_9, i32 4294967295, i32 0, i32 0"   --->   Operation 27 'specinterface' 'specinterface_ln0' <Predicate = true> <Delay = 0.00>
ST_2 : Operation 28 [1/1] (0.00ns)   --->   "%specbitsmap_ln0 = specbitsmap void @_ssdm_op_SpecBitsMap, i8 %motionSpeed"   --->   Operation 28 'specbitsmap' 'specbitsmap_ln0' <Predicate = true> <Delay = 0.00>
ST_2 : Operation 29 [1/1] (0.00ns)   --->   "%specinterface_ln0 = specinterface void @_ssdm_op_SpecInterface, i8 %motionSpeed, void @empty_15, i32 4294967295, i32 4294967295, void @empty_16, i32 0, i32 0, void @empty_7, void @empty_12, void @empty_9, i32 0, i32 0, i32 0, i32 0, void @empty_9, void @empty_9, i32 4294967295, i32 0, i32 0"   --->   Operation 29 'specinterface' 'specinterface_ln0' <Predicate = true> <Delay = 0.00>
ST_2 : Operation 30 [1/1] (0.00ns)   --->   "%specinterface_ln0 = specinterface void @_ssdm_op_SpecInterface, i8 %motionSpeed, void @empty_2, i32 4294967295, i32 4294967295, void @empty_9, i32 0, i32 0, void @empty_9, void @empty_9, void @empty_9, i32 0, i32 0, i32 0, i32 0, void @empty_9, void @empty_9, i32 4294967295, i32 0, i32 0"   --->   Operation 30 'specinterface' 'specinterface_ln0' <Predicate = true> <Delay = 0.00>
ST_2 : Operation 31 [1/1] (0.00ns)   --->   "%specbitsmap_ln0 = specbitsmap void @_ssdm_op_SpecBitsMap, i8 %colorFormat"   --->   Operation 31 'specbitsmap' 'specbitsmap_ln0' <Predicate = true> <Delay = 0.00>
ST_2 : Operation 32 [1/1] (0.00ns)   --->   "%specinterface_ln0 = specinterface void @_ssdm_op_SpecInterface, i8 %colorFormat, void @empty_15, i32 4294967295, i32 4294967295, void @empty_16, i32 0, i32 0, void @empty_7, void @empty_11, void @empty_9, i32 0, i32 0, i32 0, i32 0, void @empty_9, void @empty_9, i32 4294967295, i32 0, i32 0"   --->   Operation 32 'specinterface' 'specinterface_ln0' <Predicate = true> <Delay = 0.00>
ST_2 : Operation 33 [1/1] (0.00ns)   --->   "%specinterface_ln0 = specinterface void @_ssdm_op_SpecInterface, i8 %colorFormat, void @empty_2, i32 4294967295, i32 4294967295, void @empty_9, i32 0, i32 0, void @empty_9, void @empty_9, void @empty_9, i32 0, i32 0, i32 0, i32 0, void @empty_9, void @empty_9, i32 4294967295, i32 0, i32 0"   --->   Operation 33 'specinterface' 'specinterface_ln0' <Predicate = true> <Delay = 0.00>
ST_2 : Operation 34 [1/1] (0.00ns)   --->   "%specbitsmap_ln0 = specbitsmap void @_ssdm_op_SpecBitsMap, i16 %crossHairX"   --->   Operation 34 'specbitsmap' 'specbitsmap_ln0' <Predicate = true> <Delay = 0.00>
ST_2 : Operation 35 [1/1] (0.00ns)   --->   "%specinterface_ln0 = specinterface void @_ssdm_op_SpecInterface, i16 %crossHairX, void @empty_15, i32 4294967295, i32 4294967295, void @empty_16, i32 0, i32 0, void @empty_7, void @empty_3, void @empty_9, i32 0, i32 0, i32 0, i32 0, void @empty_9, void @empty_9, i32 4294967295, i32 0, i32 0"   --->   Operation 35 'specinterface' 'specinterface_ln0' <Predicate = true> <Delay = 0.00>
ST_2 : Operation 36 [1/1] (0.00ns)   --->   "%specinterface_ln0 = specinterface void @_ssdm_op_SpecInterface, i16 %crossHairX, void @empty_2, i32 4294967295, i32 4294967295, void @empty_9, i32 0, i32 0, void @empty_9, void @empty_9, void @empty_9, i32 0, i32 0, i32 0, i32 0, void @empty_9, void @empty_9, i32 4294967295, i32 0, i32 0"   --->   Operation 36 'specinterface' 'specinterface_ln0' <Predicate = true> <Delay = 0.00>
ST_2 : Operation 37 [1/1] (0.00ns)   --->   "%specbitsmap_ln0 = specbitsmap void @_ssdm_op_SpecBitsMap, i16 %crossHairY"   --->   Operation 37 'specbitsmap' 'specbitsmap_ln0' <Predicate = true> <Delay = 0.00>
ST_2 : Operation 38 [1/1] (0.00ns)   --->   "%specinterface_ln0 = specinterface void @_ssdm_op_SpecInterface, i16 %crossHairY, void @empty_15, i32 4294967295, i32 4294967295, void @empty_16, i32 0, i32 0, void @empty_7, void @empty_22, void @empty_9, i32 0, i32 0, i32 0, i32 0, void @empty_9, void @empty_9, i32 4294967295, i32 0, i32 0"   --->   Operation 38 'specinterface' 'specinterface_ln0' <Predicate = true> <Delay = 0.00>
ST_2 : Operation 39 [1/1] (0.00ns)   --->   "%specinterface_ln0 = specinterface void @_ssdm_op_SpecInterface, i16 %crossHairY, void @empty_2, i32 4294967295, i32 4294967295, void @empty_9, i32 0, i32 0, void @empty_9, void @empty_9, void @empty_9, i32 0, i32 0, i32 0, i32 0, void @empty_9, void @empty_9, i32 4294967295, i32 0, i32 0"   --->   Operation 39 'specinterface' 'specinterface_ln0' <Predicate = true> <Delay = 0.00>
ST_2 : Operation 40 [1/1] (0.00ns)   --->   "%specbitsmap_ln0 = specbitsmap void @_ssdm_op_SpecBitsMap, i16 %ZplateHorContStart"   --->   Operation 40 'specbitsmap' 'specbitsmap_ln0' <Predicate = true> <Delay = 0.00>
ST_2 : Operation 41 [1/1] (0.00ns)   --->   "%specinterface_ln0 = specinterface void @_ssdm_op_SpecInterface, i16 %ZplateHorContStart, void @empty_15, i32 4294967295, i32 4294967295, void @empty_16, i32 0, i32 0, void @empty_7, void @empty_1, void @empty_9, i32 0, i32 0, i32 0, i32 0, void @empty_9, void @empty_9, i32 4294967295, i32 0, i32 0"   --->   Operation 41 'specinterface' 'specinterface_ln0' <Predicate = true> <Delay = 0.00>
ST_2 : Operation 42 [1/1] (0.00ns)   --->   "%specinterface_ln0 = specinterface void @_ssdm_op_SpecInterface, i16 %ZplateHorContStart, void @empty_2, i32 4294967295, i32 4294967295, void @empty_9, i32 0, i32 0, void @empty_9, void @empty_9, void @empty_9, i32 0, i32 0, i32 0, i32 0, void @empty_9, void @empty_9, i32 4294967295, i32 0, i32 0"   --->   Operation 42 'specinterface' 'specinterface_ln0' <Predicate = true> <Delay = 0.00>
ST_2 : Operation 43 [1/1] (0.00ns)   --->   "%specbitsmap_ln0 = specbitsmap void @_ssdm_op_SpecBitsMap, i16 %ZplateHorContDelta"   --->   Operation 43 'specbitsmap' 'specbitsmap_ln0' <Predicate = true> <Delay = 0.00>
ST_2 : Operation 44 [1/1] (0.00ns)   --->   "%specinterface_ln0 = specinterface void @_ssdm_op_SpecInterface, i16 %ZplateHorContDelta, void @empty_15, i32 4294967295, i32 4294967295, void @empty_16, i32 0, i32 0, void @empty_7, void @empty_0, void @empty_9, i32 0, i32 0, i32 0, i32 0, void @empty_9, void @empty_9, i32 4294967295, i32 0, i32 0"   --->   Operation 44 'specinterface' 'specinterface_ln0' <Predicate = true> <Delay = 0.00>
ST_2 : Operation 45 [1/1] (0.00ns)   --->   "%specinterface_ln0 = specinterface void @_ssdm_op_SpecInterface, i16 %ZplateHorContDelta, void @empty_2, i32 4294967295, i32 4294967295, void @empty_9, i32 0, i32 0, void @empty_9, void @empty_9, void @empty_9, i32 0, i32 0, i32 0, i32 0, void @empty_9, void @empty_9, i32 4294967295, i32 0, i32 0"   --->   Operation 45 'specinterface' 'specinterface_ln0' <Predicate = true> <Delay = 0.00>
ST_2 : Operation 46 [1/1] (0.00ns)   --->   "%specbitsmap_ln0 = specbitsmap void @_ssdm_op_SpecBitsMap, i16 %ZplateVerContStart"   --->   Operation 46 'specbitsmap' 'specbitsmap_ln0' <Predicate = true> <Delay = 0.00>
ST_2 : Operation 47 [1/1] (0.00ns)   --->   "%specinterface_ln0 = specinterface void @_ssdm_op_SpecInterface, i16 %ZplateVerContStart, void @empty_15, i32 4294967295, i32 4294967295, void @empty_16, i32 0, i32 0, void @empty_7, void @empty, void @empty_9, i32 0, i32 0, i32 0, i32 0, void @empty_9, void @empty_9, i32 4294967295, i32 0, i32 0"   --->   Operation 47 'specinterface' 'specinterface_ln0' <Predicate = true> <Delay = 0.00>
ST_2 : Operation 48 [1/1] (0.00ns)   --->   "%specinterface_ln0 = specinterface void @_ssdm_op_SpecInterface, i16 %ZplateVerContStart, void @empty_2, i32 4294967295, i32 4294967295, void @empty_9, i32 0, i32 0, void @empty_9, void @empty_9, void @empty_9, i32 0, i32 0, i32 0, i32 0, void @empty_9, void @empty_9, i32 4294967295, i32 0, i32 0"   --->   Operation 48 'specinterface' 'specinterface_ln0' <Predicate = true> <Delay = 0.00>
ST_2 : Operation 49 [1/1] (0.00ns)   --->   "%specbitsmap_ln0 = specbitsmap void @_ssdm_op_SpecBitsMap, i16 %ZplateVerContDelta"   --->   Operation 49 'specbitsmap' 'specbitsmap_ln0' <Predicate = true> <Delay = 0.00>
ST_2 : Operation 50 [1/1] (0.00ns)   --->   "%specinterface_ln0 = specinterface void @_ssdm_op_SpecInterface, i16 %ZplateVerContDelta, void @empty_15, i32 4294967295, i32 4294967295, void @empty_16, i32 0, i32 0, void @empty_7, void @empty_25, void @empty_9, i32 0, i32 0, i32 0, i32 0, void @empty_9, void @empty_9, i32 4294967295, i32 0, i32 0"   --->   Operation 50 'specinterface' 'specinterface_ln0' <Predicate = true> <Delay = 0.00>
ST_2 : Operation 51 [1/1] (0.00ns)   --->   "%specinterface_ln0 = specinterface void @_ssdm_op_SpecInterface, i16 %ZplateVerContDelta, void @empty_2, i32 4294967295, i32 4294967295, void @empty_9, i32 0, i32 0, void @empty_9, void @empty_9, void @empty_9, i32 0, i32 0, i32 0, i32 0, void @empty_9, void @empty_9, i32 4294967295, i32 0, i32 0"   --->   Operation 51 'specinterface' 'specinterface_ln0' <Predicate = true> <Delay = 0.00>
ST_2 : Operation 52 [1/1] (0.00ns)   --->   "%specbitsmap_ln0 = specbitsmap void @_ssdm_op_SpecBitsMap, i16 %boxSize"   --->   Operation 52 'specbitsmap' 'specbitsmap_ln0' <Predicate = true> <Delay = 0.00>
ST_2 : Operation 53 [1/1] (0.00ns)   --->   "%specinterface_ln0 = specinterface void @_ssdm_op_SpecInterface, i16 %boxSize, void @empty_15, i32 4294967295, i32 4294967295, void @empty_16, i32 0, i32 0, void @empty_7, void @empty_24, void @empty_9, i32 0, i32 0, i32 0, i32 0, void @empty_9, void @empty_9, i32 4294967295, i32 0, i32 0"   --->   Operation 53 'specinterface' 'specinterface_ln0' <Predicate = true> <Delay = 0.00>
ST_2 : Operation 54 [1/1] (0.00ns)   --->   "%specinterface_ln0 = specinterface void @_ssdm_op_SpecInterface, i16 %boxSize, void @empty_2, i32 4294967295, i32 4294967295, void @empty_9, i32 0, i32 0, void @empty_9, void @empty_9, void @empty_9, i32 0, i32 0, i32 0, i32 0, void @empty_9, void @empty_9, i32 4294967295, i32 0, i32 0"   --->   Operation 54 'specinterface' 'specinterface_ln0' <Predicate = true> <Delay = 0.00>
ST_2 : Operation 55 [1/1] (0.00ns)   --->   "%specbitsmap_ln0 = specbitsmap void @_ssdm_op_SpecBitsMap, i16 %boxColorR"   --->   Operation 55 'specbitsmap' 'specbitsmap_ln0' <Predicate = true> <Delay = 0.00>
ST_2 : Operation 56 [1/1] (0.00ns)   --->   "%specinterface_ln0 = specinterface void @_ssdm_op_SpecInterface, i16 %boxColorR, void @empty_15, i32 4294967295, i32 4294967295, void @empty_16, i32 0, i32 0, void @empty_7, void @empty_10, void @empty_9, i32 0, i32 0, i32 0, i32 0, void @empty_9, void @empty_9, i32 4294967295, i32 0, i32 0"   --->   Operation 56 'specinterface' 'specinterface_ln0' <Predicate = true> <Delay = 0.00>
ST_2 : Operation 57 [1/1] (0.00ns)   --->   "%specinterface_ln0 = specinterface void @_ssdm_op_SpecInterface, i16 %boxColorR, void @empty_2, i32 4294967295, i32 4294967295, void @empty_9, i32 0, i32 0, void @empty_9, void @empty_9, void @empty_9, i32 0, i32 0, i32 0, i32 0, void @empty_9, void @empty_9, i32 4294967295, i32 0, i32 0"   --->   Operation 57 'specinterface' 'specinterface_ln0' <Predicate = true> <Delay = 0.00>
ST_2 : Operation 58 [1/1] (0.00ns)   --->   "%specbitsmap_ln0 = specbitsmap void @_ssdm_op_SpecBitsMap, i16 %boxColorG"   --->   Operation 58 'specbitsmap' 'specbitsmap_ln0' <Predicate = true> <Delay = 0.00>
ST_2 : Operation 59 [1/1] (0.00ns)   --->   "%specinterface_ln0 = specinterface void @_ssdm_op_SpecInterface, i16 %boxColorG, void @empty_15, i32 4294967295, i32 4294967295, void @empty_16, i32 0, i32 0, void @empty_7, void @empty_23, void @empty_9, i32 0, i32 0, i32 0, i32 0, void @empty_9, void @empty_9, i32 4294967295, i32 0, i32 0"   --->   Operation 59 'specinterface' 'specinterface_ln0' <Predicate = true> <Delay = 0.00>
ST_2 : Operation 60 [1/1] (0.00ns)   --->   "%specinterface_ln0 = specinterface void @_ssdm_op_SpecInterface, i16 %boxColorG, void @empty_2, i32 4294967295, i32 4294967295, void @empty_9, i32 0, i32 0, void @empty_9, void @empty_9, void @empty_9, i32 0, i32 0, i32 0, i32 0, void @empty_9, void @empty_9, i32 4294967295, i32 0, i32 0"   --->   Operation 60 'specinterface' 'specinterface_ln0' <Predicate = true> <Delay = 0.00>
ST_2 : Operation 61 [1/1] (0.00ns)   --->   "%specbitsmap_ln0 = specbitsmap void @_ssdm_op_SpecBitsMap, i16 %boxColorB"   --->   Operation 61 'specbitsmap' 'specbitsmap_ln0' <Predicate = true> <Delay = 0.00>
ST_2 : Operation 62 [1/1] (0.00ns)   --->   "%specinterface_ln0 = specinterface void @_ssdm_op_SpecInterface, i16 %boxColorB, void @empty_15, i32 4294967295, i32 4294967295, void @empty_16, i32 0, i32 0, void @empty_7, void @empty_35, void @empty_9, i32 0, i32 0, i32 0, i32 0, void @empty_9, void @empty_9, i32 4294967295, i32 0, i32 0"   --->   Operation 62 'specinterface' 'specinterface_ln0' <Predicate = true> <Delay = 0.00>
ST_2 : Operation 63 [1/1] (0.00ns)   --->   "%specinterface_ln0 = specinterface void @_ssdm_op_SpecInterface, i16 %boxColorB, void @empty_2, i32 4294967295, i32 4294967295, void @empty_9, i32 0, i32 0, void @empty_9, void @empty_9, void @empty_9, i32 0, i32 0, i32 0, i32 0, void @empty_9, void @empty_9, i32 4294967295, i32 0, i32 0"   --->   Operation 63 'specinterface' 'specinterface_ln0' <Predicate = true> <Delay = 0.00>
ST_2 : Operation 64 [1/1] (0.00ns)   --->   "%specbitsmap_ln0 = specbitsmap void @_ssdm_op_SpecBitsMap, i8 %dpDynamicRange"   --->   Operation 64 'specbitsmap' 'specbitsmap_ln0' <Predicate = true> <Delay = 0.00>
ST_2 : Operation 65 [1/1] (0.00ns)   --->   "%specinterface_ln0 = specinterface void @_ssdm_op_SpecInterface, i8 %dpDynamicRange, void @empty_15, i32 4294967295, i32 4294967295, void @empty_16, i32 0, i32 0, void @empty_7, void @empty_27, void @empty_9, i32 0, i32 0, i32 0, i32 0, void @empty_9, void @empty_9, i32 4294967295, i32 0, i32 0"   --->   Operation 65 'specinterface' 'specinterface_ln0' <Predicate = true> <Delay = 0.00>
ST_2 : Operation 66 [1/1] (0.00ns)   --->   "%specinterface_ln0 = specinterface void @_ssdm_op_SpecInterface, i8 %dpDynamicRange, void @empty_2, i32 4294967295, i32 4294967295, void @empty_9, i32 0, i32 0, void @empty_9, void @empty_9, void @empty_9, i32 0, i32 0, i32 0, i32 0, void @empty_9, void @empty_9, i32 4294967295, i32 0, i32 0"   --->   Operation 66 'specinterface' 'specinterface_ln0' <Predicate = true> <Delay = 0.00>
ST_2 : Operation 67 [1/1] (0.00ns)   --->   "%specbitsmap_ln0 = specbitsmap void @_ssdm_op_SpecBitsMap, i8 %dpYUVCoef"   --->   Operation 67 'specbitsmap' 'specbitsmap_ln0' <Predicate = true> <Delay = 0.00>
ST_2 : Operation 68 [1/1] (0.00ns)   --->   "%specinterface_ln0 = specinterface void @_ssdm_op_SpecInterface, i8 %dpYUVCoef, void @empty_15, i32 4294967295, i32 4294967295, void @empty_16, i32 0, i32 0, void @empty_7, void @empty_13, void @empty_9, i32 0, i32 0, i32 0, i32 0, void @empty_9, void @empty_9, i32 4294967295, i32 0, i32 0"   --->   Operation 68 'specinterface' 'specinterface_ln0' <Predicate = true> <Delay = 0.00>
ST_2 : Operation 69 [1/1] (0.00ns)   --->   "%specinterface_ln0 = specinterface void @_ssdm_op_SpecInterface, i8 %dpYUVCoef, void @empty_2, i32 4294967295, i32 4294967295, void @empty_9, i32 0, i32 0, void @empty_9, void @empty_9, void @empty_9, i32 0, i32 0, i32 0, i32 0, void @empty_9, void @empty_9, i32 4294967295, i32 0, i32 0"   --->   Operation 69 'specinterface' 'specinterface_ln0' <Predicate = true> <Delay = 0.00>
ST_2 : Operation 70 [1/1] (0.00ns)   --->   "%specbitsmap_ln0 = specbitsmap void @_ssdm_op_SpecBitsMap, i16 %bck_motion_en"   --->   Operation 70 'specbitsmap' 'specbitsmap_ln0' <Predicate = true> <Delay = 0.00>
ST_2 : Operation 71 [1/1] (0.00ns)   --->   "%specinterface_ln0 = specinterface void @_ssdm_op_SpecInterface, i16 %bck_motion_en, void @empty_15, i32 4294967295, i32 4294967295, void @empty_16, i32 0, i32 0, void @empty_7, void @empty_17, void @empty_9, i32 0, i32 0, i32 0, i32 0, void @empty_9, void @empty_9, i32 4294967295, i32 0, i32 0"   --->   Operation 71 'specinterface' 'specinterface_ln0' <Predicate = true> <Delay = 0.00>
ST_2 : Operation 72 [1/1] (0.00ns)   --->   "%specinterface_ln0 = specinterface void @_ssdm_op_SpecInterface, i16 %bck_motion_en, void @empty_2, i32 4294967295, i32 4294967295, void @empty_9, i32 0, i32 0, void @empty_9, void @empty_9, void @empty_9, i32 0, i32 0, i32 0, i32 0, void @empty_9, void @empty_9, i32 4294967295, i32 0, i32 0"   --->   Operation 72 'specinterface' 'specinterface_ln0' <Predicate = true> <Delay = 0.00>
ST_2 : Operation 73 [1/1] (0.00ns)   --->   "%specinterface_ln0 = specinterface void @_ssdm_op_SpecInterface, i48 %m_axis_video_V_data_V, i6 %m_axis_video_V_keep_V, i6 %m_axis_video_V_strb_V, i1 %m_axis_video_V_user_V, i1 %m_axis_video_V_last_V, i1 %m_axis_video_V_id_V, i1 %m_axis_video_V_dest_V, void @empty_18, i32 1, i32 1, void @empty_16, i32 0, i32 0, void @empty_9, void @empty_9, void @empty_9, i32 0, i32 0, i32 0, i32 0, void @empty_9, void @empty_9, i32 4294967295, i32 0, i32 0"   --->   Operation 73 'specinterface' 'specinterface_ln0' <Predicate = true> <Delay = 0.00>
ST_2 : Operation 74 [1/1] (0.00ns)   --->   "%specbitsmap_ln0 = specbitsmap void @_ssdm_op_SpecBitsMap, i48 %m_axis_video_V_data_V"   --->   Operation 74 'specbitsmap' 'specbitsmap_ln0' <Predicate = true> <Delay = 0.00>
ST_2 : Operation 75 [1/1] (0.00ns)   --->   "%specbitsmap_ln0 = specbitsmap void @_ssdm_op_SpecBitsMap, i6 %m_axis_video_V_keep_V"   --->   Operation 75 'specbitsmap' 'specbitsmap_ln0' <Predicate = true> <Delay = 0.00>
ST_2 : Operation 76 [1/1] (0.00ns)   --->   "%specbitsmap_ln0 = specbitsmap void @_ssdm_op_SpecBitsMap, i6 %m_axis_video_V_strb_V"   --->   Operation 76 'specbitsmap' 'specbitsmap_ln0' <Predicate = true> <Delay = 0.00>
ST_2 : Operation 77 [1/1] (0.00ns)   --->   "%specbitsmap_ln0 = specbitsmap void @_ssdm_op_SpecBitsMap, i1 %m_axis_video_V_user_V"   --->   Operation 77 'specbitsmap' 'specbitsmap_ln0' <Predicate = true> <Delay = 0.00>
ST_2 : Operation 78 [1/1] (0.00ns)   --->   "%specbitsmap_ln0 = specbitsmap void @_ssdm_op_SpecBitsMap, i1 %m_axis_video_V_last_V"   --->   Operation 78 'specbitsmap' 'specbitsmap_ln0' <Predicate = true> <Delay = 0.00>
ST_2 : Operation 79 [1/1] (0.00ns)   --->   "%specbitsmap_ln0 = specbitsmap void @_ssdm_op_SpecBitsMap, i1 %m_axis_video_V_id_V"   --->   Operation 79 'specbitsmap' 'specbitsmap_ln0' <Predicate = true> <Delay = 0.00>
ST_2 : Operation 80 [1/1] (0.00ns)   --->   "%specbitsmap_ln0 = specbitsmap void @_ssdm_op_SpecBitsMap, i1 %m_axis_video_V_dest_V"   --->   Operation 80 'specbitsmap' 'specbitsmap_ln0' <Predicate = true> <Delay = 0.00>
ST_2 : Operation 81 [1/1] (0.00ns)   --->   "%specbitsmap_ln0 = specbitsmap void @_ssdm_op_SpecBitsMap, i1 %fid"   --->   Operation 81 'specbitsmap' 'specbitsmap_ln0' <Predicate = true> <Delay = 0.00>
ST_2 : Operation 82 [1/1] (0.00ns)   --->   "%specinterface_ln0 = specinterface void @_ssdm_op_SpecInterface, i1 %fid, void @empty_19, i32 4294967295, i32 4294967295, void @empty_9, i32 0, i32 0, void @empty_9, void @empty_9, void @empty_9, i32 0, i32 0, i32 0, i32 0, void @empty_9, void @empty_9, i32 4294967295, i32 0, i32 0"   --->   Operation 82 'specinterface' 'specinterface_ln0' <Predicate = true> <Delay = 0.00>
ST_2 : Operation 83 [1/1] (0.00ns)   --->   "%specinterface_ln0 = specinterface void @_ssdm_op_SpecInterface, i32 0, void @empty_15, i32 0, i32 0, void @empty_9, i32 0, i32 0, void @empty_7, void @empty_9, void @empty_9, i32 0, i32 0, i32 0, i32 0, void @empty_9, void @empty_9, i32 4294967295, i32 0, i32 0"   --->   Operation 83 'specinterface' 'specinterface_ln0' <Predicate = true> <Delay = 0.00>
ST_2 : Operation 84 [1/1] (0.00ns)   --->   "%specstablecontent_ln465 = specstablecontent void @_ssdm_op_SpecStableContent, i16 %width, void " [/home/izaan/GitRepos/dpdma_exdes/vivado_quad_vmix/kv260_quad_vmix_dp.runs/bd_quad_vmix_dp_v_tpg_4_0_synth_1/prj/sol/.autopilot/db/v_tpg.cpp:465]   --->   Operation 84 'specstablecontent' 'specstablecontent_ln465' <Predicate = true> <Delay = 0.00>
ST_2 : Operation 85 [1/1] (0.00ns)   --->   "%specstablecontent_ln466 = specstablecontent void @_ssdm_op_SpecStableContent, i16 %height, void " [/home/izaan/GitRepos/dpdma_exdes/vivado_quad_vmix/kv260_quad_vmix_dp.runs/bd_quad_vmix_dp_v_tpg_4_0_synth_1/prj/sol/.autopilot/db/v_tpg.cpp:466]   --->   Operation 85 'specstablecontent' 'specstablecontent_ln466' <Predicate = true> <Delay = 0.00>
ST_2 : Operation 86 [1/1] (0.00ns)   --->   "%specstablecontent_ln467 = specstablecontent void @_ssdm_op_SpecStableContent, i16 %field_id, void " [/home/izaan/GitRepos/dpdma_exdes/vivado_quad_vmix/kv260_quad_vmix_dp.runs/bd_quad_vmix_dp_v_tpg_4_0_synth_1/prj/sol/.autopilot/db/v_tpg.cpp:467]   --->   Operation 86 'specstablecontent' 'specstablecontent_ln467' <Predicate = true> <Delay = 0.00>
ST_2 : Operation 87 [1/1] (0.00ns)   --->   "%specstablecontent_ln468 = specstablecontent void @_ssdm_op_SpecStableContent, i16 %bck_motion_en, void " [/home/izaan/GitRepos/dpdma_exdes/vivado_quad_vmix/kv260_quad_vmix_dp.runs/bd_quad_vmix_dp_v_tpg_4_0_synth_1/prj/sol/.autopilot/db/v_tpg.cpp:468]   --->   Operation 87 'specstablecontent' 'specstablecontent_ln468' <Predicate = true> <Delay = 0.00>
ST_2 : Operation 88 [1/1] (0.00ns)   --->   "%specstablecontent_ln470 = specstablecontent void @_ssdm_op_SpecStableContent, i1 %fid_in, void " [/home/izaan/GitRepos/dpdma_exdes/vivado_quad_vmix/kv260_quad_vmix_dp.runs/bd_quad_vmix_dp_v_tpg_4_0_synth_1/prj/sol/.autopilot/db/v_tpg.cpp:470]   --->   Operation 88 'specstablecontent' 'specstablecontent_ln470' <Predicate = true> <Delay = 0.00>
ST_2 : Operation 89 [1/1] (0.00ns)   --->   "%specstablecontent_ln480 = specstablecontent void @_ssdm_op_SpecStableContent, i8 %bckgndId, void " [/home/izaan/GitRepos/dpdma_exdes/vivado_quad_vmix/kv260_quad_vmix_dp.runs/bd_quad_vmix_dp_v_tpg_4_0_synth_1/prj/sol/.autopilot/db/v_tpg.cpp:480]   --->   Operation 89 'specstablecontent' 'specstablecontent_ln480' <Predicate = true> <Delay = 0.00>
ST_2 : Operation 90 [1/1] (0.00ns)   --->   "%specstablecontent_ln481 = specstablecontent void @_ssdm_op_SpecStableContent, i8 %ovrlayId, void " [/home/izaan/GitRepos/dpdma_exdes/vivado_quad_vmix/kv260_quad_vmix_dp.runs/bd_quad_vmix_dp_v_tpg_4_0_synth_1/prj/sol/.autopilot/db/v_tpg.cpp:481]   --->   Operation 90 'specstablecontent' 'specstablecontent_ln481' <Predicate = true> <Delay = 0.00>
ST_2 : Operation 91 [1/1] (0.00ns)   --->   "%specstablecontent_ln482 = specstablecontent void @_ssdm_op_SpecStableContent, i8 %maskId, void " [/home/izaan/GitRepos/dpdma_exdes/vivado_quad_vmix/kv260_quad_vmix_dp.runs/bd_quad_vmix_dp_v_tpg_4_0_synth_1/prj/sol/.autopilot/db/v_tpg.cpp:482]   --->   Operation 91 'specstablecontent' 'specstablecontent_ln482' <Predicate = true> <Delay = 0.00>
ST_2 : Operation 92 [1/1] (0.00ns)   --->   "%specstablecontent_ln483 = specstablecontent void @_ssdm_op_SpecStableContent, i8 %motionSpeed, void " [/home/izaan/GitRepos/dpdma_exdes/vivado_quad_vmix/kv260_quad_vmix_dp.runs/bd_quad_vmix_dp_v_tpg_4_0_synth_1/prj/sol/.autopilot/db/v_tpg.cpp:483]   --->   Operation 92 'specstablecontent' 'specstablecontent_ln483' <Predicate = true> <Delay = 0.00>
ST_2 : Operation 93 [1/1] (0.00ns)   --->   "%specstablecontent_ln484 = specstablecontent void @_ssdm_op_SpecStableContent, i8 %colorFormat, void " [/home/izaan/GitRepos/dpdma_exdes/vivado_quad_vmix/kv260_quad_vmix_dp.runs/bd_quad_vmix_dp_v_tpg_4_0_synth_1/prj/sol/.autopilot/db/v_tpg.cpp:484]   --->   Operation 93 'specstablecontent' 'specstablecontent_ln484' <Predicate = true> <Delay = 0.00>
ST_2 : Operation 94 [1/1] (0.00ns)   --->   "%specstablecontent_ln485 = specstablecontent void @_ssdm_op_SpecStableContent, i16 %crossHairX, void " [/home/izaan/GitRepos/dpdma_exdes/vivado_quad_vmix/kv260_quad_vmix_dp.runs/bd_quad_vmix_dp_v_tpg_4_0_synth_1/prj/sol/.autopilot/db/v_tpg.cpp:485]   --->   Operation 94 'specstablecontent' 'specstablecontent_ln485' <Predicate = true> <Delay = 0.00>
ST_2 : Operation 95 [1/1] (0.00ns)   --->   "%specstablecontent_ln486 = specstablecontent void @_ssdm_op_SpecStableContent, i16 %crossHairY, void " [/home/izaan/GitRepos/dpdma_exdes/vivado_quad_vmix/kv260_quad_vmix_dp.runs/bd_quad_vmix_dp_v_tpg_4_0_synth_1/prj/sol/.autopilot/db/v_tpg.cpp:486]   --->   Operation 95 'specstablecontent' 'specstablecontent_ln486' <Predicate = true> <Delay = 0.00>
ST_2 : Operation 96 [1/1] (0.00ns)   --->   "%specstablecontent_ln487 = specstablecontent void @_ssdm_op_SpecStableContent, i16 %ZplateHorContStart, void " [/home/izaan/GitRepos/dpdma_exdes/vivado_quad_vmix/kv260_quad_vmix_dp.runs/bd_quad_vmix_dp_v_tpg_4_0_synth_1/prj/sol/.autopilot/db/v_tpg.cpp:487]   --->   Operation 96 'specstablecontent' 'specstablecontent_ln487' <Predicate = true> <Delay = 0.00>
ST_2 : Operation 97 [1/1] (0.00ns)   --->   "%specstablecontent_ln488 = specstablecontent void @_ssdm_op_SpecStableContent, i16 %ZplateHorContDelta, void " [/home/izaan/GitRepos/dpdma_exdes/vivado_quad_vmix/kv260_quad_vmix_dp.runs/bd_quad_vmix_dp_v_tpg_4_0_synth_1/prj/sol/.autopilot/db/v_tpg.cpp:488]   --->   Operation 97 'specstablecontent' 'specstablecontent_ln488' <Predicate = true> <Delay = 0.00>
ST_2 : Operation 98 [1/1] (0.00ns)   --->   "%specstablecontent_ln489 = specstablecontent void @_ssdm_op_SpecStableContent, i16 %ZplateVerContStart, void " [/home/izaan/GitRepos/dpdma_exdes/vivado_quad_vmix/kv260_quad_vmix_dp.runs/bd_quad_vmix_dp_v_tpg_4_0_synth_1/prj/sol/.autopilot/db/v_tpg.cpp:489]   --->   Operation 98 'specstablecontent' 'specstablecontent_ln489' <Predicate = true> <Delay = 0.00>
ST_2 : Operation 99 [1/1] (0.00ns)   --->   "%specstablecontent_ln490 = specstablecontent void @_ssdm_op_SpecStableContent, i16 %ZplateVerContDelta, void " [/home/izaan/GitRepos/dpdma_exdes/vivado_quad_vmix/kv260_quad_vmix_dp.runs/bd_quad_vmix_dp_v_tpg_4_0_synth_1/prj/sol/.autopilot/db/v_tpg.cpp:490]   --->   Operation 99 'specstablecontent' 'specstablecontent_ln490' <Predicate = true> <Delay = 0.00>
ST_2 : Operation 100 [1/1] (0.00ns)   --->   "%specstablecontent_ln491 = specstablecontent void @_ssdm_op_SpecStableContent, i16 %boxSize, void " [/home/izaan/GitRepos/dpdma_exdes/vivado_quad_vmix/kv260_quad_vmix_dp.runs/bd_quad_vmix_dp_v_tpg_4_0_synth_1/prj/sol/.autopilot/db/v_tpg.cpp:491]   --->   Operation 100 'specstablecontent' 'specstablecontent_ln491' <Predicate = true> <Delay = 0.00>
ST_2 : Operation 101 [1/1] (0.00ns)   --->   "%specstablecontent_ln492 = specstablecontent void @_ssdm_op_SpecStableContent, i16 %boxColorR, void " [/home/izaan/GitRepos/dpdma_exdes/vivado_quad_vmix/kv260_quad_vmix_dp.runs/bd_quad_vmix_dp_v_tpg_4_0_synth_1/prj/sol/.autopilot/db/v_tpg.cpp:492]   --->   Operation 101 'specstablecontent' 'specstablecontent_ln492' <Predicate = true> <Delay = 0.00>
ST_2 : Operation 102 [1/1] (0.00ns)   --->   "%specstablecontent_ln493 = specstablecontent void @_ssdm_op_SpecStableContent, i16 %boxColorG, void " [/home/izaan/GitRepos/dpdma_exdes/vivado_quad_vmix/kv260_quad_vmix_dp.runs/bd_quad_vmix_dp_v_tpg_4_0_synth_1/prj/sol/.autopilot/db/v_tpg.cpp:493]   --->   Operation 102 'specstablecontent' 'specstablecontent_ln493' <Predicate = true> <Delay = 0.00>
ST_2 : Operation 103 [1/1] (0.00ns)   --->   "%specstablecontent_ln494 = specstablecontent void @_ssdm_op_SpecStableContent, i16 %boxColorB, void " [/home/izaan/GitRepos/dpdma_exdes/vivado_quad_vmix/kv260_quad_vmix_dp.runs/bd_quad_vmix_dp_v_tpg_4_0_synth_1/prj/sol/.autopilot/db/v_tpg.cpp:494]   --->   Operation 103 'specstablecontent' 'specstablecontent_ln494' <Predicate = true> <Delay = 0.00>
ST_2 : Operation 104 [1/1] (0.00ns)   --->   "%specstablecontent_ln495 = specstablecontent void @_ssdm_op_SpecStableContent, i8 %dpDynamicRange, void " [/home/izaan/GitRepos/dpdma_exdes/vivado_quad_vmix/kv260_quad_vmix_dp.runs/bd_quad_vmix_dp_v_tpg_4_0_synth_1/prj/sol/.autopilot/db/v_tpg.cpp:495]   --->   Operation 104 'specstablecontent' 'specstablecontent_ln495' <Predicate = true> <Delay = 0.00>
ST_2 : Operation 105 [1/1] (0.00ns)   --->   "%specstablecontent_ln496 = specstablecontent void @_ssdm_op_SpecStableContent, i8 %dpYUVCoef, void " [/home/izaan/GitRepos/dpdma_exdes/vivado_quad_vmix/kv260_quad_vmix_dp.runs/bd_quad_vmix_dp_v_tpg_4_0_synth_1/prj/sol/.autopilot/db/v_tpg.cpp:496]   --->   Operation 105 'specstablecontent' 'specstablecontent_ln496' <Predicate = true> <Delay = 0.00>
ST_2 : Operation 106 [1/2] (0.00ns)   --->   "%tmp = call i16 @reg<unsigned short>, i16 %bck_motion_en_read" [/home/izaan/GitRepos/dpdma_exdes/vivado_quad_vmix/kv260_quad_vmix_dp.runs/bd_quad_vmix_dp_v_tpg_4_0_synth_1/prj/sol/.autopilot/db/v_tpg.cpp:500]   --->   Operation 106 'call' 'tmp' <Predicate = true> <Delay = 0.00> <CoreType = "Generic">   --->   Generic Core
ST_2 : Operation 107 [1/1] (0.85ns)   --->   "%icmp_ln500 = icmp_eq  i16 %tmp, i16 1" [/home/izaan/GitRepos/dpdma_exdes/vivado_quad_vmix/kv260_quad_vmix_dp.runs/bd_quad_vmix_dp_v_tpg_4_0_synth_1/prj/sol/.autopilot/db/v_tpg.cpp:500]   --->   Operation 107 'icmp' 'icmp_ln500' <Predicate = true> <Delay = 0.85> <CoreInst = "Cmp">   --->   Core 9 'Cmp' <Latency = 0> <II = 1> <Delay = 0.85> <FuncUnit> <Opcode : 'seteq' 'setne' 'setle' 'setge' 'setlt' 'setgt'> <InPorts = 2> <OutPorts = 1>
ST_2 : Operation 108 [1/1] (0.00ns)   --->   "%specaxissidechannel_ln500 = specaxissidechannel void @_ssdm_op_SpecAXISSideChannel, i48 %m_axis_video_V_data_V, i6 %m_axis_video_V_keep_V, i6 %m_axis_video_V_strb_V, i1 %m_axis_video_V_user_V, i1 %m_axis_video_V_last_V, i1 %m_axis_video_V_id_V, i1 %m_axis_video_V_dest_V, void @empty_20" [/home/izaan/GitRepos/dpdma_exdes/vivado_quad_vmix/kv260_quad_vmix_dp.runs/bd_quad_vmix_dp_v_tpg_4_0_synth_1/prj/sol/.autopilot/db/v_tpg.cpp:500]   --->   Operation 108 'specaxissidechannel' 'specaxissidechannel_ln500' <Predicate = true> <Delay = 0.00>
ST_2 : Operation 109 [1/1] (0.00ns)   --->   "%br_ln500 = br i1 %icmp_ln500, void %if.end7, void %if.then" [/home/izaan/GitRepos/dpdma_exdes/vivado_quad_vmix/kv260_quad_vmix_dp.runs/bd_quad_vmix_dp_v_tpg_4_0_synth_1/prj/sol/.autopilot/db/v_tpg.cpp:500]   --->   Operation 109 'br' 'br_ln500' <Predicate = true> <Delay = 0.00>
ST_2 : Operation 110 [1/1] (0.00ns)   --->   "%count_load = load i32 %count" [/home/izaan/GitRepos/dpdma_exdes/vivado_quad_vmix/kv260_quad_vmix_dp.runs/bd_quad_vmix_dp_v_tpg_4_0_synth_1/prj/sol/.autopilot/db/v_tpg.cpp:502]   --->   Operation 110 'load' 'count_load' <Predicate = (icmp_ln500)> <Delay = 0.00>
ST_2 : Operation 111 [1/1] (1.01ns)   --->   "%add_ln502 = add i32 %count_load, i32 1" [/home/izaan/GitRepos/dpdma_exdes/vivado_quad_vmix/kv260_quad_vmix_dp.runs/bd_quad_vmix_dp_v_tpg_4_0_synth_1/prj/sol/.autopilot/db/v_tpg.cpp:502]   --->   Operation 111 'add' 'add_ln502' <Predicate = (icmp_ln500)> <Delay = 1.01> <CoreInst = "Adder">   --->   Core 1 'Adder' <Latency = 0> <II = 1> <Delay = 1.01> <FuncUnit> <Opcode : 'add' 'sub'> <InPorts = 2> <OutPorts = 1>
ST_2 : Operation 112 [1/1] (1.01ns)   --->   "%icmp_ln503 = icmp_eq  i32 %add_ln502, i32 10" [/home/izaan/GitRepos/dpdma_exdes/vivado_quad_vmix/kv260_quad_vmix_dp.runs/bd_quad_vmix_dp_v_tpg_4_0_synth_1/prj/sol/.autopilot/db/v_tpg.cpp:503]   --->   Operation 112 'icmp' 'icmp_ln503' <Predicate = (icmp_ln500)> <Delay = 1.01> <CoreInst = "Cmp">   --->   Core 9 'Cmp' <Latency = 0> <II = 1> <Delay = 1.01> <FuncUnit> <Opcode : 'seteq' 'setne' 'setle' 'setge' 'setlt' 'setgt'> <InPorts = 2> <OutPorts = 1>
ST_2 : Operation 113 [1/1] (0.42ns)   --->   "%br_ln503 = br i1 %icmp_ln503, void %mergeST, void %if.then2" [/home/izaan/GitRepos/dpdma_exdes/vivado_quad_vmix/kv260_quad_vmix_dp.runs/bd_quad_vmix_dp_v_tpg_4_0_synth_1/prj/sol/.autopilot/db/v_tpg.cpp:503]   --->   Operation 113 'br' 'br_ln503' <Predicate = (icmp_ln500)> <Delay = 0.42>
ST_2 : Operation 114 [1/1] (0.00ns)   --->   "%s_load = load i32 %s" [/home/izaan/GitRepos/dpdma_exdes/vivado_quad_vmix/kv260_quad_vmix_dp.runs/bd_quad_vmix_dp_v_tpg_4_0_synth_1/prj/sol/.autopilot/db/v_tpg.cpp:505]   --->   Operation 114 'load' 's_load' <Predicate = (icmp_ln500 & icmp_ln503)> <Delay = 0.00>
ST_2 : Operation 115 [1/1] (0.00ns)   --->   "%tmp_1 = partselect i29 @_ssdm_op_PartSelect.i29.i32.i32.i32, i32 %s_load, i32 3, i32 31" [/home/izaan/GitRepos/dpdma_exdes/vivado_quad_vmix/kv260_quad_vmix_dp.runs/bd_quad_vmix_dp_v_tpg_4_0_synth_1/prj/sol/.autopilot/db/v_tpg.cpp:505]   --->   Operation 115 'partselect' 'tmp_1' <Predicate = (icmp_ln500 & icmp_ln503)> <Delay = 0.00>
ST_2 : Operation 116 [1/1] (0.98ns)   --->   "%icmp_ln505 = icmp_slt  i29 %tmp_1, i29 1" [/home/izaan/GitRepos/dpdma_exdes/vivado_quad_vmix/kv260_quad_vmix_dp.runs/bd_quad_vmix_dp_v_tpg_4_0_synth_1/prj/sol/.autopilot/db/v_tpg.cpp:505]   --->   Operation 116 'icmp' 'icmp_ln505' <Predicate = (icmp_ln500 & icmp_ln503)> <Delay = 0.98> <CoreInst = "Cmp">   --->   Core 9 'Cmp' <Latency = 0> <II = 1> <Delay = 0.98> <FuncUnit> <Opcode : 'seteq' 'setne' 'setle' 'setge' 'setlt' 'setgt'> <InPorts = 2> <OutPorts = 1>
ST_2 : Operation 117 [1/1] (1.01ns)   --->   "%add_ln507 = add i32 %s_load, i32 1" [/home/izaan/GitRepos/dpdma_exdes/vivado_quad_vmix/kv260_quad_vmix_dp.runs/bd_quad_vmix_dp_v_tpg_4_0_synth_1/prj/sol/.autopilot/db/v_tpg.cpp:507]   --->   Operation 117 'add' 'add_ln507' <Predicate = (icmp_ln500 & icmp_ln503)> <Delay = 1.01> <CoreInst = "Adder">   --->   Core 1 'Adder' <Latency = 0> <II = 1> <Delay = 1.01> <FuncUnit> <Opcode : 'add' 'sub'> <InPorts = 2> <OutPorts = 1>
ST_2 : Operation 118 [1/1] (0.44ns)   --->   "%select_ln505 = select i1 %icmp_ln505, i32 %add_ln507, i32 0" [/home/izaan/GitRepos/dpdma_exdes/vivado_quad_vmix/kv260_quad_vmix_dp.runs/bd_quad_vmix_dp_v_tpg_4_0_synth_1/prj/sol/.autopilot/db/v_tpg.cpp:505]   --->   Operation 118 'select' 'select_ln505' <Predicate = (icmp_ln500 & icmp_ln503)> <Delay = 0.44> <CoreInst = "Sel">   --->   Core 73 'Sel' <Latency = 0> <II = 1> <Delay = 0.44> <FuncUnit> <Opcode : 'select'> <InPorts = 3> <OutPorts = 1>
ST_2 : Operation 119 [1/1] (0.00ns)   --->   "%store_ln505 = store i32 %select_ln505, i32 %s" [/home/izaan/GitRepos/dpdma_exdes/vivado_quad_vmix/kv260_quad_vmix_dp.runs/bd_quad_vmix_dp_v_tpg_4_0_synth_1/prj/sol/.autopilot/db/v_tpg.cpp:505]   --->   Operation 119 'store' 'store_ln505' <Predicate = (icmp_ln500 & icmp_ln503)> <Delay = 0.00>
ST_2 : Operation 120 [1/1] (0.42ns)   --->   "%br_ln514 = br void %mergeST" [/home/izaan/GitRepos/dpdma_exdes/vivado_quad_vmix/kv260_quad_vmix_dp.runs/bd_quad_vmix_dp_v_tpg_4_0_synth_1/prj/sol/.autopilot/db/v_tpg.cpp:514]   --->   Operation 120 'br' 'br_ln514' <Predicate = (icmp_ln500 & icmp_ln503)> <Delay = 0.42>
ST_2 : Operation 121 [1/1] (0.00ns)   --->   "%count_new_0 = phi i32 0, void %if.then2, i32 %add_ln502, void %if.then" [/home/izaan/GitRepos/dpdma_exdes/vivado_quad_vmix/kv260_quad_vmix_dp.runs/bd_quad_vmix_dp_v_tpg_4_0_synth_1/prj/sol/.autopilot/db/v_tpg.cpp:502]   --->   Operation 121 'phi' 'count_new_0' <Predicate = (icmp_ln500)> <Delay = 0.00>
ST_2 : Operation 122 [1/1] (0.00ns)   --->   "%store_ln502 = store i32 %count_new_0, i32 %count" [/home/izaan/GitRepos/dpdma_exdes/vivado_quad_vmix/kv260_quad_vmix_dp.runs/bd_quad_vmix_dp_v_tpg_4_0_synth_1/prj/sol/.autopilot/db/v_tpg.cpp:502]   --->   Operation 122 'store' 'store_ln502' <Predicate = (icmp_ln500)> <Delay = 0.00>
ST_2 : Operation 123 [1/1] (0.00ns)   --->   "%br_ln515 = br void %if.end7" [/home/izaan/GitRepos/dpdma_exdes/vivado_quad_vmix/kv260_quad_vmix_dp.runs/bd_quad_vmix_dp_v_tpg_4_0_synth_1/prj/sol/.autopilot/db/v_tpg.cpp:515]   --->   Operation 123 'br' 'br_ln515' <Predicate = (icmp_ln500)> <Delay = 0.00>
ST_2 : Operation 124 [1/1] (1.00ns)   --->   "%height_read = read i16 @_ssdm_op_Read.s_axilite.i16P0A, i16 %height"   --->   Operation 124 'read' 'height_read' <Predicate = true> <Delay = 1.00> <CoreInst = "s_axilite">   --->   Core 120 's_axilite' <Latency = 0> <II = 1> <Delay = 1.00> <Adapter> <Opcode : 'read' 'write'>
ST_2 : Operation 125 [1/1] (1.00ns)   --->   "%width_read = read i16 @_ssdm_op_Read.s_axilite.i16P0A, i16 %width"   --->   Operation 125 'read' 'width_read' <Predicate = true> <Delay = 1.00> <CoreInst = "s_axilite">   --->   Core 120 's_axilite' <Latency = 0> <II = 1> <Delay = 1.00> <Adapter> <Opcode : 'read' 'write'>
ST_2 : Operation 126 [1/1] (1.00ns)   --->   "%field_id_read = read i16 @_ssdm_op_Read.s_axilite.i16P0A, i16 %field_id"   --->   Operation 126 'read' 'field_id_read' <Predicate = true> <Delay = 1.00> <CoreInst = "s_axilite">   --->   Core 120 's_axilite' <Latency = 0> <II = 1> <Delay = 1.00> <Adapter> <Opcode : 'read' 'write'>
ST_2 : Operation 127 [1/1] (0.00ns)   --->   "%fid_in_read = read i1 @_ssdm_op_Read.ap_auto.i1P0A, i1 %fid_in"   --->   Operation 127 'read' 'fid_in_read' <Predicate = true> <Delay = 0.00>
ST_2 : Operation 128 [1/1] (1.00ns)   --->   "%bckgndId_read = read i8 @_ssdm_op_Read.s_axilite.i8P0A, i8 %bckgndId"   --->   Operation 128 'read' 'bckgndId_read' <Predicate = true> <Delay = 1.00> <CoreInst = "s_axilite">   --->   Core 120 's_axilite' <Latency = 0> <II = 1> <Delay = 1.00> <Adapter> <Opcode : 'read' 'write'>
ST_2 : Operation 129 [1/1] (1.00ns)   --->   "%ovrlayId_read = read i8 @_ssdm_op_Read.s_axilite.i8P0A, i8 %ovrlayId"   --->   Operation 129 'read' 'ovrlayId_read' <Predicate = true> <Delay = 1.00> <CoreInst = "s_axilite">   --->   Core 120 's_axilite' <Latency = 0> <II = 1> <Delay = 1.00> <Adapter> <Opcode : 'read' 'write'>
ST_2 : Operation 130 [1/1] (1.00ns)   --->   "%maskId_read = read i8 @_ssdm_op_Read.s_axilite.i8P0A, i8 %maskId"   --->   Operation 130 'read' 'maskId_read' <Predicate = true> <Delay = 1.00> <CoreInst = "s_axilite">   --->   Core 120 's_axilite' <Latency = 0> <II = 1> <Delay = 1.00> <Adapter> <Opcode : 'read' 'write'>
ST_2 : Operation 131 [1/1] (1.00ns)   --->   "%motionSpeed_read = read i8 @_ssdm_op_Read.s_axilite.i8P0A, i8 %motionSpeed"   --->   Operation 131 'read' 'motionSpeed_read' <Predicate = true> <Delay = 1.00> <CoreInst = "s_axilite">   --->   Core 120 's_axilite' <Latency = 0> <II = 1> <Delay = 1.00> <Adapter> <Opcode : 'read' 'write'>
ST_2 : Operation 132 [1/1] (1.00ns)   --->   "%colorFormat_read = read i8 @_ssdm_op_Read.s_axilite.i8P0A, i8 %colorFormat"   --->   Operation 132 'read' 'colorFormat_read' <Predicate = true> <Delay = 1.00> <CoreInst = "s_axilite">   --->   Core 120 's_axilite' <Latency = 0> <II = 1> <Delay = 1.00> <Adapter> <Opcode : 'read' 'write'>
ST_2 : Operation 133 [1/1] (1.00ns)   --->   "%crossHairX_read = read i16 @_ssdm_op_Read.s_axilite.i16P0A, i16 %crossHairX"   --->   Operation 133 'read' 'crossHairX_read' <Predicate = true> <Delay = 1.00> <CoreInst = "s_axilite">   --->   Core 120 's_axilite' <Latency = 0> <II = 1> <Delay = 1.00> <Adapter> <Opcode : 'read' 'write'>
ST_2 : Operation 134 [1/1] (1.00ns)   --->   "%crossHairY_read = read i16 @_ssdm_op_Read.s_axilite.i16P0A, i16 %crossHairY"   --->   Operation 134 'read' 'crossHairY_read' <Predicate = true> <Delay = 1.00> <CoreInst = "s_axilite">   --->   Core 120 's_axilite' <Latency = 0> <II = 1> <Delay = 1.00> <Adapter> <Opcode : 'read' 'write'>
ST_2 : Operation 135 [1/1] (1.00ns)   --->   "%ZplateHorContStart_read = read i16 @_ssdm_op_Read.s_axilite.i16P0A, i16 %ZplateHorContStart"   --->   Operation 135 'read' 'ZplateHorContStart_read' <Predicate = true> <Delay = 1.00> <CoreInst = "s_axilite">   --->   Core 120 's_axilite' <Latency = 0> <II = 1> <Delay = 1.00> <Adapter> <Opcode : 'read' 'write'>
ST_2 : Operation 136 [1/1] (1.00ns)   --->   "%ZplateHorContDelta_read = read i16 @_ssdm_op_Read.s_axilite.i16P0A, i16 %ZplateHorContDelta"   --->   Operation 136 'read' 'ZplateHorContDelta_read' <Predicate = true> <Delay = 1.00> <CoreInst = "s_axilite">   --->   Core 120 's_axilite' <Latency = 0> <II = 1> <Delay = 1.00> <Adapter> <Opcode : 'read' 'write'>
ST_2 : Operation 137 [1/1] (1.00ns)   --->   "%ZplateVerContStart_read = read i16 @_ssdm_op_Read.s_axilite.i16P0A, i16 %ZplateVerContStart"   --->   Operation 137 'read' 'ZplateVerContStart_read' <Predicate = true> <Delay = 1.00> <CoreInst = "s_axilite">   --->   Core 120 's_axilite' <Latency = 0> <II = 1> <Delay = 1.00> <Adapter> <Opcode : 'read' 'write'>
ST_2 : Operation 138 [1/1] (1.00ns)   --->   "%ZplateVerContDelta_read = read i16 @_ssdm_op_Read.s_axilite.i16P0A, i16 %ZplateVerContDelta"   --->   Operation 138 'read' 'ZplateVerContDelta_read' <Predicate = true> <Delay = 1.00> <CoreInst = "s_axilite">   --->   Core 120 's_axilite' <Latency = 0> <II = 1> <Delay = 1.00> <Adapter> <Opcode : 'read' 'write'>
ST_2 : Operation 139 [1/1] (1.00ns)   --->   "%boxSize_read = read i16 @_ssdm_op_Read.s_axilite.i16P0A, i16 %boxSize"   --->   Operation 139 'read' 'boxSize_read' <Predicate = true> <Delay = 1.00> <CoreInst = "s_axilite">   --->   Core 120 's_axilite' <Latency = 0> <II = 1> <Delay = 1.00> <Adapter> <Opcode : 'read' 'write'>
ST_2 : Operation 140 [1/1] (1.00ns)   --->   "%boxColorR_read = read i16 @_ssdm_op_Read.s_axilite.i16P0A, i16 %boxColorR"   --->   Operation 140 'read' 'boxColorR_read' <Predicate = true> <Delay = 1.00> <CoreInst = "s_axilite">   --->   Core 120 's_axilite' <Latency = 0> <II = 1> <Delay = 1.00> <Adapter> <Opcode : 'read' 'write'>
ST_2 : Operation 141 [1/1] (0.00ns)   --->   "%empty = trunc i16 %boxColorR_read"   --->   Operation 141 'trunc' 'empty' <Predicate = true> <Delay = 0.00>
ST_2 : Operation 142 [1/1] (1.00ns)   --->   "%boxColorG_read = read i16 @_ssdm_op_Read.s_axilite.i16P0A, i16 %boxColorG"   --->   Operation 142 'read' 'boxColorG_read' <Predicate = true> <Delay = 1.00> <CoreInst = "s_axilite">   --->   Core 120 's_axilite' <Latency = 0> <II = 1> <Delay = 1.00> <Adapter> <Opcode : 'read' 'write'>
ST_2 : Operation 143 [1/1] (0.00ns)   --->   "%empty_83 = trunc i16 %boxColorG_read"   --->   Operation 143 'trunc' 'empty_83' <Predicate = true> <Delay = 0.00>
ST_2 : Operation 144 [1/1] (1.00ns)   --->   "%boxColorB_read = read i16 @_ssdm_op_Read.s_axilite.i16P0A, i16 %boxColorB"   --->   Operation 144 'read' 'boxColorB_read' <Predicate = true> <Delay = 1.00> <CoreInst = "s_axilite">   --->   Core 120 's_axilite' <Latency = 0> <II = 1> <Delay = 1.00> <Adapter> <Opcode : 'read' 'write'>
ST_2 : Operation 145 [1/1] (0.00ns)   --->   "%trunc_ln517 = trunc i16 %boxColorB_read" [/home/izaan/GitRepos/dpdma_exdes/vivado_quad_vmix/kv260_quad_vmix_dp.runs/bd_quad_vmix_dp_v_tpg_4_0_synth_1/prj/sol/.autopilot/db/v_tpg.cpp:517]   --->   Operation 145 'trunc' 'trunc_ln517' <Predicate = true> <Delay = 0.00>
ST_2 : Operation 146 [2/2] (1.83ns)   --->   "%call_ln517 = call void @v_tpgHlsDataFlow, i16 %height_read, i16 %width_read, i16 %field_id_read, i1 %fid_in_read, i8 %bckgndId_read, i8 %ovrlayId_read, i8 %maskId_read, i8 %motionSpeed_read, i8 %colorFormat_read, i16 %crossHairX_read, i16 %crossHairY_read, i16 %ZplateHorContStart_read, i16 %ZplateHorContDelta_read, i16 %ZplateVerContStart_read, i16 %ZplateVerContDelta_read, i16 %boxSize_read, i8 %empty, i8 %empty_83, i8 %trunc_ln517, i48 %m_axis_video_V_data_V, i6 %m_axis_video_V_keep_V, i6 %m_axis_video_V_strb_V, i1 %m_axis_video_V_user_V, i1 %m_axis_video_V_last_V, i1 %m_axis_video_V_id_V, i1 %m_axis_video_V_dest_V, i1 %fid, i8 %rampStart, i8 %blkYuv, i16 %zonePlateVAddr, i20 %tpgSinTableArray, i16 %zonePlateVDelta, i28 %rSerie, i28 %gSerie, i28 %bSerie, i8 %whiYuv, i16 %boxHCoord, i16 %boxVCoord, i1 %vDir, i1 %hDir, i1 %fidStored, i16 %counter" [/home/izaan/GitRepos/dpdma_exdes/vivado_quad_vmix/kv260_quad_vmix_dp.runs/bd_quad_vmix_dp_v_tpg_4_0_synth_1/prj/sol/.autopilot/db/v_tpg.cpp:517]   --->   Operation 146 'call' 'call_ln517' <Predicate = true> <Delay = 1.83> <CoreType = "Generic">   --->   Generic Core

State 3 <SV = 2> <Delay = 0.00>
ST_3 : Operation 147 [1/2] (0.00ns)   --->   "%call_ln517 = call void @v_tpgHlsDataFlow, i16 %height_read, i16 %width_read, i16 %field_id_read, i1 %fid_in_read, i8 %bckgndId_read, i8 %ovrlayId_read, i8 %maskId_read, i8 %motionSpeed_read, i8 %colorFormat_read, i16 %crossHairX_read, i16 %crossHairY_read, i16 %ZplateHorContStart_read, i16 %ZplateHorContDelta_read, i16 %ZplateVerContStart_read, i16 %ZplateVerContDelta_read, i16 %boxSize_read, i8 %empty, i8 %empty_83, i8 %trunc_ln517, i48 %m_axis_video_V_data_V, i6 %m_axis_video_V_keep_V, i6 %m_axis_video_V_strb_V, i1 %m_axis_video_V_user_V, i1 %m_axis_video_V_last_V, i1 %m_axis_video_V_id_V, i1 %m_axis_video_V_dest_V, i1 %fid, i8 %rampStart, i8 %blkYuv, i16 %zonePlateVAddr, i20 %tpgSinTableArray, i16 %zonePlateVDelta, i28 %rSerie, i28 %gSerie, i28 %bSerie, i8 %whiYuv, i16 %boxHCoord, i16 %boxVCoord, i1 %vDir, i1 %hDir, i1 %fidStored, i16 %counter" [/home/izaan/GitRepos/dpdma_exdes/vivado_quad_vmix/kv260_quad_vmix_dp.runs/bd_quad_vmix_dp_v_tpg_4_0_synth_1/prj/sol/.autopilot/db/v_tpg.cpp:517]   --->   Operation 147 'call' 'call_ln517' <Predicate = true> <Delay = 0.00> <CoreType = "Generic">   --->   Generic Core

State 4 <SV = 3> <Delay = 0.00>
ST_4 : Operation 148 [1/1] (0.00ns)   --->   "%ret_ln528 = ret" [/home/izaan/GitRepos/dpdma_exdes/vivado_quad_vmix/kv260_quad_vmix_dp.runs/bd_quad_vmix_dp_v_tpg_4_0_synth_1/prj/sol/.autopilot/db/v_tpg.cpp:528]   --->   Operation 148 'ret' 'ret_ln528' <Predicate = true> <Delay = 0.00>


============================================================
+ Verbose Summary: Timing violations
============================================================
Target clock period: 6.667ns, clock uncertainty: 1.800ns.

 <State 1>: 1.000ns
The critical path consists of the following:
	s_axi read operation ('bck_motion_en_read', /home/izaan/GitRepos/dpdma_exdes/vivado_quad_vmix/kv260_quad_vmix_dp.runs/bd_quad_vmix_dp_v_tpg_4_0_synth_1/prj/sol/.autopilot/db/v_tpg.cpp:500) on port 'bck_motion_en' (/home/izaan/GitRepos/dpdma_exdes/vivado_quad_vmix/kv260_quad_vmix_dp.runs/bd_quad_vmix_dp_v_tpg_4_0_synth_1/prj/sol/.autopilot/db/v_tpg.cpp:500) [147]  (1.000 ns)

 <State 2>: 2.838ns
The critical path consists of the following:
	s_axi read operation ('height_read') on port 'height' [170]  (1.000 ns)
	'call' operation 0 bit ('call_ln517', /home/izaan/GitRepos/dpdma_exdes/vivado_quad_vmix/kv260_quad_vmix_dp.runs/bd_quad_vmix_dp_v_tpg_4_0_synth_1/prj/sol/.autopilot/db/v_tpg.cpp:517) to 'v_tpgHlsDataFlow' [192]  (1.838 ns)

 <State 3>: 0.000ns
The critical path consists of the following:

 <State 4>: 0.000ns
The critical path consists of the following:


============================================================
+ Verbose Summary: Binding
============================================================
N/A
* FSMD analyzer results:
  - Output states:
 - Input state : 
  - Chain level:
	State 1
	State 2
	State 3
	State 4


============================================================
+ Verbose Summary: Datapath Resource usage 
============================================================
N/A
