
*** Running vivado
    with args -log bd_quad_vmix_dp_v_tpg_1_0.vds -m64 -product Vivado -mode batch -messageDb vivado.pb -notrace -source bd_quad_vmix_dp_v_tpg_1_0.tcl


****** Vivado v2024.2 (64-bit)
  **** SW Build 5239630 on Fri Nov 08 22:34:34 MST 2024
  **** IP Build 5239520 on Sun Nov 10 16:12:51 MST 2024
  **** SharedData Build 5239561 on Fri Nov 08 14:39:27 MST 2024
  **** Start of session at: Mon Apr 27 12:42:14 2026
    ** Copyright 1986-2022 Xilinx, Inc. All Rights Reserved.
    ** Copyright 2022-2024 Advanced Micro Devices, Inc. All Rights Reserved.

source bd_quad_vmix_dp_v_tpg_1_0.tcl -notrace
create_project: Time (s): cpu = 00:00:09 ; elapsed = 00:00:09 . Memory (MB): peak = 1447.836 ; gain = 0.023 ; free physical = 89324 ; free virtual = 111504
Converted RTL already exists. Skipping compile_c
INFO: [IP_Flow 19-6924] IPCACHE: Running cache check for IP inst: bd_quad_vmix_dp_v_tpg_1_0
INFO: [IP_Flow 19-6922] IPCACHE: Exporting cached entry 066f9b3443f1ed9b to dir: /home/izaan/GitRepos/dpdma_exdes/vivado_quad_vmix/kv260_quad_vmix_dp.runs/bd_quad_vmix_dp_v_tpg_1_0_synth_1
INFO: [IP_Flow 19-6928] IPCACHE: copied cached file /home/izaan/GitRepos/dpdma_exdes/vivado_quad_vmix/kv260_quad_vmix_dp.cache/ip/2024.2/0/6/066f9b3443f1ed9b/bd_quad_vmix_dp_v_tpg_0_0_sim_netlist.vhdl to /home/izaan/GitRepos/dpdma_exdes/vivado_quad_vmix/kv260_quad_vmix_dp.runs/bd_quad_vmix_dp_v_tpg_1_0_synth_1/bd_quad_vmix_dp_v_tpg_1_0_sim_netlist.vhdl.
INFO: [IP_Flow 19-6928] IPCACHE: copied cached file /home/izaan/GitRepos/dpdma_exdes/vivado_quad_vmix/kv260_quad_vmix_dp.cache/ip/2024.2/0/6/066f9b3443f1ed9b/bd_quad_vmix_dp_v_tpg_0_0_sim_netlist.v to /home/izaan/GitRepos/dpdma_exdes/vivado_quad_vmix/kv260_quad_vmix_dp.runs/bd_quad_vmix_dp_v_tpg_1_0_synth_1/bd_quad_vmix_dp_v_tpg_1_0_sim_netlist.v.
INFO: [IP_Flow 19-6928] IPCACHE: copied cached file /home/izaan/GitRepos/dpdma_exdes/vivado_quad_vmix/kv260_quad_vmix_dp.cache/ip/2024.2/0/6/066f9b3443f1ed9b/bd_quad_vmix_dp_v_tpg_0_0_stub.vhdl to /home/izaan/GitRepos/dpdma_exdes/vivado_quad_vmix/kv260_quad_vmix_dp.runs/bd_quad_vmix_dp_v_tpg_1_0_synth_1/bd_quad_vmix_dp_v_tpg_1_0_stub.vhdl.
INFO: [IP_Flow 19-6928] IPCACHE: copied cached file /home/izaan/GitRepos/dpdma_exdes/vivado_quad_vmix/kv260_quad_vmix_dp.cache/ip/2024.2/0/6/066f9b3443f1ed9b/bd_quad_vmix_dp_v_tpg_0_0.dcp to /home/izaan/GitRepos/dpdma_exdes/vivado_quad_vmix/kv260_quad_vmix_dp.runs/bd_quad_vmix_dp_v_tpg_1_0_synth_1/bd_quad_vmix_dp_v_tpg_1_0.dcp.
INFO: [IP_Flow 19-6928] IPCACHE: copied cached file /home/izaan/GitRepos/dpdma_exdes/vivado_quad_vmix/kv260_quad_vmix_dp.cache/ip/2024.2/0/6/066f9b3443f1ed9b/bd_quad_vmix_dp_v_tpg_0_0_stub.v to /home/izaan/GitRepos/dpdma_exdes/vivado_quad_vmix/kv260_quad_vmix_dp.runs/bd_quad_vmix_dp_v_tpg_1_0_synth_1/bd_quad_vmix_dp_v_tpg_1_0_stub.v.
INFO: [IP_Flow 19-4838] Using cached IP synthesis design for IP bd_quad_vmix_dp_v_tpg_1_0, cache-ID = 066f9b3443f1ed9b.
INFO: [Common 17-206] Exiting Vivado at Mon Apr 27 12:42:29 2026...
