#-----------------------------------------------------------
# Vivado v2024.2 (64-bit)
# SW Build 5239630 on Fri Nov 08 22:34:34 MST 2024
# IP Build 5239520 on Sun Nov 10 16:12:51 MST 2024
# SharedData Build 5239561 on Fri Nov 08 14:39:27 MST 2024
# Start of session at: Mon Apr 27 12:29:05 2026
# Process ID         : 993679
# Current directory  : /home/izaan/GitRepos/dpdma_exdes/vivado_quad_vmix/kv260_quad_vmix_dp.runs/bd_quad_vmix_dp_v_mix_0_0_synth_1/prj/sol/impl/ip
# Command line       : vivado -notrace -mode batch -source run_ippack.tcl
# Log file           : /home/izaan/GitRepos/dpdma_exdes/vivado_quad_vmix/kv260_quad_vmix_dp.runs/bd_quad_vmix_dp_v_mix_0_0_synth_1/prj/sol/impl/ip/vivado.log
# Journal file       : /home/izaan/GitRepos/dpdma_exdes/vivado_quad_vmix/kv260_quad_vmix_dp.runs/bd_quad_vmix_dp_v_mix_0_0_synth_1/prj/sol/impl/ip/vivado.jou
# Running On         : ipaa-10xe
# Platform           : Ubuntu
# Operating System   : Ubuntu 20.04.6 LTS
# Processor Detail   : Intel(R) Xeon(R) CPU E5-2683 v4 @ 2.10GHz
# CPU Frequency      : 1300.000 MHz
# CPU Physical cores : 32
# CPU Logical cores  : 64
# Host memory        : 135064 MB
# Swap memory        : 2147 MB
# Total Virtual      : 137212 MB
# Available Virtual  : 62970 MB
#-----------------------------------------------------------
source run_ippack.tcl -notrace
INFO: calling package_hls_ip ip_types=vitis sysgen json_file=/home/izaan/GitRepos/dpdma_exdes/vivado_quad_vmix/kv260_quad_vmix_dp.runs/bd_quad_vmix_dp_v_mix_0_0_synth_1/prj/sol/sol_data.json outdir=/home/izaan/GitRepos/dpdma_exdes/vivado_quad_vmix/kv260_quad_vmix_dp.runs/bd_quad_vmix_dp_v_mix_0_0_synth_1/prj/sol/impl/ip srcdir=/home/izaan/GitRepos/dpdma_exdes/vivado_quad_vmix/kv260_quad_vmix_dp.runs/bd_quad_vmix_dp_v_mix_0_0_synth_1/prj/sol sort_interfaces_ports=false
INFO: Copied 1 ipmisc file(s) to /home/izaan/GitRepos/dpdma_exdes/vivado_quad_vmix/kv260_quad_vmix_dp.runs/bd_quad_vmix_dp_v_mix_0_0_synth_1/prj/sol/impl/ip/misc
INFO: Copied 140 verilog file(s) to /home/izaan/GitRepos/dpdma_exdes/vivado_quad_vmix/kv260_quad_vmix_dp.runs/bd_quad_vmix_dp_v_mix_0_0_synth_1/prj/sol/impl/ip/hdl/verilog
INFO: Copied 129 vhdl file(s) to /home/izaan/GitRepos/dpdma_exdes/vivado_quad_vmix/kv260_quad_vmix_dp.runs/bd_quad_vmix_dp_v_mix_0_0_synth_1/prj/sol/impl/ip/hdl/vhdl
INFO: Copied 10 swdriver file(s) to /home/izaan/GitRepos/dpdma_exdes/vivado_quad_vmix/kv260_quad_vmix_dp.runs/bd_quad_vmix_dp_v_mix_0_0_synth_1/prj/sol/impl/ip/drivers
ipx::create_core: Time (s): cpu = 00:00:11 ; elapsed = 00:00:11 . Memory (MB): peak = 1501.883 ; gain = 0.023 ; free physical = 72191 ; free virtual = 94022
INFO: Import ports from HDL: /home/izaan/GitRepos/dpdma_exdes/vivado_quad_vmix/kv260_quad_vmix_dp.runs/bd_quad_vmix_dp_v_mix_0_0_synth_1/prj/sol/impl/ip/hdl/vhdl/bd_quad_vmix_dp_v_mix_0_0_v_mix.vhd (bd_quad_vmix_dp_v_mix_0_0_v_mix)
INFO: Add axi4lite interface s_axi_CTRL
INFO: Add clock interface ap_clk
INFO: Add reset interface ap_rst_n
INFO: Add interrupt interface interrupt
INFO: [IP_Flow 19-234] Refreshing IP repositories
INFO: [IP_Flow 19-1704] No user IP repositories specified
INFO: [IP_Flow 19-2313] Loaded Vivado IP repository '/mnt/ssd2/Xilinx/Vivado/2024.2/data/ip'.
INFO: Add axi4stream interface s_axis_video
INFO: Add axi4stream interface s_axis_video1
INFO: Add axi4stream interface s_axis_video2
INFO: Add axi4stream interface s_axis_video3
INFO: Add axi4stream interface s_axis_video4
INFO: Add data interface layerAlpha_0
INFO: Add data interface layerStartX_0
INFO: Add data interface layerStartY_0
INFO: Add data interface layerWidth_0
INFO: Add data interface layerHeight_0
INFO: Add data interface layerScaleFactor_0
INFO: Add data interface layerVideoFormat_address0
INFO: Add data interface layerVideoFormat_d0
INFO: Add data interface layerVideoFormat_q0
INFO: Add data interface layerVideoFormat_address1
INFO: Add data interface layerVideoFormat_d1
INFO: Add data interface layerVideoFormat_q1
INFO: Add data interface layerStride_0
INFO: Add data interface K11
INFO: Add data interface K12
INFO: Add data interface K13
INFO: Add data interface K21
INFO: Add data interface K22
INFO: Add data interface K23
INFO: Add data interface K31
INFO: Add data interface K32
INFO: Add data interface K33
INFO: Add data interface ROffset
INFO: Add data interface GOffset
INFO: Add data interface BOffset
INFO: Add data interface K11_2
INFO: Add data interface K12_2
INFO: Add data interface K13_2
INFO: Add data interface K21_2
INFO: Add data interface K22_2
INFO: Add data interface K23_2
INFO: Add data interface K31_2
INFO: Add data interface K32_2
INFO: Add data interface K33_2
INFO: Add data interface YOffset
INFO: Add data interface UOffset
INFO: Add data interface VOffset
INFO: Add axi4stream interface m_axis_video
INFO: Calling post_process_vitis to specialize IP
INFO: Calling post_process_sysgen to specialize IP
Generating sysgen info xml from json file
INFO: Created IP /home/izaan/GitRepos/dpdma_exdes/vivado_quad_vmix/kv260_quad_vmix_dp.runs/bd_quad_vmix_dp_v_mix_0_0_synth_1/prj/sol/impl/ip/component.xml
INFO: Created IP archive /home/izaan/GitRepos/dpdma_exdes/vivado_quad_vmix/kv260_quad_vmix_dp.runs/bd_quad_vmix_dp_v_mix_0_0_synth_1/prj/sol/impl/ip/xilinx_com_ip_v_mix_5_2.zip
INFO: [Common 17-206] Exiting Vivado at Mon Apr 27 12:30:44 2026...
