

================================================================
== Vitis HLS Report for 'AXIvideo2MultiPixStream_1'
================================================================
* Date:           Mon Apr 27 12:26:32 2026

* Version:        2024.2 (Build 5238294 on Nov  8 2024)
* Project:        prj
* Solution:       sol (Vivado IP Flow Target)
* Product family: zynquplus
* Target device:  xck26-sfvc784-2LV-c


================================================================
== Performance Estimates
================================================================
+ Timing: 
    * Summary: 
    +--------+---------+----------+------------+
    |  Clock |  Target | Estimated| Uncertainty|
    +--------+---------+----------+------------+
    |ap_clk  |  6.67 ns|  2.034 ns|     1.80 ns|
    +--------+---------+----------+------------+

+ Latency: 
    * Summary: 
    +---------+---------+-----------+-----------+-----+---------+---------+
    |  Latency (cycles) |   Latency (absolute)  |    Interval   | Pipeline|
    |   min   |   max   |    min    |    max    | min |   max   |   Type  |
    +---------+---------+-----------+-----------+-----+---------+---------+
    |        2|  4168806|  13.334 ns|  27.793 ms|    2|  4168806|       no|
    +---------+---------+-----------+-----------+-----+---------+---------+

    + Detail: 
        * Instance: 
        +-------------------------------------------------------------------+--------------------------------------------------------+---------+---------+-----------+-----------+-----+------+------------------------------------------------+
        |                                                                   |                                                        |  Latency (cycles) |   Latency (absolute)  |  Interval  |                    Pipeline                    |
        |                              Instance                             |                         Module                         |   min   |   max   |    min    |    max    | min |  max |                      Type                      |
        +-------------------------------------------------------------------+--------------------------------------------------------+---------+---------+-----------+-----------+-----+------+------------------------------------------------+
        |grp_AXIvideo2MultiPixStream_1_Pipeline_loop_wait_for_start_fu_168  |AXIvideo2MultiPixStream_1_Pipeline_loop_wait_for_start  |        2|        2|  13.334 ns|  13.334 ns|    1|     1|  loop auto-rewind stp (delay=0 clock cycles(s))|
        |grp_AXIvideo2MultiPixStream_1_Pipeline_loop_width_fu_188           |AXIvideo2MultiPixStream_1_Pipeline_loop_width           |        3|     1923|  20.001 ns|  12.821 us|    1|  1921|  loop auto-rewind stp (delay=0 clock cycles(s))|
        |grp_AXIvideo2MultiPixStream_1_Pipeline_loop_wait_for_eol_fu_216    |AXIvideo2MultiPixStream_1_Pipeline_loop_wait_for_eol    |        2|        2|  13.334 ns|  13.334 ns|    1|     1|  loop auto-rewind stp (delay=0 clock cycles(s))|
        |grp_reg_unsigned_short_1_fu_239                                    |reg_unsigned_short_1                                    |        1|        1|   6.667 ns|   6.667 ns|    1|     1|                                             yes|
        |grp_reg_unsigned_short_1_fu_245                                    |reg_unsigned_short_1                                    |        1|        1|   6.667 ns|   6.667 ns|    1|     1|                                             yes|
        +-------------------------------------------------------------------+--------------------------------------------------------+---------+---------+-----------+-----------+-----+------+------------------------------------------------+

        * Loop: 
        +---------------+---------+---------+-----------+-----------+-----------+----------+----------+
        |               |  Latency (cycles) | Iteration |  Initiation Interval  |   Trip   |          |
        |   Loop Name   |   min   |   max   |  Latency  |  achieved |   target  |   Count  | Pipelined|
        +---------------+---------+---------+-----------+-----------+-----------+----------+----------+
        |- loop_height  |        0|  4168800|  10 ~ 1930|          -|          -|  0 ~ 2160|        no|
        +---------------+---------+---------+-----------+-----------+-----------+----------+----------+

============================================================
+ Verbose Summary: Synthesis Manager
============================================================
InlineROM: 1
ExposeGlobal: 0
============================================================
+ Verbose Summary: CDFG Model
============================================================
IsTopModel: 0
ResetActiveHigh: 1
IsCombinational: 2
IsDatapathOnly: 0
HasWiredReturn: 1
HasMFsm: 0
HasVarLatency: 1
IsPipeline: 0
IsRtlPipelined: 0
IsInstanceOverlapped: 0
IsDontTouch: 0
HasImplIP: 0
IsGatedGlobalClock: 0


============================================================
+ Verbose Summary: Schedule
============================================================
* Number of FSM states : 9
* Pipeline : 0
* Dataflow Pipeline: 0

* FSM state transitions: 
1 --> 2 
2 --> 3 5 
3 --> 4 
4 --> 5 
5 --> 6 
6 --> 7 
7 --> 8 
8 --> 9 
9 --> 5 

* FSM state operations: 

State 1 <SV = 0> <Delay = 1.83>
ST_1 : Operation 10 [1/1] (0.00ns)   --->   "%layerEnableFlag_read = read i1 @_ssdm_op_Read.ap_auto.i1, i1 %layerEnableFlag"   --->   Operation 10 'read' 'layerEnableFlag_read' <Predicate = true> <Delay = 0.00>
ST_1 : Operation 11 [1/1] (0.00ns)   --->   "%WidthIn_read = read i12 @_ssdm_op_Read.ap_auto.i12, i12 %WidthIn"   --->   Operation 11 'read' 'WidthIn_read' <Predicate = true> <Delay = 0.00>
ST_1 : Operation 12 [1/1] (0.00ns)   --->   "%Height_read = read i12 @_ssdm_op_Read.ap_auto.i12, i12 %Height"   --->   Operation 12 'read' 'Height_read' <Predicate = true> <Delay = 0.00>
ST_1 : Operation 13 [1/1] (0.00ns)   --->   "%axi_last_4_loc = alloca i32 1"   --->   Operation 13 'alloca' 'axi_last_4_loc' <Predicate = true> <Delay = 0.00>
ST_1 : Operation 14 [1/1] (0.00ns)   --->   "%axi_data_25_loc = alloca i32 1"   --->   Operation 14 'alloca' 'axi_data_25_loc' <Predicate = true> <Delay = 0.00>
ST_1 : Operation 15 [1/1] (0.00ns)   --->   "%eol_loc = alloca i32 1"   --->   Operation 15 'alloca' 'eol_loc' <Predicate = true> <Delay = 0.00>
ST_1 : Operation 16 [1/1] (0.00ns)   --->   "%axi_last_loc = alloca i32 1"   --->   Operation 16 'alloca' 'axi_last_loc' <Predicate = true> <Delay = 0.00>
ST_1 : Operation 17 [1/1] ( I:1.83ns O:1.83ns )   --->   "%write_ln0 = write void @_ssdm_op_Write.ap_fifo.i1P0A, i1 %HwReg_layerEnableFlag_0_val_c26, i1 %layerEnableFlag_read"   --->   Operation 17 'write' 'write_ln0' <Predicate = true> <Delay = 1.83> <CoreInst = "FIFO_SRL">   --->   Core 80 'FIFO_SRL' <Latency = 0> <II = 1> <Delay = 1.83> <Storage> <Opcode : 'read' 'write' 'nbread' 'nbwrite'> <Ports = 0> <Width = 1> <Depth = 2> <FIFO>
ST_1 : Operation 18 [2/2] (0.00ns)   --->   "%rows = call i12 @reg<unsigned short>1, i12 %Height_read" [/home/izaan/GitRepos/dpdma_exdes/vivado_quad_vmix/kv260_quad_vmix_dp.runs/bd_quad_vmix_dp_v_mix_0_0_synth_1/prj/sol/.autopilot/db/v_mix.cpp:3080]   --->   Operation 18 'call' 'rows' <Predicate = true> <Delay = 0.00> <CoreType = "Generic">   --->   Generic Core
ST_1 : Operation 19 [2/2] (0.00ns)   --->   "%cols = call i12 @reg<unsigned short>1, i12 %WidthIn_read" [/home/izaan/GitRepos/dpdma_exdes/vivado_quad_vmix/kv260_quad_vmix_dp.runs/bd_quad_vmix_dp_v_mix_0_0_synth_1/prj/sol/.autopilot/db/v_mix.cpp:3081]   --->   Operation 19 'call' 'cols' <Predicate = true> <Delay = 0.00> <CoreType = "Generic">   --->   Generic Core

State 2 <SV = 1> <Delay = 0.50>
ST_2 : Operation 20 [1/1] (0.00ns)   --->   "%specinterface_ln0 = specinterface void @_ssdm_op_SpecInterface, i1 %HwReg_layerEnableFlag_0_val_c26, void @ap_fifo_str, i32 0, i32 0, void @p_str, i32 0, i32 0, void @p_str, void @p_str, void @p_str, i32 2, i32 2, i32 16, i32 16, void @p_str, void @ScalarProp_str, i32 4294967295, i32 0, i32 0"   --->   Operation 20 'specinterface' 'specinterface_ln0' <Predicate = true> <Delay = 0.00>
ST_2 : Operation 21 [1/1] (0.00ns)   --->   "%specaxissidechannel_ln0 = specaxissidechannel void @_ssdm_op_SpecAXISSideChannel, i48 %s_axis_video_V_data_V, i6 %s_axis_video_V_keep_V, i6 %s_axis_video_V_strb_V, i1 %s_axis_video_V_user_V, i1 %s_axis_video_V_last_V, i1 %s_axis_video_V_id_V, i1 %s_axis_video_V_dest_V, void @empty_19"   --->   Operation 21 'specaxissidechannel' 'specaxissidechannel_ln0' <Predicate = true> <Delay = 0.00>
ST_2 : Operation 22 [1/1] (0.00ns)   --->   "%specstablecontent_ln0 = specstablecontent void @_ssdm_op_SpecStableContent, i12 %Height, void "   --->   Operation 22 'specstablecontent' 'specstablecontent_ln0' <Predicate = true> <Delay = 0.00>
ST_2 : Operation 23 [1/1] (0.00ns)   --->   "%specstablecontent_ln0 = specstablecontent void @_ssdm_op_SpecStableContent, i12 %WidthIn, void "   --->   Operation 23 'specstablecontent' 'specstablecontent_ln0' <Predicate = true> <Delay = 0.00>
ST_2 : Operation 24 [1/1] (0.00ns)   --->   "%specinterface_ln0 = specinterface void @_ssdm_op_SpecInterface, i48 %srcLayer0, void @empty_17, i32 0, i32 0, void @empty_54, i32 0, i32 0, void @empty_54, void @empty_54, void @empty_54, i32 0, i32 0, i32 0, i32 0, void @empty_54, void @empty_54, i32 4294967295, i32 0, i32 0"   --->   Operation 24 'specinterface' 'specinterface_ln0' <Predicate = true> <Delay = 0.00>
ST_2 : Operation 25 [1/1] (0.00ns)   --->   "%specinterface_ln0 = specinterface void @_ssdm_op_SpecInterface, i48 %s_axis_video_V_data_V, i6 %s_axis_video_V_keep_V, i6 %s_axis_video_V_strb_V, i1 %s_axis_video_V_user_V, i1 %s_axis_video_V_last_V, i1 %s_axis_video_V_id_V, i1 %s_axis_video_V_dest_V, void @empty_45, i32 0, i32 0, void @empty_53, i32 0, i32 0, void @empty_54, void @empty_54, void @empty_54, i32 0, i32 0, i32 0, i32 0, void @empty_54, void @empty_54, i32 4294967295, i32 0, i32 0"   --->   Operation 25 'specinterface' 'specinterface_ln0' <Predicate = true> <Delay = 0.00>
ST_2 : Operation 26 [1/2] (0.00ns)   --->   "%rows = call i12 @reg<unsigned short>1, i12 %Height_read" [/home/izaan/GitRepos/dpdma_exdes/vivado_quad_vmix/kv260_quad_vmix_dp.runs/bd_quad_vmix_dp_v_mix_0_0_synth_1/prj/sol/.autopilot/db/v_mix.cpp:3080]   --->   Operation 26 'call' 'rows' <Predicate = true> <Delay = 0.00> <CoreType = "Generic">   --->   Generic Core
ST_2 : Operation 27 [1/2] (0.00ns)   --->   "%cols = call i12 @reg<unsigned short>1, i12 %WidthIn_read" [/home/izaan/GitRepos/dpdma_exdes/vivado_quad_vmix/kv260_quad_vmix_dp.runs/bd_quad_vmix_dp_v_mix_0_0_synth_1/prj/sol/.autopilot/db/v_mix.cpp:3081]   --->   Operation 27 'call' 'cols' <Predicate = true> <Delay = 0.00> <CoreType = "Generic">   --->   Generic Core
ST_2 : Operation 28 [1/1] (0.00ns)   --->   "%br_ln3090 = br i1 %layerEnableFlag_read, void %if.end73, void %while.cond.preheader" [/home/izaan/GitRepos/dpdma_exdes/vivado_quad_vmix/kv260_quad_vmix_dp.runs/bd_quad_vmix_dp_v_mix_0_0_synth_1/prj/sol/.autopilot/db/v_mix.cpp:3090]   --->   Operation 28 'br' 'br_ln3090' <Predicate = true> <Delay = 0.00>
ST_2 : Operation 29 [1/1] (0.00ns)   --->   "%axi_data = alloca i32 1" [/home/izaan/GitRepos/dpdma_exdes/vivado_quad_vmix/kv260_quad_vmix_dp.runs/bd_quad_vmix_dp_v_mix_0_0_synth_1/prj/sol/.autopilot/db/v_mix.cpp:3076]   --->   Operation 29 'alloca' 'axi_data' <Predicate = (layerEnableFlag_read)> <Delay = 0.00>
ST_2 : Operation 30 [1/1] (0.00ns)   --->   "%i = alloca i32 1" [/home/izaan/GitRepos/dpdma_exdes/vivado_quad_vmix/kv260_quad_vmix_dp.runs/bd_quad_vmix_dp_v_mix_0_0_synth_1/prj/sol/.autopilot/db/v_mix.cpp:3101]   --->   Operation 30 'alloca' 'i' <Predicate = (layerEnableFlag_read)> <Delay = 0.00>
ST_2 : Operation 31 [1/1] (0.00ns)   --->   "%fence_ln3093 = fence void @_ssdm_op_Fence, i1 %HwReg_layerEnableFlag_0_val_c26, i32 4294967295, i48 %s_axis_video_V_data_V, i6 %s_axis_video_V_keep_V, i6 %s_axis_video_V_strb_V, i1 %s_axis_video_V_user_V, i1 %s_axis_video_V_last_V, i1 %s_axis_video_V_id_V, i1 %s_axis_video_V_dest_V" [/home/izaan/GitRepos/dpdma_exdes/vivado_quad_vmix/kv260_quad_vmix_dp.runs/bd_quad_vmix_dp_v_mix_0_0_synth_1/prj/sol/.autopilot/db/v_mix.cpp:3093]   --->   Operation 31 'fence' 'fence_ln3093' <Predicate = (layerEnableFlag_read)> <Delay = 0.00>
ST_2 : Operation 32 [2/2] (0.50ns)   --->   "%call_ln0 = call void @AXIvideo2MultiPixStream.1_Pipeline_loop_wait_for_start, i48 %s_axis_video_V_data_V, i6 %s_axis_video_V_keep_V, i6 %s_axis_video_V_strb_V, i1 %s_axis_video_V_user_V, i1 %s_axis_video_V_last_V, i1 %s_axis_video_V_id_V, i1 %s_axis_video_V_dest_V, i48 %axi_data, i1 %axi_last_loc"   --->   Operation 32 'call' 'call_ln0' <Predicate = (layerEnableFlag_read)> <Delay = 0.50> <CoreType = "Generic">   --->   Generic Core
ST_2 : Operation 33 [1/1] (0.00ns)   --->   "%trunc_ln9 = partselect i11 @_ssdm_op_PartSelect.i11.i12.i32.i32, i12 %cols, i32 1, i32 11" [/home/izaan/GitRepos/dpdma_exdes/vivado_quad_vmix/kv260_quad_vmix_dp.runs/bd_quad_vmix_dp_v_mix_0_0_synth_1/prj/sol/.autopilot/db/v_mix.cpp:3076]   --->   Operation 33 'partselect' 'trunc_ln9' <Predicate = (layerEnableFlag_read)> <Delay = 0.00>
ST_2 : Operation 34 [1/1] (0.42ns)   --->   "%store_ln3101 = store i12 0, i12 %i" [/home/izaan/GitRepos/dpdma_exdes/vivado_quad_vmix/kv260_quad_vmix_dp.runs/bd_quad_vmix_dp_v_mix_0_0_synth_1/prj/sol/.autopilot/db/v_mix.cpp:3101]   --->   Operation 34 'store' 'store_ln3101' <Predicate = (layerEnableFlag_read)> <Delay = 0.42>

State 3 <SV = 2> <Delay = 0.85>
ST_3 : Operation 35 [1/2] (0.85ns)   --->   "%call_ln0 = call void @AXIvideo2MultiPixStream.1_Pipeline_loop_wait_for_start, i48 %s_axis_video_V_data_V, i6 %s_axis_video_V_keep_V, i6 %s_axis_video_V_strb_V, i1 %s_axis_video_V_user_V, i1 %s_axis_video_V_last_V, i1 %s_axis_video_V_id_V, i1 %s_axis_video_V_dest_V, i48 %axi_data, i1 %axi_last_loc"   --->   Operation 35 'call' 'call_ln0' <Predicate = true> <Delay = 0.85> <CoreType = "Generic">   --->   Generic Core

State 4 <SV = 3> <Delay = 1.08>
ST_4 : Operation 36 [1/1] (0.00ns)   --->   "%fence_ln3076 = fence void @_ssdm_op_Fence, i48 %s_axis_video_V_data_V, i6 %s_axis_video_V_keep_V, i6 %s_axis_video_V_strb_V, i1 %s_axis_video_V_user_V, i1 %s_axis_video_V_last_V, i1 %s_axis_video_V_id_V, i1 %s_axis_video_V_dest_V, i32 4294967295, i48 %s_axis_video_V_data_V, i6 %s_axis_video_V_keep_V, i6 %s_axis_video_V_strb_V, i1 %s_axis_video_V_user_V, i1 %s_axis_video_V_last_V, i1 %s_axis_video_V_id_V, i1 %s_axis_video_V_dest_V, i48 %srcLayer0" [/home/izaan/GitRepos/dpdma_exdes/vivado_quad_vmix/kv260_quad_vmix_dp.runs/bd_quad_vmix_dp_v_mix_0_0_synth_1/prj/sol/.autopilot/db/v_mix.cpp:3076]   --->   Operation 36 'fence' 'fence_ln3076' <Predicate = true> <Delay = 0.00>
ST_4 : Operation 37 [1/1] (0.00ns)   --->   "%axi_last_loc_load = load i1 %axi_last_loc"   --->   Operation 37 'load' 'axi_last_loc_load' <Predicate = true> <Delay = 0.00>
ST_4 : Operation 38 [1/1] (0.79ns)   --->   "%cmp10302 = icmp_ne  i11 %trunc_ln9, i11 0" [/home/izaan/GitRepos/dpdma_exdes/vivado_quad_vmix/kv260_quad_vmix_dp.runs/bd_quad_vmix_dp_v_mix_0_0_synth_1/prj/sol/.autopilot/db/v_mix.cpp:3076]   --->   Operation 38 'icmp' 'cmp10302' <Predicate = true> <Delay = 0.79> <CoreInst = "Cmp">   --->   Core 9 'Cmp' <Latency = 0> <II = 1> <Delay = 0.79> <FuncUnit> <Opcode : 'seteq' 'setne' 'setle' 'setge' 'setlt' 'setgt'> <InPorts = 2> <OutPorts = 1>
ST_4 : Operation 39 [1/1] (0.28ns)   --->   "%xor_ln3150 = xor i1 %cmp10302, i1 1" [/home/izaan/GitRepos/dpdma_exdes/vivado_quad_vmix/kv260_quad_vmix_dp.runs/bd_quad_vmix_dp_v_mix_0_0_synth_1/prj/sol/.autopilot/db/v_mix.cpp:3150]   --->   Operation 39 'xor' 'xor_ln3150' <Predicate = true> <Delay = 0.28> <CoreInst = "LogicGate">   --->   Core 74 'LogicGate' <Latency = 0> <II = 1> <Delay = 0.28> <FuncUnit> <Opcode : 'and' 'or' 'xor'> <InPorts = 2> <OutPorts = 1>
ST_4 : Operation 40 [1/1] (0.42ns)   --->   "%br_ln3101 = br void %loop_width" [/home/izaan/GitRepos/dpdma_exdes/vivado_quad_vmix/kv260_quad_vmix_dp.runs/bd_quad_vmix_dp_v_mix_0_0_synth_1/prj/sol/.autopilot/db/v_mix.cpp:3101]   --->   Operation 40 'br' 'br_ln3101' <Predicate = true> <Delay = 0.42>

State 5 <SV = 4> <Delay = 2.03>
ST_5 : Operation 41 [1/1] (0.00ns)   --->   "%sof = phi i1 1, void %while.cond.preheader, i1 %and_ln3150, void %loop_width.split" [/home/izaan/GitRepos/dpdma_exdes/vivado_quad_vmix/kv260_quad_vmix_dp.runs/bd_quad_vmix_dp_v_mix_0_0_synth_1/prj/sol/.autopilot/db/v_mix.cpp:3150]   --->   Operation 41 'phi' 'sof' <Predicate = (layerEnableFlag_read)> <Delay = 0.00>
ST_5 : Operation 42 [1/1] (0.00ns)   --->   "%axi_last = phi i1 %axi_last_loc_load, void %while.cond.preheader, i1 %axi_last_4_loc_load, void %loop_width.split"   --->   Operation 42 'phi' 'axi_last' <Predicate = (layerEnableFlag_read)> <Delay = 0.00>
ST_5 : Operation 43 [1/1] (0.00ns)   --->   "%i_9 = load i12 %i" [/home/izaan/GitRepos/dpdma_exdes/vivado_quad_vmix/kv260_quad_vmix_dp.runs/bd_quad_vmix_dp_v_mix_0_0_synth_1/prj/sol/.autopilot/db/v_mix.cpp:3101]   --->   Operation 43 'load' 'i_9' <Predicate = (layerEnableFlag_read)> <Delay = 0.00>
ST_5 : Operation 44 [1/1] (0.80ns)   --->   "%icmp_ln3101 = icmp_eq  i12 %i_9, i12 %rows" [/home/izaan/GitRepos/dpdma_exdes/vivado_quad_vmix/kv260_quad_vmix_dp.runs/bd_quad_vmix_dp_v_mix_0_0_synth_1/prj/sol/.autopilot/db/v_mix.cpp:3101]   --->   Operation 44 'icmp' 'icmp_ln3101' <Predicate = (layerEnableFlag_read)> <Delay = 0.80> <CoreInst = "Cmp">   --->   Core 9 'Cmp' <Latency = 0> <II = 1> <Delay = 0.80> <FuncUnit> <Opcode : 'seteq' 'setne' 'setle' 'setge' 'setlt' 'setgt'> <InPorts = 2> <OutPorts = 1>
ST_5 : Operation 45 [1/1] (0.00ns)   --->   "%speclooptripcount_ln0 = speclooptripcount void @_ssdm_op_SpecLoopTripCount, i64 0, i64 2160, i64 0"   --->   Operation 45 'speclooptripcount' 'speclooptripcount_ln0' <Predicate = (layerEnableFlag_read)> <Delay = 0.00>
ST_5 : Operation 46 [1/1] (0.80ns)   --->   "%i_10 = add i12 %i_9, i12 1" [/home/izaan/GitRepos/dpdma_exdes/vivado_quad_vmix/kv260_quad_vmix_dp.runs/bd_quad_vmix_dp_v_mix_0_0_synth_1/prj/sol/.autopilot/db/v_mix.cpp:3101]   --->   Operation 46 'add' 'i_10' <Predicate = (layerEnableFlag_read)> <Delay = 0.80> <CoreInst = "Adder">   --->   Core 1 'Adder' <Latency = 0> <II = 1> <Delay = 0.80> <FuncUnit> <Opcode : 'add' 'sub'> <InPorts = 2> <OutPorts = 1>
ST_5 : Operation 47 [1/1] (0.00ns)   --->   "%br_ln3101 = br i1 %icmp_ln3101, void %loop_width.split, void %if.end73.loopexit" [/home/izaan/GitRepos/dpdma_exdes/vivado_quad_vmix/kv260_quad_vmix_dp.runs/bd_quad_vmix_dp_v_mix_0_0_synth_1/prj/sol/.autopilot/db/v_mix.cpp:3101]   --->   Operation 47 'br' 'br_ln3101' <Predicate = (layerEnableFlag_read)> <Delay = 0.00>
ST_5 : Operation 48 [1/1] (0.00ns)   --->   "%axi_data_load = load i48 %axi_data"   --->   Operation 48 'load' 'axi_data_load' <Predicate = (layerEnableFlag_read & !icmp_ln3101)> <Delay = 0.00>
ST_5 : Operation 49 [2/2] (1.22ns)   --->   "%call_ln3150 = call void @AXIvideo2MultiPixStream.1_Pipeline_loop_width, i1 %sof, i1 %axi_last, i48 %axi_data_load, i11 %trunc_ln9, i48 %srcLayer0, i48 %s_axis_video_V_data_V, i6 %s_axis_video_V_keep_V, i6 %s_axis_video_V_strb_V, i1 %s_axis_video_V_user_V, i1 %s_axis_video_V_last_V, i1 %s_axis_video_V_id_V, i1 %s_axis_video_V_dest_V, i1 %eol_loc, i48 %axi_data_25_loc" [/home/izaan/GitRepos/dpdma_exdes/vivado_quad_vmix/kv260_quad_vmix_dp.runs/bd_quad_vmix_dp_v_mix_0_0_synth_1/prj/sol/.autopilot/db/v_mix.cpp:3150]   --->   Operation 49 'call' 'call_ln3150' <Predicate = (layerEnableFlag_read & !icmp_ln3101)> <Delay = 1.22> <CoreType = "Generic">   --->   Generic Core
ST_5 : Operation 50 [1/1] (0.28ns)   --->   "%and_ln3150 = and i1 %sof, i1 %xor_ln3150" [/home/izaan/GitRepos/dpdma_exdes/vivado_quad_vmix/kv260_quad_vmix_dp.runs/bd_quad_vmix_dp_v_mix_0_0_synth_1/prj/sol/.autopilot/db/v_mix.cpp:3150]   --->   Operation 50 'and' 'and_ln3150' <Predicate = (layerEnableFlag_read & !icmp_ln3101)> <Delay = 0.28> <CoreInst = "LogicGate">   --->   Core 74 'LogicGate' <Latency = 0> <II = 1> <Delay = 0.28> <FuncUnit> <Opcode : 'and' 'or' 'xor'> <InPorts = 2> <OutPorts = 1>
ST_5 : Operation 51 [1/1] (0.42ns)   --->   "%store_ln3101 = store i12 %i_10, i12 %i" [/home/izaan/GitRepos/dpdma_exdes/vivado_quad_vmix/kv260_quad_vmix_dp.runs/bd_quad_vmix_dp_v_mix_0_0_synth_1/prj/sol/.autopilot/db/v_mix.cpp:3101]   --->   Operation 51 'store' 'store_ln3101' <Predicate = (layerEnableFlag_read & !icmp_ln3101)> <Delay = 0.42>
ST_5 : Operation 52 [1/1] (0.00ns)   --->   "%br_ln0 = br void %if.end73"   --->   Operation 52 'br' 'br_ln0' <Predicate = (layerEnableFlag_read & icmp_ln3101)> <Delay = 0.00>
ST_5 : Operation 53 [1/1] (0.00ns)   --->   "%ret_ln0 = ret"   --->   Operation 53 'ret' 'ret_ln0' <Predicate = (icmp_ln3101) | (!layerEnableFlag_read)> <Delay = 0.00>

State 6 <SV = 5> <Delay = 0.00>
ST_6 : Operation 54 [1/2] (0.00ns)   --->   "%call_ln3150 = call void @AXIvideo2MultiPixStream.1_Pipeline_loop_width, i1 %sof, i1 %axi_last, i48 %axi_data_load, i11 %trunc_ln9, i48 %srcLayer0, i48 %s_axis_video_V_data_V, i6 %s_axis_video_V_keep_V, i6 %s_axis_video_V_strb_V, i1 %s_axis_video_V_user_V, i1 %s_axis_video_V_last_V, i1 %s_axis_video_V_id_V, i1 %s_axis_video_V_dest_V, i1 %eol_loc, i48 %axi_data_25_loc" [/home/izaan/GitRepos/dpdma_exdes/vivado_quad_vmix/kv260_quad_vmix_dp.runs/bd_quad_vmix_dp_v_mix_0_0_synth_1/prj/sol/.autopilot/db/v_mix.cpp:3150]   --->   Operation 54 'call' 'call_ln3150' <Predicate = true> <Delay = 0.00> <CoreType = "Generic">   --->   Generic Core

State 7 <SV = 6> <Delay = 0.68>
ST_7 : Operation 55 [1/1] (0.00ns)   --->   "%fence_ln3150 = fence void @_ssdm_op_Fence, i48 %s_axis_video_V_data_V, i6 %s_axis_video_V_keep_V, i6 %s_axis_video_V_strb_V, i1 %s_axis_video_V_user_V, i1 %s_axis_video_V_last_V, i1 %s_axis_video_V_id_V, i1 %s_axis_video_V_dest_V, i48 %srcLayer0, i32 4294967295, i48 %s_axis_video_V_data_V, i6 %s_axis_video_V_keep_V, i6 %s_axis_video_V_strb_V, i1 %s_axis_video_V_user_V, i1 %s_axis_video_V_last_V, i1 %s_axis_video_V_id_V, i1 %s_axis_video_V_dest_V" [/home/izaan/GitRepos/dpdma_exdes/vivado_quad_vmix/kv260_quad_vmix_dp.runs/bd_quad_vmix_dp_v_mix_0_0_synth_1/prj/sol/.autopilot/db/v_mix.cpp:3150]   --->   Operation 55 'fence' 'fence_ln3150' <Predicate = true> <Delay = 0.00>
ST_7 : Operation 56 [1/1] (0.00ns)   --->   "%eol_loc_load = load i1 %eol_loc"   --->   Operation 56 'load' 'eol_loc_load' <Predicate = true> <Delay = 0.00>
ST_7 : Operation 57 [1/1] (0.00ns)   --->   "%axi_data_25_loc_load = load i48 %axi_data_25_loc"   --->   Operation 57 'load' 'axi_data_25_loc_load' <Predicate = true> <Delay = 0.00>
ST_7 : Operation 58 [1/1] (0.17ns)   --->   "%select_ln3150 = select i1 %cmp10302, i1 %eol_loc_load, i1 %axi_last" [/home/izaan/GitRepos/dpdma_exdes/vivado_quad_vmix/kv260_quad_vmix_dp.runs/bd_quad_vmix_dp_v_mix_0_0_synth_1/prj/sol/.autopilot/db/v_mix.cpp:3150]   --->   Operation 58 'select' 'select_ln3150' <Predicate = true> <Delay = 0.17> <CoreInst = "Sel">   --->   Core 73 'Sel' <Latency = 0> <II = 1> <Delay = 0.17> <FuncUnit> <Opcode : 'select'> <InPorts = 3> <OutPorts = 1>
ST_7 : Operation 59 [1/1] (0.00ns)   --->   "%fence_ln3150 = fence void @_ssdm_op_Fence, i48 %s_axis_video_V_data_V, i6 %s_axis_video_V_keep_V, i6 %s_axis_video_V_strb_V, i1 %s_axis_video_V_user_V, i1 %s_axis_video_V_last_V, i1 %s_axis_video_V_id_V, i1 %s_axis_video_V_dest_V, i48 %srcLayer0, i32 4294967295, i48 %s_axis_video_V_data_V, i6 %s_axis_video_V_keep_V, i6 %s_axis_video_V_strb_V, i1 %s_axis_video_V_user_V, i1 %s_axis_video_V_last_V, i1 %s_axis_video_V_id_V, i1 %s_axis_video_V_dest_V" [/home/izaan/GitRepos/dpdma_exdes/vivado_quad_vmix/kv260_quad_vmix_dp.runs/bd_quad_vmix_dp_v_mix_0_0_synth_1/prj/sol/.autopilot/db/v_mix.cpp:3150]   --->   Operation 59 'fence' 'fence_ln3150' <Predicate = true> <Delay = 0.00>
ST_7 : Operation 60 [2/2] (0.50ns)   --->   "%call_ln3150 = call void @AXIvideo2MultiPixStream.1_Pipeline_loop_wait_for_eol, i48 %axi_data_25_loc_load, i1 %select_ln3150, i1 %eol_loc_load, i48 %s_axis_video_V_data_V, i6 %s_axis_video_V_keep_V, i6 %s_axis_video_V_strb_V, i1 %s_axis_video_V_user_V, i1 %s_axis_video_V_last_V, i1 %s_axis_video_V_id_V, i1 %s_axis_video_V_dest_V, i48 %axi_data, i1 %axi_last_4_loc" [/home/izaan/GitRepos/dpdma_exdes/vivado_quad_vmix/kv260_quad_vmix_dp.runs/bd_quad_vmix_dp_v_mix_0_0_synth_1/prj/sol/.autopilot/db/v_mix.cpp:3150]   --->   Operation 60 'call' 'call_ln3150' <Predicate = true> <Delay = 0.50> <CoreType = "Generic">   --->   Generic Core

State 8 <SV = 7> <Delay = 0.85>
ST_8 : Operation 61 [1/2] (0.85ns)   --->   "%call_ln3150 = call void @AXIvideo2MultiPixStream.1_Pipeline_loop_wait_for_eol, i48 %axi_data_25_loc_load, i1 %select_ln3150, i1 %eol_loc_load, i48 %s_axis_video_V_data_V, i6 %s_axis_video_V_keep_V, i6 %s_axis_video_V_strb_V, i1 %s_axis_video_V_user_V, i1 %s_axis_video_V_last_V, i1 %s_axis_video_V_id_V, i1 %s_axis_video_V_dest_V, i48 %axi_data, i1 %axi_last_4_loc" [/home/izaan/GitRepos/dpdma_exdes/vivado_quad_vmix/kv260_quad_vmix_dp.runs/bd_quad_vmix_dp_v_mix_0_0_synth_1/prj/sol/.autopilot/db/v_mix.cpp:3150]   --->   Operation 61 'call' 'call_ln3150' <Predicate = true> <Delay = 0.85> <CoreType = "Generic">   --->   Generic Core

State 9 <SV = 8> <Delay = 0.00>
ST_9 : Operation 62 [1/1] (0.00ns)   --->   "%specloopname_ln3101 = specloopname void @_ssdm_op_SpecLoopName, void @empty_16" [/home/izaan/GitRepos/dpdma_exdes/vivado_quad_vmix/kv260_quad_vmix_dp.runs/bd_quad_vmix_dp_v_mix_0_0_synth_1/prj/sol/.autopilot/db/v_mix.cpp:3101]   --->   Operation 62 'specloopname' 'specloopname_ln3101' <Predicate = true> <Delay = 0.00>
ST_9 : Operation 63 [1/1] (0.00ns)   --->   "%axi_last_4_loc_load = load i1 %axi_last_4_loc"   --->   Operation 63 'load' 'axi_last_4_loc_load' <Predicate = true> <Delay = 0.00>
ST_9 : Operation 64 [1/1] (0.00ns)   --->   "%br_ln3101 = br void %loop_width" [/home/izaan/GitRepos/dpdma_exdes/vivado_quad_vmix/kv260_quad_vmix_dp.runs/bd_quad_vmix_dp_v_mix_0_0_synth_1/prj/sol/.autopilot/db/v_mix.cpp:3101]   --->   Operation 64 'br' 'br_ln3101' <Predicate = true> <Delay = 0.00>


============================================================
+ Verbose Summary: Binding
============================================================
STG Binding: 
---------------- STG Properties BEGIN ----------------
- Is combinational: 0
- Is one-state seq: 0
- Is datapath-only: 0
- Is pipelined: 0
- Is top level: 0
Port [ Return ] is wired: 1; IO mode=ap_ctrl_hs:ce=0
Port [ s_axis_video_V_data_V]:  wired=1; compound=1; hidden=0; nouse=0; global=0; static=0; extern=0; dir=0; type=0; pingpong=0; private_global=0; IO mode=axis:ce=0
Port [ s_axis_video_V_keep_V]:  wired=1; compound=1; hidden=0; nouse=0; global=0; static=0; extern=0; dir=0; type=0; pingpong=0; private_global=0; IO mode=axis:ce=0
Port [ s_axis_video_V_strb_V]:  wired=1; compound=1; hidden=0; nouse=0; global=0; static=0; extern=0; dir=0; type=0; pingpong=0; private_global=0; IO mode=axis:ce=0
Port [ s_axis_video_V_user_V]:  wired=1; compound=1; hidden=0; nouse=0; global=0; static=0; extern=0; dir=0; type=0; pingpong=0; private_global=0; IO mode=axis:ce=0
Port [ s_axis_video_V_last_V]:  wired=1; compound=1; hidden=0; nouse=0; global=0; static=0; extern=0; dir=0; type=0; pingpong=0; private_global=0; IO mode=axis:ce=0
Port [ s_axis_video_V_id_V]:  wired=1; compound=1; hidden=0; nouse=0; global=0; static=0; extern=0; dir=0; type=0; pingpong=0; private_global=0; IO mode=axis:ce=0
Port [ s_axis_video_V_dest_V]:  wired=1; compound=1; hidden=0; nouse=0; global=0; static=0; extern=0; dir=0; type=0; pingpong=0; private_global=0; IO mode=axis:ce=0
Port [ srcLayer0]:  wired=1; compound=1; hidden=0; nouse=0; global=0; static=0; extern=0; dir=1; type=3; pingpong=0; private_global=0; IO mode=ap_fifo:ce=0
Port [ Height]:  wired=1; compound=0; hidden=0; nouse=0; global=0; static=0; extern=0; dir=0; type=0; pingpong=0; private_global=0; IO mode=ap_stable:ce=0
Port [ WidthIn]:  wired=1; compound=0; hidden=0; nouse=0; global=0; static=0; extern=0; dir=0; type=0; pingpong=0; private_global=0; IO mode=ap_stable:ce=0
Port [ layerEnableFlag]:  wired=1; compound=0; hidden=0; nouse=0; global=0; static=0; extern=0; dir=0; type=0; pingpong=0; private_global=0; IO mode=ap_none:ce=0
Port [ HwReg_layerEnableFlag_0_val_c26]:  wired=1; compound=1; hidden=0; nouse=0; global=0; static=0; extern=0; dir=1; type=3; pingpong=0; private_global=0; IO mode=ap_fifo:ce=0
---------------- STG Properties END ------------------

---------------- Datapath Model BEGIN ----------------

<LifeTime>
<method=bitvector/>
layerEnableFlag_read    (read               ) [ 0011111111]
WidthIn_read            (read               ) [ 0010000000]
Height_read             (read               ) [ 0010000000]
axi_last_4_loc          (alloca             ) [ 0011111111]
axi_data_25_loc         (alloca             ) [ 0011111111]
eol_loc                 (alloca             ) [ 0011111111]
axi_last_loc            (alloca             ) [ 0011100000]
write_ln0               (write              ) [ 0000000000]
specinterface_ln0       (specinterface      ) [ 0000000000]
specaxissidechannel_ln0 (specaxissidechannel) [ 0000000000]
specstablecontent_ln0   (specstablecontent  ) [ 0000000000]
specstablecontent_ln0   (specstablecontent  ) [ 0000000000]
specinterface_ln0       (specinterface      ) [ 0000000000]
specinterface_ln0       (specinterface      ) [ 0000000000]
rows                    (call               ) [ 0001111111]
cols                    (call               ) [ 0000000000]
br_ln3090               (br                 ) [ 0000000000]
axi_data                (alloca             ) [ 0011111111]
i                       (alloca             ) [ 0011111111]
fence_ln3093            (fence              ) [ 0000000000]
trunc_ln9               (partselect         ) [ 0001111111]
store_ln3101            (store              ) [ 0000000000]
call_ln0                (call               ) [ 0000000000]
fence_ln3076            (fence              ) [ 0000000000]
axi_last_loc_load       (load               ) [ 0000111111]
cmp10302                (icmp               ) [ 0000011111]
xor_ln3150              (xor                ) [ 0000011111]
br_ln3101               (br                 ) [ 0000111111]
sof                     (phi                ) [ 0000011000]
axi_last                (phi                ) [ 0000011100]
i_9                     (load               ) [ 0000000000]
icmp_ln3101             (icmp               ) [ 0000011111]
speclooptripcount_ln0   (speclooptripcount  ) [ 0000000000]
i_10                    (add                ) [ 0000000000]
br_ln3101               (br                 ) [ 0000000000]
axi_data_load           (load               ) [ 0000001000]
and_ln3150              (and                ) [ 0000111111]
store_ln3101            (store              ) [ 0000000000]
br_ln0                  (br                 ) [ 0000000000]
ret_ln0                 (ret                ) [ 0000000000]
call_ln3150             (call               ) [ 0000000000]
fence_ln3150            (fence              ) [ 0000000000]
eol_loc_load            (load               ) [ 0000000010]
axi_data_25_loc_load    (load               ) [ 0000000010]
select_ln3150           (select             ) [ 0000000010]
fence_ln3150            (fence              ) [ 0000000000]
call_ln3150             (call               ) [ 0000000000]
specloopname_ln3101     (specloopname       ) [ 0000000000]
axi_last_4_loc_load     (load               ) [ 0000111111]
br_ln3101               (br                 ) [ 0000111111]
</LifeTime>

<model>

<comp_list>
<comp id="0" class="1000" name="s_axis_video_V_data_V">
<pin_list>
<pin id="1" dir="1" index="0" bw="1" slack="0"/>
</pin_list>
<bind>
<StgValue><ssdm name="s_axis_video_V_data_V"/></StgValue>
</bind>
</comp>

<comp id="2" class="1000" name="s_axis_video_V_keep_V">
<pin_list>
<pin id="3" dir="1" index="0" bw="1" slack="0"/>
</pin_list>
<bind>
<StgValue><ssdm name="s_axis_video_V_keep_V"/></StgValue>
</bind>
</comp>

<comp id="4" class="1000" name="s_axis_video_V_strb_V">
<pin_list>
<pin id="5" dir="1" index="0" bw="1" slack="0"/>
</pin_list>
<bind>
<StgValue><ssdm name="s_axis_video_V_strb_V"/></StgValue>
</bind>
</comp>

<comp id="6" class="1000" name="s_axis_video_V_user_V">
<pin_list>
<pin id="7" dir="1" index="0" bw="1" slack="0"/>
</pin_list>
<bind>
<StgValue><ssdm name="s_axis_video_V_user_V"/></StgValue>
</bind>
</comp>

<comp id="8" class="1000" name="s_axis_video_V_last_V">
<pin_list>
<pin id="9" dir="1" index="0" bw="1" slack="0"/>
</pin_list>
<bind>
<StgValue><ssdm name="s_axis_video_V_last_V"/></StgValue>
</bind>
</comp>

<comp id="10" class="1000" name="s_axis_video_V_id_V">
<pin_list>
<pin id="11" dir="1" index="0" bw="1" slack="0"/>
</pin_list>
<bind>
<StgValue><ssdm name="s_axis_video_V_id_V"/></StgValue>
</bind>
</comp>

<comp id="12" class="1000" name="s_axis_video_V_dest_V">
<pin_list>
<pin id="13" dir="1" index="0" bw="1" slack="0"/>
</pin_list>
<bind>
<StgValue><ssdm name="s_axis_video_V_dest_V"/></StgValue>
</bind>
</comp>

<comp id="14" class="1000" name="srcLayer0">
<pin_list>
<pin id="15" dir="1" index="0" bw="1" slack="0"/>
</pin_list>
<bind>
<StgValue><ssdm name="srcLayer0"/></StgValue>
</bind>
</comp>

<comp id="16" class="1000" name="Height">
<pin_list>
<pin id="17" dir="1" index="0" bw="1" slack="0"/>
</pin_list>
<bind>
<StgValue><ssdm name="Height"/></StgValue>
</bind>
</comp>

<comp id="18" class="1000" name="WidthIn">
<pin_list>
<pin id="19" dir="1" index="0" bw="1" slack="0"/>
</pin_list>
<bind>
<StgValue><ssdm name="WidthIn"/></StgValue>
</bind>
</comp>

<comp id="20" class="1000" name="layerEnableFlag">
<pin_list>
<pin id="21" dir="1" index="0" bw="1" slack="0"/>
</pin_list>
<bind>
<StgValue><ssdm name="layerEnableFlag"/></StgValue>
</bind>
</comp>

<comp id="22" class="1000" name="HwReg_layerEnableFlag_0_val_c26">
<pin_list>
<pin id="23" dir="1" index="0" bw="1" slack="0"/>
</pin_list>
<bind>
<StgValue><ssdm name="HwReg_layerEnableFlag_0_val_c26"/></StgValue>
</bind>
</comp>

<comp id="24" class="1001" name="const_24">
<pin_list>
<pin id="25" dir="1" index="0" bw="1" slack="0"/>
</pin_list>
<bind>
<StgValue><ssdm name="_ssdm_op_Read.ap_auto.i1"/></StgValue>
</bind>
</comp>

<comp id="26" class="1001" name="const_26">
<pin_list>
<pin id="27" dir="1" index="0" bw="1" slack="0"/>
</pin_list>
<bind>
<StgValue><ssdm name="_ssdm_op_Read.ap_auto.i12"/></StgValue>
</bind>
</comp>

<comp id="28" class="1001" name="const_28">
<pin_list>
<pin id="29" dir="1" index="0" bw="1" slack="0"/>
</pin_list>
<bind>
<StgValue><ssdm name=""/></StgValue>
</bind>
</comp>

<comp id="30" class="1001" name="const_30">
<pin_list>
<pin id="31" dir="1" index="0" bw="1" slack="0"/>
</pin_list>
<bind>
<StgValue><ssdm name="_ssdm_op_Write.ap_fifo.i1P0A"/></StgValue>
</bind>
</comp>

<comp id="32" class="1001" name="const_32">
<pin_list>
<pin id="33" dir="1" index="0" bw="1" slack="0"/>
</pin_list>
<bind>
<StgValue><ssdm name="reg<unsigned short>1"/></StgValue>
</bind>
</comp>

<comp id="34" class="1001" name="const_34">
<pin_list>
<pin id="35" dir="1" index="0" bw="1" slack="2147483647"/>
</pin_list>
<bind>
<StgValue><ssdm name="_ssdm_op_SpecInterface"/></StgValue>
</bind>
</comp>

<comp id="36" class="1001" name="const_36">
<pin_list>
<pin id="37" dir="1" index="0" bw="1" slack="2147483647"/>
</pin_list>
<bind>
<StgValue><ssdm name="ap_fifo_str"/></StgValue>
</bind>
</comp>

<comp id="38" class="1001" name="const_38">
<pin_list>
<pin id="39" dir="1" index="0" bw="1" slack="2147483647"/>
</pin_list>
<bind>
<StgValue><ssdm name=""/></StgValue>
</bind>
</comp>

<comp id="40" class="1001" name="const_40">
<pin_list>
<pin id="41" dir="1" index="0" bw="1" slack="2147483647"/>
</pin_list>
<bind>
<StgValue><ssdm name="p_str"/></StgValue>
</bind>
</comp>

<comp id="42" class="1001" name="const_42">
<pin_list>
<pin id="43" dir="1" index="0" bw="1" slack="2147483647"/>
</pin_list>
<bind>
<StgValue><ssdm name=""/></StgValue>
</bind>
</comp>

<comp id="44" class="1001" name="const_44">
<pin_list>
<pin id="45" dir="1" index="0" bw="1" slack="2147483647"/>
</pin_list>
<bind>
<StgValue><ssdm name=""/></StgValue>
</bind>
</comp>

<comp id="46" class="1001" name="const_46">
<pin_list>
<pin id="47" dir="1" index="0" bw="1" slack="2147483647"/>
</pin_list>
<bind>
<StgValue><ssdm name="ScalarProp_str"/></StgValue>
</bind>
</comp>

<comp id="48" class="1001" name="const_48">
<pin_list>
<pin id="49" dir="1" index="0" bw="1" slack="0"/>
</pin_list>
<bind>
<StgValue><ssdm name=""/></StgValue>
</bind>
</comp>

<comp id="50" class="1001" name="const_50">
<pin_list>
<pin id="51" dir="1" index="0" bw="1" slack="2147483647"/>
</pin_list>
<bind>
<StgValue><ssdm name="_ssdm_op_SpecAXISSideChannel"/></StgValue>
</bind>
</comp>

<comp id="52" class="1001" name="const_52">
<pin_list>
<pin id="53" dir="1" index="0" bw="1" slack="2147483647"/>
</pin_list>
<bind>
<StgValue><ssdm name="empty_19"/></StgValue>
</bind>
</comp>

<comp id="54" class="1001" name="const_54">
<pin_list>
<pin id="55" dir="1" index="0" bw="1" slack="2147483647"/>
</pin_list>
<bind>
<StgValue><ssdm name="_ssdm_op_SpecStableContent"/></StgValue>
</bind>
</comp>

<comp id="56" class="1001" name="const_56">
<pin_list>
<pin id="57" dir="1" index="0" bw="1" slack="2147483647"/>
</pin_list>
<bind>
<StgValue><ssdm name=""/></StgValue>
</bind>
</comp>

<comp id="58" class="1001" name="const_58">
<pin_list>
<pin id="59" dir="1" index="0" bw="1" slack="2147483647"/>
</pin_list>
<bind>
<StgValue><ssdm name="empty_17"/></StgValue>
</bind>
</comp>

<comp id="60" class="1001" name="const_60">
<pin_list>
<pin id="61" dir="1" index="0" bw="1" slack="2147483647"/>
</pin_list>
<bind>
<StgValue><ssdm name="empty_54"/></StgValue>
</bind>
</comp>

<comp id="62" class="1001" name="const_62">
<pin_list>
<pin id="63" dir="1" index="0" bw="1" slack="2147483647"/>
</pin_list>
<bind>
<StgValue><ssdm name="empty_45"/></StgValue>
</bind>
</comp>

<comp id="64" class="1001" name="const_64">
<pin_list>
<pin id="65" dir="1" index="0" bw="1" slack="2147483647"/>
</pin_list>
<bind>
<StgValue><ssdm name="empty_53"/></StgValue>
</bind>
</comp>

<comp id="66" class="1001" name="const_66">
<pin_list>
<pin id="67" dir="1" index="0" bw="1" slack="0"/>
</pin_list>
<bind>
<StgValue><ssdm name="_ssdm_op_Fence"/></StgValue>
</bind>
</comp>

<comp id="68" class="1001" name="const_68">
<pin_list>
<pin id="69" dir="1" index="0" bw="1" slack="0"/>
</pin_list>
<bind>
<StgValue><ssdm name="AXIvideo2MultiPixStream.1_Pipeline_loop_wait_for_start"/></StgValue>
</bind>
</comp>

<comp id="70" class="1001" name="const_70">
<pin_list>
<pin id="71" dir="1" index="0" bw="1" slack="0"/>
</pin_list>
<bind>
<StgValue><ssdm name="_ssdm_op_PartSelect.i11.i12.i32.i32"/></StgValue>
</bind>
</comp>

<comp id="72" class="1001" name="const_72">
<pin_list>
<pin id="73" dir="1" index="0" bw="1" slack="0"/>
</pin_list>
<bind>
<StgValue><ssdm name=""/></StgValue>
</bind>
</comp>

<comp id="74" class="1001" name="const_74">
<pin_list>
<pin id="75" dir="1" index="0" bw="1" slack="0"/>
</pin_list>
<bind>
<StgValue><ssdm name=""/></StgValue>
</bind>
</comp>

<comp id="76" class="1001" name="const_76">
<pin_list>
<pin id="77" dir="1" index="0" bw="1" slack="0"/>
</pin_list>
<bind>
<StgValue><ssdm name=""/></StgValue>
</bind>
</comp>

<comp id="78" class="1001" name="const_78">
<pin_list>
<pin id="79" dir="1" index="0" bw="1" slack="0"/>
</pin_list>
<bind>
<StgValue><ssdm name=""/></StgValue>
</bind>
</comp>

<comp id="80" class="1001" name="const_80">
<pin_list>
<pin id="81" dir="1" index="0" bw="1" slack="2147483647"/>
</pin_list>
<bind>
<StgValue><ssdm name="_ssdm_op_SpecLoopTripCount"/></StgValue>
</bind>
</comp>

<comp id="82" class="1001" name="const_82">
<pin_list>
<pin id="83" dir="1" index="0" bw="1" slack="2147483647"/>
</pin_list>
<bind>
<StgValue><ssdm name=""/></StgValue>
</bind>
</comp>

<comp id="84" class="1001" name="const_84">
<pin_list>
<pin id="85" dir="1" index="0" bw="1" slack="2147483647"/>
</pin_list>
<bind>
<StgValue><ssdm name=""/></StgValue>
</bind>
</comp>

<comp id="86" class="1001" name="const_86">
<pin_list>
<pin id="87" dir="1" index="0" bw="1" slack="0"/>
</pin_list>
<bind>
<StgValue><ssdm name=""/></StgValue>
</bind>
</comp>

<comp id="88" class="1001" name="const_88">
<pin_list>
<pin id="89" dir="1" index="0" bw="1" slack="0"/>
</pin_list>
<bind>
<StgValue><ssdm name="AXIvideo2MultiPixStream.1_Pipeline_loop_width"/></StgValue>
</bind>
</comp>

<comp id="90" class="1001" name="const_90">
<pin_list>
<pin id="91" dir="1" index="0" bw="1" slack="0"/>
</pin_list>
<bind>
<StgValue><ssdm name="AXIvideo2MultiPixStream.1_Pipeline_loop_wait_for_eol"/></StgValue>
</bind>
</comp>

<comp id="92" class="1001" name="const_92">
<pin_list>
<pin id="93" dir="1" index="0" bw="1" slack="2147483647"/>
</pin_list>
<bind>
<StgValue><ssdm name="_ssdm_op_SpecLoopName"/></StgValue>
</bind>
</comp>

<comp id="94" class="1001" name="const_94">
<pin_list>
<pin id="95" dir="1" index="0" bw="1" slack="2147483647"/>
</pin_list>
<bind>
<StgValue><ssdm name="empty_16"/></StgValue>
</bind>
</comp>

<comp id="96" class="1004" name="axi_last_4_loc_fu_96">
<pin_list>
<pin id="97" dir="0" index="0" bw="1" slack="0"/>
<pin id="98" dir="1" index="1" bw="1" slack="6"/>
</pin_list>
<bind>
<opcode="alloca(26) " fcode="alloca"/>
<opset="axi_last_4_loc/1 "/>
</bind>
</comp>

<comp id="100" class="1004" name="axi_data_25_loc_fu_100">
<pin_list>
<pin id="101" dir="0" index="0" bw="1" slack="0"/>
<pin id="102" dir="1" index="1" bw="48" slack="4"/>
</pin_list>
<bind>
<opcode="alloca(26) " fcode="alloca"/>
<opset="axi_data_25_loc/1 "/>
</bind>
</comp>

<comp id="104" class="1004" name="eol_loc_fu_104">
<pin_list>
<pin id="105" dir="0" index="0" bw="1" slack="0"/>
<pin id="106" dir="1" index="1" bw="1" slack="4"/>
</pin_list>
<bind>
<opcode="alloca(26) " fcode="alloca"/>
<opset="eol_loc/1 "/>
</bind>
</comp>

<comp id="108" class="1004" name="axi_last_loc_fu_108">
<pin_list>
<pin id="109" dir="0" index="0" bw="1" slack="0"/>
<pin id="110" dir="1" index="1" bw="1" slack="1"/>
</pin_list>
<bind>
<opcode="alloca(26) " fcode="alloca"/>
<opset="axi_last_loc/1 "/>
</bind>
</comp>

<comp id="112" class="1004" name="axi_data_fu_112">
<pin_list>
<pin id="113" dir="0" index="0" bw="1" slack="0"/>
<pin id="114" dir="1" index="1" bw="48" slack="0"/>
</pin_list>
<bind>
<opcode="alloca(26) " fcode="alloca"/>
<opset="axi_data/2 "/>
</bind>
</comp>

<comp id="116" class="1004" name="i_fu_116">
<pin_list>
<pin id="117" dir="0" index="0" bw="1" slack="0"/>
<pin id="118" dir="1" index="1" bw="12" slack="0"/>
</pin_list>
<bind>
<opcode="alloca(26) " fcode="alloca"/>
<opset="i/2 "/>
</bind>
</comp>

<comp id="120" class="1004" name="layerEnableFlag_read_read_fu_120">
<pin_list>
<pin id="121" dir="0" index="0" bw="1" slack="0"/>
<pin id="122" dir="0" index="1" bw="1" slack="0"/>
<pin id="123" dir="1" index="2" bw="1" slack="0"/>
</pin_list>
<bind>
<opcode="read(1150) " fcode="read"/>
<opset="layerEnableFlag_read/1 "/>
</bind>
</comp>

<comp id="126" class="1004" name="WidthIn_read_read_fu_126">
<pin_list>
<pin id="127" dir="0" index="0" bw="12" slack="0"/>
<pin id="128" dir="0" index="1" bw="12" slack="0"/>
<pin id="129" dir="1" index="2" bw="12" slack="0"/>
</pin_list>
<bind>
<opcode="read(1150) " fcode="read"/>
<opset="WidthIn_read/1 "/>
</bind>
</comp>

<comp id="132" class="1004" name="Height_read_read_fu_132">
<pin_list>
<pin id="133" dir="0" index="0" bw="12" slack="0"/>
<pin id="134" dir="0" index="1" bw="12" slack="0"/>
<pin id="135" dir="1" index="2" bw="12" slack="0"/>
</pin_list>
<bind>
<opcode="read(1150) " fcode="read"/>
<opset="Height_read/1 "/>
</bind>
</comp>

<comp id="138" class="1004" name="write_ln0_write_fu_138">
<pin_list>
<pin id="139" dir="0" index="0" bw="0" slack="0"/>
<pin id="140" dir="0" index="1" bw="1" slack="0"/>
<pin id="141" dir="0" index="2" bw="1" slack="0"/>
<pin id="142" dir="1" index="3" bw="0" slack="2147483647"/>
</pin_list>
<bind>
<opcode="write(1151) " fcode="write"/>
<opset="write_ln0/1 "/>
</bind>
</comp>

<comp id="146" class="1005" name="sof_reg_146">
<pin_list>
<pin id="147" dir="0" index="0" bw="1" slack="1"/>
<pin id="148" dir="1" index="1" bw="1" slack="1"/>
</pin_list>
<bind>
<opset="sof (phireg) "/>
</bind>
</comp>

<comp id="150" class="1004" name="sof_phi_fu_150">
<pin_list>
<pin id="151" dir="0" index="0" bw="1" slack="1"/>
<pin id="152" dir="0" index="1" bw="0" slack="2147483647"/>
<pin id="153" dir="0" index="2" bw="1" slack="0"/>
<pin id="154" dir="0" index="3" bw="0" slack="2147483647"/>
<pin id="155" dir="1" index="4" bw="1" slack="0"/>
</pin_list>
<bind>
<opcode="phi(47) " fcode="phi"/>
<opset="sof/5 "/>
</bind>
</comp>

<comp id="158" class="1005" name="axi_last_reg_158">
<pin_list>
<pin id="159" dir="0" index="0" bw="1" slack="1"/>
<pin id="160" dir="1" index="1" bw="1" slack="2"/>
</pin_list>
<bind>
<opset="axi_last (phireg) "/>
</bind>
</comp>

<comp id="161" class="1004" name="axi_last_phi_fu_161">
<pin_list>
<pin id="162" dir="0" index="0" bw="1" slack="2147483647"/>
<pin id="163" dir="0" index="1" bw="0" slack="2147483647"/>
<pin id="164" dir="0" index="2" bw="1" slack="2147483647"/>
<pin id="165" dir="0" index="3" bw="0" slack="2147483647"/>
<pin id="166" dir="1" index="4" bw="1" slack="0"/>
</pin_list>
<bind>
<opcode="phi(47) " fcode="phi"/>
<opset="axi_last/5 "/>
</bind>
</comp>

<comp id="168" class="1004" name="grp_AXIvideo2MultiPixStream_1_Pipeline_loop_wait_for_start_fu_168">
<pin_list>
<pin id="169" dir="0" index="0" bw="0" slack="0"/>
<pin id="170" dir="0" index="1" bw="48" slack="0"/>
<pin id="171" dir="0" index="2" bw="6" slack="0"/>
<pin id="172" dir="0" index="3" bw="6" slack="0"/>
<pin id="173" dir="0" index="4" bw="1" slack="0"/>
<pin id="174" dir="0" index="5" bw="1" slack="0"/>
<pin id="175" dir="0" index="6" bw="1" slack="0"/>
<pin id="176" dir="0" index="7" bw="1" slack="0"/>
<pin id="177" dir="0" index="8" bw="48" slack="0"/>
<pin id="178" dir="0" index="9" bw="1" slack="1"/>
<pin id="179" dir="1" index="10" bw="0" slack="2147483647"/>
</pin_list>
<bind>
<opcode="call(48) " fcode="call"/>
<opset="call_ln0/2 "/>
</bind>
</comp>

<comp id="188" class="1004" name="grp_AXIvideo2MultiPixStream_1_Pipeline_loop_width_fu_188">
<pin_list>
<pin id="189" dir="0" index="0" bw="0" slack="0"/>
<pin id="190" dir="0" index="1" bw="1" slack="0"/>
<pin id="191" dir="0" index="2" bw="1" slack="0"/>
<pin id="192" dir="0" index="3" bw="48" slack="0"/>
<pin id="193" dir="0" index="4" bw="11" slack="3"/>
<pin id="194" dir="0" index="5" bw="48" slack="0"/>
<pin id="195" dir="0" index="6" bw="48" slack="0"/>
<pin id="196" dir="0" index="7" bw="6" slack="0"/>
<pin id="197" dir="0" index="8" bw="6" slack="0"/>
<pin id="198" dir="0" index="9" bw="1" slack="0"/>
<pin id="199" dir="0" index="10" bw="1" slack="0"/>
<pin id="200" dir="0" index="11" bw="1" slack="0"/>
<pin id="201" dir="0" index="12" bw="1" slack="0"/>
<pin id="202" dir="0" index="13" bw="1" slack="4"/>
<pin id="203" dir="0" index="14" bw="48" slack="4"/>
<pin id="204" dir="1" index="15" bw="0" slack="2147483647"/>
</pin_list>
<bind>
<opcode="call(48) " fcode="call"/>
<opset="call_ln3150/5 "/>
</bind>
</comp>

<comp id="216" class="1004" name="grp_AXIvideo2MultiPixStream_1_Pipeline_loop_wait_for_eol_fu_216">
<pin_list>
<pin id="217" dir="0" index="0" bw="0" slack="0"/>
<pin id="218" dir="0" index="1" bw="48" slack="0"/>
<pin id="219" dir="0" index="2" bw="1" slack="0"/>
<pin id="220" dir="0" index="3" bw="1" slack="0"/>
<pin id="221" dir="0" index="4" bw="48" slack="0"/>
<pin id="222" dir="0" index="5" bw="6" slack="0"/>
<pin id="223" dir="0" index="6" bw="6" slack="0"/>
<pin id="224" dir="0" index="7" bw="1" slack="0"/>
<pin id="225" dir="0" index="8" bw="1" slack="0"/>
<pin id="226" dir="0" index="9" bw="1" slack="0"/>
<pin id="227" dir="0" index="10" bw="1" slack="0"/>
<pin id="228" dir="0" index="11" bw="48" slack="5"/>
<pin id="229" dir="0" index="12" bw="1" slack="6"/>
<pin id="230" dir="1" index="13" bw="0" slack="2147483647"/>
</pin_list>
<bind>
<opcode="call(48) " fcode="call"/>
<opset="call_ln3150/7 "/>
</bind>
</comp>

<comp id="239" class="1004" name="grp_reg_unsigned_short_1_fu_239">
<pin_list>
<pin id="240" dir="0" index="0" bw="12" slack="0"/>
<pin id="241" dir="0" index="1" bw="12" slack="0"/>
<pin id="242" dir="1" index="2" bw="12" slack="3"/>
</pin_list>
<bind>
<opcode="call(48) " fcode="call"/>
<opset="rows/1 "/>
</bind>
</comp>

<comp id="245" class="1004" name="grp_reg_unsigned_short_1_fu_245">
<pin_list>
<pin id="246" dir="0" index="0" bw="12" slack="0"/>
<pin id="247" dir="0" index="1" bw="12" slack="0"/>
<pin id="248" dir="1" index="2" bw="12" slack="0"/>
</pin_list>
<bind>
<opcode="call(48) " fcode="call"/>
<opset="cols/1 "/>
</bind>
</comp>

<comp id="251" class="1004" name="fence_ln3093_fu_251">
<pin_list>
<pin id="252" dir="0" index="0" bw="0" slack="0"/>
<pin id="253" dir="0" index="1" bw="1" slack="0"/>
<pin id="254" dir="0" index="2" bw="1" slack="0"/>
<pin id="255" dir="0" index="3" bw="48" slack="0"/>
<pin id="256" dir="0" index="4" bw="6" slack="0"/>
<pin id="257" dir="0" index="5" bw="6" slack="0"/>
<pin id="258" dir="0" index="6" bw="1" slack="0"/>
<pin id="259" dir="0" index="7" bw="1" slack="0"/>
<pin id="260" dir="0" index="8" bw="1" slack="0"/>
<pin id="261" dir="0" index="9" bw="1" slack="0"/>
<pin id="262" dir="1" index="10" bw="0" slack="2147483647"/>
</pin_list>
<bind>
<opcode="fence(30) " fcode="fence"/>
<opset="fence_ln3093/2 "/>
</bind>
</comp>

<comp id="273" class="1004" name="trunc_ln9_fu_273">
<pin_list>
<pin id="274" dir="0" index="0" bw="11" slack="0"/>
<pin id="275" dir="0" index="1" bw="12" slack="0"/>
<pin id="276" dir="0" index="2" bw="1" slack="0"/>
<pin id="277" dir="0" index="3" bw="5" slack="0"/>
<pin id="278" dir="1" index="4" bw="11" slack="2"/>
</pin_list>
<bind>
<opcode="partselect(1002) " fcode="partselect"/>
<opset="trunc_ln9/2 "/>
</bind>
</comp>

<comp id="283" class="1004" name="store_ln3101_store_fu_283">
<pin_list>
<pin id="284" dir="0" index="0" bw="1" slack="0"/>
<pin id="285" dir="0" index="1" bw="12" slack="0"/>
<pin id="286" dir="1" index="2" bw="0" slack="2147483647"/>
</pin_list>
<bind>
<opcode="store(28) " fcode="store"/>
<opset="store_ln3101/2 "/>
</bind>
</comp>

<comp id="288" class="1004" name="fence_ln3076_fu_288">
<pin_list>
<pin id="289" dir="0" index="0" bw="0" slack="0"/>
<pin id="290" dir="0" index="1" bw="48" slack="0"/>
<pin id="291" dir="0" index="2" bw="6" slack="0"/>
<pin id="292" dir="0" index="3" bw="6" slack="0"/>
<pin id="293" dir="0" index="4" bw="1" slack="0"/>
<pin id="294" dir="0" index="5" bw="1" slack="0"/>
<pin id="295" dir="0" index="6" bw="1" slack="0"/>
<pin id="296" dir="0" index="7" bw="1" slack="0"/>
<pin id="297" dir="0" index="8" bw="1" slack="0"/>
<pin id="298" dir="0" index="9" bw="48" slack="0"/>
<pin id="299" dir="0" index="10" bw="6" slack="0"/>
<pin id="300" dir="0" index="11" bw="6" slack="0"/>
<pin id="301" dir="0" index="12" bw="1" slack="0"/>
<pin id="302" dir="0" index="13" bw="1" slack="0"/>
<pin id="303" dir="0" index="14" bw="1" slack="0"/>
<pin id="304" dir="0" index="15" bw="1" slack="0"/>
<pin id="305" dir="0" index="16" bw="48" slack="0"/>
<pin id="306" dir="1" index="17" bw="0" slack="2147483647"/>
</pin_list>
<bind>
<opcode="fence(30) " fcode="fence"/>
<opset="fence_ln3076/4 "/>
</bind>
</comp>

<comp id="324" class="1004" name="axi_last_loc_load_load_fu_324">
<pin_list>
<pin id="325" dir="0" index="0" bw="1" slack="3"/>
<pin id="326" dir="1" index="1" bw="1" slack="2147483647"/>
</pin_list>
<bind>
<opcode="load(27) " fcode="load"/>
<opset="axi_last_loc_load/4 "/>
</bind>
</comp>

<comp id="327" class="1004" name="cmp10302_fu_327">
<pin_list>
<pin id="328" dir="0" index="0" bw="11" slack="2"/>
<pin id="329" dir="0" index="1" bw="1" slack="0"/>
<pin id="330" dir="1" index="2" bw="1" slack="0"/>
</pin_list>
<bind>
<opcode="icmp(45) " fcode="icmp"/>
<opset="cmp10302/4 "/>
</bind>
</comp>

<comp id="332" class="1004" name="xor_ln3150_fu_332">
<pin_list>
<pin id="333" dir="0" index="0" bw="1" slack="0"/>
<pin id="334" dir="0" index="1" bw="1" slack="0"/>
<pin id="335" dir="1" index="2" bw="1" slack="1"/>
</pin_list>
<bind>
<opcode="xor(25) " fcode="xor"/>
<opset="xor_ln3150/4 "/>
</bind>
</comp>

<comp id="338" class="1004" name="i_9_load_fu_338">
<pin_list>
<pin id="339" dir="0" index="0" bw="12" slack="3"/>
<pin id="340" dir="1" index="1" bw="12" slack="0"/>
</pin_list>
<bind>
<opcode="load(27) " fcode="load"/>
<opset="i_9/5 "/>
</bind>
</comp>

<comp id="341" class="1004" name="icmp_ln3101_fu_341">
<pin_list>
<pin id="342" dir="0" index="0" bw="12" slack="0"/>
<pin id="343" dir="0" index="1" bw="12" slack="3"/>
<pin id="344" dir="1" index="2" bw="1" slack="2147483647"/>
</pin_list>
<bind>
<opcode="icmp(45) " fcode="icmp"/>
<opset="icmp_ln3101/5 "/>
</bind>
</comp>

<comp id="346" class="1004" name="i_10_fu_346">
<pin_list>
<pin id="347" dir="0" index="0" bw="12" slack="0"/>
<pin id="348" dir="0" index="1" bw="1" slack="0"/>
<pin id="349" dir="1" index="2" bw="12" slack="0"/>
</pin_list>
<bind>
<opcode="add(8) " fcode="add"/>
<opset="i_10/5 "/>
</bind>
</comp>

<comp id="352" class="1004" name="axi_data_load_load_fu_352">
<pin_list>
<pin id="353" dir="0" index="0" bw="48" slack="3"/>
<pin id="354" dir="1" index="1" bw="48" slack="0"/>
</pin_list>
<bind>
<opcode="load(27) " fcode="load"/>
<opset="axi_data_load/5 "/>
</bind>
</comp>

<comp id="356" class="1004" name="and_ln3150_fu_356">
<pin_list>
<pin id="357" dir="0" index="0" bw="1" slack="0"/>
<pin id="358" dir="0" index="1" bw="1" slack="1"/>
<pin id="359" dir="1" index="2" bw="1" slack="0"/>
</pin_list>
<bind>
<opcode="and(23) " fcode="and"/>
<opset="and_ln3150/5 "/>
</bind>
</comp>

<comp id="361" class="1004" name="store_ln3101_store_fu_361">
<pin_list>
<pin id="362" dir="0" index="0" bw="12" slack="0"/>
<pin id="363" dir="0" index="1" bw="12" slack="3"/>
<pin id="364" dir="1" index="2" bw="0" slack="2147483647"/>
</pin_list>
<bind>
<opcode="store(28) " fcode="store"/>
<opset="store_ln3101/5 "/>
</bind>
</comp>

<comp id="366" class="1004" name="fence_ln3150_fu_366">
<pin_list>
<pin id="367" dir="0" index="0" bw="0" slack="0"/>
<pin id="368" dir="0" index="1" bw="48" slack="0"/>
<pin id="369" dir="0" index="2" bw="6" slack="0"/>
<pin id="370" dir="0" index="3" bw="6" slack="0"/>
<pin id="371" dir="0" index="4" bw="1" slack="0"/>
<pin id="372" dir="0" index="5" bw="1" slack="0"/>
<pin id="373" dir="0" index="6" bw="1" slack="0"/>
<pin id="374" dir="0" index="7" bw="1" slack="0"/>
<pin id="375" dir="0" index="8" bw="48" slack="0"/>
<pin id="376" dir="0" index="9" bw="1" slack="0"/>
<pin id="377" dir="0" index="10" bw="48" slack="0"/>
<pin id="378" dir="0" index="11" bw="6" slack="0"/>
<pin id="379" dir="0" index="12" bw="6" slack="0"/>
<pin id="380" dir="0" index="13" bw="1" slack="0"/>
<pin id="381" dir="0" index="14" bw="1" slack="0"/>
<pin id="382" dir="0" index="15" bw="1" slack="0"/>
<pin id="383" dir="0" index="16" bw="1" slack="0"/>
<pin id="384" dir="1" index="17" bw="0" slack="2147483647"/>
</pin_list>
<bind>
<opcode="fence(30) " fcode="fence"/>
<opset="fence_ln3150/7 "/>
</bind>
</comp>

<comp id="402" class="1004" name="eol_loc_load_load_fu_402">
<pin_list>
<pin id="403" dir="0" index="0" bw="1" slack="6"/>
<pin id="404" dir="1" index="1" bw="1" slack="0"/>
</pin_list>
<bind>
<opcode="load(27) " fcode="load"/>
<opset="eol_loc_load/7 "/>
</bind>
</comp>

<comp id="406" class="1004" name="axi_data_25_loc_load_load_fu_406">
<pin_list>
<pin id="407" dir="0" index="0" bw="48" slack="6"/>
<pin id="408" dir="1" index="1" bw="48" slack="0"/>
</pin_list>
<bind>
<opcode="load(27) " fcode="load"/>
<opset="axi_data_25_loc_load/7 "/>
</bind>
</comp>

<comp id="410" class="1004" name="select_ln3150_fu_410">
<pin_list>
<pin id="411" dir="0" index="0" bw="1" slack="3"/>
<pin id="412" dir="0" index="1" bw="1" slack="0"/>
<pin id="413" dir="0" index="2" bw="1" slack="2"/>
<pin id="414" dir="1" index="3" bw="1" slack="0"/>
</pin_list>
<bind>
<opcode="select(49) " fcode="select"/>
<opset="select_ln3150/7 "/>
</bind>
</comp>

<comp id="418" class="1004" name="fence_ln3150_fu_418">
<pin_list>
<pin id="419" dir="0" index="0" bw="0" slack="0"/>
<pin id="420" dir="0" index="1" bw="48" slack="0"/>
<pin id="421" dir="0" index="2" bw="6" slack="0"/>
<pin id="422" dir="0" index="3" bw="6" slack="0"/>
<pin id="423" dir="0" index="4" bw="1" slack="0"/>
<pin id="424" dir="0" index="5" bw="1" slack="0"/>
<pin id="425" dir="0" index="6" bw="1" slack="0"/>
<pin id="426" dir="0" index="7" bw="1" slack="0"/>
<pin id="427" dir="0" index="8" bw="48" slack="0"/>
<pin id="428" dir="0" index="9" bw="1" slack="0"/>
<pin id="429" dir="0" index="10" bw="48" slack="0"/>
<pin id="430" dir="0" index="11" bw="6" slack="0"/>
<pin id="431" dir="0" index="12" bw="6" slack="0"/>
<pin id="432" dir="0" index="13" bw="1" slack="0"/>
<pin id="433" dir="0" index="14" bw="1" slack="0"/>
<pin id="434" dir="0" index="15" bw="1" slack="0"/>
<pin id="435" dir="0" index="16" bw="1" slack="0"/>
<pin id="436" dir="1" index="17" bw="0" slack="2147483647"/>
</pin_list>
<bind>
<opcode="fence(30) " fcode="fence"/>
<opset="fence_ln3150/7 "/>
</bind>
</comp>

<comp id="454" class="1004" name="axi_last_4_loc_load_load_fu_454">
<pin_list>
<pin id="455" dir="0" index="0" bw="1" slack="8"/>
<pin id="456" dir="1" index="1" bw="1" slack="2147483647"/>
</pin_list>
<bind>
<opcode="load(27) " fcode="load"/>
<opset="axi_last_4_loc_load/9 "/>
</bind>
</comp>

<comp id="457" class="1005" name="layerEnableFlag_read_reg_457">
<pin_list>
<pin id="458" dir="0" index="0" bw="1" slack="1"/>
<pin id="459" dir="1" index="1" bw="1" slack="2147483647"/>
</pin_list>
<bind>
<opset="layerEnableFlag_read "/>
</bind>
</comp>

<comp id="461" class="1005" name="WidthIn_read_reg_461">
<pin_list>
<pin id="462" dir="0" index="0" bw="12" slack="1"/>
<pin id="463" dir="1" index="1" bw="12" slack="1"/>
</pin_list>
<bind>
<opset="WidthIn_read "/>
</bind>
</comp>

<comp id="466" class="1005" name="Height_read_reg_466">
<pin_list>
<pin id="467" dir="0" index="0" bw="12" slack="1"/>
<pin id="468" dir="1" index="1" bw="12" slack="1"/>
</pin_list>
<bind>
<opset="Height_read "/>
</bind>
</comp>

<comp id="471" class="1005" name="axi_last_4_loc_reg_471">
<pin_list>
<pin id="472" dir="0" index="0" bw="1" slack="6"/>
<pin id="473" dir="1" index="1" bw="1" slack="6"/>
</pin_list>
<bind>
<opset="axi_last_4_loc "/>
</bind>
</comp>

<comp id="477" class="1005" name="axi_data_25_loc_reg_477">
<pin_list>
<pin id="478" dir="0" index="0" bw="48" slack="4"/>
<pin id="479" dir="1" index="1" bw="48" slack="4"/>
</pin_list>
<bind>
<opset="axi_data_25_loc "/>
</bind>
</comp>

<comp id="483" class="1005" name="eol_loc_reg_483">
<pin_list>
<pin id="484" dir="0" index="0" bw="1" slack="4"/>
<pin id="485" dir="1" index="1" bw="1" slack="4"/>
</pin_list>
<bind>
<opset="eol_loc "/>
</bind>
</comp>

<comp id="489" class="1005" name="axi_last_loc_reg_489">
<pin_list>
<pin id="490" dir="0" index="0" bw="1" slack="1"/>
<pin id="491" dir="1" index="1" bw="1" slack="1"/>
</pin_list>
<bind>
<opset="axi_last_loc "/>
</bind>
</comp>

<comp id="495" class="1005" name="rows_reg_495">
<pin_list>
<pin id="496" dir="0" index="0" bw="12" slack="3"/>
<pin id="497" dir="1" index="1" bw="12" slack="3"/>
</pin_list>
<bind>
<opset="rows "/>
</bind>
</comp>

<comp id="500" class="1005" name="axi_data_reg_500">
<pin_list>
<pin id="501" dir="0" index="0" bw="48" slack="0"/>
<pin id="502" dir="1" index="1" bw="48" slack="0"/>
</pin_list>
<bind>
<opset="axi_data "/>
</bind>
</comp>

<comp id="507" class="1005" name="i_reg_507">
<pin_list>
<pin id="508" dir="0" index="0" bw="12" slack="0"/>
<pin id="509" dir="1" index="1" bw="12" slack="0"/>
</pin_list>
<bind>
<opset="i "/>
</bind>
</comp>

<comp id="514" class="1005" name="trunc_ln9_reg_514">
<pin_list>
<pin id="515" dir="0" index="0" bw="11" slack="2"/>
<pin id="516" dir="1" index="1" bw="11" slack="2"/>
</pin_list>
<bind>
<opset="trunc_ln9 "/>
</bind>
</comp>

<comp id="523" class="1005" name="cmp10302_reg_523">
<pin_list>
<pin id="524" dir="0" index="0" bw="1" slack="3"/>
<pin id="525" dir="1" index="1" bw="1" slack="3"/>
</pin_list>
<bind>
<opset="cmp10302 "/>
</bind>
</comp>

<comp id="528" class="1005" name="xor_ln3150_reg_528">
<pin_list>
<pin id="529" dir="0" index="0" bw="1" slack="1"/>
<pin id="530" dir="1" index="1" bw="1" slack="1"/>
</pin_list>
<bind>
<opset="xor_ln3150 "/>
</bind>
</comp>

<comp id="539" class="1005" name="and_ln3150_reg_539">
<pin_list>
<pin id="540" dir="0" index="0" bw="1" slack="0"/>
<pin id="541" dir="1" index="1" bw="1" slack="0"/>
</pin_list>
<bind>
<opset="and_ln3150 "/>
</bind>
</comp>

<comp id="550" class="1005" name="select_ln3150_reg_550">
<pin_list>
<pin id="551" dir="0" index="0" bw="1" slack="1"/>
<pin id="552" dir="1" index="1" bw="1" slack="1"/>
</pin_list>
<bind>
<opset="select_ln3150 "/>
</bind>
</comp>

</comp_list>

<net_list>
<net id="99"><net_src comp="28" pin="0"/><net_sink comp="96" pin=0"/></net>

<net id="103"><net_src comp="28" pin="0"/><net_sink comp="100" pin=0"/></net>

<net id="107"><net_src comp="28" pin="0"/><net_sink comp="104" pin=0"/></net>

<net id="111"><net_src comp="28" pin="0"/><net_sink comp="108" pin=0"/></net>

<net id="115"><net_src comp="28" pin="0"/><net_sink comp="112" pin=0"/></net>

<net id="119"><net_src comp="28" pin="0"/><net_sink comp="116" pin=0"/></net>

<net id="124"><net_src comp="24" pin="0"/><net_sink comp="120" pin=0"/></net>

<net id="125"><net_src comp="20" pin="0"/><net_sink comp="120" pin=1"/></net>

<net id="130"><net_src comp="26" pin="0"/><net_sink comp="126" pin=0"/></net>

<net id="131"><net_src comp="18" pin="0"/><net_sink comp="126" pin=1"/></net>

<net id="136"><net_src comp="26" pin="0"/><net_sink comp="132" pin=0"/></net>

<net id="137"><net_src comp="16" pin="0"/><net_sink comp="132" pin=1"/></net>

<net id="143"><net_src comp="30" pin="0"/><net_sink comp="138" pin=0"/></net>

<net id="144"><net_src comp="22" pin="0"/><net_sink comp="138" pin=1"/></net>

<net id="145"><net_src comp="120" pin="2"/><net_sink comp="138" pin=2"/></net>

<net id="149"><net_src comp="78" pin="0"/><net_sink comp="146" pin=0"/></net>

<net id="156"><net_src comp="146" pin="1"/><net_sink comp="150" pin=0"/></net>

<net id="157"><net_src comp="150" pin="4"/><net_sink comp="146" pin=0"/></net>

<net id="167"><net_src comp="161" pin="4"/><net_sink comp="158" pin=0"/></net>

<net id="180"><net_src comp="68" pin="0"/><net_sink comp="168" pin=0"/></net>

<net id="181"><net_src comp="0" pin="0"/><net_sink comp="168" pin=1"/></net>

<net id="182"><net_src comp="2" pin="0"/><net_sink comp="168" pin=2"/></net>

<net id="183"><net_src comp="4" pin="0"/><net_sink comp="168" pin=3"/></net>

<net id="184"><net_src comp="6" pin="0"/><net_sink comp="168" pin=4"/></net>

<net id="185"><net_src comp="8" pin="0"/><net_sink comp="168" pin=5"/></net>

<net id="186"><net_src comp="10" pin="0"/><net_sink comp="168" pin=6"/></net>

<net id="187"><net_src comp="12" pin="0"/><net_sink comp="168" pin=7"/></net>

<net id="205"><net_src comp="88" pin="0"/><net_sink comp="188" pin=0"/></net>

<net id="206"><net_src comp="150" pin="4"/><net_sink comp="188" pin=1"/></net>

<net id="207"><net_src comp="161" pin="4"/><net_sink comp="188" pin=2"/></net>

<net id="208"><net_src comp="14" pin="0"/><net_sink comp="188" pin=5"/></net>

<net id="209"><net_src comp="0" pin="0"/><net_sink comp="188" pin=6"/></net>

<net id="210"><net_src comp="2" pin="0"/><net_sink comp="188" pin=7"/></net>

<net id="211"><net_src comp="4" pin="0"/><net_sink comp="188" pin=8"/></net>

<net id="212"><net_src comp="6" pin="0"/><net_sink comp="188" pin=9"/></net>

<net id="213"><net_src comp="8" pin="0"/><net_sink comp="188" pin=10"/></net>

<net id="214"><net_src comp="10" pin="0"/><net_sink comp="188" pin=11"/></net>

<net id="215"><net_src comp="12" pin="0"/><net_sink comp="188" pin=12"/></net>

<net id="231"><net_src comp="90" pin="0"/><net_sink comp="216" pin=0"/></net>

<net id="232"><net_src comp="0" pin="0"/><net_sink comp="216" pin=4"/></net>

<net id="233"><net_src comp="2" pin="0"/><net_sink comp="216" pin=5"/></net>

<net id="234"><net_src comp="4" pin="0"/><net_sink comp="216" pin=6"/></net>

<net id="235"><net_src comp="6" pin="0"/><net_sink comp="216" pin=7"/></net>

<net id="236"><net_src comp="8" pin="0"/><net_sink comp="216" pin=8"/></net>

<net id="237"><net_src comp="10" pin="0"/><net_sink comp="216" pin=9"/></net>

<net id="238"><net_src comp="12" pin="0"/><net_sink comp="216" pin=10"/></net>

<net id="243"><net_src comp="32" pin="0"/><net_sink comp="239" pin=0"/></net>

<net id="244"><net_src comp="132" pin="2"/><net_sink comp="239" pin=1"/></net>

<net id="249"><net_src comp="32" pin="0"/><net_sink comp="245" pin=0"/></net>

<net id="250"><net_src comp="126" pin="2"/><net_sink comp="245" pin=1"/></net>

<net id="263"><net_src comp="66" pin="0"/><net_sink comp="251" pin=0"/></net>

<net id="264"><net_src comp="22" pin="0"/><net_sink comp="251" pin=1"/></net>

<net id="265"><net_src comp="48" pin="0"/><net_sink comp="251" pin=2"/></net>

<net id="266"><net_src comp="0" pin="0"/><net_sink comp="251" pin=3"/></net>

<net id="267"><net_src comp="2" pin="0"/><net_sink comp="251" pin=4"/></net>

<net id="268"><net_src comp="4" pin="0"/><net_sink comp="251" pin=5"/></net>

<net id="269"><net_src comp="6" pin="0"/><net_sink comp="251" pin=6"/></net>

<net id="270"><net_src comp="8" pin="0"/><net_sink comp="251" pin=7"/></net>

<net id="271"><net_src comp="10" pin="0"/><net_sink comp="251" pin=8"/></net>

<net id="272"><net_src comp="12" pin="0"/><net_sink comp="251" pin=9"/></net>

<net id="279"><net_src comp="70" pin="0"/><net_sink comp="273" pin=0"/></net>

<net id="280"><net_src comp="245" pin="2"/><net_sink comp="273" pin=1"/></net>

<net id="281"><net_src comp="28" pin="0"/><net_sink comp="273" pin=2"/></net>

<net id="282"><net_src comp="72" pin="0"/><net_sink comp="273" pin=3"/></net>

<net id="287"><net_src comp="74" pin="0"/><net_sink comp="283" pin=0"/></net>

<net id="307"><net_src comp="66" pin="0"/><net_sink comp="288" pin=0"/></net>

<net id="308"><net_src comp="0" pin="0"/><net_sink comp="288" pin=1"/></net>

<net id="309"><net_src comp="2" pin="0"/><net_sink comp="288" pin=2"/></net>

<net id="310"><net_src comp="4" pin="0"/><net_sink comp="288" pin=3"/></net>

<net id="311"><net_src comp="6" pin="0"/><net_sink comp="288" pin=4"/></net>

<net id="312"><net_src comp="8" pin="0"/><net_sink comp="288" pin=5"/></net>

<net id="313"><net_src comp="10" pin="0"/><net_sink comp="288" pin=6"/></net>

<net id="314"><net_src comp="12" pin="0"/><net_sink comp="288" pin=7"/></net>

<net id="315"><net_src comp="48" pin="0"/><net_sink comp="288" pin=8"/></net>

<net id="316"><net_src comp="0" pin="0"/><net_sink comp="288" pin=9"/></net>

<net id="317"><net_src comp="2" pin="0"/><net_sink comp="288" pin=10"/></net>

<net id="318"><net_src comp="4" pin="0"/><net_sink comp="288" pin=11"/></net>

<net id="319"><net_src comp="6" pin="0"/><net_sink comp="288" pin=12"/></net>

<net id="320"><net_src comp="8" pin="0"/><net_sink comp="288" pin=13"/></net>

<net id="321"><net_src comp="10" pin="0"/><net_sink comp="288" pin=14"/></net>

<net id="322"><net_src comp="12" pin="0"/><net_sink comp="288" pin=15"/></net>

<net id="323"><net_src comp="14" pin="0"/><net_sink comp="288" pin=16"/></net>

<net id="331"><net_src comp="76" pin="0"/><net_sink comp="327" pin=1"/></net>

<net id="336"><net_src comp="327" pin="2"/><net_sink comp="332" pin=0"/></net>

<net id="337"><net_src comp="78" pin="0"/><net_sink comp="332" pin=1"/></net>

<net id="345"><net_src comp="338" pin="1"/><net_sink comp="341" pin=0"/></net>

<net id="350"><net_src comp="338" pin="1"/><net_sink comp="346" pin=0"/></net>

<net id="351"><net_src comp="86" pin="0"/><net_sink comp="346" pin=1"/></net>

<net id="355"><net_src comp="352" pin="1"/><net_sink comp="188" pin=3"/></net>

<net id="360"><net_src comp="150" pin="4"/><net_sink comp="356" pin=0"/></net>

<net id="365"><net_src comp="346" pin="2"/><net_sink comp="361" pin=0"/></net>

<net id="385"><net_src comp="66" pin="0"/><net_sink comp="366" pin=0"/></net>

<net id="386"><net_src comp="0" pin="0"/><net_sink comp="366" pin=1"/></net>

<net id="387"><net_src comp="2" pin="0"/><net_sink comp="366" pin=2"/></net>

<net id="388"><net_src comp="4" pin="0"/><net_sink comp="366" pin=3"/></net>

<net id="389"><net_src comp="6" pin="0"/><net_sink comp="366" pin=4"/></net>

<net id="390"><net_src comp="8" pin="0"/><net_sink comp="366" pin=5"/></net>

<net id="391"><net_src comp="10" pin="0"/><net_sink comp="366" pin=6"/></net>

<net id="392"><net_src comp="12" pin="0"/><net_sink comp="366" pin=7"/></net>

<net id="393"><net_src comp="14" pin="0"/><net_sink comp="366" pin=8"/></net>

<net id="394"><net_src comp="48" pin="0"/><net_sink comp="366" pin=9"/></net>

<net id="395"><net_src comp="0" pin="0"/><net_sink comp="366" pin=10"/></net>

<net id="396"><net_src comp="2" pin="0"/><net_sink comp="366" pin=11"/></net>

<net id="397"><net_src comp="4" pin="0"/><net_sink comp="366" pin=12"/></net>

<net id="398"><net_src comp="6" pin="0"/><net_sink comp="366" pin=13"/></net>

<net id="399"><net_src comp="8" pin="0"/><net_sink comp="366" pin=14"/></net>

<net id="400"><net_src comp="10" pin="0"/><net_sink comp="366" pin=15"/></net>

<net id="401"><net_src comp="12" pin="0"/><net_sink comp="366" pin=16"/></net>

<net id="405"><net_src comp="402" pin="1"/><net_sink comp="216" pin=3"/></net>

<net id="409"><net_src comp="406" pin="1"/><net_sink comp="216" pin=1"/></net>

<net id="415"><net_src comp="402" pin="1"/><net_sink comp="410" pin=1"/></net>

<net id="416"><net_src comp="158" pin="1"/><net_sink comp="410" pin=2"/></net>

<net id="417"><net_src comp="410" pin="3"/><net_sink comp="216" pin=2"/></net>

<net id="437"><net_src comp="66" pin="0"/><net_sink comp="418" pin=0"/></net>

<net id="438"><net_src comp="0" pin="0"/><net_sink comp="418" pin=1"/></net>

<net id="439"><net_src comp="2" pin="0"/><net_sink comp="418" pin=2"/></net>

<net id="440"><net_src comp="4" pin="0"/><net_sink comp="418" pin=3"/></net>

<net id="441"><net_src comp="6" pin="0"/><net_sink comp="418" pin=4"/></net>

<net id="442"><net_src comp="8" pin="0"/><net_sink comp="418" pin=5"/></net>

<net id="443"><net_src comp="10" pin="0"/><net_sink comp="418" pin=6"/></net>

<net id="444"><net_src comp="12" pin="0"/><net_sink comp="418" pin=7"/></net>

<net id="445"><net_src comp="14" pin="0"/><net_sink comp="418" pin=8"/></net>

<net id="446"><net_src comp="48" pin="0"/><net_sink comp="418" pin=9"/></net>

<net id="447"><net_src comp="0" pin="0"/><net_sink comp="418" pin=10"/></net>

<net id="448"><net_src comp="2" pin="0"/><net_sink comp="418" pin=11"/></net>

<net id="449"><net_src comp="4" pin="0"/><net_sink comp="418" pin=12"/></net>

<net id="450"><net_src comp="6" pin="0"/><net_sink comp="418" pin=13"/></net>

<net id="451"><net_src comp="8" pin="0"/><net_sink comp="418" pin=14"/></net>

<net id="452"><net_src comp="10" pin="0"/><net_sink comp="418" pin=15"/></net>

<net id="453"><net_src comp="12" pin="0"/><net_sink comp="418" pin=16"/></net>

<net id="460"><net_src comp="120" pin="2"/><net_sink comp="457" pin=0"/></net>

<net id="464"><net_src comp="126" pin="2"/><net_sink comp="461" pin=0"/></net>

<net id="465"><net_src comp="461" pin="1"/><net_sink comp="245" pin=1"/></net>

<net id="469"><net_src comp="132" pin="2"/><net_sink comp="466" pin=0"/></net>

<net id="470"><net_src comp="466" pin="1"/><net_sink comp="239" pin=1"/></net>

<net id="474"><net_src comp="96" pin="1"/><net_sink comp="471" pin=0"/></net>

<net id="475"><net_src comp="471" pin="1"/><net_sink comp="216" pin=12"/></net>

<net id="476"><net_src comp="471" pin="1"/><net_sink comp="454" pin=0"/></net>

<net id="480"><net_src comp="100" pin="1"/><net_sink comp="477" pin=0"/></net>

<net id="481"><net_src comp="477" pin="1"/><net_sink comp="188" pin=14"/></net>

<net id="482"><net_src comp="477" pin="1"/><net_sink comp="406" pin=0"/></net>

<net id="486"><net_src comp="104" pin="1"/><net_sink comp="483" pin=0"/></net>

<net id="487"><net_src comp="483" pin="1"/><net_sink comp="188" pin=13"/></net>

<net id="488"><net_src comp="483" pin="1"/><net_sink comp="402" pin=0"/></net>

<net id="492"><net_src comp="108" pin="1"/><net_sink comp="489" pin=0"/></net>

<net id="493"><net_src comp="489" pin="1"/><net_sink comp="168" pin=9"/></net>

<net id="494"><net_src comp="489" pin="1"/><net_sink comp="324" pin=0"/></net>

<net id="498"><net_src comp="239" pin="2"/><net_sink comp="495" pin=0"/></net>

<net id="499"><net_src comp="495" pin="1"/><net_sink comp="341" pin=1"/></net>

<net id="503"><net_src comp="112" pin="1"/><net_sink comp="500" pin=0"/></net>

<net id="504"><net_src comp="500" pin="1"/><net_sink comp="168" pin=8"/></net>

<net id="505"><net_src comp="500" pin="1"/><net_sink comp="352" pin=0"/></net>

<net id="506"><net_src comp="500" pin="1"/><net_sink comp="216" pin=11"/></net>

<net id="510"><net_src comp="116" pin="1"/><net_sink comp="507" pin=0"/></net>

<net id="511"><net_src comp="507" pin="1"/><net_sink comp="283" pin=1"/></net>

<net id="512"><net_src comp="507" pin="1"/><net_sink comp="338" pin=0"/></net>

<net id="513"><net_src comp="507" pin="1"/><net_sink comp="361" pin=1"/></net>

<net id="517"><net_src comp="273" pin="4"/><net_sink comp="514" pin=0"/></net>

<net id="518"><net_src comp="514" pin="1"/><net_sink comp="327" pin=0"/></net>

<net id="519"><net_src comp="514" pin="1"/><net_sink comp="188" pin=4"/></net>

<net id="526"><net_src comp="327" pin="2"/><net_sink comp="523" pin=0"/></net>

<net id="527"><net_src comp="523" pin="1"/><net_sink comp="410" pin=0"/></net>

<net id="531"><net_src comp="332" pin="2"/><net_sink comp="528" pin=0"/></net>

<net id="532"><net_src comp="528" pin="1"/><net_sink comp="356" pin=1"/></net>

<net id="542"><net_src comp="356" pin="2"/><net_sink comp="539" pin=0"/></net>

<net id="543"><net_src comp="539" pin="1"/><net_sink comp="150" pin=2"/></net>

<net id="553"><net_src comp="410" pin="3"/><net_sink comp="550" pin=0"/></net>

<net id="554"><net_src comp="550" pin="1"/><net_sink comp="216" pin=2"/></net>

</net_list>

</model> 
---------------- Datapath Model END ------------------

* FSMD analyzer results:
  - Output states:
	Port: srcLayer0 | {5 6 }
	Port: HwReg_layerEnableFlag_0_val_c26 | {1 }
 - Input state : 
	Port: AXIvideo2MultiPixStream.1 : s_axis_video_V_data_V | {2 3 5 6 7 8 }
	Port: AXIvideo2MultiPixStream.1 : s_axis_video_V_keep_V | {2 3 5 6 7 8 }
	Port: AXIvideo2MultiPixStream.1 : s_axis_video_V_strb_V | {2 3 5 6 7 8 }
	Port: AXIvideo2MultiPixStream.1 : s_axis_video_V_user_V | {2 3 5 6 7 8 }
	Port: AXIvideo2MultiPixStream.1 : s_axis_video_V_last_V | {2 3 5 6 7 8 }
	Port: AXIvideo2MultiPixStream.1 : s_axis_video_V_id_V | {2 3 5 6 7 8 }
	Port: AXIvideo2MultiPixStream.1 : s_axis_video_V_dest_V | {2 3 5 6 7 8 }
	Port: AXIvideo2MultiPixStream.1 : Height | {1 }
	Port: AXIvideo2MultiPixStream.1 : WidthIn | {1 }
	Port: AXIvideo2MultiPixStream.1 : layerEnableFlag | {1 }
  - Chain level:
	State 1
	State 2
		call_ln0 : 1
		trunc_ln9 : 1
		store_ln3101 : 1
	State 3
	State 4
		xor_ln3150 : 1
	State 5
		icmp_ln3101 : 1
		i_10 : 1
		br_ln3101 : 2
		call_ln3150 : 1
		and_ln3150 : 1
		store_ln3101 : 2
	State 6
	State 7
		select_ln3150 : 1
		call_ln3150 : 2
	State 8
	State 9


============================================================
+ Verbose Summary: Datapath Resource usage 
============================================================

* Functional unit list:
|----------|-------------------------------------------------------------------|---------|---------|
| Operation|                          Functional Unit                          |    FF   |   LUT   |
|----------|-------------------------------------------------------------------|---------|---------|
|          | grp_AXIvideo2MultiPixStream_1_Pipeline_loop_wait_for_start_fu_168 |    3    |    0    |
|          |      grp_AXIvideo2MultiPixStream_1_Pipeline_loop_width_fu_188     |    65   |    38   |
|   call   |  grp_AXIvideo2MultiPixStream_1_Pipeline_loop_wait_for_eol_fu_216  |    3    |    0    |
|          |                  grp_reg_unsigned_short_1_fu_239                  |    0    |    0    |
|          |                  grp_reg_unsigned_short_1_fu_245                  |    0    |    0    |
|----------|-------------------------------------------------------------------|---------|---------|
|   icmp   |                          cmp10302_fu_327                          |    0    |    18   |
|          |                         icmp_ln3101_fu_341                        |    0    |    19   |
|----------|-------------------------------------------------------------------|---------|---------|
|    add   |                            i_10_fu_346                            |    0    |    19   |
|----------|-------------------------------------------------------------------|---------|---------|
|    xor   |                         xor_ln3150_fu_332                         |    0    |    2    |
|----------|-------------------------------------------------------------------|---------|---------|
|    and   |                         and_ln3150_fu_356                         |    0    |    2    |
|----------|-------------------------------------------------------------------|---------|---------|
|  select  |                        select_ln3150_fu_410                       |    0    |    2    |
|----------|-------------------------------------------------------------------|---------|---------|
|          |                  layerEnableFlag_read_read_fu_120                 |    0    |    0    |
|   read   |                      WidthIn_read_read_fu_126                     |    0    |    0    |
|          |                      Height_read_read_fu_132                      |    0    |    0    |
|----------|-------------------------------------------------------------------|---------|---------|
|   write  |                       write_ln0_write_fu_138                      |    0    |    0    |
|----------|-------------------------------------------------------------------|---------|---------|
|          |                        fence_ln3093_fu_251                        |    0    |    0    |
|   fence  |                        fence_ln3076_fu_288                        |    0    |    0    |
|          |                        fence_ln3150_fu_366                        |    0    |    0    |
|          |                        fence_ln3150_fu_418                        |    0    |    0    |
|----------|-------------------------------------------------------------------|---------|---------|
|partselect|                          trunc_ln9_fu_273                         |    0    |    0    |
|----------|-------------------------------------------------------------------|---------|---------|
|   Total  |                                                                   |    71   |   100   |
|----------|-------------------------------------------------------------------|---------|---------|

Memories:
N/A

* Register list:
+----------------------------+--------+
|                            |   FF   |
+----------------------------+--------+
|     Height_read_reg_466    |   12   |
|    WidthIn_read_reg_461    |   12   |
|     and_ln3150_reg_539     |    1   |
|   axi_data_25_loc_reg_477  |   48   |
|      axi_data_reg_500      |   48   |
|   axi_last_4_loc_reg_471   |    1   |
|    axi_last_loc_reg_489    |    1   |
|      axi_last_reg_158      |    1   |
|      cmp10302_reg_523      |    1   |
|       eol_loc_reg_483      |    1   |
|          i_reg_507         |   12   |
|layerEnableFlag_read_reg_457|    1   |
|        rows_reg_495        |   12   |
|    select_ln3150_reg_550   |    1   |
|         sof_reg_146        |    1   |
|      trunc_ln9_reg_514     |   11   |
|     xor_ln3150_reg_528     |    1   |
+----------------------------+--------+
|            Total           |   165  |
+----------------------------+--------+

* Multiplexer (MUX) list: 
|-----------------------------------------------------------------|------|------|------|--------||---------||---------||---------|
|                               Comp                              |  Pin | Size |  BW  | S x BW ||  Delay  ||    FF   ||   LUT   |
|-----------------------------------------------------------------|------|------|------|--------||---------||---------||---------|
|                           sof_reg_146                           |  p0  |   2  |   1  |    2   ||    0    ||    9    |
| grp_AXIvideo2MultiPixStream_1_Pipeline_loop_wait_for_eol_fu_216 |  p2  |   2  |   1  |    2   ||    0    ||    9    |
|                 grp_reg_unsigned_short_1_fu_239                 |  p1  |   2  |  12  |   24   ||    0    ||    9    |
|                 grp_reg_unsigned_short_1_fu_245                 |  p1  |   2  |  12  |   24   ||    0    ||    9    |
|-----------------------------------------------------------------|------|------|------|--------||---------||---------||---------|
|                              Total                              |      |      |      |   52   ||  1.708  ||    0    ||    36   |
|-----------------------------------------------------------------|------|------|------|--------||---------||---------||---------|



* Summary:
+-----------+--------+--------+--------+
|           |  Delay |   FF   |   LUT  |
+-----------+--------+--------+--------+
|  Function |    -   |   71   |   100  |
|   Memory  |    -   |    -   |    -   |
|Multiplexer|    1   |    0   |   36   |
|  Register |    -   |   165  |    -   |
+-----------+--------+--------+--------+
|   Total   |    1   |   236  |   136  |
+-----------+--------+--------+--------+
