

================================================================
== Vitis HLS Report for 'entry_proc'
================================================================
* Date:           Mon Apr 27 12:26:32 2026

* Version:        2024.2 (Build 5238294 on Nov  8 2024)
* Project:        prj
* Solution:       sol (Vivado IP Flow Target)
* Product family: zynquplus
* Target device:  xck26-sfvc784-2LV-c


================================================================
== Performance Estimates
================================================================
+ Timing: 
    * Summary: 
    +--------+---------+----------+------------+
    |  Clock |  Target | Estimated| Uncertainty|
    +--------+---------+----------+------------+
    |ap_clk  |  6.67 ns|  1.959 ns|     1.80 ns|
    +--------+---------+----------+------------+

+ Latency: 
    * Summary: 
    +---------+---------+----------+----------+-----+-----+---------+
    |  Latency (cycles) |  Latency (absolute) |  Interval | Pipeline|
    |   min   |   max   |    min   |    max   | min | max |   Type  |
    +---------+---------+----------+----------+-----+-----+---------+
    |        0|        0|      0 ns|      0 ns|    0|    0|       no|
    +---------+---------+----------+----------+-----+-----+---------+

    + Detail: 
        * Instance: 
        N/A

        * Loop: 
        N/A

============================================================
+ Verbose Summary: Synthesis Manager
============================================================
InlineROM: 1
ExposeGlobal: 0
============================================================
+ Verbose Summary: CDFG Model
============================================================
IsTopModel: 0
ResetActiveHigh: 1
IsCombinational: 2
IsDatapathOnly: 0
HasWiredReturn: 1
HasMFsm: 0
HasVarLatency: 0
IsPipeline: 0
IsRtlPipelined: 0
IsInstanceOverlapped: 0
IsDontTouch: 0
HasImplIP: 0
IsGatedGlobalClock: 0


============================================================
+ Verbose Summary: Schedule
============================================================
* Number of FSM states : 1
* Pipeline : 0
* Dataflow Pipeline: 0

* FSM state transitions: 
1 --> 

* FSM state operations: 

State 1 <SV = 0> <Delay = 1.95>
ST_1 : Operation 2 [1/1] (0.00ns)   --->   "%specinterface_ln0 = specinterface void @_ssdm_op_SpecInterface, i8 %HwReg_layerScaleFactor_4_val45_c, void @ap_fifo_str, i32 0, i32 0, void @p_str, i32 0, i32 0, void @p_str, void @p_str, void @p_str, i32 2, i32 2, i32 16, i32 16, void @p_str, void @ScalarProp_str, i32 4294967295, i32 0, i32 0"   --->   Operation 2 'specinterface' 'specinterface_ln0' <Predicate = true> <Delay = 0.00>
ST_1 : Operation 3 [1/1] (0.00ns)   --->   "%HwReg_layerScaleFactor_4_val45_read = read i8 @_ssdm_op_Read.ap_auto.i8, i8 %HwReg_layerScaleFactor_4_val45"   --->   Operation 3 'read' 'HwReg_layerScaleFactor_4_val45_read' <Predicate = true> <Delay = 0.00>
ST_1 : Operation 4 [1/1] (0.00ns)   --->   "%HwReg_layerScaleFactor_3_val44_read = read i8 @_ssdm_op_Read.ap_auto.i8, i8 %HwReg_layerScaleFactor_3_val44"   --->   Operation 4 'read' 'HwReg_layerScaleFactor_3_val44_read' <Predicate = true> <Delay = 0.00>
ST_1 : Operation 5 [1/1] (0.00ns)   --->   "%HwReg_layerScaleFactor_2_val43_read = read i8 @_ssdm_op_Read.ap_auto.i8, i8 %HwReg_layerScaleFactor_2_val43"   --->   Operation 5 'read' 'HwReg_layerScaleFactor_2_val43_read' <Predicate = true> <Delay = 0.00>
ST_1 : Operation 6 [1/1] (0.00ns)   --->   "%HwReg_layerScaleFactor_1_val42_read = read i8 @_ssdm_op_Read.ap_auto.i8, i8 %HwReg_layerScaleFactor_1_val42"   --->   Operation 6 'read' 'HwReg_layerScaleFactor_1_val42_read' <Predicate = true> <Delay = 0.00>
ST_1 : Operation 7 [1/1] (0.00ns)   --->   "%HwReg_layerStartY_4_val33_read = read i16 @_ssdm_op_Read.ap_auto.i16, i16 %HwReg_layerStartY_4_val33"   --->   Operation 7 'read' 'HwReg_layerStartY_4_val33_read' <Predicate = true> <Delay = 0.00>
ST_1 : Operation 8 [1/1] (0.00ns)   --->   "%HwReg_layerStartY_3_val32_read = read i16 @_ssdm_op_Read.ap_auto.i16, i16 %HwReg_layerStartY_3_val32"   --->   Operation 8 'read' 'HwReg_layerStartY_3_val32_read' <Predicate = true> <Delay = 0.00>
ST_1 : Operation 9 [1/1] (0.00ns)   --->   "%HwReg_layerStartY_2_val31_read = read i16 @_ssdm_op_Read.ap_auto.i16, i16 %HwReg_layerStartY_2_val31"   --->   Operation 9 'read' 'HwReg_layerStartY_2_val31_read' <Predicate = true> <Delay = 0.00>
ST_1 : Operation 10 [1/1] (0.00ns)   --->   "%HwReg_layerStartY_1_val30_read = read i16 @_ssdm_op_Read.ap_auto.i16, i16 %HwReg_layerStartY_1_val30"   --->   Operation 10 'read' 'HwReg_layerStartY_1_val30_read' <Predicate = true> <Delay = 0.00>
ST_1 : Operation 11 [1/1] (0.00ns)   --->   "%HwReg_layerStartX_4_val29_read = read i16 @_ssdm_op_Read.ap_auto.i16, i16 %HwReg_layerStartX_4_val29"   --->   Operation 11 'read' 'HwReg_layerStartX_4_val29_read' <Predicate = true> <Delay = 0.00>
ST_1 : Operation 12 [1/1] (0.00ns)   --->   "%HwReg_layerStartX_3_val28_read = read i16 @_ssdm_op_Read.ap_auto.i16, i16 %HwReg_layerStartX_3_val28"   --->   Operation 12 'read' 'HwReg_layerStartX_3_val28_read' <Predicate = true> <Delay = 0.00>
ST_1 : Operation 13 [1/1] (0.00ns)   --->   "%HwReg_layerStartX_2_val27_read = read i16 @_ssdm_op_Read.ap_auto.i16, i16 %HwReg_layerStartX_2_val27"   --->   Operation 13 'read' 'HwReg_layerStartX_2_val27_read' <Predicate = true> <Delay = 0.00>
ST_1 : Operation 14 [1/1] (0.00ns)   --->   "%HwReg_layerStartX_1_val26_read = read i16 @_ssdm_op_Read.ap_auto.i16, i16 %HwReg_layerStartX_1_val26"   --->   Operation 14 'read' 'HwReg_layerStartX_1_val26_read' <Predicate = true> <Delay = 0.00>
ST_1 : Operation 15 [1/1] (0.00ns)   --->   "%HwReg_layerEnable_val25_read = read i5 @_ssdm_op_Read.ap_auto.i5, i5 %HwReg_layerEnable_val25"   --->   Operation 15 'read' 'HwReg_layerEnable_val25_read' <Predicate = true> <Delay = 0.00>
ST_1 : Operation 16 [1/1] ( I:1.95ns O:1.95ns )   --->   "%write_ln0 = write void @_ssdm_op_Write.ap_fifo.i8P0A, i8 %HwReg_layerScaleFactor_4_val45_c, i8 %HwReg_layerScaleFactor_4_val45_read"   --->   Operation 16 'write' 'write_ln0' <Predicate = true> <Delay = 1.95> <CoreInst = "FIFO_SRL">   --->   Core 80 'FIFO_SRL' <Latency = 0> <II = 1> <Delay = 1.95> <Storage> <Opcode : 'read' 'write' 'nbread' 'nbwrite'> <Ports = 0> <Width = 8> <Depth = 10> <FIFO>
ST_1 : Operation 17 [1/1] (0.00ns)   --->   "%specinterface_ln0 = specinterface void @_ssdm_op_SpecInterface, i8 %HwReg_layerScaleFactor_3_val44_c, void @ap_fifo_str, i32 0, i32 0, void @p_str, i32 0, i32 0, void @p_str, void @p_str, void @p_str, i32 2, i32 2, i32 16, i32 16, void @p_str, void @ScalarProp_str, i32 4294967295, i32 0, i32 0"   --->   Operation 17 'specinterface' 'specinterface_ln0' <Predicate = true> <Delay = 0.00>
ST_1 : Operation 18 [1/1] ( I:1.94ns O:1.94ns )   --->   "%write_ln0 = write void @_ssdm_op_Write.ap_fifo.i8P0A, i8 %HwReg_layerScaleFactor_3_val44_c, i8 %HwReg_layerScaleFactor_3_val44_read"   --->   Operation 18 'write' 'write_ln0' <Predicate = true> <Delay = 1.94> <CoreInst = "FIFO_SRL">   --->   Core 80 'FIFO_SRL' <Latency = 0> <II = 1> <Delay = 1.94> <Storage> <Opcode : 'read' 'write' 'nbread' 'nbwrite'> <Ports = 0> <Width = 8> <Depth = 9> <FIFO>
ST_1 : Operation 19 [1/1] (0.00ns)   --->   "%specinterface_ln0 = specinterface void @_ssdm_op_SpecInterface, i8 %HwReg_layerScaleFactor_2_val43_c, void @ap_fifo_str, i32 0, i32 0, void @p_str, i32 0, i32 0, void @p_str, void @p_str, void @p_str, i32 2, i32 2, i32 16, i32 16, void @p_str, void @ScalarProp_str, i32 4294967295, i32 0, i32 0"   --->   Operation 19 'specinterface' 'specinterface_ln0' <Predicate = true> <Delay = 0.00>
ST_1 : Operation 20 [1/1] ( I:1.93ns O:1.93ns )   --->   "%write_ln0 = write void @_ssdm_op_Write.ap_fifo.i8P0A, i8 %HwReg_layerScaleFactor_2_val43_c, i8 %HwReg_layerScaleFactor_2_val43_read"   --->   Operation 20 'write' 'write_ln0' <Predicate = true> <Delay = 1.93> <CoreInst = "FIFO_SRL">   --->   Core 80 'FIFO_SRL' <Latency = 0> <II = 1> <Delay = 1.93> <Storage> <Opcode : 'read' 'write' 'nbread' 'nbwrite'> <Ports = 0> <Width = 8> <Depth = 8> <FIFO>
ST_1 : Operation 21 [1/1] (0.00ns)   --->   "%specinterface_ln0 = specinterface void @_ssdm_op_SpecInterface, i8 %HwReg_layerScaleFactor_1_val42_c, void @ap_fifo_str, i32 0, i32 0, void @p_str, i32 0, i32 0, void @p_str, void @p_str, void @p_str, i32 2, i32 2, i32 16, i32 16, void @p_str, void @ScalarProp_str, i32 4294967295, i32 0, i32 0"   --->   Operation 21 'specinterface' 'specinterface_ln0' <Predicate = true> <Delay = 0.00>
ST_1 : Operation 22 [1/1] ( I:1.90ns O:1.90ns )   --->   "%write_ln0 = write void @_ssdm_op_Write.ap_fifo.i8P0A, i8 %HwReg_layerScaleFactor_1_val42_c, i8 %HwReg_layerScaleFactor_1_val42_read"   --->   Operation 22 'write' 'write_ln0' <Predicate = true> <Delay = 1.90> <CoreInst = "FIFO_SRL">   --->   Core 80 'FIFO_SRL' <Latency = 0> <II = 1> <Delay = 1.90> <Storage> <Opcode : 'read' 'write' 'nbread' 'nbwrite'> <Ports = 0> <Width = 8> <Depth = 7> <FIFO>
ST_1 : Operation 23 [1/1] (0.00ns)   --->   "%specinterface_ln0 = specinterface void @_ssdm_op_SpecInterface, i16 %HwReg_layerStartY_4_val33_c, void @ap_fifo_str, i32 0, i32 0, void @p_str, i32 0, i32 0, void @p_str, void @p_str, void @p_str, i32 2, i32 2, i32 16, i32 16, void @p_str, void @ScalarProp_str, i32 4294967295, i32 0, i32 0"   --->   Operation 23 'specinterface' 'specinterface_ln0' <Predicate = true> <Delay = 0.00>
ST_1 : Operation 24 [1/1] ( I:1.95ns O:1.95ns )   --->   "%write_ln0 = write void @_ssdm_op_Write.ap_fifo.i16P0A, i16 %HwReg_layerStartY_4_val33_c, i16 %HwReg_layerStartY_4_val33_read"   --->   Operation 24 'write' 'write_ln0' <Predicate = true> <Delay = 1.95> <CoreInst = "FIFO_SRL">   --->   Core 80 'FIFO_SRL' <Latency = 0> <II = 1> <Delay = 1.95> <Storage> <Opcode : 'read' 'write' 'nbread' 'nbwrite'> <Ports = 0> <Width = 16> <Depth = 10> <FIFO>
ST_1 : Operation 25 [1/1] (0.00ns)   --->   "%specinterface_ln0 = specinterface void @_ssdm_op_SpecInterface, i16 %HwReg_layerStartY_3_val32_c, void @ap_fifo_str, i32 0, i32 0, void @p_str, i32 0, i32 0, void @p_str, void @p_str, void @p_str, i32 2, i32 2, i32 16, i32 16, void @p_str, void @ScalarProp_str, i32 4294967295, i32 0, i32 0"   --->   Operation 25 'specinterface' 'specinterface_ln0' <Predicate = true> <Delay = 0.00>
ST_1 : Operation 26 [1/1] ( I:1.94ns O:1.94ns )   --->   "%write_ln0 = write void @_ssdm_op_Write.ap_fifo.i16P0A, i16 %HwReg_layerStartY_3_val32_c, i16 %HwReg_layerStartY_3_val32_read"   --->   Operation 26 'write' 'write_ln0' <Predicate = true> <Delay = 1.94> <CoreInst = "FIFO_SRL">   --->   Core 80 'FIFO_SRL' <Latency = 0> <II = 1> <Delay = 1.94> <Storage> <Opcode : 'read' 'write' 'nbread' 'nbwrite'> <Ports = 0> <Width = 16> <Depth = 9> <FIFO>
ST_1 : Operation 27 [1/1] (0.00ns)   --->   "%specinterface_ln0 = specinterface void @_ssdm_op_SpecInterface, i16 %HwReg_layerStartY_2_val31_c, void @ap_fifo_str, i32 0, i32 0, void @p_str, i32 0, i32 0, void @p_str, void @p_str, void @p_str, i32 2, i32 2, i32 16, i32 16, void @p_str, void @ScalarProp_str, i32 4294967295, i32 0, i32 0"   --->   Operation 27 'specinterface' 'specinterface_ln0' <Predicate = true> <Delay = 0.00>
ST_1 : Operation 28 [1/1] ( I:1.93ns O:1.93ns )   --->   "%write_ln0 = write void @_ssdm_op_Write.ap_fifo.i16P0A, i16 %HwReg_layerStartY_2_val31_c, i16 %HwReg_layerStartY_2_val31_read"   --->   Operation 28 'write' 'write_ln0' <Predicate = true> <Delay = 1.93> <CoreInst = "FIFO_SRL">   --->   Core 80 'FIFO_SRL' <Latency = 0> <II = 1> <Delay = 1.93> <Storage> <Opcode : 'read' 'write' 'nbread' 'nbwrite'> <Ports = 0> <Width = 16> <Depth = 8> <FIFO>
ST_1 : Operation 29 [1/1] (0.00ns)   --->   "%specinterface_ln0 = specinterface void @_ssdm_op_SpecInterface, i16 %HwReg_layerStartY_1_val30_c, void @ap_fifo_str, i32 0, i32 0, void @p_str, i32 0, i32 0, void @p_str, void @p_str, void @p_str, i32 2, i32 2, i32 16, i32 16, void @p_str, void @ScalarProp_str, i32 4294967295, i32 0, i32 0"   --->   Operation 29 'specinterface' 'specinterface_ln0' <Predicate = true> <Delay = 0.00>
ST_1 : Operation 30 [1/1] ( I:1.90ns O:1.90ns )   --->   "%write_ln0 = write void @_ssdm_op_Write.ap_fifo.i16P0A, i16 %HwReg_layerStartY_1_val30_c, i16 %HwReg_layerStartY_1_val30_read"   --->   Operation 30 'write' 'write_ln0' <Predicate = true> <Delay = 1.90> <CoreInst = "FIFO_SRL">   --->   Core 80 'FIFO_SRL' <Latency = 0> <II = 1> <Delay = 1.90> <Storage> <Opcode : 'read' 'write' 'nbread' 'nbwrite'> <Ports = 0> <Width = 16> <Depth = 7> <FIFO>
ST_1 : Operation 31 [1/1] (0.00ns)   --->   "%specinterface_ln0 = specinterface void @_ssdm_op_SpecInterface, i16 %HwReg_layerStartX_4_val29_c, void @ap_fifo_str, i32 0, i32 0, void @p_str, i32 0, i32 0, void @p_str, void @p_str, void @p_str, i32 2, i32 2, i32 16, i32 16, void @p_str, void @ScalarProp_str, i32 4294967295, i32 0, i32 0"   --->   Operation 31 'specinterface' 'specinterface_ln0' <Predicate = true> <Delay = 0.00>
ST_1 : Operation 32 [1/1] ( I:1.95ns O:1.95ns )   --->   "%write_ln0 = write void @_ssdm_op_Write.ap_fifo.i16P0A, i16 %HwReg_layerStartX_4_val29_c, i16 %HwReg_layerStartX_4_val29_read"   --->   Operation 32 'write' 'write_ln0' <Predicate = true> <Delay = 1.95> <CoreInst = "FIFO_SRL">   --->   Core 80 'FIFO_SRL' <Latency = 0> <II = 1> <Delay = 1.95> <Storage> <Opcode : 'read' 'write' 'nbread' 'nbwrite'> <Ports = 0> <Width = 16> <Depth = 10> <FIFO>
ST_1 : Operation 33 [1/1] (0.00ns)   --->   "%specinterface_ln0 = specinterface void @_ssdm_op_SpecInterface, i16 %HwReg_layerStartX_3_val28_c, void @ap_fifo_str, i32 0, i32 0, void @p_str, i32 0, i32 0, void @p_str, void @p_str, void @p_str, i32 2, i32 2, i32 16, i32 16, void @p_str, void @ScalarProp_str, i32 4294967295, i32 0, i32 0"   --->   Operation 33 'specinterface' 'specinterface_ln0' <Predicate = true> <Delay = 0.00>
ST_1 : Operation 34 [1/1] ( I:1.94ns O:1.94ns )   --->   "%write_ln0 = write void @_ssdm_op_Write.ap_fifo.i16P0A, i16 %HwReg_layerStartX_3_val28_c, i16 %HwReg_layerStartX_3_val28_read"   --->   Operation 34 'write' 'write_ln0' <Predicate = true> <Delay = 1.94> <CoreInst = "FIFO_SRL">   --->   Core 80 'FIFO_SRL' <Latency = 0> <II = 1> <Delay = 1.94> <Storage> <Opcode : 'read' 'write' 'nbread' 'nbwrite'> <Ports = 0> <Width = 16> <Depth = 9> <FIFO>
ST_1 : Operation 35 [1/1] (0.00ns)   --->   "%specinterface_ln0 = specinterface void @_ssdm_op_SpecInterface, i16 %HwReg_layerStartX_2_val27_c, void @ap_fifo_str, i32 0, i32 0, void @p_str, i32 0, i32 0, void @p_str, void @p_str, void @p_str, i32 2, i32 2, i32 16, i32 16, void @p_str, void @ScalarProp_str, i32 4294967295, i32 0, i32 0"   --->   Operation 35 'specinterface' 'specinterface_ln0' <Predicate = true> <Delay = 0.00>
ST_1 : Operation 36 [1/1] ( I:1.93ns O:1.93ns )   --->   "%write_ln0 = write void @_ssdm_op_Write.ap_fifo.i16P0A, i16 %HwReg_layerStartX_2_val27_c, i16 %HwReg_layerStartX_2_val27_read"   --->   Operation 36 'write' 'write_ln0' <Predicate = true> <Delay = 1.93> <CoreInst = "FIFO_SRL">   --->   Core 80 'FIFO_SRL' <Latency = 0> <II = 1> <Delay = 1.93> <Storage> <Opcode : 'read' 'write' 'nbread' 'nbwrite'> <Ports = 0> <Width = 16> <Depth = 8> <FIFO>
ST_1 : Operation 37 [1/1] (0.00ns)   --->   "%specinterface_ln0 = specinterface void @_ssdm_op_SpecInterface, i16 %HwReg_layerStartX_1_val26_c, void @ap_fifo_str, i32 0, i32 0, void @p_str, i32 0, i32 0, void @p_str, void @p_str, void @p_str, i32 2, i32 2, i32 16, i32 16, void @p_str, void @ScalarProp_str, i32 4294967295, i32 0, i32 0"   --->   Operation 37 'specinterface' 'specinterface_ln0' <Predicate = true> <Delay = 0.00>
ST_1 : Operation 38 [1/1] ( I:1.90ns O:1.90ns )   --->   "%write_ln0 = write void @_ssdm_op_Write.ap_fifo.i16P0A, i16 %HwReg_layerStartX_1_val26_c, i16 %HwReg_layerStartX_1_val26_read"   --->   Operation 38 'write' 'write_ln0' <Predicate = true> <Delay = 1.90> <CoreInst = "FIFO_SRL">   --->   Core 80 'FIFO_SRL' <Latency = 0> <II = 1> <Delay = 1.90> <Storage> <Opcode : 'read' 'write' 'nbread' 'nbwrite'> <Ports = 0> <Width = 16> <Depth = 7> <FIFO>
ST_1 : Operation 39 [1/1] (0.00ns)   --->   "%specinterface_ln0 = specinterface void @_ssdm_op_SpecInterface, i5 %HwReg_layerEnable_val25_c24, void @ap_fifo_str, i32 0, i32 0, void @p_str, i32 0, i32 0, void @p_str, void @p_str, void @p_str, i32 2, i32 2, i32 16, i32 16, void @p_str, void @ScalarProp_str, i32 4294967295, i32 0, i32 0"   --->   Operation 39 'specinterface' 'specinterface_ln0' <Predicate = true> <Delay = 0.00>
ST_1 : Operation 40 [1/1] ( I:1.90ns O:1.90ns )   --->   "%write_ln0 = write void @_ssdm_op_Write.ap_fifo.i5P0A, i5 %HwReg_layerEnable_val25_c24, i5 %HwReg_layerEnable_val25_read"   --->   Operation 40 'write' 'write_ln0' <Predicate = true> <Delay = 1.90> <CoreInst = "FIFO_SRL">   --->   Core 80 'FIFO_SRL' <Latency = 0> <II = 1> <Delay = 1.90> <Storage> <Opcode : 'read' 'write' 'nbread' 'nbwrite'> <Ports = 0> <Width = 5> <Depth = 7> <FIFO>
ST_1 : Operation 41 [1/1] (0.00ns)   --->   "%ret_ln0 = ret"   --->   Operation 41 'ret' 'ret_ln0' <Predicate = true> <Delay = 0.00>


============================================================
+ Verbose Summary: Binding
============================================================
STG Binding: 
---------------- STG Properties BEGIN ----------------
- Is combinational: 0
- Is one-state seq: 1
- Is datapath-only: 0
- Is pipelined: 0
- Is top level: 0
Port [ Return ] is wired: 1; IO mode=ap_ctrl_hs:ce=0
Port [ HwReg_layerEnable_val25]:  wired=1; compound=0; hidden=0; nouse=0; global=0; static=0; extern=0; dir=0; type=0; pingpong=0; private_global=0; IO mode=ap_none:ce=0
Port [ HwReg_layerEnable_val25_c24]:  wired=1; compound=1; hidden=0; nouse=0; global=0; static=0; extern=0; dir=1; type=3; pingpong=0; private_global=0; IO mode=ap_fifo:ce=0
Port [ HwReg_layerStartX_1_val26]:  wired=1; compound=0; hidden=0; nouse=0; global=0; static=0; extern=0; dir=0; type=0; pingpong=0; private_global=0; IO mode=ap_none:ce=0
Port [ HwReg_layerStartX_1_val26_c]:  wired=1; compound=1; hidden=0; nouse=0; global=0; static=0; extern=0; dir=1; type=3; pingpong=0; private_global=0; IO mode=ap_fifo:ce=0
Port [ HwReg_layerStartX_2_val27]:  wired=1; compound=0; hidden=0; nouse=0; global=0; static=0; extern=0; dir=0; type=0; pingpong=0; private_global=0; IO mode=ap_none:ce=0
Port [ HwReg_layerStartX_2_val27_c]:  wired=1; compound=1; hidden=0; nouse=0; global=0; static=0; extern=0; dir=1; type=3; pingpong=0; private_global=0; IO mode=ap_fifo:ce=0
Port [ HwReg_layerStartX_3_val28]:  wired=1; compound=0; hidden=0; nouse=0; global=0; static=0; extern=0; dir=0; type=0; pingpong=0; private_global=0; IO mode=ap_none:ce=0
Port [ HwReg_layerStartX_3_val28_c]:  wired=1; compound=1; hidden=0; nouse=0; global=0; static=0; extern=0; dir=1; type=3; pingpong=0; private_global=0; IO mode=ap_fifo:ce=0
Port [ HwReg_layerStartX_4_val29]:  wired=1; compound=0; hidden=0; nouse=0; global=0; static=0; extern=0; dir=0; type=0; pingpong=0; private_global=0; IO mode=ap_none:ce=0
Port [ HwReg_layerStartX_4_val29_c]:  wired=1; compound=1; hidden=0; nouse=0; global=0; static=0; extern=0; dir=1; type=3; pingpong=0; private_global=0; IO mode=ap_fifo:ce=0
Port [ HwReg_layerStartY_1_val30]:  wired=1; compound=0; hidden=0; nouse=0; global=0; static=0; extern=0; dir=0; type=0; pingpong=0; private_global=0; IO mode=ap_none:ce=0
Port [ HwReg_layerStartY_1_val30_c]:  wired=1; compound=1; hidden=0; nouse=0; global=0; static=0; extern=0; dir=1; type=3; pingpong=0; private_global=0; IO mode=ap_fifo:ce=0
Port [ HwReg_layerStartY_2_val31]:  wired=1; compound=0; hidden=0; nouse=0; global=0; static=0; extern=0; dir=0; type=0; pingpong=0; private_global=0; IO mode=ap_none:ce=0
Port [ HwReg_layerStartY_2_val31_c]:  wired=1; compound=1; hidden=0; nouse=0; global=0; static=0; extern=0; dir=1; type=3; pingpong=0; private_global=0; IO mode=ap_fifo:ce=0
Port [ HwReg_layerStartY_3_val32]:  wired=1; compound=0; hidden=0; nouse=0; global=0; static=0; extern=0; dir=0; type=0; pingpong=0; private_global=0; IO mode=ap_none:ce=0
Port [ HwReg_layerStartY_3_val32_c]:  wired=1; compound=1; hidden=0; nouse=0; global=0; static=0; extern=0; dir=1; type=3; pingpong=0; private_global=0; IO mode=ap_fifo:ce=0
Port [ HwReg_layerStartY_4_val33]:  wired=1; compound=0; hidden=0; nouse=0; global=0; static=0; extern=0; dir=0; type=0; pingpong=0; private_global=0; IO mode=ap_none:ce=0
Port [ HwReg_layerStartY_4_val33_c]:  wired=1; compound=1; hidden=0; nouse=0; global=0; static=0; extern=0; dir=1; type=3; pingpong=0; private_global=0; IO mode=ap_fifo:ce=0
Port [ HwReg_layerScaleFactor_1_val42]:  wired=1; compound=0; hidden=0; nouse=0; global=0; static=0; extern=0; dir=0; type=0; pingpong=0; private_global=0; IO mode=ap_none:ce=0
Port [ HwReg_layerScaleFactor_1_val42_c]:  wired=1; compound=1; hidden=0; nouse=0; global=0; static=0; extern=0; dir=1; type=3; pingpong=0; private_global=0; IO mode=ap_fifo:ce=0
Port [ HwReg_layerScaleFactor_2_val43]:  wired=1; compound=0; hidden=0; nouse=0; global=0; static=0; extern=0; dir=0; type=0; pingpong=0; private_global=0; IO mode=ap_none:ce=0
Port [ HwReg_layerScaleFactor_2_val43_c]:  wired=1; compound=1; hidden=0; nouse=0; global=0; static=0; extern=0; dir=1; type=3; pingpong=0; private_global=0; IO mode=ap_fifo:ce=0
Port [ HwReg_layerScaleFactor_3_val44]:  wired=1; compound=0; hidden=0; nouse=0; global=0; static=0; extern=0; dir=0; type=0; pingpong=0; private_global=0; IO mode=ap_none:ce=0
Port [ HwReg_layerScaleFactor_3_val44_c]:  wired=1; compound=1; hidden=0; nouse=0; global=0; static=0; extern=0; dir=1; type=3; pingpong=0; private_global=0; IO mode=ap_fifo:ce=0
Port [ HwReg_layerScaleFactor_4_val45]:  wired=1; compound=0; hidden=0; nouse=0; global=0; static=0; extern=0; dir=0; type=0; pingpong=0; private_global=0; IO mode=ap_none:ce=0
Port [ HwReg_layerScaleFactor_4_val45_c]:  wired=1; compound=1; hidden=0; nouse=0; global=0; static=0; extern=0; dir=1; type=3; pingpong=0; private_global=0; IO mode=ap_fifo:ce=0
---------------- STG Properties END ------------------

---------------- Datapath Model BEGIN ----------------

<LifeTime>
<method=bitvector/>
specinterface_ln0                   (specinterface) [ 00]
HwReg_layerScaleFactor_4_val45_read (read         ) [ 00]
HwReg_layerScaleFactor_3_val44_read (read         ) [ 00]
HwReg_layerScaleFactor_2_val43_read (read         ) [ 00]
HwReg_layerScaleFactor_1_val42_read (read         ) [ 00]
HwReg_layerStartY_4_val33_read      (read         ) [ 00]
HwReg_layerStartY_3_val32_read      (read         ) [ 00]
HwReg_layerStartY_2_val31_read      (read         ) [ 00]
HwReg_layerStartY_1_val30_read      (read         ) [ 00]
HwReg_layerStartX_4_val29_read      (read         ) [ 00]
HwReg_layerStartX_3_val28_read      (read         ) [ 00]
HwReg_layerStartX_2_val27_read      (read         ) [ 00]
HwReg_layerStartX_1_val26_read      (read         ) [ 00]
HwReg_layerEnable_val25_read        (read         ) [ 00]
write_ln0                           (write        ) [ 00]
specinterface_ln0                   (specinterface) [ 00]
write_ln0                           (write        ) [ 00]
specinterface_ln0                   (specinterface) [ 00]
write_ln0                           (write        ) [ 00]
specinterface_ln0                   (specinterface) [ 00]
write_ln0                           (write        ) [ 00]
specinterface_ln0                   (specinterface) [ 00]
write_ln0                           (write        ) [ 00]
specinterface_ln0                   (specinterface) [ 00]
write_ln0                           (write        ) [ 00]
specinterface_ln0                   (specinterface) [ 00]
write_ln0                           (write        ) [ 00]
specinterface_ln0                   (specinterface) [ 00]
write_ln0                           (write        ) [ 00]
specinterface_ln0                   (specinterface) [ 00]
write_ln0                           (write        ) [ 00]
specinterface_ln0                   (specinterface) [ 00]
write_ln0                           (write        ) [ 00]
specinterface_ln0                   (specinterface) [ 00]
write_ln0                           (write        ) [ 00]
specinterface_ln0                   (specinterface) [ 00]
write_ln0                           (write        ) [ 00]
specinterface_ln0                   (specinterface) [ 00]
write_ln0                           (write        ) [ 00]
ret_ln0                             (ret          ) [ 00]
</LifeTime>

<model>

<comp_list>
<comp id="0" class="1000" name="HwReg_layerEnable_val25">
<pin_list>
<pin id="1" dir="1" index="0" bw="1" slack="0"/>
</pin_list>
<bind>
<StgValue><ssdm name="HwReg_layerEnable_val25"/></StgValue>
</bind>
</comp>

<comp id="2" class="1000" name="HwReg_layerEnable_val25_c24">
<pin_list>
<pin id="3" dir="1" index="0" bw="1" slack="0"/>
</pin_list>
<bind>
<StgValue><ssdm name="HwReg_layerEnable_val25_c24"/></StgValue>
</bind>
</comp>

<comp id="4" class="1000" name="HwReg_layerStartX_1_val26">
<pin_list>
<pin id="5" dir="1" index="0" bw="1" slack="0"/>
</pin_list>
<bind>
<StgValue><ssdm name="HwReg_layerStartX_1_val26"/></StgValue>
</bind>
</comp>

<comp id="6" class="1000" name="HwReg_layerStartX_1_val26_c">
<pin_list>
<pin id="7" dir="1" index="0" bw="1" slack="0"/>
</pin_list>
<bind>
<StgValue><ssdm name="HwReg_layerStartX_1_val26_c"/></StgValue>
</bind>
</comp>

<comp id="8" class="1000" name="HwReg_layerStartX_2_val27">
<pin_list>
<pin id="9" dir="1" index="0" bw="1" slack="0"/>
</pin_list>
<bind>
<StgValue><ssdm name="HwReg_layerStartX_2_val27"/></StgValue>
</bind>
</comp>

<comp id="10" class="1000" name="HwReg_layerStartX_2_val27_c">
<pin_list>
<pin id="11" dir="1" index="0" bw="1" slack="0"/>
</pin_list>
<bind>
<StgValue><ssdm name="HwReg_layerStartX_2_val27_c"/></StgValue>
</bind>
</comp>

<comp id="12" class="1000" name="HwReg_layerStartX_3_val28">
<pin_list>
<pin id="13" dir="1" index="0" bw="1" slack="0"/>
</pin_list>
<bind>
<StgValue><ssdm name="HwReg_layerStartX_3_val28"/></StgValue>
</bind>
</comp>

<comp id="14" class="1000" name="HwReg_layerStartX_3_val28_c">
<pin_list>
<pin id="15" dir="1" index="0" bw="1" slack="0"/>
</pin_list>
<bind>
<StgValue><ssdm name="HwReg_layerStartX_3_val28_c"/></StgValue>
</bind>
</comp>

<comp id="16" class="1000" name="HwReg_layerStartX_4_val29">
<pin_list>
<pin id="17" dir="1" index="0" bw="1" slack="0"/>
</pin_list>
<bind>
<StgValue><ssdm name="HwReg_layerStartX_4_val29"/></StgValue>
</bind>
</comp>

<comp id="18" class="1000" name="HwReg_layerStartX_4_val29_c">
<pin_list>
<pin id="19" dir="1" index="0" bw="1" slack="0"/>
</pin_list>
<bind>
<StgValue><ssdm name="HwReg_layerStartX_4_val29_c"/></StgValue>
</bind>
</comp>

<comp id="20" class="1000" name="HwReg_layerStartY_1_val30">
<pin_list>
<pin id="21" dir="1" index="0" bw="1" slack="0"/>
</pin_list>
<bind>
<StgValue><ssdm name="HwReg_layerStartY_1_val30"/></StgValue>
</bind>
</comp>

<comp id="22" class="1000" name="HwReg_layerStartY_1_val30_c">
<pin_list>
<pin id="23" dir="1" index="0" bw="1" slack="0"/>
</pin_list>
<bind>
<StgValue><ssdm name="HwReg_layerStartY_1_val30_c"/></StgValue>
</bind>
</comp>

<comp id="24" class="1000" name="HwReg_layerStartY_2_val31">
<pin_list>
<pin id="25" dir="1" index="0" bw="1" slack="0"/>
</pin_list>
<bind>
<StgValue><ssdm name="HwReg_layerStartY_2_val31"/></StgValue>
</bind>
</comp>

<comp id="26" class="1000" name="HwReg_layerStartY_2_val31_c">
<pin_list>
<pin id="27" dir="1" index="0" bw="1" slack="0"/>
</pin_list>
<bind>
<StgValue><ssdm name="HwReg_layerStartY_2_val31_c"/></StgValue>
</bind>
</comp>

<comp id="28" class="1000" name="HwReg_layerStartY_3_val32">
<pin_list>
<pin id="29" dir="1" index="0" bw="1" slack="0"/>
</pin_list>
<bind>
<StgValue><ssdm name="HwReg_layerStartY_3_val32"/></StgValue>
</bind>
</comp>

<comp id="30" class="1000" name="HwReg_layerStartY_3_val32_c">
<pin_list>
<pin id="31" dir="1" index="0" bw="1" slack="0"/>
</pin_list>
<bind>
<StgValue><ssdm name="HwReg_layerStartY_3_val32_c"/></StgValue>
</bind>
</comp>

<comp id="32" class="1000" name="HwReg_layerStartY_4_val33">
<pin_list>
<pin id="33" dir="1" index="0" bw="1" slack="0"/>
</pin_list>
<bind>
<StgValue><ssdm name="HwReg_layerStartY_4_val33"/></StgValue>
</bind>
</comp>

<comp id="34" class="1000" name="HwReg_layerStartY_4_val33_c">
<pin_list>
<pin id="35" dir="1" index="0" bw="1" slack="0"/>
</pin_list>
<bind>
<StgValue><ssdm name="HwReg_layerStartY_4_val33_c"/></StgValue>
</bind>
</comp>

<comp id="36" class="1000" name="HwReg_layerScaleFactor_1_val42">
<pin_list>
<pin id="37" dir="1" index="0" bw="1" slack="0"/>
</pin_list>
<bind>
<StgValue><ssdm name="HwReg_layerScaleFactor_1_val42"/></StgValue>
</bind>
</comp>

<comp id="38" class="1000" name="HwReg_layerScaleFactor_1_val42_c">
<pin_list>
<pin id="39" dir="1" index="0" bw="1" slack="0"/>
</pin_list>
<bind>
<StgValue><ssdm name="HwReg_layerScaleFactor_1_val42_c"/></StgValue>
</bind>
</comp>

<comp id="40" class="1000" name="HwReg_layerScaleFactor_2_val43">
<pin_list>
<pin id="41" dir="1" index="0" bw="1" slack="0"/>
</pin_list>
<bind>
<StgValue><ssdm name="HwReg_layerScaleFactor_2_val43"/></StgValue>
</bind>
</comp>

<comp id="42" class="1000" name="HwReg_layerScaleFactor_2_val43_c">
<pin_list>
<pin id="43" dir="1" index="0" bw="1" slack="0"/>
</pin_list>
<bind>
<StgValue><ssdm name="HwReg_layerScaleFactor_2_val43_c"/></StgValue>
</bind>
</comp>

<comp id="44" class="1000" name="HwReg_layerScaleFactor_3_val44">
<pin_list>
<pin id="45" dir="1" index="0" bw="1" slack="0"/>
</pin_list>
<bind>
<StgValue><ssdm name="HwReg_layerScaleFactor_3_val44"/></StgValue>
</bind>
</comp>

<comp id="46" class="1000" name="HwReg_layerScaleFactor_3_val44_c">
<pin_list>
<pin id="47" dir="1" index="0" bw="1" slack="0"/>
</pin_list>
<bind>
<StgValue><ssdm name="HwReg_layerScaleFactor_3_val44_c"/></StgValue>
</bind>
</comp>

<comp id="48" class="1000" name="HwReg_layerScaleFactor_4_val45">
<pin_list>
<pin id="49" dir="1" index="0" bw="1" slack="0"/>
</pin_list>
<bind>
<StgValue><ssdm name="HwReg_layerScaleFactor_4_val45"/></StgValue>
</bind>
</comp>

<comp id="50" class="1000" name="HwReg_layerScaleFactor_4_val45_c">
<pin_list>
<pin id="51" dir="1" index="0" bw="1" slack="0"/>
</pin_list>
<bind>
<StgValue><ssdm name="HwReg_layerScaleFactor_4_val45_c"/></StgValue>
</bind>
</comp>

<comp id="52" class="1001" name="const_52">
<pin_list>
<pin id="53" dir="1" index="0" bw="1" slack="2147483647"/>
</pin_list>
<bind>
<StgValue><ssdm name="_ssdm_op_SpecInterface"/></StgValue>
</bind>
</comp>

<comp id="54" class="1001" name="const_54">
<pin_list>
<pin id="55" dir="1" index="0" bw="1" slack="2147483647"/>
</pin_list>
<bind>
<StgValue><ssdm name="ap_fifo_str"/></StgValue>
</bind>
</comp>

<comp id="56" class="1001" name="const_56">
<pin_list>
<pin id="57" dir="1" index="0" bw="1" slack="2147483647"/>
</pin_list>
<bind>
<StgValue><ssdm name=""/></StgValue>
</bind>
</comp>

<comp id="58" class="1001" name="const_58">
<pin_list>
<pin id="59" dir="1" index="0" bw="1" slack="2147483647"/>
</pin_list>
<bind>
<StgValue><ssdm name="p_str"/></StgValue>
</bind>
</comp>

<comp id="60" class="1001" name="const_60">
<pin_list>
<pin id="61" dir="1" index="0" bw="1" slack="2147483647"/>
</pin_list>
<bind>
<StgValue><ssdm name=""/></StgValue>
</bind>
</comp>

<comp id="62" class="1001" name="const_62">
<pin_list>
<pin id="63" dir="1" index="0" bw="1" slack="2147483647"/>
</pin_list>
<bind>
<StgValue><ssdm name=""/></StgValue>
</bind>
</comp>

<comp id="64" class="1001" name="const_64">
<pin_list>
<pin id="65" dir="1" index="0" bw="1" slack="2147483647"/>
</pin_list>
<bind>
<StgValue><ssdm name="ScalarProp_str"/></StgValue>
</bind>
</comp>

<comp id="66" class="1001" name="const_66">
<pin_list>
<pin id="67" dir="1" index="0" bw="1" slack="2147483647"/>
</pin_list>
<bind>
<StgValue><ssdm name=""/></StgValue>
</bind>
</comp>

<comp id="68" class="1001" name="const_68">
<pin_list>
<pin id="69" dir="1" index="0" bw="1" slack="0"/>
</pin_list>
<bind>
<StgValue><ssdm name="_ssdm_op_Read.ap_auto.i8"/></StgValue>
</bind>
</comp>

<comp id="70" class="1001" name="const_70">
<pin_list>
<pin id="71" dir="1" index="0" bw="1" slack="0"/>
</pin_list>
<bind>
<StgValue><ssdm name="_ssdm_op_Read.ap_auto.i16"/></StgValue>
</bind>
</comp>

<comp id="72" class="1001" name="const_72">
<pin_list>
<pin id="73" dir="1" index="0" bw="1" slack="0"/>
</pin_list>
<bind>
<StgValue><ssdm name="_ssdm_op_Read.ap_auto.i5"/></StgValue>
</bind>
</comp>

<comp id="74" class="1001" name="const_74">
<pin_list>
<pin id="75" dir="1" index="0" bw="1" slack="0"/>
</pin_list>
<bind>
<StgValue><ssdm name="_ssdm_op_Write.ap_fifo.i8P0A"/></StgValue>
</bind>
</comp>

<comp id="76" class="1001" name="const_76">
<pin_list>
<pin id="77" dir="1" index="0" bw="1" slack="0"/>
</pin_list>
<bind>
<StgValue><ssdm name="_ssdm_op_Write.ap_fifo.i16P0A"/></StgValue>
</bind>
</comp>

<comp id="78" class="1001" name="const_78">
<pin_list>
<pin id="79" dir="1" index="0" bw="1" slack="0"/>
</pin_list>
<bind>
<StgValue><ssdm name="_ssdm_op_Write.ap_fifo.i5P0A"/></StgValue>
</bind>
</comp>

<comp id="80" class="1004" name="HwReg_layerScaleFactor_4_val45_read_read_fu_80">
<pin_list>
<pin id="81" dir="0" index="0" bw="8" slack="0"/>
<pin id="82" dir="0" index="1" bw="8" slack="0"/>
<pin id="83" dir="1" index="2" bw="8" slack="0"/>
</pin_list>
<bind>
<opcode="read(1150) " fcode="read"/>
<opset="HwReg_layerScaleFactor_4_val45_read/1 "/>
</bind>
</comp>

<comp id="86" class="1004" name="HwReg_layerScaleFactor_3_val44_read_read_fu_86">
<pin_list>
<pin id="87" dir="0" index="0" bw="8" slack="0"/>
<pin id="88" dir="0" index="1" bw="8" slack="0"/>
<pin id="89" dir="1" index="2" bw="8" slack="0"/>
</pin_list>
<bind>
<opcode="read(1150) " fcode="read"/>
<opset="HwReg_layerScaleFactor_3_val44_read/1 "/>
</bind>
</comp>

<comp id="92" class="1004" name="HwReg_layerScaleFactor_2_val43_read_read_fu_92">
<pin_list>
<pin id="93" dir="0" index="0" bw="8" slack="0"/>
<pin id="94" dir="0" index="1" bw="8" slack="0"/>
<pin id="95" dir="1" index="2" bw="8" slack="0"/>
</pin_list>
<bind>
<opcode="read(1150) " fcode="read"/>
<opset="HwReg_layerScaleFactor_2_val43_read/1 "/>
</bind>
</comp>

<comp id="98" class="1004" name="HwReg_layerScaleFactor_1_val42_read_read_fu_98">
<pin_list>
<pin id="99" dir="0" index="0" bw="8" slack="0"/>
<pin id="100" dir="0" index="1" bw="8" slack="0"/>
<pin id="101" dir="1" index="2" bw="8" slack="0"/>
</pin_list>
<bind>
<opcode="read(1150) " fcode="read"/>
<opset="HwReg_layerScaleFactor_1_val42_read/1 "/>
</bind>
</comp>

<comp id="104" class="1004" name="HwReg_layerStartY_4_val33_read_read_fu_104">
<pin_list>
<pin id="105" dir="0" index="0" bw="16" slack="0"/>
<pin id="106" dir="0" index="1" bw="16" slack="0"/>
<pin id="107" dir="1" index="2" bw="16" slack="0"/>
</pin_list>
<bind>
<opcode="read(1150) " fcode="read"/>
<opset="HwReg_layerStartY_4_val33_read/1 "/>
</bind>
</comp>

<comp id="110" class="1004" name="HwReg_layerStartY_3_val32_read_read_fu_110">
<pin_list>
<pin id="111" dir="0" index="0" bw="16" slack="0"/>
<pin id="112" dir="0" index="1" bw="16" slack="0"/>
<pin id="113" dir="1" index="2" bw="16" slack="0"/>
</pin_list>
<bind>
<opcode="read(1150) " fcode="read"/>
<opset="HwReg_layerStartY_3_val32_read/1 "/>
</bind>
</comp>

<comp id="116" class="1004" name="HwReg_layerStartY_2_val31_read_read_fu_116">
<pin_list>
<pin id="117" dir="0" index="0" bw="16" slack="0"/>
<pin id="118" dir="0" index="1" bw="16" slack="0"/>
<pin id="119" dir="1" index="2" bw="16" slack="0"/>
</pin_list>
<bind>
<opcode="read(1150) " fcode="read"/>
<opset="HwReg_layerStartY_2_val31_read/1 "/>
</bind>
</comp>

<comp id="122" class="1004" name="HwReg_layerStartY_1_val30_read_read_fu_122">
<pin_list>
<pin id="123" dir="0" index="0" bw="16" slack="0"/>
<pin id="124" dir="0" index="1" bw="16" slack="0"/>
<pin id="125" dir="1" index="2" bw="16" slack="0"/>
</pin_list>
<bind>
<opcode="read(1150) " fcode="read"/>
<opset="HwReg_layerStartY_1_val30_read/1 "/>
</bind>
</comp>

<comp id="128" class="1004" name="HwReg_layerStartX_4_val29_read_read_fu_128">
<pin_list>
<pin id="129" dir="0" index="0" bw="16" slack="0"/>
<pin id="130" dir="0" index="1" bw="16" slack="0"/>
<pin id="131" dir="1" index="2" bw="16" slack="0"/>
</pin_list>
<bind>
<opcode="read(1150) " fcode="read"/>
<opset="HwReg_layerStartX_4_val29_read/1 "/>
</bind>
</comp>

<comp id="134" class="1004" name="HwReg_layerStartX_3_val28_read_read_fu_134">
<pin_list>
<pin id="135" dir="0" index="0" bw="16" slack="0"/>
<pin id="136" dir="0" index="1" bw="16" slack="0"/>
<pin id="137" dir="1" index="2" bw="16" slack="0"/>
</pin_list>
<bind>
<opcode="read(1150) " fcode="read"/>
<opset="HwReg_layerStartX_3_val28_read/1 "/>
</bind>
</comp>

<comp id="140" class="1004" name="HwReg_layerStartX_2_val27_read_read_fu_140">
<pin_list>
<pin id="141" dir="0" index="0" bw="16" slack="0"/>
<pin id="142" dir="0" index="1" bw="16" slack="0"/>
<pin id="143" dir="1" index="2" bw="16" slack="0"/>
</pin_list>
<bind>
<opcode="read(1150) " fcode="read"/>
<opset="HwReg_layerStartX_2_val27_read/1 "/>
</bind>
</comp>

<comp id="146" class="1004" name="HwReg_layerStartX_1_val26_read_read_fu_146">
<pin_list>
<pin id="147" dir="0" index="0" bw="16" slack="0"/>
<pin id="148" dir="0" index="1" bw="16" slack="0"/>
<pin id="149" dir="1" index="2" bw="16" slack="0"/>
</pin_list>
<bind>
<opcode="read(1150) " fcode="read"/>
<opset="HwReg_layerStartX_1_val26_read/1 "/>
</bind>
</comp>

<comp id="152" class="1004" name="HwReg_layerEnable_val25_read_read_fu_152">
<pin_list>
<pin id="153" dir="0" index="0" bw="5" slack="0"/>
<pin id="154" dir="0" index="1" bw="5" slack="0"/>
<pin id="155" dir="1" index="2" bw="5" slack="0"/>
</pin_list>
<bind>
<opcode="read(1150) " fcode="read"/>
<opset="HwReg_layerEnable_val25_read/1 "/>
</bind>
</comp>

<comp id="158" class="1004" name="write_ln0_write_fu_158">
<pin_list>
<pin id="159" dir="0" index="0" bw="0" slack="0"/>
<pin id="160" dir="0" index="1" bw="8" slack="0"/>
<pin id="161" dir="0" index="2" bw="8" slack="0"/>
<pin id="162" dir="1" index="3" bw="0" slack="2147483647"/>
</pin_list>
<bind>
<opcode="write(1151) " fcode="write"/>
<opset="write_ln0/1 "/>
</bind>
</comp>

<comp id="166" class="1004" name="write_ln0_write_fu_166">
<pin_list>
<pin id="167" dir="0" index="0" bw="0" slack="0"/>
<pin id="168" dir="0" index="1" bw="8" slack="0"/>
<pin id="169" dir="0" index="2" bw="8" slack="0"/>
<pin id="170" dir="1" index="3" bw="0" slack="2147483647"/>
</pin_list>
<bind>
<opcode="write(1151) " fcode="write"/>
<opset="write_ln0/1 "/>
</bind>
</comp>

<comp id="174" class="1004" name="write_ln0_write_fu_174">
<pin_list>
<pin id="175" dir="0" index="0" bw="0" slack="0"/>
<pin id="176" dir="0" index="1" bw="8" slack="0"/>
<pin id="177" dir="0" index="2" bw="8" slack="0"/>
<pin id="178" dir="1" index="3" bw="0" slack="2147483647"/>
</pin_list>
<bind>
<opcode="write(1151) " fcode="write"/>
<opset="write_ln0/1 "/>
</bind>
</comp>

<comp id="182" class="1004" name="write_ln0_write_fu_182">
<pin_list>
<pin id="183" dir="0" index="0" bw="0" slack="0"/>
<pin id="184" dir="0" index="1" bw="8" slack="0"/>
<pin id="185" dir="0" index="2" bw="8" slack="0"/>
<pin id="186" dir="1" index="3" bw="0" slack="2147483647"/>
</pin_list>
<bind>
<opcode="write(1151) " fcode="write"/>
<opset="write_ln0/1 "/>
</bind>
</comp>

<comp id="190" class="1004" name="write_ln0_write_fu_190">
<pin_list>
<pin id="191" dir="0" index="0" bw="0" slack="0"/>
<pin id="192" dir="0" index="1" bw="16" slack="0"/>
<pin id="193" dir="0" index="2" bw="16" slack="0"/>
<pin id="194" dir="1" index="3" bw="0" slack="2147483647"/>
</pin_list>
<bind>
<opcode="write(1151) " fcode="write"/>
<opset="write_ln0/1 "/>
</bind>
</comp>

<comp id="198" class="1004" name="write_ln0_write_fu_198">
<pin_list>
<pin id="199" dir="0" index="0" bw="0" slack="0"/>
<pin id="200" dir="0" index="1" bw="16" slack="0"/>
<pin id="201" dir="0" index="2" bw="16" slack="0"/>
<pin id="202" dir="1" index="3" bw="0" slack="2147483647"/>
</pin_list>
<bind>
<opcode="write(1151) " fcode="write"/>
<opset="write_ln0/1 "/>
</bind>
</comp>

<comp id="206" class="1004" name="write_ln0_write_fu_206">
<pin_list>
<pin id="207" dir="0" index="0" bw="0" slack="0"/>
<pin id="208" dir="0" index="1" bw="16" slack="0"/>
<pin id="209" dir="0" index="2" bw="16" slack="0"/>
<pin id="210" dir="1" index="3" bw="0" slack="2147483647"/>
</pin_list>
<bind>
<opcode="write(1151) " fcode="write"/>
<opset="write_ln0/1 "/>
</bind>
</comp>

<comp id="214" class="1004" name="write_ln0_write_fu_214">
<pin_list>
<pin id="215" dir="0" index="0" bw="0" slack="0"/>
<pin id="216" dir="0" index="1" bw="16" slack="0"/>
<pin id="217" dir="0" index="2" bw="16" slack="0"/>
<pin id="218" dir="1" index="3" bw="0" slack="2147483647"/>
</pin_list>
<bind>
<opcode="write(1151) " fcode="write"/>
<opset="write_ln0/1 "/>
</bind>
</comp>

<comp id="222" class="1004" name="write_ln0_write_fu_222">
<pin_list>
<pin id="223" dir="0" index="0" bw="0" slack="0"/>
<pin id="224" dir="0" index="1" bw="16" slack="0"/>
<pin id="225" dir="0" index="2" bw="16" slack="0"/>
<pin id="226" dir="1" index="3" bw="0" slack="2147483647"/>
</pin_list>
<bind>
<opcode="write(1151) " fcode="write"/>
<opset="write_ln0/1 "/>
</bind>
</comp>

<comp id="230" class="1004" name="write_ln0_write_fu_230">
<pin_list>
<pin id="231" dir="0" index="0" bw="0" slack="0"/>
<pin id="232" dir="0" index="1" bw="16" slack="0"/>
<pin id="233" dir="0" index="2" bw="16" slack="0"/>
<pin id="234" dir="1" index="3" bw="0" slack="2147483647"/>
</pin_list>
<bind>
<opcode="write(1151) " fcode="write"/>
<opset="write_ln0/1 "/>
</bind>
</comp>

<comp id="238" class="1004" name="write_ln0_write_fu_238">
<pin_list>
<pin id="239" dir="0" index="0" bw="0" slack="0"/>
<pin id="240" dir="0" index="1" bw="16" slack="0"/>
<pin id="241" dir="0" index="2" bw="16" slack="0"/>
<pin id="242" dir="1" index="3" bw="0" slack="2147483647"/>
</pin_list>
<bind>
<opcode="write(1151) " fcode="write"/>
<opset="write_ln0/1 "/>
</bind>
</comp>

<comp id="246" class="1004" name="write_ln0_write_fu_246">
<pin_list>
<pin id="247" dir="0" index="0" bw="0" slack="0"/>
<pin id="248" dir="0" index="1" bw="16" slack="0"/>
<pin id="249" dir="0" index="2" bw="16" slack="0"/>
<pin id="250" dir="1" index="3" bw="0" slack="2147483647"/>
</pin_list>
<bind>
<opcode="write(1151) " fcode="write"/>
<opset="write_ln0/1 "/>
</bind>
</comp>

<comp id="254" class="1004" name="write_ln0_write_fu_254">
<pin_list>
<pin id="255" dir="0" index="0" bw="0" slack="0"/>
<pin id="256" dir="0" index="1" bw="5" slack="0"/>
<pin id="257" dir="0" index="2" bw="5" slack="0"/>
<pin id="258" dir="1" index="3" bw="0" slack="2147483647"/>
</pin_list>
<bind>
<opcode="write(1151) " fcode="write"/>
<opset="write_ln0/1 "/>
</bind>
</comp>

</comp_list>

<net_list>
<net id="84"><net_src comp="68" pin="0"/><net_sink comp="80" pin=0"/></net>

<net id="85"><net_src comp="48" pin="0"/><net_sink comp="80" pin=1"/></net>

<net id="90"><net_src comp="68" pin="0"/><net_sink comp="86" pin=0"/></net>

<net id="91"><net_src comp="44" pin="0"/><net_sink comp="86" pin=1"/></net>

<net id="96"><net_src comp="68" pin="0"/><net_sink comp="92" pin=0"/></net>

<net id="97"><net_src comp="40" pin="0"/><net_sink comp="92" pin=1"/></net>

<net id="102"><net_src comp="68" pin="0"/><net_sink comp="98" pin=0"/></net>

<net id="103"><net_src comp="36" pin="0"/><net_sink comp="98" pin=1"/></net>

<net id="108"><net_src comp="70" pin="0"/><net_sink comp="104" pin=0"/></net>

<net id="109"><net_src comp="32" pin="0"/><net_sink comp="104" pin=1"/></net>

<net id="114"><net_src comp="70" pin="0"/><net_sink comp="110" pin=0"/></net>

<net id="115"><net_src comp="28" pin="0"/><net_sink comp="110" pin=1"/></net>

<net id="120"><net_src comp="70" pin="0"/><net_sink comp="116" pin=0"/></net>

<net id="121"><net_src comp="24" pin="0"/><net_sink comp="116" pin=1"/></net>

<net id="126"><net_src comp="70" pin="0"/><net_sink comp="122" pin=0"/></net>

<net id="127"><net_src comp="20" pin="0"/><net_sink comp="122" pin=1"/></net>

<net id="132"><net_src comp="70" pin="0"/><net_sink comp="128" pin=0"/></net>

<net id="133"><net_src comp="16" pin="0"/><net_sink comp="128" pin=1"/></net>

<net id="138"><net_src comp="70" pin="0"/><net_sink comp="134" pin=0"/></net>

<net id="139"><net_src comp="12" pin="0"/><net_sink comp="134" pin=1"/></net>

<net id="144"><net_src comp="70" pin="0"/><net_sink comp="140" pin=0"/></net>

<net id="145"><net_src comp="8" pin="0"/><net_sink comp="140" pin=1"/></net>

<net id="150"><net_src comp="70" pin="0"/><net_sink comp="146" pin=0"/></net>

<net id="151"><net_src comp="4" pin="0"/><net_sink comp="146" pin=1"/></net>

<net id="156"><net_src comp="72" pin="0"/><net_sink comp="152" pin=0"/></net>

<net id="157"><net_src comp="0" pin="0"/><net_sink comp="152" pin=1"/></net>

<net id="163"><net_src comp="74" pin="0"/><net_sink comp="158" pin=0"/></net>

<net id="164"><net_src comp="50" pin="0"/><net_sink comp="158" pin=1"/></net>

<net id="165"><net_src comp="80" pin="2"/><net_sink comp="158" pin=2"/></net>

<net id="171"><net_src comp="74" pin="0"/><net_sink comp="166" pin=0"/></net>

<net id="172"><net_src comp="46" pin="0"/><net_sink comp="166" pin=1"/></net>

<net id="173"><net_src comp="86" pin="2"/><net_sink comp="166" pin=2"/></net>

<net id="179"><net_src comp="74" pin="0"/><net_sink comp="174" pin=0"/></net>

<net id="180"><net_src comp="42" pin="0"/><net_sink comp="174" pin=1"/></net>

<net id="181"><net_src comp="92" pin="2"/><net_sink comp="174" pin=2"/></net>

<net id="187"><net_src comp="74" pin="0"/><net_sink comp="182" pin=0"/></net>

<net id="188"><net_src comp="38" pin="0"/><net_sink comp="182" pin=1"/></net>

<net id="189"><net_src comp="98" pin="2"/><net_sink comp="182" pin=2"/></net>

<net id="195"><net_src comp="76" pin="0"/><net_sink comp="190" pin=0"/></net>

<net id="196"><net_src comp="34" pin="0"/><net_sink comp="190" pin=1"/></net>

<net id="197"><net_src comp="104" pin="2"/><net_sink comp="190" pin=2"/></net>

<net id="203"><net_src comp="76" pin="0"/><net_sink comp="198" pin=0"/></net>

<net id="204"><net_src comp="30" pin="0"/><net_sink comp="198" pin=1"/></net>

<net id="205"><net_src comp="110" pin="2"/><net_sink comp="198" pin=2"/></net>

<net id="211"><net_src comp="76" pin="0"/><net_sink comp="206" pin=0"/></net>

<net id="212"><net_src comp="26" pin="0"/><net_sink comp="206" pin=1"/></net>

<net id="213"><net_src comp="116" pin="2"/><net_sink comp="206" pin=2"/></net>

<net id="219"><net_src comp="76" pin="0"/><net_sink comp="214" pin=0"/></net>

<net id="220"><net_src comp="22" pin="0"/><net_sink comp="214" pin=1"/></net>

<net id="221"><net_src comp="122" pin="2"/><net_sink comp="214" pin=2"/></net>

<net id="227"><net_src comp="76" pin="0"/><net_sink comp="222" pin=0"/></net>

<net id="228"><net_src comp="18" pin="0"/><net_sink comp="222" pin=1"/></net>

<net id="229"><net_src comp="128" pin="2"/><net_sink comp="222" pin=2"/></net>

<net id="235"><net_src comp="76" pin="0"/><net_sink comp="230" pin=0"/></net>

<net id="236"><net_src comp="14" pin="0"/><net_sink comp="230" pin=1"/></net>

<net id="237"><net_src comp="134" pin="2"/><net_sink comp="230" pin=2"/></net>

<net id="243"><net_src comp="76" pin="0"/><net_sink comp="238" pin=0"/></net>

<net id="244"><net_src comp="10" pin="0"/><net_sink comp="238" pin=1"/></net>

<net id="245"><net_src comp="140" pin="2"/><net_sink comp="238" pin=2"/></net>

<net id="251"><net_src comp="76" pin="0"/><net_sink comp="246" pin=0"/></net>

<net id="252"><net_src comp="6" pin="0"/><net_sink comp="246" pin=1"/></net>

<net id="253"><net_src comp="146" pin="2"/><net_sink comp="246" pin=2"/></net>

<net id="259"><net_src comp="78" pin="0"/><net_sink comp="254" pin=0"/></net>

<net id="260"><net_src comp="2" pin="0"/><net_sink comp="254" pin=1"/></net>

<net id="261"><net_src comp="152" pin="2"/><net_sink comp="254" pin=2"/></net>

</net_list>

</model> 
---------------- Datapath Model END ------------------

* FSMD analyzer results:
  - Output states:
	Port: HwReg_layerEnable_val25_c24 | {1 }
	Port: HwReg_layerStartX_1_val26_c | {1 }
	Port: HwReg_layerStartX_2_val27_c | {1 }
	Port: HwReg_layerStartX_3_val28_c | {1 }
	Port: HwReg_layerStartX_4_val29_c | {1 }
	Port: HwReg_layerStartY_1_val30_c | {1 }
	Port: HwReg_layerStartY_2_val31_c | {1 }
	Port: HwReg_layerStartY_3_val32_c | {1 }
	Port: HwReg_layerStartY_4_val33_c | {1 }
	Port: HwReg_layerScaleFactor_1_val42_c | {1 }
	Port: HwReg_layerScaleFactor_2_val43_c | {1 }
	Port: HwReg_layerScaleFactor_3_val44_c | {1 }
	Port: HwReg_layerScaleFactor_4_val45_c | {1 }
 - Input state : 
	Port: entry_proc : HwReg_layerEnable_val25 | {1 }
	Port: entry_proc : HwReg_layerStartX_1_val26 | {1 }
	Port: entry_proc : HwReg_layerStartX_2_val27 | {1 }
	Port: entry_proc : HwReg_layerStartX_3_val28 | {1 }
	Port: entry_proc : HwReg_layerStartX_4_val29 | {1 }
	Port: entry_proc : HwReg_layerStartY_1_val30 | {1 }
	Port: entry_proc : HwReg_layerStartY_2_val31 | {1 }
	Port: entry_proc : HwReg_layerStartY_3_val32 | {1 }
	Port: entry_proc : HwReg_layerStartY_4_val33 | {1 }
	Port: entry_proc : HwReg_layerScaleFactor_1_val42 | {1 }
	Port: entry_proc : HwReg_layerScaleFactor_2_val43 | {1 }
	Port: entry_proc : HwReg_layerScaleFactor_3_val44 | {1 }
	Port: entry_proc : HwReg_layerScaleFactor_4_val45 | {1 }
  - Chain level:
	State 1


============================================================
+ Verbose Summary: Datapath Resource usage 
============================================================

* Functional unit list:
|----------|------------------------------------------------|
| Operation|                 Functional Unit                |
|----------|------------------------------------------------|
|          | HwReg_layerScaleFactor_4_val45_read_read_fu_80 |
|          | HwReg_layerScaleFactor_3_val44_read_read_fu_86 |
|          | HwReg_layerScaleFactor_2_val43_read_read_fu_92 |
|          | HwReg_layerScaleFactor_1_val42_read_read_fu_98 |
|          |   HwReg_layerStartY_4_val33_read_read_fu_104   |
|          |   HwReg_layerStartY_3_val32_read_read_fu_110   |
|   read   |   HwReg_layerStartY_2_val31_read_read_fu_116   |
|          |   HwReg_layerStartY_1_val30_read_read_fu_122   |
|          |   HwReg_layerStartX_4_val29_read_read_fu_128   |
|          |   HwReg_layerStartX_3_val28_read_read_fu_134   |
|          |   HwReg_layerStartX_2_val27_read_read_fu_140   |
|          |   HwReg_layerStartX_1_val26_read_read_fu_146   |
|          |    HwReg_layerEnable_val25_read_read_fu_152    |
|----------|------------------------------------------------|
|          |             write_ln0_write_fu_158             |
|          |             write_ln0_write_fu_166             |
|          |             write_ln0_write_fu_174             |
|          |             write_ln0_write_fu_182             |
|          |             write_ln0_write_fu_190             |
|          |             write_ln0_write_fu_198             |
|   write  |             write_ln0_write_fu_206             |
|          |             write_ln0_write_fu_214             |
|          |             write_ln0_write_fu_222             |
|          |             write_ln0_write_fu_230             |
|          |             write_ln0_write_fu_238             |
|          |             write_ln0_write_fu_246             |
|          |             write_ln0_write_fu_254             |
|----------|------------------------------------------------|
|   Total  |                                                |
|----------|------------------------------------------------|

Memories:
N/A

* Register list:
N/A

* Multiplexer (MUX) list: 
|--------|------|------|------|--------|
|  Comp  |  Pin | Size |  BW  | S x BW |
|--------|------|------|------|--------|
|  Total |      |      |      |    0   |
|--------|------|------|------|--------|



* Summary:
+-----------+
|           |
+-----------+
|  Function |
|   Memory  |
|Multiplexer|
|  Register |
+-----------+
|   Total   |
+-----------+
