

================================================================
== Vitis HLS Report for 'MultiPixStream2AXIvideo'
================================================================
* Date:           Mon Apr 27 12:26:45 2026

* Version:        2024.2 (Build 5238294 on Nov  8 2024)
* Project:        prj
* Solution:       sol (Vivado IP Flow Target)
* Product family: zynquplus
* Target device:  xck26-sfvc784-2LV-c


================================================================
== Performance Estimates
================================================================
+ Timing: 
    * Summary: 
    +--------+---------+----------+------------+
    |  Clock |  Target | Estimated| Uncertainty|
    +--------+---------+----------+------------+
    |ap_clk  |  6.67 ns|  2.382 ns|     1.80 ns|
    +--------+---------+----------+------------+

+ Latency: 
    * Summary: 
    +---------+---------+-----------+-----------+-----+---------+---------+
    |  Latency (cycles) |   Latency (absolute)  |    Interval   | Pipeline|
    |   min   |   max   |    min    |    max    | min |   max   |   Type  |
    +---------+---------+-----------+-----------+-----+---------+---------+
    |        2|  4158002|  13.334 ns|  27.721 ms|    2|  4158002|       no|
    +---------+---------+-----------+-----------+-----+---------+---------+

    + Detail: 
        * Instance: 
        +---------------------------------------------------------------+----------------------------------------------------+---------+---------+-----------+-----------+-----+------+------------------------------------------------+
        |                                                               |                                                    |  Latency (cycles) |   Latency (absolute)  |  Interval  |                    Pipeline                    |
        |                            Instance                           |                       Module                       |   min   |   max   |    min    |    max    | min |  max |                      Type                      |
        +---------------------------------------------------------------+----------------------------------------------------+---------+---------+-----------+-----------+-----+------+------------------------------------------------+
        |grp_MultiPixStream2AXIvideo_Pipeline_VITIS_LOOP_3233_3_fu_102  |MultiPixStream2AXIvideo_Pipeline_VITIS_LOOP_3233_3  |        3|     1923|  20.001 ns|  12.821 us|    1|  1921|  loop auto-rewind stp (delay=0 clock cycles(s))|
        |grp_reg_unsigned_short_1_fu_126                                |reg_unsigned_short_1                                |        1|        1|   6.667 ns|   6.667 ns|    1|     1|                                             yes|
        |grp_reg_unsigned_short_1_fu_132                                |reg_unsigned_short_1                                |        1|        1|   6.667 ns|   6.667 ns|    1|     1|                                             yes|
        +---------------------------------------------------------------+----------------------------------------------------+---------+---------+-----------+-----------+-----+------+------------------------------------------------+

        * Loop: 
        +---------------------+---------+---------+----------+-----------+-----------+----------+----------+
        |                     |  Latency (cycles) | Iteration|  Initiation Interval  |   Trip   |          |
        |      Loop Name      |   min   |   max   |  Latency |  achieved |   target  |   Count  | Pipelined|
        +---------------------+---------+---------+----------+-----------+-----------+----------+----------+
        |- VITIS_LOOP_3231_2  |        0|  4158000|  5 ~ 1925|          -|          -|  0 ~ 2160|        no|
        +---------------------+---------+---------+----------+-----------+-----------+----------+----------+

============================================================
+ Verbose Summary: Synthesis Manager
============================================================
InlineROM: 1
ExposeGlobal: 0
============================================================
+ Verbose Summary: CDFG Model
============================================================
IsTopModel: 0
ResetActiveHigh: 1
IsCombinational: 2
IsDatapathOnly: 0
HasWiredReturn: 1
HasMFsm: 0
HasVarLatency: 1
IsPipeline: 0
IsRtlPipelined: 0
IsInstanceOverlapped: 0
IsDontTouch: 0
HasImplIP: 0
IsGatedGlobalClock: 0


============================================================
+ Verbose Summary: Schedule
============================================================
* Number of FSM states : 4
* Pipeline : 0
* Dataflow Pipeline: 0

* FSM state transitions: 
1 --> 2 
2 --> 3 
3 --> 4 
4 --> 3 

* FSM state operations: 

State 1 <SV = 0> <Delay = 0.42>
ST_1 : Operation 5 [1/1] (0.00ns)   --->   "%i = alloca i32 1" [/home/izaan/GitRepos/dpdma_exdes/vivado_quad_vmix/kv260_quad_vmix_dp.runs/bd_quad_vmix_dp_v_mix_0_0_synth_1/prj/sol/.autopilot/db/v_mix.cpp:3231]   --->   Operation 5 'alloca' 'i' <Predicate = true> <Delay = 0.00>
ST_1 : Operation 6 [1/1] (0.00ns)   --->   "%WidthOut_read = read i12 @_ssdm_op_Read.ap_auto.i12, i12 %WidthOut"   --->   Operation 6 'read' 'WidthOut_read' <Predicate = true> <Delay = 0.00>
ST_1 : Operation 7 [1/1] (0.00ns)   --->   "%Height_read = read i12 @_ssdm_op_Read.ap_auto.i12, i12 %Height"   --->   Operation 7 'read' 'Height_read' <Predicate = true> <Delay = 0.00>
ST_1 : Operation 8 [2/2] (0.00ns)   --->   "%rows = call i12 @reg<unsigned short>1, i12 %Height_read" [/home/izaan/GitRepos/dpdma_exdes/vivado_quad_vmix/kv260_quad_vmix_dp.runs/bd_quad_vmix_dp_v_mix_0_0_synth_1/prj/sol/.autopilot/db/v_mix.cpp:3182]   --->   Operation 8 'call' 'rows' <Predicate = true> <Delay = 0.00> <CoreType = "Generic">   --->   Generic Core
ST_1 : Operation 9 [2/2] (0.00ns)   --->   "%cols = call i12 @reg<unsigned short>1, i12 %WidthOut_read" [/home/izaan/GitRepos/dpdma_exdes/vivado_quad_vmix/kv260_quad_vmix_dp.runs/bd_quad_vmix_dp_v_mix_0_0_synth_1/prj/sol/.autopilot/db/v_mix.cpp:3183]   --->   Operation 9 'call' 'cols' <Predicate = true> <Delay = 0.00> <CoreType = "Generic">   --->   Generic Core
ST_1 : Operation 10 [1/1] (0.42ns)   --->   "%store_ln3231 = store i12 0, i12 %i" [/home/izaan/GitRepos/dpdma_exdes/vivado_quad_vmix/kv260_quad_vmix_dp.runs/bd_quad_vmix_dp_v_mix_0_0_synth_1/prj/sol/.autopilot/db/v_mix.cpp:3231]   --->   Operation 10 'store' 'store_ln3231' <Predicate = true> <Delay = 0.42>

State 2 <SV = 1> <Delay = 0.79>
ST_2 : Operation 11 [1/1] (0.00ns)   --->   "%specaxissidechannel_ln0 = specaxissidechannel void @_ssdm_op_SpecAXISSideChannel, i48 %m_axis_video_V_data_V, i6 %m_axis_video_V_keep_V, i6 %m_axis_video_V_strb_V, i1 %m_axis_video_V_user_V, i1 %m_axis_video_V_last_V, i1 %m_axis_video_V_id_V, i1 %m_axis_video_V_dest_V, void @empty_52"   --->   Operation 11 'specaxissidechannel' 'specaxissidechannel_ln0' <Predicate = true> <Delay = 0.00>
ST_2 : Operation 12 [1/1] (0.00ns)   --->   "%specstablecontent_ln0 = specstablecontent void @_ssdm_op_SpecStableContent, i12 %Height, void "   --->   Operation 12 'specstablecontent' 'specstablecontent_ln0' <Predicate = true> <Delay = 0.00>
ST_2 : Operation 13 [1/1] (0.00ns)   --->   "%specstablecontent_ln0 = specstablecontent void @_ssdm_op_SpecStableContent, i12 %WidthOut, void "   --->   Operation 13 'specstablecontent' 'specstablecontent_ln0' <Predicate = true> <Delay = 0.00>
ST_2 : Operation 14 [1/1] (0.00ns)   --->   "%specinterface_ln0 = specinterface void @_ssdm_op_SpecInterface, i48 %out420, void @empty_17, i32 0, i32 0, void @empty_54, i32 0, i32 0, void @empty_54, void @empty_54, void @empty_54, i32 0, i32 0, i32 0, i32 0, void @empty_54, void @empty_54, i32 4294967295, i32 0, i32 0"   --->   Operation 14 'specinterface' 'specinterface_ln0' <Predicate = true> <Delay = 0.00>
ST_2 : Operation 15 [1/1] (0.00ns)   --->   "%specinterface_ln0 = specinterface void @_ssdm_op_SpecInterface, i48 %m_axis_video_V_data_V, i6 %m_axis_video_V_keep_V, i6 %m_axis_video_V_strb_V, i1 %m_axis_video_V_user_V, i1 %m_axis_video_V_last_V, i1 %m_axis_video_V_id_V, i1 %m_axis_video_V_dest_V, void @empty_45, i32 0, i32 0, void @empty_53, i32 0, i32 0, void @empty_54, void @empty_54, void @empty_54, i32 0, i32 0, i32 0, i32 0, void @empty_54, void @empty_54, i32 4294967295, i32 0, i32 0"   --->   Operation 15 'specinterface' 'specinterface_ln0' <Predicate = true> <Delay = 0.00>
ST_2 : Operation 16 [1/2] (0.00ns)   --->   "%rows = call i12 @reg<unsigned short>1, i12 %Height_read" [/home/izaan/GitRepos/dpdma_exdes/vivado_quad_vmix/kv260_quad_vmix_dp.runs/bd_quad_vmix_dp_v_mix_0_0_synth_1/prj/sol/.autopilot/db/v_mix.cpp:3182]   --->   Operation 16 'call' 'rows' <Predicate = true> <Delay = 0.00> <CoreType = "Generic">   --->   Generic Core
ST_2 : Operation 17 [1/2] (0.00ns)   --->   "%cols = call i12 @reg<unsigned short>1, i12 %WidthOut_read" [/home/izaan/GitRepos/dpdma_exdes/vivado_quad_vmix/kv260_quad_vmix_dp.runs/bd_quad_vmix_dp_v_mix_0_0_synth_1/prj/sol/.autopilot/db/v_mix.cpp:3183]   --->   Operation 17 'call' 'cols' <Predicate = true> <Delay = 0.00> <CoreType = "Generic">   --->   Generic Core
ST_2 : Operation 18 [1/1] (0.00ns)   --->   "%div = partselect i11 @_ssdm_op_PartSelect.i11.i12.i32.i32, i12 %cols, i32 1, i32 11" [/home/izaan/GitRepos/dpdma_exdes/vivado_quad_vmix/kv260_quad_vmix_dp.runs/bd_quad_vmix_dp_v_mix_0_0_synth_1/prj/sol/.autopilot/db/v_mix.cpp:3183]   --->   Operation 18 'partselect' 'div' <Predicate = true> <Delay = 0.00>
ST_2 : Operation 19 [1/1] (0.00ns)   --->   "%div_cast = zext i11 %div" [/home/izaan/GitRepos/dpdma_exdes/vivado_quad_vmix/kv260_quad_vmix_dp.runs/bd_quad_vmix_dp_v_mix_0_0_synth_1/prj/sol/.autopilot/db/v_mix.cpp:3183]   --->   Operation 19 'zext' 'div_cast' <Predicate = true> <Delay = 0.00>
ST_2 : Operation 20 [1/1] (0.79ns)   --->   "%sub = add i12 %div_cast, i12 4095" [/home/izaan/GitRepos/dpdma_exdes/vivado_quad_vmix/kv260_quad_vmix_dp.runs/bd_quad_vmix_dp_v_mix_0_0_synth_1/prj/sol/.autopilot/db/v_mix.cpp:3183]   --->   Operation 20 'add' 'sub' <Predicate = true> <Delay = 0.79> <CoreInst = "Adder">   --->   Core 1 'Adder' <Latency = 0> <II = 1> <Delay = 0.79> <FuncUnit> <Opcode : 'add' 'sub'> <InPorts = 2> <OutPorts = 1>
ST_2 : Operation 21 [1/1] (0.79ns)   --->   "%icmp_ln3231 = icmp_eq  i11 %div, i11 0" [/home/izaan/GitRepos/dpdma_exdes/vivado_quad_vmix/kv260_quad_vmix_dp.runs/bd_quad_vmix_dp_v_mix_0_0_synth_1/prj/sol/.autopilot/db/v_mix.cpp:3231]   --->   Operation 21 'icmp' 'icmp_ln3231' <Predicate = true> <Delay = 0.79> <CoreInst = "Cmp">   --->   Core 9 'Cmp' <Latency = 0> <II = 1> <Delay = 0.79> <FuncUnit> <Opcode : 'seteq' 'setne' 'setle' 'setge' 'setlt' 'setgt'> <InPorts = 2> <OutPorts = 1>
ST_2 : Operation 22 [1/1] (0.42ns)   --->   "%br_ln3231 = br void %VITIS_LOOP_3233_3" [/home/izaan/GitRepos/dpdma_exdes/vivado_quad_vmix/kv260_quad_vmix_dp.runs/bd_quad_vmix_dp_v_mix_0_0_synth_1/prj/sol/.autopilot/db/v_mix.cpp:3231]   --->   Operation 22 'br' 'br_ln3231' <Predicate = true> <Delay = 0.42>

State 3 <SV = 2> <Delay = 2.03>
ST_3 : Operation 23 [1/1] (0.00ns)   --->   "%sof = phi i1 1, void %entry, i1 %and_ln3231, void %VITIS_LOOP_3233_3.split" [/home/izaan/GitRepos/dpdma_exdes/vivado_quad_vmix/kv260_quad_vmix_dp.runs/bd_quad_vmix_dp_v_mix_0_0_synth_1/prj/sol/.autopilot/db/v_mix.cpp:3231]   --->   Operation 23 'phi' 'sof' <Predicate = true> <Delay = 0.00>
ST_3 : Operation 24 [1/1] (0.00ns)   --->   "%i_1 = load i12 %i" [/home/izaan/GitRepos/dpdma_exdes/vivado_quad_vmix/kv260_quad_vmix_dp.runs/bd_quad_vmix_dp_v_mix_0_0_synth_1/prj/sol/.autopilot/db/v_mix.cpp:3231]   --->   Operation 24 'load' 'i_1' <Predicate = true> <Delay = 0.00>
ST_3 : Operation 25 [1/1] (0.80ns)   --->   "%icmp_ln3231_1 = icmp_eq  i12 %i_1, i12 %rows" [/home/izaan/GitRepos/dpdma_exdes/vivado_quad_vmix/kv260_quad_vmix_dp.runs/bd_quad_vmix_dp_v_mix_0_0_synth_1/prj/sol/.autopilot/db/v_mix.cpp:3231]   --->   Operation 25 'icmp' 'icmp_ln3231_1' <Predicate = true> <Delay = 0.80> <CoreInst = "Cmp">   --->   Core 9 'Cmp' <Latency = 0> <II = 1> <Delay = 0.80> <FuncUnit> <Opcode : 'seteq' 'setne' 'setle' 'setge' 'setlt' 'setgt'> <InPorts = 2> <OutPorts = 1>
ST_3 : Operation 26 [1/1] (0.00ns)   --->   "%speclooptripcount_ln0 = speclooptripcount void @_ssdm_op_SpecLoopTripCount, i64 0, i64 2160, i64 0"   --->   Operation 26 'speclooptripcount' 'speclooptripcount_ln0' <Predicate = true> <Delay = 0.00>
ST_3 : Operation 27 [1/1] (0.80ns)   --->   "%i_2 = add i12 %i_1, i12 1" [/home/izaan/GitRepos/dpdma_exdes/vivado_quad_vmix/kv260_quad_vmix_dp.runs/bd_quad_vmix_dp_v_mix_0_0_synth_1/prj/sol/.autopilot/db/v_mix.cpp:3231]   --->   Operation 27 'add' 'i_2' <Predicate = true> <Delay = 0.80> <CoreInst = "Adder">   --->   Core 1 'Adder' <Latency = 0> <II = 1> <Delay = 0.80> <FuncUnit> <Opcode : 'add' 'sub'> <InPorts = 2> <OutPorts = 1>
ST_3 : Operation 28 [1/1] (0.00ns)   --->   "%br_ln3231 = br i1 %icmp_ln3231_1, void %VITIS_LOOP_3233_3.split, void %for.end92.loopexit" [/home/izaan/GitRepos/dpdma_exdes/vivado_quad_vmix/kv260_quad_vmix_dp.runs/bd_quad_vmix_dp_v_mix_0_0_synth_1/prj/sol/.autopilot/db/v_mix.cpp:3231]   --->   Operation 28 'br' 'br_ln3231' <Predicate = true> <Delay = 0.00>
ST_3 : Operation 29 [2/2] (1.22ns)   --->   "%call_ln3231 = call void @MultiPixStream2AXIvideo_Pipeline_VITIS_LOOP_3233_3, i1 %sof, i11 %div, i12 %sub, i48 %out420, i48 %m_axis_video_V_data_V, i6 %m_axis_video_V_keep_V, i6 %m_axis_video_V_strb_V, i1 %m_axis_video_V_user_V, i1 %m_axis_video_V_last_V, i1 %m_axis_video_V_id_V, i1 %m_axis_video_V_dest_V" [/home/izaan/GitRepos/dpdma_exdes/vivado_quad_vmix/kv260_quad_vmix_dp.runs/bd_quad_vmix_dp_v_mix_0_0_synth_1/prj/sol/.autopilot/db/v_mix.cpp:3231]   --->   Operation 29 'call' 'call_ln3231' <Predicate = (!icmp_ln3231_1)> <Delay = 1.22> <CoreType = "Generic">   --->   Generic Core
ST_3 : Operation 30 [1/1] (0.28ns)   --->   "%and_ln3231 = and i1 %icmp_ln3231, i1 %sof" [/home/izaan/GitRepos/dpdma_exdes/vivado_quad_vmix/kv260_quad_vmix_dp.runs/bd_quad_vmix_dp_v_mix_0_0_synth_1/prj/sol/.autopilot/db/v_mix.cpp:3231]   --->   Operation 30 'and' 'and_ln3231' <Predicate = (!icmp_ln3231_1)> <Delay = 0.28> <CoreInst = "LogicGate">   --->   Core 74 'LogicGate' <Latency = 0> <II = 1> <Delay = 0.28> <FuncUnit> <Opcode : 'and' 'or' 'xor'> <InPorts = 2> <OutPorts = 1>
ST_3 : Operation 31 [1/1] (0.42ns)   --->   "%store_ln3231 = store i12 %i_2, i12 %i" [/home/izaan/GitRepos/dpdma_exdes/vivado_quad_vmix/kv260_quad_vmix_dp.runs/bd_quad_vmix_dp_v_mix_0_0_synth_1/prj/sol/.autopilot/db/v_mix.cpp:3231]   --->   Operation 31 'store' 'store_ln3231' <Predicate = (!icmp_ln3231_1)> <Delay = 0.42>
ST_3 : Operation 32 [1/1] (0.00ns)   --->   "%ret_ln0 = ret"   --->   Operation 32 'ret' 'ret_ln0' <Predicate = (icmp_ln3231_1)> <Delay = 0.00>

State 4 <SV = 3> <Delay = 2.38>
ST_4 : Operation 33 [1/1] (0.00ns)   --->   "%specloopname_ln3231 = specloopname void @_ssdm_op_SpecLoopName, void @empty" [/home/izaan/GitRepos/dpdma_exdes/vivado_quad_vmix/kv260_quad_vmix_dp.runs/bd_quad_vmix_dp_v_mix_0_0_synth_1/prj/sol/.autopilot/db/v_mix.cpp:3231]   --->   Operation 33 'specloopname' 'specloopname_ln3231' <Predicate = true> <Delay = 0.00>
ST_4 : Operation 34 [1/2] (2.38ns)   --->   "%call_ln3231 = call void @MultiPixStream2AXIvideo_Pipeline_VITIS_LOOP_3233_3, i1 %sof, i11 %div, i12 %sub, i48 %out420, i48 %m_axis_video_V_data_V, i6 %m_axis_video_V_keep_V, i6 %m_axis_video_V_strb_V, i1 %m_axis_video_V_user_V, i1 %m_axis_video_V_last_V, i1 %m_axis_video_V_id_V, i1 %m_axis_video_V_dest_V" [/home/izaan/GitRepos/dpdma_exdes/vivado_quad_vmix/kv260_quad_vmix_dp.runs/bd_quad_vmix_dp_v_mix_0_0_synth_1/prj/sol/.autopilot/db/v_mix.cpp:3231]   --->   Operation 34 'call' 'call_ln3231' <Predicate = true> <Delay = 2.38> <CoreType = "Generic">   --->   Generic Core
ST_4 : Operation 35 [1/1] (0.00ns)   --->   "%br_ln3231 = br void %VITIS_LOOP_3233_3" [/home/izaan/GitRepos/dpdma_exdes/vivado_quad_vmix/kv260_quad_vmix_dp.runs/bd_quad_vmix_dp_v_mix_0_0_synth_1/prj/sol/.autopilot/db/v_mix.cpp:3231]   --->   Operation 35 'br' 'br_ln3231' <Predicate = true> <Delay = 0.00>


============================================================
+ Verbose Summary: Binding
============================================================
STG Binding: 
---------------- STG Properties BEGIN ----------------
- Is combinational: 0
- Is one-state seq: 0
- Is datapath-only: 0
- Is pipelined: 0
- Is top level: 0
Port [ Return ] is wired: 1; IO mode=ap_ctrl_hs:ce=0
Port [ out420]:  wired=1; compound=1; hidden=0; nouse=0; global=0; static=0; extern=0; dir=0; type=3; pingpong=0; private_global=0; IO mode=ap_fifo:ce=0
Port [ m_axis_video_V_data_V]:  wired=1; compound=1; hidden=0; nouse=0; global=0; static=0; extern=0; dir=1; type=0; pingpong=0; private_global=0; IO mode=axis:ce=0
Port [ m_axis_video_V_keep_V]:  wired=1; compound=1; hidden=0; nouse=0; global=0; static=0; extern=0; dir=1; type=0; pingpong=0; private_global=0; IO mode=axis:ce=0
Port [ m_axis_video_V_strb_V]:  wired=1; compound=1; hidden=0; nouse=0; global=0; static=0; extern=0; dir=1; type=0; pingpong=0; private_global=0; IO mode=axis:ce=0
Port [ m_axis_video_V_user_V]:  wired=1; compound=1; hidden=0; nouse=0; global=0; static=0; extern=0; dir=1; type=0; pingpong=0; private_global=0; IO mode=axis:ce=0
Port [ m_axis_video_V_last_V]:  wired=1; compound=1; hidden=0; nouse=0; global=0; static=0; extern=0; dir=1; type=0; pingpong=0; private_global=0; IO mode=axis:ce=0
Port [ m_axis_video_V_id_V]:  wired=1; compound=1; hidden=0; nouse=0; global=0; static=0; extern=0; dir=1; type=0; pingpong=0; private_global=0; IO mode=axis:ce=0
Port [ m_axis_video_V_dest_V]:  wired=1; compound=1; hidden=0; nouse=0; global=0; static=0; extern=0; dir=1; type=0; pingpong=0; private_global=0; IO mode=axis:ce=0
Port [ Height]:  wired=1; compound=0; hidden=0; nouse=0; global=0; static=0; extern=0; dir=0; type=0; pingpong=0; private_global=0; IO mode=ap_stable:ce=0
Port [ WidthOut]:  wired=1; compound=0; hidden=0; nouse=0; global=0; static=0; extern=0; dir=0; type=0; pingpong=0; private_global=0; IO mode=ap_stable:ce=0
---------------- STG Properties END ------------------

---------------- Datapath Model BEGIN ----------------

<LifeTime>
<method=bitvector/>
i                       (alloca             ) [ 01111]
WidthOut_read           (read               ) [ 00100]
Height_read             (read               ) [ 00100]
store_ln3231            (store              ) [ 00000]
specaxissidechannel_ln0 (specaxissidechannel) [ 00000]
specstablecontent_ln0   (specstablecontent  ) [ 00000]
specstablecontent_ln0   (specstablecontent  ) [ 00000]
specinterface_ln0       (specinterface      ) [ 00000]
specinterface_ln0       (specinterface      ) [ 00000]
rows                    (call               ) [ 00011]
cols                    (call               ) [ 00000]
div                     (partselect         ) [ 00011]
div_cast                (zext               ) [ 00000]
sub                     (add                ) [ 00011]
icmp_ln3231             (icmp               ) [ 00011]
br_ln3231               (br                 ) [ 00111]
sof                     (phi                ) [ 00011]
i_1                     (load               ) [ 00000]
icmp_ln3231_1           (icmp               ) [ 00011]
speclooptripcount_ln0   (speclooptripcount  ) [ 00000]
i_2                     (add                ) [ 00000]
br_ln3231               (br                 ) [ 00000]
and_ln3231              (and                ) [ 00111]
store_ln3231            (store              ) [ 00000]
ret_ln0                 (ret                ) [ 00000]
specloopname_ln3231     (specloopname       ) [ 00000]
call_ln3231             (call               ) [ 00000]
br_ln3231               (br                 ) [ 00111]
</LifeTime>

<model>

<comp_list>
<comp id="0" class="1000" name="out420">
<pin_list>
<pin id="1" dir="1" index="0" bw="1" slack="0"/>
</pin_list>
<bind>
<StgValue><ssdm name="out420"/></StgValue>
</bind>
</comp>

<comp id="2" class="1000" name="m_axis_video_V_data_V">
<pin_list>
<pin id="3" dir="1" index="0" bw="1" slack="0"/>
</pin_list>
<bind>
<StgValue><ssdm name="m_axis_video_V_data_V"/></StgValue>
</bind>
</comp>

<comp id="4" class="1000" name="m_axis_video_V_keep_V">
<pin_list>
<pin id="5" dir="1" index="0" bw="1" slack="0"/>
</pin_list>
<bind>
<StgValue><ssdm name="m_axis_video_V_keep_V"/></StgValue>
</bind>
</comp>

<comp id="6" class="1000" name="m_axis_video_V_strb_V">
<pin_list>
<pin id="7" dir="1" index="0" bw="1" slack="0"/>
</pin_list>
<bind>
<StgValue><ssdm name="m_axis_video_V_strb_V"/></StgValue>
</bind>
</comp>

<comp id="8" class="1000" name="m_axis_video_V_user_V">
<pin_list>
<pin id="9" dir="1" index="0" bw="1" slack="0"/>
</pin_list>
<bind>
<StgValue><ssdm name="m_axis_video_V_user_V"/></StgValue>
</bind>
</comp>

<comp id="10" class="1000" name="m_axis_video_V_last_V">
<pin_list>
<pin id="11" dir="1" index="0" bw="1" slack="0"/>
</pin_list>
<bind>
<StgValue><ssdm name="m_axis_video_V_last_V"/></StgValue>
</bind>
</comp>

<comp id="12" class="1000" name="m_axis_video_V_id_V">
<pin_list>
<pin id="13" dir="1" index="0" bw="1" slack="0"/>
</pin_list>
<bind>
<StgValue><ssdm name="m_axis_video_V_id_V"/></StgValue>
</bind>
</comp>

<comp id="14" class="1000" name="m_axis_video_V_dest_V">
<pin_list>
<pin id="15" dir="1" index="0" bw="1" slack="0"/>
</pin_list>
<bind>
<StgValue><ssdm name="m_axis_video_V_dest_V"/></StgValue>
</bind>
</comp>

<comp id="16" class="1000" name="Height">
<pin_list>
<pin id="17" dir="1" index="0" bw="1" slack="0"/>
</pin_list>
<bind>
<StgValue><ssdm name="Height"/></StgValue>
</bind>
</comp>

<comp id="18" class="1000" name="WidthOut">
<pin_list>
<pin id="19" dir="1" index="0" bw="1" slack="0"/>
</pin_list>
<bind>
<StgValue><ssdm name="WidthOut"/></StgValue>
</bind>
</comp>

<comp id="20" class="1001" name="const_20">
<pin_list>
<pin id="21" dir="1" index="0" bw="1" slack="0"/>
</pin_list>
<bind>
<StgValue><ssdm name=""/></StgValue>
</bind>
</comp>

<comp id="22" class="1001" name="const_22">
<pin_list>
<pin id="23" dir="1" index="0" bw="1" slack="0"/>
</pin_list>
<bind>
<StgValue><ssdm name="_ssdm_op_Read.ap_auto.i12"/></StgValue>
</bind>
</comp>

<comp id="24" class="1001" name="const_24">
<pin_list>
<pin id="25" dir="1" index="0" bw="1" slack="0"/>
</pin_list>
<bind>
<StgValue><ssdm name="reg<unsigned short>1"/></StgValue>
</bind>
</comp>

<comp id="26" class="1001" name="const_26">
<pin_list>
<pin id="27" dir="1" index="0" bw="1" slack="0"/>
</pin_list>
<bind>
<StgValue><ssdm name=""/></StgValue>
</bind>
</comp>

<comp id="28" class="1001" name="const_28">
<pin_list>
<pin id="29" dir="1" index="0" bw="1" slack="2147483647"/>
</pin_list>
<bind>
<StgValue><ssdm name="_ssdm_op_SpecAXISSideChannel"/></StgValue>
</bind>
</comp>

<comp id="30" class="1001" name="const_30">
<pin_list>
<pin id="31" dir="1" index="0" bw="1" slack="2147483647"/>
</pin_list>
<bind>
<StgValue><ssdm name="empty_52"/></StgValue>
</bind>
</comp>

<comp id="32" class="1001" name="const_32">
<pin_list>
<pin id="33" dir="1" index="0" bw="1" slack="2147483647"/>
</pin_list>
<bind>
<StgValue><ssdm name="_ssdm_op_SpecStableContent"/></StgValue>
</bind>
</comp>

<comp id="34" class="1001" name="const_34">
<pin_list>
<pin id="35" dir="1" index="0" bw="1" slack="2147483647"/>
</pin_list>
<bind>
<StgValue><ssdm name=""/></StgValue>
</bind>
</comp>

<comp id="36" class="1001" name="const_36">
<pin_list>
<pin id="37" dir="1" index="0" bw="1" slack="2147483647"/>
</pin_list>
<bind>
<StgValue><ssdm name="_ssdm_op_SpecInterface"/></StgValue>
</bind>
</comp>

<comp id="38" class="1001" name="const_38">
<pin_list>
<pin id="39" dir="1" index="0" bw="1" slack="2147483647"/>
</pin_list>
<bind>
<StgValue><ssdm name="empty_17"/></StgValue>
</bind>
</comp>

<comp id="40" class="1001" name="const_40">
<pin_list>
<pin id="41" dir="1" index="0" bw="1" slack="2147483647"/>
</pin_list>
<bind>
<StgValue><ssdm name=""/></StgValue>
</bind>
</comp>

<comp id="42" class="1001" name="const_42">
<pin_list>
<pin id="43" dir="1" index="0" bw="1" slack="2147483647"/>
</pin_list>
<bind>
<StgValue><ssdm name="empty_54"/></StgValue>
</bind>
</comp>

<comp id="44" class="1001" name="const_44">
<pin_list>
<pin id="45" dir="1" index="0" bw="1" slack="2147483647"/>
</pin_list>
<bind>
<StgValue><ssdm name=""/></StgValue>
</bind>
</comp>

<comp id="46" class="1001" name="const_46">
<pin_list>
<pin id="47" dir="1" index="0" bw="1" slack="2147483647"/>
</pin_list>
<bind>
<StgValue><ssdm name="empty_45"/></StgValue>
</bind>
</comp>

<comp id="48" class="1001" name="const_48">
<pin_list>
<pin id="49" dir="1" index="0" bw="1" slack="2147483647"/>
</pin_list>
<bind>
<StgValue><ssdm name="empty_53"/></StgValue>
</bind>
</comp>

<comp id="50" class="1001" name="const_50">
<pin_list>
<pin id="51" dir="1" index="0" bw="1" slack="0"/>
</pin_list>
<bind>
<StgValue><ssdm name="_ssdm_op_PartSelect.i11.i12.i32.i32"/></StgValue>
</bind>
</comp>

<comp id="52" class="1001" name="const_52">
<pin_list>
<pin id="53" dir="1" index="0" bw="1" slack="0"/>
</pin_list>
<bind>
<StgValue><ssdm name=""/></StgValue>
</bind>
</comp>

<comp id="54" class="1001" name="const_54">
<pin_list>
<pin id="55" dir="1" index="0" bw="1" slack="0"/>
</pin_list>
<bind>
<StgValue><ssdm name=""/></StgValue>
</bind>
</comp>

<comp id="56" class="1001" name="const_56">
<pin_list>
<pin id="57" dir="1" index="0" bw="1" slack="0"/>
</pin_list>
<bind>
<StgValue><ssdm name=""/></StgValue>
</bind>
</comp>

<comp id="58" class="1001" name="const_58">
<pin_list>
<pin id="59" dir="1" index="0" bw="1" slack="1"/>
</pin_list>
<bind>
<StgValue><ssdm name=""/></StgValue>
</bind>
</comp>

<comp id="60" class="1001" name="const_60">
<pin_list>
<pin id="61" dir="1" index="0" bw="1" slack="2147483647"/>
</pin_list>
<bind>
<StgValue><ssdm name="_ssdm_op_SpecLoopTripCount"/></StgValue>
</bind>
</comp>

<comp id="62" class="1001" name="const_62">
<pin_list>
<pin id="63" dir="1" index="0" bw="1" slack="2147483647"/>
</pin_list>
<bind>
<StgValue><ssdm name=""/></StgValue>
</bind>
</comp>

<comp id="64" class="1001" name="const_64">
<pin_list>
<pin id="65" dir="1" index="0" bw="1" slack="2147483647"/>
</pin_list>
<bind>
<StgValue><ssdm name=""/></StgValue>
</bind>
</comp>

<comp id="66" class="1001" name="const_66">
<pin_list>
<pin id="67" dir="1" index="0" bw="1" slack="0"/>
</pin_list>
<bind>
<StgValue><ssdm name=""/></StgValue>
</bind>
</comp>

<comp id="68" class="1001" name="const_68">
<pin_list>
<pin id="69" dir="1" index="0" bw="1" slack="0"/>
</pin_list>
<bind>
<StgValue><ssdm name="MultiPixStream2AXIvideo_Pipeline_VITIS_LOOP_3233_3"/></StgValue>
</bind>
</comp>

<comp id="70" class="1001" name="const_70">
<pin_list>
<pin id="71" dir="1" index="0" bw="1" slack="2147483647"/>
</pin_list>
<bind>
<StgValue><ssdm name="_ssdm_op_SpecLoopName"/></StgValue>
</bind>
</comp>

<comp id="72" class="1001" name="const_72">
<pin_list>
<pin id="73" dir="1" index="0" bw="1" slack="2147483647"/>
</pin_list>
<bind>
<StgValue><ssdm name="empty"/></StgValue>
</bind>
</comp>

<comp id="74" class="1004" name="i_fu_74">
<pin_list>
<pin id="75" dir="0" index="0" bw="1" slack="0"/>
<pin id="76" dir="1" index="1" bw="12" slack="0"/>
</pin_list>
<bind>
<opcode="alloca(26) " fcode="alloca"/>
<opset="i/1 "/>
</bind>
</comp>

<comp id="78" class="1004" name="WidthOut_read_read_fu_78">
<pin_list>
<pin id="79" dir="0" index="0" bw="12" slack="0"/>
<pin id="80" dir="0" index="1" bw="12" slack="0"/>
<pin id="81" dir="1" index="2" bw="12" slack="0"/>
</pin_list>
<bind>
<opcode="read(1150) " fcode="read"/>
<opset="WidthOut_read/1 "/>
</bind>
</comp>

<comp id="84" class="1004" name="Height_read_read_fu_84">
<pin_list>
<pin id="85" dir="0" index="0" bw="12" slack="0"/>
<pin id="86" dir="0" index="1" bw="12" slack="0"/>
<pin id="87" dir="1" index="2" bw="12" slack="0"/>
</pin_list>
<bind>
<opcode="read(1150) " fcode="read"/>
<opset="Height_read/1 "/>
</bind>
</comp>

<comp id="90" class="1005" name="sof_reg_90">
<pin_list>
<pin id="91" dir="0" index="0" bw="1" slack="1"/>
<pin id="92" dir="1" index="1" bw="1" slack="1"/>
</pin_list>
<bind>
<opset="sof (phireg) "/>
</bind>
</comp>

<comp id="94" class="1004" name="sof_phi_fu_94">
<pin_list>
<pin id="95" dir="0" index="0" bw="1" slack="1"/>
<pin id="96" dir="0" index="1" bw="0" slack="2147483647"/>
<pin id="97" dir="0" index="2" bw="1" slack="0"/>
<pin id="98" dir="0" index="3" bw="0" slack="2147483647"/>
<pin id="99" dir="1" index="4" bw="1" slack="0"/>
</pin_list>
<bind>
<opcode="phi(47) " fcode="phi"/>
<opset="sof/3 "/>
</bind>
</comp>

<comp id="102" class="1004" name="grp_MultiPixStream2AXIvideo_Pipeline_VITIS_LOOP_3233_3_fu_102">
<pin_list>
<pin id="103" dir="0" index="0" bw="0" slack="0"/>
<pin id="104" dir="0" index="1" bw="1" slack="0"/>
<pin id="105" dir="0" index="2" bw="11" slack="1"/>
<pin id="106" dir="0" index="3" bw="12" slack="1"/>
<pin id="107" dir="0" index="4" bw="48" slack="0"/>
<pin id="108" dir="0" index="5" bw="48" slack="0"/>
<pin id="109" dir="0" index="6" bw="6" slack="0"/>
<pin id="110" dir="0" index="7" bw="6" slack="0"/>
<pin id="111" dir="0" index="8" bw="1" slack="0"/>
<pin id="112" dir="0" index="9" bw="1" slack="0"/>
<pin id="113" dir="0" index="10" bw="1" slack="0"/>
<pin id="114" dir="0" index="11" bw="1" slack="0"/>
<pin id="115" dir="1" index="12" bw="0" slack="2147483647"/>
</pin_list>
<bind>
<opcode="call(48) " fcode="call"/>
<opset="call_ln3231/3 "/>
</bind>
</comp>

<comp id="126" class="1004" name="grp_reg_unsigned_short_1_fu_126">
<pin_list>
<pin id="127" dir="0" index="0" bw="12" slack="0"/>
<pin id="128" dir="0" index="1" bw="12" slack="0"/>
<pin id="129" dir="1" index="2" bw="12" slack="1"/>
</pin_list>
<bind>
<opcode="call(48) " fcode="call"/>
<opset="rows/1 "/>
</bind>
</comp>

<comp id="132" class="1004" name="grp_reg_unsigned_short_1_fu_132">
<pin_list>
<pin id="133" dir="0" index="0" bw="12" slack="0"/>
<pin id="134" dir="0" index="1" bw="12" slack="0"/>
<pin id="135" dir="1" index="2" bw="12" slack="0"/>
</pin_list>
<bind>
<opcode="call(48) " fcode="call"/>
<opset="cols/1 "/>
</bind>
</comp>

<comp id="138" class="1004" name="store_ln3231_store_fu_138">
<pin_list>
<pin id="139" dir="0" index="0" bw="1" slack="0"/>
<pin id="140" dir="0" index="1" bw="12" slack="0"/>
<pin id="141" dir="1" index="2" bw="0" slack="2147483647"/>
</pin_list>
<bind>
<opcode="store(28) " fcode="store"/>
<opset="store_ln3231/1 "/>
</bind>
</comp>

<comp id="143" class="1004" name="div_fu_143">
<pin_list>
<pin id="144" dir="0" index="0" bw="11" slack="0"/>
<pin id="145" dir="0" index="1" bw="12" slack="0"/>
<pin id="146" dir="0" index="2" bw="1" slack="0"/>
<pin id="147" dir="0" index="3" bw="5" slack="0"/>
<pin id="148" dir="1" index="4" bw="11" slack="0"/>
</pin_list>
<bind>
<opcode="partselect(1002) " fcode="partselect"/>
<opset="div/2 "/>
</bind>
</comp>

<comp id="153" class="1004" name="div_cast_fu_153">
<pin_list>
<pin id="154" dir="0" index="0" bw="11" slack="0"/>
<pin id="155" dir="1" index="1" bw="12" slack="0"/>
</pin_list>
<bind>
<opcode="zext(34) " fcode="zext"/>
<opset="div_cast/2 "/>
</bind>
</comp>

<comp id="157" class="1004" name="sub_fu_157">
<pin_list>
<pin id="158" dir="0" index="0" bw="11" slack="0"/>
<pin id="159" dir="0" index="1" bw="1" slack="0"/>
<pin id="160" dir="1" index="2" bw="12" slack="1"/>
</pin_list>
<bind>
<opcode="add(8) " fcode="add"/>
<opset="sub/2 "/>
</bind>
</comp>

<comp id="163" class="1004" name="icmp_ln3231_fu_163">
<pin_list>
<pin id="164" dir="0" index="0" bw="11" slack="0"/>
<pin id="165" dir="0" index="1" bw="1" slack="0"/>
<pin id="166" dir="1" index="2" bw="1" slack="1"/>
</pin_list>
<bind>
<opcode="icmp(45) " fcode="icmp"/>
<opset="icmp_ln3231/2 "/>
</bind>
</comp>

<comp id="169" class="1004" name="i_1_load_fu_169">
<pin_list>
<pin id="170" dir="0" index="0" bw="12" slack="2"/>
<pin id="171" dir="1" index="1" bw="12" slack="0"/>
</pin_list>
<bind>
<opcode="load(27) " fcode="load"/>
<opset="i_1/3 "/>
</bind>
</comp>

<comp id="172" class="1004" name="icmp_ln3231_1_fu_172">
<pin_list>
<pin id="173" dir="0" index="0" bw="12" slack="0"/>
<pin id="174" dir="0" index="1" bw="12" slack="1"/>
<pin id="175" dir="1" index="2" bw="1" slack="2147483647"/>
</pin_list>
<bind>
<opcode="icmp(45) " fcode="icmp"/>
<opset="icmp_ln3231_1/3 "/>
</bind>
</comp>

<comp id="177" class="1004" name="i_2_fu_177">
<pin_list>
<pin id="178" dir="0" index="0" bw="12" slack="0"/>
<pin id="179" dir="0" index="1" bw="1" slack="0"/>
<pin id="180" dir="1" index="2" bw="12" slack="0"/>
</pin_list>
<bind>
<opcode="add(8) " fcode="add"/>
<opset="i_2/3 "/>
</bind>
</comp>

<comp id="183" class="1004" name="and_ln3231_fu_183">
<pin_list>
<pin id="184" dir="0" index="0" bw="1" slack="1"/>
<pin id="185" dir="0" index="1" bw="1" slack="0"/>
<pin id="186" dir="1" index="2" bw="1" slack="0"/>
</pin_list>
<bind>
<opcode="and(23) " fcode="and"/>
<opset="and_ln3231/3 "/>
</bind>
</comp>

<comp id="188" class="1004" name="store_ln3231_store_fu_188">
<pin_list>
<pin id="189" dir="0" index="0" bw="12" slack="0"/>
<pin id="190" dir="0" index="1" bw="12" slack="2"/>
<pin id="191" dir="1" index="2" bw="0" slack="2147483647"/>
</pin_list>
<bind>
<opcode="store(28) " fcode="store"/>
<opset="store_ln3231/3 "/>
</bind>
</comp>

<comp id="193" class="1005" name="i_reg_193">
<pin_list>
<pin id="194" dir="0" index="0" bw="12" slack="0"/>
<pin id="195" dir="1" index="1" bw="12" slack="0"/>
</pin_list>
<bind>
<opset="i "/>
</bind>
</comp>

<comp id="200" class="1005" name="WidthOut_read_reg_200">
<pin_list>
<pin id="201" dir="0" index="0" bw="12" slack="1"/>
<pin id="202" dir="1" index="1" bw="12" slack="1"/>
</pin_list>
<bind>
<opset="WidthOut_read "/>
</bind>
</comp>

<comp id="205" class="1005" name="Height_read_reg_205">
<pin_list>
<pin id="206" dir="0" index="0" bw="12" slack="1"/>
<pin id="207" dir="1" index="1" bw="12" slack="1"/>
</pin_list>
<bind>
<opset="Height_read "/>
</bind>
</comp>

<comp id="210" class="1005" name="rows_reg_210">
<pin_list>
<pin id="211" dir="0" index="0" bw="12" slack="1"/>
<pin id="212" dir="1" index="1" bw="12" slack="1"/>
</pin_list>
<bind>
<opset="rows "/>
</bind>
</comp>

<comp id="215" class="1005" name="div_reg_215">
<pin_list>
<pin id="216" dir="0" index="0" bw="11" slack="1"/>
<pin id="217" dir="1" index="1" bw="11" slack="1"/>
</pin_list>
<bind>
<opset="div "/>
</bind>
</comp>

<comp id="220" class="1005" name="sub_reg_220">
<pin_list>
<pin id="221" dir="0" index="0" bw="12" slack="1"/>
<pin id="222" dir="1" index="1" bw="12" slack="1"/>
</pin_list>
<bind>
<opset="sub "/>
</bind>
</comp>

<comp id="225" class="1005" name="icmp_ln3231_reg_225">
<pin_list>
<pin id="226" dir="0" index="0" bw="1" slack="1"/>
<pin id="227" dir="1" index="1" bw="1" slack="1"/>
</pin_list>
<bind>
<opset="icmp_ln3231 "/>
</bind>
</comp>

<comp id="233" class="1005" name="and_ln3231_reg_233">
<pin_list>
<pin id="234" dir="0" index="0" bw="1" slack="0"/>
<pin id="235" dir="1" index="1" bw="1" slack="0"/>
</pin_list>
<bind>
<opset="and_ln3231 "/>
</bind>
</comp>

</comp_list>

<net_list>
<net id="77"><net_src comp="20" pin="0"/><net_sink comp="74" pin=0"/></net>

<net id="82"><net_src comp="22" pin="0"/><net_sink comp="78" pin=0"/></net>

<net id="83"><net_src comp="18" pin="0"/><net_sink comp="78" pin=1"/></net>

<net id="88"><net_src comp="22" pin="0"/><net_sink comp="84" pin=0"/></net>

<net id="89"><net_src comp="16" pin="0"/><net_sink comp="84" pin=1"/></net>

<net id="93"><net_src comp="58" pin="0"/><net_sink comp="90" pin=0"/></net>

<net id="100"><net_src comp="90" pin="1"/><net_sink comp="94" pin=0"/></net>

<net id="101"><net_src comp="94" pin="4"/><net_sink comp="90" pin=0"/></net>

<net id="116"><net_src comp="68" pin="0"/><net_sink comp="102" pin=0"/></net>

<net id="117"><net_src comp="94" pin="4"/><net_sink comp="102" pin=1"/></net>

<net id="118"><net_src comp="0" pin="0"/><net_sink comp="102" pin=4"/></net>

<net id="119"><net_src comp="2" pin="0"/><net_sink comp="102" pin=5"/></net>

<net id="120"><net_src comp="4" pin="0"/><net_sink comp="102" pin=6"/></net>

<net id="121"><net_src comp="6" pin="0"/><net_sink comp="102" pin=7"/></net>

<net id="122"><net_src comp="8" pin="0"/><net_sink comp="102" pin=8"/></net>

<net id="123"><net_src comp="10" pin="0"/><net_sink comp="102" pin=9"/></net>

<net id="124"><net_src comp="12" pin="0"/><net_sink comp="102" pin=10"/></net>

<net id="125"><net_src comp="14" pin="0"/><net_sink comp="102" pin=11"/></net>

<net id="130"><net_src comp="24" pin="0"/><net_sink comp="126" pin=0"/></net>

<net id="131"><net_src comp="84" pin="2"/><net_sink comp="126" pin=1"/></net>

<net id="136"><net_src comp="24" pin="0"/><net_sink comp="132" pin=0"/></net>

<net id="137"><net_src comp="78" pin="2"/><net_sink comp="132" pin=1"/></net>

<net id="142"><net_src comp="26" pin="0"/><net_sink comp="138" pin=0"/></net>

<net id="149"><net_src comp="50" pin="0"/><net_sink comp="143" pin=0"/></net>

<net id="150"><net_src comp="132" pin="2"/><net_sink comp="143" pin=1"/></net>

<net id="151"><net_src comp="20" pin="0"/><net_sink comp="143" pin=2"/></net>

<net id="152"><net_src comp="52" pin="0"/><net_sink comp="143" pin=3"/></net>

<net id="156"><net_src comp="143" pin="4"/><net_sink comp="153" pin=0"/></net>

<net id="161"><net_src comp="153" pin="1"/><net_sink comp="157" pin=0"/></net>

<net id="162"><net_src comp="54" pin="0"/><net_sink comp="157" pin=1"/></net>

<net id="167"><net_src comp="143" pin="4"/><net_sink comp="163" pin=0"/></net>

<net id="168"><net_src comp="56" pin="0"/><net_sink comp="163" pin=1"/></net>

<net id="176"><net_src comp="169" pin="1"/><net_sink comp="172" pin=0"/></net>

<net id="181"><net_src comp="169" pin="1"/><net_sink comp="177" pin=0"/></net>

<net id="182"><net_src comp="66" pin="0"/><net_sink comp="177" pin=1"/></net>

<net id="187"><net_src comp="94" pin="4"/><net_sink comp="183" pin=1"/></net>

<net id="192"><net_src comp="177" pin="2"/><net_sink comp="188" pin=0"/></net>

<net id="196"><net_src comp="74" pin="1"/><net_sink comp="193" pin=0"/></net>

<net id="197"><net_src comp="193" pin="1"/><net_sink comp="138" pin=1"/></net>

<net id="198"><net_src comp="193" pin="1"/><net_sink comp="169" pin=0"/></net>

<net id="199"><net_src comp="193" pin="1"/><net_sink comp="188" pin=1"/></net>

<net id="203"><net_src comp="78" pin="2"/><net_sink comp="200" pin=0"/></net>

<net id="204"><net_src comp="200" pin="1"/><net_sink comp="132" pin=1"/></net>

<net id="208"><net_src comp="84" pin="2"/><net_sink comp="205" pin=0"/></net>

<net id="209"><net_src comp="205" pin="1"/><net_sink comp="126" pin=1"/></net>

<net id="213"><net_src comp="126" pin="2"/><net_sink comp="210" pin=0"/></net>

<net id="214"><net_src comp="210" pin="1"/><net_sink comp="172" pin=1"/></net>

<net id="218"><net_src comp="143" pin="4"/><net_sink comp="215" pin=0"/></net>

<net id="219"><net_src comp="215" pin="1"/><net_sink comp="102" pin=2"/></net>

<net id="223"><net_src comp="157" pin="2"/><net_sink comp="220" pin=0"/></net>

<net id="224"><net_src comp="220" pin="1"/><net_sink comp="102" pin=3"/></net>

<net id="228"><net_src comp="163" pin="2"/><net_sink comp="225" pin=0"/></net>

<net id="229"><net_src comp="225" pin="1"/><net_sink comp="183" pin=0"/></net>

<net id="236"><net_src comp="183" pin="2"/><net_sink comp="233" pin=0"/></net>

<net id="237"><net_src comp="233" pin="1"/><net_sink comp="94" pin=2"/></net>

</net_list>

</model> 
---------------- Datapath Model END ------------------

* FSMD analyzer results:
  - Output states:
	Port: m_axis_video_V_data_V | {3 4 }
	Port: m_axis_video_V_keep_V | {3 4 }
	Port: m_axis_video_V_strb_V | {3 4 }
	Port: m_axis_video_V_user_V | {3 4 }
	Port: m_axis_video_V_last_V | {3 4 }
	Port: m_axis_video_V_id_V | {3 4 }
	Port: m_axis_video_V_dest_V | {3 4 }
 - Input state : 
	Port: MultiPixStream2AXIvideo : out420 | {3 4 }
	Port: MultiPixStream2AXIvideo : Height | {1 }
	Port: MultiPixStream2AXIvideo : WidthOut | {1 }
  - Chain level:
	State 1
		store_ln3231 : 1
	State 2
		div : 1
		div_cast : 2
		sub : 3
		icmp_ln3231 : 2
	State 3
		icmp_ln3231_1 : 1
		i_2 : 1
		br_ln3231 : 2
		call_ln3231 : 1
		and_ln3231 : 1
		store_ln3231 : 2
	State 4


============================================================
+ Verbose Summary: Datapath Resource usage 
============================================================

* Functional unit list:
|----------|---------------------------------------------------------------|---------|---------|
| Operation|                        Functional Unit                        |    FF   |   LUT   |
|----------|---------------------------------------------------------------|---------|---------|
|          | grp_MultiPixStream2AXIvideo_Pipeline_VITIS_LOOP_3233_3_fu_102 |    15   |    55   |
|   call   |                grp_reg_unsigned_short_1_fu_126                |    0    |    0    |
|          |                grp_reg_unsigned_short_1_fu_132                |    0    |    0    |
|----------|---------------------------------------------------------------|---------|---------|
|    add   |                           sub_fu_157                          |    0    |    18   |
|          |                           i_2_fu_177                          |    0    |    19   |
|----------|---------------------------------------------------------------|---------|---------|
|   icmp   |                       icmp_ln3231_fu_163                      |    0    |    18   |
|          |                      icmp_ln3231_1_fu_172                     |    0    |    19   |
|----------|---------------------------------------------------------------|---------|---------|
|    and   |                       and_ln3231_fu_183                       |    0    |    2    |
|----------|---------------------------------------------------------------|---------|---------|
|   read   |                    WidthOut_read_read_fu_78                   |    0    |    0    |
|          |                     Height_read_read_fu_84                    |    0    |    0    |
|----------|---------------------------------------------------------------|---------|---------|
|partselect|                           div_fu_143                          |    0    |    0    |
|----------|---------------------------------------------------------------|---------|---------|
|   zext   |                        div_cast_fu_153                        |    0    |    0    |
|----------|---------------------------------------------------------------|---------|---------|
|   Total  |                                                               |    15   |   131   |
|----------|---------------------------------------------------------------|---------|---------|

Memories:
N/A

* Register list:
+---------------------+--------+
|                     |   FF   |
+---------------------+--------+
| Height_read_reg_205 |   12   |
|WidthOut_read_reg_200|   12   |
|  and_ln3231_reg_233 |    1   |
|     div_reg_215     |   11   |
|      i_reg_193      |   12   |
| icmp_ln3231_reg_225 |    1   |
|     rows_reg_210    |   12   |
|      sof_reg_90     |    1   |
|     sub_reg_220     |   12   |
+---------------------+--------+
|        Total        |   74   |
+---------------------+--------+

* Multiplexer (MUX) list: 
|---------------------------------|------|------|------|--------||---------||---------||---------|
|               Comp              |  Pin | Size |  BW  | S x BW ||  Delay  ||    FF   ||   LUT   |
|---------------------------------|------|------|------|--------||---------||---------||---------|
|            sof_reg_90           |  p0  |   2  |   1  |    2   ||    0    ||    9    |
| grp_reg_unsigned_short_1_fu_126 |  p1  |   2  |  12  |   24   ||    0    ||    9    |
| grp_reg_unsigned_short_1_fu_132 |  p1  |   2  |  12  |   24   ||    0    ||    9    |
|---------------------------------|------|------|------|--------||---------||---------||---------|
|              Total              |      |      |      |   50   ||  1.281  ||    0    ||    27   |
|---------------------------------|------|------|------|--------||---------||---------||---------|



* Summary:
+-----------+--------+--------+--------+
|           |  Delay |   FF   |   LUT  |
+-----------+--------+--------+--------+
|  Function |    -   |   15   |   131  |
|   Memory  |    -   |    -   |    -   |
|Multiplexer|    1   |    0   |   27   |
|  Register |    -   |   74   |    -   |
+-----------+--------+--------+--------+
|   Total   |    1   |   89   |   158  |
+-----------+--------+--------+--------+
