

================================================================
== Vitis HLS Report for 'v_mix_core_alpha_false_false_21'
================================================================
* Date:           Mon Apr 27 12:26:54 2026

* Version:        2024.2 (Build 5238294 on Nov  8 2024)
* Project:        prj
* Solution:       sol (Vivado IP Flow Target)
* Product family: zynquplus
* Target device:  xck26-sfvc784-2LV-c


================================================================
== Performance Estimates
================================================================
+ Timing: 
    * Summary: 
    +--------+---------+----------+------------+
    |  Clock |  Target | Estimated| Uncertainty|
    +--------+---------+----------+------------+
    |ap_clk  |  6.67 ns|  4.103 ns|     1.80 ns|
    +--------+---------+----------+------------+

+ Latency: 
    * Summary: 
    +---------+---------+-----------+-----------+------+---------+---------+
    |  Latency (cycles) |   Latency (absolute)  |    Interval    | Pipeline|
    |   min   |   max   |    min    |    max    |  min |   max   |   Type  |
    +---------+---------+-----------+-----------+------+---------+---------+
    |     2305|  4155841|  15.367 us|  27.707 ms|  2305|  4155841|       no|
    +---------+---------+-----------+-----------+------+---------+---------+

    + Detail: 
        * Instance: 
        +----------------------------------------------------------------------+-----------------------------------------------------------+---------+---------+----------+-----------+-----+------+------------------------------------------------+
        |                                                                      |                                                           |  Latency (cycles) |  Latency (absolute)  |  Interval  |                    Pipeline                    |
        |                               Instance                               |                           Module                          |   min   |   max   |    min   |    max    | min |  max |                      Type                      |
        +----------------------------------------------------------------------+-----------------------------------------------------------+---------+---------+----------+-----------+-----+------+------------------------------------------------+
        |grp_v_mix_core_alpha_false_false_21_Pipeline_VITIS_LOOP_465_3_fu_154  |v_mix_core_alpha_false_false_21_Pipeline_VITIS_LOOP_465_3  |       34|     1922|  0.227 us|  12.814 us|   33|  1921|  loop auto-rewind stp (delay=0 clock cycles(s))|
        +----------------------------------------------------------------------+-----------------------------------------------------------+---------+---------+----------+-----------+-----+------+------------------------------------------------+

        * Loop: 
        +--------------------+---------+---------+-----------+-----------+-----------+-----------+----------+
        |                    |  Latency (cycles) | Iteration |  Initiation Interval  |    Trip   |          |
        |      Loop Name     |   min   |   max   |  Latency  |  achieved |   target  |   Count   | Pipelined|
        +--------------------+---------+---------+-----------+-----------+-----------+-----------+----------+
        |- VITIS_LOOP_463_2  |     2304|  4155840|  36 ~ 1924|          -|          -|  64 ~ 2160|        no|
        +--------------------+---------+---------+-----------+-----------+-----------+-----------+----------+



================================================================
== Utilization Estimates
================================================================
* Summary: 
+-----------------+---------+------+--------+--------+-----+
|       Name      | BRAM_18K|  DSP |   FF   |   LUT  | URAM|
+-----------------+---------+------+--------+--------+-----+
|DSP              |        -|     -|       -|       -|    -|
|Expression       |        -|     -|       0|     207|    -|
|FIFO             |        -|     -|       -|       -|    -|
|Instance         |        -|     -|      16|     244|    -|
|Memory           |        -|     -|       -|       -|    -|
|Multiplexer      |        -|     -|       0|     101|    -|
|Register         |        -|     -|     107|       -|    -|
+-----------------+---------+------+--------+--------+-----+
|Total            |        0|     0|     123|     552|    0|
+-----------------+---------+------+--------+--------+-----+
|Available        |      288|  1248|  234240|  117120|   64|
+-----------------+---------+------+--------+--------+-----+
|Utilization (%)  |        0|     0|      ~0|      ~0|    0|
+-----------------+---------+------+--------+--------+-----+

+ Detail: 
    * Instance: 
    +----------------------------------------------------------------------+-----------------------------------------------------------+---------+----+----+-----+-----+
    |                               Instance                               |                           Module                          | BRAM_18K| DSP| FF | LUT | URAM|
    +----------------------------------------------------------------------+-----------------------------------------------------------+---------+----+----+-----+-----+
    |grp_v_mix_core_alpha_false_false_21_Pipeline_VITIS_LOOP_465_3_fu_154  |v_mix_core_alpha_false_false_21_Pipeline_VITIS_LOOP_465_3  |        0|   0|  16|  244|    0|
    +----------------------------------------------------------------------+-----------------------------------------------------------+---------+----+----+-----+-----+
    |Total                                                                 |                                                           |        0|   0|  16|  244|    0|
    +----------------------------------------------------------------------+-----------------------------------------------------------+---------+----+----+-----+-----+

    * DSP: 
    N/A

    * Memory: 
    N/A

    * FIFO: 
    N/A

    * Expression: 
    +----------------------+----------+----+---+----+------------+------------+
    |     Variable Name    | Operation| DSP| FF| LUT| Bitwidth P0| Bitwidth P1|
    +----------------------+----------+----+---+----+------------+------------+
    |add60_i_fu_208_p2     |         +|   0|  0|  24|          17|          17|
    |add71_i_fu_232_p2     |         +|   0|  0|  24|          17|          17|
    |add_ln463_fu_269_p2   |         +|   0|  0|  19|          12|           1|
    |cmp61_i_fu_295_p2     |      icmp|   0|  0|  24|          17|          17|
    |icmp_ln463_fu_264_p2  |      icmp|   0|  0|  19|          12|          12|
    |ult_fu_283_p2         |      icmp|   0|  0|  23|          16|          16|
    |ap_block_state1       |        or|   0|  0|   2|           1|           1|
    |shl_ln449_fu_174_p2   |       shl|   0|  0|  35|          16|          16|
    |shl_ln450_fu_184_p2   |       shl|   0|  0|  35|          16|          16|
    |rev13_fu_288_p2       |       xor|   0|  0|   2|           1|           2|
    +----------------------+----------+----+---+----+------------+------------+
    |Total                 |          |   0|  0| 207|         125|         115|
    +----------------------+----------+----+---+----+------------+------------+

    * Multiplexer: 
    +--------------------------------------+----+-----------+-----+-----------+
    |                 Name                 | LUT| Input Size| Bits| Total Bits|
    +--------------------------------------+----+-----------+-----+-----------+
    |HwReg_layerEnable_val25_blk_n         |   9|          2|    1|          2|
    |HwReg_layerEnable_val25_c_blk_n       |   9|          2|    1|          2|
    |HwReg_layerHeight_3_val_blk_n         |   9|          2|    1|          2|
    |HwReg_layerScaleFactor_3_val44_blk_n  |   9|          2|    1|          2|
    |HwReg_layerStartX_3_val28_blk_n       |   9|          2|    1|          2|
    |HwReg_layerStartY_3_val32_blk_n       |   9|          2|    1|          2|
    |HwReg_layerWidth_3_val_blk_n          |   9|          2|    1|          2|
    |ap_NS_fsm                             |  20|          4|    1|          4|
    |ap_done                               |   9|          2|    1|          2|
    |y_fu_94                               |   9|          2|   12|         24|
    +--------------------------------------+----+-----------+-----+-----------+
    |Total                                 | 101|         22|   21|         44|
    +--------------------------------------+----+-----------+-----+-----------+

    * Register: 
    +-----------------------------------------------------------------------------------+----+----+-----+-----------+
    |                                        Name                                       | FF | LUT| Bits| Const Bits|
    +-----------------------------------------------------------------------------------+----+----+-----+-----------+
    |HwReg_height_val_read_reg_313                                                      |  12|   0|   12|          0|
    |add60_i_reg_328                                                                    |  17|   0|   17|          0|
    |ap_CS_fsm                                                                          |   3|   0|    3|          0|
    |ap_done_reg                                                                        |   1|   0|    1|          0|
    |cmp61_i_reg_356                                                                    |   1|   0|    1|          0|
    |div65_cast_i_reg_333                                                               |  15|   0|   15|          0|
    |div72_cast_i_reg_338                                                               |  16|   0|   16|          0|
    |div_cast_i_reg_323                                                                 |  11|   0|   11|          0|
    |grp_v_mix_core_alpha_false_false_21_Pipeline_VITIS_LOOP_465_3_fu_154_ap_start_reg  |   1|   0|    1|          0|
    |layerStartY_reg_318                                                                |  16|   0|   16|          0|
    |rev13_reg_351                                                                      |   1|   0|    1|          0|
    |tmp_6_reg_343                                                                      |   1|   0|    1|          0|
    |y_fu_94                                                                            |  12|   0|   12|          0|
    +-----------------------------------------------------------------------------------+----+----+-----+-----------+
    |Total                                                                              | 107|   0|  107|          0|
    +-----------------------------------------------------------------------------------+----+----+-----+-----------+



================================================================
== Interface
================================================================
* Summary: 
+-----------------------------------------------+-----+-----+------------+-----------------------------------+--------------+
|                   RTL Ports                   | Dir | Bits|  Protocol  |           Source Object           |    C Type    |
+-----------------------------------------------+-----+-----+------------+-----------------------------------+--------------+
|ap_clk                                         |   in|    1|  ap_ctrl_hs|  v_mix_core_alpha<false, false>.21|  return value|
|ap_rst                                         |   in|    1|  ap_ctrl_hs|  v_mix_core_alpha<false, false>.21|  return value|
|ap_start                                       |   in|    1|  ap_ctrl_hs|  v_mix_core_alpha<false, false>.21|  return value|
|ap_done                                        |  out|    1|  ap_ctrl_hs|  v_mix_core_alpha<false, false>.21|  return value|
|ap_continue                                    |   in|    1|  ap_ctrl_hs|  v_mix_core_alpha<false, false>.21|  return value|
|ap_idle                                        |  out|    1|  ap_ctrl_hs|  v_mix_core_alpha<false, false>.21|  return value|
|ap_ready                                       |  out|    1|  ap_ctrl_hs|  v_mix_core_alpha<false, false>.21|  return value|
|outLayer2_dout                                 |   in|   48|     ap_fifo|                          outLayer2|       pointer|
|outLayer2_empty_n                              |   in|    1|     ap_fifo|                          outLayer2|       pointer|
|outLayer2_read                                 |  out|    1|     ap_fifo|                          outLayer2|       pointer|
|outLayer2_num_data_valid                       |   in|    3|     ap_fifo|                          outLayer2|       pointer|
|outLayer2_fifo_cap                             |   in|    3|     ap_fifo|                          outLayer2|       pointer|
|srcLayer3x_dout                                |   in|   48|     ap_fifo|                         srcLayer3x|       pointer|
|srcLayer3x_empty_n                             |   in|    1|     ap_fifo|                         srcLayer3x|       pointer|
|srcLayer3x_read                                |  out|    1|     ap_fifo|                         srcLayer3x|       pointer|
|srcLayer3x_num_data_valid                      |   in|    3|     ap_fifo|                         srcLayer3x|       pointer|
|srcLayer3x_fifo_cap                            |   in|    3|     ap_fifo|                         srcLayer3x|       pointer|
|HwReg_width_val                                |   in|   12|   ap_stable|                    HwReg_width_val|        scalar|
|HwReg_height_val                               |   in|   12|   ap_stable|                   HwReg_height_val|        scalar|
|HwReg_layerEnable_val25_dout                   |   in|    5|     ap_fifo|            HwReg_layerEnable_val25|       pointer|
|HwReg_layerEnable_val25_empty_n                |   in|    1|     ap_fifo|            HwReg_layerEnable_val25|       pointer|
|HwReg_layerEnable_val25_read                   |  out|    1|     ap_fifo|            HwReg_layerEnable_val25|       pointer|
|HwReg_layerEnable_val25_num_data_valid         |   in|    3|     ap_fifo|            HwReg_layerEnable_val25|       pointer|
|HwReg_layerEnable_val25_fifo_cap               |   in|    3|     ap_fifo|            HwReg_layerEnable_val25|       pointer|
|HwReg_layerStartX_3_val28_dout                 |   in|   16|     ap_fifo|          HwReg_layerStartX_3_val28|       pointer|
|HwReg_layerStartX_3_val28_empty_n              |   in|    1|     ap_fifo|          HwReg_layerStartX_3_val28|       pointer|
|HwReg_layerStartX_3_val28_read                 |  out|    1|     ap_fifo|          HwReg_layerStartX_3_val28|       pointer|
|HwReg_layerStartX_3_val28_num_data_valid       |   in|    5|     ap_fifo|          HwReg_layerStartX_3_val28|       pointer|
|HwReg_layerStartX_3_val28_fifo_cap             |   in|    5|     ap_fifo|          HwReg_layerStartX_3_val28|       pointer|
|HwReg_layerStartY_3_val32_dout                 |   in|   16|     ap_fifo|          HwReg_layerStartY_3_val32|       pointer|
|HwReg_layerStartY_3_val32_empty_n              |   in|    1|     ap_fifo|          HwReg_layerStartY_3_val32|       pointer|
|HwReg_layerStartY_3_val32_read                 |  out|    1|     ap_fifo|          HwReg_layerStartY_3_val32|       pointer|
|HwReg_layerStartY_3_val32_num_data_valid       |   in|    5|     ap_fifo|          HwReg_layerStartY_3_val32|       pointer|
|HwReg_layerStartY_3_val32_fifo_cap             |   in|    5|     ap_fifo|          HwReg_layerStartY_3_val32|       pointer|
|HwReg_layerWidth_3_val_dout                    |   in|   16|     ap_fifo|             HwReg_layerWidth_3_val|       pointer|
|HwReg_layerWidth_3_val_empty_n                 |   in|    1|     ap_fifo|             HwReg_layerWidth_3_val|       pointer|
|HwReg_layerWidth_3_val_read                    |  out|    1|     ap_fifo|             HwReg_layerWidth_3_val|       pointer|
|HwReg_layerWidth_3_val_num_data_valid          |   in|    3|     ap_fifo|             HwReg_layerWidth_3_val|       pointer|
|HwReg_layerWidth_3_val_fifo_cap                |   in|    3|     ap_fifo|             HwReg_layerWidth_3_val|       pointer|
|HwReg_layerHeight_3_val_dout                   |   in|   16|     ap_fifo|            HwReg_layerHeight_3_val|       pointer|
|HwReg_layerHeight_3_val_empty_n                |   in|    1|     ap_fifo|            HwReg_layerHeight_3_val|       pointer|
|HwReg_layerHeight_3_val_read                   |  out|    1|     ap_fifo|            HwReg_layerHeight_3_val|       pointer|
|HwReg_layerHeight_3_val_num_data_valid         |   in|    3|     ap_fifo|            HwReg_layerHeight_3_val|       pointer|
|HwReg_layerHeight_3_val_fifo_cap               |   in|    3|     ap_fifo|            HwReg_layerHeight_3_val|       pointer|
|HwReg_layerScaleFactor_3_val44_dout            |   in|    8|     ap_fifo|     HwReg_layerScaleFactor_3_val44|       pointer|
|HwReg_layerScaleFactor_3_val44_empty_n         |   in|    1|     ap_fifo|     HwReg_layerScaleFactor_3_val44|       pointer|
|HwReg_layerScaleFactor_3_val44_read            |  out|    1|     ap_fifo|     HwReg_layerScaleFactor_3_val44|       pointer|
|HwReg_layerScaleFactor_3_val44_num_data_valid  |   in|    5|     ap_fifo|     HwReg_layerScaleFactor_3_val44|       pointer|
|HwReg_layerScaleFactor_3_val44_fifo_cap        |   in|    5|     ap_fifo|     HwReg_layerScaleFactor_3_val44|       pointer|
|outLayer3_din                                  |  out|   48|     ap_fifo|                          outLayer3|       pointer|
|outLayer3_full_n                               |   in|    1|     ap_fifo|                          outLayer3|       pointer|
|outLayer3_write                                |  out|    1|     ap_fifo|                          outLayer3|       pointer|
|outLayer3_num_data_valid                       |   in|   32|     ap_fifo|                          outLayer3|       pointer|
|outLayer3_fifo_cap                             |   in|   32|     ap_fifo|                          outLayer3|       pointer|
|HwReg_layerEnable_val25_c_din                  |  out|    5|     ap_fifo|          HwReg_layerEnable_val25_c|       pointer|
|HwReg_layerEnable_val25_c_full_n               |   in|    1|     ap_fifo|          HwReg_layerEnable_val25_c|       pointer|
|HwReg_layerEnable_val25_c_write                |  out|    1|     ap_fifo|          HwReg_layerEnable_val25_c|       pointer|
|HwReg_layerEnable_val25_c_num_data_valid       |   in|    3|     ap_fifo|          HwReg_layerEnable_val25_c|       pointer|
|HwReg_layerEnable_val25_c_fifo_cap             |   in|    3|     ap_fifo|          HwReg_layerEnable_val25_c|       pointer|
+-----------------------------------------------+-----+-----+------------+-----------------------------------+--------------+

============================================================
+ Verbose Summary: Synthesis Manager
============================================================
InlineROM: 1
ExposeGlobal: 0
============================================================
+ Verbose Summary: CDFG Model
============================================================
IsTopModel: 0
ResetActiveHigh: 1
IsCombinational: 2
IsDatapathOnly: 0
HasWiredReturn: 1
HasMFsm: 0
HasVarLatency: 1
IsPipeline: 0
IsRtlPipelined: 0
IsInstanceOverlapped: 0
IsDontTouch: 0
HasImplIP: 0
IsGatedGlobalClock: 0


============================================================
+ Verbose Summary: Schedule
============================================================
* Number of FSM states : 3
* Pipeline : 0
* Dataflow Pipeline: 0

* FSM state transitions: 
1 --> 2 
2 --> 3 
3 --> 2 

* FSM state operations: 

State 1 <SV = 0> <Delay = 3.70>
ST_1 : Operation 4 [1/1] (0.00ns)   --->   "%y = alloca i32 1" [/home/izaan/GitRepos/dpdma_exdes/vivado_quad_vmix/kv260_quad_vmix_dp.runs/bd_quad_vmix_dp_v_mix_0_0_synth_1/prj/sol/.autopilot/db/v_mix.cpp:440->/home/izaan/GitRepos/dpdma_exdes/vivado_quad_vmix/kv260_quad_vmix_dp.runs/bd_quad_vmix_dp_v_mix_0_0_synth_1/prj/sol/.autopilot/db/v_mix.cpp:856]   --->   Operation 4 'alloca' 'y' <Predicate = true> <Delay = 0.00>
ST_1 : Operation 5 [1/1] (0.00ns)   --->   "%specinterface_ln0 = specinterface void @_ssdm_op_SpecInterface, i8 %HwReg_layerScaleFactor_3_val44, void @ap_fifo_str, i32 0, i32 0, void @p_str, i32 0, i32 0, void @p_str, void @p_str, void @p_str, i32 2, i32 2, i32 16, i32 16, void @p_str, void @ScalarProp_str, i32 4294967295, i32 0, i32 0"   --->   Operation 5 'specinterface' 'specinterface_ln0' <Predicate = true> <Delay = 0.00>
ST_1 : Operation 6 [1/1] (0.00ns)   --->   "%HwReg_height_val_read = read i12 @_ssdm_op_Read.ap_auto.i12, i12 %HwReg_height_val"   --->   Operation 6 'read' 'HwReg_height_val_read' <Predicate = true> <Delay = 0.00>
ST_1 : Operation 7 [1/1] (0.00ns)   --->   "%HwReg_width_val_read = read i12 @_ssdm_op_Read.ap_auto.i12, i12 %HwReg_width_val"   --->   Operation 7 'read' 'HwReg_width_val_read' <Predicate = true> <Delay = 0.00>
ST_1 : Operation 8 [1/1] ( I:1.94ns O:1.94ns )   --->   "%HwReg_layerScaleFactor_3_val44_read = read i8 @_ssdm_op_Read.ap_fifo.i8P0A, i8 %HwReg_layerScaleFactor_3_val44"   --->   Operation 8 'read' 'HwReg_layerScaleFactor_3_val44_read' <Predicate = true> <Delay = 1.94> <CoreInst = "FIFO_SRL">   --->   Core 80 'FIFO_SRL' <Latency = 0> <II = 1> <Delay = 1.94> <Storage> <Opcode : 'read' 'write' 'nbread' 'nbwrite'> <Ports = 0> <Width = 8> <Depth = 9> <FIFO>
ST_1 : Operation 9 [1/1] (0.00ns)   --->   "%specinterface_ln0 = specinterface void @_ssdm_op_SpecInterface, i16 %HwReg_layerHeight_3_val, void @ap_fifo_str, i32 0, i32 0, void @p_str, i32 0, i32 0, void @p_str, void @p_str, void @p_str, i32 2, i32 2, i32 16, i32 16, void @p_str, void @ScalarProp_str, i32 4294967295, i32 0, i32 0"   --->   Operation 9 'specinterface' 'specinterface_ln0' <Predicate = true> <Delay = 0.00>
ST_1 : Operation 10 [1/1] ( I:1.83ns O:1.83ns )   --->   "%HwReg_layerHeight_3_val_read = read i16 @_ssdm_op_Read.ap_fifo.i16P0A, i16 %HwReg_layerHeight_3_val"   --->   Operation 10 'read' 'HwReg_layerHeight_3_val_read' <Predicate = true> <Delay = 1.83> <CoreInst = "FIFO_SRL">   --->   Core 80 'FIFO_SRL' <Latency = 0> <II = 1> <Delay = 1.83> <Storage> <Opcode : 'read' 'write' 'nbread' 'nbwrite'> <Ports = 0> <Width = 16> <Depth = 4> <FIFO>
ST_1 : Operation 11 [1/1] (0.00ns)   --->   "%specinterface_ln0 = specinterface void @_ssdm_op_SpecInterface, i16 %HwReg_layerWidth_3_val, void @ap_fifo_str, i32 0, i32 0, void @p_str, i32 0, i32 0, void @p_str, void @p_str, void @p_str, i32 2, i32 2, i32 16, i32 16, void @p_str, void @ScalarProp_str, i32 4294967295, i32 0, i32 0"   --->   Operation 11 'specinterface' 'specinterface_ln0' <Predicate = true> <Delay = 0.00>
ST_1 : Operation 12 [1/1] ( I:1.83ns O:1.83ns )   --->   "%HwReg_layerWidth_3_val_read = read i16 @_ssdm_op_Read.ap_fifo.i16P0A, i16 %HwReg_layerWidth_3_val"   --->   Operation 12 'read' 'HwReg_layerWidth_3_val_read' <Predicate = true> <Delay = 1.83> <CoreInst = "FIFO_SRL">   --->   Core 80 'FIFO_SRL' <Latency = 0> <II = 1> <Delay = 1.83> <Storage> <Opcode : 'read' 'write' 'nbread' 'nbwrite'> <Ports = 0> <Width = 16> <Depth = 4> <FIFO>
ST_1 : Operation 13 [1/1] (0.00ns)   --->   "%specinterface_ln0 = specinterface void @_ssdm_op_SpecInterface, i16 %HwReg_layerStartY_3_val32, void @ap_fifo_str, i32 0, i32 0, void @p_str, i32 0, i32 0, void @p_str, void @p_str, void @p_str, i32 2, i32 2, i32 16, i32 16, void @p_str, void @ScalarProp_str, i32 4294967295, i32 0, i32 0"   --->   Operation 13 'specinterface' 'specinterface_ln0' <Predicate = true> <Delay = 0.00>
ST_1 : Operation 14 [1/1] ( I:1.94ns O:1.94ns )   --->   "%layerStartY = read i16 @_ssdm_op_Read.ap_fifo.i16P0A, i16 %HwReg_layerStartY_3_val32"   --->   Operation 14 'read' 'layerStartY' <Predicate = true> <Delay = 1.94> <CoreInst = "FIFO_SRL">   --->   Core 80 'FIFO_SRL' <Latency = 0> <II = 1> <Delay = 1.94> <Storage> <Opcode : 'read' 'write' 'nbread' 'nbwrite'> <Ports = 0> <Width = 16> <Depth = 9> <FIFO>
ST_1 : Operation 15 [1/1] (0.00ns)   --->   "%specinterface_ln0 = specinterface void @_ssdm_op_SpecInterface, i16 %HwReg_layerStartX_3_val28, void @ap_fifo_str, i32 0, i32 0, void @p_str, i32 0, i32 0, void @p_str, void @p_str, void @p_str, i32 2, i32 2, i32 16, i32 16, void @p_str, void @ScalarProp_str, i32 4294967295, i32 0, i32 0"   --->   Operation 15 'specinterface' 'specinterface_ln0' <Predicate = true> <Delay = 0.00>
ST_1 : Operation 16 [1/1] ( I:1.94ns O:1.94ns )   --->   "%layerStartX = read i16 @_ssdm_op_Read.ap_fifo.i16P0A, i16 %HwReg_layerStartX_3_val28"   --->   Operation 16 'read' 'layerStartX' <Predicate = true> <Delay = 1.94> <CoreInst = "FIFO_SRL">   --->   Core 80 'FIFO_SRL' <Latency = 0> <II = 1> <Delay = 1.94> <Storage> <Opcode : 'read' 'write' 'nbread' 'nbwrite'> <Ports = 0> <Width = 16> <Depth = 9> <FIFO>
ST_1 : Operation 17 [1/1] (0.00ns)   --->   "%specinterface_ln0 = specinterface void @_ssdm_op_SpecInterface, i5 %HwReg_layerEnable_val25, void @ap_fifo_str, i32 0, i32 0, void @p_str, i32 0, i32 0, void @p_str, void @p_str, void @p_str, i32 2, i32 2, i32 16, i32 16, void @p_str, void @ScalarProp_str, i32 4294967295, i32 0, i32 0"   --->   Operation 17 'specinterface' 'specinterface_ln0' <Predicate = true> <Delay = 0.00>
ST_1 : Operation 18 [1/1] ( I:1.83ns O:1.83ns )   --->   "%HwReg_layerEnable_val25_read = read i5 @_ssdm_op_Read.ap_fifo.i5P0A, i5 %HwReg_layerEnable_val25"   --->   Operation 18 'read' 'HwReg_layerEnable_val25_read' <Predicate = true> <Delay = 1.83> <CoreInst = "FIFO_SRL">   --->   Core 80 'FIFO_SRL' <Latency = 0> <II = 1> <Delay = 1.83> <Storage> <Opcode : 'read' 'write' 'nbread' 'nbwrite'> <Ports = 0> <Width = 5> <Depth = 2> <FIFO>
ST_1 : Operation 19 [1/1] (0.00ns)   --->   "%specinterface_ln0 = specinterface void @_ssdm_op_SpecInterface, i5 %HwReg_layerEnable_val25_c, void @ap_fifo_str, i32 0, i32 0, void @p_str, i32 0, i32 0, void @p_str, void @p_str, void @p_str, i32 2, i32 2, i32 16, i32 16, void @p_str, void @ScalarProp_str, i32 4294967295, i32 0, i32 0"   --->   Operation 19 'specinterface' 'specinterface_ln0' <Predicate = true> <Delay = 0.00>
ST_1 : Operation 20 [1/1] ( I:1.83ns O:1.83ns )   --->   "%write_ln445 = write void @_ssdm_op_Write.ap_fifo.i5P0A, i5 %HwReg_layerEnable_val25_c, i5 %HwReg_layerEnable_val25_read" [/home/izaan/GitRepos/dpdma_exdes/vivado_quad_vmix/kv260_quad_vmix_dp.runs/bd_quad_vmix_dp_v_mix_0_0_synth_1/prj/sol/.autopilot/db/v_mix.cpp:445->/home/izaan/GitRepos/dpdma_exdes/vivado_quad_vmix/kv260_quad_vmix_dp.runs/bd_quad_vmix_dp_v_mix_0_0_synth_1/prj/sol/.autopilot/db/v_mix.cpp:856]   --->   Operation 20 'write' 'write_ln445' <Predicate = true> <Delay = 1.83> <CoreInst = "FIFO_SRL">   --->   Core 80 'FIFO_SRL' <Latency = 0> <II = 1> <Delay = 1.83> <Storage> <Opcode : 'read' 'write' 'nbread' 'nbwrite'> <Ports = 0> <Width = 5> <Depth = 2> <FIFO>
ST_1 : Operation 21 [1/1] (0.00ns)   --->   "%specstablecontent_ln0 = specstablecontent void @_ssdm_op_SpecStableContent, i12 %HwReg_height_val, void "   --->   Operation 21 'specstablecontent' 'specstablecontent_ln0' <Predicate = true> <Delay = 0.00>
ST_1 : Operation 22 [1/1] (0.00ns)   --->   "%specstablecontent_ln0 = specstablecontent void @_ssdm_op_SpecStableContent, i12 %HwReg_width_val, void "   --->   Operation 22 'specstablecontent' 'specstablecontent_ln0' <Predicate = true> <Delay = 0.00>
ST_1 : Operation 23 [1/1] (0.00ns)   --->   "%specinterface_ln0 = specinterface void @_ssdm_op_SpecInterface, i48 %outLayer3, void @empty_17, i32 0, i32 0, void @empty_54, i32 0, i32 0, void @empty_54, void @empty_54, void @empty_54, i32 0, i32 0, i32 0, i32 0, void @empty_54, void @empty_54, i32 4294967295, i32 0, i32 0"   --->   Operation 23 'specinterface' 'specinterface_ln0' <Predicate = true> <Delay = 0.00>
ST_1 : Operation 24 [1/1] (0.00ns)   --->   "%specinterface_ln0 = specinterface void @_ssdm_op_SpecInterface, i48 %srcLayer3x, void @empty_17, i32 0, i32 0, void @empty_54, i32 0, i32 0, void @empty_54, void @empty_54, void @empty_54, i32 0, i32 0, i32 0, i32 0, void @empty_54, void @empty_54, i32 4294967295, i32 0, i32 0"   --->   Operation 24 'specinterface' 'specinterface_ln0' <Predicate = true> <Delay = 0.00>
ST_1 : Operation 25 [1/1] (0.00ns)   --->   "%specinterface_ln0 = specinterface void @_ssdm_op_SpecInterface, i48 %outLayer2, void @empty_17, i32 0, i32 0, void @empty_54, i32 0, i32 0, void @empty_54, void @empty_54, void @empty_54, i32 0, i32 0, i32 0, i32 0, void @empty_54, void @empty_54, i32 4294967295, i32 0, i32 0"   --->   Operation 25 'specinterface' 'specinterface_ln0' <Predicate = true> <Delay = 0.00>
ST_1 : Operation 26 [1/1] (0.00ns)   --->   "%HwReg_layerScaleFactor_3_val44_readcast = zext i8 %HwReg_layerScaleFactor_3_val44_read" [/home/izaan/GitRepos/dpdma_exdes/vivado_quad_vmix/kv260_quad_vmix_dp.runs/bd_quad_vmix_dp_v_mix_0_0_synth_1/prj/sol/.autopilot/db/v_mix.cpp:449->/home/izaan/GitRepos/dpdma_exdes/vivado_quad_vmix/kv260_quad_vmix_dp.runs/bd_quad_vmix_dp_v_mix_0_0_synth_1/prj/sol/.autopilot/db/v_mix.cpp:856]   --->   Operation 26 'zext' 'HwReg_layerScaleFactor_3_val44_readcast' <Predicate = true> <Delay = 0.00>
ST_1 : Operation 27 [1/1] (0.90ns)   --->   "%shl_ln449 = shl i16 %HwReg_layerHeight_3_val_read, i16 %HwReg_layerScaleFactor_3_val44_readcast" [/home/izaan/GitRepos/dpdma_exdes/vivado_quad_vmix/kv260_quad_vmix_dp.runs/bd_quad_vmix_dp_v_mix_0_0_synth_1/prj/sol/.autopilot/db/v_mix.cpp:449->/home/izaan/GitRepos/dpdma_exdes/vivado_quad_vmix/kv260_quad_vmix_dp.runs/bd_quad_vmix_dp_v_mix_0_0_synth_1/prj/sol/.autopilot/db/v_mix.cpp:856]   --->   Operation 27 'shl' 'shl_ln449' <Predicate = true> <Delay = 0.90> <CoreInst = "Shifter">   --->   Core 75 'Shifter' <Latency = 0> <II = 1> <Delay = 0.90> <FuncUnit> <Opcode : 'shl' 'lshr' 'ashr'> <InPorts = 2> <OutPorts = 1>
ST_1 : Operation 28 [1/1] (0.00ns)   --->   "%HwReg_layerScaleFactor_3_val44_readcast14 = zext i8 %HwReg_layerScaleFactor_3_val44_read" [/home/izaan/GitRepos/dpdma_exdes/vivado_quad_vmix/kv260_quad_vmix_dp.runs/bd_quad_vmix_dp_v_mix_0_0_synth_1/prj/sol/.autopilot/db/v_mix.cpp:450->/home/izaan/GitRepos/dpdma_exdes/vivado_quad_vmix/kv260_quad_vmix_dp.runs/bd_quad_vmix_dp_v_mix_0_0_synth_1/prj/sol/.autopilot/db/v_mix.cpp:856]   --->   Operation 28 'zext' 'HwReg_layerScaleFactor_3_val44_readcast14' <Predicate = true> <Delay = 0.00>
ST_1 : Operation 29 [1/1] (0.90ns)   --->   "%shl_ln450 = shl i16 %HwReg_layerWidth_3_val_read, i16 %HwReg_layerScaleFactor_3_val44_readcast14" [/home/izaan/GitRepos/dpdma_exdes/vivado_quad_vmix/kv260_quad_vmix_dp.runs/bd_quad_vmix_dp_v_mix_0_0_synth_1/prj/sol/.autopilot/db/v_mix.cpp:450->/home/izaan/GitRepos/dpdma_exdes/vivado_quad_vmix/kv260_quad_vmix_dp.runs/bd_quad_vmix_dp_v_mix_0_0_synth_1/prj/sol/.autopilot/db/v_mix.cpp:856]   --->   Operation 29 'shl' 'shl_ln450' <Predicate = true> <Delay = 0.90> <CoreInst = "Shifter">   --->   Core 75 'Shifter' <Latency = 0> <II = 1> <Delay = 0.90> <FuncUnit> <Opcode : 'shl' 'lshr' 'ashr'> <InPorts = 2> <OutPorts = 1>
ST_1 : Operation 30 [1/1] (0.00ns)   --->   "%div_cast_i = partselect i11 @_ssdm_op_PartSelect.i11.i12.i32.i32, i12 %HwReg_width_val_read, i32 1, i32 11"   --->   Operation 30 'partselect' 'div_cast_i' <Predicate = true> <Delay = 0.00>
ST_1 : Operation 31 [1/1] (0.00ns)   --->   "%hwReg_layerStartY_3_val_cast_i = zext i16 %layerStartY"   --->   Operation 31 'zext' 'hwReg_layerStartY_3_val_cast_i' <Predicate = true> <Delay = 0.00>
ST_1 : Operation 32 [1/1] (0.00ns)   --->   "%layerHeight_cast_i = zext i16 %shl_ln449" [/home/izaan/GitRepos/dpdma_exdes/vivado_quad_vmix/kv260_quad_vmix_dp.runs/bd_quad_vmix_dp_v_mix_0_0_synth_1/prj/sol/.autopilot/db/v_mix.cpp:449->/home/izaan/GitRepos/dpdma_exdes/vivado_quad_vmix/kv260_quad_vmix_dp.runs/bd_quad_vmix_dp_v_mix_0_0_synth_1/prj/sol/.autopilot/db/v_mix.cpp:856]   --->   Operation 32 'zext' 'layerHeight_cast_i' <Predicate = true> <Delay = 0.00>
ST_1 : Operation 33 [1/1] (0.85ns)   --->   "%add60_i = add i17 %layerHeight_cast_i, i17 %hwReg_layerStartY_3_val_cast_i" [/home/izaan/GitRepos/dpdma_exdes/vivado_quad_vmix/kv260_quad_vmix_dp.runs/bd_quad_vmix_dp_v_mix_0_0_synth_1/prj/sol/.autopilot/db/v_mix.cpp:449->/home/izaan/GitRepos/dpdma_exdes/vivado_quad_vmix/kv260_quad_vmix_dp.runs/bd_quad_vmix_dp_v_mix_0_0_synth_1/prj/sol/.autopilot/db/v_mix.cpp:856]   --->   Operation 33 'add' 'add60_i' <Predicate = true> <Delay = 0.85> <CoreInst = "Adder">   --->   Core 1 'Adder' <Latency = 0> <II = 1> <Delay = 0.86> <FuncUnit> <Opcode : 'add' 'sub'> <InPorts = 2> <OutPorts = 1>
ST_1 : Operation 34 [1/1] (0.00ns)   --->   "%hwReg_layerStartX_3_val_cast_i = zext i16 %layerStartX"   --->   Operation 34 'zext' 'hwReg_layerStartX_3_val_cast_i' <Predicate = true> <Delay = 0.00>
ST_1 : Operation 35 [1/1] (0.00ns)   --->   "%div65_cast_i = partselect i15 @_ssdm_op_PartSelect.i15.i16.i32.i32, i16 %layerStartX, i32 1, i32 15"   --->   Operation 35 'partselect' 'div65_cast_i' <Predicate = true> <Delay = 0.00>
ST_1 : Operation 36 [1/1] (0.00ns)   --->   "%layerWidth_cast_i = zext i16 %shl_ln450" [/home/izaan/GitRepos/dpdma_exdes/vivado_quad_vmix/kv260_quad_vmix_dp.runs/bd_quad_vmix_dp_v_mix_0_0_synth_1/prj/sol/.autopilot/db/v_mix.cpp:450->/home/izaan/GitRepos/dpdma_exdes/vivado_quad_vmix/kv260_quad_vmix_dp.runs/bd_quad_vmix_dp_v_mix_0_0_synth_1/prj/sol/.autopilot/db/v_mix.cpp:856]   --->   Operation 36 'zext' 'layerWidth_cast_i' <Predicate = true> <Delay = 0.00>
ST_1 : Operation 37 [1/1] (0.85ns)   --->   "%add71_i = add i17 %layerWidth_cast_i, i17 %hwReg_layerStartX_3_val_cast_i" [/home/izaan/GitRepos/dpdma_exdes/vivado_quad_vmix/kv260_quad_vmix_dp.runs/bd_quad_vmix_dp_v_mix_0_0_synth_1/prj/sol/.autopilot/db/v_mix.cpp:450->/home/izaan/GitRepos/dpdma_exdes/vivado_quad_vmix/kv260_quad_vmix_dp.runs/bd_quad_vmix_dp_v_mix_0_0_synth_1/prj/sol/.autopilot/db/v_mix.cpp:856]   --->   Operation 37 'add' 'add71_i' <Predicate = true> <Delay = 0.85> <CoreInst = "Adder">   --->   Core 1 'Adder' <Latency = 0> <II = 1> <Delay = 0.86> <FuncUnit> <Opcode : 'add' 'sub'> <InPorts = 2> <OutPorts = 1>
ST_1 : Operation 38 [1/1] (0.00ns)   --->   "%div72_cast_i = partselect i16 @_ssdm_op_PartSelect.i16.i17.i32.i32, i17 %add71_i, i32 1, i32 16" [/home/izaan/GitRepos/dpdma_exdes/vivado_quad_vmix/kv260_quad_vmix_dp.runs/bd_quad_vmix_dp_v_mix_0_0_synth_1/prj/sol/.autopilot/db/v_mix.cpp:450->/home/izaan/GitRepos/dpdma_exdes/vivado_quad_vmix/kv260_quad_vmix_dp.runs/bd_quad_vmix_dp_v_mix_0_0_synth_1/prj/sol/.autopilot/db/v_mix.cpp:856]   --->   Operation 38 'partselect' 'div72_cast_i' <Predicate = true> <Delay = 0.00>
ST_1 : Operation 39 [1/1] (0.00ns)   --->   "%tmp_6 = bitselect i1 @_ssdm_op_BitSelect.i1.i5.i32, i5 %HwReg_layerEnable_val25_read, i32 3"   --->   Operation 39 'bitselect' 'tmp_6' <Predicate = true> <Delay = 0.00>
ST_1 : Operation 40 [1/1] (0.42ns)   --->   "%store_ln440 = store i12 0, i12 %y" [/home/izaan/GitRepos/dpdma_exdes/vivado_quad_vmix/kv260_quad_vmix_dp.runs/bd_quad_vmix_dp_v_mix_0_0_synth_1/prj/sol/.autopilot/db/v_mix.cpp:440->/home/izaan/GitRepos/dpdma_exdes/vivado_quad_vmix/kv260_quad_vmix_dp.runs/bd_quad_vmix_dp_v_mix_0_0_synth_1/prj/sol/.autopilot/db/v_mix.cpp:856]   --->   Operation 40 'store' 'store_ln440' <Predicate = true> <Delay = 0.42>
ST_1 : Operation 41 [1/1] (0.00ns)   --->   "%br_ln463 = br void %VITIS_LOOP_465_3.i" [/home/izaan/GitRepos/dpdma_exdes/vivado_quad_vmix/kv260_quad_vmix_dp.runs/bd_quad_vmix_dp_v_mix_0_0_synth_1/prj/sol/.autopilot/db/v_mix.cpp:463->/home/izaan/GitRepos/dpdma_exdes/vivado_quad_vmix/kv260_quad_vmix_dp.runs/bd_quad_vmix_dp_v_mix_0_0_synth_1/prj/sol/.autopilot/db/v_mix.cpp:856]   --->   Operation 41 'br' 'br_ln463' <Predicate = true> <Delay = 0.00>

State 2 <SV = 1> <Delay = 2.36>
ST_2 : Operation 42 [1/1] (0.00ns)   --->   "%y_21 = load i12 %y" [/home/izaan/GitRepos/dpdma_exdes/vivado_quad_vmix/kv260_quad_vmix_dp.runs/bd_quad_vmix_dp_v_mix_0_0_synth_1/prj/sol/.autopilot/db/v_mix.cpp:463->/home/izaan/GitRepos/dpdma_exdes/vivado_quad_vmix/kv260_quad_vmix_dp.runs/bd_quad_vmix_dp_v_mix_0_0_synth_1/prj/sol/.autopilot/db/v_mix.cpp:856]   --->   Operation 42 'load' 'y_21' <Predicate = true> <Delay = 0.00>
ST_2 : Operation 43 [1/1] (0.80ns)   --->   "%icmp_ln463 = icmp_eq  i12 %y_21, i12 %HwReg_height_val_read" [/home/izaan/GitRepos/dpdma_exdes/vivado_quad_vmix/kv260_quad_vmix_dp.runs/bd_quad_vmix_dp_v_mix_0_0_synth_1/prj/sol/.autopilot/db/v_mix.cpp:463->/home/izaan/GitRepos/dpdma_exdes/vivado_quad_vmix/kv260_quad_vmix_dp.runs/bd_quad_vmix_dp_v_mix_0_0_synth_1/prj/sol/.autopilot/db/v_mix.cpp:856]   --->   Operation 43 'icmp' 'icmp_ln463' <Predicate = true> <Delay = 0.80> <CoreInst = "Cmp">   --->   Core 9 'Cmp' <Latency = 0> <II = 1> <Delay = 0.80> <FuncUnit> <Opcode : 'seteq' 'setne' 'setle' 'setge' 'setlt' 'setgt'> <InPorts = 2> <OutPorts = 1>
ST_2 : Operation 44 [1/1] (0.00ns)   --->   "%speclooptripcount_ln0 = speclooptripcount void @_ssdm_op_SpecLoopTripCount, i64 64, i64 2160, i64 0"   --->   Operation 44 'speclooptripcount' 'speclooptripcount_ln0' <Predicate = true> <Delay = 0.00>
ST_2 : Operation 45 [1/1] (0.80ns)   --->   "%add_ln463 = add i12 %y_21, i12 1" [/home/izaan/GitRepos/dpdma_exdes/vivado_quad_vmix/kv260_quad_vmix_dp.runs/bd_quad_vmix_dp_v_mix_0_0_synth_1/prj/sol/.autopilot/db/v_mix.cpp:463->/home/izaan/GitRepos/dpdma_exdes/vivado_quad_vmix/kv260_quad_vmix_dp.runs/bd_quad_vmix_dp_v_mix_0_0_synth_1/prj/sol/.autopilot/db/v_mix.cpp:856]   --->   Operation 45 'add' 'add_ln463' <Predicate = true> <Delay = 0.80> <CoreInst = "Adder">   --->   Core 1 'Adder' <Latency = 0> <II = 1> <Delay = 0.80> <FuncUnit> <Opcode : 'add' 'sub'> <InPorts = 2> <OutPorts = 1>
ST_2 : Operation 46 [1/1] (0.00ns)   --->   "%br_ln463 = br i1 %icmp_ln463, void %VITIS_LOOP_465_3.split.i, void %v_mix_core_alpha<false, false>.21.exit" [/home/izaan/GitRepos/dpdma_exdes/vivado_quad_vmix/kv260_quad_vmix_dp.runs/bd_quad_vmix_dp_v_mix_0_0_synth_1/prj/sol/.autopilot/db/v_mix.cpp:463->/home/izaan/GitRepos/dpdma_exdes/vivado_quad_vmix/kv260_quad_vmix_dp.runs/bd_quad_vmix_dp_v_mix_0_0_synth_1/prj/sol/.autopilot/db/v_mix.cpp:856]   --->   Operation 46 'br' 'br_ln463' <Predicate = true> <Delay = 0.00>
ST_2 : Operation 47 [1/1] (0.00ns)   --->   "%zext_ln463 = zext i12 %y_21" [/home/izaan/GitRepos/dpdma_exdes/vivado_quad_vmix/kv260_quad_vmix_dp.runs/bd_quad_vmix_dp_v_mix_0_0_synth_1/prj/sol/.autopilot/db/v_mix.cpp:463->/home/izaan/GitRepos/dpdma_exdes/vivado_quad_vmix/kv260_quad_vmix_dp.runs/bd_quad_vmix_dp_v_mix_0_0_synth_1/prj/sol/.autopilot/db/v_mix.cpp:856]   --->   Operation 47 'zext' 'zext_ln463' <Predicate = (!icmp_ln463)> <Delay = 0.00>
ST_2 : Operation 48 [1/1] (0.00ns)   --->   "%zext_ln463_2 = zext i12 %y_21" [/home/izaan/GitRepos/dpdma_exdes/vivado_quad_vmix/kv260_quad_vmix_dp.runs/bd_quad_vmix_dp_v_mix_0_0_synth_1/prj/sol/.autopilot/db/v_mix.cpp:463->/home/izaan/GitRepos/dpdma_exdes/vivado_quad_vmix/kv260_quad_vmix_dp.runs/bd_quad_vmix_dp_v_mix_0_0_synth_1/prj/sol/.autopilot/db/v_mix.cpp:856]   --->   Operation 48 'zext' 'zext_ln463_2' <Predicate = (!icmp_ln463)> <Delay = 0.00>
ST_2 : Operation 49 [1/1] (0.85ns)   --->   "%ult = icmp_ult  i16 %zext_ln463_2, i16 %layerStartY" [/home/izaan/GitRepos/dpdma_exdes/vivado_quad_vmix/kv260_quad_vmix_dp.runs/bd_quad_vmix_dp_v_mix_0_0_synth_1/prj/sol/.autopilot/db/v_mix.cpp:463->/home/izaan/GitRepos/dpdma_exdes/vivado_quad_vmix/kv260_quad_vmix_dp.runs/bd_quad_vmix_dp_v_mix_0_0_synth_1/prj/sol/.autopilot/db/v_mix.cpp:856]   --->   Operation 49 'icmp' 'ult' <Predicate = (!icmp_ln463)> <Delay = 0.85> <CoreInst = "Cmp">   --->   Core 9 'Cmp' <Latency = 0> <II = 1> <Delay = 0.85> <FuncUnit> <Opcode : 'seteq' 'setne' 'setle' 'setge' 'setlt' 'setgt'> <InPorts = 2> <OutPorts = 1>
ST_2 : Operation 50 [1/1] (0.28ns)   --->   "%rev13 = xor i1 %ult, i1 1" [/home/izaan/GitRepos/dpdma_exdes/vivado_quad_vmix/kv260_quad_vmix_dp.runs/bd_quad_vmix_dp_v_mix_0_0_synth_1/prj/sol/.autopilot/db/v_mix.cpp:463->/home/izaan/GitRepos/dpdma_exdes/vivado_quad_vmix/kv260_quad_vmix_dp.runs/bd_quad_vmix_dp_v_mix_0_0_synth_1/prj/sol/.autopilot/db/v_mix.cpp:856]   --->   Operation 50 'xor' 'rev13' <Predicate = (!icmp_ln463)> <Delay = 0.28> <CoreInst = "LogicGate">   --->   Core 74 'LogicGate' <Latency = 0> <II = 1> <Delay = 0.28> <FuncUnit> <Opcode : 'and' 'or' 'xor'> <InPorts = 2> <OutPorts = 1>
ST_2 : Operation 51 [1/1] (0.86ns)   --->   "%cmp61_i = icmp_ugt  i17 %add60_i, i17 %zext_ln463" [/home/izaan/GitRepos/dpdma_exdes/vivado_quad_vmix/kv260_quad_vmix_dp.runs/bd_quad_vmix_dp_v_mix_0_0_synth_1/prj/sol/.autopilot/db/v_mix.cpp:449->/home/izaan/GitRepos/dpdma_exdes/vivado_quad_vmix/kv260_quad_vmix_dp.runs/bd_quad_vmix_dp_v_mix_0_0_synth_1/prj/sol/.autopilot/db/v_mix.cpp:856]   --->   Operation 51 'icmp' 'cmp61_i' <Predicate = (!icmp_ln463)> <Delay = 0.86> <CoreInst = "Cmp">   --->   Core 9 'Cmp' <Latency = 0> <II = 1> <Delay = 0.86> <FuncUnit> <Opcode : 'seteq' 'setne' 'setle' 'setge' 'setlt' 'setgt'> <InPorts = 2> <OutPorts = 1>
ST_2 : Operation 52 [2/2] (1.22ns)   --->   "%call_ln450 = call void @v_mix_core_alpha<false, false>.21_Pipeline_VITIS_LOOP_465_3, i11 %div_cast_i, i48 %outLayer3, i48 %outLayer2, i15 %div65_cast_i, i16 %div72_cast_i, i1 %cmp61_i, i1 %rev13, i48 %srcLayer3x, i1 %tmp_6" [/home/izaan/GitRepos/dpdma_exdes/vivado_quad_vmix/kv260_quad_vmix_dp.runs/bd_quad_vmix_dp_v_mix_0_0_synth_1/prj/sol/.autopilot/db/v_mix.cpp:450->/home/izaan/GitRepos/dpdma_exdes/vivado_quad_vmix/kv260_quad_vmix_dp.runs/bd_quad_vmix_dp_v_mix_0_0_synth_1/prj/sol/.autopilot/db/v_mix.cpp:856]   --->   Operation 52 'call' 'call_ln450' <Predicate = (!icmp_ln463)> <Delay = 1.22> <CoreType = "Generic">   --->   Generic Core
ST_2 : Operation 53 [1/1] (0.42ns)   --->   "%store_ln440 = store i12 %add_ln463, i12 %y" [/home/izaan/GitRepos/dpdma_exdes/vivado_quad_vmix/kv260_quad_vmix_dp.runs/bd_quad_vmix_dp_v_mix_0_0_synth_1/prj/sol/.autopilot/db/v_mix.cpp:440->/home/izaan/GitRepos/dpdma_exdes/vivado_quad_vmix/kv260_quad_vmix_dp.runs/bd_quad_vmix_dp_v_mix_0_0_synth_1/prj/sol/.autopilot/db/v_mix.cpp:856]   --->   Operation 53 'store' 'store_ln440' <Predicate = (!icmp_ln463)> <Delay = 0.42>
ST_2 : Operation 54 [1/1] (0.00ns)   --->   "%ret_ln856 = ret" [/home/izaan/GitRepos/dpdma_exdes/vivado_quad_vmix/kv260_quad_vmix_dp.runs/bd_quad_vmix_dp_v_mix_0_0_synth_1/prj/sol/.autopilot/db/v_mix.cpp:856]   --->   Operation 54 'ret' 'ret_ln856' <Predicate = (icmp_ln463)> <Delay = 0.00>

State 3 <SV = 2> <Delay = 1.65>
ST_3 : Operation 55 [1/1] (0.00ns)   --->   "%specloopname_ln463 = specloopname void @_ssdm_op_SpecLoopName, void @empty_12" [/home/izaan/GitRepos/dpdma_exdes/vivado_quad_vmix/kv260_quad_vmix_dp.runs/bd_quad_vmix_dp_v_mix_0_0_synth_1/prj/sol/.autopilot/db/v_mix.cpp:463->/home/izaan/GitRepos/dpdma_exdes/vivado_quad_vmix/kv260_quad_vmix_dp.runs/bd_quad_vmix_dp_v_mix_0_0_synth_1/prj/sol/.autopilot/db/v_mix.cpp:856]   --->   Operation 55 'specloopname' 'specloopname_ln463' <Predicate = true> <Delay = 0.00>
ST_3 : Operation 56 [1/2] (1.65ns)   --->   "%call_ln450 = call void @v_mix_core_alpha<false, false>.21_Pipeline_VITIS_LOOP_465_3, i11 %div_cast_i, i48 %outLayer3, i48 %outLayer2, i15 %div65_cast_i, i16 %div72_cast_i, i1 %cmp61_i, i1 %rev13, i48 %srcLayer3x, i1 %tmp_6" [/home/izaan/GitRepos/dpdma_exdes/vivado_quad_vmix/kv260_quad_vmix_dp.runs/bd_quad_vmix_dp_v_mix_0_0_synth_1/prj/sol/.autopilot/db/v_mix.cpp:450->/home/izaan/GitRepos/dpdma_exdes/vivado_quad_vmix/kv260_quad_vmix_dp.runs/bd_quad_vmix_dp_v_mix_0_0_synth_1/prj/sol/.autopilot/db/v_mix.cpp:856]   --->   Operation 56 'call' 'call_ln450' <Predicate = true> <Delay = 1.65> <CoreType = "Generic">   --->   Generic Core
ST_3 : Operation 57 [1/1] (0.00ns)   --->   "%br_ln463 = br void %VITIS_LOOP_465_3.i" [/home/izaan/GitRepos/dpdma_exdes/vivado_quad_vmix/kv260_quad_vmix_dp.runs/bd_quad_vmix_dp_v_mix_0_0_synth_1/prj/sol/.autopilot/db/v_mix.cpp:463->/home/izaan/GitRepos/dpdma_exdes/vivado_quad_vmix/kv260_quad_vmix_dp.runs/bd_quad_vmix_dp_v_mix_0_0_synth_1/prj/sol/.autopilot/db/v_mix.cpp:856]   --->   Operation 57 'br' 'br_ln463' <Predicate = true> <Delay = 0.00>


============================================================
+ Verbose Summary: Binding
============================================================
STG Binding: 
---------------- STG Properties BEGIN ----------------
- Is combinational: 0
- Is one-state seq: 0
- Is datapath-only: 0
- Is pipelined: 0
- Is top level: 0
Port [ Return ] is wired: 1; IO mode=ap_ctrl_hs:ce=0
Port [ outLayer2]:  wired=1; compound=1; hidden=0; nouse=0; global=0; static=0; extern=0; dir=0; type=3; pingpong=0; private_global=0; IO mode=ap_fifo:ce=0
Port [ srcLayer3x]:  wired=1; compound=1; hidden=0; nouse=0; global=0; static=0; extern=0; dir=0; type=3; pingpong=0; private_global=0; IO mode=ap_fifo:ce=0
Port [ HwReg_width_val]:  wired=1; compound=0; hidden=0; nouse=0; global=0; static=0; extern=0; dir=0; type=0; pingpong=0; private_global=0; IO mode=ap_stable:ce=0
Port [ HwReg_height_val]:  wired=1; compound=0; hidden=0; nouse=0; global=0; static=0; extern=0; dir=0; type=0; pingpong=0; private_global=0; IO mode=ap_stable:ce=0
Port [ HwReg_layerEnable_val25]:  wired=1; compound=1; hidden=0; nouse=0; global=0; static=0; extern=0; dir=0; type=3; pingpong=0; private_global=0; IO mode=ap_fifo:ce=0
Port [ HwReg_layerStartX_3_val28]:  wired=1; compound=1; hidden=0; nouse=0; global=0; static=0; extern=0; dir=0; type=3; pingpong=0; private_global=0; IO mode=ap_fifo:ce=0
Port [ HwReg_layerStartY_3_val32]:  wired=1; compound=1; hidden=0; nouse=0; global=0; static=0; extern=0; dir=0; type=3; pingpong=0; private_global=0; IO mode=ap_fifo:ce=0
Port [ HwReg_layerWidth_3_val]:  wired=1; compound=1; hidden=0; nouse=0; global=0; static=0; extern=0; dir=0; type=3; pingpong=0; private_global=0; IO mode=ap_fifo:ce=0
Port [ HwReg_layerHeight_3_val]:  wired=1; compound=1; hidden=0; nouse=0; global=0; static=0; extern=0; dir=0; type=3; pingpong=0; private_global=0; IO mode=ap_fifo:ce=0
Port [ HwReg_layerScaleFactor_3_val44]:  wired=1; compound=1; hidden=0; nouse=0; global=0; static=0; extern=0; dir=0; type=3; pingpong=0; private_global=0; IO mode=ap_fifo:ce=0
Port [ outLayer3]:  wired=1; compound=1; hidden=0; nouse=0; global=0; static=0; extern=0; dir=1; type=3; pingpong=0; private_global=0; IO mode=ap_fifo:ce=0
Port [ HwReg_layerEnable_val25_c]:  wired=1; compound=1; hidden=0; nouse=0; global=0; static=0; extern=0; dir=1; type=3; pingpong=0; private_global=0; IO mode=ap_fifo:ce=0
---------------- STG Properties END ------------------

---------------- Datapath Model BEGIN ----------------

<LifeTime>
<method=bitvector/>
y                                         (alloca           ) [ 0111]
specinterface_ln0                         (specinterface    ) [ 0000]
HwReg_height_val_read                     (read             ) [ 0011]
HwReg_width_val_read                      (read             ) [ 0000]
HwReg_layerScaleFactor_3_val44_read       (read             ) [ 0000]
specinterface_ln0                         (specinterface    ) [ 0000]
HwReg_layerHeight_3_val_read              (read             ) [ 0000]
specinterface_ln0                         (specinterface    ) [ 0000]
HwReg_layerWidth_3_val_read               (read             ) [ 0000]
specinterface_ln0                         (specinterface    ) [ 0000]
layerStartY                               (read             ) [ 0011]
specinterface_ln0                         (specinterface    ) [ 0000]
layerStartX                               (read             ) [ 0000]
specinterface_ln0                         (specinterface    ) [ 0000]
HwReg_layerEnable_val25_read              (read             ) [ 0000]
specinterface_ln0                         (specinterface    ) [ 0000]
write_ln445                               (write            ) [ 0000]
specstablecontent_ln0                     (specstablecontent) [ 0000]
specstablecontent_ln0                     (specstablecontent) [ 0000]
specinterface_ln0                         (specinterface    ) [ 0000]
specinterface_ln0                         (specinterface    ) [ 0000]
specinterface_ln0                         (specinterface    ) [ 0000]
HwReg_layerScaleFactor_3_val44_readcast   (zext             ) [ 0000]
shl_ln449                                 (shl              ) [ 0000]
HwReg_layerScaleFactor_3_val44_readcast14 (zext             ) [ 0000]
shl_ln450                                 (shl              ) [ 0000]
div_cast_i                                (partselect       ) [ 0011]
hwReg_layerStartY_3_val_cast_i            (zext             ) [ 0000]
layerHeight_cast_i                        (zext             ) [ 0000]
add60_i                                   (add              ) [ 0011]
hwReg_layerStartX_3_val_cast_i            (zext             ) [ 0000]
div65_cast_i                              (partselect       ) [ 0011]
layerWidth_cast_i                         (zext             ) [ 0000]
add71_i                                   (add              ) [ 0000]
div72_cast_i                              (partselect       ) [ 0011]
tmp_6                                     (bitselect        ) [ 0011]
store_ln440                               (store            ) [ 0000]
br_ln463                                  (br               ) [ 0000]
y_21                                      (load             ) [ 0000]
icmp_ln463                                (icmp             ) [ 0011]
speclooptripcount_ln0                     (speclooptripcount) [ 0000]
add_ln463                                 (add              ) [ 0000]
br_ln463                                  (br               ) [ 0000]
zext_ln463                                (zext             ) [ 0000]
zext_ln463_2                              (zext             ) [ 0000]
ult                                       (icmp             ) [ 0000]
rev13                                     (xor              ) [ 0001]
cmp61_i                                   (icmp             ) [ 0001]
store_ln440                               (store            ) [ 0000]
ret_ln856                                 (ret              ) [ 0000]
specloopname_ln463                        (specloopname     ) [ 0000]
call_ln450                                (call             ) [ 0000]
br_ln463                                  (br               ) [ 0000]
</LifeTime>

<model>

<comp_list>
<comp id="0" class="1000" name="outLayer2">
<pin_list>
<pin id="1" dir="1" index="0" bw="1" slack="0"/>
</pin_list>
<bind>
<StgValue><ssdm name="outLayer2"/></StgValue>
</bind>
</comp>

<comp id="2" class="1000" name="srcLayer3x">
<pin_list>
<pin id="3" dir="1" index="0" bw="1" slack="0"/>
</pin_list>
<bind>
<StgValue><ssdm name="srcLayer3x"/></StgValue>
</bind>
</comp>

<comp id="4" class="1000" name="HwReg_width_val">
<pin_list>
<pin id="5" dir="1" index="0" bw="1" slack="0"/>
</pin_list>
<bind>
<StgValue><ssdm name="HwReg_width_val"/></StgValue>
</bind>
</comp>

<comp id="6" class="1000" name="HwReg_height_val">
<pin_list>
<pin id="7" dir="1" index="0" bw="1" slack="0"/>
</pin_list>
<bind>
<StgValue><ssdm name="HwReg_height_val"/></StgValue>
</bind>
</comp>

<comp id="8" class="1000" name="HwReg_layerEnable_val25">
<pin_list>
<pin id="9" dir="1" index="0" bw="1" slack="0"/>
</pin_list>
<bind>
<StgValue><ssdm name="HwReg_layerEnable_val25"/></StgValue>
</bind>
</comp>

<comp id="10" class="1000" name="HwReg_layerStartX_3_val28">
<pin_list>
<pin id="11" dir="1" index="0" bw="1" slack="0"/>
</pin_list>
<bind>
<StgValue><ssdm name="HwReg_layerStartX_3_val28"/></StgValue>
</bind>
</comp>

<comp id="12" class="1000" name="HwReg_layerStartY_3_val32">
<pin_list>
<pin id="13" dir="1" index="0" bw="1" slack="0"/>
</pin_list>
<bind>
<StgValue><ssdm name="HwReg_layerStartY_3_val32"/></StgValue>
</bind>
</comp>

<comp id="14" class="1000" name="HwReg_layerWidth_3_val">
<pin_list>
<pin id="15" dir="1" index="0" bw="1" slack="0"/>
</pin_list>
<bind>
<StgValue><ssdm name="HwReg_layerWidth_3_val"/></StgValue>
</bind>
</comp>

<comp id="16" class="1000" name="HwReg_layerHeight_3_val">
<pin_list>
<pin id="17" dir="1" index="0" bw="1" slack="0"/>
</pin_list>
<bind>
<StgValue><ssdm name="HwReg_layerHeight_3_val"/></StgValue>
</bind>
</comp>

<comp id="18" class="1000" name="HwReg_layerScaleFactor_3_val44">
<pin_list>
<pin id="19" dir="1" index="0" bw="1" slack="0"/>
</pin_list>
<bind>
<StgValue><ssdm name="HwReg_layerScaleFactor_3_val44"/></StgValue>
</bind>
</comp>

<comp id="20" class="1000" name="outLayer3">
<pin_list>
<pin id="21" dir="1" index="0" bw="1" slack="0"/>
</pin_list>
<bind>
<StgValue><ssdm name="outLayer3"/></StgValue>
</bind>
</comp>

<comp id="22" class="1000" name="HwReg_layerEnable_val25_c">
<pin_list>
<pin id="23" dir="1" index="0" bw="1" slack="0"/>
</pin_list>
<bind>
<StgValue><ssdm name="HwReg_layerEnable_val25_c"/></StgValue>
</bind>
</comp>

<comp id="24" class="1001" name="const_24">
<pin_list>
<pin id="25" dir="1" index="0" bw="1" slack="0"/>
</pin_list>
<bind>
<StgValue><ssdm name=""/></StgValue>
</bind>
</comp>

<comp id="26" class="1001" name="const_26">
<pin_list>
<pin id="27" dir="1" index="0" bw="1" slack="2147483647"/>
</pin_list>
<bind>
<StgValue><ssdm name="_ssdm_op_SpecInterface"/></StgValue>
</bind>
</comp>

<comp id="28" class="1001" name="const_28">
<pin_list>
<pin id="29" dir="1" index="0" bw="1" slack="2147483647"/>
</pin_list>
<bind>
<StgValue><ssdm name="ap_fifo_str"/></StgValue>
</bind>
</comp>

<comp id="30" class="1001" name="const_30">
<pin_list>
<pin id="31" dir="1" index="0" bw="1" slack="2147483647"/>
</pin_list>
<bind>
<StgValue><ssdm name=""/></StgValue>
</bind>
</comp>

<comp id="32" class="1001" name="const_32">
<pin_list>
<pin id="33" dir="1" index="0" bw="1" slack="2147483647"/>
</pin_list>
<bind>
<StgValue><ssdm name="p_str"/></StgValue>
</bind>
</comp>

<comp id="34" class="1001" name="const_34">
<pin_list>
<pin id="35" dir="1" index="0" bw="1" slack="2147483647"/>
</pin_list>
<bind>
<StgValue><ssdm name=""/></StgValue>
</bind>
</comp>

<comp id="36" class="1001" name="const_36">
<pin_list>
<pin id="37" dir="1" index="0" bw="1" slack="0"/>
</pin_list>
<bind>
<StgValue><ssdm name=""/></StgValue>
</bind>
</comp>

<comp id="38" class="1001" name="const_38">
<pin_list>
<pin id="39" dir="1" index="0" bw="1" slack="2147483647"/>
</pin_list>
<bind>
<StgValue><ssdm name="ScalarProp_str"/></StgValue>
</bind>
</comp>

<comp id="40" class="1001" name="const_40">
<pin_list>
<pin id="41" dir="1" index="0" bw="1" slack="2147483647"/>
</pin_list>
<bind>
<StgValue><ssdm name=""/></StgValue>
</bind>
</comp>

<comp id="42" class="1001" name="const_42">
<pin_list>
<pin id="43" dir="1" index="0" bw="1" slack="0"/>
</pin_list>
<bind>
<StgValue><ssdm name="_ssdm_op_Read.ap_auto.i12"/></StgValue>
</bind>
</comp>

<comp id="44" class="1001" name="const_44">
<pin_list>
<pin id="45" dir="1" index="0" bw="1" slack="0"/>
</pin_list>
<bind>
<StgValue><ssdm name="_ssdm_op_Read.ap_fifo.i8P0A"/></StgValue>
</bind>
</comp>

<comp id="46" class="1001" name="const_46">
<pin_list>
<pin id="47" dir="1" index="0" bw="1" slack="0"/>
</pin_list>
<bind>
<StgValue><ssdm name="_ssdm_op_Read.ap_fifo.i16P0A"/></StgValue>
</bind>
</comp>

<comp id="48" class="1001" name="const_48">
<pin_list>
<pin id="49" dir="1" index="0" bw="1" slack="0"/>
</pin_list>
<bind>
<StgValue><ssdm name="_ssdm_op_Read.ap_fifo.i5P0A"/></StgValue>
</bind>
</comp>

<comp id="50" class="1001" name="const_50">
<pin_list>
<pin id="51" dir="1" index="0" bw="1" slack="0"/>
</pin_list>
<bind>
<StgValue><ssdm name="_ssdm_op_Write.ap_fifo.i5P0A"/></StgValue>
</bind>
</comp>

<comp id="52" class="1001" name="const_52">
<pin_list>
<pin id="53" dir="1" index="0" bw="1" slack="2147483647"/>
</pin_list>
<bind>
<StgValue><ssdm name="_ssdm_op_SpecStableContent"/></StgValue>
</bind>
</comp>

<comp id="54" class="1001" name="const_54">
<pin_list>
<pin id="55" dir="1" index="0" bw="1" slack="2147483647"/>
</pin_list>
<bind>
<StgValue><ssdm name=""/></StgValue>
</bind>
</comp>

<comp id="56" class="1001" name="const_56">
<pin_list>
<pin id="57" dir="1" index="0" bw="1" slack="2147483647"/>
</pin_list>
<bind>
<StgValue><ssdm name="empty_17"/></StgValue>
</bind>
</comp>

<comp id="58" class="1001" name="const_58">
<pin_list>
<pin id="59" dir="1" index="0" bw="1" slack="2147483647"/>
</pin_list>
<bind>
<StgValue><ssdm name="empty_54"/></StgValue>
</bind>
</comp>

<comp id="60" class="1001" name="const_60">
<pin_list>
<pin id="61" dir="1" index="0" bw="1" slack="0"/>
</pin_list>
<bind>
<StgValue><ssdm name="_ssdm_op_PartSelect.i11.i12.i32.i32"/></StgValue>
</bind>
</comp>

<comp id="62" class="1001" name="const_62">
<pin_list>
<pin id="63" dir="1" index="0" bw="1" slack="0"/>
</pin_list>
<bind>
<StgValue><ssdm name=""/></StgValue>
</bind>
</comp>

<comp id="64" class="1001" name="const_64">
<pin_list>
<pin id="65" dir="1" index="0" bw="1" slack="0"/>
</pin_list>
<bind>
<StgValue><ssdm name="_ssdm_op_PartSelect.i15.i16.i32.i32"/></StgValue>
</bind>
</comp>

<comp id="66" class="1001" name="const_66">
<pin_list>
<pin id="67" dir="1" index="0" bw="1" slack="0"/>
</pin_list>
<bind>
<StgValue><ssdm name=""/></StgValue>
</bind>
</comp>

<comp id="68" class="1001" name="const_68">
<pin_list>
<pin id="69" dir="1" index="0" bw="1" slack="0"/>
</pin_list>
<bind>
<StgValue><ssdm name="_ssdm_op_PartSelect.i16.i17.i32.i32"/></StgValue>
</bind>
</comp>

<comp id="70" class="1001" name="const_70">
<pin_list>
<pin id="71" dir="1" index="0" bw="1" slack="0"/>
</pin_list>
<bind>
<StgValue><ssdm name="_ssdm_op_BitSelect.i1.i5.i32"/></StgValue>
</bind>
</comp>

<comp id="72" class="1001" name="const_72">
<pin_list>
<pin id="73" dir="1" index="0" bw="1" slack="0"/>
</pin_list>
<bind>
<StgValue><ssdm name=""/></StgValue>
</bind>
</comp>

<comp id="74" class="1001" name="const_74">
<pin_list>
<pin id="75" dir="1" index="0" bw="1" slack="0"/>
</pin_list>
<bind>
<StgValue><ssdm name=""/></StgValue>
</bind>
</comp>

<comp id="76" class="1001" name="const_76">
<pin_list>
<pin id="77" dir="1" index="0" bw="1" slack="2147483647"/>
</pin_list>
<bind>
<StgValue><ssdm name="_ssdm_op_SpecLoopTripCount"/></StgValue>
</bind>
</comp>

<comp id="78" class="1001" name="const_78">
<pin_list>
<pin id="79" dir="1" index="0" bw="1" slack="2147483647"/>
</pin_list>
<bind>
<StgValue><ssdm name=""/></StgValue>
</bind>
</comp>

<comp id="80" class="1001" name="const_80">
<pin_list>
<pin id="81" dir="1" index="0" bw="1" slack="2147483647"/>
</pin_list>
<bind>
<StgValue><ssdm name=""/></StgValue>
</bind>
</comp>

<comp id="82" class="1001" name="const_82">
<pin_list>
<pin id="83" dir="1" index="0" bw="1" slack="2147483647"/>
</pin_list>
<bind>
<StgValue><ssdm name=""/></StgValue>
</bind>
</comp>

<comp id="84" class="1001" name="const_84">
<pin_list>
<pin id="85" dir="1" index="0" bw="1" slack="0"/>
</pin_list>
<bind>
<StgValue><ssdm name=""/></StgValue>
</bind>
</comp>

<comp id="86" class="1001" name="const_86">
<pin_list>
<pin id="87" dir="1" index="0" bw="1" slack="0"/>
</pin_list>
<bind>
<StgValue><ssdm name=""/></StgValue>
</bind>
</comp>

<comp id="88" class="1001" name="const_88">
<pin_list>
<pin id="89" dir="1" index="0" bw="1" slack="0"/>
</pin_list>
<bind>
<StgValue><ssdm name="v_mix_core_alpha<false, false>.21_Pipeline_VITIS_LOOP_465_3"/></StgValue>
</bind>
</comp>

<comp id="90" class="1001" name="const_90">
<pin_list>
<pin id="91" dir="1" index="0" bw="1" slack="2147483647"/>
</pin_list>
<bind>
<StgValue><ssdm name="_ssdm_op_SpecLoopName"/></StgValue>
</bind>
</comp>

<comp id="92" class="1001" name="const_92">
<pin_list>
<pin id="93" dir="1" index="0" bw="1" slack="2147483647"/>
</pin_list>
<bind>
<StgValue><ssdm name="empty_12"/></StgValue>
</bind>
</comp>

<comp id="94" class="1004" name="y_fu_94">
<pin_list>
<pin id="95" dir="0" index="0" bw="1" slack="0"/>
<pin id="96" dir="1" index="1" bw="12" slack="0"/>
</pin_list>
<bind>
<opcode="alloca(26) " fcode="alloca"/>
<opset="y/1 "/>
</bind>
</comp>

<comp id="98" class="1004" name="HwReg_height_val_read_read_fu_98">
<pin_list>
<pin id="99" dir="0" index="0" bw="12" slack="0"/>
<pin id="100" dir="0" index="1" bw="12" slack="0"/>
<pin id="101" dir="1" index="2" bw="12" slack="1"/>
</pin_list>
<bind>
<opcode="read(1150) " fcode="read"/>
<opset="HwReg_height_val_read/1 "/>
</bind>
</comp>

<comp id="104" class="1004" name="HwReg_width_val_read_read_fu_104">
<pin_list>
<pin id="105" dir="0" index="0" bw="12" slack="0"/>
<pin id="106" dir="0" index="1" bw="12" slack="0"/>
<pin id="107" dir="1" index="2" bw="12" slack="0"/>
</pin_list>
<bind>
<opcode="read(1150) " fcode="read"/>
<opset="HwReg_width_val_read/1 "/>
</bind>
</comp>

<comp id="110" class="1004" name="HwReg_layerScaleFactor_3_val44_read_read_fu_110">
<pin_list>
<pin id="111" dir="0" index="0" bw="8" slack="0"/>
<pin id="112" dir="0" index="1" bw="8" slack="0"/>
<pin id="113" dir="1" index="2" bw="8" slack="0"/>
</pin_list>
<bind>
<opcode="read(1150) " fcode="read"/>
<opset="HwReg_layerScaleFactor_3_val44_read/1 "/>
</bind>
</comp>

<comp id="116" class="1004" name="HwReg_layerHeight_3_val_read_read_fu_116">
<pin_list>
<pin id="117" dir="0" index="0" bw="16" slack="0"/>
<pin id="118" dir="0" index="1" bw="16" slack="0"/>
<pin id="119" dir="1" index="2" bw="16" slack="0"/>
</pin_list>
<bind>
<opcode="read(1150) " fcode="read"/>
<opset="HwReg_layerHeight_3_val_read/1 "/>
</bind>
</comp>

<comp id="122" class="1004" name="HwReg_layerWidth_3_val_read_read_fu_122">
<pin_list>
<pin id="123" dir="0" index="0" bw="16" slack="0"/>
<pin id="124" dir="0" index="1" bw="16" slack="0"/>
<pin id="125" dir="1" index="2" bw="16" slack="0"/>
</pin_list>
<bind>
<opcode="read(1150) " fcode="read"/>
<opset="HwReg_layerWidth_3_val_read/1 "/>
</bind>
</comp>

<comp id="128" class="1004" name="layerStartY_read_fu_128">
<pin_list>
<pin id="129" dir="0" index="0" bw="16" slack="0"/>
<pin id="130" dir="0" index="1" bw="16" slack="0"/>
<pin id="131" dir="1" index="2" bw="16" slack="0"/>
</pin_list>
<bind>
<opcode="read(1150) " fcode="read"/>
<opset="layerStartY/1 "/>
</bind>
</comp>

<comp id="134" class="1004" name="layerStartX_read_fu_134">
<pin_list>
<pin id="135" dir="0" index="0" bw="16" slack="0"/>
<pin id="136" dir="0" index="1" bw="16" slack="0"/>
<pin id="137" dir="1" index="2" bw="16" slack="0"/>
</pin_list>
<bind>
<opcode="read(1150) " fcode="read"/>
<opset="layerStartX/1 "/>
</bind>
</comp>

<comp id="140" class="1004" name="HwReg_layerEnable_val25_read_read_fu_140">
<pin_list>
<pin id="141" dir="0" index="0" bw="5" slack="0"/>
<pin id="142" dir="0" index="1" bw="5" slack="0"/>
<pin id="143" dir="1" index="2" bw="5" slack="0"/>
</pin_list>
<bind>
<opcode="read(1150) " fcode="read"/>
<opset="HwReg_layerEnable_val25_read/1 "/>
</bind>
</comp>

<comp id="146" class="1004" name="write_ln445_write_fu_146">
<pin_list>
<pin id="147" dir="0" index="0" bw="0" slack="0"/>
<pin id="148" dir="0" index="1" bw="5" slack="0"/>
<pin id="149" dir="0" index="2" bw="5" slack="0"/>
<pin id="150" dir="1" index="3" bw="0" slack="2147483647"/>
</pin_list>
<bind>
<opcode="write(1151) " fcode="write"/>
<opset="write_ln445/1 "/>
</bind>
</comp>

<comp id="154" class="1004" name="grp_v_mix_core_alpha_false_false_21_Pipeline_VITIS_LOOP_465_3_fu_154">
<pin_list>
<pin id="155" dir="0" index="0" bw="0" slack="0"/>
<pin id="156" dir="0" index="1" bw="11" slack="1"/>
<pin id="157" dir="0" index="2" bw="48" slack="0"/>
<pin id="158" dir="0" index="3" bw="48" slack="0"/>
<pin id="159" dir="0" index="4" bw="15" slack="1"/>
<pin id="160" dir="0" index="5" bw="16" slack="1"/>
<pin id="161" dir="0" index="6" bw="1" slack="0"/>
<pin id="162" dir="0" index="7" bw="1" slack="0"/>
<pin id="163" dir="0" index="8" bw="48" slack="0"/>
<pin id="164" dir="0" index="9" bw="1" slack="1"/>
<pin id="165" dir="1" index="10" bw="0" slack="2147483647"/>
</pin_list>
<bind>
<opcode="call(48) " fcode="call"/>
<opset="call_ln450/2 "/>
</bind>
</comp>

<comp id="170" class="1004" name="HwReg_layerScaleFactor_3_val44_readcast_fu_170">
<pin_list>
<pin id="171" dir="0" index="0" bw="8" slack="0"/>
<pin id="172" dir="1" index="1" bw="16" slack="0"/>
</pin_list>
<bind>
<opcode="zext(34) " fcode="zext"/>
<opset="HwReg_layerScaleFactor_3_val44_readcast/1 "/>
</bind>
</comp>

<comp id="174" class="1004" name="shl_ln449_fu_174">
<pin_list>
<pin id="175" dir="0" index="0" bw="16" slack="0"/>
<pin id="176" dir="0" index="1" bw="8" slack="0"/>
<pin id="177" dir="1" index="2" bw="16" slack="0"/>
</pin_list>
<bind>
<opcode="shl(20) " fcode="shl"/>
<opset="shl_ln449/1 "/>
</bind>
</comp>

<comp id="180" class="1004" name="HwReg_layerScaleFactor_3_val44_readcast14_fu_180">
<pin_list>
<pin id="181" dir="0" index="0" bw="8" slack="0"/>
<pin id="182" dir="1" index="1" bw="16" slack="0"/>
</pin_list>
<bind>
<opcode="zext(34) " fcode="zext"/>
<opset="HwReg_layerScaleFactor_3_val44_readcast14/1 "/>
</bind>
</comp>

<comp id="184" class="1004" name="shl_ln450_fu_184">
<pin_list>
<pin id="185" dir="0" index="0" bw="16" slack="0"/>
<pin id="186" dir="0" index="1" bw="8" slack="0"/>
<pin id="187" dir="1" index="2" bw="16" slack="0"/>
</pin_list>
<bind>
<opcode="shl(20) " fcode="shl"/>
<opset="shl_ln450/1 "/>
</bind>
</comp>

<comp id="190" class="1004" name="div_cast_i_fu_190">
<pin_list>
<pin id="191" dir="0" index="0" bw="11" slack="0"/>
<pin id="192" dir="0" index="1" bw="12" slack="0"/>
<pin id="193" dir="0" index="2" bw="1" slack="0"/>
<pin id="194" dir="0" index="3" bw="5" slack="0"/>
<pin id="195" dir="1" index="4" bw="11" slack="1"/>
</pin_list>
<bind>
<opcode="partselect(1002) " fcode="partselect"/>
<opset="div_cast_i/1 "/>
</bind>
</comp>

<comp id="200" class="1004" name="hwReg_layerStartY_3_val_cast_i_fu_200">
<pin_list>
<pin id="201" dir="0" index="0" bw="16" slack="0"/>
<pin id="202" dir="1" index="1" bw="17" slack="0"/>
</pin_list>
<bind>
<opcode="zext(34) " fcode="zext"/>
<opset="hwReg_layerStartY_3_val_cast_i/1 "/>
</bind>
</comp>

<comp id="204" class="1004" name="layerHeight_cast_i_fu_204">
<pin_list>
<pin id="205" dir="0" index="0" bw="16" slack="0"/>
<pin id="206" dir="1" index="1" bw="17" slack="0"/>
</pin_list>
<bind>
<opcode="zext(34) " fcode="zext"/>
<opset="layerHeight_cast_i/1 "/>
</bind>
</comp>

<comp id="208" class="1004" name="add60_i_fu_208">
<pin_list>
<pin id="209" dir="0" index="0" bw="16" slack="0"/>
<pin id="210" dir="0" index="1" bw="16" slack="0"/>
<pin id="211" dir="1" index="2" bw="17" slack="1"/>
</pin_list>
<bind>
<opcode="add(8) " fcode="add"/>
<opset="add60_i/1 "/>
</bind>
</comp>

<comp id="214" class="1004" name="hwReg_layerStartX_3_val_cast_i_fu_214">
<pin_list>
<pin id="215" dir="0" index="0" bw="16" slack="0"/>
<pin id="216" dir="1" index="1" bw="17" slack="0"/>
</pin_list>
<bind>
<opcode="zext(34) " fcode="zext"/>
<opset="hwReg_layerStartX_3_val_cast_i/1 "/>
</bind>
</comp>

<comp id="218" class="1004" name="div65_cast_i_fu_218">
<pin_list>
<pin id="219" dir="0" index="0" bw="15" slack="0"/>
<pin id="220" dir="0" index="1" bw="16" slack="0"/>
<pin id="221" dir="0" index="2" bw="1" slack="0"/>
<pin id="222" dir="0" index="3" bw="5" slack="0"/>
<pin id="223" dir="1" index="4" bw="15" slack="1"/>
</pin_list>
<bind>
<opcode="partselect(1002) " fcode="partselect"/>
<opset="div65_cast_i/1 "/>
</bind>
</comp>

<comp id="228" class="1004" name="layerWidth_cast_i_fu_228">
<pin_list>
<pin id="229" dir="0" index="0" bw="16" slack="0"/>
<pin id="230" dir="1" index="1" bw="17" slack="0"/>
</pin_list>
<bind>
<opcode="zext(34) " fcode="zext"/>
<opset="layerWidth_cast_i/1 "/>
</bind>
</comp>

<comp id="232" class="1004" name="add71_i_fu_232">
<pin_list>
<pin id="233" dir="0" index="0" bw="16" slack="0"/>
<pin id="234" dir="0" index="1" bw="16" slack="0"/>
<pin id="235" dir="1" index="2" bw="17" slack="0"/>
</pin_list>
<bind>
<opcode="add(8) " fcode="add"/>
<opset="add71_i/1 "/>
</bind>
</comp>

<comp id="238" class="1004" name="div72_cast_i_fu_238">
<pin_list>
<pin id="239" dir="0" index="0" bw="16" slack="0"/>
<pin id="240" dir="0" index="1" bw="17" slack="0"/>
<pin id="241" dir="0" index="2" bw="1" slack="0"/>
<pin id="242" dir="0" index="3" bw="6" slack="0"/>
<pin id="243" dir="1" index="4" bw="16" slack="1"/>
</pin_list>
<bind>
<opcode="partselect(1002) " fcode="partselect"/>
<opset="div72_cast_i/1 "/>
</bind>
</comp>

<comp id="248" class="1004" name="tmp_6_fu_248">
<pin_list>
<pin id="249" dir="0" index="0" bw="1" slack="0"/>
<pin id="250" dir="0" index="1" bw="5" slack="0"/>
<pin id="251" dir="0" index="2" bw="3" slack="0"/>
<pin id="252" dir="1" index="3" bw="1" slack="1"/>
</pin_list>
<bind>
<opcode="bitselect(1000) " fcode="bitselect"/>
<opset="tmp_6/1 "/>
</bind>
</comp>

<comp id="256" class="1004" name="store_ln440_store_fu_256">
<pin_list>
<pin id="257" dir="0" index="0" bw="1" slack="0"/>
<pin id="258" dir="0" index="1" bw="12" slack="0"/>
<pin id="259" dir="1" index="2" bw="0" slack="2147483647"/>
</pin_list>
<bind>
<opcode="store(28) " fcode="store"/>
<opset="store_ln440/1 "/>
</bind>
</comp>

<comp id="261" class="1004" name="y_21_load_fu_261">
<pin_list>
<pin id="262" dir="0" index="0" bw="12" slack="1"/>
<pin id="263" dir="1" index="1" bw="12" slack="0"/>
</pin_list>
<bind>
<opcode="load(27) " fcode="load"/>
<opset="y_21/2 "/>
</bind>
</comp>

<comp id="264" class="1004" name="icmp_ln463_fu_264">
<pin_list>
<pin id="265" dir="0" index="0" bw="12" slack="0"/>
<pin id="266" dir="0" index="1" bw="12" slack="1"/>
<pin id="267" dir="1" index="2" bw="1" slack="2147483647"/>
</pin_list>
<bind>
<opcode="icmp(45) " fcode="icmp"/>
<opset="icmp_ln463/2 "/>
</bind>
</comp>

<comp id="269" class="1004" name="add_ln463_fu_269">
<pin_list>
<pin id="270" dir="0" index="0" bw="12" slack="0"/>
<pin id="271" dir="0" index="1" bw="1" slack="0"/>
<pin id="272" dir="1" index="2" bw="12" slack="0"/>
</pin_list>
<bind>
<opcode="add(8) " fcode="add"/>
<opset="add_ln463/2 "/>
</bind>
</comp>

<comp id="275" class="1004" name="zext_ln463_fu_275">
<pin_list>
<pin id="276" dir="0" index="0" bw="12" slack="0"/>
<pin id="277" dir="1" index="1" bw="17" slack="0"/>
</pin_list>
<bind>
<opcode="zext(34) " fcode="zext"/>
<opset="zext_ln463/2 "/>
</bind>
</comp>

<comp id="279" class="1004" name="zext_ln463_2_fu_279">
<pin_list>
<pin id="280" dir="0" index="0" bw="12" slack="0"/>
<pin id="281" dir="1" index="1" bw="16" slack="0"/>
</pin_list>
<bind>
<opcode="zext(34) " fcode="zext"/>
<opset="zext_ln463_2/2 "/>
</bind>
</comp>

<comp id="283" class="1004" name="ult_fu_283">
<pin_list>
<pin id="284" dir="0" index="0" bw="16" slack="0"/>
<pin id="285" dir="0" index="1" bw="16" slack="1"/>
<pin id="286" dir="1" index="2" bw="1" slack="0"/>
</pin_list>
<bind>
<opcode="icmp(45) " fcode="icmp"/>
<opset="ult/2 "/>
</bind>
</comp>

<comp id="288" class="1004" name="rev13_fu_288">
<pin_list>
<pin id="289" dir="0" index="0" bw="1" slack="0"/>
<pin id="290" dir="0" index="1" bw="1" slack="0"/>
<pin id="291" dir="1" index="2" bw="1" slack="0"/>
</pin_list>
<bind>
<opcode="xor(25) " fcode="xor"/>
<opset="rev13/2 "/>
</bind>
</comp>

<comp id="295" class="1004" name="cmp61_i_fu_295">
<pin_list>
<pin id="296" dir="0" index="0" bw="17" slack="1"/>
<pin id="297" dir="0" index="1" bw="17" slack="0"/>
<pin id="298" dir="1" index="2" bw="1" slack="0"/>
</pin_list>
<bind>
<opcode="icmp(45) " fcode="icmp"/>
<opset="cmp61_i/2 "/>
</bind>
</comp>

<comp id="301" class="1004" name="store_ln440_store_fu_301">
<pin_list>
<pin id="302" dir="0" index="0" bw="12" slack="0"/>
<pin id="303" dir="0" index="1" bw="12" slack="1"/>
<pin id="304" dir="1" index="2" bw="0" slack="2147483647"/>
</pin_list>
<bind>
<opcode="store(28) " fcode="store"/>
<opset="store_ln440/2 "/>
</bind>
</comp>

<comp id="306" class="1005" name="y_reg_306">
<pin_list>
<pin id="307" dir="0" index="0" bw="12" slack="0"/>
<pin id="308" dir="1" index="1" bw="12" slack="0"/>
</pin_list>
<bind>
<opset="y "/>
</bind>
</comp>

<comp id="313" class="1005" name="HwReg_height_val_read_reg_313">
<pin_list>
<pin id="314" dir="0" index="0" bw="12" slack="1"/>
<pin id="315" dir="1" index="1" bw="12" slack="1"/>
</pin_list>
<bind>
<opset="HwReg_height_val_read "/>
</bind>
</comp>

<comp id="318" class="1005" name="layerStartY_reg_318">
<pin_list>
<pin id="319" dir="0" index="0" bw="16" slack="1"/>
<pin id="320" dir="1" index="1" bw="16" slack="1"/>
</pin_list>
<bind>
<opset="layerStartY "/>
</bind>
</comp>

<comp id="323" class="1005" name="div_cast_i_reg_323">
<pin_list>
<pin id="324" dir="0" index="0" bw="11" slack="1"/>
<pin id="325" dir="1" index="1" bw="11" slack="1"/>
</pin_list>
<bind>
<opset="div_cast_i "/>
</bind>
</comp>

<comp id="328" class="1005" name="add60_i_reg_328">
<pin_list>
<pin id="329" dir="0" index="0" bw="17" slack="1"/>
<pin id="330" dir="1" index="1" bw="17" slack="1"/>
</pin_list>
<bind>
<opset="add60_i "/>
</bind>
</comp>

<comp id="333" class="1005" name="div65_cast_i_reg_333">
<pin_list>
<pin id="334" dir="0" index="0" bw="15" slack="1"/>
<pin id="335" dir="1" index="1" bw="15" slack="1"/>
</pin_list>
<bind>
<opset="div65_cast_i "/>
</bind>
</comp>

<comp id="338" class="1005" name="div72_cast_i_reg_338">
<pin_list>
<pin id="339" dir="0" index="0" bw="16" slack="1"/>
<pin id="340" dir="1" index="1" bw="16" slack="1"/>
</pin_list>
<bind>
<opset="div72_cast_i "/>
</bind>
</comp>

<comp id="343" class="1005" name="tmp_6_reg_343">
<pin_list>
<pin id="344" dir="0" index="0" bw="1" slack="1"/>
<pin id="345" dir="1" index="1" bw="1" slack="1"/>
</pin_list>
<bind>
<opset="tmp_6 "/>
</bind>
</comp>

<comp id="351" class="1005" name="rev13_reg_351">
<pin_list>
<pin id="352" dir="0" index="0" bw="1" slack="1"/>
<pin id="353" dir="1" index="1" bw="1" slack="1"/>
</pin_list>
<bind>
<opset="rev13 "/>
</bind>
</comp>

<comp id="356" class="1005" name="cmp61_i_reg_356">
<pin_list>
<pin id="357" dir="0" index="0" bw="1" slack="1"/>
<pin id="358" dir="1" index="1" bw="1" slack="1"/>
</pin_list>
<bind>
<opset="cmp61_i "/>
</bind>
</comp>

</comp_list>

<net_list>
<net id="97"><net_src comp="24" pin="0"/><net_sink comp="94" pin=0"/></net>

<net id="102"><net_src comp="42" pin="0"/><net_sink comp="98" pin=0"/></net>

<net id="103"><net_src comp="6" pin="0"/><net_sink comp="98" pin=1"/></net>

<net id="108"><net_src comp="42" pin="0"/><net_sink comp="104" pin=0"/></net>

<net id="109"><net_src comp="4" pin="0"/><net_sink comp="104" pin=1"/></net>

<net id="114"><net_src comp="44" pin="0"/><net_sink comp="110" pin=0"/></net>

<net id="115"><net_src comp="18" pin="0"/><net_sink comp="110" pin=1"/></net>

<net id="120"><net_src comp="46" pin="0"/><net_sink comp="116" pin=0"/></net>

<net id="121"><net_src comp="16" pin="0"/><net_sink comp="116" pin=1"/></net>

<net id="126"><net_src comp="46" pin="0"/><net_sink comp="122" pin=0"/></net>

<net id="127"><net_src comp="14" pin="0"/><net_sink comp="122" pin=1"/></net>

<net id="132"><net_src comp="46" pin="0"/><net_sink comp="128" pin=0"/></net>

<net id="133"><net_src comp="12" pin="0"/><net_sink comp="128" pin=1"/></net>

<net id="138"><net_src comp="46" pin="0"/><net_sink comp="134" pin=0"/></net>

<net id="139"><net_src comp="10" pin="0"/><net_sink comp="134" pin=1"/></net>

<net id="144"><net_src comp="48" pin="0"/><net_sink comp="140" pin=0"/></net>

<net id="145"><net_src comp="8" pin="0"/><net_sink comp="140" pin=1"/></net>

<net id="151"><net_src comp="50" pin="0"/><net_sink comp="146" pin=0"/></net>

<net id="152"><net_src comp="22" pin="0"/><net_sink comp="146" pin=1"/></net>

<net id="153"><net_src comp="140" pin="2"/><net_sink comp="146" pin=2"/></net>

<net id="166"><net_src comp="88" pin="0"/><net_sink comp="154" pin=0"/></net>

<net id="167"><net_src comp="20" pin="0"/><net_sink comp="154" pin=2"/></net>

<net id="168"><net_src comp="0" pin="0"/><net_sink comp="154" pin=3"/></net>

<net id="169"><net_src comp="2" pin="0"/><net_sink comp="154" pin=8"/></net>

<net id="173"><net_src comp="110" pin="2"/><net_sink comp="170" pin=0"/></net>

<net id="178"><net_src comp="116" pin="2"/><net_sink comp="174" pin=0"/></net>

<net id="179"><net_src comp="170" pin="1"/><net_sink comp="174" pin=1"/></net>

<net id="183"><net_src comp="110" pin="2"/><net_sink comp="180" pin=0"/></net>

<net id="188"><net_src comp="122" pin="2"/><net_sink comp="184" pin=0"/></net>

<net id="189"><net_src comp="180" pin="1"/><net_sink comp="184" pin=1"/></net>

<net id="196"><net_src comp="60" pin="0"/><net_sink comp="190" pin=0"/></net>

<net id="197"><net_src comp="104" pin="2"/><net_sink comp="190" pin=1"/></net>

<net id="198"><net_src comp="24" pin="0"/><net_sink comp="190" pin=2"/></net>

<net id="199"><net_src comp="62" pin="0"/><net_sink comp="190" pin=3"/></net>

<net id="203"><net_src comp="128" pin="2"/><net_sink comp="200" pin=0"/></net>

<net id="207"><net_src comp="174" pin="2"/><net_sink comp="204" pin=0"/></net>

<net id="212"><net_src comp="204" pin="1"/><net_sink comp="208" pin=0"/></net>

<net id="213"><net_src comp="200" pin="1"/><net_sink comp="208" pin=1"/></net>

<net id="217"><net_src comp="134" pin="2"/><net_sink comp="214" pin=0"/></net>

<net id="224"><net_src comp="64" pin="0"/><net_sink comp="218" pin=0"/></net>

<net id="225"><net_src comp="134" pin="2"/><net_sink comp="218" pin=1"/></net>

<net id="226"><net_src comp="24" pin="0"/><net_sink comp="218" pin=2"/></net>

<net id="227"><net_src comp="66" pin="0"/><net_sink comp="218" pin=3"/></net>

<net id="231"><net_src comp="184" pin="2"/><net_sink comp="228" pin=0"/></net>

<net id="236"><net_src comp="228" pin="1"/><net_sink comp="232" pin=0"/></net>

<net id="237"><net_src comp="214" pin="1"/><net_sink comp="232" pin=1"/></net>

<net id="244"><net_src comp="68" pin="0"/><net_sink comp="238" pin=0"/></net>

<net id="245"><net_src comp="232" pin="2"/><net_sink comp="238" pin=1"/></net>

<net id="246"><net_src comp="24" pin="0"/><net_sink comp="238" pin=2"/></net>

<net id="247"><net_src comp="36" pin="0"/><net_sink comp="238" pin=3"/></net>

<net id="253"><net_src comp="70" pin="0"/><net_sink comp="248" pin=0"/></net>

<net id="254"><net_src comp="140" pin="2"/><net_sink comp="248" pin=1"/></net>

<net id="255"><net_src comp="72" pin="0"/><net_sink comp="248" pin=2"/></net>

<net id="260"><net_src comp="74" pin="0"/><net_sink comp="256" pin=0"/></net>

<net id="268"><net_src comp="261" pin="1"/><net_sink comp="264" pin=0"/></net>

<net id="273"><net_src comp="261" pin="1"/><net_sink comp="269" pin=0"/></net>

<net id="274"><net_src comp="84" pin="0"/><net_sink comp="269" pin=1"/></net>

<net id="278"><net_src comp="261" pin="1"/><net_sink comp="275" pin=0"/></net>

<net id="282"><net_src comp="261" pin="1"/><net_sink comp="279" pin=0"/></net>

<net id="287"><net_src comp="279" pin="1"/><net_sink comp="283" pin=0"/></net>

<net id="292"><net_src comp="283" pin="2"/><net_sink comp="288" pin=0"/></net>

<net id="293"><net_src comp="86" pin="0"/><net_sink comp="288" pin=1"/></net>

<net id="294"><net_src comp="288" pin="2"/><net_sink comp="154" pin=7"/></net>

<net id="299"><net_src comp="275" pin="1"/><net_sink comp="295" pin=1"/></net>

<net id="300"><net_src comp="295" pin="2"/><net_sink comp="154" pin=6"/></net>

<net id="305"><net_src comp="269" pin="2"/><net_sink comp="301" pin=0"/></net>

<net id="309"><net_src comp="94" pin="1"/><net_sink comp="306" pin=0"/></net>

<net id="310"><net_src comp="306" pin="1"/><net_sink comp="256" pin=1"/></net>

<net id="311"><net_src comp="306" pin="1"/><net_sink comp="261" pin=0"/></net>

<net id="312"><net_src comp="306" pin="1"/><net_sink comp="301" pin=1"/></net>

<net id="316"><net_src comp="98" pin="2"/><net_sink comp="313" pin=0"/></net>

<net id="317"><net_src comp="313" pin="1"/><net_sink comp="264" pin=1"/></net>

<net id="321"><net_src comp="128" pin="2"/><net_sink comp="318" pin=0"/></net>

<net id="322"><net_src comp="318" pin="1"/><net_sink comp="283" pin=1"/></net>

<net id="326"><net_src comp="190" pin="4"/><net_sink comp="323" pin=0"/></net>

<net id="327"><net_src comp="323" pin="1"/><net_sink comp="154" pin=1"/></net>

<net id="331"><net_src comp="208" pin="2"/><net_sink comp="328" pin=0"/></net>

<net id="332"><net_src comp="328" pin="1"/><net_sink comp="295" pin=0"/></net>

<net id="336"><net_src comp="218" pin="4"/><net_sink comp="333" pin=0"/></net>

<net id="337"><net_src comp="333" pin="1"/><net_sink comp="154" pin=4"/></net>

<net id="341"><net_src comp="238" pin="4"/><net_sink comp="338" pin=0"/></net>

<net id="342"><net_src comp="338" pin="1"/><net_sink comp="154" pin=5"/></net>

<net id="346"><net_src comp="248" pin="3"/><net_sink comp="343" pin=0"/></net>

<net id="347"><net_src comp="343" pin="1"/><net_sink comp="154" pin=9"/></net>

<net id="354"><net_src comp="288" pin="2"/><net_sink comp="351" pin=0"/></net>

<net id="355"><net_src comp="351" pin="1"/><net_sink comp="154" pin=7"/></net>

<net id="359"><net_src comp="295" pin="2"/><net_sink comp="356" pin=0"/></net>

<net id="360"><net_src comp="356" pin="1"/><net_sink comp="154" pin=6"/></net>

</net_list>

</model> 
---------------- Datapath Model END ------------------

* FSMD analyzer results:
  - Output states:
	Port: outLayer3 | {2 3 }
	Port: HwReg_layerEnable_val25_c | {1 }
 - Input state : 
	Port: v_mix_core_alpha<false, false>.21 : outLayer2 | {2 3 }
	Port: v_mix_core_alpha<false, false>.21 : srcLayer3x | {2 3 }
	Port: v_mix_core_alpha<false, false>.21 : HwReg_width_val | {1 }
	Port: v_mix_core_alpha<false, false>.21 : HwReg_height_val | {1 }
	Port: v_mix_core_alpha<false, false>.21 : HwReg_layerEnable_val25 | {1 }
	Port: v_mix_core_alpha<false, false>.21 : HwReg_layerStartX_3_val28 | {1 }
	Port: v_mix_core_alpha<false, false>.21 : HwReg_layerStartY_3_val32 | {1 }
	Port: v_mix_core_alpha<false, false>.21 : HwReg_layerWidth_3_val | {1 }
	Port: v_mix_core_alpha<false, false>.21 : HwReg_layerHeight_3_val | {1 }
	Port: v_mix_core_alpha<false, false>.21 : HwReg_layerScaleFactor_3_val44 | {1 }
  - Chain level:
	State 1
		shl_ln449 : 1
		shl_ln450 : 1
		layerHeight_cast_i : 2
		add60_i : 3
		layerWidth_cast_i : 2
		add71_i : 3
		div72_cast_i : 4
		store_ln440 : 1
	State 2
		icmp_ln463 : 1
		add_ln463 : 1
		br_ln463 : 2
		zext_ln463 : 1
		zext_ln463_2 : 1
		ult : 2
		rev13 : 3
		cmp61_i : 2
		call_ln450 : 3
		store_ln440 : 2
	State 3


============================================================
+ Verbose Summary: Datapath Resource usage 
============================================================

* Functional unit list:
|----------|----------------------------------------------------------------------|---------|---------|
| Operation|                            Functional Unit                           |    FF   |   LUT   |
|----------|----------------------------------------------------------------------|---------|---------|
|   call   | grp_v_mix_core_alpha_false_false_21_Pipeline_VITIS_LOOP_465_3_fu_154 |    62   |    89   |
|----------|----------------------------------------------------------------------|---------|---------|
|    shl   |                           shl_ln449_fu_174                           |    0    |    35   |
|          |                           shl_ln450_fu_184                           |    0    |    35   |
|----------|----------------------------------------------------------------------|---------|---------|
|          |                           icmp_ln463_fu_264                          |    0    |    19   |
|   icmp   |                              ult_fu_283                              |    0    |    23   |
|          |                            cmp61_i_fu_295                            |    0    |    24   |
|----------|----------------------------------------------------------------------|---------|---------|
|          |                            add60_i_fu_208                            |    0    |    23   |
|    add   |                            add71_i_fu_232                            |    0    |    23   |
|          |                           add_ln463_fu_269                           |    0    |    19   |
|----------|----------------------------------------------------------------------|---------|---------|
|    xor   |                             rev13_fu_288                             |    0    |    2    |
|----------|----------------------------------------------------------------------|---------|---------|
|          |                   HwReg_height_val_read_read_fu_98                   |    0    |    0    |
|          |                   HwReg_width_val_read_read_fu_104                   |    0    |    0    |
|          |            HwReg_layerScaleFactor_3_val44_read_read_fu_110           |    0    |    0    |
|   read   |               HwReg_layerHeight_3_val_read_read_fu_116               |    0    |    0    |
|          |                HwReg_layerWidth_3_val_read_read_fu_122               |    0    |    0    |
|          |                        layerStartY_read_fu_128                       |    0    |    0    |
|          |                        layerStartX_read_fu_134                       |    0    |    0    |
|          |               HwReg_layerEnable_val25_read_read_fu_140               |    0    |    0    |
|----------|----------------------------------------------------------------------|---------|---------|
|   write  |                       write_ln445_write_fu_146                       |    0    |    0    |
|----------|----------------------------------------------------------------------|---------|---------|
|          |            HwReg_layerScaleFactor_3_val44_readcast_fu_170            |    0    |    0    |
|          |           HwReg_layerScaleFactor_3_val44_readcast14_fu_180           |    0    |    0    |
|          |                 hwReg_layerStartY_3_val_cast_i_fu_200                |    0    |    0    |
|   zext   |                       layerHeight_cast_i_fu_204                      |    0    |    0    |
|          |                 hwReg_layerStartX_3_val_cast_i_fu_214                |    0    |    0    |
|          |                       layerWidth_cast_i_fu_228                       |    0    |    0    |
|          |                           zext_ln463_fu_275                          |    0    |    0    |
|          |                          zext_ln463_2_fu_279                         |    0    |    0    |
|----------|----------------------------------------------------------------------|---------|---------|
|          |                           div_cast_i_fu_190                          |    0    |    0    |
|partselect|                          div65_cast_i_fu_218                         |    0    |    0    |
|          |                          div72_cast_i_fu_238                         |    0    |    0    |
|----------|----------------------------------------------------------------------|---------|---------|
| bitselect|                             tmp_6_fu_248                             |    0    |    0    |
|----------|----------------------------------------------------------------------|---------|---------|
|   Total  |                                                                      |    62   |   292   |
|----------|----------------------------------------------------------------------|---------|---------|

Memories:
N/A

* Register list:
+-----------------------------+--------+
|                             |   FF   |
+-----------------------------+--------+
|HwReg_height_val_read_reg_313|   12   |
|       add60_i_reg_328       |   17   |
|       cmp61_i_reg_356       |    1   |
|     div65_cast_i_reg_333    |   15   |
|     div72_cast_i_reg_338    |   16   |
|      div_cast_i_reg_323     |   11   |
|     layerStartY_reg_318     |   16   |
|        rev13_reg_351        |    1   |
|        tmp_6_reg_343        |    1   |
|          y_reg_306          |   12   |
+-----------------------------+--------+
|            Total            |   102  |
+-----------------------------+--------+

* Multiplexer (MUX) list: 
|----------------------------------------------------------------------|------|------|------|--------||---------||---------||---------|
|                                 Comp                                 |  Pin | Size |  BW  | S x BW ||  Delay  ||    FF   ||   LUT   |
|----------------------------------------------------------------------|------|------|------|--------||---------||---------||---------|
| grp_v_mix_core_alpha_false_false_21_Pipeline_VITIS_LOOP_465_3_fu_154 |  p6  |   2  |   1  |    2   ||    0    ||    9    |
| grp_v_mix_core_alpha_false_false_21_Pipeline_VITIS_LOOP_465_3_fu_154 |  p7  |   2  |   1  |    2   ||    0    ||    9    |
|----------------------------------------------------------------------|------|------|------|--------||---------||---------||---------|
|                                 Total                                |      |      |      |    4   ||  0.854  ||    0    ||    18   |
|----------------------------------------------------------------------|------|------|------|--------||---------||---------||---------|



* Summary:
+-----------+--------+--------+--------+
|           |  Delay |   FF   |   LUT  |
+-----------+--------+--------+--------+
|  Function |    -   |   62   |   292  |
|   Memory  |    -   |    -   |    -   |
|Multiplexer|    0   |    0   |   18   |
|  Register |    -   |   102  |    -   |
+-----------+--------+--------+--------+
|   Total   |    0   |   164  |   310  |
+-----------+--------+--------+--------+
