

================================================================
== Vitis HLS Report for 'v_mix_422_to_444_false_7'
================================================================
* Date:           Mon Apr 27 12:26:49 2026

* Version:        2024.2 (Build 5238294 on Nov  8 2024)
* Project:        prj
* Solution:       sol (Vivado IP Flow Target)
* Product family: zynquplus
* Target device:  xck26-sfvc784-2LV-c


================================================================
== Performance Estimates
================================================================
+ Timing: 
    * Summary: 
    +--------+---------+----------+------------+
    |  Clock |  Target | Estimated| Uncertainty|
    +--------+---------+----------+------------+
    |ap_clk  |  6.67 ns|  3.676 ns|     1.80 ns|
    +--------+---------+----------+------------+

+ Latency: 
    * Summary: 
    +---------+---------+----------+-----------+-----+---------+---------+
    |  Latency (cycles) |  Latency (absolute)  |    Interval   | Pipeline|
    |   min   |   max   |    min   |    max    | min |   max   |   Type  |
    +---------+---------+----------+-----------+-----+---------+---------+
    |        1|  4155841|  6.667 ns|  27.707 ms|    1|  4155841|       no|
    +---------+---------+----------+-----------+-----+---------+---------+

    + Detail: 
        * Instance: 
        +---------------------------------------------------------------+----------------------------------------------------+---------+---------+-----------+-----------+-----+------+------------------------------------------------+
        |                                                               |                                                    |  Latency (cycles) |   Latency (absolute)  |  Interval  |                    Pipeline                    |
        |                            Instance                           |                       Module                       |   min   |   max   |    min    |    max    | min |  max |                      Type                      |
        +---------------------------------------------------------------+----------------------------------------------------+---------+---------+-----------+-----------+-----+------+------------------------------------------------+
        |grp_v_mix_422_to_444_false_7_Pipeline_VITIS_LOOP_105_2_fu_112  |v_mix_422_to_444_false_7_Pipeline_VITIS_LOOP_105_2  |        2|     1922|  13.334 ns|  12.814 us|    1|  1921|  loop auto-rewind stp (delay=0 clock cycles(s))|
        +---------------------------------------------------------------+----------------------------------------------------+---------+---------+-----------+-----------+-----+------+------------------------------------------------+

        * Loop: 
        +--------------------+---------+---------+----------+-----------+-----------+----------+----------+
        |                    |  Latency (cycles) | Iteration|  Initiation Interval  |   Trip   |          |
        |      Loop Name     |   min   |   max   |  Latency |  achieved |   target  |   Count  | Pipelined|
        +--------------------+---------+---------+----------+-----------+-----------+----------+----------+
        |- VITIS_LOOP_103_1  |        0|  4155840|  4 ~ 1924|          -|          -|  0 ~ 2160|        no|
        +--------------------+---------+---------+----------+-----------+-----------+----------+----------+



================================================================
== Utilization Estimates
================================================================
* Summary: 
+-----------------+---------+------+--------+--------+-----+
|       Name      | BRAM_18K|  DSP |   FF   |   LUT  | URAM|
+-----------------+---------+------+--------+--------+-----+
|DSP              |        -|     -|       -|       -|    -|
|Expression       |        -|     -|       0|      40|    -|
|FIFO             |        -|     -|       -|       -|    -|
|Instance         |        -|     -|      14|      96|    -|
|Memory           |        -|     -|       -|       -|    -|
|Multiplexer      |        -|     -|       0|     101|    -|
|Register         |        -|     -|      42|       -|    -|
+-----------------+---------+------+--------+--------+-----+
|Total            |        0|     0|      56|     237|    0|
+-----------------+---------+------+--------+--------+-----+
|Available        |      288|  1248|  234240|  117120|   64|
+-----------------+---------+------+--------+--------+-----+
|Utilization (%)  |        0|     0|      ~0|      ~0|    0|
+-----------------+---------+------+--------+--------+-----+

+ Detail: 
    * Instance: 
    +---------------------------------------------------------------+----------------------------------------------------+---------+----+----+----+-----+
    |                            Instance                           |                       Module                       | BRAM_18K| DSP| FF | LUT| URAM|
    +---------------------------------------------------------------+----------------------------------------------------+---------+----+----+----+-----+
    |grp_v_mix_422_to_444_false_7_Pipeline_VITIS_LOOP_105_2_fu_112  |v_mix_422_to_444_false_7_Pipeline_VITIS_LOOP_105_2  |        0|   0|  14|  96|    0|
    +---------------------------------------------------------------+----------------------------------------------------+---------+----+----+----+-----+
    |Total                                                          |                                                    |        0|   0|  14|  96|    0|
    +---------------------------------------------------------------+----------------------------------------------------+---------+----+----+----+-----+

    * DSP: 
    N/A

    * Memory: 
    N/A

    * FIFO: 
    N/A

    * Expression: 
    +----------------------+----------+----+---+----+------------+------------+
    |     Variable Name    | Operation| DSP| FF| LUT| Bitwidth P0| Bitwidth P1|
    +----------------------+----------+----+---+----+------------+------------+
    |y_26_fu_148_p2        |         +|   0|  0|  19|          12|           1|
    |icmp_ln103_fu_143_p2  |      icmp|   0|  0|  19|          12|          12|
    |ap_block_state1       |        or|   0|  0|   2|           1|           1|
    +----------------------+----------+----+---+----+------------+------------+
    |Total                 |          |   0|  0|  40|          25|          14|
    +----------------------+----------+----+---+----+------------+------------+

    * Multiplexer: 
    +---------------------------------------+----+-----------+-----+-----------+
    |                  Name                 | LUT| Input Size| Bits| Total Bits|
    +---------------------------------------+----+-----------+-----+-----------+
    |HwReg_layerEnableFlag_1_val_blk_n      |   9|          2|    1|          2|
    |HwReg_layerEnableFlag_1_val_c27_blk_n  |   9|          2|    1|          2|
    |HwReg_layerHeight_1_val_blk_n          |   9|          2|    1|          2|
    |HwReg_layerHeight_1_val_c56_blk_n      |   9|          2|    1|          2|
    |HwReg_layerWidth_1_val_blk_n           |   9|          2|    1|          2|
    |HwReg_layerWidth_1_val_c40_blk_n       |   9|          2|    1|          2|
    |ap_NS_fsm                              |  20|          4|    1|          4|
    |ap_done                                |   9|          2|    1|          2|
    |real_start                             |   9|          2|    1|          2|
    |y_fu_66                                |   9|          2|   12|         24|
    +---------------------------------------+----+-----------+-----+-----------+
    |Total                                  | 101|         22|   21|         44|
    +---------------------------------------+----+-----------+-----+-----------+

    * Register: 
    +----------------------------------------------------------------------------+----+----+-----+-----------+
    |                                    Name                                    | FF | LUT| Bits| Const Bits|
    +----------------------------------------------------------------------------+----+----+-----+-----------+
    |ap_CS_fsm                                                                   |   3|   0|    3|          0|
    |ap_done_reg                                                                 |   1|   0|    1|          0|
    |grp_v_mix_422_to_444_false_7_Pipeline_VITIS_LOOP_105_2_fu_112_ap_start_reg  |   1|   0|    1|          0|
    |height_reg_163                                                              |  12|   0|   12|          0|
    |layerEnableFlag_reg_159                                                     |   1|   0|    1|          0|
    |start_once_reg                                                              |   1|   0|    1|          0|
    |trunc_ln_reg_175                                                            |  11|   0|   11|          0|
    |y_fu_66                                                                     |  12|   0|   12|          0|
    +----------------------------------------------------------------------------+----+----+-----+-----------+
    |Total                                                                       |  42|   0|   42|          0|
    +----------------------------------------------------------------------------+----+----+-----+-----------+



================================================================
== Interface
================================================================
* Summary: 
+------------------------------------------------+-----+-----+------------+---------------------------------+--------------+
|                    RTL Ports                   | Dir | Bits|  Protocol  |          Source Object          |    C Type    |
+------------------------------------------------+-----+-----+------------+---------------------------------+--------------+
|ap_clk                                          |   in|    1|  ap_ctrl_hs|        v_mix_422_to_444<false>.7|  return value|
|ap_rst                                          |   in|    1|  ap_ctrl_hs|        v_mix_422_to_444<false>.7|  return value|
|ap_start                                        |   in|    1|  ap_ctrl_hs|        v_mix_422_to_444<false>.7|  return value|
|start_full_n                                    |   in|    1|  ap_ctrl_hs|        v_mix_422_to_444<false>.7|  return value|
|ap_done                                         |  out|    1|  ap_ctrl_hs|        v_mix_422_to_444<false>.7|  return value|
|ap_continue                                     |   in|    1|  ap_ctrl_hs|        v_mix_422_to_444<false>.7|  return value|
|ap_idle                                         |  out|    1|  ap_ctrl_hs|        v_mix_422_to_444<false>.7|  return value|
|ap_ready                                        |  out|    1|  ap_ctrl_hs|        v_mix_422_to_444<false>.7|  return value|
|start_out                                       |  out|    1|  ap_ctrl_hs|        v_mix_422_to_444<false>.7|  return value|
|start_write                                     |  out|    1|  ap_ctrl_hs|        v_mix_422_to_444<false>.7|  return value|
|srcLayer1Yuv422_dout                            |   in|   48|     ap_fifo|                  srcLayer1Yuv422|       pointer|
|srcLayer1Yuv422_empty_n                         |   in|    1|     ap_fifo|                  srcLayer1Yuv422|       pointer|
|srcLayer1Yuv422_read                            |  out|    1|     ap_fifo|                  srcLayer1Yuv422|       pointer|
|srcLayer1Yuv422_num_data_valid                  |   in|    3|     ap_fifo|                  srcLayer1Yuv422|       pointer|
|srcLayer1Yuv422_fifo_cap                        |   in|    3|     ap_fifo|                  srcLayer1Yuv422|       pointer|
|HwReg_layerHeight_1_val_dout                    |   in|   16|     ap_fifo|          HwReg_layerHeight_1_val|       pointer|
|HwReg_layerHeight_1_val_empty_n                 |   in|    1|     ap_fifo|          HwReg_layerHeight_1_val|       pointer|
|HwReg_layerHeight_1_val_read                    |  out|    1|     ap_fifo|          HwReg_layerHeight_1_val|       pointer|
|HwReg_layerHeight_1_val_num_data_valid          |   in|    3|     ap_fifo|          HwReg_layerHeight_1_val|       pointer|
|HwReg_layerHeight_1_val_fifo_cap                |   in|    3|     ap_fifo|          HwReg_layerHeight_1_val|       pointer|
|HwReg_layerWidth_1_val_dout                     |   in|   16|     ap_fifo|           HwReg_layerWidth_1_val|       pointer|
|HwReg_layerWidth_1_val_empty_n                  |   in|    1|     ap_fifo|           HwReg_layerWidth_1_val|       pointer|
|HwReg_layerWidth_1_val_read                     |  out|    1|     ap_fifo|           HwReg_layerWidth_1_val|       pointer|
|HwReg_layerWidth_1_val_num_data_valid           |   in|    3|     ap_fifo|           HwReg_layerWidth_1_val|       pointer|
|HwReg_layerWidth_1_val_fifo_cap                 |   in|    3|     ap_fifo|           HwReg_layerWidth_1_val|       pointer|
|HwReg_layerEnableFlag_1_val_dout                |   in|    1|     ap_fifo|      HwReg_layerEnableFlag_1_val|       pointer|
|HwReg_layerEnableFlag_1_val_empty_n             |   in|    1|     ap_fifo|      HwReg_layerEnableFlag_1_val|       pointer|
|HwReg_layerEnableFlag_1_val_read                |  out|    1|     ap_fifo|      HwReg_layerEnableFlag_1_val|       pointer|
|HwReg_layerEnableFlag_1_val_num_data_valid      |   in|    3|     ap_fifo|      HwReg_layerEnableFlag_1_val|       pointer|
|HwReg_layerEnableFlag_1_val_fifo_cap            |   in|    3|     ap_fifo|      HwReg_layerEnableFlag_1_val|       pointer|
|srcLayer1Yuv_din                                |  out|   48|     ap_fifo|                     srcLayer1Yuv|       pointer|
|srcLayer1Yuv_full_n                             |   in|    1|     ap_fifo|                     srcLayer1Yuv|       pointer|
|srcLayer1Yuv_write                              |  out|    1|     ap_fifo|                     srcLayer1Yuv|       pointer|
|srcLayer1Yuv_num_data_valid                     |   in|   32|     ap_fifo|                     srcLayer1Yuv|       pointer|
|srcLayer1Yuv_fifo_cap                           |   in|   32|     ap_fifo|                     srcLayer1Yuv|       pointer|
|HwReg_layerEnableFlag_1_val_c27_din             |  out|    1|     ap_fifo|  HwReg_layerEnableFlag_1_val_c27|       pointer|
|HwReg_layerEnableFlag_1_val_c27_full_n          |   in|    1|     ap_fifo|  HwReg_layerEnableFlag_1_val_c27|       pointer|
|HwReg_layerEnableFlag_1_val_c27_write           |  out|    1|     ap_fifo|  HwReg_layerEnableFlag_1_val_c27|       pointer|
|HwReg_layerEnableFlag_1_val_c27_num_data_valid  |   in|    3|     ap_fifo|  HwReg_layerEnableFlag_1_val_c27|       pointer|
|HwReg_layerEnableFlag_1_val_c27_fifo_cap        |   in|    3|     ap_fifo|  HwReg_layerEnableFlag_1_val_c27|       pointer|
|HwReg_layerWidth_1_val_c40_din                  |  out|   16|     ap_fifo|       HwReg_layerWidth_1_val_c40|       pointer|
|HwReg_layerWidth_1_val_c40_full_n               |   in|    1|     ap_fifo|       HwReg_layerWidth_1_val_c40|       pointer|
|HwReg_layerWidth_1_val_c40_write                |  out|    1|     ap_fifo|       HwReg_layerWidth_1_val_c40|       pointer|
|HwReg_layerWidth_1_val_c40_num_data_valid       |   in|    3|     ap_fifo|       HwReg_layerWidth_1_val_c40|       pointer|
|HwReg_layerWidth_1_val_c40_fifo_cap             |   in|    3|     ap_fifo|       HwReg_layerWidth_1_val_c40|       pointer|
|HwReg_layerHeight_1_val_c56_din                 |  out|   16|     ap_fifo|      HwReg_layerHeight_1_val_c56|       pointer|
|HwReg_layerHeight_1_val_c56_full_n              |   in|    1|     ap_fifo|      HwReg_layerHeight_1_val_c56|       pointer|
|HwReg_layerHeight_1_val_c56_write               |  out|    1|     ap_fifo|      HwReg_layerHeight_1_val_c56|       pointer|
|HwReg_layerHeight_1_val_c56_num_data_valid      |   in|    3|     ap_fifo|      HwReg_layerHeight_1_val_c56|       pointer|
|HwReg_layerHeight_1_val_c56_fifo_cap            |   in|    3|     ap_fifo|      HwReg_layerHeight_1_val_c56|       pointer|
+------------------------------------------------+-----+-----+------------+---------------------------------+--------------+

============================================================
+ Verbose Summary: Synthesis Manager
============================================================
InlineROM: 1
ExposeGlobal: 0
============================================================
+ Verbose Summary: CDFG Model
============================================================
IsTopModel: 0
ResetActiveHigh: 1
IsCombinational: 2
IsDatapathOnly: 0
HasWiredReturn: 1
HasMFsm: 0
HasVarLatency: 1
IsPipeline: 0
IsRtlPipelined: 0
IsInstanceOverlapped: 0
IsDontTouch: 0
HasImplIP: 0
IsGatedGlobalClock: 0


============================================================
+ Verbose Summary: Schedule
============================================================
* Number of FSM states : 3
* Pipeline : 0
* Dataflow Pipeline: 0

* FSM state transitions: 
1 --> 2 
2 --> 3 
3 --> 2 

* FSM state operations: 

State 1 <SV = 0> <Delay = 3.67>
ST_1 : Operation 4 [1/1] (0.00ns)   --->   "%specinterface_ln0 = specinterface void @_ssdm_op_SpecInterface, i16 %HwReg_layerHeight_1_val, void @ap_fifo_str, i32 0, i32 0, void @p_str, i32 0, i32 0, void @p_str, void @p_str, void @p_str, i32 2, i32 2, i32 16, i32 16, void @p_str, void @ScalarProp_str, i32 4294967295, i32 0, i32 0"   --->   Operation 4 'specinterface' 'specinterface_ln0' <Predicate = true> <Delay = 0.00>
ST_1 : Operation 5 [1/1] ( I:1.83ns O:1.83ns )   --->   "%HwReg_layerHeight_1_val_read = read i16 @_ssdm_op_Read.ap_fifo.i16P0A, i16 %HwReg_layerHeight_1_val"   --->   Operation 5 'read' 'HwReg_layerHeight_1_val_read' <Predicate = true> <Delay = 1.83> <CoreInst = "FIFO_SRL">   --->   Core 80 'FIFO_SRL' <Latency = 0> <II = 1> <Delay = 1.83> <Storage> <Opcode : 'read' 'write' 'nbread' 'nbwrite'> <Ports = 0> <Width = 16> <Depth = 2> <FIFO>
ST_1 : Operation 6 [1/1] (0.00ns)   --->   "%specinterface_ln0 = specinterface void @_ssdm_op_SpecInterface, i16 %HwReg_layerHeight_1_val_c56, void @ap_fifo_str, i32 0, i32 0, void @p_str, i32 0, i32 0, void @p_str, void @p_str, void @p_str, i32 2, i32 2, i32 16, i32 16, void @p_str, void @ScalarProp_str, i32 4294967295, i32 0, i32 0"   --->   Operation 6 'specinterface' 'specinterface_ln0' <Predicate = true> <Delay = 0.00>
ST_1 : Operation 7 [1/1] ( I:1.83ns O:1.83ns )   --->   "%write_ln0 = write void @_ssdm_op_Write.ap_fifo.i16P0A, i16 %HwReg_layerHeight_1_val_c56, i16 %HwReg_layerHeight_1_val_read"   --->   Operation 7 'write' 'write_ln0' <Predicate = true> <Delay = 1.83> <CoreInst = "FIFO_SRL">   --->   Core 80 'FIFO_SRL' <Latency = 0> <II = 1> <Delay = 1.83> <Storage> <Opcode : 'read' 'write' 'nbread' 'nbwrite'> <Ports = 0> <Width = 16> <Depth = 2> <FIFO>
ST_1 : Operation 8 [1/1] (0.00ns)   --->   "%specinterface_ln0 = specinterface void @_ssdm_op_SpecInterface, i16 %HwReg_layerWidth_1_val, void @ap_fifo_str, i32 0, i32 0, void @p_str, i32 0, i32 0, void @p_str, void @p_str, void @p_str, i32 2, i32 2, i32 16, i32 16, void @p_str, void @ScalarProp_str, i32 4294967295, i32 0, i32 0"   --->   Operation 8 'specinterface' 'specinterface_ln0' <Predicate = true> <Delay = 0.00>
ST_1 : Operation 9 [1/1] ( I:1.83ns O:1.83ns )   --->   "%HwReg_layerWidth_1_val_read = read i16 @_ssdm_op_Read.ap_fifo.i16P0A, i16 %HwReg_layerWidth_1_val"   --->   Operation 9 'read' 'HwReg_layerWidth_1_val_read' <Predicate = true> <Delay = 1.83> <CoreInst = "FIFO_SRL">   --->   Core 80 'FIFO_SRL' <Latency = 0> <II = 1> <Delay = 1.83> <Storage> <Opcode : 'read' 'write' 'nbread' 'nbwrite'> <Ports = 0> <Width = 16> <Depth = 2> <FIFO>
ST_1 : Operation 10 [1/1] (0.00ns)   --->   "%specinterface_ln0 = specinterface void @_ssdm_op_SpecInterface, i16 %HwReg_layerWidth_1_val_c40, void @ap_fifo_str, i32 0, i32 0, void @p_str, i32 0, i32 0, void @p_str, void @p_str, void @p_str, i32 2, i32 2, i32 16, i32 16, void @p_str, void @ScalarProp_str, i32 4294967295, i32 0, i32 0"   --->   Operation 10 'specinterface' 'specinterface_ln0' <Predicate = true> <Delay = 0.00>
ST_1 : Operation 11 [1/1] ( I:1.83ns O:1.83ns )   --->   "%write_ln0 = write void @_ssdm_op_Write.ap_fifo.i16P0A, i16 %HwReg_layerWidth_1_val_c40, i16 %HwReg_layerWidth_1_val_read"   --->   Operation 11 'write' 'write_ln0' <Predicate = true> <Delay = 1.83> <CoreInst = "FIFO_SRL">   --->   Core 80 'FIFO_SRL' <Latency = 0> <II = 1> <Delay = 1.83> <Storage> <Opcode : 'read' 'write' 'nbread' 'nbwrite'> <Ports = 0> <Width = 16> <Depth = 2> <FIFO>
ST_1 : Operation 12 [1/1] (0.00ns)   --->   "%specinterface_ln0 = specinterface void @_ssdm_op_SpecInterface, i1 %HwReg_layerEnableFlag_1_val, void @ap_fifo_str, i32 0, i32 0, void @p_str, i32 0, i32 0, void @p_str, void @p_str, void @p_str, i32 2, i32 2, i32 16, i32 16, void @p_str, void @ScalarProp_str, i32 4294967295, i32 0, i32 0"   --->   Operation 12 'specinterface' 'specinterface_ln0' <Predicate = true> <Delay = 0.00>
ST_1 : Operation 13 [1/1] ( I:1.83ns O:1.83ns )   --->   "%layerEnableFlag = read i1 @_ssdm_op_Read.ap_fifo.i1P0A, i1 %HwReg_layerEnableFlag_1_val"   --->   Operation 13 'read' 'layerEnableFlag' <Predicate = true> <Delay = 1.83> <CoreInst = "FIFO_SRL">   --->   Core 80 'FIFO_SRL' <Latency = 0> <II = 1> <Delay = 1.83> <Storage> <Opcode : 'read' 'write' 'nbread' 'nbwrite'> <Ports = 0> <Width = 1> <Depth = 2> <FIFO>
ST_1 : Operation 14 [1/1] (0.00ns)   --->   "%specinterface_ln0 = specinterface void @_ssdm_op_SpecInterface, i1 %HwReg_layerEnableFlag_1_val_c27, void @ap_fifo_str, i32 0, i32 0, void @p_str, i32 0, i32 0, void @p_str, void @p_str, void @p_str, i32 2, i32 2, i32 16, i32 16, void @p_str, void @ScalarProp_str, i32 4294967295, i32 0, i32 0"   --->   Operation 14 'specinterface' 'specinterface_ln0' <Predicate = true> <Delay = 0.00>
ST_1 : Operation 15 [1/1] ( I:1.83ns O:1.83ns )   --->   "%write_ln89 = write void @_ssdm_op_Write.ap_fifo.i1P0A, i1 %HwReg_layerEnableFlag_1_val_c27, i1 %layerEnableFlag" [/home/izaan/GitRepos/dpdma_exdes/vivado_quad_vmix/kv260_quad_vmix_dp.runs/bd_quad_vmix_dp_v_mix_0_0_synth_1/prj/sol/.autopilot/db/v_csc.cpp:89->/home/izaan/GitRepos/dpdma_exdes/vivado_quad_vmix/kv260_quad_vmix_dp.runs/bd_quad_vmix_dp_v_mix_0_0_synth_1/prj/sol/.autopilot/db/v_mix.cpp:699]   --->   Operation 15 'write' 'write_ln89' <Predicate = true> <Delay = 1.83> <CoreInst = "FIFO_SRL">   --->   Core 80 'FIFO_SRL' <Latency = 0> <II = 1> <Delay = 1.83> <Storage> <Opcode : 'read' 'write' 'nbread' 'nbwrite'> <Ports = 0> <Width = 1> <Depth = 2> <FIFO>
ST_1 : Operation 16 [1/1] (0.00ns)   --->   "%height = trunc i16 %HwReg_layerHeight_1_val_read"   --->   Operation 16 'trunc' 'height' <Predicate = true> <Delay = 0.00>
ST_1 : Operation 17 [1/1] (0.00ns)   --->   "%specinterface_ln0 = specinterface void @_ssdm_op_SpecInterface, i48 %srcLayer1Yuv422, void @empty_17, i32 0, i32 0, void @empty_54, i32 0, i32 0, void @empty_54, void @empty_54, void @empty_54, i32 0, i32 0, i32 0, i32 0, void @empty_54, void @empty_54, i32 4294967295, i32 0, i32 0"   --->   Operation 17 'specinterface' 'specinterface_ln0' <Predicate = true> <Delay = 0.00>
ST_1 : Operation 18 [1/1] (0.00ns)   --->   "%specinterface_ln0 = specinterface void @_ssdm_op_SpecInterface, i48 %srcLayer1Yuv, void @empty_17, i32 0, i32 0, void @empty_54, i32 0, i32 0, void @empty_54, void @empty_54, void @empty_54, i32 0, i32 0, i32 0, i32 0, void @empty_54, void @empty_54, i32 4294967295, i32 0, i32 0"   --->   Operation 18 'specinterface' 'specinterface_ln0' <Predicate = true> <Delay = 0.00>
ST_1 : Operation 19 [1/1] (0.00ns)   --->   "%br_ln101 = br i1 %layerEnableFlag, void %v_mix_422_to_444<false>.7.exit, void %VITIS_LOOP_103_1.i" [/home/izaan/GitRepos/dpdma_exdes/vivado_quad_vmix/kv260_quad_vmix_dp.runs/bd_quad_vmix_dp_v_mix_0_0_synth_1/prj/sol/.autopilot/db/v_csc.cpp:101->/home/izaan/GitRepos/dpdma_exdes/vivado_quad_vmix/kv260_quad_vmix_dp.runs/bd_quad_vmix_dp_v_mix_0_0_synth_1/prj/sol/.autopilot/db/v_mix.cpp:699]   --->   Operation 19 'br' 'br_ln101' <Predicate = true> <Delay = 0.00>
ST_1 : Operation 20 [1/1] (0.00ns)   --->   "%y = alloca i32 1" [/home/izaan/GitRepos/dpdma_exdes/vivado_quad_vmix/kv260_quad_vmix_dp.runs/bd_quad_vmix_dp_v_mix_0_0_synth_1/prj/sol/.autopilot/db/v_csc.cpp:95->/home/izaan/GitRepos/dpdma_exdes/vivado_quad_vmix/kv260_quad_vmix_dp.runs/bd_quad_vmix_dp_v_mix_0_0_synth_1/prj/sol/.autopilot/db/v_mix.cpp:699]   --->   Operation 20 'alloca' 'y' <Predicate = (layerEnableFlag)> <Delay = 0.00>
ST_1 : Operation 21 [1/1] (0.00ns)   --->   "%trunc_ln = partselect i11 @_ssdm_op_PartSelect.i11.i16.i32.i32, i16 %HwReg_layerWidth_1_val_read, i32 1, i32 11" [/home/izaan/GitRepos/dpdma_exdes/vivado_quad_vmix/kv260_quad_vmix_dp.runs/bd_quad_vmix_dp_v_mix_0_0_synth_1/prj/sol/.autopilot/db/v_csc.cpp:103->/home/izaan/GitRepos/dpdma_exdes/vivado_quad_vmix/kv260_quad_vmix_dp.runs/bd_quad_vmix_dp_v_mix_0_0_synth_1/prj/sol/.autopilot/db/v_mix.cpp:699]   --->   Operation 21 'partselect' 'trunc_ln' <Predicate = (layerEnableFlag)> <Delay = 0.00>
ST_1 : Operation 22 [1/1] (0.42ns)   --->   "%store_ln95 = store i12 0, i12 %y" [/home/izaan/GitRepos/dpdma_exdes/vivado_quad_vmix/kv260_quad_vmix_dp.runs/bd_quad_vmix_dp_v_mix_0_0_synth_1/prj/sol/.autopilot/db/v_csc.cpp:95->/home/izaan/GitRepos/dpdma_exdes/vivado_quad_vmix/kv260_quad_vmix_dp.runs/bd_quad_vmix_dp_v_mix_0_0_synth_1/prj/sol/.autopilot/db/v_mix.cpp:699]   --->   Operation 22 'store' 'store_ln95' <Predicate = (layerEnableFlag)> <Delay = 0.42>
ST_1 : Operation 23 [1/1] (0.00ns)   --->   "%br_ln103 = br void %VITIS_LOOP_105_2.i" [/home/izaan/GitRepos/dpdma_exdes/vivado_quad_vmix/kv260_quad_vmix_dp.runs/bd_quad_vmix_dp_v_mix_0_0_synth_1/prj/sol/.autopilot/db/v_csc.cpp:103->/home/izaan/GitRepos/dpdma_exdes/vivado_quad_vmix/kv260_quad_vmix_dp.runs/bd_quad_vmix_dp_v_mix_0_0_synth_1/prj/sol/.autopilot/db/v_mix.cpp:699]   --->   Operation 23 'br' 'br_ln103' <Predicate = (layerEnableFlag)> <Delay = 0.00>

State 2 <SV = 1> <Delay = 2.03>
ST_2 : Operation 24 [1/1] (0.00ns)   --->   "%y_25 = load i12 %y" [/home/izaan/GitRepos/dpdma_exdes/vivado_quad_vmix/kv260_quad_vmix_dp.runs/bd_quad_vmix_dp_v_mix_0_0_synth_1/prj/sol/.autopilot/db/v_csc.cpp:103->/home/izaan/GitRepos/dpdma_exdes/vivado_quad_vmix/kv260_quad_vmix_dp.runs/bd_quad_vmix_dp_v_mix_0_0_synth_1/prj/sol/.autopilot/db/v_mix.cpp:699]   --->   Operation 24 'load' 'y_25' <Predicate = (layerEnableFlag)> <Delay = 0.00>
ST_2 : Operation 25 [1/1] (0.80ns)   --->   "%icmp_ln103 = icmp_eq  i12 %y_25, i12 %height" [/home/izaan/GitRepos/dpdma_exdes/vivado_quad_vmix/kv260_quad_vmix_dp.runs/bd_quad_vmix_dp_v_mix_0_0_synth_1/prj/sol/.autopilot/db/v_csc.cpp:103->/home/izaan/GitRepos/dpdma_exdes/vivado_quad_vmix/kv260_quad_vmix_dp.runs/bd_quad_vmix_dp_v_mix_0_0_synth_1/prj/sol/.autopilot/db/v_mix.cpp:699]   --->   Operation 25 'icmp' 'icmp_ln103' <Predicate = (layerEnableFlag)> <Delay = 0.80> <CoreInst = "Cmp">   --->   Core 9 'Cmp' <Latency = 0> <II = 1> <Delay = 0.80> <FuncUnit> <Opcode : 'seteq' 'setne' 'setle' 'setge' 'setlt' 'setgt'> <InPorts = 2> <OutPorts = 1>
ST_2 : Operation 26 [1/1] (0.00ns)   --->   "%speclooptripcount_ln0 = speclooptripcount void @_ssdm_op_SpecLoopTripCount, i64 0, i64 2160, i64 0"   --->   Operation 26 'speclooptripcount' 'speclooptripcount_ln0' <Predicate = (layerEnableFlag)> <Delay = 0.00>
ST_2 : Operation 27 [1/1] (0.80ns)   --->   "%y_26 = add i12 %y_25, i12 1" [/home/izaan/GitRepos/dpdma_exdes/vivado_quad_vmix/kv260_quad_vmix_dp.runs/bd_quad_vmix_dp_v_mix_0_0_synth_1/prj/sol/.autopilot/db/v_csc.cpp:103->/home/izaan/GitRepos/dpdma_exdes/vivado_quad_vmix/kv260_quad_vmix_dp.runs/bd_quad_vmix_dp_v_mix_0_0_synth_1/prj/sol/.autopilot/db/v_mix.cpp:699]   --->   Operation 27 'add' 'y_26' <Predicate = (layerEnableFlag)> <Delay = 0.80> <CoreInst = "Adder">   --->   Core 1 'Adder' <Latency = 0> <II = 1> <Delay = 0.80> <FuncUnit> <Opcode : 'add' 'sub'> <InPorts = 2> <OutPorts = 1>
ST_2 : Operation 28 [1/1] (0.00ns)   --->   "%br_ln103 = br i1 %icmp_ln103, void %VITIS_LOOP_105_2.split.i, void %v_mix_422_to_444<false>.7.exit.loopexit" [/home/izaan/GitRepos/dpdma_exdes/vivado_quad_vmix/kv260_quad_vmix_dp.runs/bd_quad_vmix_dp_v_mix_0_0_synth_1/prj/sol/.autopilot/db/v_csc.cpp:103->/home/izaan/GitRepos/dpdma_exdes/vivado_quad_vmix/kv260_quad_vmix_dp.runs/bd_quad_vmix_dp_v_mix_0_0_synth_1/prj/sol/.autopilot/db/v_mix.cpp:699]   --->   Operation 28 'br' 'br_ln103' <Predicate = (layerEnableFlag)> <Delay = 0.00>
ST_2 : Operation 29 [2/2] (1.22ns)   --->   "%call_ln103 = call void @v_mix_422_to_444<false>.7_Pipeline_VITIS_LOOP_105_2, i11 %trunc_ln, i48 %srcLayer1Yuv422, i48 %srcLayer1Yuv" [/home/izaan/GitRepos/dpdma_exdes/vivado_quad_vmix/kv260_quad_vmix_dp.runs/bd_quad_vmix_dp_v_mix_0_0_synth_1/prj/sol/.autopilot/db/v_csc.cpp:103->/home/izaan/GitRepos/dpdma_exdes/vivado_quad_vmix/kv260_quad_vmix_dp.runs/bd_quad_vmix_dp_v_mix_0_0_synth_1/prj/sol/.autopilot/db/v_mix.cpp:699]   --->   Operation 29 'call' 'call_ln103' <Predicate = (layerEnableFlag & !icmp_ln103)> <Delay = 1.22> <CoreType = "Generic">   --->   Generic Core
ST_2 : Operation 30 [1/1] (0.42ns)   --->   "%store_ln95 = store i12 %y_26, i12 %y" [/home/izaan/GitRepos/dpdma_exdes/vivado_quad_vmix/kv260_quad_vmix_dp.runs/bd_quad_vmix_dp_v_mix_0_0_synth_1/prj/sol/.autopilot/db/v_csc.cpp:95->/home/izaan/GitRepos/dpdma_exdes/vivado_quad_vmix/kv260_quad_vmix_dp.runs/bd_quad_vmix_dp_v_mix_0_0_synth_1/prj/sol/.autopilot/db/v_mix.cpp:699]   --->   Operation 30 'store' 'store_ln95' <Predicate = (layerEnableFlag & !icmp_ln103)> <Delay = 0.42>
ST_2 : Operation 31 [1/1] (0.00ns)   --->   "%br_ln0 = br void %v_mix_422_to_444<false>.7.exit"   --->   Operation 31 'br' 'br_ln0' <Predicate = (layerEnableFlag & icmp_ln103)> <Delay = 0.00>
ST_2 : Operation 32 [1/1] (0.00ns)   --->   "%ret_ln699 = ret" [/home/izaan/GitRepos/dpdma_exdes/vivado_quad_vmix/kv260_quad_vmix_dp.runs/bd_quad_vmix_dp_v_mix_0_0_synth_1/prj/sol/.autopilot/db/v_mix.cpp:699]   --->   Operation 32 'ret' 'ret_ln699' <Predicate = (icmp_ln103) | (!layerEnableFlag)> <Delay = 0.00>

State 3 <SV = 2> <Delay = 1.65>
ST_3 : Operation 33 [1/1] (0.00ns)   --->   "%specloopname_ln103 = specloopname void @_ssdm_op_SpecLoopName, void @empty_41" [/home/izaan/GitRepos/dpdma_exdes/vivado_quad_vmix/kv260_quad_vmix_dp.runs/bd_quad_vmix_dp_v_mix_0_0_synth_1/prj/sol/.autopilot/db/v_csc.cpp:103->/home/izaan/GitRepos/dpdma_exdes/vivado_quad_vmix/kv260_quad_vmix_dp.runs/bd_quad_vmix_dp_v_mix_0_0_synth_1/prj/sol/.autopilot/db/v_mix.cpp:699]   --->   Operation 33 'specloopname' 'specloopname_ln103' <Predicate = true> <Delay = 0.00>
ST_3 : Operation 34 [1/2] (1.65ns)   --->   "%call_ln103 = call void @v_mix_422_to_444<false>.7_Pipeline_VITIS_LOOP_105_2, i11 %trunc_ln, i48 %srcLayer1Yuv422, i48 %srcLayer1Yuv" [/home/izaan/GitRepos/dpdma_exdes/vivado_quad_vmix/kv260_quad_vmix_dp.runs/bd_quad_vmix_dp_v_mix_0_0_synth_1/prj/sol/.autopilot/db/v_csc.cpp:103->/home/izaan/GitRepos/dpdma_exdes/vivado_quad_vmix/kv260_quad_vmix_dp.runs/bd_quad_vmix_dp_v_mix_0_0_synth_1/prj/sol/.autopilot/db/v_mix.cpp:699]   --->   Operation 34 'call' 'call_ln103' <Predicate = true> <Delay = 1.65> <CoreType = "Generic">   --->   Generic Core
ST_3 : Operation 35 [1/1] (0.00ns)   --->   "%br_ln103 = br void %VITIS_LOOP_105_2.i" [/home/izaan/GitRepos/dpdma_exdes/vivado_quad_vmix/kv260_quad_vmix_dp.runs/bd_quad_vmix_dp_v_mix_0_0_synth_1/prj/sol/.autopilot/db/v_csc.cpp:103->/home/izaan/GitRepos/dpdma_exdes/vivado_quad_vmix/kv260_quad_vmix_dp.runs/bd_quad_vmix_dp_v_mix_0_0_synth_1/prj/sol/.autopilot/db/v_mix.cpp:699]   --->   Operation 35 'br' 'br_ln103' <Predicate = true> <Delay = 0.00>


============================================================
+ Verbose Summary: Binding
============================================================
STG Binding: 
---------------- STG Properties BEGIN ----------------
- Is combinational: 0
- Is one-state seq: 0
- Is datapath-only: 0
- Is pipelined: 0
- Is top level: 0
Port [ Return ] is wired: 1; IO mode=ap_ctrl_hs:ce=0
Port [ srcLayer1Yuv422]:  wired=1; compound=1; hidden=0; nouse=0; global=0; static=0; extern=0; dir=0; type=3; pingpong=0; private_global=0; IO mode=ap_fifo:ce=0
Port [ HwReg_layerHeight_1_val]:  wired=1; compound=1; hidden=0; nouse=0; global=0; static=0; extern=0; dir=0; type=3; pingpong=0; private_global=0; IO mode=ap_fifo:ce=0
Port [ HwReg_layerWidth_1_val]:  wired=1; compound=1; hidden=0; nouse=0; global=0; static=0; extern=0; dir=0; type=3; pingpong=0; private_global=0; IO mode=ap_fifo:ce=0
Port [ HwReg_layerEnableFlag_1_val]:  wired=1; compound=1; hidden=0; nouse=0; global=0; static=0; extern=0; dir=0; type=3; pingpong=0; private_global=0; IO mode=ap_fifo:ce=0
Port [ srcLayer1Yuv]:  wired=1; compound=1; hidden=0; nouse=0; global=0; static=0; extern=0; dir=1; type=3; pingpong=0; private_global=0; IO mode=ap_fifo:ce=0
Port [ HwReg_layerEnableFlag_1_val_c27]:  wired=1; compound=1; hidden=0; nouse=0; global=0; static=0; extern=0; dir=1; type=3; pingpong=0; private_global=0; IO mode=ap_fifo:ce=0
Port [ HwReg_layerWidth_1_val_c40]:  wired=1; compound=1; hidden=0; nouse=0; global=0; static=0; extern=0; dir=1; type=3; pingpong=0; private_global=0; IO mode=ap_fifo:ce=0
Port [ HwReg_layerHeight_1_val_c56]:  wired=1; compound=1; hidden=0; nouse=0; global=0; static=0; extern=0; dir=1; type=3; pingpong=0; private_global=0; IO mode=ap_fifo:ce=0
---------------- STG Properties END ------------------

---------------- Datapath Model BEGIN ----------------

<LifeTime>
<method=bitvector/>
specinterface_ln0            (specinterface    ) [ 0000]
HwReg_layerHeight_1_val_read (read             ) [ 0000]
specinterface_ln0            (specinterface    ) [ 0000]
write_ln0                    (write            ) [ 0000]
specinterface_ln0            (specinterface    ) [ 0000]
HwReg_layerWidth_1_val_read  (read             ) [ 0000]
specinterface_ln0            (specinterface    ) [ 0000]
write_ln0                    (write            ) [ 0000]
specinterface_ln0            (specinterface    ) [ 0000]
layerEnableFlag              (read             ) [ 0111]
specinterface_ln0            (specinterface    ) [ 0000]
write_ln89                   (write            ) [ 0000]
height                       (trunc            ) [ 0011]
specinterface_ln0            (specinterface    ) [ 0000]
specinterface_ln0            (specinterface    ) [ 0000]
br_ln101                     (br               ) [ 0000]
y                            (alloca           ) [ 0111]
trunc_ln                     (partselect       ) [ 0011]
store_ln95                   (store            ) [ 0000]
br_ln103                     (br               ) [ 0000]
y_25                         (load             ) [ 0000]
icmp_ln103                   (icmp             ) [ 0011]
speclooptripcount_ln0        (speclooptripcount) [ 0000]
y_26                         (add              ) [ 0000]
br_ln103                     (br               ) [ 0000]
store_ln95                   (store            ) [ 0000]
br_ln0                       (br               ) [ 0000]
ret_ln699                    (ret              ) [ 0000]
specloopname_ln103           (specloopname     ) [ 0000]
call_ln103                   (call             ) [ 0000]
br_ln103                     (br               ) [ 0000]
</LifeTime>

<model>

<comp_list>
<comp id="0" class="1000" name="srcLayer1Yuv422">
<pin_list>
<pin id="1" dir="1" index="0" bw="1" slack="0"/>
</pin_list>
<bind>
<StgValue><ssdm name="srcLayer1Yuv422"/></StgValue>
</bind>
</comp>

<comp id="2" class="1000" name="HwReg_layerHeight_1_val">
<pin_list>
<pin id="3" dir="1" index="0" bw="1" slack="0"/>
</pin_list>
<bind>
<StgValue><ssdm name="HwReg_layerHeight_1_val"/></StgValue>
</bind>
</comp>

<comp id="4" class="1000" name="HwReg_layerWidth_1_val">
<pin_list>
<pin id="5" dir="1" index="0" bw="1" slack="0"/>
</pin_list>
<bind>
<StgValue><ssdm name="HwReg_layerWidth_1_val"/></StgValue>
</bind>
</comp>

<comp id="6" class="1000" name="HwReg_layerEnableFlag_1_val">
<pin_list>
<pin id="7" dir="1" index="0" bw="1" slack="0"/>
</pin_list>
<bind>
<StgValue><ssdm name="HwReg_layerEnableFlag_1_val"/></StgValue>
</bind>
</comp>

<comp id="8" class="1000" name="srcLayer1Yuv">
<pin_list>
<pin id="9" dir="1" index="0" bw="1" slack="0"/>
</pin_list>
<bind>
<StgValue><ssdm name="srcLayer1Yuv"/></StgValue>
</bind>
</comp>

<comp id="10" class="1000" name="HwReg_layerEnableFlag_1_val_c27">
<pin_list>
<pin id="11" dir="1" index="0" bw="1" slack="0"/>
</pin_list>
<bind>
<StgValue><ssdm name="HwReg_layerEnableFlag_1_val_c27"/></StgValue>
</bind>
</comp>

<comp id="12" class="1000" name="HwReg_layerWidth_1_val_c40">
<pin_list>
<pin id="13" dir="1" index="0" bw="1" slack="0"/>
</pin_list>
<bind>
<StgValue><ssdm name="HwReg_layerWidth_1_val_c40"/></StgValue>
</bind>
</comp>

<comp id="14" class="1000" name="HwReg_layerHeight_1_val_c56">
<pin_list>
<pin id="15" dir="1" index="0" bw="1" slack="0"/>
</pin_list>
<bind>
<StgValue><ssdm name="HwReg_layerHeight_1_val_c56"/></StgValue>
</bind>
</comp>

<comp id="16" class="1001" name="const_16">
<pin_list>
<pin id="17" dir="1" index="0" bw="1" slack="2147483647"/>
</pin_list>
<bind>
<StgValue><ssdm name="_ssdm_op_SpecInterface"/></StgValue>
</bind>
</comp>

<comp id="18" class="1001" name="const_18">
<pin_list>
<pin id="19" dir="1" index="0" bw="1" slack="2147483647"/>
</pin_list>
<bind>
<StgValue><ssdm name="ap_fifo_str"/></StgValue>
</bind>
</comp>

<comp id="20" class="1001" name="const_20">
<pin_list>
<pin id="21" dir="1" index="0" bw="1" slack="2147483647"/>
</pin_list>
<bind>
<StgValue><ssdm name=""/></StgValue>
</bind>
</comp>

<comp id="22" class="1001" name="const_22">
<pin_list>
<pin id="23" dir="1" index="0" bw="1" slack="2147483647"/>
</pin_list>
<bind>
<StgValue><ssdm name="p_str"/></StgValue>
</bind>
</comp>

<comp id="24" class="1001" name="const_24">
<pin_list>
<pin id="25" dir="1" index="0" bw="1" slack="2147483647"/>
</pin_list>
<bind>
<StgValue><ssdm name=""/></StgValue>
</bind>
</comp>

<comp id="26" class="1001" name="const_26">
<pin_list>
<pin id="27" dir="1" index="0" bw="1" slack="2147483647"/>
</pin_list>
<bind>
<StgValue><ssdm name=""/></StgValue>
</bind>
</comp>

<comp id="28" class="1001" name="const_28">
<pin_list>
<pin id="29" dir="1" index="0" bw="1" slack="2147483647"/>
</pin_list>
<bind>
<StgValue><ssdm name="ScalarProp_str"/></StgValue>
</bind>
</comp>

<comp id="30" class="1001" name="const_30">
<pin_list>
<pin id="31" dir="1" index="0" bw="1" slack="2147483647"/>
</pin_list>
<bind>
<StgValue><ssdm name=""/></StgValue>
</bind>
</comp>

<comp id="32" class="1001" name="const_32">
<pin_list>
<pin id="33" dir="1" index="0" bw="1" slack="0"/>
</pin_list>
<bind>
<StgValue><ssdm name="_ssdm_op_Read.ap_fifo.i16P0A"/></StgValue>
</bind>
</comp>

<comp id="34" class="1001" name="const_34">
<pin_list>
<pin id="35" dir="1" index="0" bw="1" slack="0"/>
</pin_list>
<bind>
<StgValue><ssdm name="_ssdm_op_Write.ap_fifo.i16P0A"/></StgValue>
</bind>
</comp>

<comp id="36" class="1001" name="const_36">
<pin_list>
<pin id="37" dir="1" index="0" bw="1" slack="0"/>
</pin_list>
<bind>
<StgValue><ssdm name="_ssdm_op_Read.ap_fifo.i1P0A"/></StgValue>
</bind>
</comp>

<comp id="38" class="1001" name="const_38">
<pin_list>
<pin id="39" dir="1" index="0" bw="1" slack="0"/>
</pin_list>
<bind>
<StgValue><ssdm name="_ssdm_op_Write.ap_fifo.i1P0A"/></StgValue>
</bind>
</comp>

<comp id="40" class="1001" name="const_40">
<pin_list>
<pin id="41" dir="1" index="0" bw="1" slack="2147483647"/>
</pin_list>
<bind>
<StgValue><ssdm name="empty_17"/></StgValue>
</bind>
</comp>

<comp id="42" class="1001" name="const_42">
<pin_list>
<pin id="43" dir="1" index="0" bw="1" slack="2147483647"/>
</pin_list>
<bind>
<StgValue><ssdm name="empty_54"/></StgValue>
</bind>
</comp>

<comp id="44" class="1001" name="const_44">
<pin_list>
<pin id="45" dir="1" index="0" bw="1" slack="0"/>
</pin_list>
<bind>
<StgValue><ssdm name=""/></StgValue>
</bind>
</comp>

<comp id="46" class="1001" name="const_46">
<pin_list>
<pin id="47" dir="1" index="0" bw="1" slack="0"/>
</pin_list>
<bind>
<StgValue><ssdm name="_ssdm_op_PartSelect.i11.i16.i32.i32"/></StgValue>
</bind>
</comp>

<comp id="48" class="1001" name="const_48">
<pin_list>
<pin id="49" dir="1" index="0" bw="1" slack="0"/>
</pin_list>
<bind>
<StgValue><ssdm name=""/></StgValue>
</bind>
</comp>

<comp id="50" class="1001" name="const_50">
<pin_list>
<pin id="51" dir="1" index="0" bw="1" slack="0"/>
</pin_list>
<bind>
<StgValue><ssdm name=""/></StgValue>
</bind>
</comp>

<comp id="52" class="1001" name="const_52">
<pin_list>
<pin id="53" dir="1" index="0" bw="1" slack="2147483647"/>
</pin_list>
<bind>
<StgValue><ssdm name="_ssdm_op_SpecLoopTripCount"/></StgValue>
</bind>
</comp>

<comp id="54" class="1001" name="const_54">
<pin_list>
<pin id="55" dir="1" index="0" bw="1" slack="2147483647"/>
</pin_list>
<bind>
<StgValue><ssdm name=""/></StgValue>
</bind>
</comp>

<comp id="56" class="1001" name="const_56">
<pin_list>
<pin id="57" dir="1" index="0" bw="1" slack="2147483647"/>
</pin_list>
<bind>
<StgValue><ssdm name=""/></StgValue>
</bind>
</comp>

<comp id="58" class="1001" name="const_58">
<pin_list>
<pin id="59" dir="1" index="0" bw="1" slack="0"/>
</pin_list>
<bind>
<StgValue><ssdm name=""/></StgValue>
</bind>
</comp>

<comp id="60" class="1001" name="const_60">
<pin_list>
<pin id="61" dir="1" index="0" bw="1" slack="0"/>
</pin_list>
<bind>
<StgValue><ssdm name="v_mix_422_to_444<false>.7_Pipeline_VITIS_LOOP_105_2"/></StgValue>
</bind>
</comp>

<comp id="62" class="1001" name="const_62">
<pin_list>
<pin id="63" dir="1" index="0" bw="1" slack="2147483647"/>
</pin_list>
<bind>
<StgValue><ssdm name="_ssdm_op_SpecLoopName"/></StgValue>
</bind>
</comp>

<comp id="64" class="1001" name="const_64">
<pin_list>
<pin id="65" dir="1" index="0" bw="1" slack="2147483647"/>
</pin_list>
<bind>
<StgValue><ssdm name="empty_41"/></StgValue>
</bind>
</comp>

<comp id="66" class="1004" name="y_fu_66">
<pin_list>
<pin id="67" dir="0" index="0" bw="1" slack="0"/>
<pin id="68" dir="1" index="1" bw="12" slack="0"/>
</pin_list>
<bind>
<opcode="alloca(26) " fcode="alloca"/>
<opset="y/1 "/>
</bind>
</comp>

<comp id="70" class="1004" name="HwReg_layerHeight_1_val_read_read_fu_70">
<pin_list>
<pin id="71" dir="0" index="0" bw="16" slack="0"/>
<pin id="72" dir="0" index="1" bw="16" slack="0"/>
<pin id="73" dir="1" index="2" bw="16" slack="0"/>
</pin_list>
<bind>
<opcode="read(1150) " fcode="read"/>
<opset="HwReg_layerHeight_1_val_read/1 "/>
</bind>
</comp>

<comp id="76" class="1004" name="write_ln0_write_fu_76">
<pin_list>
<pin id="77" dir="0" index="0" bw="0" slack="0"/>
<pin id="78" dir="0" index="1" bw="16" slack="0"/>
<pin id="79" dir="0" index="2" bw="16" slack="0"/>
<pin id="80" dir="1" index="3" bw="0" slack="2147483647"/>
</pin_list>
<bind>
<opcode="write(1151) " fcode="write"/>
<opset="write_ln0/1 "/>
</bind>
</comp>

<comp id="84" class="1004" name="HwReg_layerWidth_1_val_read_read_fu_84">
<pin_list>
<pin id="85" dir="0" index="0" bw="16" slack="0"/>
<pin id="86" dir="0" index="1" bw="16" slack="0"/>
<pin id="87" dir="1" index="2" bw="16" slack="0"/>
</pin_list>
<bind>
<opcode="read(1150) " fcode="read"/>
<opset="HwReg_layerWidth_1_val_read/1 "/>
</bind>
</comp>

<comp id="90" class="1004" name="write_ln0_write_fu_90">
<pin_list>
<pin id="91" dir="0" index="0" bw="0" slack="0"/>
<pin id="92" dir="0" index="1" bw="16" slack="0"/>
<pin id="93" dir="0" index="2" bw="16" slack="0"/>
<pin id="94" dir="1" index="3" bw="0" slack="2147483647"/>
</pin_list>
<bind>
<opcode="write(1151) " fcode="write"/>
<opset="write_ln0/1 "/>
</bind>
</comp>

<comp id="98" class="1004" name="layerEnableFlag_read_fu_98">
<pin_list>
<pin id="99" dir="0" index="0" bw="1" slack="0"/>
<pin id="100" dir="0" index="1" bw="1" slack="0"/>
<pin id="101" dir="1" index="2" bw="1" slack="0"/>
</pin_list>
<bind>
<opcode="read(1150) " fcode="read"/>
<opset="layerEnableFlag/1 "/>
</bind>
</comp>

<comp id="104" class="1004" name="write_ln89_write_fu_104">
<pin_list>
<pin id="105" dir="0" index="0" bw="0" slack="0"/>
<pin id="106" dir="0" index="1" bw="1" slack="0"/>
<pin id="107" dir="0" index="2" bw="1" slack="0"/>
<pin id="108" dir="1" index="3" bw="0" slack="2147483647"/>
</pin_list>
<bind>
<opcode="write(1151) " fcode="write"/>
<opset="write_ln89/1 "/>
</bind>
</comp>

<comp id="112" class="1004" name="grp_v_mix_422_to_444_false_7_Pipeline_VITIS_LOOP_105_2_fu_112">
<pin_list>
<pin id="113" dir="0" index="0" bw="0" slack="0"/>
<pin id="114" dir="0" index="1" bw="11" slack="1"/>
<pin id="115" dir="0" index="2" bw="48" slack="0"/>
<pin id="116" dir="0" index="3" bw="48" slack="0"/>
<pin id="117" dir="1" index="4" bw="0" slack="2147483647"/>
</pin_list>
<bind>
<opcode="call(48) " fcode="call"/>
<opset="call_ln103/2 "/>
</bind>
</comp>

<comp id="121" class="1004" name="height_fu_121">
<pin_list>
<pin id="122" dir="0" index="0" bw="16" slack="0"/>
<pin id="123" dir="1" index="1" bw="12" slack="1"/>
</pin_list>
<bind>
<opcode="trunc(33) " fcode="trunc"/>
<opset="height/1 "/>
</bind>
</comp>

<comp id="125" class="1004" name="trunc_ln_fu_125">
<pin_list>
<pin id="126" dir="0" index="0" bw="11" slack="0"/>
<pin id="127" dir="0" index="1" bw="16" slack="0"/>
<pin id="128" dir="0" index="2" bw="1" slack="0"/>
<pin id="129" dir="0" index="3" bw="5" slack="0"/>
<pin id="130" dir="1" index="4" bw="11" slack="1"/>
</pin_list>
<bind>
<opcode="partselect(1002) " fcode="partselect"/>
<opset="trunc_ln/1 "/>
</bind>
</comp>

<comp id="135" class="1004" name="store_ln95_store_fu_135">
<pin_list>
<pin id="136" dir="0" index="0" bw="1" slack="0"/>
<pin id="137" dir="0" index="1" bw="12" slack="0"/>
<pin id="138" dir="1" index="2" bw="0" slack="2147483647"/>
</pin_list>
<bind>
<opcode="store(28) " fcode="store"/>
<opset="store_ln95/1 "/>
</bind>
</comp>

<comp id="140" class="1004" name="y_25_load_fu_140">
<pin_list>
<pin id="141" dir="0" index="0" bw="12" slack="1"/>
<pin id="142" dir="1" index="1" bw="12" slack="0"/>
</pin_list>
<bind>
<opcode="load(27) " fcode="load"/>
<opset="y_25/2 "/>
</bind>
</comp>

<comp id="143" class="1004" name="icmp_ln103_fu_143">
<pin_list>
<pin id="144" dir="0" index="0" bw="12" slack="0"/>
<pin id="145" dir="0" index="1" bw="12" slack="1"/>
<pin id="146" dir="1" index="2" bw="1" slack="2147483647"/>
</pin_list>
<bind>
<opcode="icmp(45) " fcode="icmp"/>
<opset="icmp_ln103/2 "/>
</bind>
</comp>

<comp id="148" class="1004" name="y_26_fu_148">
<pin_list>
<pin id="149" dir="0" index="0" bw="12" slack="0"/>
<pin id="150" dir="0" index="1" bw="1" slack="0"/>
<pin id="151" dir="1" index="2" bw="12" slack="0"/>
</pin_list>
<bind>
<opcode="add(8) " fcode="add"/>
<opset="y_26/2 "/>
</bind>
</comp>

<comp id="154" class="1004" name="store_ln95_store_fu_154">
<pin_list>
<pin id="155" dir="0" index="0" bw="12" slack="0"/>
<pin id="156" dir="0" index="1" bw="12" slack="1"/>
<pin id="157" dir="1" index="2" bw="0" slack="2147483647"/>
</pin_list>
<bind>
<opcode="store(28) " fcode="store"/>
<opset="store_ln95/2 "/>
</bind>
</comp>

<comp id="159" class="1005" name="layerEnableFlag_reg_159">
<pin_list>
<pin id="160" dir="0" index="0" bw="1" slack="1"/>
<pin id="161" dir="1" index="1" bw="1" slack="2147483647"/>
</pin_list>
<bind>
<opset="layerEnableFlag "/>
</bind>
</comp>

<comp id="163" class="1005" name="height_reg_163">
<pin_list>
<pin id="164" dir="0" index="0" bw="12" slack="1"/>
<pin id="165" dir="1" index="1" bw="12" slack="1"/>
</pin_list>
<bind>
<opset="height "/>
</bind>
</comp>

<comp id="168" class="1005" name="y_reg_168">
<pin_list>
<pin id="169" dir="0" index="0" bw="12" slack="0"/>
<pin id="170" dir="1" index="1" bw="12" slack="0"/>
</pin_list>
<bind>
<opset="y "/>
</bind>
</comp>

<comp id="175" class="1005" name="trunc_ln_reg_175">
<pin_list>
<pin id="176" dir="0" index="0" bw="11" slack="1"/>
<pin id="177" dir="1" index="1" bw="11" slack="1"/>
</pin_list>
<bind>
<opset="trunc_ln "/>
</bind>
</comp>

</comp_list>

<net_list>
<net id="69"><net_src comp="44" pin="0"/><net_sink comp="66" pin=0"/></net>

<net id="74"><net_src comp="32" pin="0"/><net_sink comp="70" pin=0"/></net>

<net id="75"><net_src comp="2" pin="0"/><net_sink comp="70" pin=1"/></net>

<net id="81"><net_src comp="34" pin="0"/><net_sink comp="76" pin=0"/></net>

<net id="82"><net_src comp="14" pin="0"/><net_sink comp="76" pin=1"/></net>

<net id="83"><net_src comp="70" pin="2"/><net_sink comp="76" pin=2"/></net>

<net id="88"><net_src comp="32" pin="0"/><net_sink comp="84" pin=0"/></net>

<net id="89"><net_src comp="4" pin="0"/><net_sink comp="84" pin=1"/></net>

<net id="95"><net_src comp="34" pin="0"/><net_sink comp="90" pin=0"/></net>

<net id="96"><net_src comp="12" pin="0"/><net_sink comp="90" pin=1"/></net>

<net id="97"><net_src comp="84" pin="2"/><net_sink comp="90" pin=2"/></net>

<net id="102"><net_src comp="36" pin="0"/><net_sink comp="98" pin=0"/></net>

<net id="103"><net_src comp="6" pin="0"/><net_sink comp="98" pin=1"/></net>

<net id="109"><net_src comp="38" pin="0"/><net_sink comp="104" pin=0"/></net>

<net id="110"><net_src comp="10" pin="0"/><net_sink comp="104" pin=1"/></net>

<net id="111"><net_src comp="98" pin="2"/><net_sink comp="104" pin=2"/></net>

<net id="118"><net_src comp="60" pin="0"/><net_sink comp="112" pin=0"/></net>

<net id="119"><net_src comp="0" pin="0"/><net_sink comp="112" pin=2"/></net>

<net id="120"><net_src comp="8" pin="0"/><net_sink comp="112" pin=3"/></net>

<net id="124"><net_src comp="70" pin="2"/><net_sink comp="121" pin=0"/></net>

<net id="131"><net_src comp="46" pin="0"/><net_sink comp="125" pin=0"/></net>

<net id="132"><net_src comp="84" pin="2"/><net_sink comp="125" pin=1"/></net>

<net id="133"><net_src comp="44" pin="0"/><net_sink comp="125" pin=2"/></net>

<net id="134"><net_src comp="48" pin="0"/><net_sink comp="125" pin=3"/></net>

<net id="139"><net_src comp="50" pin="0"/><net_sink comp="135" pin=0"/></net>

<net id="147"><net_src comp="140" pin="1"/><net_sink comp="143" pin=0"/></net>

<net id="152"><net_src comp="140" pin="1"/><net_sink comp="148" pin=0"/></net>

<net id="153"><net_src comp="58" pin="0"/><net_sink comp="148" pin=1"/></net>

<net id="158"><net_src comp="148" pin="2"/><net_sink comp="154" pin=0"/></net>

<net id="162"><net_src comp="98" pin="2"/><net_sink comp="159" pin=0"/></net>

<net id="166"><net_src comp="121" pin="1"/><net_sink comp="163" pin=0"/></net>

<net id="167"><net_src comp="163" pin="1"/><net_sink comp="143" pin=1"/></net>

<net id="171"><net_src comp="66" pin="1"/><net_sink comp="168" pin=0"/></net>

<net id="172"><net_src comp="168" pin="1"/><net_sink comp="135" pin=1"/></net>

<net id="173"><net_src comp="168" pin="1"/><net_sink comp="140" pin=0"/></net>

<net id="174"><net_src comp="168" pin="1"/><net_sink comp="154" pin=1"/></net>

<net id="178"><net_src comp="125" pin="4"/><net_sink comp="175" pin=0"/></net>

<net id="179"><net_src comp="175" pin="1"/><net_sink comp="112" pin=1"/></net>

</net_list>

</model> 
---------------- Datapath Model END ------------------

* FSMD analyzer results:
  - Output states:
	Port: srcLayer1Yuv | {2 3 }
	Port: HwReg_layerEnableFlag_1_val_c27 | {1 }
	Port: HwReg_layerWidth_1_val_c40 | {1 }
	Port: HwReg_layerHeight_1_val_c56 | {1 }
 - Input state : 
	Port: v_mix_422_to_444<false>.7 : srcLayer1Yuv422 | {2 3 }
	Port: v_mix_422_to_444<false>.7 : HwReg_layerHeight_1_val | {1 }
	Port: v_mix_422_to_444<false>.7 : HwReg_layerWidth_1_val | {1 }
	Port: v_mix_422_to_444<false>.7 : HwReg_layerEnableFlag_1_val | {1 }
  - Chain level:
	State 1
		store_ln95 : 1
	State 2
		icmp_ln103 : 1
		y_26 : 1
		br_ln103 : 2
		store_ln95 : 2
	State 3


============================================================
+ Verbose Summary: Datapath Resource usage 
============================================================

* Functional unit list:
|----------|---------------------------------------------------------------|---------|---------|
| Operation|                        Functional Unit                        |    FF   |   LUT   |
|----------|---------------------------------------------------------------|---------|---------|
|   call   | grp_v_mix_422_to_444_false_7_Pipeline_VITIS_LOOP_105_2_fu_112 |    11   |    36   |
|----------|---------------------------------------------------------------|---------|---------|
|   icmp   |                       icmp_ln103_fu_143                       |    0    |    19   |
|----------|---------------------------------------------------------------|---------|---------|
|    add   |                          y_26_fu_148                          |    0    |    19   |
|----------|---------------------------------------------------------------|---------|---------|
|          |            HwReg_layerHeight_1_val_read_read_fu_70            |    0    |    0    |
|   read   |             HwReg_layerWidth_1_val_read_read_fu_84            |    0    |    0    |
|          |                   layerEnableFlag_read_fu_98                  |    0    |    0    |
|----------|---------------------------------------------------------------|---------|---------|
|          |                     write_ln0_write_fu_76                     |    0    |    0    |
|   write  |                     write_ln0_write_fu_90                     |    0    |    0    |
|          |                    write_ln89_write_fu_104                    |    0    |    0    |
|----------|---------------------------------------------------------------|---------|---------|
|   trunc  |                         height_fu_121                         |    0    |    0    |
|----------|---------------------------------------------------------------|---------|---------|
|partselect|                        trunc_ln_fu_125                        |    0    |    0    |
|----------|---------------------------------------------------------------|---------|---------|
|   Total  |                                                               |    11   |    74   |
|----------|---------------------------------------------------------------|---------|---------|

Memories:
N/A

* Register list:
+-----------------------+--------+
|                       |   FF   |
+-----------------------+--------+
|     height_reg_163    |   12   |
|layerEnableFlag_reg_159|    1   |
|    trunc_ln_reg_175   |   11   |
|       y_reg_168       |   12   |
+-----------------------+--------+
|         Total         |   36   |
+-----------------------+--------+

* Multiplexer (MUX) list: 
|--------|------|------|------|--------|
|  Comp  |  Pin | Size |  BW  | S x BW |
|--------|------|------|------|--------|
|  Total |      |      |      |    0   |
|--------|------|------|------|--------|



* Summary:
+-----------+--------+--------+
|           |   FF   |   LUT  |
+-----------+--------+--------+
|  Function |   11   |   74   |
|   Memory  |    -   |    -   |
|Multiplexer|    -   |    -   |
|  Register |   36   |    -   |
+-----------+--------+--------+
|   Total   |   47   |   74   |
+-----------+--------+--------+
