

================================================================
== Vitis HLS Report for 'v_mix_core_alpha_false_false_21_Pipeline_VITIS_LOOP_465_3'
================================================================
* Date:           Mon Apr 27 12:26:40 2026

* Version:        2024.2 (Build 5238294 on Nov  8 2024)
* Project:        prj
* Solution:       sol (Vivado IP Flow Target)
* Product family: zynquplus
* Target device:  xck26-sfvc784-2LV-c


================================================================
== Performance Estimates
================================================================
+ Timing: 
    * Summary: 
    +--------+---------+----------+------------+
    |  Clock |  Target | Estimated| Uncertainty|
    +--------+---------+----------+------------+
    |ap_clk  |  6.67 ns|  4.103 ns|     1.80 ns|
    +--------+---------+----------+------------+

+ Latency: 
    * Summary: 
    +---------+---------+----------+-----------+-----+------+------------------------------------------------+
    |  Latency (cycles) |  Latency (absolute)  |  Interval  |                    Pipeline                    |
    |   min   |   max   |    min   |    max    | min |  max |                      Type                      |
    +---------+---------+----------+-----------+-----+------+------------------------------------------------+
    |       34|     1922|  0.227 us|  12.814 us|   33|  1921|  loop auto-rewind stp (delay=0 clock cycles(s))|
    +---------+---------+----------+-----------+-----+------+------------------------------------------------+

    + Detail: 
        * Instance: 
        N/A

        * Loop: 
        +--------------------+---------+---------+----------+-----------+-----------+-----------+----------+
        |                    |  Latency (cycles) | Iteration|  Initiation Interval  |    Trip   |          |
        |      Loop Name     |   min   |   max   |  Latency |  achieved |   target  |   Count   | Pipelined|
        +--------------------+---------+---------+----------+-----------+-----------+-----------+----------+
        |- VITIS_LOOP_465_3  |       32|     1920|         2|          1|          1|  32 ~ 1920|       yes|
        +--------------------+---------+---------+----------+-----------+-----------+-----------+----------+

============================================================
+ Verbose Summary: Synthesis Manager
============================================================
InlineROM: 1
ExposeGlobal: 0
============================================================
+ Verbose Summary: CDFG Model
============================================================
IsTopModel: 0
ResetActiveHigh: 1
IsCombinational: 0
IsDatapathOnly: 0
HasWiredReturn: 1
HasMFsm: 2
HasVarLatency: 1
IsPipeline: 0
IsRtlPipelined: 0
IsInstanceOverlapped: 0
IsDontTouch: 0
HasImplIP: 0
IsGatedGlobalClock: 0

+ Individual pipeline summary: 
  * Pipeline-0: initiation interval (II) = 1, depth = 2


============================================================
+ Verbose Summary: Schedule
============================================================
* Number of FSM states : 2
* Pipeline : 1
  Pipeline-0 : II = 1, D = 2, States = { 1 2 }
* Dataflow Pipeline: 0

* FSM state transitions: 
1 --> 2 
2 --> 

* FSM state operations: 

State 1 <SV = 0> <Delay = 1.65>
ST_1 : Operation 5 [1/1] (0.00ns)   --->   "%x = alloca i32 1" [/home/izaan/GitRepos/dpdma_exdes/vivado_quad_vmix/kv260_quad_vmix_dp.runs/bd_quad_vmix_dp_v_mix_0_0_synth_1/prj/sol/.autopilot/db/v_mix.cpp:440->/home/izaan/GitRepos/dpdma_exdes/vivado_quad_vmix/kv260_quad_vmix_dp.runs/bd_quad_vmix_dp_v_mix_0_0_synth_1/prj/sol/.autopilot/db/v_mix.cpp:856]   --->   Operation 5 'alloca' 'x' <Predicate = true> <Delay = 0.00>
ST_1 : Operation 6 [1/1] (0.00ns)   --->   "%specinterface_ln0 = specinterface void @_ssdm_op_SpecInterface, i48 %outLayer2, void @empty_17, i32 0, i32 0, void @empty_54, i32 0, i32 0, void @empty_54, void @empty_54, void @empty_54, i32 0, i32 0, i32 0, i32 0, void @empty_54, void @empty_54, i32 4294967295, i32 0, i32 0"   --->   Operation 6 'specinterface' 'specinterface_ln0' <Predicate = true> <Delay = 0.00>
ST_1 : Operation 7 [1/1] (0.00ns)   --->   "%specinterface_ln0 = specinterface void @_ssdm_op_SpecInterface, i48 %srcLayer3x, void @empty_17, i32 0, i32 0, void @empty_54, i32 0, i32 0, void @empty_54, void @empty_54, void @empty_54, i32 0, i32 0, i32 0, i32 0, void @empty_54, void @empty_54, i32 4294967295, i32 0, i32 0"   --->   Operation 7 'specinterface' 'specinterface_ln0' <Predicate = true> <Delay = 0.00>
ST_1 : Operation 8 [1/1] (0.00ns)   --->   "%specinterface_ln0 = specinterface void @_ssdm_op_SpecInterface, i48 %outLayer3, void @empty_17, i32 0, i32 0, void @empty_54, i32 0, i32 0, void @empty_54, void @empty_54, void @empty_54, i32 0, i32 0, i32 0, i32 0, void @empty_54, void @empty_54, i32 4294967295, i32 0, i32 0"   --->   Operation 8 'specinterface' 'specinterface_ln0' <Predicate = true> <Delay = 0.00>
ST_1 : Operation 9 [1/1] (0.00ns)   --->   "%tmp = read i1 @_ssdm_op_Read.ap_auto.i1, i1 %empty" [/home/izaan/GitRepos/dpdma_exdes/vivado_quad_vmix/kv260_quad_vmix_dp.runs/bd_quad_vmix_dp_v_mix_0_0_synth_1/prj/sol/.autopilot/db/v_mix.cpp:445->/home/izaan/GitRepos/dpdma_exdes/vivado_quad_vmix/kv260_quad_vmix_dp.runs/bd_quad_vmix_dp_v_mix_0_0_synth_1/prj/sol/.autopilot/db/v_mix.cpp:856]   --->   Operation 9 'read' 'tmp' <Predicate = true> <Delay = 0.00>
ST_1 : Operation 10 [1/1] (0.00ns)   --->   "%rev5_read = read i1 @_ssdm_op_Read.ap_auto.i1, i1 %rev5" [/home/izaan/GitRepos/dpdma_exdes/vivado_quad_vmix/kv260_quad_vmix_dp.runs/bd_quad_vmix_dp_v_mix_0_0_synth_1/prj/sol/.autopilot/db/v_mix.cpp:445->/home/izaan/GitRepos/dpdma_exdes/vivado_quad_vmix/kv260_quad_vmix_dp.runs/bd_quad_vmix_dp_v_mix_0_0_synth_1/prj/sol/.autopilot/db/v_mix.cpp:856]   --->   Operation 10 'read' 'rev5_read' <Predicate = true> <Delay = 0.00>
ST_1 : Operation 11 [1/1] (0.00ns)   --->   "%cmp61_i_read = read i1 @_ssdm_op_Read.ap_auto.i1, i1 %cmp61_i" [/home/izaan/GitRepos/dpdma_exdes/vivado_quad_vmix/kv260_quad_vmix_dp.runs/bd_quad_vmix_dp_v_mix_0_0_synth_1/prj/sol/.autopilot/db/v_mix.cpp:445->/home/izaan/GitRepos/dpdma_exdes/vivado_quad_vmix/kv260_quad_vmix_dp.runs/bd_quad_vmix_dp_v_mix_0_0_synth_1/prj/sol/.autopilot/db/v_mix.cpp:856]   --->   Operation 11 'read' 'cmp61_i_read' <Predicate = true> <Delay = 0.00>
ST_1 : Operation 12 [1/1] (0.00ns)   --->   "%div72_cast_i_read = read i16 @_ssdm_op_Read.ap_auto.i16, i16 %div72_cast_i" [/home/izaan/GitRepos/dpdma_exdes/vivado_quad_vmix/kv260_quad_vmix_dp.runs/bd_quad_vmix_dp_v_mix_0_0_synth_1/prj/sol/.autopilot/db/v_mix.cpp:445->/home/izaan/GitRepos/dpdma_exdes/vivado_quad_vmix/kv260_quad_vmix_dp.runs/bd_quad_vmix_dp_v_mix_0_0_synth_1/prj/sol/.autopilot/db/v_mix.cpp:856]   --->   Operation 12 'read' 'div72_cast_i_read' <Predicate = true> <Delay = 0.00>
ST_1 : Operation 13 [1/1] (0.00ns)   --->   "%div65_cast_i_read = read i15 @_ssdm_op_Read.ap_auto.i15, i15 %div65_cast_i" [/home/izaan/GitRepos/dpdma_exdes/vivado_quad_vmix/kv260_quad_vmix_dp.runs/bd_quad_vmix_dp_v_mix_0_0_synth_1/prj/sol/.autopilot/db/v_mix.cpp:445->/home/izaan/GitRepos/dpdma_exdes/vivado_quad_vmix/kv260_quad_vmix_dp.runs/bd_quad_vmix_dp_v_mix_0_0_synth_1/prj/sol/.autopilot/db/v_mix.cpp:856]   --->   Operation 13 'read' 'div65_cast_i_read' <Predicate = true> <Delay = 0.00>
ST_1 : Operation 14 [1/1] (0.00ns)   --->   "%div_cast_i_read = read i11 @_ssdm_op_Read.ap_auto.i11, i11 %div_cast_i" [/home/izaan/GitRepos/dpdma_exdes/vivado_quad_vmix/kv260_quad_vmix_dp.runs/bd_quad_vmix_dp_v_mix_0_0_synth_1/prj/sol/.autopilot/db/v_mix.cpp:445->/home/izaan/GitRepos/dpdma_exdes/vivado_quad_vmix/kv260_quad_vmix_dp.runs/bd_quad_vmix_dp_v_mix_0_0_synth_1/prj/sol/.autopilot/db/v_mix.cpp:856]   --->   Operation 14 'read' 'div_cast_i_read' <Predicate = true> <Delay = 0.00>
ST_1 : Operation 15 [1/1] (0.42ns)   --->   "%store_ln440 = store i11 0, i11 %x" [/home/izaan/GitRepos/dpdma_exdes/vivado_quad_vmix/kv260_quad_vmix_dp.runs/bd_quad_vmix_dp_v_mix_0_0_synth_1/prj/sol/.autopilot/db/v_mix.cpp:440->/home/izaan/GitRepos/dpdma_exdes/vivado_quad_vmix/kv260_quad_vmix_dp.runs/bd_quad_vmix_dp_v_mix_0_0_synth_1/prj/sol/.autopilot/db/v_mix.cpp:856]   --->   Operation 15 'store' 'store_ln440' <Predicate = true> <Delay = 0.42>
ST_1 : Operation 16 [1/1] (0.00ns)   --->   "%br_ln465 = br void %for.body51.i" [/home/izaan/GitRepos/dpdma_exdes/vivado_quad_vmix/kv260_quad_vmix_dp.runs/bd_quad_vmix_dp_v_mix_0_0_synth_1/prj/sol/.autopilot/db/v_mix.cpp:465->/home/izaan/GitRepos/dpdma_exdes/vivado_quad_vmix/kv260_quad_vmix_dp.runs/bd_quad_vmix_dp_v_mix_0_0_synth_1/prj/sol/.autopilot/db/v_mix.cpp:856]   --->   Operation 16 'br' 'br_ln465' <Predicate = true> <Delay = 0.00>
ST_1 : Operation 17 [1/1] (0.00ns)   --->   "%x_13 = load i11 %x" [/home/izaan/GitRepos/dpdma_exdes/vivado_quad_vmix/kv260_quad_vmix_dp.runs/bd_quad_vmix_dp_v_mix_0_0_synth_1/prj/sol/.autopilot/db/v_mix.cpp:465->/home/izaan/GitRepos/dpdma_exdes/vivado_quad_vmix/kv260_quad_vmix_dp.runs/bd_quad_vmix_dp_v_mix_0_0_synth_1/prj/sol/.autopilot/db/v_mix.cpp:856]   --->   Operation 17 'load' 'x_13' <Predicate = true> <Delay = 0.00>
ST_1 : Operation 18 [1/1] (0.79ns)   --->   "%icmp_ln465 = icmp_eq  i11 %x_13, i11 %div_cast_i_read" [/home/izaan/GitRepos/dpdma_exdes/vivado_quad_vmix/kv260_quad_vmix_dp.runs/bd_quad_vmix_dp_v_mix_0_0_synth_1/prj/sol/.autopilot/db/v_mix.cpp:465->/home/izaan/GitRepos/dpdma_exdes/vivado_quad_vmix/kv260_quad_vmix_dp.runs/bd_quad_vmix_dp_v_mix_0_0_synth_1/prj/sol/.autopilot/db/v_mix.cpp:856]   --->   Operation 18 'icmp' 'icmp_ln465' <Predicate = true> <Delay = 0.79> <CoreInst = "Cmp">   --->   Core 9 'Cmp' <Latency = 0> <II = 1> <Delay = 0.79> <FuncUnit> <Opcode : 'seteq' 'setne' 'setle' 'setge' 'setlt' 'setgt'> <InPorts = 2> <OutPorts = 1>
ST_1 : Operation 19 [1/1] (0.00ns)   --->   "%speclooptripcount_ln0 = speclooptripcount void @_ssdm_op_SpecLoopTripCount, i64 32, i64 1920, i64 0"   --->   Operation 19 'speclooptripcount' 'speclooptripcount_ln0' <Predicate = true> <Delay = 0.00>
ST_1 : Operation 20 [1/1] (0.79ns)   --->   "%add_ln465 = add i11 %x_13, i11 1" [/home/izaan/GitRepos/dpdma_exdes/vivado_quad_vmix/kv260_quad_vmix_dp.runs/bd_quad_vmix_dp_v_mix_0_0_synth_1/prj/sol/.autopilot/db/v_mix.cpp:465->/home/izaan/GitRepos/dpdma_exdes/vivado_quad_vmix/kv260_quad_vmix_dp.runs/bd_quad_vmix_dp_v_mix_0_0_synth_1/prj/sol/.autopilot/db/v_mix.cpp:856]   --->   Operation 20 'add' 'add_ln465' <Predicate = true> <Delay = 0.79> <CoreInst = "Adder">   --->   Core 1 'Adder' <Latency = 0> <II = 1> <Delay = 0.79> <FuncUnit> <Opcode : 'add' 'sub'> <InPorts = 2> <OutPorts = 1>
ST_1 : Operation 21 [1/1] (0.00ns)   --->   "%br_ln465 = br i1 %icmp_ln465, void %for.body51.split.i, void %for.inc111.loopexit.i.exitStub" [/home/izaan/GitRepos/dpdma_exdes/vivado_quad_vmix/kv260_quad_vmix_dp.runs/bd_quad_vmix_dp_v_mix_0_0_synth_1/prj/sol/.autopilot/db/v_mix.cpp:465->/home/izaan/GitRepos/dpdma_exdes/vivado_quad_vmix/kv260_quad_vmix_dp.runs/bd_quad_vmix_dp_v_mix_0_0_synth_1/prj/sol/.autopilot/db/v_mix.cpp:856]   --->   Operation 21 'br' 'br_ln465' <Predicate = true> <Delay = 0.00>
ST_1 : Operation 22 [1/1] (0.00ns)   --->   "%zext_ln465 = zext i11 %x_13" [/home/izaan/GitRepos/dpdma_exdes/vivado_quad_vmix/kv260_quad_vmix_dp.runs/bd_quad_vmix_dp_v_mix_0_0_synth_1/prj/sol/.autopilot/db/v_mix.cpp:465->/home/izaan/GitRepos/dpdma_exdes/vivado_quad_vmix/kv260_quad_vmix_dp.runs/bd_quad_vmix_dp_v_mix_0_0_synth_1/prj/sol/.autopilot/db/v_mix.cpp:856]   --->   Operation 22 'zext' 'zext_ln465' <Predicate = (!icmp_ln465)> <Delay = 0.00>
ST_1 : Operation 23 [1/1] (0.00ns)   --->   "%zext_ln465_2 = zext i11 %x_13" [/home/izaan/GitRepos/dpdma_exdes/vivado_quad_vmix/kv260_quad_vmix_dp.runs/bd_quad_vmix_dp_v_mix_0_0_synth_1/prj/sol/.autopilot/db/v_mix.cpp:465->/home/izaan/GitRepos/dpdma_exdes/vivado_quad_vmix/kv260_quad_vmix_dp.runs/bd_quad_vmix_dp_v_mix_0_0_synth_1/prj/sol/.autopilot/db/v_mix.cpp:856]   --->   Operation 23 'zext' 'zext_ln465_2' <Predicate = (!icmp_ln465)> <Delay = 0.00>
ST_1 : Operation 24 [1/1] (0.84ns)   --->   "%icmp_ln477 = icmp_ult  i15 %zext_ln465_2, i15 %div65_cast_i_read" [/home/izaan/GitRepos/dpdma_exdes/vivado_quad_vmix/kv260_quad_vmix_dp.runs/bd_quad_vmix_dp_v_mix_0_0_synth_1/prj/sol/.autopilot/db/v_mix.cpp:477->/home/izaan/GitRepos/dpdma_exdes/vivado_quad_vmix/kv260_quad_vmix_dp.runs/bd_quad_vmix_dp_v_mix_0_0_synth_1/prj/sol/.autopilot/db/v_mix.cpp:856]   --->   Operation 24 'icmp' 'icmp_ln477' <Predicate = (!icmp_ln465)> <Delay = 0.84> <CoreInst = "Cmp">   --->   Core 9 'Cmp' <Latency = 0> <II = 1> <Delay = 0.84> <FuncUnit> <Opcode : 'seteq' 'setne' 'setle' 'setge' 'setlt' 'setgt'> <InPorts = 2> <OutPorts = 1>
ST_1 : Operation 25 [1/1] (0.00ns) (grouped into LUT with out node and_ln476_2)   --->   "%xor_ln477 = xor i1 %icmp_ln477, i1 1" [/home/izaan/GitRepos/dpdma_exdes/vivado_quad_vmix/kv260_quad_vmix_dp.runs/bd_quad_vmix_dp_v_mix_0_0_synth_1/prj/sol/.autopilot/db/v_mix.cpp:477->/home/izaan/GitRepos/dpdma_exdes/vivado_quad_vmix/kv260_quad_vmix_dp.runs/bd_quad_vmix_dp_v_mix_0_0_synth_1/prj/sol/.autopilot/db/v_mix.cpp:856]   --->   Operation 25 'xor' 'xor_ln477' <Predicate = (!icmp_ln465)> <Delay = 0.00> <CoreInst = "LogicGate">   --->   Core 74 'LogicGate' <Latency = 0> <II = 1> <Delay = 0.28> <FuncUnit> <Opcode : 'and' 'or' 'xor'> <InPorts = 2> <OutPorts = 1>
ST_1 : Operation 26 [1/1] (0.85ns)   --->   "%icmp_ln478 = icmp_ugt  i16 %div72_cast_i_read, i16 %zext_ln465" [/home/izaan/GitRepos/dpdma_exdes/vivado_quad_vmix/kv260_quad_vmix_dp.runs/bd_quad_vmix_dp_v_mix_0_0_synth_1/prj/sol/.autopilot/db/v_mix.cpp:478->/home/izaan/GitRepos/dpdma_exdes/vivado_quad_vmix/kv260_quad_vmix_dp.runs/bd_quad_vmix_dp_v_mix_0_0_synth_1/prj/sol/.autopilot/db/v_mix.cpp:856]   --->   Operation 26 'icmp' 'icmp_ln478' <Predicate = (!icmp_ln465)> <Delay = 0.85> <CoreInst = "Cmp">   --->   Core 9 'Cmp' <Latency = 0> <II = 1> <Delay = 0.85> <FuncUnit> <Opcode : 'seteq' 'setne' 'setle' 'setge' 'setlt' 'setgt'> <InPorts = 2> <OutPorts = 1>
ST_1 : Operation 27 [1/1] (0.00ns) (grouped into LUT with out node and_ln476_2)   --->   "%and_ln476 = and i1 %cmp61_i_read, i1 %rev5_read" [/home/izaan/GitRepos/dpdma_exdes/vivado_quad_vmix/kv260_quad_vmix_dp.runs/bd_quad_vmix_dp_v_mix_0_0_synth_1/prj/sol/.autopilot/db/v_mix.cpp:476->/home/izaan/GitRepos/dpdma_exdes/vivado_quad_vmix/kv260_quad_vmix_dp.runs/bd_quad_vmix_dp_v_mix_0_0_synth_1/prj/sol/.autopilot/db/v_mix.cpp:856]   --->   Operation 27 'and' 'and_ln476' <Predicate = (!icmp_ln465)> <Delay = 0.00> <CoreInst = "LogicGate">   --->   Core 74 'LogicGate' <Latency = 0> <II = 1> <Delay = 0.28> <FuncUnit> <Opcode : 'and' 'or' 'xor'> <InPorts = 2> <OutPorts = 1>
ST_1 : Operation 28 [1/1] (0.00ns) (grouped into LUT with out node and_ln476_2)   --->   "%and_ln476_3 = and i1 %xor_ln477, i1 %and_ln476" [/home/izaan/GitRepos/dpdma_exdes/vivado_quad_vmix/kv260_quad_vmix_dp.runs/bd_quad_vmix_dp_v_mix_0_0_synth_1/prj/sol/.autopilot/db/v_mix.cpp:476->/home/izaan/GitRepos/dpdma_exdes/vivado_quad_vmix/kv260_quad_vmix_dp.runs/bd_quad_vmix_dp_v_mix_0_0_synth_1/prj/sol/.autopilot/db/v_mix.cpp:856]   --->   Operation 28 'and' 'and_ln476_3' <Predicate = (!icmp_ln465)> <Delay = 0.00> <CoreInst = "LogicGate">   --->   Core 74 'LogicGate' <Latency = 0> <II = 1> <Delay = 0.28> <FuncUnit> <Opcode : 'and' 'or' 'xor'> <InPorts = 2> <OutPorts = 1>
ST_1 : Operation 29 [1/1] (0.28ns) (out node of the LUT)   --->   "%and_ln476_2 = and i1 %and_ln476_3, i1 %icmp_ln478" [/home/izaan/GitRepos/dpdma_exdes/vivado_quad_vmix/kv260_quad_vmix_dp.runs/bd_quad_vmix_dp_v_mix_0_0_synth_1/prj/sol/.autopilot/db/v_mix.cpp:476->/home/izaan/GitRepos/dpdma_exdes/vivado_quad_vmix/kv260_quad_vmix_dp.runs/bd_quad_vmix_dp_v_mix_0_0_synth_1/prj/sol/.autopilot/db/v_mix.cpp:856]   --->   Operation 29 'and' 'and_ln476_2' <Predicate = (!icmp_ln465)> <Delay = 0.28> <CoreInst = "LogicGate">   --->   Core 74 'LogicGate' <Latency = 0> <II = 1> <Delay = 0.28> <FuncUnit> <Opcode : 'and' 'or' 'xor'> <InPorts = 2> <OutPorts = 1>
ST_1 : Operation 30 [1/1] (0.42ns)   --->   "%store_ln440 = store i11 %add_ln465, i11 %x" [/home/izaan/GitRepos/dpdma_exdes/vivado_quad_vmix/kv260_quad_vmix_dp.runs/bd_quad_vmix_dp_v_mix_0_0_synth_1/prj/sol/.autopilot/db/v_mix.cpp:440->/home/izaan/GitRepos/dpdma_exdes/vivado_quad_vmix/kv260_quad_vmix_dp.runs/bd_quad_vmix_dp_v_mix_0_0_synth_1/prj/sol/.autopilot/db/v_mix.cpp:856]   --->   Operation 30 'store' 'store_ln440' <Predicate = (!icmp_ln465)> <Delay = 0.42>
ST_1 : Operation 59 [1/1] (0.42ns)   --->   "%ret_ln0 = ret"   --->   Operation 59 'ret' 'ret_ln0' <Predicate = (icmp_ln465)> <Delay = 0.42>

State 2 <SV = 1> <Delay = 4.10>
ST_2 : Operation 31 [1/1] (0.00ns)   --->   "%specpipeline_ln468 = specpipeline void @_ssdm_op_SpecPipeline, i32 4294967295, i32 0, i32 0, i32 0, void @empty_54" [/home/izaan/GitRepos/dpdma_exdes/vivado_quad_vmix/kv260_quad_vmix_dp.runs/bd_quad_vmix_dp_v_mix_0_0_synth_1/prj/sol/.autopilot/db/v_mix.cpp:468->/home/izaan/GitRepos/dpdma_exdes/vivado_quad_vmix/kv260_quad_vmix_dp.runs/bd_quad_vmix_dp_v_mix_0_0_synth_1/prj/sol/.autopilot/db/v_mix.cpp:856]   --->   Operation 31 'specpipeline' 'specpipeline_ln468' <Predicate = (!icmp_ln465)> <Delay = 0.00>
ST_2 : Operation 32 [1/1] (0.00ns)   --->   "%specloopname_ln465 = specloopname void @_ssdm_op_SpecLoopName, void @empty_7" [/home/izaan/GitRepos/dpdma_exdes/vivado_quad_vmix/kv260_quad_vmix_dp.runs/bd_quad_vmix_dp_v_mix_0_0_synth_1/prj/sol/.autopilot/db/v_mix.cpp:465->/home/izaan/GitRepos/dpdma_exdes/vivado_quad_vmix/kv260_quad_vmix_dp.runs/bd_quad_vmix_dp_v_mix_0_0_synth_1/prj/sol/.autopilot/db/v_mix.cpp:856]   --->   Operation 32 'specloopname' 'specloopname_ln465' <Predicate = (!icmp_ln465)> <Delay = 0.00>
ST_2 : Operation 33 [1/1] ( I:1.83ns O:1.83ns )   --->   "%outLayer2_read = read i48 @_ssdm_op_Read.ap_fifo.volatile.i48P0A, i48 %outLayer2" [/home/izaan/GitRepos/dpdma_exdes/vivado_quad_vmix/kv260_quad_vmix_dp.runs/bd_quad_vmix_dp_v_mix_0_0_synth_1/prj/sol/.autopilot/db/v_mix.cpp:470->/home/izaan/GitRepos/dpdma_exdes/vivado_quad_vmix/kv260_quad_vmix_dp.runs/bd_quad_vmix_dp_v_mix_0_0_synth_1/prj/sol/.autopilot/db/v_mix.cpp:856]   --->   Operation 33 'read' 'outLayer2_read' <Predicate = (!icmp_ln465)> <Delay = 1.83> <CoreInst = "FIFO_SRL">   --->   Core 80 'FIFO_SRL' <Latency = 0> <II = 1> <Delay = 1.83> <Storage> <Opcode : 'read' 'write' 'nbread' 'nbwrite'> <Ports = 0> <Width = 48> <Depth = 2> <FIFO>
ST_2 : Operation 34 [1/1] (0.00ns)   --->   "%trunc_ln470 = trunc i48 %outLayer2_read" [/home/izaan/GitRepos/dpdma_exdes/vivado_quad_vmix/kv260_quad_vmix_dp.runs/bd_quad_vmix_dp_v_mix_0_0_synth_1/prj/sol/.autopilot/db/v_mix.cpp:470->/home/izaan/GitRepos/dpdma_exdes/vivado_quad_vmix/kv260_quad_vmix_dp.runs/bd_quad_vmix_dp_v_mix_0_0_synth_1/prj/sol/.autopilot/db/v_mix.cpp:856]   --->   Operation 34 'trunc' 'trunc_ln470' <Predicate = (!icmp_ln465)> <Delay = 0.00>
ST_2 : Operation 35 [1/1] (0.00ns)   --->   "%trunc_ln470_1 = partselect i8 @_ssdm_op_PartSelect.i8.i48.i32.i32, i48 %outLayer2_read, i32 8, i32 15" [/home/izaan/GitRepos/dpdma_exdes/vivado_quad_vmix/kv260_quad_vmix_dp.runs/bd_quad_vmix_dp_v_mix_0_0_synth_1/prj/sol/.autopilot/db/v_mix.cpp:470->/home/izaan/GitRepos/dpdma_exdes/vivado_quad_vmix/kv260_quad_vmix_dp.runs/bd_quad_vmix_dp_v_mix_0_0_synth_1/prj/sol/.autopilot/db/v_mix.cpp:856]   --->   Operation 35 'partselect' 'trunc_ln470_1' <Predicate = (!icmp_ln465)> <Delay = 0.00>
ST_2 : Operation 36 [1/1] (0.00ns)   --->   "%trunc_ln470_2 = partselect i8 @_ssdm_op_PartSelect.i8.i48.i32.i32, i48 %outLayer2_read, i32 16, i32 23" [/home/izaan/GitRepos/dpdma_exdes/vivado_quad_vmix/kv260_quad_vmix_dp.runs/bd_quad_vmix_dp_v_mix_0_0_synth_1/prj/sol/.autopilot/db/v_mix.cpp:470->/home/izaan/GitRepos/dpdma_exdes/vivado_quad_vmix/kv260_quad_vmix_dp.runs/bd_quad_vmix_dp_v_mix_0_0_synth_1/prj/sol/.autopilot/db/v_mix.cpp:856]   --->   Operation 36 'partselect' 'trunc_ln470_2' <Predicate = (!icmp_ln465)> <Delay = 0.00>
ST_2 : Operation 37 [1/1] (0.00ns)   --->   "%trunc_ln470_3 = partselect i8 @_ssdm_op_PartSelect.i8.i48.i32.i32, i48 %outLayer2_read, i32 24, i32 31" [/home/izaan/GitRepos/dpdma_exdes/vivado_quad_vmix/kv260_quad_vmix_dp.runs/bd_quad_vmix_dp_v_mix_0_0_synth_1/prj/sol/.autopilot/db/v_mix.cpp:470->/home/izaan/GitRepos/dpdma_exdes/vivado_quad_vmix/kv260_quad_vmix_dp.runs/bd_quad_vmix_dp_v_mix_0_0_synth_1/prj/sol/.autopilot/db/v_mix.cpp:856]   --->   Operation 37 'partselect' 'trunc_ln470_3' <Predicate = (!icmp_ln465)> <Delay = 0.00>
ST_2 : Operation 38 [1/1] (0.00ns)   --->   "%trunc_ln470_4 = partselect i8 @_ssdm_op_PartSelect.i8.i48.i32.i32, i48 %outLayer2_read, i32 32, i32 39" [/home/izaan/GitRepos/dpdma_exdes/vivado_quad_vmix/kv260_quad_vmix_dp.runs/bd_quad_vmix_dp_v_mix_0_0_synth_1/prj/sol/.autopilot/db/v_mix.cpp:470->/home/izaan/GitRepos/dpdma_exdes/vivado_quad_vmix/kv260_quad_vmix_dp.runs/bd_quad_vmix_dp_v_mix_0_0_synth_1/prj/sol/.autopilot/db/v_mix.cpp:856]   --->   Operation 38 'partselect' 'trunc_ln470_4' <Predicate = (!icmp_ln465)> <Delay = 0.00>
ST_2 : Operation 39 [1/1] (0.00ns)   --->   "%trunc_ln470_5 = partselect i8 @_ssdm_op_PartSelect.i8.i48.i32.i32, i48 %outLayer2_read, i32 40, i32 47" [/home/izaan/GitRepos/dpdma_exdes/vivado_quad_vmix/kv260_quad_vmix_dp.runs/bd_quad_vmix_dp_v_mix_0_0_synth_1/prj/sol/.autopilot/db/v_mix.cpp:470->/home/izaan/GitRepos/dpdma_exdes/vivado_quad_vmix/kv260_quad_vmix_dp.runs/bd_quad_vmix_dp_v_mix_0_0_synth_1/prj/sol/.autopilot/db/v_mix.cpp:856]   --->   Operation 39 'partselect' 'trunc_ln470_5' <Predicate = (!icmp_ln465)> <Delay = 0.00>
ST_2 : Operation 40 [1/1] (0.42ns)   --->   "%br_ln476 = br i1 %and_ln476_2, void %for.inc102.i, void %if.then74.i" [/home/izaan/GitRepos/dpdma_exdes/vivado_quad_vmix/kv260_quad_vmix_dp.runs/bd_quad_vmix_dp_v_mix_0_0_synth_1/prj/sol/.autopilot/db/v_mix.cpp:476->/home/izaan/GitRepos/dpdma_exdes/vivado_quad_vmix/kv260_quad_vmix_dp.runs/bd_quad_vmix_dp_v_mix_0_0_synth_1/prj/sol/.autopilot/db/v_mix.cpp:856]   --->   Operation 40 'br' 'br_ln476' <Predicate = (!icmp_ln465)> <Delay = 0.42>
ST_2 : Operation 41 [1/1] (0.42ns)   --->   "%br_ln480 = br i1 %tmp, void %for.inc102.i, void %if.then80.i" [/home/izaan/GitRepos/dpdma_exdes/vivado_quad_vmix/kv260_quad_vmix_dp.runs/bd_quad_vmix_dp_v_mix_0_0_synth_1/prj/sol/.autopilot/db/v_mix.cpp:480->/home/izaan/GitRepos/dpdma_exdes/vivado_quad_vmix/kv260_quad_vmix_dp.runs/bd_quad_vmix_dp_v_mix_0_0_synth_1/prj/sol/.autopilot/db/v_mix.cpp:856]   --->   Operation 41 'br' 'br_ln480' <Predicate = (!icmp_ln465 & and_ln476_2)> <Delay = 0.42>
ST_2 : Operation 42 [1/1] ( I:1.83ns O:1.83ns )   --->   "%srcLayer3x_read = read i48 @_ssdm_op_Read.ap_fifo.volatile.i48P0A, i48 %srcLayer3x" [/home/izaan/GitRepos/dpdma_exdes/vivado_quad_vmix/kv260_quad_vmix_dp.runs/bd_quad_vmix_dp_v_mix_0_0_synth_1/prj/sol/.autopilot/db/v_mix.cpp:482->/home/izaan/GitRepos/dpdma_exdes/vivado_quad_vmix/kv260_quad_vmix_dp.runs/bd_quad_vmix_dp_v_mix_0_0_synth_1/prj/sol/.autopilot/db/v_mix.cpp:856]   --->   Operation 42 'read' 'srcLayer3x_read' <Predicate = (!icmp_ln465 & and_ln476_2 & tmp)> <Delay = 1.83> <CoreInst = "FIFO_SRL">   --->   Core 80 'FIFO_SRL' <Latency = 0> <II = 1> <Delay = 1.83> <Storage> <Opcode : 'read' 'write' 'nbread' 'nbwrite'> <Ports = 0> <Width = 48> <Depth = 2> <FIFO>
ST_2 : Operation 43 [1/1] (0.00ns)   --->   "%trunc_ln482 = trunc i48 %srcLayer3x_read" [/home/izaan/GitRepos/dpdma_exdes/vivado_quad_vmix/kv260_quad_vmix_dp.runs/bd_quad_vmix_dp_v_mix_0_0_synth_1/prj/sol/.autopilot/db/v_mix.cpp:482->/home/izaan/GitRepos/dpdma_exdes/vivado_quad_vmix/kv260_quad_vmix_dp.runs/bd_quad_vmix_dp_v_mix_0_0_synth_1/prj/sol/.autopilot/db/v_mix.cpp:856]   --->   Operation 43 'trunc' 'trunc_ln482' <Predicate = (!icmp_ln465 & and_ln476_2 & tmp)> <Delay = 0.00>
ST_2 : Operation 44 [1/1] (0.00ns)   --->   "%trunc_ln482_1 = partselect i8 @_ssdm_op_PartSelect.i8.i48.i32.i32, i48 %srcLayer3x_read, i32 8, i32 15" [/home/izaan/GitRepos/dpdma_exdes/vivado_quad_vmix/kv260_quad_vmix_dp.runs/bd_quad_vmix_dp_v_mix_0_0_synth_1/prj/sol/.autopilot/db/v_mix.cpp:482->/home/izaan/GitRepos/dpdma_exdes/vivado_quad_vmix/kv260_quad_vmix_dp.runs/bd_quad_vmix_dp_v_mix_0_0_synth_1/prj/sol/.autopilot/db/v_mix.cpp:856]   --->   Operation 44 'partselect' 'trunc_ln482_1' <Predicate = (!icmp_ln465 & and_ln476_2 & tmp)> <Delay = 0.00>
ST_2 : Operation 45 [1/1] (0.00ns)   --->   "%trunc_ln482_2 = partselect i8 @_ssdm_op_PartSelect.i8.i48.i32.i32, i48 %srcLayer3x_read, i32 16, i32 23" [/home/izaan/GitRepos/dpdma_exdes/vivado_quad_vmix/kv260_quad_vmix_dp.runs/bd_quad_vmix_dp_v_mix_0_0_synth_1/prj/sol/.autopilot/db/v_mix.cpp:482->/home/izaan/GitRepos/dpdma_exdes/vivado_quad_vmix/kv260_quad_vmix_dp.runs/bd_quad_vmix_dp_v_mix_0_0_synth_1/prj/sol/.autopilot/db/v_mix.cpp:856]   --->   Operation 45 'partselect' 'trunc_ln482_2' <Predicate = (!icmp_ln465 & and_ln476_2 & tmp)> <Delay = 0.00>
ST_2 : Operation 46 [1/1] (0.00ns)   --->   "%trunc_ln482_3 = partselect i8 @_ssdm_op_PartSelect.i8.i48.i32.i32, i48 %srcLayer3x_read, i32 24, i32 31" [/home/izaan/GitRepos/dpdma_exdes/vivado_quad_vmix/kv260_quad_vmix_dp.runs/bd_quad_vmix_dp_v_mix_0_0_synth_1/prj/sol/.autopilot/db/v_mix.cpp:482->/home/izaan/GitRepos/dpdma_exdes/vivado_quad_vmix/kv260_quad_vmix_dp.runs/bd_quad_vmix_dp_v_mix_0_0_synth_1/prj/sol/.autopilot/db/v_mix.cpp:856]   --->   Operation 46 'partselect' 'trunc_ln482_3' <Predicate = (!icmp_ln465 & and_ln476_2 & tmp)> <Delay = 0.00>
ST_2 : Operation 47 [1/1] (0.00ns)   --->   "%trunc_ln482_4 = partselect i8 @_ssdm_op_PartSelect.i8.i48.i32.i32, i48 %srcLayer3x_read, i32 32, i32 39" [/home/izaan/GitRepos/dpdma_exdes/vivado_quad_vmix/kv260_quad_vmix_dp.runs/bd_quad_vmix_dp_v_mix_0_0_synth_1/prj/sol/.autopilot/db/v_mix.cpp:482->/home/izaan/GitRepos/dpdma_exdes/vivado_quad_vmix/kv260_quad_vmix_dp.runs/bd_quad_vmix_dp_v_mix_0_0_synth_1/prj/sol/.autopilot/db/v_mix.cpp:856]   --->   Operation 47 'partselect' 'trunc_ln482_4' <Predicate = (!icmp_ln465 & and_ln476_2 & tmp)> <Delay = 0.00>
ST_2 : Operation 48 [1/1] (0.00ns)   --->   "%trunc_ln482_5 = partselect i8 @_ssdm_op_PartSelect.i8.i48.i32.i32, i48 %srcLayer3x_read, i32 40, i32 47" [/home/izaan/GitRepos/dpdma_exdes/vivado_quad_vmix/kv260_quad_vmix_dp.runs/bd_quad_vmix_dp_v_mix_0_0_synth_1/prj/sol/.autopilot/db/v_mix.cpp:482->/home/izaan/GitRepos/dpdma_exdes/vivado_quad_vmix/kv260_quad_vmix_dp.runs/bd_quad_vmix_dp_v_mix_0_0_synth_1/prj/sol/.autopilot/db/v_mix.cpp:856]   --->   Operation 48 'partselect' 'trunc_ln482_5' <Predicate = (!icmp_ln465 & and_ln476_2 & tmp)> <Delay = 0.00>
ST_2 : Operation 49 [1/1] (0.42ns)   --->   "%br_ln483 = br void %for.inc102.i" [/home/izaan/GitRepos/dpdma_exdes/vivado_quad_vmix/kv260_quad_vmix_dp.runs/bd_quad_vmix_dp_v_mix_0_0_synth_1/prj/sol/.autopilot/db/v_mix.cpp:483->/home/izaan/GitRepos/dpdma_exdes/vivado_quad_vmix/kv260_quad_vmix_dp.runs/bd_quad_vmix_dp_v_mix_0_0_synth_1/prj/sol/.autopilot/db/v_mix.cpp:856]   --->   Operation 49 'br' 'br_ln483' <Predicate = (!icmp_ln465 & and_ln476_2 & tmp)> <Delay = 0.42>
ST_2 : Operation 50 [1/1] (0.00ns)   --->   "%p_0_0_0_1_224_i = phi i8 %trunc_ln482_5, void %if.then80.i, i8 %trunc_ln470_5, void %for.body51.split.i, i8 %trunc_ln470_5, void %if.then74.i" [/home/izaan/GitRepos/dpdma_exdes/vivado_quad_vmix/kv260_quad_vmix_dp.runs/bd_quad_vmix_dp_v_mix_0_0_synth_1/prj/sol/.autopilot/db/v_mix.cpp:482->/home/izaan/GitRepos/dpdma_exdes/vivado_quad_vmix/kv260_quad_vmix_dp.runs/bd_quad_vmix_dp_v_mix_0_0_synth_1/prj/sol/.autopilot/db/v_mix.cpp:856]   --->   Operation 50 'phi' 'p_0_0_0_1_224_i' <Predicate = true> <Delay = 0.00>
ST_2 : Operation 51 [1/1] (0.00ns)   --->   "%p_0_0_0_1_122_i = phi i8 %trunc_ln482_4, void %if.then80.i, i8 %trunc_ln470_4, void %for.body51.split.i, i8 %trunc_ln470_4, void %if.then74.i" [/home/izaan/GitRepos/dpdma_exdes/vivado_quad_vmix/kv260_quad_vmix_dp.runs/bd_quad_vmix_dp_v_mix_0_0_synth_1/prj/sol/.autopilot/db/v_mix.cpp:482->/home/izaan/GitRepos/dpdma_exdes/vivado_quad_vmix/kv260_quad_vmix_dp.runs/bd_quad_vmix_dp_v_mix_0_0_synth_1/prj/sol/.autopilot/db/v_mix.cpp:856]   --->   Operation 51 'phi' 'p_0_0_0_1_122_i' <Predicate = true> <Delay = 0.00>
ST_2 : Operation 52 [1/1] (0.00ns)   --->   "%p_0_0_0_120_i = phi i8 %trunc_ln482_3, void %if.then80.i, i8 %trunc_ln470_3, void %for.body51.split.i, i8 %trunc_ln470_3, void %if.then74.i" [/home/izaan/GitRepos/dpdma_exdes/vivado_quad_vmix/kv260_quad_vmix_dp.runs/bd_quad_vmix_dp_v_mix_0_0_synth_1/prj/sol/.autopilot/db/v_mix.cpp:482->/home/izaan/GitRepos/dpdma_exdes/vivado_quad_vmix/kv260_quad_vmix_dp.runs/bd_quad_vmix_dp_v_mix_0_0_synth_1/prj/sol/.autopilot/db/v_mix.cpp:856]   --->   Operation 52 'phi' 'p_0_0_0_120_i' <Predicate = true> <Delay = 0.00>
ST_2 : Operation 53 [1/1] (0.00ns)   --->   "%p_0_0_0_218_i = phi i8 %trunc_ln482_2, void %if.then80.i, i8 %trunc_ln470_2, void %for.body51.split.i, i8 %trunc_ln470_2, void %if.then74.i" [/home/izaan/GitRepos/dpdma_exdes/vivado_quad_vmix/kv260_quad_vmix_dp.runs/bd_quad_vmix_dp_v_mix_0_0_synth_1/prj/sol/.autopilot/db/v_mix.cpp:482->/home/izaan/GitRepos/dpdma_exdes/vivado_quad_vmix/kv260_quad_vmix_dp.runs/bd_quad_vmix_dp_v_mix_0_0_synth_1/prj/sol/.autopilot/db/v_mix.cpp:856]   --->   Operation 53 'phi' 'p_0_0_0_218_i' <Predicate = true> <Delay = 0.00>
ST_2 : Operation 54 [1/1] (0.00ns)   --->   "%p_0_0_0_11016_i = phi i8 %trunc_ln482_1, void %if.then80.i, i8 %trunc_ln470_1, void %for.body51.split.i, i8 %trunc_ln470_1, void %if.then74.i" [/home/izaan/GitRepos/dpdma_exdes/vivado_quad_vmix/kv260_quad_vmix_dp.runs/bd_quad_vmix_dp_v_mix_0_0_synth_1/prj/sol/.autopilot/db/v_mix.cpp:482->/home/izaan/GitRepos/dpdma_exdes/vivado_quad_vmix/kv260_quad_vmix_dp.runs/bd_quad_vmix_dp_v_mix_0_0_synth_1/prj/sol/.autopilot/db/v_mix.cpp:856]   --->   Operation 54 'phi' 'p_0_0_0_11016_i' <Predicate = true> <Delay = 0.00>
ST_2 : Operation 55 [1/1] (0.00ns)   --->   "%p_0_0_014_i = phi i8 %trunc_ln482, void %if.then80.i, i8 %trunc_ln470, void %for.body51.split.i, i8 %trunc_ln470, void %if.then74.i" [/home/izaan/GitRepos/dpdma_exdes/vivado_quad_vmix/kv260_quad_vmix_dp.runs/bd_quad_vmix_dp_v_mix_0_0_synth_1/prj/sol/.autopilot/db/v_mix.cpp:482->/home/izaan/GitRepos/dpdma_exdes/vivado_quad_vmix/kv260_quad_vmix_dp.runs/bd_quad_vmix_dp_v_mix_0_0_synth_1/prj/sol/.autopilot/db/v_mix.cpp:856]   --->   Operation 55 'phi' 'p_0_0_014_i' <Predicate = true> <Delay = 0.00>
ST_2 : Operation 56 [1/1] (0.00ns)   --->   "%or_ln493_1_i = bitconcatenate i48 @_ssdm_op_BitConcatenate.i48.i8.i8.i8.i8.i8.i8, i8 %p_0_0_0_1_224_i, i8 %p_0_0_0_1_122_i, i8 %p_0_0_0_120_i, i8 %p_0_0_0_218_i, i8 %p_0_0_0_11016_i, i8 %p_0_0_014_i" [/home/izaan/GitRepos/dpdma_exdes/vivado_quad_vmix/kv260_quad_vmix_dp.runs/bd_quad_vmix_dp_v_mix_0_0_synth_1/prj/sol/.autopilot/db/v_mix.cpp:493->/home/izaan/GitRepos/dpdma_exdes/vivado_quad_vmix/kv260_quad_vmix_dp.runs/bd_quad_vmix_dp_v_mix_0_0_synth_1/prj/sol/.autopilot/db/v_mix.cpp:856]   --->   Operation 56 'bitconcatenate' 'or_ln493_1_i' <Predicate = true> <Delay = 0.00>
ST_2 : Operation 57 [1/1] ( I:1.83ns O:1.83ns )   --->   "%write_ln493 = write void @_ssdm_op_Write.ap_fifo.volatile.i48P0A, i48 %outLayer3, i48 %or_ln493_1_i" [/home/izaan/GitRepos/dpdma_exdes/vivado_quad_vmix/kv260_quad_vmix_dp.runs/bd_quad_vmix_dp_v_mix_0_0_synth_1/prj/sol/.autopilot/db/v_mix.cpp:493->/home/izaan/GitRepos/dpdma_exdes/vivado_quad_vmix/kv260_quad_vmix_dp.runs/bd_quad_vmix_dp_v_mix_0_0_synth_1/prj/sol/.autopilot/db/v_mix.cpp:856]   --->   Operation 57 'write' 'write_ln493' <Predicate = true> <Delay = 1.83> <CoreInst = "FIFO_SRL">   --->   Core 80 'FIFO_SRL' <Latency = 0> <II = 1> <Delay = 1.83> <Storage> <Opcode : 'read' 'write' 'nbread' 'nbwrite'> <Ports = 0> <Width = 48> <Depth = 2> <FIFO>
ST_2 : Operation 58 [1/1] (0.00ns)   --->   "%br_ln465 = br void %for.body51.i" [/home/izaan/GitRepos/dpdma_exdes/vivado_quad_vmix/kv260_quad_vmix_dp.runs/bd_quad_vmix_dp_v_mix_0_0_synth_1/prj/sol/.autopilot/db/v_mix.cpp:465->/home/izaan/GitRepos/dpdma_exdes/vivado_quad_vmix/kv260_quad_vmix_dp.runs/bd_quad_vmix_dp_v_mix_0_0_synth_1/prj/sol/.autopilot/db/v_mix.cpp:856]   --->   Operation 58 'br' 'br_ln465' <Predicate = true> <Delay = 0.00>


============================================================
+ Verbose Summary: Binding
============================================================
STG Binding: 
---------------- STG Properties BEGIN ----------------
- Is combinational: 0
- Is one-state seq: 0
- Is datapath-only: 0
- Is pipelined: 0
- Is top level: 0
Port [ Return ] is wired: 1; IO mode=ap_ctrl_hs:ce=0
Port [ div_cast_i]:  wired=1; compound=0; hidden=0; nouse=0; global=0; static=0; extern=0; dir=0; type=0; pingpong=0; private_global=0; IO mode=ap_stable:ce=0
Port [ outLayer3]:  wired=1; compound=1; hidden=0; nouse=0; global=0; static=0; extern=0; dir=1; type=3; pingpong=0; private_global=0; IO mode=ap_fifo:ce=0
Port [ outLayer2]:  wired=1; compound=1; hidden=0; nouse=0; global=0; static=0; extern=0; dir=0; type=3; pingpong=0; private_global=0; IO mode=ap_fifo:ce=0
Port [ div65_cast_i]:  wired=1; compound=0; hidden=0; nouse=0; global=0; static=0; extern=0; dir=0; type=0; pingpong=0; private_global=0; IO mode=ap_none:ce=0
Port [ div72_cast_i]:  wired=1; compound=0; hidden=0; nouse=0; global=0; static=0; extern=0; dir=0; type=0; pingpong=0; private_global=0; IO mode=ap_none:ce=0
Port [ cmp61_i]:  wired=1; compound=0; hidden=0; nouse=0; global=0; static=0; extern=0; dir=0; type=0; pingpong=0; private_global=0; IO mode=ap_none:ce=0
Port [ rev5]:  wired=1; compound=0; hidden=0; nouse=0; global=0; static=0; extern=0; dir=0; type=0; pingpong=0; private_global=0; IO mode=ap_none:ce=0
Port [ srcLayer3x]:  wired=1; compound=1; hidden=0; nouse=0; global=0; static=0; extern=0; dir=0; type=3; pingpong=0; private_global=0; IO mode=ap_fifo:ce=0
Port [ empty]:  wired=1; compound=0; hidden=0; nouse=0; global=0; static=0; extern=0; dir=0; type=0; pingpong=0; private_global=0; IO mode=ap_none:ce=0
---------------- STG Properties END ------------------

---------------- Datapath Model BEGIN ----------------

<LifeTime>
<method=bitvector/>
x                     (alloca           ) [ 010]
specinterface_ln0     (specinterface    ) [ 000]
specinterface_ln0     (specinterface    ) [ 000]
specinterface_ln0     (specinterface    ) [ 000]
tmp                   (read             ) [ 011]
rev5_read             (read             ) [ 000]
cmp61_i_read          (read             ) [ 000]
div72_cast_i_read     (read             ) [ 000]
div65_cast_i_read     (read             ) [ 000]
div_cast_i_read       (read             ) [ 000]
store_ln440           (store            ) [ 000]
br_ln465              (br               ) [ 000]
x_13                  (load             ) [ 000]
icmp_ln465            (icmp             ) [ 011]
speclooptripcount_ln0 (speclooptripcount) [ 000]
add_ln465             (add              ) [ 000]
br_ln465              (br               ) [ 000]
zext_ln465            (zext             ) [ 000]
zext_ln465_2          (zext             ) [ 000]
icmp_ln477            (icmp             ) [ 000]
xor_ln477             (xor              ) [ 000]
icmp_ln478            (icmp             ) [ 000]
and_ln476             (and              ) [ 000]
and_ln476_3           (and              ) [ 000]
and_ln476_2           (and              ) [ 011]
store_ln440           (store            ) [ 000]
specpipeline_ln468    (specpipeline     ) [ 000]
specloopname_ln465    (specloopname     ) [ 000]
outLayer2_read        (read             ) [ 000]
trunc_ln470           (trunc            ) [ 000]
trunc_ln470_1         (partselect       ) [ 000]
trunc_ln470_2         (partselect       ) [ 000]
trunc_ln470_3         (partselect       ) [ 000]
trunc_ln470_4         (partselect       ) [ 000]
trunc_ln470_5         (partselect       ) [ 000]
br_ln476              (br               ) [ 000]
br_ln480              (br               ) [ 000]
srcLayer3x_read       (read             ) [ 000]
trunc_ln482           (trunc            ) [ 000]
trunc_ln482_1         (partselect       ) [ 000]
trunc_ln482_2         (partselect       ) [ 000]
trunc_ln482_3         (partselect       ) [ 000]
trunc_ln482_4         (partselect       ) [ 000]
trunc_ln482_5         (partselect       ) [ 000]
br_ln483              (br               ) [ 000]
p_0_0_0_1_224_i       (phi              ) [ 000]
p_0_0_0_1_122_i       (phi              ) [ 000]
p_0_0_0_120_i         (phi              ) [ 000]
p_0_0_0_218_i         (phi              ) [ 000]
p_0_0_0_11016_i       (phi              ) [ 000]
p_0_0_014_i           (phi              ) [ 000]
or_ln493_1_i          (bitconcatenate   ) [ 000]
write_ln493           (write            ) [ 000]
br_ln465              (br               ) [ 000]
ret_ln0               (ret              ) [ 000]
</LifeTime>

<model>

<comp_list>
<comp id="0" class="1000" name="div_cast_i">
<pin_list>
<pin id="1" dir="1" index="0" bw="1" slack="0"/>
</pin_list>
<bind>
<StgValue><ssdm name="div_cast_i"/></StgValue>
</bind>
</comp>

<comp id="2" class="1000" name="outLayer3">
<pin_list>
<pin id="3" dir="1" index="0" bw="1" slack="0"/>
</pin_list>
<bind>
<StgValue><ssdm name="outLayer3"/></StgValue>
</bind>
</comp>

<comp id="4" class="1000" name="outLayer2">
<pin_list>
<pin id="5" dir="1" index="0" bw="1" slack="0"/>
</pin_list>
<bind>
<StgValue><ssdm name="outLayer2"/></StgValue>
</bind>
</comp>

<comp id="6" class="1000" name="div65_cast_i">
<pin_list>
<pin id="7" dir="1" index="0" bw="1" slack="0"/>
</pin_list>
<bind>
<StgValue><ssdm name="div65_cast_i"/></StgValue>
</bind>
</comp>

<comp id="8" class="1000" name="div72_cast_i">
<pin_list>
<pin id="9" dir="1" index="0" bw="1" slack="0"/>
</pin_list>
<bind>
<StgValue><ssdm name="div72_cast_i"/></StgValue>
</bind>
</comp>

<comp id="10" class="1000" name="cmp61_i">
<pin_list>
<pin id="11" dir="1" index="0" bw="1" slack="0"/>
</pin_list>
<bind>
<StgValue><ssdm name="cmp61_i"/></StgValue>
</bind>
</comp>

<comp id="12" class="1000" name="rev5">
<pin_list>
<pin id="13" dir="1" index="0" bw="1" slack="0"/>
</pin_list>
<bind>
<StgValue><ssdm name="rev5"/></StgValue>
</bind>
</comp>

<comp id="14" class="1000" name="srcLayer3x">
<pin_list>
<pin id="15" dir="1" index="0" bw="1" slack="0"/>
</pin_list>
<bind>
<StgValue><ssdm name="srcLayer3x"/></StgValue>
</bind>
</comp>

<comp id="16" class="1000" name="empty">
<pin_list>
<pin id="17" dir="1" index="0" bw="1" slack="0"/>
</pin_list>
<bind>
<StgValue><ssdm name="empty"/></StgValue>
</bind>
</comp>

<comp id="18" class="1001" name="const_18">
<pin_list>
<pin id="19" dir="1" index="0" bw="1" slack="0"/>
</pin_list>
<bind>
<StgValue><ssdm name=""/></StgValue>
</bind>
</comp>

<comp id="20" class="1001" name="const_20">
<pin_list>
<pin id="21" dir="1" index="0" bw="1" slack="2147483647"/>
</pin_list>
<bind>
<StgValue><ssdm name="_ssdm_op_SpecInterface"/></StgValue>
</bind>
</comp>

<comp id="22" class="1001" name="const_22">
<pin_list>
<pin id="23" dir="1" index="0" bw="1" slack="2147483647"/>
</pin_list>
<bind>
<StgValue><ssdm name="empty_17"/></StgValue>
</bind>
</comp>

<comp id="24" class="1001" name="const_24">
<pin_list>
<pin id="25" dir="1" index="0" bw="1" slack="2147483647"/>
</pin_list>
<bind>
<StgValue><ssdm name=""/></StgValue>
</bind>
</comp>

<comp id="26" class="1001" name="const_26">
<pin_list>
<pin id="27" dir="1" index="0" bw="1" slack="2147483647"/>
</pin_list>
<bind>
<StgValue><ssdm name="empty_54"/></StgValue>
</bind>
</comp>

<comp id="28" class="1001" name="const_28">
<pin_list>
<pin id="29" dir="1" index="0" bw="1" slack="2147483647"/>
</pin_list>
<bind>
<StgValue><ssdm name=""/></StgValue>
</bind>
</comp>

<comp id="30" class="1001" name="const_30">
<pin_list>
<pin id="31" dir="1" index="0" bw="1" slack="0"/>
</pin_list>
<bind>
<StgValue><ssdm name="_ssdm_op_Read.ap_auto.i1"/></StgValue>
</bind>
</comp>

<comp id="32" class="1001" name="const_32">
<pin_list>
<pin id="33" dir="1" index="0" bw="1" slack="0"/>
</pin_list>
<bind>
<StgValue><ssdm name="_ssdm_op_Read.ap_auto.i16"/></StgValue>
</bind>
</comp>

<comp id="34" class="1001" name="const_34">
<pin_list>
<pin id="35" dir="1" index="0" bw="1" slack="0"/>
</pin_list>
<bind>
<StgValue><ssdm name="_ssdm_op_Read.ap_auto.i15"/></StgValue>
</bind>
</comp>

<comp id="36" class="1001" name="const_36">
<pin_list>
<pin id="37" dir="1" index="0" bw="1" slack="0"/>
</pin_list>
<bind>
<StgValue><ssdm name="_ssdm_op_Read.ap_auto.i11"/></StgValue>
</bind>
</comp>

<comp id="38" class="1001" name="const_38">
<pin_list>
<pin id="39" dir="1" index="0" bw="1" slack="0"/>
</pin_list>
<bind>
<StgValue><ssdm name=""/></StgValue>
</bind>
</comp>

<comp id="40" class="1001" name="const_40">
<pin_list>
<pin id="41" dir="1" index="0" bw="1" slack="2147483647"/>
</pin_list>
<bind>
<StgValue><ssdm name="_ssdm_op_SpecLoopTripCount"/></StgValue>
</bind>
</comp>

<comp id="42" class="1001" name="const_42">
<pin_list>
<pin id="43" dir="1" index="0" bw="1" slack="2147483647"/>
</pin_list>
<bind>
<StgValue><ssdm name=""/></StgValue>
</bind>
</comp>

<comp id="44" class="1001" name="const_44">
<pin_list>
<pin id="45" dir="1" index="0" bw="1" slack="2147483647"/>
</pin_list>
<bind>
<StgValue><ssdm name=""/></StgValue>
</bind>
</comp>

<comp id="46" class="1001" name="const_46">
<pin_list>
<pin id="47" dir="1" index="0" bw="1" slack="2147483647"/>
</pin_list>
<bind>
<StgValue><ssdm name=""/></StgValue>
</bind>
</comp>

<comp id="48" class="1001" name="const_48">
<pin_list>
<pin id="49" dir="1" index="0" bw="1" slack="0"/>
</pin_list>
<bind>
<StgValue><ssdm name=""/></StgValue>
</bind>
</comp>

<comp id="50" class="1001" name="const_50">
<pin_list>
<pin id="51" dir="1" index="0" bw="1" slack="0"/>
</pin_list>
<bind>
<StgValue><ssdm name=""/></StgValue>
</bind>
</comp>

<comp id="52" class="1001" name="const_52">
<pin_list>
<pin id="53" dir="1" index="0" bw="1" slack="2147483647"/>
</pin_list>
<bind>
<StgValue><ssdm name="_ssdm_op_SpecPipeline"/></StgValue>
</bind>
</comp>

<comp id="54" class="1001" name="const_54">
<pin_list>
<pin id="55" dir="1" index="0" bw="1" slack="2147483647"/>
</pin_list>
<bind>
<StgValue><ssdm name="_ssdm_op_SpecLoopName"/></StgValue>
</bind>
</comp>

<comp id="56" class="1001" name="const_56">
<pin_list>
<pin id="57" dir="1" index="0" bw="1" slack="2147483647"/>
</pin_list>
<bind>
<StgValue><ssdm name="empty_7"/></StgValue>
</bind>
</comp>

<comp id="58" class="1001" name="const_58">
<pin_list>
<pin id="59" dir="1" index="0" bw="1" slack="0"/>
</pin_list>
<bind>
<StgValue><ssdm name="_ssdm_op_Read.ap_fifo.volatile.i48P0A"/></StgValue>
</bind>
</comp>

<comp id="60" class="1001" name="const_60">
<pin_list>
<pin id="61" dir="1" index="0" bw="1" slack="0"/>
</pin_list>
<bind>
<StgValue><ssdm name="_ssdm_op_PartSelect.i8.i48.i32.i32"/></StgValue>
</bind>
</comp>

<comp id="62" class="1001" name="const_62">
<pin_list>
<pin id="63" dir="1" index="0" bw="1" slack="0"/>
</pin_list>
<bind>
<StgValue><ssdm name=""/></StgValue>
</bind>
</comp>

<comp id="64" class="1001" name="const_64">
<pin_list>
<pin id="65" dir="1" index="0" bw="1" slack="0"/>
</pin_list>
<bind>
<StgValue><ssdm name=""/></StgValue>
</bind>
</comp>

<comp id="66" class="1001" name="const_66">
<pin_list>
<pin id="67" dir="1" index="0" bw="1" slack="0"/>
</pin_list>
<bind>
<StgValue><ssdm name=""/></StgValue>
</bind>
</comp>

<comp id="68" class="1001" name="const_68">
<pin_list>
<pin id="69" dir="1" index="0" bw="1" slack="0"/>
</pin_list>
<bind>
<StgValue><ssdm name=""/></StgValue>
</bind>
</comp>

<comp id="70" class="1001" name="const_70">
<pin_list>
<pin id="71" dir="1" index="0" bw="1" slack="0"/>
</pin_list>
<bind>
<StgValue><ssdm name=""/></StgValue>
</bind>
</comp>

<comp id="72" class="1001" name="const_72">
<pin_list>
<pin id="73" dir="1" index="0" bw="1" slack="0"/>
</pin_list>
<bind>
<StgValue><ssdm name=""/></StgValue>
</bind>
</comp>

<comp id="74" class="1001" name="const_74">
<pin_list>
<pin id="75" dir="1" index="0" bw="1" slack="0"/>
</pin_list>
<bind>
<StgValue><ssdm name=""/></StgValue>
</bind>
</comp>

<comp id="76" class="1001" name="const_76">
<pin_list>
<pin id="77" dir="1" index="0" bw="1" slack="0"/>
</pin_list>
<bind>
<StgValue><ssdm name=""/></StgValue>
</bind>
</comp>

<comp id="78" class="1001" name="const_78">
<pin_list>
<pin id="79" dir="1" index="0" bw="1" slack="0"/>
</pin_list>
<bind>
<StgValue><ssdm name=""/></StgValue>
</bind>
</comp>

<comp id="80" class="1001" name="const_80">
<pin_list>
<pin id="81" dir="1" index="0" bw="1" slack="0"/>
</pin_list>
<bind>
<StgValue><ssdm name=""/></StgValue>
</bind>
</comp>

<comp id="82" class="1001" name="const_82">
<pin_list>
<pin id="83" dir="1" index="0" bw="1" slack="0"/>
</pin_list>
<bind>
<StgValue><ssdm name="_ssdm_op_BitConcatenate.i48.i8.i8.i8.i8.i8.i8"/></StgValue>
</bind>
</comp>

<comp id="84" class="1001" name="const_84">
<pin_list>
<pin id="85" dir="1" index="0" bw="1" slack="0"/>
</pin_list>
<bind>
<StgValue><ssdm name="_ssdm_op_Write.ap_fifo.volatile.i48P0A"/></StgValue>
</bind>
</comp>

<comp id="86" class="1004" name="x_fu_86">
<pin_list>
<pin id="87" dir="0" index="0" bw="1" slack="0"/>
<pin id="88" dir="1" index="1" bw="11" slack="0"/>
</pin_list>
<bind>
<opcode="alloca(26) " fcode="alloca"/>
<opset="x/1 "/>
</bind>
</comp>

<comp id="90" class="1004" name="tmp_read_fu_90">
<pin_list>
<pin id="91" dir="0" index="0" bw="1" slack="0"/>
<pin id="92" dir="0" index="1" bw="1" slack="0"/>
<pin id="93" dir="1" index="2" bw="1" slack="1"/>
</pin_list>
<bind>
<opcode="read(1150) " fcode="read"/>
<opset="tmp/1 "/>
</bind>
</comp>

<comp id="96" class="1004" name="rev5_read_read_fu_96">
<pin_list>
<pin id="97" dir="0" index="0" bw="1" slack="0"/>
<pin id="98" dir="0" index="1" bw="1" slack="0"/>
<pin id="99" dir="1" index="2" bw="1" slack="0"/>
</pin_list>
<bind>
<opcode="read(1150) " fcode="read"/>
<opset="rev5_read/1 "/>
</bind>
</comp>

<comp id="102" class="1004" name="cmp61_i_read_read_fu_102">
<pin_list>
<pin id="103" dir="0" index="0" bw="1" slack="0"/>
<pin id="104" dir="0" index="1" bw="1" slack="0"/>
<pin id="105" dir="1" index="2" bw="1" slack="0"/>
</pin_list>
<bind>
<opcode="read(1150) " fcode="read"/>
<opset="cmp61_i_read/1 "/>
</bind>
</comp>

<comp id="108" class="1004" name="div72_cast_i_read_read_fu_108">
<pin_list>
<pin id="109" dir="0" index="0" bw="16" slack="0"/>
<pin id="110" dir="0" index="1" bw="16" slack="0"/>
<pin id="111" dir="1" index="2" bw="16" slack="0"/>
</pin_list>
<bind>
<opcode="read(1150) " fcode="read"/>
<opset="div72_cast_i_read/1 "/>
</bind>
</comp>

<comp id="114" class="1004" name="div65_cast_i_read_read_fu_114">
<pin_list>
<pin id="115" dir="0" index="0" bw="15" slack="0"/>
<pin id="116" dir="0" index="1" bw="15" slack="0"/>
<pin id="117" dir="1" index="2" bw="15" slack="0"/>
</pin_list>
<bind>
<opcode="read(1150) " fcode="read"/>
<opset="div65_cast_i_read/1 "/>
</bind>
</comp>

<comp id="120" class="1004" name="div_cast_i_read_read_fu_120">
<pin_list>
<pin id="121" dir="0" index="0" bw="11" slack="0"/>
<pin id="122" dir="0" index="1" bw="11" slack="0"/>
<pin id="123" dir="1" index="2" bw="11" slack="0"/>
</pin_list>
<bind>
<opcode="read(1150) " fcode="read"/>
<opset="div_cast_i_read/1 "/>
</bind>
</comp>

<comp id="126" class="1004" name="outLayer2_read_read_fu_126">
<pin_list>
<pin id="127" dir="0" index="0" bw="48" slack="0"/>
<pin id="128" dir="0" index="1" bw="48" slack="0"/>
<pin id="129" dir="1" index="2" bw="48" slack="0"/>
</pin_list>
<bind>
<opcode="read(1150) " fcode="read"/>
<opset="outLayer2_read/2 "/>
</bind>
</comp>

<comp id="132" class="1004" name="srcLayer3x_read_read_fu_132">
<pin_list>
<pin id="133" dir="0" index="0" bw="48" slack="0"/>
<pin id="134" dir="0" index="1" bw="48" slack="0"/>
<pin id="135" dir="1" index="2" bw="48" slack="0"/>
</pin_list>
<bind>
<opcode="read(1150) " fcode="read"/>
<opset="srcLayer3x_read/2 "/>
</bind>
</comp>

<comp id="138" class="1004" name="write_ln493_write_fu_138">
<pin_list>
<pin id="139" dir="0" index="0" bw="0" slack="0"/>
<pin id="140" dir="0" index="1" bw="48" slack="0"/>
<pin id="141" dir="0" index="2" bw="48" slack="0"/>
<pin id="142" dir="1" index="3" bw="0" slack="2147483647"/>
</pin_list>
<bind>
<opcode="write(1151) " fcode="write"/>
<opset="write_ln493/2 "/>
</bind>
</comp>

<comp id="145" class="1005" name="p_0_0_0_1_224_i_reg_145">
<pin_list>
<pin id="146" dir="0" index="0" bw="8" slack="2147483647"/>
<pin id="147" dir="1" index="1" bw="8" slack="2147483647"/>
</pin_list>
<bind>
<opset="p_0_0_0_1_224_i (phireg) "/>
</bind>
</comp>

<comp id="148" class="1004" name="p_0_0_0_1_224_i_phi_fu_148">
<pin_list>
<pin id="149" dir="0" index="0" bw="8" slack="0"/>
<pin id="150" dir="0" index="1" bw="0" slack="2147483647"/>
<pin id="151" dir="0" index="2" bw="8" slack="0"/>
<pin id="152" dir="0" index="3" bw="0" slack="2147483647"/>
<pin id="153" dir="0" index="4" bw="8" slack="0"/>
<pin id="154" dir="0" index="5" bw="0" slack="2147483647"/>
<pin id="155" dir="1" index="6" bw="8" slack="0"/>
</pin_list>
<bind>
<opcode="phi(47) " fcode="phi"/>
<opset="p_0_0_0_1_224_i/2 "/>
</bind>
</comp>

<comp id="156" class="1005" name="p_0_0_0_1_122_i_reg_156">
<pin_list>
<pin id="157" dir="0" index="0" bw="8" slack="2147483647"/>
<pin id="158" dir="1" index="1" bw="8" slack="2147483647"/>
</pin_list>
<bind>
<opset="p_0_0_0_1_122_i (phireg) "/>
</bind>
</comp>

<comp id="159" class="1004" name="p_0_0_0_1_122_i_phi_fu_159">
<pin_list>
<pin id="160" dir="0" index="0" bw="8" slack="0"/>
<pin id="161" dir="0" index="1" bw="0" slack="2147483647"/>
<pin id="162" dir="0" index="2" bw="8" slack="0"/>
<pin id="163" dir="0" index="3" bw="0" slack="2147483647"/>
<pin id="164" dir="0" index="4" bw="8" slack="0"/>
<pin id="165" dir="0" index="5" bw="0" slack="2147483647"/>
<pin id="166" dir="1" index="6" bw="8" slack="0"/>
</pin_list>
<bind>
<opcode="phi(47) " fcode="phi"/>
<opset="p_0_0_0_1_122_i/2 "/>
</bind>
</comp>

<comp id="167" class="1005" name="p_0_0_0_120_i_reg_167">
<pin_list>
<pin id="168" dir="0" index="0" bw="8" slack="2147483647"/>
<pin id="169" dir="1" index="1" bw="8" slack="2147483647"/>
</pin_list>
<bind>
<opset="p_0_0_0_120_i (phireg) "/>
</bind>
</comp>

<comp id="170" class="1004" name="p_0_0_0_120_i_phi_fu_170">
<pin_list>
<pin id="171" dir="0" index="0" bw="8" slack="0"/>
<pin id="172" dir="0" index="1" bw="0" slack="2147483647"/>
<pin id="173" dir="0" index="2" bw="8" slack="0"/>
<pin id="174" dir="0" index="3" bw="0" slack="2147483647"/>
<pin id="175" dir="0" index="4" bw="8" slack="0"/>
<pin id="176" dir="0" index="5" bw="0" slack="2147483647"/>
<pin id="177" dir="1" index="6" bw="8" slack="0"/>
</pin_list>
<bind>
<opcode="phi(47) " fcode="phi"/>
<opset="p_0_0_0_120_i/2 "/>
</bind>
</comp>

<comp id="178" class="1005" name="p_0_0_0_218_i_reg_178">
<pin_list>
<pin id="179" dir="0" index="0" bw="8" slack="2147483647"/>
<pin id="180" dir="1" index="1" bw="8" slack="2147483647"/>
</pin_list>
<bind>
<opset="p_0_0_0_218_i (phireg) "/>
</bind>
</comp>

<comp id="181" class="1004" name="p_0_0_0_218_i_phi_fu_181">
<pin_list>
<pin id="182" dir="0" index="0" bw="8" slack="0"/>
<pin id="183" dir="0" index="1" bw="0" slack="2147483647"/>
<pin id="184" dir="0" index="2" bw="8" slack="0"/>
<pin id="185" dir="0" index="3" bw="0" slack="2147483647"/>
<pin id="186" dir="0" index="4" bw="8" slack="0"/>
<pin id="187" dir="0" index="5" bw="0" slack="2147483647"/>
<pin id="188" dir="1" index="6" bw="8" slack="0"/>
</pin_list>
<bind>
<opcode="phi(47) " fcode="phi"/>
<opset="p_0_0_0_218_i/2 "/>
</bind>
</comp>

<comp id="189" class="1005" name="p_0_0_0_11016_i_reg_189">
<pin_list>
<pin id="190" dir="0" index="0" bw="8" slack="2147483647"/>
<pin id="191" dir="1" index="1" bw="8" slack="2147483647"/>
</pin_list>
<bind>
<opset="p_0_0_0_11016_i (phireg) "/>
</bind>
</comp>

<comp id="192" class="1004" name="p_0_0_0_11016_i_phi_fu_192">
<pin_list>
<pin id="193" dir="0" index="0" bw="8" slack="0"/>
<pin id="194" dir="0" index="1" bw="0" slack="2147483647"/>
<pin id="195" dir="0" index="2" bw="8" slack="0"/>
<pin id="196" dir="0" index="3" bw="0" slack="2147483647"/>
<pin id="197" dir="0" index="4" bw="8" slack="0"/>
<pin id="198" dir="0" index="5" bw="0" slack="2147483647"/>
<pin id="199" dir="1" index="6" bw="8" slack="0"/>
</pin_list>
<bind>
<opcode="phi(47) " fcode="phi"/>
<opset="p_0_0_0_11016_i/2 "/>
</bind>
</comp>

<comp id="200" class="1005" name="p_0_0_014_i_reg_200">
<pin_list>
<pin id="201" dir="0" index="0" bw="8" slack="2147483647"/>
<pin id="202" dir="1" index="1" bw="8" slack="2147483647"/>
</pin_list>
<bind>
<opset="p_0_0_014_i (phireg) "/>
</bind>
</comp>

<comp id="203" class="1004" name="p_0_0_014_i_phi_fu_203">
<pin_list>
<pin id="204" dir="0" index="0" bw="8" slack="0"/>
<pin id="205" dir="0" index="1" bw="0" slack="2147483647"/>
<pin id="206" dir="0" index="2" bw="8" slack="0"/>
<pin id="207" dir="0" index="3" bw="0" slack="2147483647"/>
<pin id="208" dir="0" index="4" bw="8" slack="0"/>
<pin id="209" dir="0" index="5" bw="0" slack="2147483647"/>
<pin id="210" dir="1" index="6" bw="8" slack="0"/>
</pin_list>
<bind>
<opcode="phi(47) " fcode="phi"/>
<opset="p_0_0_014_i/2 "/>
</bind>
</comp>

<comp id="211" class="1004" name="store_ln440_store_fu_211">
<pin_list>
<pin id="212" dir="0" index="0" bw="1" slack="0"/>
<pin id="213" dir="0" index="1" bw="11" slack="0"/>
<pin id="214" dir="1" index="2" bw="0" slack="2147483647"/>
</pin_list>
<bind>
<opcode="store(28) " fcode="store"/>
<opset="store_ln440/1 "/>
</bind>
</comp>

<comp id="216" class="1004" name="x_13_load_fu_216">
<pin_list>
<pin id="217" dir="0" index="0" bw="11" slack="0"/>
<pin id="218" dir="1" index="1" bw="11" slack="0"/>
</pin_list>
<bind>
<opcode="load(27) " fcode="load"/>
<opset="x_13/1 "/>
</bind>
</comp>

<comp id="219" class="1004" name="icmp_ln465_fu_219">
<pin_list>
<pin id="220" dir="0" index="0" bw="11" slack="0"/>
<pin id="221" dir="0" index="1" bw="11" slack="0"/>
<pin id="222" dir="1" index="2" bw="1" slack="1"/>
</pin_list>
<bind>
<opcode="icmp(45) " fcode="icmp"/>
<opset="icmp_ln465/1 "/>
</bind>
</comp>

<comp id="225" class="1004" name="add_ln465_fu_225">
<pin_list>
<pin id="226" dir="0" index="0" bw="11" slack="0"/>
<pin id="227" dir="0" index="1" bw="1" slack="0"/>
<pin id="228" dir="1" index="2" bw="11" slack="0"/>
</pin_list>
<bind>
<opcode="add(8) " fcode="add"/>
<opset="add_ln465/1 "/>
</bind>
</comp>

<comp id="231" class="1004" name="zext_ln465_fu_231">
<pin_list>
<pin id="232" dir="0" index="0" bw="11" slack="0"/>
<pin id="233" dir="1" index="1" bw="16" slack="0"/>
</pin_list>
<bind>
<opcode="zext(34) " fcode="zext"/>
<opset="zext_ln465/1 "/>
</bind>
</comp>

<comp id="235" class="1004" name="zext_ln465_2_fu_235">
<pin_list>
<pin id="236" dir="0" index="0" bw="11" slack="0"/>
<pin id="237" dir="1" index="1" bw="15" slack="0"/>
</pin_list>
<bind>
<opcode="zext(34) " fcode="zext"/>
<opset="zext_ln465_2/1 "/>
</bind>
</comp>

<comp id="239" class="1004" name="icmp_ln477_fu_239">
<pin_list>
<pin id="240" dir="0" index="0" bw="11" slack="0"/>
<pin id="241" dir="0" index="1" bw="15" slack="0"/>
<pin id="242" dir="1" index="2" bw="1" slack="0"/>
</pin_list>
<bind>
<opcode="icmp(45) " fcode="icmp"/>
<opset="icmp_ln477/1 "/>
</bind>
</comp>

<comp id="245" class="1004" name="xor_ln477_fu_245">
<pin_list>
<pin id="246" dir="0" index="0" bw="1" slack="0"/>
<pin id="247" dir="0" index="1" bw="1" slack="0"/>
<pin id="248" dir="1" index="2" bw="1" slack="0"/>
</pin_list>
<bind>
<opcode="xor(25) " fcode="xor"/>
<opset="xor_ln477/1 "/>
</bind>
</comp>

<comp id="251" class="1004" name="icmp_ln478_fu_251">
<pin_list>
<pin id="252" dir="0" index="0" bw="16" slack="0"/>
<pin id="253" dir="0" index="1" bw="11" slack="0"/>
<pin id="254" dir="1" index="2" bw="1" slack="0"/>
</pin_list>
<bind>
<opcode="icmp(45) " fcode="icmp"/>
<opset="icmp_ln478/1 "/>
</bind>
</comp>

<comp id="257" class="1004" name="and_ln476_fu_257">
<pin_list>
<pin id="258" dir="0" index="0" bw="1" slack="0"/>
<pin id="259" dir="0" index="1" bw="1" slack="0"/>
<pin id="260" dir="1" index="2" bw="1" slack="0"/>
</pin_list>
<bind>
<opcode="and(23) " fcode="and"/>
<opset="and_ln476/1 "/>
</bind>
</comp>

<comp id="263" class="1004" name="and_ln476_3_fu_263">
<pin_list>
<pin id="264" dir="0" index="0" bw="1" slack="0"/>
<pin id="265" dir="0" index="1" bw="1" slack="0"/>
<pin id="266" dir="1" index="2" bw="1" slack="0"/>
</pin_list>
<bind>
<opcode="and(23) " fcode="and"/>
<opset="and_ln476_3/1 "/>
</bind>
</comp>

<comp id="269" class="1004" name="and_ln476_2_fu_269">
<pin_list>
<pin id="270" dir="0" index="0" bw="1" slack="0"/>
<pin id="271" dir="0" index="1" bw="1" slack="0"/>
<pin id="272" dir="1" index="2" bw="1" slack="1"/>
</pin_list>
<bind>
<opcode="and(23) " fcode="and"/>
<opset="and_ln476_2/1 "/>
</bind>
</comp>

<comp id="275" class="1004" name="store_ln440_store_fu_275">
<pin_list>
<pin id="276" dir="0" index="0" bw="11" slack="0"/>
<pin id="277" dir="0" index="1" bw="11" slack="0"/>
<pin id="278" dir="1" index="2" bw="0" slack="2147483647"/>
</pin_list>
<bind>
<opcode="store(28) " fcode="store"/>
<opset="store_ln440/1 "/>
</bind>
</comp>

<comp id="280" class="1004" name="trunc_ln470_fu_280">
<pin_list>
<pin id="281" dir="0" index="0" bw="48" slack="0"/>
<pin id="282" dir="1" index="1" bw="8" slack="0"/>
</pin_list>
<bind>
<opcode="trunc(33) " fcode="trunc"/>
<opset="trunc_ln470/2 "/>
</bind>
</comp>

<comp id="286" class="1004" name="trunc_ln470_1_fu_286">
<pin_list>
<pin id="287" dir="0" index="0" bw="8" slack="0"/>
<pin id="288" dir="0" index="1" bw="48" slack="0"/>
<pin id="289" dir="0" index="2" bw="5" slack="0"/>
<pin id="290" dir="0" index="3" bw="5" slack="0"/>
<pin id="291" dir="1" index="4" bw="8" slack="0"/>
</pin_list>
<bind>
<opcode="partselect(1002) " fcode="partselect"/>
<opset="trunc_ln470_1/2 "/>
</bind>
</comp>

<comp id="298" class="1004" name="trunc_ln470_2_fu_298">
<pin_list>
<pin id="299" dir="0" index="0" bw="8" slack="0"/>
<pin id="300" dir="0" index="1" bw="48" slack="0"/>
<pin id="301" dir="0" index="2" bw="6" slack="0"/>
<pin id="302" dir="0" index="3" bw="6" slack="0"/>
<pin id="303" dir="1" index="4" bw="8" slack="0"/>
</pin_list>
<bind>
<opcode="partselect(1002) " fcode="partselect"/>
<opset="trunc_ln470_2/2 "/>
</bind>
</comp>

<comp id="310" class="1004" name="trunc_ln470_3_fu_310">
<pin_list>
<pin id="311" dir="0" index="0" bw="8" slack="0"/>
<pin id="312" dir="0" index="1" bw="48" slack="0"/>
<pin id="313" dir="0" index="2" bw="6" slack="0"/>
<pin id="314" dir="0" index="3" bw="6" slack="0"/>
<pin id="315" dir="1" index="4" bw="8" slack="0"/>
</pin_list>
<bind>
<opcode="partselect(1002) " fcode="partselect"/>
<opset="trunc_ln470_3/2 "/>
</bind>
</comp>

<comp id="322" class="1004" name="trunc_ln470_4_fu_322">
<pin_list>
<pin id="323" dir="0" index="0" bw="8" slack="0"/>
<pin id="324" dir="0" index="1" bw="48" slack="0"/>
<pin id="325" dir="0" index="2" bw="7" slack="0"/>
<pin id="326" dir="0" index="3" bw="7" slack="0"/>
<pin id="327" dir="1" index="4" bw="8" slack="0"/>
</pin_list>
<bind>
<opcode="partselect(1002) " fcode="partselect"/>
<opset="trunc_ln470_4/2 "/>
</bind>
</comp>

<comp id="334" class="1004" name="trunc_ln470_5_fu_334">
<pin_list>
<pin id="335" dir="0" index="0" bw="8" slack="0"/>
<pin id="336" dir="0" index="1" bw="48" slack="0"/>
<pin id="337" dir="0" index="2" bw="7" slack="0"/>
<pin id="338" dir="0" index="3" bw="7" slack="0"/>
<pin id="339" dir="1" index="4" bw="8" slack="0"/>
</pin_list>
<bind>
<opcode="partselect(1002) " fcode="partselect"/>
<opset="trunc_ln470_5/2 "/>
</bind>
</comp>

<comp id="346" class="1004" name="trunc_ln482_fu_346">
<pin_list>
<pin id="347" dir="0" index="0" bw="48" slack="0"/>
<pin id="348" dir="1" index="1" bw="8" slack="0"/>
</pin_list>
<bind>
<opcode="trunc(33) " fcode="trunc"/>
<opset="trunc_ln482/2 "/>
</bind>
</comp>

<comp id="351" class="1004" name="trunc_ln482_1_fu_351">
<pin_list>
<pin id="352" dir="0" index="0" bw="8" slack="0"/>
<pin id="353" dir="0" index="1" bw="48" slack="0"/>
<pin id="354" dir="0" index="2" bw="5" slack="0"/>
<pin id="355" dir="0" index="3" bw="5" slack="0"/>
<pin id="356" dir="1" index="4" bw="8" slack="0"/>
</pin_list>
<bind>
<opcode="partselect(1002) " fcode="partselect"/>
<opset="trunc_ln482_1/2 "/>
</bind>
</comp>

<comp id="362" class="1004" name="trunc_ln482_2_fu_362">
<pin_list>
<pin id="363" dir="0" index="0" bw="8" slack="0"/>
<pin id="364" dir="0" index="1" bw="48" slack="0"/>
<pin id="365" dir="0" index="2" bw="6" slack="0"/>
<pin id="366" dir="0" index="3" bw="6" slack="0"/>
<pin id="367" dir="1" index="4" bw="8" slack="0"/>
</pin_list>
<bind>
<opcode="partselect(1002) " fcode="partselect"/>
<opset="trunc_ln482_2/2 "/>
</bind>
</comp>

<comp id="373" class="1004" name="trunc_ln482_3_fu_373">
<pin_list>
<pin id="374" dir="0" index="0" bw="8" slack="0"/>
<pin id="375" dir="0" index="1" bw="48" slack="0"/>
<pin id="376" dir="0" index="2" bw="6" slack="0"/>
<pin id="377" dir="0" index="3" bw="6" slack="0"/>
<pin id="378" dir="1" index="4" bw="8" slack="0"/>
</pin_list>
<bind>
<opcode="partselect(1002) " fcode="partselect"/>
<opset="trunc_ln482_3/2 "/>
</bind>
</comp>

<comp id="384" class="1004" name="trunc_ln482_4_fu_384">
<pin_list>
<pin id="385" dir="0" index="0" bw="8" slack="0"/>
<pin id="386" dir="0" index="1" bw="48" slack="0"/>
<pin id="387" dir="0" index="2" bw="7" slack="0"/>
<pin id="388" dir="0" index="3" bw="7" slack="0"/>
<pin id="389" dir="1" index="4" bw="8" slack="0"/>
</pin_list>
<bind>
<opcode="partselect(1002) " fcode="partselect"/>
<opset="trunc_ln482_4/2 "/>
</bind>
</comp>

<comp id="395" class="1004" name="trunc_ln482_5_fu_395">
<pin_list>
<pin id="396" dir="0" index="0" bw="8" slack="0"/>
<pin id="397" dir="0" index="1" bw="48" slack="0"/>
<pin id="398" dir="0" index="2" bw="7" slack="0"/>
<pin id="399" dir="0" index="3" bw="7" slack="0"/>
<pin id="400" dir="1" index="4" bw="8" slack="0"/>
</pin_list>
<bind>
<opcode="partselect(1002) " fcode="partselect"/>
<opset="trunc_ln482_5/2 "/>
</bind>
</comp>

<comp id="406" class="1004" name="or_ln493_1_i_fu_406">
<pin_list>
<pin id="407" dir="0" index="0" bw="48" slack="0"/>
<pin id="408" dir="0" index="1" bw="8" slack="0"/>
<pin id="409" dir="0" index="2" bw="8" slack="0"/>
<pin id="410" dir="0" index="3" bw="8" slack="0"/>
<pin id="411" dir="0" index="4" bw="8" slack="0"/>
<pin id="412" dir="0" index="5" bw="8" slack="0"/>
<pin id="413" dir="0" index="6" bw="8" slack="0"/>
<pin id="414" dir="1" index="7" bw="48" slack="0"/>
</pin_list>
<bind>
<opcode="bitconcatenate(1004) " fcode="bitconcatenate"/>
<opset="or_ln493_1_i/2 "/>
</bind>
</comp>

<comp id="423" class="1005" name="x_reg_423">
<pin_list>
<pin id="424" dir="0" index="0" bw="11" slack="0"/>
<pin id="425" dir="1" index="1" bw="11" slack="0"/>
</pin_list>
<bind>
<opset="x "/>
</bind>
</comp>

<comp id="430" class="1005" name="tmp_reg_430">
<pin_list>
<pin id="431" dir="0" index="0" bw="1" slack="1"/>
<pin id="432" dir="1" index="1" bw="1" slack="2147483647"/>
</pin_list>
<bind>
<opset="tmp "/>
</bind>
</comp>

<comp id="434" class="1005" name="icmp_ln465_reg_434">
<pin_list>
<pin id="435" dir="0" index="0" bw="1" slack="1"/>
<pin id="436" dir="1" index="1" bw="1" slack="2147483647"/>
</pin_list>
<bind>
<opset="icmp_ln465 "/>
</bind>
</comp>

<comp id="438" class="1005" name="and_ln476_2_reg_438">
<pin_list>
<pin id="439" dir="0" index="0" bw="1" slack="1"/>
<pin id="440" dir="1" index="1" bw="1" slack="2147483647"/>
</pin_list>
<bind>
<opset="and_ln476_2 "/>
</bind>
</comp>

</comp_list>

<net_list>
<net id="89"><net_src comp="18" pin="0"/><net_sink comp="86" pin=0"/></net>

<net id="94"><net_src comp="30" pin="0"/><net_sink comp="90" pin=0"/></net>

<net id="95"><net_src comp="16" pin="0"/><net_sink comp="90" pin=1"/></net>

<net id="100"><net_src comp="30" pin="0"/><net_sink comp="96" pin=0"/></net>

<net id="101"><net_src comp="12" pin="0"/><net_sink comp="96" pin=1"/></net>

<net id="106"><net_src comp="30" pin="0"/><net_sink comp="102" pin=0"/></net>

<net id="107"><net_src comp="10" pin="0"/><net_sink comp="102" pin=1"/></net>

<net id="112"><net_src comp="32" pin="0"/><net_sink comp="108" pin=0"/></net>

<net id="113"><net_src comp="8" pin="0"/><net_sink comp="108" pin=1"/></net>

<net id="118"><net_src comp="34" pin="0"/><net_sink comp="114" pin=0"/></net>

<net id="119"><net_src comp="6" pin="0"/><net_sink comp="114" pin=1"/></net>

<net id="124"><net_src comp="36" pin="0"/><net_sink comp="120" pin=0"/></net>

<net id="125"><net_src comp="0" pin="0"/><net_sink comp="120" pin=1"/></net>

<net id="130"><net_src comp="58" pin="0"/><net_sink comp="126" pin=0"/></net>

<net id="131"><net_src comp="4" pin="0"/><net_sink comp="126" pin=1"/></net>

<net id="136"><net_src comp="58" pin="0"/><net_sink comp="132" pin=0"/></net>

<net id="137"><net_src comp="14" pin="0"/><net_sink comp="132" pin=1"/></net>

<net id="143"><net_src comp="84" pin="0"/><net_sink comp="138" pin=0"/></net>

<net id="144"><net_src comp="2" pin="0"/><net_sink comp="138" pin=1"/></net>

<net id="215"><net_src comp="38" pin="0"/><net_sink comp="211" pin=0"/></net>

<net id="223"><net_src comp="216" pin="1"/><net_sink comp="219" pin=0"/></net>

<net id="224"><net_src comp="120" pin="2"/><net_sink comp="219" pin=1"/></net>

<net id="229"><net_src comp="216" pin="1"/><net_sink comp="225" pin=0"/></net>

<net id="230"><net_src comp="48" pin="0"/><net_sink comp="225" pin=1"/></net>

<net id="234"><net_src comp="216" pin="1"/><net_sink comp="231" pin=0"/></net>

<net id="238"><net_src comp="216" pin="1"/><net_sink comp="235" pin=0"/></net>

<net id="243"><net_src comp="235" pin="1"/><net_sink comp="239" pin=0"/></net>

<net id="244"><net_src comp="114" pin="2"/><net_sink comp="239" pin=1"/></net>

<net id="249"><net_src comp="239" pin="2"/><net_sink comp="245" pin=0"/></net>

<net id="250"><net_src comp="50" pin="0"/><net_sink comp="245" pin=1"/></net>

<net id="255"><net_src comp="108" pin="2"/><net_sink comp="251" pin=0"/></net>

<net id="256"><net_src comp="231" pin="1"/><net_sink comp="251" pin=1"/></net>

<net id="261"><net_src comp="102" pin="2"/><net_sink comp="257" pin=0"/></net>

<net id="262"><net_src comp="96" pin="2"/><net_sink comp="257" pin=1"/></net>

<net id="267"><net_src comp="245" pin="2"/><net_sink comp="263" pin=0"/></net>

<net id="268"><net_src comp="257" pin="2"/><net_sink comp="263" pin=1"/></net>

<net id="273"><net_src comp="263" pin="2"/><net_sink comp="269" pin=0"/></net>

<net id="274"><net_src comp="251" pin="2"/><net_sink comp="269" pin=1"/></net>

<net id="279"><net_src comp="225" pin="2"/><net_sink comp="275" pin=0"/></net>

<net id="283"><net_src comp="126" pin="2"/><net_sink comp="280" pin=0"/></net>

<net id="284"><net_src comp="280" pin="1"/><net_sink comp="203" pin=2"/></net>

<net id="285"><net_src comp="280" pin="1"/><net_sink comp="203" pin=4"/></net>

<net id="292"><net_src comp="60" pin="0"/><net_sink comp="286" pin=0"/></net>

<net id="293"><net_src comp="126" pin="2"/><net_sink comp="286" pin=1"/></net>

<net id="294"><net_src comp="62" pin="0"/><net_sink comp="286" pin=2"/></net>

<net id="295"><net_src comp="64" pin="0"/><net_sink comp="286" pin=3"/></net>

<net id="296"><net_src comp="286" pin="4"/><net_sink comp="192" pin=2"/></net>

<net id="297"><net_src comp="286" pin="4"/><net_sink comp="192" pin=4"/></net>

<net id="304"><net_src comp="60" pin="0"/><net_sink comp="298" pin=0"/></net>

<net id="305"><net_src comp="126" pin="2"/><net_sink comp="298" pin=1"/></net>

<net id="306"><net_src comp="66" pin="0"/><net_sink comp="298" pin=2"/></net>

<net id="307"><net_src comp="68" pin="0"/><net_sink comp="298" pin=3"/></net>

<net id="308"><net_src comp="298" pin="4"/><net_sink comp="181" pin=2"/></net>

<net id="309"><net_src comp="298" pin="4"/><net_sink comp="181" pin=4"/></net>

<net id="316"><net_src comp="60" pin="0"/><net_sink comp="310" pin=0"/></net>

<net id="317"><net_src comp="126" pin="2"/><net_sink comp="310" pin=1"/></net>

<net id="318"><net_src comp="70" pin="0"/><net_sink comp="310" pin=2"/></net>

<net id="319"><net_src comp="72" pin="0"/><net_sink comp="310" pin=3"/></net>

<net id="320"><net_src comp="310" pin="4"/><net_sink comp="170" pin=2"/></net>

<net id="321"><net_src comp="310" pin="4"/><net_sink comp="170" pin=4"/></net>

<net id="328"><net_src comp="60" pin="0"/><net_sink comp="322" pin=0"/></net>

<net id="329"><net_src comp="126" pin="2"/><net_sink comp="322" pin=1"/></net>

<net id="330"><net_src comp="74" pin="0"/><net_sink comp="322" pin=2"/></net>

<net id="331"><net_src comp="76" pin="0"/><net_sink comp="322" pin=3"/></net>

<net id="332"><net_src comp="322" pin="4"/><net_sink comp="159" pin=2"/></net>

<net id="333"><net_src comp="322" pin="4"/><net_sink comp="159" pin=4"/></net>

<net id="340"><net_src comp="60" pin="0"/><net_sink comp="334" pin=0"/></net>

<net id="341"><net_src comp="126" pin="2"/><net_sink comp="334" pin=1"/></net>

<net id="342"><net_src comp="78" pin="0"/><net_sink comp="334" pin=2"/></net>

<net id="343"><net_src comp="80" pin="0"/><net_sink comp="334" pin=3"/></net>

<net id="344"><net_src comp="334" pin="4"/><net_sink comp="148" pin=2"/></net>

<net id="345"><net_src comp="334" pin="4"/><net_sink comp="148" pin=4"/></net>

<net id="349"><net_src comp="132" pin="2"/><net_sink comp="346" pin=0"/></net>

<net id="350"><net_src comp="346" pin="1"/><net_sink comp="203" pin=0"/></net>

<net id="357"><net_src comp="60" pin="0"/><net_sink comp="351" pin=0"/></net>

<net id="358"><net_src comp="132" pin="2"/><net_sink comp="351" pin=1"/></net>

<net id="359"><net_src comp="62" pin="0"/><net_sink comp="351" pin=2"/></net>

<net id="360"><net_src comp="64" pin="0"/><net_sink comp="351" pin=3"/></net>

<net id="361"><net_src comp="351" pin="4"/><net_sink comp="192" pin=0"/></net>

<net id="368"><net_src comp="60" pin="0"/><net_sink comp="362" pin=0"/></net>

<net id="369"><net_src comp="132" pin="2"/><net_sink comp="362" pin=1"/></net>

<net id="370"><net_src comp="66" pin="0"/><net_sink comp="362" pin=2"/></net>

<net id="371"><net_src comp="68" pin="0"/><net_sink comp="362" pin=3"/></net>

<net id="372"><net_src comp="362" pin="4"/><net_sink comp="181" pin=0"/></net>

<net id="379"><net_src comp="60" pin="0"/><net_sink comp="373" pin=0"/></net>

<net id="380"><net_src comp="132" pin="2"/><net_sink comp="373" pin=1"/></net>

<net id="381"><net_src comp="70" pin="0"/><net_sink comp="373" pin=2"/></net>

<net id="382"><net_src comp="72" pin="0"/><net_sink comp="373" pin=3"/></net>

<net id="383"><net_src comp="373" pin="4"/><net_sink comp="170" pin=0"/></net>

<net id="390"><net_src comp="60" pin="0"/><net_sink comp="384" pin=0"/></net>

<net id="391"><net_src comp="132" pin="2"/><net_sink comp="384" pin=1"/></net>

<net id="392"><net_src comp="74" pin="0"/><net_sink comp="384" pin=2"/></net>

<net id="393"><net_src comp="76" pin="0"/><net_sink comp="384" pin=3"/></net>

<net id="394"><net_src comp="384" pin="4"/><net_sink comp="159" pin=0"/></net>

<net id="401"><net_src comp="60" pin="0"/><net_sink comp="395" pin=0"/></net>

<net id="402"><net_src comp="132" pin="2"/><net_sink comp="395" pin=1"/></net>

<net id="403"><net_src comp="78" pin="0"/><net_sink comp="395" pin=2"/></net>

<net id="404"><net_src comp="80" pin="0"/><net_sink comp="395" pin=3"/></net>

<net id="405"><net_src comp="395" pin="4"/><net_sink comp="148" pin=0"/></net>

<net id="415"><net_src comp="82" pin="0"/><net_sink comp="406" pin=0"/></net>

<net id="416"><net_src comp="148" pin="6"/><net_sink comp="406" pin=1"/></net>

<net id="417"><net_src comp="159" pin="6"/><net_sink comp="406" pin=2"/></net>

<net id="418"><net_src comp="170" pin="6"/><net_sink comp="406" pin=3"/></net>

<net id="419"><net_src comp="181" pin="6"/><net_sink comp="406" pin=4"/></net>

<net id="420"><net_src comp="192" pin="6"/><net_sink comp="406" pin=5"/></net>

<net id="421"><net_src comp="203" pin="6"/><net_sink comp="406" pin=6"/></net>

<net id="422"><net_src comp="406" pin="7"/><net_sink comp="138" pin=2"/></net>

<net id="426"><net_src comp="86" pin="1"/><net_sink comp="423" pin=0"/></net>

<net id="427"><net_src comp="423" pin="1"/><net_sink comp="211" pin=1"/></net>

<net id="428"><net_src comp="423" pin="1"/><net_sink comp="216" pin=0"/></net>

<net id="429"><net_src comp="423" pin="1"/><net_sink comp="275" pin=1"/></net>

<net id="433"><net_src comp="90" pin="2"/><net_sink comp="430" pin=0"/></net>

<net id="437"><net_src comp="219" pin="2"/><net_sink comp="434" pin=0"/></net>

<net id="441"><net_src comp="269" pin="2"/><net_sink comp="438" pin=0"/></net>

</net_list>

</model> 
---------------- Datapath Model END ------------------

* FSMD analyzer results:
  - Output states:
	Port: outLayer3 | {2 }
 - Input state : 
	Port: v_mix_core_alpha<false, false>.21_Pipeline_VITIS_LOOP_465_3 : div_cast_i | {1 }
	Port: v_mix_core_alpha<false, false>.21_Pipeline_VITIS_LOOP_465_3 : outLayer2 | {2 }
	Port: v_mix_core_alpha<false, false>.21_Pipeline_VITIS_LOOP_465_3 : div65_cast_i | {1 }
	Port: v_mix_core_alpha<false, false>.21_Pipeline_VITIS_LOOP_465_3 : div72_cast_i | {1 }
	Port: v_mix_core_alpha<false, false>.21_Pipeline_VITIS_LOOP_465_3 : cmp61_i | {1 }
	Port: v_mix_core_alpha<false, false>.21_Pipeline_VITIS_LOOP_465_3 : rev5 | {1 }
	Port: v_mix_core_alpha<false, false>.21_Pipeline_VITIS_LOOP_465_3 : srcLayer3x | {2 }
	Port: v_mix_core_alpha<false, false>.21_Pipeline_VITIS_LOOP_465_3 : empty | {1 }
  - Chain level:
	State 1
		store_ln440 : 1
		x_13 : 1
		icmp_ln465 : 2
		add_ln465 : 2
		br_ln465 : 3
		zext_ln465 : 2
		zext_ln465_2 : 2
		icmp_ln477 : 3
		xor_ln477 : 4
		icmp_ln478 : 3
		and_ln476_3 : 4
		and_ln476_2 : 4
		store_ln440 : 3
	State 2
		p_0_0_0_1_224_i : 1
		p_0_0_0_1_122_i : 1
		p_0_0_0_120_i : 1
		p_0_0_0_218_i : 1
		p_0_0_0_11016_i : 1
		p_0_0_014_i : 1
		or_ln493_1_i : 2
		write_ln493 : 3


============================================================
+ Verbose Summary: Datapath Resource usage 
============================================================

* Functional unit list:
|----------|-------------------------------|---------|---------|
| Operation|        Functional Unit        |    FF   |   LUT   |
|----------|-------------------------------|---------|---------|
|          |       icmp_ln465_fu_219       |    0    |    18   |
|   icmp   |       icmp_ln477_fu_239       |    0    |    22   |
|          |       icmp_ln478_fu_251       |    0    |    23   |
|----------|-------------------------------|---------|---------|
|    add   |        add_ln465_fu_225       |    0    |    18   |
|----------|-------------------------------|---------|---------|
|          |        and_ln476_fu_257       |    0    |    2    |
|    and   |       and_ln476_3_fu_263      |    0    |    2    |
|          |       and_ln476_2_fu_269      |    0    |    2    |
|----------|-------------------------------|---------|---------|
|    xor   |        xor_ln477_fu_245       |    0    |    2    |
|----------|-------------------------------|---------|---------|
|          |         tmp_read_fu_90        |    0    |    0    |
|          |      rev5_read_read_fu_96     |    0    |    0    |
|          |    cmp61_i_read_read_fu_102   |    0    |    0    |
|   read   | div72_cast_i_read_read_fu_108 |    0    |    0    |
|          | div65_cast_i_read_read_fu_114 |    0    |    0    |
|          |  div_cast_i_read_read_fu_120  |    0    |    0    |
|          |   outLayer2_read_read_fu_126  |    0    |    0    |
|          |  srcLayer3x_read_read_fu_132  |    0    |    0    |
|----------|-------------------------------|---------|---------|
|   write  |    write_ln493_write_fu_138   |    0    |    0    |
|----------|-------------------------------|---------|---------|
|   zext   |       zext_ln465_fu_231       |    0    |    0    |
|          |      zext_ln465_2_fu_235      |    0    |    0    |
|----------|-------------------------------|---------|---------|
|   trunc  |       trunc_ln470_fu_280      |    0    |    0    |
|          |       trunc_ln482_fu_346      |    0    |    0    |
|----------|-------------------------------|---------|---------|
|          |      trunc_ln470_1_fu_286     |    0    |    0    |
|          |      trunc_ln470_2_fu_298     |    0    |    0    |
|          |      trunc_ln470_3_fu_310     |    0    |    0    |
|          |      trunc_ln470_4_fu_322     |    0    |    0    |
|partselect|      trunc_ln470_5_fu_334     |    0    |    0    |
|          |      trunc_ln482_1_fu_351     |    0    |    0    |
|          |      trunc_ln482_2_fu_362     |    0    |    0    |
|          |      trunc_ln482_3_fu_373     |    0    |    0    |
|          |      trunc_ln482_4_fu_384     |    0    |    0    |
|          |      trunc_ln482_5_fu_395     |    0    |    0    |
|----------|-------------------------------|---------|---------|
|bitconcatenate|      or_ln493_1_i_fu_406      |    0    |    0    |
|----------|-------------------------------|---------|---------|
|   Total  |                               |    0    |    89   |
|----------|-------------------------------|---------|---------|

Memories:
N/A

* Register list:
+-----------------------+--------+
|                       |   FF   |
+-----------------------+--------+
|  and_ln476_2_reg_438  |    1   |
|   icmp_ln465_reg_434  |    1   |
|  p_0_0_014_i_reg_200  |    8   |
|p_0_0_0_11016_i_reg_189|    8   |
| p_0_0_0_120_i_reg_167 |    8   |
|p_0_0_0_1_122_i_reg_156|    8   |
|p_0_0_0_1_224_i_reg_145|    8   |
| p_0_0_0_218_i_reg_178 |    8   |
|      tmp_reg_430      |    1   |
|       x_reg_423       |   11   |
+-----------------------+--------+
|         Total         |   62   |
+-----------------------+--------+

* Multiplexer (MUX) list: 
|--------|------|------|------|--------|
|  Comp  |  Pin | Size |  BW  | S x BW |
|--------|------|------|------|--------|
|  Total |      |      |      |    0   |
|--------|------|------|------|--------|



* Summary:
+-----------+--------+--------+
|           |   FF   |   LUT  |
+-----------+--------+--------+
|  Function |    0   |   89   |
|   Memory  |    -   |    -   |
|Multiplexer|    -   |    -   |
|  Register |   62   |    -   |
+-----------+--------+--------+
|   Total   |   62   |   89   |
+-----------+--------+--------+
