

================================================================
== Vitis HLS Report for 'v_mix_core_alpha_false_false_Pipeline_VITIS_LOOP_456_1'
================================================================
* Date:           Mon Apr 27 12:26:35 2026

* Version:        2024.2 (Build 5238294 on Nov  8 2024)
* Project:        prj
* Solution:       sol (Vivado IP Flow Target)
* Product family: zynquplus
* Target device:  xck26-sfvc784-2LV-c


================================================================
== Performance Estimates
================================================================
+ Timing: 
    * Summary: 
    +--------+---------+----------+------------+
    |  Clock |  Target | Estimated| Uncertainty|
    +--------+---------+----------+------------+
    |ap_clk  |  6.67 ns|  1.402 ns|     1.80 ns|
    +--------+---------+----------+------------+

+ Latency: 
    * Summary: 
    +---------+---------+-----------+-----------+-----+-----+------------------------------------------------+
    |  Latency (cycles) |   Latency (absolute)  |  Interval |                    Pipeline                    |
    |   min   |   max   |    min    |    max    | min | max |                      Type                      |
    +---------+---------+-----------+-----------+-----+-----+------------------------------------------------+
    |        4|        4|  26.668 ns|  26.668 ns|    3|    3|  loop auto-rewind stp (delay=0 clock cycles(s))|
    +---------+---------+-----------+-----------+-----+-----+------------------------------------------------+

    + Detail: 
        * Instance: 
        N/A

        * Loop: 
        +--------------------+---------+---------+----------+-----------+-----------+------+----------+
        |                    |  Latency (cycles) | Iteration|  Initiation Interval  | Trip |          |
        |      Loop Name     |   min   |   max   |  Latency |  achieved |   target  | Count| Pipelined|
        +--------------------+---------+---------+----------+-----------+-----------+------+----------+
        |- VITIS_LOOP_456_1  |        2|        2|         1|          1|          1|     2|       yes|
        +--------------------+---------+---------+----------+-----------+-----------+------+----------+

============================================================
+ Verbose Summary: Synthesis Manager
============================================================
InlineROM: 1
ExposeGlobal: 0
============================================================
+ Verbose Summary: CDFG Model
============================================================
IsTopModel: 0
ResetActiveHigh: 1
IsCombinational: 0
IsDatapathOnly: 0
HasWiredReturn: 1
HasMFsm: 2
HasVarLatency: 1
IsPipeline: 0
IsRtlPipelined: 0
IsInstanceOverlapped: 0
IsDontTouch: 0
HasImplIP: 0
IsGatedGlobalClock: 0

+ Individual pipeline summary: 
  * Pipeline-0: initiation interval (II) = 1, depth = 1


============================================================
+ Verbose Summary: Schedule
============================================================
* Number of FSM states : 1
* Pipeline : 1
  Pipeline-0 : II = 1, D = 1, States = { 1 }
* Dataflow Pipeline: 0

* FSM state transitions: 
1 --> 

* FSM state operations: 

State 1 <SV = 0> <Delay = 1.40>
ST_1 : Operation 4 [1/1] (0.00ns)   --->   "%k = alloca i32 1" [/home/izaan/GitRepos/dpdma_exdes/vivado_quad_vmix/kv260_quad_vmix_dp.runs/bd_quad_vmix_dp_v_mix_0_0_synth_1/prj/sol/.autopilot/db/v_mix.cpp:440->/home/izaan/GitRepos/dpdma_exdes/vivado_quad_vmix/kv260_quad_vmix_dp.runs/bd_quad_vmix_dp_v_mix_0_0_synth_1/prj/sol/.autopilot/db/v_mix.cpp:717]   --->   Operation 4 'alloca' 'k' <Predicate = true> <Delay = 0.00>
ST_1 : Operation 5 [1/1] (0.00ns)   --->   "%bkgpix_0_0_0_0_0_load1_i = alloca i32 1"   --->   Operation 5 'alloca' 'bkgpix_0_0_0_0_0_load1_i' <Predicate = true> <Delay = 0.00>
ST_1 : Operation 6 [1/1] (0.00ns)   --->   "%bkgpix_0_1_0_0_0_load3_i = alloca i32 1"   --->   Operation 6 'alloca' 'bkgpix_0_1_0_0_0_load3_i' <Predicate = true> <Delay = 0.00>
ST_1 : Operation 7 [1/1] (0.00ns)   --->   "%bkgpix_0_2_0_0_0_load5_i = alloca i32 1"   --->   Operation 7 'alloca' 'bkgpix_0_2_0_0_0_load5_i' <Predicate = true> <Delay = 0.00>
ST_1 : Operation 8 [1/1] (0.00ns)   --->   "%bkgpix_0_3_0_0_0_load7_i = alloca i32 1"   --->   Operation 8 'alloca' 'bkgpix_0_3_0_0_0_load7_i' <Predicate = true> <Delay = 0.00>
ST_1 : Operation 9 [1/1] (0.00ns)   --->   "%bkgpix_0_4_0_0_0_load9_i = alloca i32 1"   --->   Operation 9 'alloca' 'bkgpix_0_4_0_0_0_load9_i' <Predicate = true> <Delay = 0.00>
ST_1 : Operation 10 [1/1] (0.00ns)   --->   "%bkgpix_0_5_0_0_0_load11_i = alloca i32 1"   --->   Operation 10 'alloca' 'bkgpix_0_5_0_0_0_load11_i' <Predicate = true> <Delay = 0.00>
ST_1 : Operation 11 [1/1] (0.00ns)   --->   "%specstablecontent_ln0 = specstablecontent void @_ssdm_op_SpecStableContent, i8 %HwReg_background_Y_R_val19, void "   --->   Operation 11 'specstablecontent' 'specstablecontent_ln0' <Predicate = true> <Delay = 0.00>
ST_1 : Operation 12 [1/1] (0.00ns)   --->   "%specstablecontent_ln0 = specstablecontent void @_ssdm_op_SpecStableContent, i8 %HwReg_background_U_G_val20, void "   --->   Operation 12 'specstablecontent' 'specstablecontent_ln0' <Predicate = true> <Delay = 0.00>
ST_1 : Operation 13 [1/1] (0.00ns)   --->   "%specstablecontent_ln0 = specstablecontent void @_ssdm_op_SpecStableContent, i8 %HwReg_background_V_B_val21, void "   --->   Operation 13 'specstablecontent' 'specstablecontent_ln0' <Predicate = true> <Delay = 0.00>
ST_1 : Operation 14 [1/1] (0.00ns)   --->   "%HwReg_background_V_B_val21_read = read i8 @_ssdm_op_Read.ap_auto.i8, i8 %HwReg_background_V_B_val21"   --->   Operation 14 'read' 'HwReg_background_V_B_val21_read' <Predicate = true> <Delay = 0.00>
ST_1 : Operation 15 [1/1] (0.00ns)   --->   "%HwReg_background_Y_R_val19_read = read i8 @_ssdm_op_Read.ap_auto.i8, i8 %HwReg_background_Y_R_val19"   --->   Operation 15 'read' 'HwReg_background_Y_R_val19_read' <Predicate = true> <Delay = 0.00>
ST_1 : Operation 16 [1/1] (0.00ns)   --->   "%HwReg_background_U_G_val20_read = read i8 @_ssdm_op_Read.ap_auto.i8, i8 %HwReg_background_U_G_val20"   --->   Operation 16 'read' 'HwReg_background_U_G_val20_read' <Predicate = true> <Delay = 0.00>
ST_1 : Operation 17 [1/1] (0.42ns)   --->   "%store_ln440 = store i2 0, i2 %k" [/home/izaan/GitRepos/dpdma_exdes/vivado_quad_vmix/kv260_quad_vmix_dp.runs/bd_quad_vmix_dp_v_mix_0_0_synth_1/prj/sol/.autopilot/db/v_mix.cpp:440->/home/izaan/GitRepos/dpdma_exdes/vivado_quad_vmix/kv260_quad_vmix_dp.runs/bd_quad_vmix_dp_v_mix_0_0_synth_1/prj/sol/.autopilot/db/v_mix.cpp:717]   --->   Operation 17 'store' 'store_ln440' <Predicate = true> <Delay = 0.42>
ST_1 : Operation 18 [1/1] (0.00ns)   --->   "%br_ln0 = br void %for.inc.i"   --->   Operation 18 'br' 'br_ln0' <Predicate = true> <Delay = 0.00>
ST_1 : Operation 19 [1/1] (0.00ns)   --->   "%k_1 = load i2 %k" [/home/izaan/GitRepos/dpdma_exdes/vivado_quad_vmix/kv260_quad_vmix_dp.runs/bd_quad_vmix_dp_v_mix_0_0_synth_1/prj/sol/.autopilot/db/v_mix.cpp:456->/home/izaan/GitRepos/dpdma_exdes/vivado_quad_vmix/kv260_quad_vmix_dp.runs/bd_quad_vmix_dp_v_mix_0_0_synth_1/prj/sol/.autopilot/db/v_mix.cpp:717]   --->   Operation 19 'load' 'k_1' <Predicate = true> <Delay = 0.00>
ST_1 : Operation 20 [1/1] (0.54ns)   --->   "%icmp_ln456 = icmp_eq  i2 %k_1, i2 2" [/home/izaan/GitRepos/dpdma_exdes/vivado_quad_vmix/kv260_quad_vmix_dp.runs/bd_quad_vmix_dp_v_mix_0_0_synth_1/prj/sol/.autopilot/db/v_mix.cpp:456->/home/izaan/GitRepos/dpdma_exdes/vivado_quad_vmix/kv260_quad_vmix_dp.runs/bd_quad_vmix_dp_v_mix_0_0_synth_1/prj/sol/.autopilot/db/v_mix.cpp:717]   --->   Operation 20 'icmp' 'icmp_ln456' <Predicate = true> <Delay = 0.54> <CoreInst = "Cmp">   --->   Core 9 'Cmp' <Latency = 0> <II = 1> <Delay = 0.54> <FuncUnit> <Opcode : 'seteq' 'setne' 'setle' 'setge' 'setlt' 'setgt'> <InPorts = 2> <OutPorts = 1>
ST_1 : Operation 21 [1/1] (0.54ns)   --->   "%add_ln456 = add i2 %k_1, i2 1" [/home/izaan/GitRepos/dpdma_exdes/vivado_quad_vmix/kv260_quad_vmix_dp.runs/bd_quad_vmix_dp_v_mix_0_0_synth_1/prj/sol/.autopilot/db/v_mix.cpp:456->/home/izaan/GitRepos/dpdma_exdes/vivado_quad_vmix/kv260_quad_vmix_dp.runs/bd_quad_vmix_dp_v_mix_0_0_synth_1/prj/sol/.autopilot/db/v_mix.cpp:717]   --->   Operation 21 'add' 'add_ln456' <Predicate = true> <Delay = 0.54> <CoreInst = "Adder">   --->   Core 1 'Adder' <Latency = 0> <II = 1> <Delay = 0.54> <FuncUnit> <Opcode : 'add' 'sub'> <InPorts = 2> <OutPorts = 1>
ST_1 : Operation 22 [1/1] (0.00ns)   --->   "%br_ln456 = br i1 %icmp_ln456, void %for.inc.split.i, void %VITIS_LOOP_463_2.i.exitStub" [/home/izaan/GitRepos/dpdma_exdes/vivado_quad_vmix/kv260_quad_vmix_dp.runs/bd_quad_vmix_dp_v_mix_0_0_synth_1/prj/sol/.autopilot/db/v_mix.cpp:456->/home/izaan/GitRepos/dpdma_exdes/vivado_quad_vmix/kv260_quad_vmix_dp.runs/bd_quad_vmix_dp_v_mix_0_0_synth_1/prj/sol/.autopilot/db/v_mix.cpp:717]   --->   Operation 22 'br' 'br_ln456' <Predicate = true> <Delay = 0.00>
ST_1 : Operation 23 [1/1] (0.00ns)   --->   "%bkgpix_0_0_0_0_0_load_1 = load i8 %bkgpix_0_0_0_0_0_load1_i" [/home/izaan/GitRepos/dpdma_exdes/vivado_quad_vmix/kv260_quad_vmix_dp.runs/bd_quad_vmix_dp_v_mix_0_0_synth_1/prj/sol/.autopilot/db/v_mix.cpp:458->/home/izaan/GitRepos/dpdma_exdes/vivado_quad_vmix/kv260_quad_vmix_dp.runs/bd_quad_vmix_dp_v_mix_0_0_synth_1/prj/sol/.autopilot/db/v_mix.cpp:717]   --->   Operation 23 'load' 'bkgpix_0_0_0_0_0_load_1' <Predicate = (!icmp_ln456)> <Delay = 0.00>
ST_1 : Operation 24 [1/1] (0.00ns)   --->   "%bkgpix_0_1_0_0_0_load_1 = load i8 %bkgpix_0_1_0_0_0_load3_i" [/home/izaan/GitRepos/dpdma_exdes/vivado_quad_vmix/kv260_quad_vmix_dp.runs/bd_quad_vmix_dp_v_mix_0_0_synth_1/prj/sol/.autopilot/db/v_mix.cpp:458->/home/izaan/GitRepos/dpdma_exdes/vivado_quad_vmix/kv260_quad_vmix_dp.runs/bd_quad_vmix_dp_v_mix_0_0_synth_1/prj/sol/.autopilot/db/v_mix.cpp:717]   --->   Operation 24 'load' 'bkgpix_0_1_0_0_0_load_1' <Predicate = (!icmp_ln456)> <Delay = 0.00>
ST_1 : Operation 25 [1/1] (0.00ns)   --->   "%bkgpix_0_2_0_0_0_load_1 = load i8 %bkgpix_0_2_0_0_0_load5_i" [/home/izaan/GitRepos/dpdma_exdes/vivado_quad_vmix/kv260_quad_vmix_dp.runs/bd_quad_vmix_dp_v_mix_0_0_synth_1/prj/sol/.autopilot/db/v_mix.cpp:458->/home/izaan/GitRepos/dpdma_exdes/vivado_quad_vmix/kv260_quad_vmix_dp.runs/bd_quad_vmix_dp_v_mix_0_0_synth_1/prj/sol/.autopilot/db/v_mix.cpp:717]   --->   Operation 25 'load' 'bkgpix_0_2_0_0_0_load_1' <Predicate = (!icmp_ln456)> <Delay = 0.00>
ST_1 : Operation 26 [1/1] (0.00ns)   --->   "%bkgpix_0_3_0_0_0_load_1 = load i8 %bkgpix_0_3_0_0_0_load7_i" [/home/izaan/GitRepos/dpdma_exdes/vivado_quad_vmix/kv260_quad_vmix_dp.runs/bd_quad_vmix_dp_v_mix_0_0_synth_1/prj/sol/.autopilot/db/v_mix.cpp:458->/home/izaan/GitRepos/dpdma_exdes/vivado_quad_vmix/kv260_quad_vmix_dp.runs/bd_quad_vmix_dp_v_mix_0_0_synth_1/prj/sol/.autopilot/db/v_mix.cpp:717]   --->   Operation 26 'load' 'bkgpix_0_3_0_0_0_load_1' <Predicate = (!icmp_ln456)> <Delay = 0.00>
ST_1 : Operation 27 [1/1] (0.00ns)   --->   "%bkgpix_0_4_0_0_0_load_1 = load i8 %bkgpix_0_4_0_0_0_load9_i" [/home/izaan/GitRepos/dpdma_exdes/vivado_quad_vmix/kv260_quad_vmix_dp.runs/bd_quad_vmix_dp_v_mix_0_0_synth_1/prj/sol/.autopilot/db/v_mix.cpp:458->/home/izaan/GitRepos/dpdma_exdes/vivado_quad_vmix/kv260_quad_vmix_dp.runs/bd_quad_vmix_dp_v_mix_0_0_synth_1/prj/sol/.autopilot/db/v_mix.cpp:717]   --->   Operation 27 'load' 'bkgpix_0_4_0_0_0_load_1' <Predicate = (!icmp_ln456)> <Delay = 0.00>
ST_1 : Operation 28 [1/1] (0.00ns)   --->   "%bkgpix_0_5_0_0_0_load_1 = load i8 %bkgpix_0_5_0_0_0_load11_i" [/home/izaan/GitRepos/dpdma_exdes/vivado_quad_vmix/kv260_quad_vmix_dp.runs/bd_quad_vmix_dp_v_mix_0_0_synth_1/prj/sol/.autopilot/db/v_mix.cpp:458->/home/izaan/GitRepos/dpdma_exdes/vivado_quad_vmix/kv260_quad_vmix_dp.runs/bd_quad_vmix_dp_v_mix_0_0_synth_1/prj/sol/.autopilot/db/v_mix.cpp:717]   --->   Operation 28 'load' 'bkgpix_0_5_0_0_0_load_1' <Predicate = (!icmp_ln456)> <Delay = 0.00>
ST_1 : Operation 29 [1/1] (0.00ns)   --->   "%specpipeline_ln440 = specpipeline void @_ssdm_op_SpecPipeline, i32 4294967295, i32 0, i32 0, i32 0, void @empty_54" [/home/izaan/GitRepos/dpdma_exdes/vivado_quad_vmix/kv260_quad_vmix_dp.runs/bd_quad_vmix_dp_v_mix_0_0_synth_1/prj/sol/.autopilot/db/v_mix.cpp:440->/home/izaan/GitRepos/dpdma_exdes/vivado_quad_vmix/kv260_quad_vmix_dp.runs/bd_quad_vmix_dp_v_mix_0_0_synth_1/prj/sol/.autopilot/db/v_mix.cpp:717]   --->   Operation 29 'specpipeline' 'specpipeline_ln440' <Predicate = (!icmp_ln456)> <Delay = 0.00>
ST_1 : Operation 30 [1/1] (0.00ns)   --->   "%speclooptripcount_ln440 = speclooptripcount void @_ssdm_op_SpecLoopTripCount, i64 2, i64 2, i64 2" [/home/izaan/GitRepos/dpdma_exdes/vivado_quad_vmix/kv260_quad_vmix_dp.runs/bd_quad_vmix_dp_v_mix_0_0_synth_1/prj/sol/.autopilot/db/v_mix.cpp:440->/home/izaan/GitRepos/dpdma_exdes/vivado_quad_vmix/kv260_quad_vmix_dp.runs/bd_quad_vmix_dp_v_mix_0_0_synth_1/prj/sol/.autopilot/db/v_mix.cpp:717]   --->   Operation 30 'speclooptripcount' 'speclooptripcount_ln440' <Predicate = (!icmp_ln456)> <Delay = 0.00>
ST_1 : Operation 31 [1/1] (0.00ns)   --->   "%specloopname_ln456 = specloopname void @_ssdm_op_SpecLoopName, void @empty_50" [/home/izaan/GitRepos/dpdma_exdes/vivado_quad_vmix/kv260_quad_vmix_dp.runs/bd_quad_vmix_dp_v_mix_0_0_synth_1/prj/sol/.autopilot/db/v_mix.cpp:456->/home/izaan/GitRepos/dpdma_exdes/vivado_quad_vmix/kv260_quad_vmix_dp.runs/bd_quad_vmix_dp_v_mix_0_0_synth_1/prj/sol/.autopilot/db/v_mix.cpp:717]   --->   Operation 31 'specloopname' 'specloopname_ln456' <Predicate = (!icmp_ln456)> <Delay = 0.00>
ST_1 : Operation 32 [1/1] (0.54ns)   --->   "%icmp_ln458 = icmp_eq  i2 %k_1, i2 0" [/home/izaan/GitRepos/dpdma_exdes/vivado_quad_vmix/kv260_quad_vmix_dp.runs/bd_quad_vmix_dp_v_mix_0_0_synth_1/prj/sol/.autopilot/db/v_mix.cpp:458->/home/izaan/GitRepos/dpdma_exdes/vivado_quad_vmix/kv260_quad_vmix_dp.runs/bd_quad_vmix_dp_v_mix_0_0_synth_1/prj/sol/.autopilot/db/v_mix.cpp:717]   --->   Operation 32 'icmp' 'icmp_ln458' <Predicate = (!icmp_ln456)> <Delay = 0.54> <CoreInst = "Cmp">   --->   Core 9 'Cmp' <Latency = 0> <II = 1> <Delay = 0.54> <FuncUnit> <Opcode : 'seteq' 'setne' 'setle' 'setge' 'setlt' 'setgt'> <InPorts = 2> <OutPorts = 1>
ST_1 : Operation 33 [1/1] (0.39ns)   --->   "%select_ln458 = select i1 %icmp_ln458, i8 %HwReg_background_U_G_val20_read, i8 %bkgpix_0_1_0_0_0_load_1" [/home/izaan/GitRepos/dpdma_exdes/vivado_quad_vmix/kv260_quad_vmix_dp.runs/bd_quad_vmix_dp_v_mix_0_0_synth_1/prj/sol/.autopilot/db/v_mix.cpp:458->/home/izaan/GitRepos/dpdma_exdes/vivado_quad_vmix/kv260_quad_vmix_dp.runs/bd_quad_vmix_dp_v_mix_0_0_synth_1/prj/sol/.autopilot/db/v_mix.cpp:717]   --->   Operation 33 'select' 'select_ln458' <Predicate = (!icmp_ln456)> <Delay = 0.39> <CoreInst = "Sel">   --->   Core 73 'Sel' <Latency = 0> <II = 1> <Delay = 0.39> <FuncUnit> <Opcode : 'select'> <InPorts = 3> <OutPorts = 1>
ST_1 : Operation 34 [1/1] (0.39ns)   --->   "%select_ln458_1 = select i1 %icmp_ln458, i8 %bkgpix_0_4_0_0_0_load_1, i8 %HwReg_background_U_G_val20_read" [/home/izaan/GitRepos/dpdma_exdes/vivado_quad_vmix/kv260_quad_vmix_dp.runs/bd_quad_vmix_dp_v_mix_0_0_synth_1/prj/sol/.autopilot/db/v_mix.cpp:458->/home/izaan/GitRepos/dpdma_exdes/vivado_quad_vmix/kv260_quad_vmix_dp.runs/bd_quad_vmix_dp_v_mix_0_0_synth_1/prj/sol/.autopilot/db/v_mix.cpp:717]   --->   Operation 34 'select' 'select_ln458_1' <Predicate = (!icmp_ln456)> <Delay = 0.39> <CoreInst = "Sel">   --->   Core 73 'Sel' <Latency = 0> <II = 1> <Delay = 0.39> <FuncUnit> <Opcode : 'select'> <InPorts = 3> <OutPorts = 1>
ST_1 : Operation 35 [1/1] (0.39ns)   --->   "%select_ln458_2 = select i1 %icmp_ln458, i8 %bkgpix_0_3_0_0_0_load_1, i8 %HwReg_background_Y_R_val19_read" [/home/izaan/GitRepos/dpdma_exdes/vivado_quad_vmix/kv260_quad_vmix_dp.runs/bd_quad_vmix_dp_v_mix_0_0_synth_1/prj/sol/.autopilot/db/v_mix.cpp:458->/home/izaan/GitRepos/dpdma_exdes/vivado_quad_vmix/kv260_quad_vmix_dp.runs/bd_quad_vmix_dp_v_mix_0_0_synth_1/prj/sol/.autopilot/db/v_mix.cpp:717]   --->   Operation 35 'select' 'select_ln458_2' <Predicate = (!icmp_ln456)> <Delay = 0.39> <CoreInst = "Sel">   --->   Core 73 'Sel' <Latency = 0> <II = 1> <Delay = 0.39> <FuncUnit> <Opcode : 'select'> <InPorts = 3> <OutPorts = 1>
ST_1 : Operation 36 [1/1] (0.39ns)   --->   "%select_ln458_3 = select i1 %icmp_ln458, i8 %HwReg_background_Y_R_val19_read, i8 %bkgpix_0_0_0_0_0_load_1" [/home/izaan/GitRepos/dpdma_exdes/vivado_quad_vmix/kv260_quad_vmix_dp.runs/bd_quad_vmix_dp_v_mix_0_0_synth_1/prj/sol/.autopilot/db/v_mix.cpp:458->/home/izaan/GitRepos/dpdma_exdes/vivado_quad_vmix/kv260_quad_vmix_dp.runs/bd_quad_vmix_dp_v_mix_0_0_synth_1/prj/sol/.autopilot/db/v_mix.cpp:717]   --->   Operation 36 'select' 'select_ln458_3' <Predicate = (!icmp_ln456)> <Delay = 0.39> <CoreInst = "Sel">   --->   Core 73 'Sel' <Latency = 0> <II = 1> <Delay = 0.39> <FuncUnit> <Opcode : 'select'> <InPorts = 3> <OutPorts = 1>
ST_1 : Operation 37 [1/1] (0.39ns)   --->   "%select_ln458_4 = select i1 %icmp_ln458, i8 %bkgpix_0_5_0_0_0_load_1, i8 %HwReg_background_V_B_val21_read" [/home/izaan/GitRepos/dpdma_exdes/vivado_quad_vmix/kv260_quad_vmix_dp.runs/bd_quad_vmix_dp_v_mix_0_0_synth_1/prj/sol/.autopilot/db/v_mix.cpp:458->/home/izaan/GitRepos/dpdma_exdes/vivado_quad_vmix/kv260_quad_vmix_dp.runs/bd_quad_vmix_dp_v_mix_0_0_synth_1/prj/sol/.autopilot/db/v_mix.cpp:717]   --->   Operation 37 'select' 'select_ln458_4' <Predicate = (!icmp_ln456)> <Delay = 0.39> <CoreInst = "Sel">   --->   Core 73 'Sel' <Latency = 0> <II = 1> <Delay = 0.39> <FuncUnit> <Opcode : 'select'> <InPorts = 3> <OutPorts = 1>
ST_1 : Operation 38 [1/1] (0.39ns)   --->   "%select_ln458_5 = select i1 %icmp_ln458, i8 %HwReg_background_V_B_val21_read, i8 %bkgpix_0_2_0_0_0_load_1" [/home/izaan/GitRepos/dpdma_exdes/vivado_quad_vmix/kv260_quad_vmix_dp.runs/bd_quad_vmix_dp_v_mix_0_0_synth_1/prj/sol/.autopilot/db/v_mix.cpp:458->/home/izaan/GitRepos/dpdma_exdes/vivado_quad_vmix/kv260_quad_vmix_dp.runs/bd_quad_vmix_dp_v_mix_0_0_synth_1/prj/sol/.autopilot/db/v_mix.cpp:717]   --->   Operation 38 'select' 'select_ln458_5' <Predicate = (!icmp_ln456)> <Delay = 0.39> <CoreInst = "Sel">   --->   Core 73 'Sel' <Latency = 0> <II = 1> <Delay = 0.39> <FuncUnit> <Opcode : 'select'> <InPorts = 3> <OutPorts = 1>
ST_1 : Operation 39 [1/1] (0.00ns)   --->   "%store_ln458 = store i8 %select_ln458_4, i8 %bkgpix_0_5_0_0_0_load11_i" [/home/izaan/GitRepos/dpdma_exdes/vivado_quad_vmix/kv260_quad_vmix_dp.runs/bd_quad_vmix_dp_v_mix_0_0_synth_1/prj/sol/.autopilot/db/v_mix.cpp:458->/home/izaan/GitRepos/dpdma_exdes/vivado_quad_vmix/kv260_quad_vmix_dp.runs/bd_quad_vmix_dp_v_mix_0_0_synth_1/prj/sol/.autopilot/db/v_mix.cpp:717]   --->   Operation 39 'store' 'store_ln458' <Predicate = (!icmp_ln456)> <Delay = 0.00>
ST_1 : Operation 40 [1/1] (0.00ns)   --->   "%store_ln458 = store i8 %select_ln458_1, i8 %bkgpix_0_4_0_0_0_load9_i" [/home/izaan/GitRepos/dpdma_exdes/vivado_quad_vmix/kv260_quad_vmix_dp.runs/bd_quad_vmix_dp_v_mix_0_0_synth_1/prj/sol/.autopilot/db/v_mix.cpp:458->/home/izaan/GitRepos/dpdma_exdes/vivado_quad_vmix/kv260_quad_vmix_dp.runs/bd_quad_vmix_dp_v_mix_0_0_synth_1/prj/sol/.autopilot/db/v_mix.cpp:717]   --->   Operation 40 'store' 'store_ln458' <Predicate = (!icmp_ln456)> <Delay = 0.00>
ST_1 : Operation 41 [1/1] (0.00ns)   --->   "%store_ln458 = store i8 %select_ln458_2, i8 %bkgpix_0_3_0_0_0_load7_i" [/home/izaan/GitRepos/dpdma_exdes/vivado_quad_vmix/kv260_quad_vmix_dp.runs/bd_quad_vmix_dp_v_mix_0_0_synth_1/prj/sol/.autopilot/db/v_mix.cpp:458->/home/izaan/GitRepos/dpdma_exdes/vivado_quad_vmix/kv260_quad_vmix_dp.runs/bd_quad_vmix_dp_v_mix_0_0_synth_1/prj/sol/.autopilot/db/v_mix.cpp:717]   --->   Operation 41 'store' 'store_ln458' <Predicate = (!icmp_ln456)> <Delay = 0.00>
ST_1 : Operation 42 [1/1] (0.00ns)   --->   "%store_ln458 = store i8 %select_ln458_5, i8 %bkgpix_0_2_0_0_0_load5_i" [/home/izaan/GitRepos/dpdma_exdes/vivado_quad_vmix/kv260_quad_vmix_dp.runs/bd_quad_vmix_dp_v_mix_0_0_synth_1/prj/sol/.autopilot/db/v_mix.cpp:458->/home/izaan/GitRepos/dpdma_exdes/vivado_quad_vmix/kv260_quad_vmix_dp.runs/bd_quad_vmix_dp_v_mix_0_0_synth_1/prj/sol/.autopilot/db/v_mix.cpp:717]   --->   Operation 42 'store' 'store_ln458' <Predicate = (!icmp_ln456)> <Delay = 0.00>
ST_1 : Operation 43 [1/1] (0.00ns)   --->   "%store_ln458 = store i8 %select_ln458, i8 %bkgpix_0_1_0_0_0_load3_i" [/home/izaan/GitRepos/dpdma_exdes/vivado_quad_vmix/kv260_quad_vmix_dp.runs/bd_quad_vmix_dp_v_mix_0_0_synth_1/prj/sol/.autopilot/db/v_mix.cpp:458->/home/izaan/GitRepos/dpdma_exdes/vivado_quad_vmix/kv260_quad_vmix_dp.runs/bd_quad_vmix_dp_v_mix_0_0_synth_1/prj/sol/.autopilot/db/v_mix.cpp:717]   --->   Operation 43 'store' 'store_ln458' <Predicate = (!icmp_ln456)> <Delay = 0.00>
ST_1 : Operation 44 [1/1] (0.00ns)   --->   "%store_ln458 = store i8 %select_ln458_3, i8 %bkgpix_0_0_0_0_0_load1_i" [/home/izaan/GitRepos/dpdma_exdes/vivado_quad_vmix/kv260_quad_vmix_dp.runs/bd_quad_vmix_dp_v_mix_0_0_synth_1/prj/sol/.autopilot/db/v_mix.cpp:458->/home/izaan/GitRepos/dpdma_exdes/vivado_quad_vmix/kv260_quad_vmix_dp.runs/bd_quad_vmix_dp_v_mix_0_0_synth_1/prj/sol/.autopilot/db/v_mix.cpp:717]   --->   Operation 44 'store' 'store_ln458' <Predicate = (!icmp_ln456)> <Delay = 0.00>
ST_1 : Operation 45 [1/1] (0.42ns)   --->   "%store_ln440 = store i2 %add_ln456, i2 %k" [/home/izaan/GitRepos/dpdma_exdes/vivado_quad_vmix/kv260_quad_vmix_dp.runs/bd_quad_vmix_dp_v_mix_0_0_synth_1/prj/sol/.autopilot/db/v_mix.cpp:440->/home/izaan/GitRepos/dpdma_exdes/vivado_quad_vmix/kv260_quad_vmix_dp.runs/bd_quad_vmix_dp_v_mix_0_0_synth_1/prj/sol/.autopilot/db/v_mix.cpp:717]   --->   Operation 45 'store' 'store_ln440' <Predicate = (!icmp_ln456)> <Delay = 0.42>
ST_1 : Operation 46 [1/1] (0.00ns)   --->   "%br_ln456 = br void %for.inc.i" [/home/izaan/GitRepos/dpdma_exdes/vivado_quad_vmix/kv260_quad_vmix_dp.runs/bd_quad_vmix_dp_v_mix_0_0_synth_1/prj/sol/.autopilot/db/v_mix.cpp:456->/home/izaan/GitRepos/dpdma_exdes/vivado_quad_vmix/kv260_quad_vmix_dp.runs/bd_quad_vmix_dp_v_mix_0_0_synth_1/prj/sol/.autopilot/db/v_mix.cpp:717]   --->   Operation 46 'br' 'br_ln456' <Predicate = (!icmp_ln456)> <Delay = 0.00>
ST_1 : Operation 47 [1/1] (0.00ns)   --->   "%bkgpix_0_0_0_0_0_load = load i8 %bkgpix_0_0_0_0_0_load1_i"   --->   Operation 47 'load' 'bkgpix_0_0_0_0_0_load' <Predicate = (icmp_ln456)> <Delay = 0.00>
ST_1 : Operation 48 [1/1] (0.00ns)   --->   "%bkgpix_0_1_0_0_0_load = load i8 %bkgpix_0_1_0_0_0_load3_i"   --->   Operation 48 'load' 'bkgpix_0_1_0_0_0_load' <Predicate = (icmp_ln456)> <Delay = 0.00>
ST_1 : Operation 49 [1/1] (0.00ns)   --->   "%bkgpix_0_2_0_0_0_load = load i8 %bkgpix_0_2_0_0_0_load5_i"   --->   Operation 49 'load' 'bkgpix_0_2_0_0_0_load' <Predicate = (icmp_ln456)> <Delay = 0.00>
ST_1 : Operation 50 [1/1] (0.00ns)   --->   "%bkgpix_0_3_0_0_0_load = load i8 %bkgpix_0_3_0_0_0_load7_i"   --->   Operation 50 'load' 'bkgpix_0_3_0_0_0_load' <Predicate = (icmp_ln456)> <Delay = 0.00>
ST_1 : Operation 51 [1/1] (0.00ns)   --->   "%bkgpix_0_4_0_0_0_load = load i8 %bkgpix_0_4_0_0_0_load9_i"   --->   Operation 51 'load' 'bkgpix_0_4_0_0_0_load' <Predicate = (icmp_ln456)> <Delay = 0.00>
ST_1 : Operation 52 [1/1] (0.00ns)   --->   "%bkgpix_0_5_0_0_0_load = load i8 %bkgpix_0_5_0_0_0_load11_i"   --->   Operation 52 'load' 'bkgpix_0_5_0_0_0_load' <Predicate = (icmp_ln456)> <Delay = 0.00>
ST_1 : Operation 53 [1/1] (0.00ns)   --->   "%write_ln0 = write void @_ssdm_op_Write.ap_auto.i8P0A, i8 %bkgpix_0_5_0_0_0_load11_i_out, i8 %bkgpix_0_5_0_0_0_load"   --->   Operation 53 'write' 'write_ln0' <Predicate = (icmp_ln456)> <Delay = 0.00>
ST_1 : Operation 54 [1/1] (0.00ns)   --->   "%write_ln0 = write void @_ssdm_op_Write.ap_auto.i8P0A, i8 %bkgpix_0_4_0_0_0_load9_i_out, i8 %bkgpix_0_4_0_0_0_load"   --->   Operation 54 'write' 'write_ln0' <Predicate = (icmp_ln456)> <Delay = 0.00>
ST_1 : Operation 55 [1/1] (0.00ns)   --->   "%write_ln0 = write void @_ssdm_op_Write.ap_auto.i8P0A, i8 %bkgpix_0_3_0_0_0_load7_i_out, i8 %bkgpix_0_3_0_0_0_load"   --->   Operation 55 'write' 'write_ln0' <Predicate = (icmp_ln456)> <Delay = 0.00>
ST_1 : Operation 56 [1/1] (0.00ns)   --->   "%write_ln0 = write void @_ssdm_op_Write.ap_auto.i8P0A, i8 %bkgpix_0_2_0_0_0_load5_i_out, i8 %bkgpix_0_2_0_0_0_load"   --->   Operation 56 'write' 'write_ln0' <Predicate = (icmp_ln456)> <Delay = 0.00>
ST_1 : Operation 57 [1/1] (0.00ns)   --->   "%write_ln0 = write void @_ssdm_op_Write.ap_auto.i8P0A, i8 %bkgpix_0_1_0_0_0_load3_i_out, i8 %bkgpix_0_1_0_0_0_load"   --->   Operation 57 'write' 'write_ln0' <Predicate = (icmp_ln456)> <Delay = 0.00>
ST_1 : Operation 58 [1/1] (0.00ns)   --->   "%write_ln0 = write void @_ssdm_op_Write.ap_auto.i8P0A, i8 %bkgpix_0_0_0_0_0_load1_i_out, i8 %bkgpix_0_0_0_0_0_load"   --->   Operation 58 'write' 'write_ln0' <Predicate = (icmp_ln456)> <Delay = 0.00>
ST_1 : Operation 59 [1/1] (0.42ns)   --->   "%ret_ln0 = ret"   --->   Operation 59 'ret' 'ret_ln0' <Predicate = (icmp_ln456)> <Delay = 0.42>


============================================================
+ Verbose Summary: Timing violations
============================================================
Target clock period: 6.667ns, clock uncertainty: 1.800ns.

 <State 1>: 1.402ns
The critical path consists of the following:
	'store' operation 0 bit ('store_ln440', /home/izaan/GitRepos/dpdma_exdes/vivado_quad_vmix/kv260_quad_vmix_dp.runs/bd_quad_vmix_dp_v_mix_0_0_synth_1/prj/sol/.autopilot/db/v_mix.cpp:440->/home/izaan/GitRepos/dpdma_exdes/vivado_quad_vmix/kv260_quad_vmix_dp.runs/bd_quad_vmix_dp_v_mix_0_0_synth_1/prj/sol/.autopilot/db/v_mix.cpp:717) of constant 0 on local variable 'k', /home/izaan/GitRepos/dpdma_exdes/vivado_quad_vmix/kv260_quad_vmix_dp.runs/bd_quad_vmix_dp_v_mix_0_0_synth_1/prj/sol/.autopilot/db/v_mix.cpp:440->/home/izaan/GitRepos/dpdma_exdes/vivado_quad_vmix/kv260_quad_vmix_dp.runs/bd_quad_vmix_dp_v_mix_0_0_synth_1/prj/sol/.autopilot/db/v_mix.cpp:717 [23]  (0.427 ns)
	'load' operation 2 bit ('k', /home/izaan/GitRepos/dpdma_exdes/vivado_quad_vmix/kv260_quad_vmix_dp.runs/bd_quad_vmix_dp_v_mix_0_0_synth_1/prj/sol/.autopilot/db/v_mix.cpp:456->/home/izaan/GitRepos/dpdma_exdes/vivado_quad_vmix/kv260_quad_vmix_dp.runs/bd_quad_vmix_dp_v_mix_0_0_synth_1/prj/sol/.autopilot/db/v_mix.cpp:717) on local variable 'k', /home/izaan/GitRepos/dpdma_exdes/vivado_quad_vmix/kv260_quad_vmix_dp.runs/bd_quad_vmix_dp_v_mix_0_0_synth_1/prj/sol/.autopilot/db/v_mix.cpp:440->/home/izaan/GitRepos/dpdma_exdes/vivado_quad_vmix/kv260_quad_vmix_dp.runs/bd_quad_vmix_dp_v_mix_0_0_synth_1/prj/sol/.autopilot/db/v_mix.cpp:717 [26]  (0.000 ns)
	'add' operation 2 bit ('add_ln456', /home/izaan/GitRepos/dpdma_exdes/vivado_quad_vmix/kv260_quad_vmix_dp.runs/bd_quad_vmix_dp_v_mix_0_0_synth_1/prj/sol/.autopilot/db/v_mix.cpp:456->/home/izaan/GitRepos/dpdma_exdes/vivado_quad_vmix/kv260_quad_vmix_dp.runs/bd_quad_vmix_dp_v_mix_0_0_synth_1/prj/sol/.autopilot/db/v_mix.cpp:717) [28]  (0.548 ns)
	'store' operation 0 bit ('store_ln440', /home/izaan/GitRepos/dpdma_exdes/vivado_quad_vmix/kv260_quad_vmix_dp.runs/bd_quad_vmix_dp_v_mix_0_0_synth_1/prj/sol/.autopilot/db/v_mix.cpp:440->/home/izaan/GitRepos/dpdma_exdes/vivado_quad_vmix/kv260_quad_vmix_dp.runs/bd_quad_vmix_dp_v_mix_0_0_synth_1/prj/sol/.autopilot/db/v_mix.cpp:717) of variable 'add_ln456', /home/izaan/GitRepos/dpdma_exdes/vivado_quad_vmix/kv260_quad_vmix_dp.runs/bd_quad_vmix_dp_v_mix_0_0_synth_1/prj/sol/.autopilot/db/v_mix.cpp:456->/home/izaan/GitRepos/dpdma_exdes/vivado_quad_vmix/kv260_quad_vmix_dp.runs/bd_quad_vmix_dp_v_mix_0_0_synth_1/prj/sol/.autopilot/db/v_mix.cpp:717 on local variable 'k', /home/izaan/GitRepos/dpdma_exdes/vivado_quad_vmix/kv260_quad_vmix_dp.runs/bd_quad_vmix_dp_v_mix_0_0_synth_1/prj/sol/.autopilot/db/v_mix.cpp:440->/home/izaan/GitRepos/dpdma_exdes/vivado_quad_vmix/kv260_quad_vmix_dp.runs/bd_quad_vmix_dp_v_mix_0_0_synth_1/prj/sol/.autopilot/db/v_mix.cpp:717 [53]  (0.427 ns)


============================================================
+ Verbose Summary: Binding
============================================================
N/A
* FSMD analyzer results:
  - Output states:
 - Input state : 
  - Chain level:
	State 1


============================================================
+ Verbose Summary: Datapath Resource usage 
============================================================
N/A
