

================================================================
== Vitis HLS Report for 'v_mix_core_alpha_false_false_20'
================================================================
* Date:           Mon Apr 27 12:26:37 2026

* Version:        2024.2 (Build 5238294 on Nov  8 2024)
* Project:        prj
* Solution:       sol (Vivado IP Flow Target)
* Product family: zynquplus
* Target device:  xck26-sfvc784-2LV-c


================================================================
== Performance Estimates
================================================================
+ Timing: 
    * Summary: 
    +--------+---------+----------+------------+
    |  Clock |  Target | Estimated| Uncertainty|
    +--------+---------+----------+------------+
    |ap_clk  |  6.67 ns|  4.103 ns|     1.80 ns|
    +--------+---------+----------+------------+

+ Latency: 
    * Summary: 
    +---------+---------+-----------+-----------+------+---------+---------+
    |  Latency (cycles) |   Latency (absolute)  |    Interval    | Pipeline|
    |   min   |   max   |    min    |    max    |  min |   max   |   Type  |
    +---------+---------+-----------+-----------+------+---------+---------+
    |     2305|  4155841|  15.367 us|  27.707 ms|  2305|  4155841|       no|
    +---------+---------+-----------+-----------+------+---------+---------+

    + Detail: 
        * Instance: 
        +----------------------------------------------------------------------+-----------------------------------------------------------+---------+---------+----------+-----------+-----+------+------------------------------------------------+
        |                                                                      |                                                           |  Latency (cycles) |  Latency (absolute)  |  Interval  |                    Pipeline                    |
        |                               Instance                               |                           Module                          |   min   |   max   |    min   |    max    | min |  max |                      Type                      |
        +----------------------------------------------------------------------+-----------------------------------------------------------+---------+---------+----------+-----------+-----+------+------------------------------------------------+
        |grp_v_mix_core_alpha_false_false_20_Pipeline_VITIS_LOOP_465_3_fu_152  |v_mix_core_alpha_false_false_20_Pipeline_VITIS_LOOP_465_3  |       34|     1922|  0.227 us|  12.814 us|   33|  1921|  loop auto-rewind stp (delay=0 clock cycles(s))|
        +----------------------------------------------------------------------+-----------------------------------------------------------+---------+---------+----------+-----------+-----+------+------------------------------------------------+

        * Loop: 
        +--------------------+---------+---------+-----------+-----------+-----------+-----------+----------+
        |                    |  Latency (cycles) | Iteration |  Initiation Interval  |    Trip   |          |
        |      Loop Name     |   min   |   max   |  Latency  |  achieved |   target  |   Count   | Pipelined|
        +--------------------+---------+---------+-----------+-----------+-----------+-----------+----------+
        |- VITIS_LOOP_463_2  |     2304|  4155840|  36 ~ 1924|          -|          -|  64 ~ 2160|        no|
        +--------------------+---------+---------+-----------+-----------+-----------+-----------+----------+

============================================================
+ Verbose Summary: Synthesis Manager
============================================================
InlineROM: 1
ExposeGlobal: 0
============================================================
+ Verbose Summary: CDFG Model
============================================================
IsTopModel: 0
ResetActiveHigh: 1
IsCombinational: 2
IsDatapathOnly: 0
HasWiredReturn: 1
HasMFsm: 0
HasVarLatency: 1
IsPipeline: 0
IsRtlPipelined: 0
IsInstanceOverlapped: 0
IsDontTouch: 0
HasImplIP: 0
IsGatedGlobalClock: 0


============================================================
+ Verbose Summary: Schedule
============================================================
* Number of FSM states : 3
* Pipeline : 0
* Dataflow Pipeline: 0

* FSM state transitions: 
1 --> 2 
2 --> 3 
3 --> 2 

* FSM state operations: 

State 1 <SV = 0> <Delay = 3.68>
ST_1 : Operation 4 [1/1] (0.00ns)   --->   "%y = alloca i32 1" [/home/izaan/GitRepos/dpdma_exdes/vivado_quad_vmix/kv260_quad_vmix_dp.runs/bd_quad_vmix_dp_v_mix_0_0_synth_1/prj/sol/.autopilot/db/v_mix.cpp:440->/home/izaan/GitRepos/dpdma_exdes/vivado_quad_vmix/kv260_quad_vmix_dp.runs/bd_quad_vmix_dp_v_mix_0_0_synth_1/prj/sol/.autopilot/db/v_mix.cpp:787]   --->   Operation 4 'alloca' 'y' <Predicate = true> <Delay = 0.00>
ST_1 : Operation 5 [1/1] (0.00ns)   --->   "%specinterface_ln0 = specinterface void @_ssdm_op_SpecInterface, i8 %HwReg_layerScaleFactor_2_val43, void @ap_fifo_str, i32 0, i32 0, void @p_str, i32 0, i32 0, void @p_str, void @p_str, void @p_str, i32 2, i32 2, i32 16, i32 16, void @p_str, void @ScalarProp_str, i32 4294967295, i32 0, i32 0"   --->   Operation 5 'specinterface' 'specinterface_ln0' <Predicate = true> <Delay = 0.00>
ST_1 : Operation 6 [1/1] (0.00ns)   --->   "%HwReg_height_val_read = read i12 @_ssdm_op_Read.ap_auto.i12, i12 %HwReg_height_val"   --->   Operation 6 'read' 'HwReg_height_val_read' <Predicate = true> <Delay = 0.00>
ST_1 : Operation 7 [1/1] (0.00ns)   --->   "%HwReg_width_val_read = read i12 @_ssdm_op_Read.ap_auto.i12, i12 %HwReg_width_val"   --->   Operation 7 'read' 'HwReg_width_val_read' <Predicate = true> <Delay = 0.00>
ST_1 : Operation 8 [1/1] ( I:1.93ns O:1.93ns )   --->   "%HwReg_layerScaleFactor_2_val43_read = read i8 @_ssdm_op_Read.ap_fifo.i8P0A, i8 %HwReg_layerScaleFactor_2_val43"   --->   Operation 8 'read' 'HwReg_layerScaleFactor_2_val43_read' <Predicate = true> <Delay = 1.93> <CoreInst = "FIFO_SRL">   --->   Core 80 'FIFO_SRL' <Latency = 0> <II = 1> <Delay = 1.93> <Storage> <Opcode : 'read' 'write' 'nbread' 'nbwrite'> <Ports = 0> <Width = 8> <Depth = 8> <FIFO>
ST_1 : Operation 9 [1/1] (0.00ns)   --->   "%specinterface_ln0 = specinterface void @_ssdm_op_SpecInterface, i16 %HwReg_layerHeight_2_val, void @ap_fifo_str, i32 0, i32 0, void @p_str, i32 0, i32 0, void @p_str, void @p_str, void @p_str, i32 2, i32 2, i32 16, i32 16, void @p_str, void @ScalarProp_str, i32 4294967295, i32 0, i32 0"   --->   Operation 9 'specinterface' 'specinterface_ln0' <Predicate = true> <Delay = 0.00>
ST_1 : Operation 10 [1/1] ( I:1.83ns O:1.83ns )   --->   "%HwReg_layerHeight_2_val_read = read i16 @_ssdm_op_Read.ap_fifo.i16P0A, i16 %HwReg_layerHeight_2_val"   --->   Operation 10 'read' 'HwReg_layerHeight_2_val_read' <Predicate = true> <Delay = 1.83> <CoreInst = "FIFO_SRL">   --->   Core 80 'FIFO_SRL' <Latency = 0> <II = 1> <Delay = 1.83> <Storage> <Opcode : 'read' 'write' 'nbread' 'nbwrite'> <Ports = 0> <Width = 16> <Depth = 3> <FIFO>
ST_1 : Operation 11 [1/1] (0.00ns)   --->   "%specinterface_ln0 = specinterface void @_ssdm_op_SpecInterface, i16 %HwReg_layerWidth_2_val, void @ap_fifo_str, i32 0, i32 0, void @p_str, i32 0, i32 0, void @p_str, void @p_str, void @p_str, i32 2, i32 2, i32 16, i32 16, void @p_str, void @ScalarProp_str, i32 4294967295, i32 0, i32 0"   --->   Operation 11 'specinterface' 'specinterface_ln0' <Predicate = true> <Delay = 0.00>
ST_1 : Operation 12 [1/1] ( I:1.83ns O:1.83ns )   --->   "%HwReg_layerWidth_2_val_read = read i16 @_ssdm_op_Read.ap_fifo.i16P0A, i16 %HwReg_layerWidth_2_val"   --->   Operation 12 'read' 'HwReg_layerWidth_2_val_read' <Predicate = true> <Delay = 1.83> <CoreInst = "FIFO_SRL">   --->   Core 80 'FIFO_SRL' <Latency = 0> <II = 1> <Delay = 1.83> <Storage> <Opcode : 'read' 'write' 'nbread' 'nbwrite'> <Ports = 0> <Width = 16> <Depth = 3> <FIFO>
ST_1 : Operation 13 [1/1] (0.00ns)   --->   "%specinterface_ln0 = specinterface void @_ssdm_op_SpecInterface, i16 %HwReg_layerStartY_2_val31, void @ap_fifo_str, i32 0, i32 0, void @p_str, i32 0, i32 0, void @p_str, void @p_str, void @p_str, i32 2, i32 2, i32 16, i32 16, void @p_str, void @ScalarProp_str, i32 4294967295, i32 0, i32 0"   --->   Operation 13 'specinterface' 'specinterface_ln0' <Predicate = true> <Delay = 0.00>
ST_1 : Operation 14 [1/1] ( I:1.93ns O:1.93ns )   --->   "%layerStartY = read i16 @_ssdm_op_Read.ap_fifo.i16P0A, i16 %HwReg_layerStartY_2_val31"   --->   Operation 14 'read' 'layerStartY' <Predicate = true> <Delay = 1.93> <CoreInst = "FIFO_SRL">   --->   Core 80 'FIFO_SRL' <Latency = 0> <II = 1> <Delay = 1.93> <Storage> <Opcode : 'read' 'write' 'nbread' 'nbwrite'> <Ports = 0> <Width = 16> <Depth = 8> <FIFO>
ST_1 : Operation 15 [1/1] (0.00ns)   --->   "%specinterface_ln0 = specinterface void @_ssdm_op_SpecInterface, i16 %HwReg_layerStartX_2_val27, void @ap_fifo_str, i32 0, i32 0, void @p_str, i32 0, i32 0, void @p_str, void @p_str, void @p_str, i32 2, i32 2, i32 16, i32 16, void @p_str, void @ScalarProp_str, i32 4294967295, i32 0, i32 0"   --->   Operation 15 'specinterface' 'specinterface_ln0' <Predicate = true> <Delay = 0.00>
ST_1 : Operation 16 [1/1] ( I:1.93ns O:1.93ns )   --->   "%layerStartX = read i16 @_ssdm_op_Read.ap_fifo.i16P0A, i16 %HwReg_layerStartX_2_val27"   --->   Operation 16 'read' 'layerStartX' <Predicate = true> <Delay = 1.93> <CoreInst = "FIFO_SRL">   --->   Core 80 'FIFO_SRL' <Latency = 0> <II = 1> <Delay = 1.93> <Storage> <Opcode : 'read' 'write' 'nbread' 'nbwrite'> <Ports = 0> <Width = 16> <Depth = 8> <FIFO>
ST_1 : Operation 17 [1/1] (0.00ns)   --->   "%specinterface_ln0 = specinterface void @_ssdm_op_SpecInterface, i5 %HwReg_layerEnable_val25, void @ap_fifo_str, i32 0, i32 0, void @p_str, i32 0, i32 0, void @p_str, void @p_str, void @p_str, i32 2, i32 2, i32 16, i32 16, void @p_str, void @ScalarProp_str, i32 4294967295, i32 0, i32 0"   --->   Operation 17 'specinterface' 'specinterface_ln0' <Predicate = true> <Delay = 0.00>
ST_1 : Operation 18 [1/1] ( I:1.83ns O:1.83ns )   --->   "%HwReg_layerEnable_val25_read = read i5 @_ssdm_op_Read.ap_fifo.i5P0A, i5 %HwReg_layerEnable_val25"   --->   Operation 18 'read' 'HwReg_layerEnable_val25_read' <Predicate = true> <Delay = 1.83> <CoreInst = "FIFO_SRL">   --->   Core 80 'FIFO_SRL' <Latency = 0> <II = 1> <Delay = 1.83> <Storage> <Opcode : 'read' 'write' 'nbread' 'nbwrite'> <Ports = 0> <Width = 5> <Depth = 2> <FIFO>
ST_1 : Operation 19 [1/1] (0.00ns)   --->   "%specinterface_ln0 = specinterface void @_ssdm_op_SpecInterface, i5 %HwReg_layerEnable_val25_c22, void @ap_fifo_str, i32 0, i32 0, void @p_str, i32 0, i32 0, void @p_str, void @p_str, void @p_str, i32 2, i32 2, i32 16, i32 16, void @p_str, void @ScalarProp_str, i32 4294967295, i32 0, i32 0"   --->   Operation 19 'specinterface' 'specinterface_ln0' <Predicate = true> <Delay = 0.00>
ST_1 : Operation 20 [1/1] ( I:1.83ns O:1.83ns )   --->   "%write_ln445 = write void @_ssdm_op_Write.ap_fifo.i5P0A, i5 %HwReg_layerEnable_val25_c22, i5 %HwReg_layerEnable_val25_read" [/home/izaan/GitRepos/dpdma_exdes/vivado_quad_vmix/kv260_quad_vmix_dp.runs/bd_quad_vmix_dp_v_mix_0_0_synth_1/prj/sol/.autopilot/db/v_mix.cpp:445->/home/izaan/GitRepos/dpdma_exdes/vivado_quad_vmix/kv260_quad_vmix_dp.runs/bd_quad_vmix_dp_v_mix_0_0_synth_1/prj/sol/.autopilot/db/v_mix.cpp:787]   --->   Operation 20 'write' 'write_ln445' <Predicate = true> <Delay = 1.83> <CoreInst = "FIFO_SRL">   --->   Core 80 'FIFO_SRL' <Latency = 0> <II = 1> <Delay = 1.83> <Storage> <Opcode : 'read' 'write' 'nbread' 'nbwrite'> <Ports = 0> <Width = 5> <Depth = 2> <FIFO>
ST_1 : Operation 21 [1/1] (0.00ns)   --->   "%specstablecontent_ln0 = specstablecontent void @_ssdm_op_SpecStableContent, i12 %HwReg_height_val, void "   --->   Operation 21 'specstablecontent' 'specstablecontent_ln0' <Predicate = true> <Delay = 0.00>
ST_1 : Operation 22 [1/1] (0.00ns)   --->   "%specstablecontent_ln0 = specstablecontent void @_ssdm_op_SpecStableContent, i12 %HwReg_width_val, void "   --->   Operation 22 'specstablecontent' 'specstablecontent_ln0' <Predicate = true> <Delay = 0.00>
ST_1 : Operation 23 [1/1] (0.00ns)   --->   "%specinterface_ln0 = specinterface void @_ssdm_op_SpecInterface, i48 %outLayer2, void @empty_17, i32 0, i32 0, void @empty_54, i32 0, i32 0, void @empty_54, void @empty_54, void @empty_54, i32 0, i32 0, i32 0, i32 0, void @empty_54, void @empty_54, i32 4294967295, i32 0, i32 0"   --->   Operation 23 'specinterface' 'specinterface_ln0' <Predicate = true> <Delay = 0.00>
ST_1 : Operation 24 [1/1] (0.00ns)   --->   "%specinterface_ln0 = specinterface void @_ssdm_op_SpecInterface, i48 %srcLayer2x, void @empty_17, i32 0, i32 0, void @empty_54, i32 0, i32 0, void @empty_54, void @empty_54, void @empty_54, i32 0, i32 0, i32 0, i32 0, void @empty_54, void @empty_54, i32 4294967295, i32 0, i32 0"   --->   Operation 24 'specinterface' 'specinterface_ln0' <Predicate = true> <Delay = 0.00>
ST_1 : Operation 25 [1/1] (0.00ns)   --->   "%specinterface_ln0 = specinterface void @_ssdm_op_SpecInterface, i48 %outLayer1, void @empty_17, i32 0, i32 0, void @empty_54, i32 0, i32 0, void @empty_54, void @empty_54, void @empty_54, i32 0, i32 0, i32 0, i32 0, void @empty_54, void @empty_54, i32 4294967295, i32 0, i32 0"   --->   Operation 25 'specinterface' 'specinterface_ln0' <Predicate = true> <Delay = 0.00>
ST_1 : Operation 26 [1/1] (0.00ns)   --->   "%HwReg_layerScaleFactor_2_val43_readcast = zext i8 %HwReg_layerScaleFactor_2_val43_read" [/home/izaan/GitRepos/dpdma_exdes/vivado_quad_vmix/kv260_quad_vmix_dp.runs/bd_quad_vmix_dp_v_mix_0_0_synth_1/prj/sol/.autopilot/db/v_mix.cpp:449->/home/izaan/GitRepos/dpdma_exdes/vivado_quad_vmix/kv260_quad_vmix_dp.runs/bd_quad_vmix_dp_v_mix_0_0_synth_1/prj/sol/.autopilot/db/v_mix.cpp:787]   --->   Operation 26 'zext' 'HwReg_layerScaleFactor_2_val43_readcast' <Predicate = true> <Delay = 0.00>
ST_1 : Operation 27 [1/1] (0.90ns)   --->   "%shl_ln449 = shl i16 %HwReg_layerHeight_2_val_read, i16 %HwReg_layerScaleFactor_2_val43_readcast" [/home/izaan/GitRepos/dpdma_exdes/vivado_quad_vmix/kv260_quad_vmix_dp.runs/bd_quad_vmix_dp_v_mix_0_0_synth_1/prj/sol/.autopilot/db/v_mix.cpp:449->/home/izaan/GitRepos/dpdma_exdes/vivado_quad_vmix/kv260_quad_vmix_dp.runs/bd_quad_vmix_dp_v_mix_0_0_synth_1/prj/sol/.autopilot/db/v_mix.cpp:787]   --->   Operation 27 'shl' 'shl_ln449' <Predicate = true> <Delay = 0.90> <CoreInst = "Shifter">   --->   Core 75 'Shifter' <Latency = 0> <II = 1> <Delay = 0.90> <FuncUnit> <Opcode : 'shl' 'lshr' 'ashr'> <InPorts = 2> <OutPorts = 1>
ST_1 : Operation 28 [1/1] (0.00ns)   --->   "%HwReg_layerScaleFactor_2_val43_readcast14 = zext i8 %HwReg_layerScaleFactor_2_val43_read" [/home/izaan/GitRepos/dpdma_exdes/vivado_quad_vmix/kv260_quad_vmix_dp.runs/bd_quad_vmix_dp_v_mix_0_0_synth_1/prj/sol/.autopilot/db/v_mix.cpp:450->/home/izaan/GitRepos/dpdma_exdes/vivado_quad_vmix/kv260_quad_vmix_dp.runs/bd_quad_vmix_dp_v_mix_0_0_synth_1/prj/sol/.autopilot/db/v_mix.cpp:787]   --->   Operation 28 'zext' 'HwReg_layerScaleFactor_2_val43_readcast14' <Predicate = true> <Delay = 0.00>
ST_1 : Operation 29 [1/1] (0.90ns)   --->   "%shl_ln450 = shl i16 %HwReg_layerWidth_2_val_read, i16 %HwReg_layerScaleFactor_2_val43_readcast14" [/home/izaan/GitRepos/dpdma_exdes/vivado_quad_vmix/kv260_quad_vmix_dp.runs/bd_quad_vmix_dp_v_mix_0_0_synth_1/prj/sol/.autopilot/db/v_mix.cpp:450->/home/izaan/GitRepos/dpdma_exdes/vivado_quad_vmix/kv260_quad_vmix_dp.runs/bd_quad_vmix_dp_v_mix_0_0_synth_1/prj/sol/.autopilot/db/v_mix.cpp:787]   --->   Operation 29 'shl' 'shl_ln450' <Predicate = true> <Delay = 0.90> <CoreInst = "Shifter">   --->   Core 75 'Shifter' <Latency = 0> <II = 1> <Delay = 0.90> <FuncUnit> <Opcode : 'shl' 'lshr' 'ashr'> <InPorts = 2> <OutPorts = 1>
ST_1 : Operation 30 [1/1] (0.00ns)   --->   "%div_cast_i = partselect i11 @_ssdm_op_PartSelect.i11.i12.i32.i32, i12 %HwReg_width_val_read, i32 1, i32 11"   --->   Operation 30 'partselect' 'div_cast_i' <Predicate = true> <Delay = 0.00>
ST_1 : Operation 31 [1/1] (0.00ns)   --->   "%hwReg_layerStartY_2_val_cast_i = zext i16 %layerStartY"   --->   Operation 31 'zext' 'hwReg_layerStartY_2_val_cast_i' <Predicate = true> <Delay = 0.00>
ST_1 : Operation 32 [1/1] (0.00ns)   --->   "%layerHeight_cast_i = zext i16 %shl_ln449" [/home/izaan/GitRepos/dpdma_exdes/vivado_quad_vmix/kv260_quad_vmix_dp.runs/bd_quad_vmix_dp_v_mix_0_0_synth_1/prj/sol/.autopilot/db/v_mix.cpp:449->/home/izaan/GitRepos/dpdma_exdes/vivado_quad_vmix/kv260_quad_vmix_dp.runs/bd_quad_vmix_dp_v_mix_0_0_synth_1/prj/sol/.autopilot/db/v_mix.cpp:787]   --->   Operation 32 'zext' 'layerHeight_cast_i' <Predicate = true> <Delay = 0.00>
ST_1 : Operation 33 [1/1] (0.85ns)   --->   "%add60_i = add i17 %layerHeight_cast_i, i17 %hwReg_layerStartY_2_val_cast_i" [/home/izaan/GitRepos/dpdma_exdes/vivado_quad_vmix/kv260_quad_vmix_dp.runs/bd_quad_vmix_dp_v_mix_0_0_synth_1/prj/sol/.autopilot/db/v_mix.cpp:449->/home/izaan/GitRepos/dpdma_exdes/vivado_quad_vmix/kv260_quad_vmix_dp.runs/bd_quad_vmix_dp_v_mix_0_0_synth_1/prj/sol/.autopilot/db/v_mix.cpp:787]   --->   Operation 33 'add' 'add60_i' <Predicate = true> <Delay = 0.85> <CoreInst = "Adder">   --->   Core 1 'Adder' <Latency = 0> <II = 1> <Delay = 0.85> <FuncUnit> <Opcode : 'add' 'sub'> <InPorts = 2> <OutPorts = 1>
ST_1 : Operation 34 [1/1] (0.00ns)   --->   "%hwReg_layerStartX_2_val_cast_i = zext i16 %layerStartX"   --->   Operation 34 'zext' 'hwReg_layerStartX_2_val_cast_i' <Predicate = true> <Delay = 0.00>
ST_1 : Operation 35 [1/1] (0.00ns)   --->   "%div65_cast_i = partselect i15 @_ssdm_op_PartSelect.i15.i16.i32.i32, i16 %layerStartX, i32 1, i32 15"   --->   Operation 35 'partselect' 'div65_cast_i' <Predicate = true> <Delay = 0.00>
ST_1 : Operation 36 [1/1] (0.00ns)   --->   "%layerWidth_cast_i = zext i16 %shl_ln450" [/home/izaan/GitRepos/dpdma_exdes/vivado_quad_vmix/kv260_quad_vmix_dp.runs/bd_quad_vmix_dp_v_mix_0_0_synth_1/prj/sol/.autopilot/db/v_mix.cpp:450->/home/izaan/GitRepos/dpdma_exdes/vivado_quad_vmix/kv260_quad_vmix_dp.runs/bd_quad_vmix_dp_v_mix_0_0_synth_1/prj/sol/.autopilot/db/v_mix.cpp:787]   --->   Operation 36 'zext' 'layerWidth_cast_i' <Predicate = true> <Delay = 0.00>
ST_1 : Operation 37 [1/1] (0.85ns)   --->   "%add71_i = add i17 %layerWidth_cast_i, i17 %hwReg_layerStartX_2_val_cast_i" [/home/izaan/GitRepos/dpdma_exdes/vivado_quad_vmix/kv260_quad_vmix_dp.runs/bd_quad_vmix_dp_v_mix_0_0_synth_1/prj/sol/.autopilot/db/v_mix.cpp:450->/home/izaan/GitRepos/dpdma_exdes/vivado_quad_vmix/kv260_quad_vmix_dp.runs/bd_quad_vmix_dp_v_mix_0_0_synth_1/prj/sol/.autopilot/db/v_mix.cpp:787]   --->   Operation 37 'add' 'add71_i' <Predicate = true> <Delay = 0.85> <CoreInst = "Adder">   --->   Core 1 'Adder' <Latency = 0> <II = 1> <Delay = 0.85> <FuncUnit> <Opcode : 'add' 'sub'> <InPorts = 2> <OutPorts = 1>
ST_1 : Operation 38 [1/1] (0.00ns)   --->   "%div72_cast_i = partselect i16 @_ssdm_op_PartSelect.i16.i17.i32.i32, i17 %add71_i, i32 1, i32 16" [/home/izaan/GitRepos/dpdma_exdes/vivado_quad_vmix/kv260_quad_vmix_dp.runs/bd_quad_vmix_dp_v_mix_0_0_synth_1/prj/sol/.autopilot/db/v_mix.cpp:450->/home/izaan/GitRepos/dpdma_exdes/vivado_quad_vmix/kv260_quad_vmix_dp.runs/bd_quad_vmix_dp_v_mix_0_0_synth_1/prj/sol/.autopilot/db/v_mix.cpp:787]   --->   Operation 38 'partselect' 'div72_cast_i' <Predicate = true> <Delay = 0.00>
ST_1 : Operation 39 [1/1] (0.00ns)   --->   "%tmp_8 = bitselect i1 @_ssdm_op_BitSelect.i1.i5.i32, i5 %HwReg_layerEnable_val25_read, i32 2"   --->   Operation 39 'bitselect' 'tmp_8' <Predicate = true> <Delay = 0.00>
ST_1 : Operation 40 [1/1] (0.42ns)   --->   "%store_ln440 = store i12 0, i12 %y" [/home/izaan/GitRepos/dpdma_exdes/vivado_quad_vmix/kv260_quad_vmix_dp.runs/bd_quad_vmix_dp_v_mix_0_0_synth_1/prj/sol/.autopilot/db/v_mix.cpp:440->/home/izaan/GitRepos/dpdma_exdes/vivado_quad_vmix/kv260_quad_vmix_dp.runs/bd_quad_vmix_dp_v_mix_0_0_synth_1/prj/sol/.autopilot/db/v_mix.cpp:787]   --->   Operation 40 'store' 'store_ln440' <Predicate = true> <Delay = 0.42>
ST_1 : Operation 41 [1/1] (0.00ns)   --->   "%br_ln463 = br void %VITIS_LOOP_465_3.i" [/home/izaan/GitRepos/dpdma_exdes/vivado_quad_vmix/kv260_quad_vmix_dp.runs/bd_quad_vmix_dp_v_mix_0_0_synth_1/prj/sol/.autopilot/db/v_mix.cpp:463->/home/izaan/GitRepos/dpdma_exdes/vivado_quad_vmix/kv260_quad_vmix_dp.runs/bd_quad_vmix_dp_v_mix_0_0_synth_1/prj/sol/.autopilot/db/v_mix.cpp:787]   --->   Operation 41 'br' 'br_ln463' <Predicate = true> <Delay = 0.00>

State 2 <SV = 1> <Delay = 2.36>
ST_2 : Operation 42 [1/1] (0.00ns)   --->   "%y_22 = load i12 %y" [/home/izaan/GitRepos/dpdma_exdes/vivado_quad_vmix/kv260_quad_vmix_dp.runs/bd_quad_vmix_dp_v_mix_0_0_synth_1/prj/sol/.autopilot/db/v_mix.cpp:463->/home/izaan/GitRepos/dpdma_exdes/vivado_quad_vmix/kv260_quad_vmix_dp.runs/bd_quad_vmix_dp_v_mix_0_0_synth_1/prj/sol/.autopilot/db/v_mix.cpp:787]   --->   Operation 42 'load' 'y_22' <Predicate = true> <Delay = 0.00>
ST_2 : Operation 43 [1/1] (0.80ns)   --->   "%icmp_ln463 = icmp_eq  i12 %y_22, i12 %HwReg_height_val_read" [/home/izaan/GitRepos/dpdma_exdes/vivado_quad_vmix/kv260_quad_vmix_dp.runs/bd_quad_vmix_dp_v_mix_0_0_synth_1/prj/sol/.autopilot/db/v_mix.cpp:463->/home/izaan/GitRepos/dpdma_exdes/vivado_quad_vmix/kv260_quad_vmix_dp.runs/bd_quad_vmix_dp_v_mix_0_0_synth_1/prj/sol/.autopilot/db/v_mix.cpp:787]   --->   Operation 43 'icmp' 'icmp_ln463' <Predicate = true> <Delay = 0.80> <CoreInst = "Cmp">   --->   Core 9 'Cmp' <Latency = 0> <II = 1> <Delay = 0.80> <FuncUnit> <Opcode : 'seteq' 'setne' 'setle' 'setge' 'setlt' 'setgt'> <InPorts = 2> <OutPorts = 1>
ST_2 : Operation 44 [1/1] (0.00ns)   --->   "%speclooptripcount_ln0 = speclooptripcount void @_ssdm_op_SpecLoopTripCount, i64 64, i64 2160, i64 0"   --->   Operation 44 'speclooptripcount' 'speclooptripcount_ln0' <Predicate = true> <Delay = 0.00>
ST_2 : Operation 45 [1/1] (0.80ns)   --->   "%add_ln463 = add i12 %y_22, i12 1" [/home/izaan/GitRepos/dpdma_exdes/vivado_quad_vmix/kv260_quad_vmix_dp.runs/bd_quad_vmix_dp_v_mix_0_0_synth_1/prj/sol/.autopilot/db/v_mix.cpp:463->/home/izaan/GitRepos/dpdma_exdes/vivado_quad_vmix/kv260_quad_vmix_dp.runs/bd_quad_vmix_dp_v_mix_0_0_synth_1/prj/sol/.autopilot/db/v_mix.cpp:787]   --->   Operation 45 'add' 'add_ln463' <Predicate = true> <Delay = 0.80> <CoreInst = "Adder">   --->   Core 1 'Adder' <Latency = 0> <II = 1> <Delay = 0.80> <FuncUnit> <Opcode : 'add' 'sub'> <InPorts = 2> <OutPorts = 1>
ST_2 : Operation 46 [1/1] (0.00ns)   --->   "%br_ln463 = br i1 %icmp_ln463, void %VITIS_LOOP_465_3.split.i, void %v_mix_core_alpha<false, false>.20.exit" [/home/izaan/GitRepos/dpdma_exdes/vivado_quad_vmix/kv260_quad_vmix_dp.runs/bd_quad_vmix_dp_v_mix_0_0_synth_1/prj/sol/.autopilot/db/v_mix.cpp:463->/home/izaan/GitRepos/dpdma_exdes/vivado_quad_vmix/kv260_quad_vmix_dp.runs/bd_quad_vmix_dp_v_mix_0_0_synth_1/prj/sol/.autopilot/db/v_mix.cpp:787]   --->   Operation 46 'br' 'br_ln463' <Predicate = true> <Delay = 0.00>
ST_2 : Operation 47 [1/1] (0.00ns)   --->   "%zext_ln463 = zext i12 %y_22" [/home/izaan/GitRepos/dpdma_exdes/vivado_quad_vmix/kv260_quad_vmix_dp.runs/bd_quad_vmix_dp_v_mix_0_0_synth_1/prj/sol/.autopilot/db/v_mix.cpp:463->/home/izaan/GitRepos/dpdma_exdes/vivado_quad_vmix/kv260_quad_vmix_dp.runs/bd_quad_vmix_dp_v_mix_0_0_synth_1/prj/sol/.autopilot/db/v_mix.cpp:787]   --->   Operation 47 'zext' 'zext_ln463' <Predicate = (!icmp_ln463)> <Delay = 0.00>
ST_2 : Operation 48 [1/1] (0.00ns)   --->   "%zext_ln463_3 = zext i12 %y_22" [/home/izaan/GitRepos/dpdma_exdes/vivado_quad_vmix/kv260_quad_vmix_dp.runs/bd_quad_vmix_dp_v_mix_0_0_synth_1/prj/sol/.autopilot/db/v_mix.cpp:463->/home/izaan/GitRepos/dpdma_exdes/vivado_quad_vmix/kv260_quad_vmix_dp.runs/bd_quad_vmix_dp_v_mix_0_0_synth_1/prj/sol/.autopilot/db/v_mix.cpp:787]   --->   Operation 48 'zext' 'zext_ln463_3' <Predicate = (!icmp_ln463)> <Delay = 0.00>
ST_2 : Operation 49 [1/1] (0.85ns)   --->   "%ult = icmp_ult  i16 %zext_ln463_3, i16 %layerStartY" [/home/izaan/GitRepos/dpdma_exdes/vivado_quad_vmix/kv260_quad_vmix_dp.runs/bd_quad_vmix_dp_v_mix_0_0_synth_1/prj/sol/.autopilot/db/v_mix.cpp:463->/home/izaan/GitRepos/dpdma_exdes/vivado_quad_vmix/kv260_quad_vmix_dp.runs/bd_quad_vmix_dp_v_mix_0_0_synth_1/prj/sol/.autopilot/db/v_mix.cpp:787]   --->   Operation 49 'icmp' 'ult' <Predicate = (!icmp_ln463)> <Delay = 0.85> <CoreInst = "Cmp">   --->   Core 9 'Cmp' <Latency = 0> <II = 1> <Delay = 0.85> <FuncUnit> <Opcode : 'seteq' 'setne' 'setle' 'setge' 'setlt' 'setgt'> <InPorts = 2> <OutPorts = 1>
ST_2 : Operation 50 [1/1] (0.28ns)   --->   "%rev13 = xor i1 %ult, i1 1" [/home/izaan/GitRepos/dpdma_exdes/vivado_quad_vmix/kv260_quad_vmix_dp.runs/bd_quad_vmix_dp_v_mix_0_0_synth_1/prj/sol/.autopilot/db/v_mix.cpp:463->/home/izaan/GitRepos/dpdma_exdes/vivado_quad_vmix/kv260_quad_vmix_dp.runs/bd_quad_vmix_dp_v_mix_0_0_synth_1/prj/sol/.autopilot/db/v_mix.cpp:787]   --->   Operation 50 'xor' 'rev13' <Predicate = (!icmp_ln463)> <Delay = 0.28> <CoreInst = "LogicGate">   --->   Core 74 'LogicGate' <Latency = 0> <II = 1> <Delay = 0.28> <FuncUnit> <Opcode : 'and' 'or' 'xor'> <InPorts = 2> <OutPorts = 1>
ST_2 : Operation 51 [1/1] (0.86ns)   --->   "%cmp61_i = icmp_ugt  i17 %add60_i, i17 %zext_ln463" [/home/izaan/GitRepos/dpdma_exdes/vivado_quad_vmix/kv260_quad_vmix_dp.runs/bd_quad_vmix_dp_v_mix_0_0_synth_1/prj/sol/.autopilot/db/v_mix.cpp:449->/home/izaan/GitRepos/dpdma_exdes/vivado_quad_vmix/kv260_quad_vmix_dp.runs/bd_quad_vmix_dp_v_mix_0_0_synth_1/prj/sol/.autopilot/db/v_mix.cpp:787]   --->   Operation 51 'icmp' 'cmp61_i' <Predicate = (!icmp_ln463)> <Delay = 0.86> <CoreInst = "Cmp">   --->   Core 9 'Cmp' <Latency = 0> <II = 1> <Delay = 0.86> <FuncUnit> <Opcode : 'seteq' 'setne' 'setle' 'setge' 'setlt' 'setgt'> <InPorts = 2> <OutPorts = 1>
ST_2 : Operation 52 [2/2] (1.22ns)   --->   "%call_ln450 = call void @v_mix_core_alpha<false, false>.20_Pipeline_VITIS_LOOP_465_3, i11 %div_cast_i, i48 %outLayer2, i48 %outLayer1, i15 %div65_cast_i, i16 %div72_cast_i, i1 %cmp61_i, i1 %rev13, i48 %srcLayer2x, i1 %tmp_8" [/home/izaan/GitRepos/dpdma_exdes/vivado_quad_vmix/kv260_quad_vmix_dp.runs/bd_quad_vmix_dp_v_mix_0_0_synth_1/prj/sol/.autopilot/db/v_mix.cpp:450->/home/izaan/GitRepos/dpdma_exdes/vivado_quad_vmix/kv260_quad_vmix_dp.runs/bd_quad_vmix_dp_v_mix_0_0_synth_1/prj/sol/.autopilot/db/v_mix.cpp:787]   --->   Operation 52 'call' 'call_ln450' <Predicate = (!icmp_ln463)> <Delay = 1.22> <CoreType = "Generic">   --->   Generic Core
ST_2 : Operation 53 [1/1] (0.42ns)   --->   "%store_ln440 = store i12 %add_ln463, i12 %y" [/home/izaan/GitRepos/dpdma_exdes/vivado_quad_vmix/kv260_quad_vmix_dp.runs/bd_quad_vmix_dp_v_mix_0_0_synth_1/prj/sol/.autopilot/db/v_mix.cpp:440->/home/izaan/GitRepos/dpdma_exdes/vivado_quad_vmix/kv260_quad_vmix_dp.runs/bd_quad_vmix_dp_v_mix_0_0_synth_1/prj/sol/.autopilot/db/v_mix.cpp:787]   --->   Operation 53 'store' 'store_ln440' <Predicate = (!icmp_ln463)> <Delay = 0.42>
ST_2 : Operation 54 [1/1] (0.00ns)   --->   "%ret_ln787 = ret" [/home/izaan/GitRepos/dpdma_exdes/vivado_quad_vmix/kv260_quad_vmix_dp.runs/bd_quad_vmix_dp_v_mix_0_0_synth_1/prj/sol/.autopilot/db/v_mix.cpp:787]   --->   Operation 54 'ret' 'ret_ln787' <Predicate = (icmp_ln463)> <Delay = 0.00>

State 3 <SV = 2> <Delay = 1.65>
ST_3 : Operation 55 [1/1] (0.00ns)   --->   "%specloopname_ln463 = specloopname void @_ssdm_op_SpecLoopName, void @empty_12" [/home/izaan/GitRepos/dpdma_exdes/vivado_quad_vmix/kv260_quad_vmix_dp.runs/bd_quad_vmix_dp_v_mix_0_0_synth_1/prj/sol/.autopilot/db/v_mix.cpp:463->/home/izaan/GitRepos/dpdma_exdes/vivado_quad_vmix/kv260_quad_vmix_dp.runs/bd_quad_vmix_dp_v_mix_0_0_synth_1/prj/sol/.autopilot/db/v_mix.cpp:787]   --->   Operation 55 'specloopname' 'specloopname_ln463' <Predicate = true> <Delay = 0.00>
ST_3 : Operation 56 [1/2] (1.65ns)   --->   "%call_ln450 = call void @v_mix_core_alpha<false, false>.20_Pipeline_VITIS_LOOP_465_3, i11 %div_cast_i, i48 %outLayer2, i48 %outLayer1, i15 %div65_cast_i, i16 %div72_cast_i, i1 %cmp61_i, i1 %rev13, i48 %srcLayer2x, i1 %tmp_8" [/home/izaan/GitRepos/dpdma_exdes/vivado_quad_vmix/kv260_quad_vmix_dp.runs/bd_quad_vmix_dp_v_mix_0_0_synth_1/prj/sol/.autopilot/db/v_mix.cpp:450->/home/izaan/GitRepos/dpdma_exdes/vivado_quad_vmix/kv260_quad_vmix_dp.runs/bd_quad_vmix_dp_v_mix_0_0_synth_1/prj/sol/.autopilot/db/v_mix.cpp:787]   --->   Operation 56 'call' 'call_ln450' <Predicate = true> <Delay = 1.65> <CoreType = "Generic">   --->   Generic Core
ST_3 : Operation 57 [1/1] (0.00ns)   --->   "%br_ln463 = br void %VITIS_LOOP_465_3.i" [/home/izaan/GitRepos/dpdma_exdes/vivado_quad_vmix/kv260_quad_vmix_dp.runs/bd_quad_vmix_dp_v_mix_0_0_synth_1/prj/sol/.autopilot/db/v_mix.cpp:463->/home/izaan/GitRepos/dpdma_exdes/vivado_quad_vmix/kv260_quad_vmix_dp.runs/bd_quad_vmix_dp_v_mix_0_0_synth_1/prj/sol/.autopilot/db/v_mix.cpp:787]   --->   Operation 57 'br' 'br_ln463' <Predicate = true> <Delay = 0.00>


============================================================
+ Verbose Summary: Binding
============================================================
STG Binding: 
---------------- STG Properties BEGIN ----------------
- Is combinational: 0
- Is one-state seq: 0
- Is datapath-only: 0
- Is pipelined: 0
- Is top level: 0
Port [ Return ] is wired: 1; IO mode=ap_ctrl_hs:ce=0
Port [ outLayer1]:  wired=1; compound=1; hidden=0; nouse=0; global=0; static=0; extern=0; dir=0; type=3; pingpong=0; private_global=0; IO mode=ap_fifo:ce=0
Port [ srcLayer2x]:  wired=1; compound=1; hidden=0; nouse=0; global=0; static=0; extern=0; dir=0; type=3; pingpong=0; private_global=0; IO mode=ap_fifo:ce=0
Port [ HwReg_width_val]:  wired=1; compound=0; hidden=0; nouse=0; global=0; static=0; extern=0; dir=0; type=0; pingpong=0; private_global=0; IO mode=ap_stable:ce=0
Port [ HwReg_height_val]:  wired=1; compound=0; hidden=0; nouse=0; global=0; static=0; extern=0; dir=0; type=0; pingpong=0; private_global=0; IO mode=ap_stable:ce=0
Port [ HwReg_layerEnable_val25]:  wired=1; compound=1; hidden=0; nouse=0; global=0; static=0; extern=0; dir=0; type=3; pingpong=0; private_global=0; IO mode=ap_fifo:ce=0
Port [ HwReg_layerStartX_2_val27]:  wired=1; compound=1; hidden=0; nouse=0; global=0; static=0; extern=0; dir=0; type=3; pingpong=0; private_global=0; IO mode=ap_fifo:ce=0
Port [ HwReg_layerStartY_2_val31]:  wired=1; compound=1; hidden=0; nouse=0; global=0; static=0; extern=0; dir=0; type=3; pingpong=0; private_global=0; IO mode=ap_fifo:ce=0
Port [ HwReg_layerWidth_2_val]:  wired=1; compound=1; hidden=0; nouse=0; global=0; static=0; extern=0; dir=0; type=3; pingpong=0; private_global=0; IO mode=ap_fifo:ce=0
Port [ HwReg_layerHeight_2_val]:  wired=1; compound=1; hidden=0; nouse=0; global=0; static=0; extern=0; dir=0; type=3; pingpong=0; private_global=0; IO mode=ap_fifo:ce=0
Port [ HwReg_layerScaleFactor_2_val43]:  wired=1; compound=1; hidden=0; nouse=0; global=0; static=0; extern=0; dir=0; type=3; pingpong=0; private_global=0; IO mode=ap_fifo:ce=0
Port [ outLayer2]:  wired=1; compound=1; hidden=0; nouse=0; global=0; static=0; extern=0; dir=1; type=3; pingpong=0; private_global=0; IO mode=ap_fifo:ce=0
Port [ HwReg_layerEnable_val25_c22]:  wired=1; compound=1; hidden=0; nouse=0; global=0; static=0; extern=0; dir=1; type=3; pingpong=0; private_global=0; IO mode=ap_fifo:ce=0
---------------- STG Properties END ------------------

---------------- Datapath Model BEGIN ----------------

<LifeTime>
<method=bitvector/>
y                                         (alloca           ) [ 0111]
specinterface_ln0                         (specinterface    ) [ 0000]
HwReg_height_val_read                     (read             ) [ 0011]
HwReg_width_val_read                      (read             ) [ 0000]
HwReg_layerScaleFactor_2_val43_read       (read             ) [ 0000]
specinterface_ln0                         (specinterface    ) [ 0000]
HwReg_layerHeight_2_val_read              (read             ) [ 0000]
specinterface_ln0                         (specinterface    ) [ 0000]
HwReg_layerWidth_2_val_read               (read             ) [ 0000]
specinterface_ln0                         (specinterface    ) [ 0000]
layerStartY                               (read             ) [ 0011]
specinterface_ln0                         (specinterface    ) [ 0000]
layerStartX                               (read             ) [ 0000]
specinterface_ln0                         (specinterface    ) [ 0000]
HwReg_layerEnable_val25_read              (read             ) [ 0000]
specinterface_ln0                         (specinterface    ) [ 0000]
write_ln445                               (write            ) [ 0000]
specstablecontent_ln0                     (specstablecontent) [ 0000]
specstablecontent_ln0                     (specstablecontent) [ 0000]
specinterface_ln0                         (specinterface    ) [ 0000]
specinterface_ln0                         (specinterface    ) [ 0000]
specinterface_ln0                         (specinterface    ) [ 0000]
HwReg_layerScaleFactor_2_val43_readcast   (zext             ) [ 0000]
shl_ln449                                 (shl              ) [ 0000]
HwReg_layerScaleFactor_2_val43_readcast14 (zext             ) [ 0000]
shl_ln450                                 (shl              ) [ 0000]
div_cast_i                                (partselect       ) [ 0011]
hwReg_layerStartY_2_val_cast_i            (zext             ) [ 0000]
layerHeight_cast_i                        (zext             ) [ 0000]
add60_i                                   (add              ) [ 0011]
hwReg_layerStartX_2_val_cast_i            (zext             ) [ 0000]
div65_cast_i                              (partselect       ) [ 0011]
layerWidth_cast_i                         (zext             ) [ 0000]
add71_i                                   (add              ) [ 0000]
div72_cast_i                              (partselect       ) [ 0011]
tmp_8                                     (bitselect        ) [ 0011]
store_ln440                               (store            ) [ 0000]
br_ln463                                  (br               ) [ 0000]
y_22                                      (load             ) [ 0000]
icmp_ln463                                (icmp             ) [ 0011]
speclooptripcount_ln0                     (speclooptripcount) [ 0000]
add_ln463                                 (add              ) [ 0000]
br_ln463                                  (br               ) [ 0000]
zext_ln463                                (zext             ) [ 0000]
zext_ln463_3                              (zext             ) [ 0000]
ult                                       (icmp             ) [ 0000]
rev13                                     (xor              ) [ 0001]
cmp61_i                                   (icmp             ) [ 0001]
store_ln440                               (store            ) [ 0000]
ret_ln787                                 (ret              ) [ 0000]
specloopname_ln463                        (specloopname     ) [ 0000]
call_ln450                                (call             ) [ 0000]
br_ln463                                  (br               ) [ 0000]
</LifeTime>

<model>

<comp_list>
<comp id="0" class="1000" name="outLayer1">
<pin_list>
<pin id="1" dir="1" index="0" bw="1" slack="0"/>
</pin_list>
<bind>
<StgValue><ssdm name="outLayer1"/></StgValue>
</bind>
</comp>

<comp id="2" class="1000" name="srcLayer2x">
<pin_list>
<pin id="3" dir="1" index="0" bw="1" slack="0"/>
</pin_list>
<bind>
<StgValue><ssdm name="srcLayer2x"/></StgValue>
</bind>
</comp>

<comp id="4" class="1000" name="HwReg_width_val">
<pin_list>
<pin id="5" dir="1" index="0" bw="1" slack="0"/>
</pin_list>
<bind>
<StgValue><ssdm name="HwReg_width_val"/></StgValue>
</bind>
</comp>

<comp id="6" class="1000" name="HwReg_height_val">
<pin_list>
<pin id="7" dir="1" index="0" bw="1" slack="0"/>
</pin_list>
<bind>
<StgValue><ssdm name="HwReg_height_val"/></StgValue>
</bind>
</comp>

<comp id="8" class="1000" name="HwReg_layerEnable_val25">
<pin_list>
<pin id="9" dir="1" index="0" bw="1" slack="0"/>
</pin_list>
<bind>
<StgValue><ssdm name="HwReg_layerEnable_val25"/></StgValue>
</bind>
</comp>

<comp id="10" class="1000" name="HwReg_layerStartX_2_val27">
<pin_list>
<pin id="11" dir="1" index="0" bw="1" slack="0"/>
</pin_list>
<bind>
<StgValue><ssdm name="HwReg_layerStartX_2_val27"/></StgValue>
</bind>
</comp>

<comp id="12" class="1000" name="HwReg_layerStartY_2_val31">
<pin_list>
<pin id="13" dir="1" index="0" bw="1" slack="0"/>
</pin_list>
<bind>
<StgValue><ssdm name="HwReg_layerStartY_2_val31"/></StgValue>
</bind>
</comp>

<comp id="14" class="1000" name="HwReg_layerWidth_2_val">
<pin_list>
<pin id="15" dir="1" index="0" bw="1" slack="0"/>
</pin_list>
<bind>
<StgValue><ssdm name="HwReg_layerWidth_2_val"/></StgValue>
</bind>
</comp>

<comp id="16" class="1000" name="HwReg_layerHeight_2_val">
<pin_list>
<pin id="17" dir="1" index="0" bw="1" slack="0"/>
</pin_list>
<bind>
<StgValue><ssdm name="HwReg_layerHeight_2_val"/></StgValue>
</bind>
</comp>

<comp id="18" class="1000" name="HwReg_layerScaleFactor_2_val43">
<pin_list>
<pin id="19" dir="1" index="0" bw="1" slack="0"/>
</pin_list>
<bind>
<StgValue><ssdm name="HwReg_layerScaleFactor_2_val43"/></StgValue>
</bind>
</comp>

<comp id="20" class="1000" name="outLayer2">
<pin_list>
<pin id="21" dir="1" index="0" bw="1" slack="0"/>
</pin_list>
<bind>
<StgValue><ssdm name="outLayer2"/></StgValue>
</bind>
</comp>

<comp id="22" class="1000" name="HwReg_layerEnable_val25_c22">
<pin_list>
<pin id="23" dir="1" index="0" bw="1" slack="0"/>
</pin_list>
<bind>
<StgValue><ssdm name="HwReg_layerEnable_val25_c22"/></StgValue>
</bind>
</comp>

<comp id="24" class="1001" name="const_24">
<pin_list>
<pin id="25" dir="1" index="0" bw="1" slack="0"/>
</pin_list>
<bind>
<StgValue><ssdm name=""/></StgValue>
</bind>
</comp>

<comp id="26" class="1001" name="const_26">
<pin_list>
<pin id="27" dir="1" index="0" bw="1" slack="2147483647"/>
</pin_list>
<bind>
<StgValue><ssdm name="_ssdm_op_SpecInterface"/></StgValue>
</bind>
</comp>

<comp id="28" class="1001" name="const_28">
<pin_list>
<pin id="29" dir="1" index="0" bw="1" slack="2147483647"/>
</pin_list>
<bind>
<StgValue><ssdm name="ap_fifo_str"/></StgValue>
</bind>
</comp>

<comp id="30" class="1001" name="const_30">
<pin_list>
<pin id="31" dir="1" index="0" bw="1" slack="2147483647"/>
</pin_list>
<bind>
<StgValue><ssdm name=""/></StgValue>
</bind>
</comp>

<comp id="32" class="1001" name="const_32">
<pin_list>
<pin id="33" dir="1" index="0" bw="1" slack="2147483647"/>
</pin_list>
<bind>
<StgValue><ssdm name="p_str"/></StgValue>
</bind>
</comp>

<comp id="34" class="1001" name="const_34">
<pin_list>
<pin id="35" dir="1" index="0" bw="1" slack="0"/>
</pin_list>
<bind>
<StgValue><ssdm name=""/></StgValue>
</bind>
</comp>

<comp id="36" class="1001" name="const_36">
<pin_list>
<pin id="37" dir="1" index="0" bw="1" slack="0"/>
</pin_list>
<bind>
<StgValue><ssdm name=""/></StgValue>
</bind>
</comp>

<comp id="38" class="1001" name="const_38">
<pin_list>
<pin id="39" dir="1" index="0" bw="1" slack="2147483647"/>
</pin_list>
<bind>
<StgValue><ssdm name="ScalarProp_str"/></StgValue>
</bind>
</comp>

<comp id="40" class="1001" name="const_40">
<pin_list>
<pin id="41" dir="1" index="0" bw="1" slack="2147483647"/>
</pin_list>
<bind>
<StgValue><ssdm name=""/></StgValue>
</bind>
</comp>

<comp id="42" class="1001" name="const_42">
<pin_list>
<pin id="43" dir="1" index="0" bw="1" slack="0"/>
</pin_list>
<bind>
<StgValue><ssdm name="_ssdm_op_Read.ap_auto.i12"/></StgValue>
</bind>
</comp>

<comp id="44" class="1001" name="const_44">
<pin_list>
<pin id="45" dir="1" index="0" bw="1" slack="0"/>
</pin_list>
<bind>
<StgValue><ssdm name="_ssdm_op_Read.ap_fifo.i8P0A"/></StgValue>
</bind>
</comp>

<comp id="46" class="1001" name="const_46">
<pin_list>
<pin id="47" dir="1" index="0" bw="1" slack="0"/>
</pin_list>
<bind>
<StgValue><ssdm name="_ssdm_op_Read.ap_fifo.i16P0A"/></StgValue>
</bind>
</comp>

<comp id="48" class="1001" name="const_48">
<pin_list>
<pin id="49" dir="1" index="0" bw="1" slack="0"/>
</pin_list>
<bind>
<StgValue><ssdm name="_ssdm_op_Read.ap_fifo.i5P0A"/></StgValue>
</bind>
</comp>

<comp id="50" class="1001" name="const_50">
<pin_list>
<pin id="51" dir="1" index="0" bw="1" slack="0"/>
</pin_list>
<bind>
<StgValue><ssdm name="_ssdm_op_Write.ap_fifo.i5P0A"/></StgValue>
</bind>
</comp>

<comp id="52" class="1001" name="const_52">
<pin_list>
<pin id="53" dir="1" index="0" bw="1" slack="2147483647"/>
</pin_list>
<bind>
<StgValue><ssdm name="_ssdm_op_SpecStableContent"/></StgValue>
</bind>
</comp>

<comp id="54" class="1001" name="const_54">
<pin_list>
<pin id="55" dir="1" index="0" bw="1" slack="2147483647"/>
</pin_list>
<bind>
<StgValue><ssdm name=""/></StgValue>
</bind>
</comp>

<comp id="56" class="1001" name="const_56">
<pin_list>
<pin id="57" dir="1" index="0" bw="1" slack="2147483647"/>
</pin_list>
<bind>
<StgValue><ssdm name="empty_17"/></StgValue>
</bind>
</comp>

<comp id="58" class="1001" name="const_58">
<pin_list>
<pin id="59" dir="1" index="0" bw="1" slack="2147483647"/>
</pin_list>
<bind>
<StgValue><ssdm name="empty_54"/></StgValue>
</bind>
</comp>

<comp id="60" class="1001" name="const_60">
<pin_list>
<pin id="61" dir="1" index="0" bw="1" slack="0"/>
</pin_list>
<bind>
<StgValue><ssdm name="_ssdm_op_PartSelect.i11.i12.i32.i32"/></StgValue>
</bind>
</comp>

<comp id="62" class="1001" name="const_62">
<pin_list>
<pin id="63" dir="1" index="0" bw="1" slack="0"/>
</pin_list>
<bind>
<StgValue><ssdm name=""/></StgValue>
</bind>
</comp>

<comp id="64" class="1001" name="const_64">
<pin_list>
<pin id="65" dir="1" index="0" bw="1" slack="0"/>
</pin_list>
<bind>
<StgValue><ssdm name="_ssdm_op_PartSelect.i15.i16.i32.i32"/></StgValue>
</bind>
</comp>

<comp id="66" class="1001" name="const_66">
<pin_list>
<pin id="67" dir="1" index="0" bw="1" slack="0"/>
</pin_list>
<bind>
<StgValue><ssdm name=""/></StgValue>
</bind>
</comp>

<comp id="68" class="1001" name="const_68">
<pin_list>
<pin id="69" dir="1" index="0" bw="1" slack="0"/>
</pin_list>
<bind>
<StgValue><ssdm name="_ssdm_op_PartSelect.i16.i17.i32.i32"/></StgValue>
</bind>
</comp>

<comp id="70" class="1001" name="const_70">
<pin_list>
<pin id="71" dir="1" index="0" bw="1" slack="0"/>
</pin_list>
<bind>
<StgValue><ssdm name="_ssdm_op_BitSelect.i1.i5.i32"/></StgValue>
</bind>
</comp>

<comp id="72" class="1001" name="const_72">
<pin_list>
<pin id="73" dir="1" index="0" bw="1" slack="0"/>
</pin_list>
<bind>
<StgValue><ssdm name=""/></StgValue>
</bind>
</comp>

<comp id="74" class="1001" name="const_74">
<pin_list>
<pin id="75" dir="1" index="0" bw="1" slack="2147483647"/>
</pin_list>
<bind>
<StgValue><ssdm name="_ssdm_op_SpecLoopTripCount"/></StgValue>
</bind>
</comp>

<comp id="76" class="1001" name="const_76">
<pin_list>
<pin id="77" dir="1" index="0" bw="1" slack="2147483647"/>
</pin_list>
<bind>
<StgValue><ssdm name=""/></StgValue>
</bind>
</comp>

<comp id="78" class="1001" name="const_78">
<pin_list>
<pin id="79" dir="1" index="0" bw="1" slack="2147483647"/>
</pin_list>
<bind>
<StgValue><ssdm name=""/></StgValue>
</bind>
</comp>

<comp id="80" class="1001" name="const_80">
<pin_list>
<pin id="81" dir="1" index="0" bw="1" slack="2147483647"/>
</pin_list>
<bind>
<StgValue><ssdm name=""/></StgValue>
</bind>
</comp>

<comp id="82" class="1001" name="const_82">
<pin_list>
<pin id="83" dir="1" index="0" bw="1" slack="0"/>
</pin_list>
<bind>
<StgValue><ssdm name=""/></StgValue>
</bind>
</comp>

<comp id="84" class="1001" name="const_84">
<pin_list>
<pin id="85" dir="1" index="0" bw="1" slack="0"/>
</pin_list>
<bind>
<StgValue><ssdm name=""/></StgValue>
</bind>
</comp>

<comp id="86" class="1001" name="const_86">
<pin_list>
<pin id="87" dir="1" index="0" bw="1" slack="0"/>
</pin_list>
<bind>
<StgValue><ssdm name="v_mix_core_alpha<false, false>.20_Pipeline_VITIS_LOOP_465_3"/></StgValue>
</bind>
</comp>

<comp id="88" class="1001" name="const_88">
<pin_list>
<pin id="89" dir="1" index="0" bw="1" slack="2147483647"/>
</pin_list>
<bind>
<StgValue><ssdm name="_ssdm_op_SpecLoopName"/></StgValue>
</bind>
</comp>

<comp id="90" class="1001" name="const_90">
<pin_list>
<pin id="91" dir="1" index="0" bw="1" slack="2147483647"/>
</pin_list>
<bind>
<StgValue><ssdm name="empty_12"/></StgValue>
</bind>
</comp>

<comp id="92" class="1004" name="y_fu_92">
<pin_list>
<pin id="93" dir="0" index="0" bw="1" slack="0"/>
<pin id="94" dir="1" index="1" bw="12" slack="0"/>
</pin_list>
<bind>
<opcode="alloca(26) " fcode="alloca"/>
<opset="y/1 "/>
</bind>
</comp>

<comp id="96" class="1004" name="HwReg_height_val_read_read_fu_96">
<pin_list>
<pin id="97" dir="0" index="0" bw="12" slack="0"/>
<pin id="98" dir="0" index="1" bw="12" slack="0"/>
<pin id="99" dir="1" index="2" bw="12" slack="1"/>
</pin_list>
<bind>
<opcode="read(1150) " fcode="read"/>
<opset="HwReg_height_val_read/1 "/>
</bind>
</comp>

<comp id="102" class="1004" name="HwReg_width_val_read_read_fu_102">
<pin_list>
<pin id="103" dir="0" index="0" bw="12" slack="0"/>
<pin id="104" dir="0" index="1" bw="12" slack="0"/>
<pin id="105" dir="1" index="2" bw="12" slack="0"/>
</pin_list>
<bind>
<opcode="read(1150) " fcode="read"/>
<opset="HwReg_width_val_read/1 "/>
</bind>
</comp>

<comp id="108" class="1004" name="HwReg_layerScaleFactor_2_val43_read_read_fu_108">
<pin_list>
<pin id="109" dir="0" index="0" bw="8" slack="0"/>
<pin id="110" dir="0" index="1" bw="8" slack="0"/>
<pin id="111" dir="1" index="2" bw="8" slack="0"/>
</pin_list>
<bind>
<opcode="read(1150) " fcode="read"/>
<opset="HwReg_layerScaleFactor_2_val43_read/1 "/>
</bind>
</comp>

<comp id="114" class="1004" name="HwReg_layerHeight_2_val_read_read_fu_114">
<pin_list>
<pin id="115" dir="0" index="0" bw="16" slack="0"/>
<pin id="116" dir="0" index="1" bw="16" slack="0"/>
<pin id="117" dir="1" index="2" bw="16" slack="0"/>
</pin_list>
<bind>
<opcode="read(1150) " fcode="read"/>
<opset="HwReg_layerHeight_2_val_read/1 "/>
</bind>
</comp>

<comp id="120" class="1004" name="HwReg_layerWidth_2_val_read_read_fu_120">
<pin_list>
<pin id="121" dir="0" index="0" bw="16" slack="0"/>
<pin id="122" dir="0" index="1" bw="16" slack="0"/>
<pin id="123" dir="1" index="2" bw="16" slack="0"/>
</pin_list>
<bind>
<opcode="read(1150) " fcode="read"/>
<opset="HwReg_layerWidth_2_val_read/1 "/>
</bind>
</comp>

<comp id="126" class="1004" name="layerStartY_read_fu_126">
<pin_list>
<pin id="127" dir="0" index="0" bw="16" slack="0"/>
<pin id="128" dir="0" index="1" bw="16" slack="0"/>
<pin id="129" dir="1" index="2" bw="16" slack="0"/>
</pin_list>
<bind>
<opcode="read(1150) " fcode="read"/>
<opset="layerStartY/1 "/>
</bind>
</comp>

<comp id="132" class="1004" name="layerStartX_read_fu_132">
<pin_list>
<pin id="133" dir="0" index="0" bw="16" slack="0"/>
<pin id="134" dir="0" index="1" bw="16" slack="0"/>
<pin id="135" dir="1" index="2" bw="16" slack="0"/>
</pin_list>
<bind>
<opcode="read(1150) " fcode="read"/>
<opset="layerStartX/1 "/>
</bind>
</comp>

<comp id="138" class="1004" name="HwReg_layerEnable_val25_read_read_fu_138">
<pin_list>
<pin id="139" dir="0" index="0" bw="5" slack="0"/>
<pin id="140" dir="0" index="1" bw="5" slack="0"/>
<pin id="141" dir="1" index="2" bw="5" slack="0"/>
</pin_list>
<bind>
<opcode="read(1150) " fcode="read"/>
<opset="HwReg_layerEnable_val25_read/1 "/>
</bind>
</comp>

<comp id="144" class="1004" name="write_ln445_write_fu_144">
<pin_list>
<pin id="145" dir="0" index="0" bw="0" slack="0"/>
<pin id="146" dir="0" index="1" bw="5" slack="0"/>
<pin id="147" dir="0" index="2" bw="5" slack="0"/>
<pin id="148" dir="1" index="3" bw="0" slack="2147483647"/>
</pin_list>
<bind>
<opcode="write(1151) " fcode="write"/>
<opset="write_ln445/1 "/>
</bind>
</comp>

<comp id="152" class="1004" name="grp_v_mix_core_alpha_false_false_20_Pipeline_VITIS_LOOP_465_3_fu_152">
<pin_list>
<pin id="153" dir="0" index="0" bw="0" slack="0"/>
<pin id="154" dir="0" index="1" bw="11" slack="1"/>
<pin id="155" dir="0" index="2" bw="48" slack="0"/>
<pin id="156" dir="0" index="3" bw="48" slack="0"/>
<pin id="157" dir="0" index="4" bw="15" slack="1"/>
<pin id="158" dir="0" index="5" bw="16" slack="1"/>
<pin id="159" dir="0" index="6" bw="1" slack="0"/>
<pin id="160" dir="0" index="7" bw="1" slack="0"/>
<pin id="161" dir="0" index="8" bw="48" slack="0"/>
<pin id="162" dir="0" index="9" bw="1" slack="1"/>
<pin id="163" dir="1" index="10" bw="0" slack="2147483647"/>
</pin_list>
<bind>
<opcode="call(48) " fcode="call"/>
<opset="call_ln450/2 "/>
</bind>
</comp>

<comp id="168" class="1004" name="HwReg_layerScaleFactor_2_val43_readcast_fu_168">
<pin_list>
<pin id="169" dir="0" index="0" bw="8" slack="0"/>
<pin id="170" dir="1" index="1" bw="16" slack="0"/>
</pin_list>
<bind>
<opcode="zext(34) " fcode="zext"/>
<opset="HwReg_layerScaleFactor_2_val43_readcast/1 "/>
</bind>
</comp>

<comp id="172" class="1004" name="shl_ln449_fu_172">
<pin_list>
<pin id="173" dir="0" index="0" bw="16" slack="0"/>
<pin id="174" dir="0" index="1" bw="8" slack="0"/>
<pin id="175" dir="1" index="2" bw="16" slack="0"/>
</pin_list>
<bind>
<opcode="shl(20) " fcode="shl"/>
<opset="shl_ln449/1 "/>
</bind>
</comp>

<comp id="178" class="1004" name="HwReg_layerScaleFactor_2_val43_readcast14_fu_178">
<pin_list>
<pin id="179" dir="0" index="0" bw="8" slack="0"/>
<pin id="180" dir="1" index="1" bw="16" slack="0"/>
</pin_list>
<bind>
<opcode="zext(34) " fcode="zext"/>
<opset="HwReg_layerScaleFactor_2_val43_readcast14/1 "/>
</bind>
</comp>

<comp id="182" class="1004" name="shl_ln450_fu_182">
<pin_list>
<pin id="183" dir="0" index="0" bw="16" slack="0"/>
<pin id="184" dir="0" index="1" bw="8" slack="0"/>
<pin id="185" dir="1" index="2" bw="16" slack="0"/>
</pin_list>
<bind>
<opcode="shl(20) " fcode="shl"/>
<opset="shl_ln450/1 "/>
</bind>
</comp>

<comp id="188" class="1004" name="div_cast_i_fu_188">
<pin_list>
<pin id="189" dir="0" index="0" bw="11" slack="0"/>
<pin id="190" dir="0" index="1" bw="12" slack="0"/>
<pin id="191" dir="0" index="2" bw="1" slack="0"/>
<pin id="192" dir="0" index="3" bw="5" slack="0"/>
<pin id="193" dir="1" index="4" bw="11" slack="1"/>
</pin_list>
<bind>
<opcode="partselect(1002) " fcode="partselect"/>
<opset="div_cast_i/1 "/>
</bind>
</comp>

<comp id="198" class="1004" name="hwReg_layerStartY_2_val_cast_i_fu_198">
<pin_list>
<pin id="199" dir="0" index="0" bw="16" slack="0"/>
<pin id="200" dir="1" index="1" bw="17" slack="0"/>
</pin_list>
<bind>
<opcode="zext(34) " fcode="zext"/>
<opset="hwReg_layerStartY_2_val_cast_i/1 "/>
</bind>
</comp>

<comp id="202" class="1004" name="layerHeight_cast_i_fu_202">
<pin_list>
<pin id="203" dir="0" index="0" bw="16" slack="0"/>
<pin id="204" dir="1" index="1" bw="17" slack="0"/>
</pin_list>
<bind>
<opcode="zext(34) " fcode="zext"/>
<opset="layerHeight_cast_i/1 "/>
</bind>
</comp>

<comp id="206" class="1004" name="add60_i_fu_206">
<pin_list>
<pin id="207" dir="0" index="0" bw="16" slack="0"/>
<pin id="208" dir="0" index="1" bw="16" slack="0"/>
<pin id="209" dir="1" index="2" bw="17" slack="1"/>
</pin_list>
<bind>
<opcode="add(8) " fcode="add"/>
<opset="add60_i/1 "/>
</bind>
</comp>

<comp id="212" class="1004" name="hwReg_layerStartX_2_val_cast_i_fu_212">
<pin_list>
<pin id="213" dir="0" index="0" bw="16" slack="0"/>
<pin id="214" dir="1" index="1" bw="17" slack="0"/>
</pin_list>
<bind>
<opcode="zext(34) " fcode="zext"/>
<opset="hwReg_layerStartX_2_val_cast_i/1 "/>
</bind>
</comp>

<comp id="216" class="1004" name="div65_cast_i_fu_216">
<pin_list>
<pin id="217" dir="0" index="0" bw="15" slack="0"/>
<pin id="218" dir="0" index="1" bw="16" slack="0"/>
<pin id="219" dir="0" index="2" bw="1" slack="0"/>
<pin id="220" dir="0" index="3" bw="5" slack="0"/>
<pin id="221" dir="1" index="4" bw="15" slack="1"/>
</pin_list>
<bind>
<opcode="partselect(1002) " fcode="partselect"/>
<opset="div65_cast_i/1 "/>
</bind>
</comp>

<comp id="226" class="1004" name="layerWidth_cast_i_fu_226">
<pin_list>
<pin id="227" dir="0" index="0" bw="16" slack="0"/>
<pin id="228" dir="1" index="1" bw="17" slack="0"/>
</pin_list>
<bind>
<opcode="zext(34) " fcode="zext"/>
<opset="layerWidth_cast_i/1 "/>
</bind>
</comp>

<comp id="230" class="1004" name="add71_i_fu_230">
<pin_list>
<pin id="231" dir="0" index="0" bw="16" slack="0"/>
<pin id="232" dir="0" index="1" bw="16" slack="0"/>
<pin id="233" dir="1" index="2" bw="17" slack="0"/>
</pin_list>
<bind>
<opcode="add(8) " fcode="add"/>
<opset="add71_i/1 "/>
</bind>
</comp>

<comp id="236" class="1004" name="div72_cast_i_fu_236">
<pin_list>
<pin id="237" dir="0" index="0" bw="16" slack="0"/>
<pin id="238" dir="0" index="1" bw="17" slack="0"/>
<pin id="239" dir="0" index="2" bw="1" slack="0"/>
<pin id="240" dir="0" index="3" bw="6" slack="0"/>
<pin id="241" dir="1" index="4" bw="16" slack="1"/>
</pin_list>
<bind>
<opcode="partselect(1002) " fcode="partselect"/>
<opset="div72_cast_i/1 "/>
</bind>
</comp>

<comp id="246" class="1004" name="tmp_8_fu_246">
<pin_list>
<pin id="247" dir="0" index="0" bw="1" slack="0"/>
<pin id="248" dir="0" index="1" bw="5" slack="0"/>
<pin id="249" dir="0" index="2" bw="3" slack="0"/>
<pin id="250" dir="1" index="3" bw="1" slack="1"/>
</pin_list>
<bind>
<opcode="bitselect(1000) " fcode="bitselect"/>
<opset="tmp_8/1 "/>
</bind>
</comp>

<comp id="254" class="1004" name="store_ln440_store_fu_254">
<pin_list>
<pin id="255" dir="0" index="0" bw="1" slack="0"/>
<pin id="256" dir="0" index="1" bw="12" slack="0"/>
<pin id="257" dir="1" index="2" bw="0" slack="2147483647"/>
</pin_list>
<bind>
<opcode="store(28) " fcode="store"/>
<opset="store_ln440/1 "/>
</bind>
</comp>

<comp id="259" class="1004" name="y_22_load_fu_259">
<pin_list>
<pin id="260" dir="0" index="0" bw="12" slack="1"/>
<pin id="261" dir="1" index="1" bw="12" slack="0"/>
</pin_list>
<bind>
<opcode="load(27) " fcode="load"/>
<opset="y_22/2 "/>
</bind>
</comp>

<comp id="262" class="1004" name="icmp_ln463_fu_262">
<pin_list>
<pin id="263" dir="0" index="0" bw="12" slack="0"/>
<pin id="264" dir="0" index="1" bw="12" slack="1"/>
<pin id="265" dir="1" index="2" bw="1" slack="2147483647"/>
</pin_list>
<bind>
<opcode="icmp(45) " fcode="icmp"/>
<opset="icmp_ln463/2 "/>
</bind>
</comp>

<comp id="267" class="1004" name="add_ln463_fu_267">
<pin_list>
<pin id="268" dir="0" index="0" bw="12" slack="0"/>
<pin id="269" dir="0" index="1" bw="1" slack="0"/>
<pin id="270" dir="1" index="2" bw="12" slack="0"/>
</pin_list>
<bind>
<opcode="add(8) " fcode="add"/>
<opset="add_ln463/2 "/>
</bind>
</comp>

<comp id="273" class="1004" name="zext_ln463_fu_273">
<pin_list>
<pin id="274" dir="0" index="0" bw="12" slack="0"/>
<pin id="275" dir="1" index="1" bw="17" slack="0"/>
</pin_list>
<bind>
<opcode="zext(34) " fcode="zext"/>
<opset="zext_ln463/2 "/>
</bind>
</comp>

<comp id="277" class="1004" name="zext_ln463_3_fu_277">
<pin_list>
<pin id="278" dir="0" index="0" bw="12" slack="0"/>
<pin id="279" dir="1" index="1" bw="16" slack="0"/>
</pin_list>
<bind>
<opcode="zext(34) " fcode="zext"/>
<opset="zext_ln463_3/2 "/>
</bind>
</comp>

<comp id="281" class="1004" name="ult_fu_281">
<pin_list>
<pin id="282" dir="0" index="0" bw="12" slack="0"/>
<pin id="283" dir="0" index="1" bw="16" slack="1"/>
<pin id="284" dir="1" index="2" bw="1" slack="0"/>
</pin_list>
<bind>
<opcode="icmp(45) " fcode="icmp"/>
<opset="ult/2 "/>
</bind>
</comp>

<comp id="286" class="1004" name="rev13_fu_286">
<pin_list>
<pin id="287" dir="0" index="0" bw="1" slack="0"/>
<pin id="288" dir="0" index="1" bw="1" slack="0"/>
<pin id="289" dir="1" index="2" bw="1" slack="0"/>
</pin_list>
<bind>
<opcode="xor(25) " fcode="xor"/>
<opset="rev13/2 "/>
</bind>
</comp>

<comp id="293" class="1004" name="cmp61_i_fu_293">
<pin_list>
<pin id="294" dir="0" index="0" bw="17" slack="1"/>
<pin id="295" dir="0" index="1" bw="12" slack="0"/>
<pin id="296" dir="1" index="2" bw="1" slack="0"/>
</pin_list>
<bind>
<opcode="icmp(45) " fcode="icmp"/>
<opset="cmp61_i/2 "/>
</bind>
</comp>

<comp id="299" class="1004" name="store_ln440_store_fu_299">
<pin_list>
<pin id="300" dir="0" index="0" bw="12" slack="0"/>
<pin id="301" dir="0" index="1" bw="12" slack="1"/>
<pin id="302" dir="1" index="2" bw="0" slack="2147483647"/>
</pin_list>
<bind>
<opcode="store(28) " fcode="store"/>
<opset="store_ln440/2 "/>
</bind>
</comp>

<comp id="304" class="1005" name="y_reg_304">
<pin_list>
<pin id="305" dir="0" index="0" bw="12" slack="0"/>
<pin id="306" dir="1" index="1" bw="12" slack="0"/>
</pin_list>
<bind>
<opset="y "/>
</bind>
</comp>

<comp id="311" class="1005" name="HwReg_height_val_read_reg_311">
<pin_list>
<pin id="312" dir="0" index="0" bw="12" slack="1"/>
<pin id="313" dir="1" index="1" bw="12" slack="1"/>
</pin_list>
<bind>
<opset="HwReg_height_val_read "/>
</bind>
</comp>

<comp id="316" class="1005" name="layerStartY_reg_316">
<pin_list>
<pin id="317" dir="0" index="0" bw="16" slack="1"/>
<pin id="318" dir="1" index="1" bw="16" slack="1"/>
</pin_list>
<bind>
<opset="layerStartY "/>
</bind>
</comp>

<comp id="321" class="1005" name="div_cast_i_reg_321">
<pin_list>
<pin id="322" dir="0" index="0" bw="11" slack="1"/>
<pin id="323" dir="1" index="1" bw="11" slack="1"/>
</pin_list>
<bind>
<opset="div_cast_i "/>
</bind>
</comp>

<comp id="326" class="1005" name="add60_i_reg_326">
<pin_list>
<pin id="327" dir="0" index="0" bw="17" slack="1"/>
<pin id="328" dir="1" index="1" bw="17" slack="1"/>
</pin_list>
<bind>
<opset="add60_i "/>
</bind>
</comp>

<comp id="331" class="1005" name="div65_cast_i_reg_331">
<pin_list>
<pin id="332" dir="0" index="0" bw="15" slack="1"/>
<pin id="333" dir="1" index="1" bw="15" slack="1"/>
</pin_list>
<bind>
<opset="div65_cast_i "/>
</bind>
</comp>

<comp id="336" class="1005" name="div72_cast_i_reg_336">
<pin_list>
<pin id="337" dir="0" index="0" bw="16" slack="1"/>
<pin id="338" dir="1" index="1" bw="16" slack="1"/>
</pin_list>
<bind>
<opset="div72_cast_i "/>
</bind>
</comp>

<comp id="341" class="1005" name="tmp_8_reg_341">
<pin_list>
<pin id="342" dir="0" index="0" bw="1" slack="1"/>
<pin id="343" dir="1" index="1" bw="1" slack="1"/>
</pin_list>
<bind>
<opset="tmp_8 "/>
</bind>
</comp>

<comp id="349" class="1005" name="rev13_reg_349">
<pin_list>
<pin id="350" dir="0" index="0" bw="1" slack="1"/>
<pin id="351" dir="1" index="1" bw="1" slack="1"/>
</pin_list>
<bind>
<opset="rev13 "/>
</bind>
</comp>

<comp id="354" class="1005" name="cmp61_i_reg_354">
<pin_list>
<pin id="355" dir="0" index="0" bw="1" slack="1"/>
<pin id="356" dir="1" index="1" bw="1" slack="1"/>
</pin_list>
<bind>
<opset="cmp61_i "/>
</bind>
</comp>

</comp_list>

<net_list>
<net id="95"><net_src comp="24" pin="0"/><net_sink comp="92" pin=0"/></net>

<net id="100"><net_src comp="42" pin="0"/><net_sink comp="96" pin=0"/></net>

<net id="101"><net_src comp="6" pin="0"/><net_sink comp="96" pin=1"/></net>

<net id="106"><net_src comp="42" pin="0"/><net_sink comp="102" pin=0"/></net>

<net id="107"><net_src comp="4" pin="0"/><net_sink comp="102" pin=1"/></net>

<net id="112"><net_src comp="44" pin="0"/><net_sink comp="108" pin=0"/></net>

<net id="113"><net_src comp="18" pin="0"/><net_sink comp="108" pin=1"/></net>

<net id="118"><net_src comp="46" pin="0"/><net_sink comp="114" pin=0"/></net>

<net id="119"><net_src comp="16" pin="0"/><net_sink comp="114" pin=1"/></net>

<net id="124"><net_src comp="46" pin="0"/><net_sink comp="120" pin=0"/></net>

<net id="125"><net_src comp="14" pin="0"/><net_sink comp="120" pin=1"/></net>

<net id="130"><net_src comp="46" pin="0"/><net_sink comp="126" pin=0"/></net>

<net id="131"><net_src comp="12" pin="0"/><net_sink comp="126" pin=1"/></net>

<net id="136"><net_src comp="46" pin="0"/><net_sink comp="132" pin=0"/></net>

<net id="137"><net_src comp="10" pin="0"/><net_sink comp="132" pin=1"/></net>

<net id="142"><net_src comp="48" pin="0"/><net_sink comp="138" pin=0"/></net>

<net id="143"><net_src comp="8" pin="0"/><net_sink comp="138" pin=1"/></net>

<net id="149"><net_src comp="50" pin="0"/><net_sink comp="144" pin=0"/></net>

<net id="150"><net_src comp="22" pin="0"/><net_sink comp="144" pin=1"/></net>

<net id="151"><net_src comp="138" pin="2"/><net_sink comp="144" pin=2"/></net>

<net id="164"><net_src comp="86" pin="0"/><net_sink comp="152" pin=0"/></net>

<net id="165"><net_src comp="20" pin="0"/><net_sink comp="152" pin=2"/></net>

<net id="166"><net_src comp="0" pin="0"/><net_sink comp="152" pin=3"/></net>

<net id="167"><net_src comp="2" pin="0"/><net_sink comp="152" pin=8"/></net>

<net id="171"><net_src comp="108" pin="2"/><net_sink comp="168" pin=0"/></net>

<net id="176"><net_src comp="114" pin="2"/><net_sink comp="172" pin=0"/></net>

<net id="177"><net_src comp="168" pin="1"/><net_sink comp="172" pin=1"/></net>

<net id="181"><net_src comp="108" pin="2"/><net_sink comp="178" pin=0"/></net>

<net id="186"><net_src comp="120" pin="2"/><net_sink comp="182" pin=0"/></net>

<net id="187"><net_src comp="178" pin="1"/><net_sink comp="182" pin=1"/></net>

<net id="194"><net_src comp="60" pin="0"/><net_sink comp="188" pin=0"/></net>

<net id="195"><net_src comp="102" pin="2"/><net_sink comp="188" pin=1"/></net>

<net id="196"><net_src comp="24" pin="0"/><net_sink comp="188" pin=2"/></net>

<net id="197"><net_src comp="62" pin="0"/><net_sink comp="188" pin=3"/></net>

<net id="201"><net_src comp="126" pin="2"/><net_sink comp="198" pin=0"/></net>

<net id="205"><net_src comp="172" pin="2"/><net_sink comp="202" pin=0"/></net>

<net id="210"><net_src comp="202" pin="1"/><net_sink comp="206" pin=0"/></net>

<net id="211"><net_src comp="198" pin="1"/><net_sink comp="206" pin=1"/></net>

<net id="215"><net_src comp="132" pin="2"/><net_sink comp="212" pin=0"/></net>

<net id="222"><net_src comp="64" pin="0"/><net_sink comp="216" pin=0"/></net>

<net id="223"><net_src comp="132" pin="2"/><net_sink comp="216" pin=1"/></net>

<net id="224"><net_src comp="24" pin="0"/><net_sink comp="216" pin=2"/></net>

<net id="225"><net_src comp="66" pin="0"/><net_sink comp="216" pin=3"/></net>

<net id="229"><net_src comp="182" pin="2"/><net_sink comp="226" pin=0"/></net>

<net id="234"><net_src comp="226" pin="1"/><net_sink comp="230" pin=0"/></net>

<net id="235"><net_src comp="212" pin="1"/><net_sink comp="230" pin=1"/></net>

<net id="242"><net_src comp="68" pin="0"/><net_sink comp="236" pin=0"/></net>

<net id="243"><net_src comp="230" pin="2"/><net_sink comp="236" pin=1"/></net>

<net id="244"><net_src comp="24" pin="0"/><net_sink comp="236" pin=2"/></net>

<net id="245"><net_src comp="36" pin="0"/><net_sink comp="236" pin=3"/></net>

<net id="251"><net_src comp="70" pin="0"/><net_sink comp="246" pin=0"/></net>

<net id="252"><net_src comp="138" pin="2"/><net_sink comp="246" pin=1"/></net>

<net id="253"><net_src comp="34" pin="0"/><net_sink comp="246" pin=2"/></net>

<net id="258"><net_src comp="72" pin="0"/><net_sink comp="254" pin=0"/></net>

<net id="266"><net_src comp="259" pin="1"/><net_sink comp="262" pin=0"/></net>

<net id="271"><net_src comp="259" pin="1"/><net_sink comp="267" pin=0"/></net>

<net id="272"><net_src comp="82" pin="0"/><net_sink comp="267" pin=1"/></net>

<net id="276"><net_src comp="259" pin="1"/><net_sink comp="273" pin=0"/></net>

<net id="280"><net_src comp="259" pin="1"/><net_sink comp="277" pin=0"/></net>

<net id="285"><net_src comp="277" pin="1"/><net_sink comp="281" pin=0"/></net>

<net id="290"><net_src comp="281" pin="2"/><net_sink comp="286" pin=0"/></net>

<net id="291"><net_src comp="84" pin="0"/><net_sink comp="286" pin=1"/></net>

<net id="292"><net_src comp="286" pin="2"/><net_sink comp="152" pin=7"/></net>

<net id="297"><net_src comp="273" pin="1"/><net_sink comp="293" pin=1"/></net>

<net id="298"><net_src comp="293" pin="2"/><net_sink comp="152" pin=6"/></net>

<net id="303"><net_src comp="267" pin="2"/><net_sink comp="299" pin=0"/></net>

<net id="307"><net_src comp="92" pin="1"/><net_sink comp="304" pin=0"/></net>

<net id="308"><net_src comp="304" pin="1"/><net_sink comp="254" pin=1"/></net>

<net id="309"><net_src comp="304" pin="1"/><net_sink comp="259" pin=0"/></net>

<net id="310"><net_src comp="304" pin="1"/><net_sink comp="299" pin=1"/></net>

<net id="314"><net_src comp="96" pin="2"/><net_sink comp="311" pin=0"/></net>

<net id="315"><net_src comp="311" pin="1"/><net_sink comp="262" pin=1"/></net>

<net id="319"><net_src comp="126" pin="2"/><net_sink comp="316" pin=0"/></net>

<net id="320"><net_src comp="316" pin="1"/><net_sink comp="281" pin=1"/></net>

<net id="324"><net_src comp="188" pin="4"/><net_sink comp="321" pin=0"/></net>

<net id="325"><net_src comp="321" pin="1"/><net_sink comp="152" pin=1"/></net>

<net id="329"><net_src comp="206" pin="2"/><net_sink comp="326" pin=0"/></net>

<net id="330"><net_src comp="326" pin="1"/><net_sink comp="293" pin=0"/></net>

<net id="334"><net_src comp="216" pin="4"/><net_sink comp="331" pin=0"/></net>

<net id="335"><net_src comp="331" pin="1"/><net_sink comp="152" pin=4"/></net>

<net id="339"><net_src comp="236" pin="4"/><net_sink comp="336" pin=0"/></net>

<net id="340"><net_src comp="336" pin="1"/><net_sink comp="152" pin=5"/></net>

<net id="344"><net_src comp="246" pin="3"/><net_sink comp="341" pin=0"/></net>

<net id="345"><net_src comp="341" pin="1"/><net_sink comp="152" pin=9"/></net>

<net id="352"><net_src comp="286" pin="2"/><net_sink comp="349" pin=0"/></net>

<net id="353"><net_src comp="349" pin="1"/><net_sink comp="152" pin=7"/></net>

<net id="357"><net_src comp="293" pin="2"/><net_sink comp="354" pin=0"/></net>

<net id="358"><net_src comp="354" pin="1"/><net_sink comp="152" pin=6"/></net>

</net_list>

</model> 
---------------- Datapath Model END ------------------

* FSMD analyzer results:
  - Output states:
	Port: outLayer2 | {2 3 }
	Port: HwReg_layerEnable_val25_c22 | {1 }
 - Input state : 
	Port: v_mix_core_alpha<false, false>.20 : outLayer1 | {2 3 }
	Port: v_mix_core_alpha<false, false>.20 : srcLayer2x | {2 3 }
	Port: v_mix_core_alpha<false, false>.20 : HwReg_width_val | {1 }
	Port: v_mix_core_alpha<false, false>.20 : HwReg_height_val | {1 }
	Port: v_mix_core_alpha<false, false>.20 : HwReg_layerEnable_val25 | {1 }
	Port: v_mix_core_alpha<false, false>.20 : HwReg_layerStartX_2_val27 | {1 }
	Port: v_mix_core_alpha<false, false>.20 : HwReg_layerStartY_2_val31 | {1 }
	Port: v_mix_core_alpha<false, false>.20 : HwReg_layerWidth_2_val | {1 }
	Port: v_mix_core_alpha<false, false>.20 : HwReg_layerHeight_2_val | {1 }
	Port: v_mix_core_alpha<false, false>.20 : HwReg_layerScaleFactor_2_val43 | {1 }
  - Chain level:
	State 1
		shl_ln449 : 1
		shl_ln450 : 1
		layerHeight_cast_i : 2
		add60_i : 3
		layerWidth_cast_i : 2
		add71_i : 3
		div72_cast_i : 4
		store_ln440 : 1
	State 2
		icmp_ln463 : 1
		add_ln463 : 1
		br_ln463 : 2
		zext_ln463 : 1
		zext_ln463_3 : 1
		ult : 2
		rev13 : 3
		cmp61_i : 2
		call_ln450 : 3
		store_ln440 : 2
	State 3


============================================================
+ Verbose Summary: Datapath Resource usage 
============================================================

* Functional unit list:
|----------|----------------------------------------------------------------------|---------|---------|
| Operation|                            Functional Unit                           |    FF   |   LUT   |
|----------|----------------------------------------------------------------------|---------|---------|
|   call   | grp_v_mix_core_alpha_false_false_20_Pipeline_VITIS_LOOP_465_3_fu_152 |    62   |    89   |
|----------|----------------------------------------------------------------------|---------|---------|
|    shl   |                           shl_ln449_fu_172                           |    0    |    35   |
|          |                           shl_ln450_fu_182                           |    0    |    35   |
|----------|----------------------------------------------------------------------|---------|---------|
|          |                           icmp_ln463_fu_262                          |    0    |    19   |
|   icmp   |                              ult_fu_281                              |    0    |    23   |
|          |                            cmp61_i_fu_293                            |    0    |    24   |
|----------|----------------------------------------------------------------------|---------|---------|
|          |                            add60_i_fu_206                            |    0    |    23   |
|    add   |                            add71_i_fu_230                            |    0    |    23   |
|          |                           add_ln463_fu_267                           |    0    |    19   |
|----------|----------------------------------------------------------------------|---------|---------|
|    xor   |                             rev13_fu_286                             |    0    |    2    |
|----------|----------------------------------------------------------------------|---------|---------|
|          |                   HwReg_height_val_read_read_fu_96                   |    0    |    0    |
|          |                   HwReg_width_val_read_read_fu_102                   |    0    |    0    |
|          |            HwReg_layerScaleFactor_2_val43_read_read_fu_108           |    0    |    0    |
|   read   |               HwReg_layerHeight_2_val_read_read_fu_114               |    0    |    0    |
|          |                HwReg_layerWidth_2_val_read_read_fu_120               |    0    |    0    |
|          |                        layerStartY_read_fu_126                       |    0    |    0    |
|          |                        layerStartX_read_fu_132                       |    0    |    0    |
|          |               HwReg_layerEnable_val25_read_read_fu_138               |    0    |    0    |
|----------|----------------------------------------------------------------------|---------|---------|
|   write  |                       write_ln445_write_fu_144                       |    0    |    0    |
|----------|----------------------------------------------------------------------|---------|---------|
|          |            HwReg_layerScaleFactor_2_val43_readcast_fu_168            |    0    |    0    |
|          |           HwReg_layerScaleFactor_2_val43_readcast14_fu_178           |    0    |    0    |
|          |                 hwReg_layerStartY_2_val_cast_i_fu_198                |    0    |    0    |
|   zext   |                       layerHeight_cast_i_fu_202                      |    0    |    0    |
|          |                 hwReg_layerStartX_2_val_cast_i_fu_212                |    0    |    0    |
|          |                       layerWidth_cast_i_fu_226                       |    0    |    0    |
|          |                           zext_ln463_fu_273                          |    0    |    0    |
|          |                          zext_ln463_3_fu_277                         |    0    |    0    |
|----------|----------------------------------------------------------------------|---------|---------|
|          |                           div_cast_i_fu_188                          |    0    |    0    |
|partselect|                          div65_cast_i_fu_216                         |    0    |    0    |
|          |                          div72_cast_i_fu_236                         |    0    |    0    |
|----------|----------------------------------------------------------------------|---------|---------|
| bitselect|                             tmp_8_fu_246                             |    0    |    0    |
|----------|----------------------------------------------------------------------|---------|---------|
|   Total  |                                                                      |    62   |   292   |
|----------|----------------------------------------------------------------------|---------|---------|

Memories:
N/A

* Register list:
+-----------------------------+--------+
|                             |   FF   |
+-----------------------------+--------+
|HwReg_height_val_read_reg_311|   12   |
|       add60_i_reg_326       |   17   |
|       cmp61_i_reg_354       |    1   |
|     div65_cast_i_reg_331    |   15   |
|     div72_cast_i_reg_336    |   16   |
|      div_cast_i_reg_321     |   11   |
|     layerStartY_reg_316     |   16   |
|        rev13_reg_349        |    1   |
|        tmp_8_reg_341        |    1   |
|          y_reg_304          |   12   |
+-----------------------------+--------+
|            Total            |   102  |
+-----------------------------+--------+

* Multiplexer (MUX) list: 
|----------------------------------------------------------------------|------|------|------|--------||---------||---------||---------|
|                                 Comp                                 |  Pin | Size |  BW  | S x BW ||  Delay  ||    FF   ||   LUT   |
|----------------------------------------------------------------------|------|------|------|--------||---------||---------||---------|
| grp_v_mix_core_alpha_false_false_20_Pipeline_VITIS_LOOP_465_3_fu_152 |  p6  |   2  |   1  |    2   ||    0    ||    9    |
| grp_v_mix_core_alpha_false_false_20_Pipeline_VITIS_LOOP_465_3_fu_152 |  p7  |   2  |   1  |    2   ||    0    ||    9    |
|----------------------------------------------------------------------|------|------|------|--------||---------||---------||---------|
|                                 Total                                |      |      |      |    4   ||  0.854  ||    0    ||    18   |
|----------------------------------------------------------------------|------|------|------|--------||---------||---------||---------|



* Summary:
+-----------+--------+--------+--------+
|           |  Delay |   FF   |   LUT  |
+-----------+--------+--------+--------+
|  Function |    -   |   62   |   292  |
|   Memory  |    -   |    -   |    -   |
|Multiplexer|    0   |    0   |   18   |
|  Register |    -   |   102  |    -   |
+-----------+--------+--------+--------+
|   Total   |    0   |   164  |   310  |
+-----------+--------+--------+--------+
