

================================================================
== Vitis HLS Report for 'v_mix_422_to_420_false_Pipeline_VITIS_LOOP_508_2'
================================================================
* Date:           Mon Apr 27 12:26:44 2026

* Version:        2024.2 (Build 5238294 on Nov  8 2024)
* Project:        prj
* Solution:       sol (Vivado IP Flow Target)
* Product family: zynquplus
* Target device:  xck26-sfvc784-2LV-c


================================================================
== Performance Estimates
================================================================
+ Timing: 
    * Summary: 
    +--------+---------+----------+------------+
    |  Clock |  Target | Estimated| Uncertainty|
    +--------+---------+----------+------------+
    |ap_clk  |  6.67 ns|  3.676 ns|     1.80 ns|
    +--------+---------+----------+------------+

+ Latency: 
    * Summary: 
    +---------+---------+----------+-----------+-----+------+------------------------------------------------+
    |  Latency (cycles) |  Latency (absolute)  |  Interval  |                    Pipeline                    |
    |   min   |   max   |    min   |    max    | min |  max |                      Type                      |
    +---------+---------+----------+-----------+-----+------+------------------------------------------------+
    |       34|     1922|  0.227 us|  12.814 us|   33|  1921|  loop auto-rewind stp (delay=0 clock cycles(s))|
    +---------+---------+----------+-----------+-----+------+------------------------------------------------+

    + Detail: 
        * Instance: 
        N/A

        * Loop: 
        +--------------------+---------+---------+----------+-----------+-----------+-----------+----------+
        |                    |  Latency (cycles) | Iteration|  Initiation Interval  |    Trip   |          |
        |      Loop Name     |   min   |   max   |  Latency |  achieved |   target  |   Count   | Pipelined|
        +--------------------+---------+---------+----------+-----------+-----------+-----------+----------+
        |- VITIS_LOOP_508_2  |       32|     1920|         2|          1|          1|  32 ~ 1920|       yes|
        +--------------------+---------+---------+----------+-----------+-----------+-----------+----------+

============================================================
+ Verbose Summary: Synthesis Manager
============================================================
InlineROM: 1
ExposeGlobal: 0
============================================================
+ Verbose Summary: CDFG Model
============================================================
IsTopModel: 0
ResetActiveHigh: 1
IsCombinational: 0
IsDatapathOnly: 0
HasWiredReturn: 1
HasMFsm: 2
HasVarLatency: 1
IsPipeline: 0
IsRtlPipelined: 0
IsInstanceOverlapped: 0
IsDontTouch: 0
HasImplIP: 0
IsGatedGlobalClock: 0

+ Individual pipeline summary: 
  * Pipeline-0: initiation interval (II) = 1, depth = 2


============================================================
+ Verbose Summary: Schedule
============================================================
* Number of FSM states : 2
* Pipeline : 1
  Pipeline-0 : II = 1, D = 2, States = { 1 2 }
* Dataflow Pipeline: 0

* FSM state transitions: 
1 --> 2 
2 --> 

* FSM state operations: 

State 1 <SV = 0> <Delay = 1.65>
ST_1 : Operation 5 [1/1] (0.00ns)   --->   "%x = alloca i32 1" [/home/izaan/GitRepos/dpdma_exdes/vivado_quad_vmix/kv260_quad_vmix_dp.runs/bd_quad_vmix_dp_v_mix_0_0_synth_1/prj/sol/.autopilot/db/v_csc.cpp:500]   --->   Operation 5 'alloca' 'x' <Predicate = true> <Delay = 0.00>
ST_1 : Operation 6 [1/1] (0.00ns)   --->   "%specinterface_ln0 = specinterface void @_ssdm_op_SpecInterface, i48 %out422, void @empty_17, i32 0, i32 0, void @empty_54, i32 0, i32 0, void @empty_54, void @empty_54, void @empty_54, i32 0, i32 0, i32 0, i32 0, void @empty_54, void @empty_54, i32 4294967295, i32 0, i32 0"   --->   Operation 6 'specinterface' 'specinterface_ln0' <Predicate = true> <Delay = 0.00>
ST_1 : Operation 7 [1/1] (0.00ns)   --->   "%specinterface_ln0 = specinterface void @_ssdm_op_SpecInterface, i48 %out420, void @empty_17, i32 0, i32 0, void @empty_54, i32 0, i32 0, void @empty_54, void @empty_54, void @empty_54, i32 0, i32 0, i32 0, i32 0, void @empty_54, void @empty_54, i32 4294967295, i32 0, i32 0"   --->   Operation 7 'specinterface' 'specinterface_ln0' <Predicate = true> <Delay = 0.00>
ST_1 : Operation 8 [1/1] (0.00ns)   --->   "%trunc_ln_read = read i11 @_ssdm_op_Read.ap_auto.i11, i11 %trunc_ln" [/home/izaan/GitRepos/dpdma_exdes/vivado_quad_vmix/kv260_quad_vmix_dp.runs/bd_quad_vmix_dp_v_mix_0_0_synth_1/prj/sol/.autopilot/db/v_csc.cpp:503]   --->   Operation 8 'read' 'trunc_ln_read' <Predicate = true> <Delay = 0.00>
ST_1 : Operation 9 [1/1] (0.42ns)   --->   "%store_ln500 = store i11 0, i11 %x" [/home/izaan/GitRepos/dpdma_exdes/vivado_quad_vmix/kv260_quad_vmix_dp.runs/bd_quad_vmix_dp_v_mix_0_0_synth_1/prj/sol/.autopilot/db/v_csc.cpp:500]   --->   Operation 9 'store' 'store_ln500' <Predicate = true> <Delay = 0.42>
ST_1 : Operation 10 [1/1] (0.00ns)   --->   "%br_ln508 = br void %for.inc" [/home/izaan/GitRepos/dpdma_exdes/vivado_quad_vmix/kv260_quad_vmix_dp.runs/bd_quad_vmix_dp_v_mix_0_0_synth_1/prj/sol/.autopilot/db/v_csc.cpp:508]   --->   Operation 10 'br' 'br_ln508' <Predicate = true> <Delay = 0.00>
ST_1 : Operation 11 [1/1] (0.00ns)   --->   "%x_21 = load i11 %x" [/home/izaan/GitRepos/dpdma_exdes/vivado_quad_vmix/kv260_quad_vmix_dp.runs/bd_quad_vmix_dp_v_mix_0_0_synth_1/prj/sol/.autopilot/db/v_csc.cpp:508]   --->   Operation 11 'load' 'x_21' <Predicate = true> <Delay = 0.00>
ST_1 : Operation 12 [1/1] (0.79ns)   --->   "%icmp_ln508 = icmp_eq  i11 %x_21, i11 %trunc_ln_read" [/home/izaan/GitRepos/dpdma_exdes/vivado_quad_vmix/kv260_quad_vmix_dp.runs/bd_quad_vmix_dp_v_mix_0_0_synth_1/prj/sol/.autopilot/db/v_csc.cpp:508]   --->   Operation 12 'icmp' 'icmp_ln508' <Predicate = true> <Delay = 0.79> <CoreInst = "Cmp">   --->   Core 9 'Cmp' <Latency = 0> <II = 1> <Delay = 0.79> <FuncUnit> <Opcode : 'seteq' 'setne' 'setle' 'setge' 'setlt' 'setgt'> <InPorts = 2> <OutPorts = 1>
ST_1 : Operation 13 [1/1] (0.00ns)   --->   "%speclooptripcount_ln0 = speclooptripcount void @_ssdm_op_SpecLoopTripCount, i64 32, i64 1920, i64 0"   --->   Operation 13 'speclooptripcount' 'speclooptripcount_ln0' <Predicate = true> <Delay = 0.00>
ST_1 : Operation 14 [1/1] (0.79ns)   --->   "%add_ln508 = add i11 %x_21, i11 1" [/home/izaan/GitRepos/dpdma_exdes/vivado_quad_vmix/kv260_quad_vmix_dp.runs/bd_quad_vmix_dp_v_mix_0_0_synth_1/prj/sol/.autopilot/db/v_csc.cpp:508]   --->   Operation 14 'add' 'add_ln508' <Predicate = true> <Delay = 0.79> <CoreInst = "Adder">   --->   Core 1 'Adder' <Latency = 0> <II = 1> <Delay = 0.79> <FuncUnit> <Opcode : 'add' 'sub'> <InPorts = 2> <OutPorts = 1>
ST_1 : Operation 15 [1/1] (0.00ns)   --->   "%br_ln508 = br i1 %icmp_ln508, void %for.inc.split, void %for.inc12.loopexit.exitStub" [/home/izaan/GitRepos/dpdma_exdes/vivado_quad_vmix/kv260_quad_vmix_dp.runs/bd_quad_vmix_dp_v_mix_0_0_synth_1/prj/sol/.autopilot/db/v_csc.cpp:508]   --->   Operation 15 'br' 'br_ln508' <Predicate = true> <Delay = 0.00>
ST_1 : Operation 16 [1/1] (0.42ns)   --->   "%store_ln500 = store i11 %add_ln508, i11 %x" [/home/izaan/GitRepos/dpdma_exdes/vivado_quad_vmix/kv260_quad_vmix_dp.runs/bd_quad_vmix_dp_v_mix_0_0_synth_1/prj/sol/.autopilot/db/v_csc.cpp:500]   --->   Operation 16 'store' 'store_ln500' <Predicate = (!icmp_ln508)> <Delay = 0.42>
ST_1 : Operation 22 [1/1] (0.42ns)   --->   "%ret_ln0 = ret"   --->   Operation 22 'ret' 'ret_ln0' <Predicate = (icmp_ln508)> <Delay = 0.42>

State 2 <SV = 1> <Delay = 3.67>
ST_2 : Operation 17 [1/1] (0.00ns)   --->   "%specpipeline_ln511 = specpipeline void @_ssdm_op_SpecPipeline, i32 4294967295, i32 0, i32 0, i32 0, void @empty_54" [/home/izaan/GitRepos/dpdma_exdes/vivado_quad_vmix/kv260_quad_vmix_dp.runs/bd_quad_vmix_dp_v_mix_0_0_synth_1/prj/sol/.autopilot/db/v_csc.cpp:511]   --->   Operation 17 'specpipeline' 'specpipeline_ln511' <Predicate = true> <Delay = 0.00>
ST_2 : Operation 18 [1/1] (0.00ns)   --->   "%specloopname_ln508 = specloopname void @_ssdm_op_SpecLoopName, void @empty_32" [/home/izaan/GitRepos/dpdma_exdes/vivado_quad_vmix/kv260_quad_vmix_dp.runs/bd_quad_vmix_dp_v_mix_0_0_synth_1/prj/sol/.autopilot/db/v_csc.cpp:508]   --->   Operation 18 'specloopname' 'specloopname_ln508' <Predicate = true> <Delay = 0.00>
ST_2 : Operation 19 [1/1] ( I:1.83ns O:1.83ns )   --->   "%out422_read = read i48 @_ssdm_op_Read.ap_fifo.volatile.i48P0A, i48 %out422" [/home/izaan/GitRepos/dpdma_exdes/vivado_quad_vmix/kv260_quad_vmix_dp.runs/bd_quad_vmix_dp_v_mix_0_0_synth_1/prj/sol/.autopilot/db/v_csc.cpp:512]   --->   Operation 19 'read' 'out422_read' <Predicate = true> <Delay = 1.83> <CoreInst = "FIFO_SRL">   --->   Core 80 'FIFO_SRL' <Latency = 0> <II = 1> <Delay = 1.83> <Storage> <Opcode : 'read' 'write' 'nbread' 'nbwrite'> <Ports = 0> <Width = 48> <Depth = 2> <FIFO>
ST_2 : Operation 20 [1/1] ( I:1.83ns O:1.83ns )   --->   "%write_ln513 = write void @_ssdm_op_Write.ap_fifo.volatile.i48P0A, i48 %out420, i48 %out422_read" [/home/izaan/GitRepos/dpdma_exdes/vivado_quad_vmix/kv260_quad_vmix_dp.runs/bd_quad_vmix_dp_v_mix_0_0_synth_1/prj/sol/.autopilot/db/v_csc.cpp:513]   --->   Operation 20 'write' 'write_ln513' <Predicate = true> <Delay = 1.83> <CoreInst = "FIFO_SRL">   --->   Core 80 'FIFO_SRL' <Latency = 0> <II = 1> <Delay = 1.83> <Storage> <Opcode : 'read' 'write' 'nbread' 'nbwrite'> <Ports = 0> <Width = 48> <Depth = 2> <FIFO>
ST_2 : Operation 21 [1/1] (0.00ns)   --->   "%br_ln508 = br void %for.inc" [/home/izaan/GitRepos/dpdma_exdes/vivado_quad_vmix/kv260_quad_vmix_dp.runs/bd_quad_vmix_dp_v_mix_0_0_synth_1/prj/sol/.autopilot/db/v_csc.cpp:508]   --->   Operation 21 'br' 'br_ln508' <Predicate = true> <Delay = 0.00>


============================================================
+ Verbose Summary: Timing violations
============================================================
Target clock period: 6.667ns, clock uncertainty: 1.800ns.

 <State 1>: 1.652ns
The critical path consists of the following:
	'store' operation 0 bit ('store_ln500', /home/izaan/GitRepos/dpdma_exdes/vivado_quad_vmix/kv260_quad_vmix_dp.runs/bd_quad_vmix_dp_v_mix_0_0_synth_1/prj/sol/.autopilot/db/v_csc.cpp:500) of constant 0 on local variable 'x', /home/izaan/GitRepos/dpdma_exdes/vivado_quad_vmix/kv260_quad_vmix_dp.runs/bd_quad_vmix_dp_v_mix_0_0_synth_1/prj/sol/.autopilot/db/v_csc.cpp:500 [8]  (0.427 ns)
	'load' operation 11 bit ('x', /home/izaan/GitRepos/dpdma_exdes/vivado_quad_vmix/kv260_quad_vmix_dp.runs/bd_quad_vmix_dp_v_mix_0_0_synth_1/prj/sol/.autopilot/db/v_csc.cpp:508) on local variable 'x', /home/izaan/GitRepos/dpdma_exdes/vivado_quad_vmix/kv260_quad_vmix_dp.runs/bd_quad_vmix_dp_v_mix_0_0_synth_1/prj/sol/.autopilot/db/v_csc.cpp:500 [11]  (0.000 ns)
	'add' operation 11 bit ('add_ln508', /home/izaan/GitRepos/dpdma_exdes/vivado_quad_vmix/kv260_quad_vmix_dp.runs/bd_quad_vmix_dp_v_mix_0_0_synth_1/prj/sol/.autopilot/db/v_csc.cpp:508) [14]  (0.798 ns)
	'store' operation 0 bit ('store_ln500', /home/izaan/GitRepos/dpdma_exdes/vivado_quad_vmix/kv260_quad_vmix_dp.runs/bd_quad_vmix_dp_v_mix_0_0_synth_1/prj/sol/.autopilot/db/v_csc.cpp:500) of variable 'add_ln508', /home/izaan/GitRepos/dpdma_exdes/vivado_quad_vmix/kv260_quad_vmix_dp.runs/bd_quad_vmix_dp_v_mix_0_0_synth_1/prj/sol/.autopilot/db/v_csc.cpp:508 on local variable 'x', /home/izaan/GitRepos/dpdma_exdes/vivado_quad_vmix/kv260_quad_vmix_dp.runs/bd_quad_vmix_dp_v_mix_0_0_synth_1/prj/sol/.autopilot/db/v_csc.cpp:500 [21]  (0.427 ns)

 <State 2>: 3.676ns
The critical path consists of the following:
	fifo read operation ('out422_read', /home/izaan/GitRepos/dpdma_exdes/vivado_quad_vmix/kv260_quad_vmix_dp.runs/bd_quad_vmix_dp_v_mix_0_0_synth_1/prj/sol/.autopilot/db/v_csc.cpp:512) on port 'out422' (/home/izaan/GitRepos/dpdma_exdes/vivado_quad_vmix/kv260_quad_vmix_dp.runs/bd_quad_vmix_dp_v_mix_0_0_synth_1/prj/sol/.autopilot/db/v_csc.cpp:512) [19]  (1.838 ns)
	fifo write operation ('write_ln513', /home/izaan/GitRepos/dpdma_exdes/vivado_quad_vmix/kv260_quad_vmix_dp.runs/bd_quad_vmix_dp_v_mix_0_0_synth_1/prj/sol/.autopilot/db/v_csc.cpp:513) on port 'out420' (/home/izaan/GitRepos/dpdma_exdes/vivado_quad_vmix/kv260_quad_vmix_dp.runs/bd_quad_vmix_dp_v_mix_0_0_synth_1/prj/sol/.autopilot/db/v_csc.cpp:513) [20]  (1.838 ns)


============================================================
+ Verbose Summary: Binding
============================================================
N/A
* FSMD analyzer results:
  - Output states:
 - Input state : 
  - Chain level:
	State 1
	State 2


============================================================
+ Verbose Summary: Datapath Resource usage 
============================================================
N/A
