

================================================================
== Vitis HLS Report for 'v_mix_core_alpha_false_false_22'
================================================================
* Date:           Mon Apr 27 12:26:56 2026

* Version:        2024.2 (Build 5238294 on Nov  8 2024)
* Project:        prj
* Solution:       sol (Vivado IP Flow Target)
* Product family: zynquplus
* Target device:  xck26-sfvc784-2LV-c


================================================================
== Performance Estimates
================================================================
+ Timing: 
    * Summary: 
    +--------+---------+----------+------------+
    |  Clock |  Target | Estimated| Uncertainty|
    +--------+---------+----------+------------+
    |ap_clk  |  6.67 ns|  4.103 ns|     1.80 ns|
    +--------+---------+----------+------------+

+ Latency: 
    * Summary: 
    +---------+---------+-----------+-----------+------+---------+---------+
    |  Latency (cycles) |   Latency (absolute)  |    Interval    | Pipeline|
    |   min   |   max   |    min    |    max    |  min |   max   |   Type  |
    +---------+---------+-----------+-----------+------+---------+---------+
    |     2305|  4155841|  15.367 us|  27.707 ms|  2305|  4155841|       no|
    +---------+---------+-----------+-----------+------+---------+---------+

    + Detail: 
        * Instance: 
        +----------------------------------------------------------------------+-----------------------------------------------------------+---------+---------+----------+-----------+-----+------+------------------------------------------------+
        |                                                                      |                                                           |  Latency (cycles) |  Latency (absolute)  |  Interval  |                    Pipeline                    |
        |                               Instance                               |                           Module                          |   min   |   max   |    min   |    max    | min |  max |                      Type                      |
        +----------------------------------------------------------------------+-----------------------------------------------------------+---------+---------+----------+-----------+-----+------+------------------------------------------------+
        |grp_v_mix_core_alpha_false_false_22_Pipeline_VITIS_LOOP_465_3_fu_142  |v_mix_core_alpha_false_false_22_Pipeline_VITIS_LOOP_465_3  |       34|     1922|  0.227 us|  12.814 us|   33|  1921|  loop auto-rewind stp (delay=0 clock cycles(s))|
        +----------------------------------------------------------------------+-----------------------------------------------------------+---------+---------+----------+-----------+-----+------+------------------------------------------------+

        * Loop: 
        +--------------------+---------+---------+-----------+-----------+-----------+-----------+----------+
        |                    |  Latency (cycles) | Iteration |  Initiation Interval  |    Trip   |          |
        |      Loop Name     |   min   |   max   |  Latency  |  achieved |   target  |   Count   | Pipelined|
        +--------------------+---------+---------+-----------+-----------+-----------+-----------+----------+
        |- VITIS_LOOP_463_2  |     2304|  4155840|  36 ~ 1924|          -|          -|  64 ~ 2160|        no|
        +--------------------+---------+---------+-----------+-----------+-----------+-----------+----------+



================================================================
== Utilization Estimates
================================================================
* Summary: 
+-----------------+---------+------+--------+--------+-----+
|       Name      | BRAM_18K|  DSP |   FF   |   LUT  | URAM|
+-----------------+---------+------+--------+--------+-----+
|DSP              |        -|     -|       -|       -|    -|
|Expression       |        -|     -|       0|     207|    -|
|FIFO             |        -|     -|       -|       -|    -|
|Instance         |        -|     -|      16|     244|    -|
|Memory           |        -|     -|       -|       -|    -|
|Multiplexer      |        -|     -|       0|     101|    -|
|Register         |        -|     -|     108|       -|    -|
+-----------------+---------+------+--------+--------+-----+
|Total            |        0|     0|     124|     552|    0|
+-----------------+---------+------+--------+--------+-----+
|Available        |      288|  1248|  234240|  117120|   64|
+-----------------+---------+------+--------+--------+-----+
|Utilization (%)  |        0|     0|      ~0|      ~0|    0|
+-----------------+---------+------+--------+--------+-----+

+ Detail: 
    * Instance: 
    +----------------------------------------------------------------------+-----------------------------------------------------------+---------+----+----+-----+-----+
    |                               Instance                               |                           Module                          | BRAM_18K| DSP| FF | LUT | URAM|
    +----------------------------------------------------------------------+-----------------------------------------------------------+---------+----+----+-----+-----+
    |grp_v_mix_core_alpha_false_false_22_Pipeline_VITIS_LOOP_465_3_fu_142  |v_mix_core_alpha_false_false_22_Pipeline_VITIS_LOOP_465_3  |        0|   0|  16|  244|    0|
    +----------------------------------------------------------------------+-----------------------------------------------------------+---------+----+----+-----+-----+
    |Total                                                                 |                                                           |        0|   0|  16|  244|    0|
    +----------------------------------------------------------------------+-----------------------------------------------------------+---------+----+----+-----+-----+

    * DSP: 
    N/A

    * Memory: 
    N/A

    * FIFO: 
    N/A

    * Expression: 
    +----------------------+----------+----+---+----+------------+------------+
    |     Variable Name    | Operation| DSP| FF| LUT| Bitwidth P0| Bitwidth P1|
    +----------------------+----------+----+---+----+------------+------------+
    |add60_fu_196_p2       |         +|   0|  0|  24|          17|          17|
    |add71_fu_220_p2       |         +|   0|  0|  24|          17|          17|
    |add_ln463_fu_257_p2   |         +|   0|  0|  19|          12|           1|
    |cmp61_fu_283_p2       |      icmp|   0|  0|  24|          17|          17|
    |icmp_ln463_fu_252_p2  |      icmp|   0|  0|  19|          12|          12|
    |ult_fu_271_p2         |      icmp|   0|  0|  23|          16|          16|
    |ap_block_state1       |        or|   0|  0|   2|           1|           1|
    |shl_ln449_fu_162_p2   |       shl|   0|  0|  35|          16|          16|
    |shl_ln450_fu_172_p2   |       shl|   0|  0|  35|          16|          16|
    |rev12_fu_276_p2       |       xor|   0|  0|   2|           1|           2|
    +----------------------+----------+----+---+----+------------+------------+
    |Total                 |          |   0|  0| 207|         125|         115|
    +----------------------+----------+----+---+----+------------+------------+

    * Multiplexer: 
    +------------------------------------+----+-----------+-----+-----------+
    |                Name                | LUT| Input Size| Bits| Total Bits|
    +------------------------------------+----+-----------+-----+-----------+
    |ap_NS_fsm                           |  20|          4|    1|          4|
    |ap_done                             |   9|          2|    1|          2|
    |hwReg_layerEnable_val_blk_n         |   9|          2|    1|          2|
    |hwReg_layerHeight_4_val_blk_n       |   9|          2|    1|          2|
    |hwReg_layerScaleFactor_4_val_blk_n  |   9|          2|    1|          2|
    |hwReg_layerStartX_4_val_blk_n       |   9|          2|    1|          2|
    |hwReg_layerStartY_4_val_blk_n       |   9|          2|    1|          2|
    |hwReg_layerWidth_4_val_blk_n        |   9|          2|    1|          2|
    |real_start                          |   9|          2|    1|          2|
    |y_fu_90                             |   9|          2|   12|         24|
    +------------------------------------+----+-----------+-----+-----------+
    |Total                               | 101|         22|   21|         44|
    +------------------------------------+----+-----------+-----+-----------+

    * Register: 
    +-----------------------------------------------------------------------------------+----+----+-----+-----------+
    |                                        Name                                       | FF | LUT| Bits| Const Bits|
    +-----------------------------------------------------------------------------------+----+----+-----+-----------+
    |add60_reg_316                                                                      |  17|   0|   17|          0|
    |ap_CS_fsm                                                                          |   3|   0|    3|          0|
    |ap_done_reg                                                                        |   1|   0|    1|          0|
    |cmp61_reg_344                                                                      |   1|   0|    1|          0|
    |div65_cast_reg_321                                                                 |  15|   0|   15|          0|
    |div72_cast_reg_326                                                                 |  16|   0|   16|          0|
    |div_cast_reg_311                                                                   |  11|   0|   11|          0|
    |grp_v_mix_core_alpha_false_false_22_Pipeline_VITIS_LOOP_465_3_fu_142_ap_start_reg  |   1|   0|    1|          0|
    |hwReg_height_val_read_reg_301                                                      |  12|   0|   12|          0|
    |layerStartY_reg_306                                                                |  16|   0|   16|          0|
    |rev12_reg_339                                                                      |   1|   0|    1|          0|
    |start_once_reg                                                                     |   1|   0|    1|          0|
    |tmp_4_reg_331                                                                      |   1|   0|    1|          0|
    |y_fu_90                                                                            |  12|   0|   12|          0|
    +-----------------------------------------------------------------------------------+----+----+-----+-----------+
    |Total                                                                              | 108|   0|  108|          0|
    +-----------------------------------------------------------------------------------+----+----+-----+-----------+



================================================================
== Interface
================================================================
* Summary: 
+---------------------------------------------+-----+-----+------------+-----------------------------------+--------------+
|                  RTL Ports                  | Dir | Bits|  Protocol  |           Source Object           |    C Type    |
+---------------------------------------------+-----+-----+------------+-----------------------------------+--------------+
|ap_clk                                       |   in|    1|  ap_ctrl_hs|  v_mix_core_alpha<false, false>.22|  return value|
|ap_rst                                       |   in|    1|  ap_ctrl_hs|  v_mix_core_alpha<false, false>.22|  return value|
|ap_start                                     |   in|    1|  ap_ctrl_hs|  v_mix_core_alpha<false, false>.22|  return value|
|start_full_n                                 |   in|    1|  ap_ctrl_hs|  v_mix_core_alpha<false, false>.22|  return value|
|ap_done                                      |  out|    1|  ap_ctrl_hs|  v_mix_core_alpha<false, false>.22|  return value|
|ap_continue                                  |   in|    1|  ap_ctrl_hs|  v_mix_core_alpha<false, false>.22|  return value|
|ap_idle                                      |  out|    1|  ap_ctrl_hs|  v_mix_core_alpha<false, false>.22|  return value|
|ap_ready                                     |  out|    1|  ap_ctrl_hs|  v_mix_core_alpha<false, false>.22|  return value|
|start_out                                    |  out|    1|  ap_ctrl_hs|  v_mix_core_alpha<false, false>.22|  return value|
|start_write                                  |  out|    1|  ap_ctrl_hs|  v_mix_core_alpha<false, false>.22|  return value|
|outLayer3_dout                               |   in|   48|     ap_fifo|                          outLayer3|       pointer|
|outLayer3_empty_n                            |   in|    1|     ap_fifo|                          outLayer3|       pointer|
|outLayer3_read                               |  out|    1|     ap_fifo|                          outLayer3|       pointer|
|outLayer3_num_data_valid                     |   in|    3|     ap_fifo|                          outLayer3|       pointer|
|outLayer3_fifo_cap                           |   in|    3|     ap_fifo|                          outLayer3|       pointer|
|srcLayer4x_dout                              |   in|   48|     ap_fifo|                         srcLayer4x|       pointer|
|srcLayer4x_empty_n                           |   in|    1|     ap_fifo|                         srcLayer4x|       pointer|
|srcLayer4x_read                              |  out|    1|     ap_fifo|                         srcLayer4x|       pointer|
|srcLayer4x_num_data_valid                    |   in|    3|     ap_fifo|                         srcLayer4x|       pointer|
|srcLayer4x_fifo_cap                          |   in|    3|     ap_fifo|                         srcLayer4x|       pointer|
|hwReg_width_val                              |   in|   12|   ap_stable|                    hwReg_width_val|        scalar|
|hwReg_height_val                             |   in|   12|   ap_stable|                   hwReg_height_val|        scalar|
|hwReg_layerEnable_val_dout                   |   in|    5|     ap_fifo|              hwReg_layerEnable_val|       pointer|
|hwReg_layerEnable_val_empty_n                |   in|    1|     ap_fifo|              hwReg_layerEnable_val|       pointer|
|hwReg_layerEnable_val_read                   |  out|    1|     ap_fifo|              hwReg_layerEnable_val|       pointer|
|hwReg_layerEnable_val_num_data_valid         |   in|    3|     ap_fifo|              hwReg_layerEnable_val|       pointer|
|hwReg_layerEnable_val_fifo_cap               |   in|    3|     ap_fifo|              hwReg_layerEnable_val|       pointer|
|hwReg_layerStartX_4_val_dout                 |   in|   16|     ap_fifo|            hwReg_layerStartX_4_val|       pointer|
|hwReg_layerStartX_4_val_empty_n              |   in|    1|     ap_fifo|            hwReg_layerStartX_4_val|       pointer|
|hwReg_layerStartX_4_val_read                 |  out|    1|     ap_fifo|            hwReg_layerStartX_4_val|       pointer|
|hwReg_layerStartX_4_val_num_data_valid       |   in|    5|     ap_fifo|            hwReg_layerStartX_4_val|       pointer|
|hwReg_layerStartX_4_val_fifo_cap             |   in|    5|     ap_fifo|            hwReg_layerStartX_4_val|       pointer|
|hwReg_layerStartY_4_val_dout                 |   in|   16|     ap_fifo|            hwReg_layerStartY_4_val|       pointer|
|hwReg_layerStartY_4_val_empty_n              |   in|    1|     ap_fifo|            hwReg_layerStartY_4_val|       pointer|
|hwReg_layerStartY_4_val_read                 |  out|    1|     ap_fifo|            hwReg_layerStartY_4_val|       pointer|
|hwReg_layerStartY_4_val_num_data_valid       |   in|    5|     ap_fifo|            hwReg_layerStartY_4_val|       pointer|
|hwReg_layerStartY_4_val_fifo_cap             |   in|    5|     ap_fifo|            hwReg_layerStartY_4_val|       pointer|
|hwReg_layerWidth_4_val_dout                  |   in|   16|     ap_fifo|             hwReg_layerWidth_4_val|       pointer|
|hwReg_layerWidth_4_val_empty_n               |   in|    1|     ap_fifo|             hwReg_layerWidth_4_val|       pointer|
|hwReg_layerWidth_4_val_read                  |  out|    1|     ap_fifo|             hwReg_layerWidth_4_val|       pointer|
|hwReg_layerWidth_4_val_num_data_valid        |   in|    4|     ap_fifo|             hwReg_layerWidth_4_val|       pointer|
|hwReg_layerWidth_4_val_fifo_cap              |   in|    4|     ap_fifo|             hwReg_layerWidth_4_val|       pointer|
|hwReg_layerHeight_4_val_dout                 |   in|   16|     ap_fifo|            hwReg_layerHeight_4_val|       pointer|
|hwReg_layerHeight_4_val_empty_n              |   in|    1|     ap_fifo|            hwReg_layerHeight_4_val|       pointer|
|hwReg_layerHeight_4_val_read                 |  out|    1|     ap_fifo|            hwReg_layerHeight_4_val|       pointer|
|hwReg_layerHeight_4_val_num_data_valid       |   in|    4|     ap_fifo|            hwReg_layerHeight_4_val|       pointer|
|hwReg_layerHeight_4_val_fifo_cap             |   in|    4|     ap_fifo|            hwReg_layerHeight_4_val|       pointer|
|hwReg_layerScaleFactor_4_val_dout            |   in|    8|     ap_fifo|       hwReg_layerScaleFactor_4_val|       pointer|
|hwReg_layerScaleFactor_4_val_empty_n         |   in|    1|     ap_fifo|       hwReg_layerScaleFactor_4_val|       pointer|
|hwReg_layerScaleFactor_4_val_read            |  out|    1|     ap_fifo|       hwReg_layerScaleFactor_4_val|       pointer|
|hwReg_layerScaleFactor_4_val_num_data_valid  |   in|    5|     ap_fifo|       hwReg_layerScaleFactor_4_val|       pointer|
|hwReg_layerScaleFactor_4_val_fifo_cap        |   in|    5|     ap_fifo|       hwReg_layerScaleFactor_4_val|       pointer|
|outLayer4_din                                |  out|   48|     ap_fifo|                          outLayer4|       pointer|
|outLayer4_full_n                             |   in|    1|     ap_fifo|                          outLayer4|       pointer|
|outLayer4_write                              |  out|    1|     ap_fifo|                          outLayer4|       pointer|
|outLayer4_num_data_valid                     |   in|   32|     ap_fifo|                          outLayer4|       pointer|
|outLayer4_fifo_cap                           |   in|   32|     ap_fifo|                          outLayer4|       pointer|
+---------------------------------------------+-----+-----+------------+-----------------------------------+--------------+

============================================================
+ Verbose Summary: Synthesis Manager
============================================================
InlineROM: 1
ExposeGlobal: 0
============================================================
+ Verbose Summary: CDFG Model
============================================================
IsTopModel: 0
ResetActiveHigh: 1
IsCombinational: 2
IsDatapathOnly: 0
HasWiredReturn: 1
HasMFsm: 0
HasVarLatency: 1
IsPipeline: 0
IsRtlPipelined: 0
IsInstanceOverlapped: 0
IsDontTouch: 0
HasImplIP: 0
IsGatedGlobalClock: 0


============================================================
+ Verbose Summary: Schedule
============================================================
* Number of FSM states : 3
* Pipeline : 0
* Dataflow Pipeline: 0

* FSM state transitions: 
1 --> 2 
2 --> 3 
3 --> 2 

* FSM state operations: 

State 1 <SV = 0> <Delay = 3.71>
ST_1 : Operation 4 [1/1] (0.00ns)   --->   "%y = alloca i32 1" [/home/izaan/GitRepos/dpdma_exdes/vivado_quad_vmix/kv260_quad_vmix_dp.runs/bd_quad_vmix_dp_v_mix_0_0_synth_1/prj/sol/.autopilot/db/v_mix.cpp:440]   --->   Operation 4 'alloca' 'y' <Predicate = true> <Delay = 0.00>
ST_1 : Operation 5 [1/1] (0.00ns)   --->   "%specinterface_ln0 = specinterface void @_ssdm_op_SpecInterface, i8 %hwReg_layerScaleFactor_4_val, void @ap_fifo_str, i32 0, i32 0, void @p_str, i32 0, i32 0, void @p_str, void @p_str, void @p_str, i32 2, i32 2, i32 16, i32 16, void @p_str, void @ScalarProp_str, i32 4294967295, i32 0, i32 0"   --->   Operation 5 'specinterface' 'specinterface_ln0' <Predicate = true> <Delay = 0.00>
ST_1 : Operation 6 [1/1] (0.00ns)   --->   "%hwReg_height_val_read = read i12 @_ssdm_op_Read.ap_auto.i12, i12 %hwReg_height_val"   --->   Operation 6 'read' 'hwReg_height_val_read' <Predicate = true> <Delay = 0.00>
ST_1 : Operation 7 [1/1] (0.00ns)   --->   "%hwReg_width_val_read = read i12 @_ssdm_op_Read.ap_auto.i12, i12 %hwReg_width_val"   --->   Operation 7 'read' 'hwReg_width_val_read' <Predicate = true> <Delay = 0.00>
ST_1 : Operation 8 [1/1] ( I:1.95ns O:1.95ns )   --->   "%hwReg_layerScaleFactor_4_val_read = read i8 @_ssdm_op_Read.ap_fifo.i8P0A, i8 %hwReg_layerScaleFactor_4_val"   --->   Operation 8 'read' 'hwReg_layerScaleFactor_4_val_read' <Predicate = true> <Delay = 1.95> <CoreInst = "FIFO_SRL">   --->   Core 80 'FIFO_SRL' <Latency = 0> <II = 1> <Delay = 1.95> <Storage> <Opcode : 'read' 'write' 'nbread' 'nbwrite'> <Ports = 0> <Width = 8> <Depth = 10> <FIFO>
ST_1 : Operation 9 [1/1] (0.00ns)   --->   "%specinterface_ln0 = specinterface void @_ssdm_op_SpecInterface, i16 %hwReg_layerHeight_4_val, void @ap_fifo_str, i32 0, i32 0, void @p_str, i32 0, i32 0, void @p_str, void @p_str, void @p_str, i32 2, i32 2, i32 16, i32 16, void @p_str, void @ScalarProp_str, i32 4294967295, i32 0, i32 0"   --->   Operation 9 'specinterface' 'specinterface_ln0' <Predicate = true> <Delay = 0.00>
ST_1 : Operation 10 [1/1] ( I:1.86ns O:1.86ns )   --->   "%hwReg_layerHeight_4_val_read = read i16 @_ssdm_op_Read.ap_fifo.i16P0A, i16 %hwReg_layerHeight_4_val"   --->   Operation 10 'read' 'hwReg_layerHeight_4_val_read' <Predicate = true> <Delay = 1.86> <CoreInst = "FIFO_SRL">   --->   Core 80 'FIFO_SRL' <Latency = 0> <II = 1> <Delay = 1.86> <Storage> <Opcode : 'read' 'write' 'nbread' 'nbwrite'> <Ports = 0> <Width = 16> <Depth = 5> <FIFO>
ST_1 : Operation 11 [1/1] (0.00ns)   --->   "%specinterface_ln0 = specinterface void @_ssdm_op_SpecInterface, i16 %hwReg_layerWidth_4_val, void @ap_fifo_str, i32 0, i32 0, void @p_str, i32 0, i32 0, void @p_str, void @p_str, void @p_str, i32 2, i32 2, i32 16, i32 16, void @p_str, void @ScalarProp_str, i32 4294967295, i32 0, i32 0"   --->   Operation 11 'specinterface' 'specinterface_ln0' <Predicate = true> <Delay = 0.00>
ST_1 : Operation 12 [1/1] ( I:1.86ns O:1.86ns )   --->   "%hwReg_layerWidth_4_val_read = read i16 @_ssdm_op_Read.ap_fifo.i16P0A, i16 %hwReg_layerWidth_4_val"   --->   Operation 12 'read' 'hwReg_layerWidth_4_val_read' <Predicate = true> <Delay = 1.86> <CoreInst = "FIFO_SRL">   --->   Core 80 'FIFO_SRL' <Latency = 0> <II = 1> <Delay = 1.86> <Storage> <Opcode : 'read' 'write' 'nbread' 'nbwrite'> <Ports = 0> <Width = 16> <Depth = 5> <FIFO>
ST_1 : Operation 13 [1/1] (0.00ns)   --->   "%specinterface_ln0 = specinterface void @_ssdm_op_SpecInterface, i16 %hwReg_layerStartY_4_val, void @ap_fifo_str, i32 0, i32 0, void @p_str, i32 0, i32 0, void @p_str, void @p_str, void @p_str, i32 2, i32 2, i32 16, i32 16, void @p_str, void @ScalarProp_str, i32 4294967295, i32 0, i32 0"   --->   Operation 13 'specinterface' 'specinterface_ln0' <Predicate = true> <Delay = 0.00>
ST_1 : Operation 14 [1/1] ( I:1.95ns O:1.95ns )   --->   "%layerStartY = read i16 @_ssdm_op_Read.ap_fifo.i16P0A, i16 %hwReg_layerStartY_4_val"   --->   Operation 14 'read' 'layerStartY' <Predicate = true> <Delay = 1.95> <CoreInst = "FIFO_SRL">   --->   Core 80 'FIFO_SRL' <Latency = 0> <II = 1> <Delay = 1.95> <Storage> <Opcode : 'read' 'write' 'nbread' 'nbwrite'> <Ports = 0> <Width = 16> <Depth = 10> <FIFO>
ST_1 : Operation 15 [1/1] (0.00ns)   --->   "%specinterface_ln0 = specinterface void @_ssdm_op_SpecInterface, i16 %hwReg_layerStartX_4_val, void @ap_fifo_str, i32 0, i32 0, void @p_str, i32 0, i32 0, void @p_str, void @p_str, void @p_str, i32 2, i32 2, i32 16, i32 16, void @p_str, void @ScalarProp_str, i32 4294967295, i32 0, i32 0"   --->   Operation 15 'specinterface' 'specinterface_ln0' <Predicate = true> <Delay = 0.00>
ST_1 : Operation 16 [1/1] ( I:1.95ns O:1.95ns )   --->   "%layerStartX = read i16 @_ssdm_op_Read.ap_fifo.i16P0A, i16 %hwReg_layerStartX_4_val"   --->   Operation 16 'read' 'layerStartX' <Predicate = true> <Delay = 1.95> <CoreInst = "FIFO_SRL">   --->   Core 80 'FIFO_SRL' <Latency = 0> <II = 1> <Delay = 1.95> <Storage> <Opcode : 'read' 'write' 'nbread' 'nbwrite'> <Ports = 0> <Width = 16> <Depth = 10> <FIFO>
ST_1 : Operation 17 [1/1] (0.00ns)   --->   "%specinterface_ln0 = specinterface void @_ssdm_op_SpecInterface, i5 %hwReg_layerEnable_val, void @ap_fifo_str, i32 0, i32 0, void @p_str, i32 0, i32 0, void @p_str, void @p_str, void @p_str, i32 2, i32 2, i32 16, i32 16, void @p_str, void @ScalarProp_str, i32 4294967295, i32 0, i32 0"   --->   Operation 17 'specinterface' 'specinterface_ln0' <Predicate = true> <Delay = 0.00>
ST_1 : Operation 18 [1/1] ( I:1.83ns O:1.83ns )   --->   "%hwReg_layerEnable_val_read = read i5 @_ssdm_op_Read.ap_fifo.i5P0A, i5 %hwReg_layerEnable_val"   --->   Operation 18 'read' 'hwReg_layerEnable_val_read' <Predicate = true> <Delay = 1.83> <CoreInst = "FIFO_SRL">   --->   Core 80 'FIFO_SRL' <Latency = 0> <II = 1> <Delay = 1.83> <Storage> <Opcode : 'read' 'write' 'nbread' 'nbwrite'> <Ports = 0> <Width = 5> <Depth = 2> <FIFO>
ST_1 : Operation 19 [1/1] (0.00ns)   --->   "%specstablecontent_ln0 = specstablecontent void @_ssdm_op_SpecStableContent, i12 %hwReg_height_val, void "   --->   Operation 19 'specstablecontent' 'specstablecontent_ln0' <Predicate = true> <Delay = 0.00>
ST_1 : Operation 20 [1/1] (0.00ns)   --->   "%specstablecontent_ln0 = specstablecontent void @_ssdm_op_SpecStableContent, i12 %hwReg_width_val, void "   --->   Operation 20 'specstablecontent' 'specstablecontent_ln0' <Predicate = true> <Delay = 0.00>
ST_1 : Operation 21 [1/1] (0.00ns)   --->   "%specinterface_ln0 = specinterface void @_ssdm_op_SpecInterface, i48 %outLayer4, void @empty_17, i32 0, i32 0, void @empty_54, i32 0, i32 0, void @empty_54, void @empty_54, void @empty_54, i32 0, i32 0, i32 0, i32 0, void @empty_54, void @empty_54, i32 4294967295, i32 0, i32 0"   --->   Operation 21 'specinterface' 'specinterface_ln0' <Predicate = true> <Delay = 0.00>
ST_1 : Operation 22 [1/1] (0.00ns)   --->   "%specinterface_ln0 = specinterface void @_ssdm_op_SpecInterface, i48 %srcLayer4x, void @empty_17, i32 0, i32 0, void @empty_54, i32 0, i32 0, void @empty_54, void @empty_54, void @empty_54, i32 0, i32 0, i32 0, i32 0, void @empty_54, void @empty_54, i32 4294967295, i32 0, i32 0"   --->   Operation 22 'specinterface' 'specinterface_ln0' <Predicate = true> <Delay = 0.00>
ST_1 : Operation 23 [1/1] (0.00ns)   --->   "%specinterface_ln0 = specinterface void @_ssdm_op_SpecInterface, i48 %outLayer3, void @empty_17, i32 0, i32 0, void @empty_54, i32 0, i32 0, void @empty_54, void @empty_54, void @empty_54, i32 0, i32 0, i32 0, i32 0, void @empty_54, void @empty_54, i32 4294967295, i32 0, i32 0"   --->   Operation 23 'specinterface' 'specinterface_ln0' <Predicate = true> <Delay = 0.00>
ST_1 : Operation 24 [1/1] (0.00ns)   --->   "%hwReg_layerScaleFactor_4_val_readcast = zext i8 %hwReg_layerScaleFactor_4_val_read" [/home/izaan/GitRepos/dpdma_exdes/vivado_quad_vmix/kv260_quad_vmix_dp.runs/bd_quad_vmix_dp_v_mix_0_0_synth_1/prj/sol/.autopilot/db/v_mix.cpp:449]   --->   Operation 24 'zext' 'hwReg_layerScaleFactor_4_val_readcast' <Predicate = true> <Delay = 0.00>
ST_1 : Operation 25 [1/1] (0.90ns)   --->   "%shl_ln449 = shl i16 %hwReg_layerHeight_4_val_read, i16 %hwReg_layerScaleFactor_4_val_readcast" [/home/izaan/GitRepos/dpdma_exdes/vivado_quad_vmix/kv260_quad_vmix_dp.runs/bd_quad_vmix_dp_v_mix_0_0_synth_1/prj/sol/.autopilot/db/v_mix.cpp:449]   --->   Operation 25 'shl' 'shl_ln449' <Predicate = true> <Delay = 0.90> <CoreInst = "Shifter">   --->   Core 75 'Shifter' <Latency = 0> <II = 1> <Delay = 0.90> <FuncUnit> <Opcode : 'shl' 'lshr' 'ashr'> <InPorts = 2> <OutPorts = 1>
ST_1 : Operation 26 [1/1] (0.00ns)   --->   "%hwReg_layerScaleFactor_4_val_readcast13 = zext i8 %hwReg_layerScaleFactor_4_val_read" [/home/izaan/GitRepos/dpdma_exdes/vivado_quad_vmix/kv260_quad_vmix_dp.runs/bd_quad_vmix_dp_v_mix_0_0_synth_1/prj/sol/.autopilot/db/v_mix.cpp:450]   --->   Operation 26 'zext' 'hwReg_layerScaleFactor_4_val_readcast13' <Predicate = true> <Delay = 0.00>
ST_1 : Operation 27 [1/1] (0.90ns)   --->   "%shl_ln450 = shl i16 %hwReg_layerWidth_4_val_read, i16 %hwReg_layerScaleFactor_4_val_readcast13" [/home/izaan/GitRepos/dpdma_exdes/vivado_quad_vmix/kv260_quad_vmix_dp.runs/bd_quad_vmix_dp_v_mix_0_0_synth_1/prj/sol/.autopilot/db/v_mix.cpp:450]   --->   Operation 27 'shl' 'shl_ln450' <Predicate = true> <Delay = 0.90> <CoreInst = "Shifter">   --->   Core 75 'Shifter' <Latency = 0> <II = 1> <Delay = 0.90> <FuncUnit> <Opcode : 'shl' 'lshr' 'ashr'> <InPorts = 2> <OutPorts = 1>
ST_1 : Operation 28 [1/1] (0.00ns)   --->   "%div_cast = partselect i11 @_ssdm_op_PartSelect.i11.i12.i32.i32, i12 %hwReg_width_val_read, i32 1, i32 11"   --->   Operation 28 'partselect' 'div_cast' <Predicate = true> <Delay = 0.00>
ST_1 : Operation 29 [1/1] (0.00ns)   --->   "%hwReg_layerStartY_4_val_cast = zext i16 %layerStartY"   --->   Operation 29 'zext' 'hwReg_layerStartY_4_val_cast' <Predicate = true> <Delay = 0.00>
ST_1 : Operation 30 [1/1] (0.00ns)   --->   "%layerHeight_cast = zext i16 %shl_ln449" [/home/izaan/GitRepos/dpdma_exdes/vivado_quad_vmix/kv260_quad_vmix_dp.runs/bd_quad_vmix_dp_v_mix_0_0_synth_1/prj/sol/.autopilot/db/v_mix.cpp:449]   --->   Operation 30 'zext' 'layerHeight_cast' <Predicate = true> <Delay = 0.00>
ST_1 : Operation 31 [1/1] (0.85ns)   --->   "%add60 = add i17 %layerHeight_cast, i17 %hwReg_layerStartY_4_val_cast" [/home/izaan/GitRepos/dpdma_exdes/vivado_quad_vmix/kv260_quad_vmix_dp.runs/bd_quad_vmix_dp_v_mix_0_0_synth_1/prj/sol/.autopilot/db/v_mix.cpp:449]   --->   Operation 31 'add' 'add60' <Predicate = true> <Delay = 0.85> <CoreInst = "Adder">   --->   Core 1 'Adder' <Latency = 0> <II = 1> <Delay = 0.86> <FuncUnit> <Opcode : 'add' 'sub'> <InPorts = 2> <OutPorts = 1>
ST_1 : Operation 32 [1/1] (0.00ns)   --->   "%hwReg_layerStartX_4_val_cast = zext i16 %layerStartX"   --->   Operation 32 'zext' 'hwReg_layerStartX_4_val_cast' <Predicate = true> <Delay = 0.00>
ST_1 : Operation 33 [1/1] (0.00ns)   --->   "%div65_cast = partselect i15 @_ssdm_op_PartSelect.i15.i16.i32.i32, i16 %layerStartX, i32 1, i32 15"   --->   Operation 33 'partselect' 'div65_cast' <Predicate = true> <Delay = 0.00>
ST_1 : Operation 34 [1/1] (0.00ns)   --->   "%layerWidth_cast = zext i16 %shl_ln450" [/home/izaan/GitRepos/dpdma_exdes/vivado_quad_vmix/kv260_quad_vmix_dp.runs/bd_quad_vmix_dp_v_mix_0_0_synth_1/prj/sol/.autopilot/db/v_mix.cpp:450]   --->   Operation 34 'zext' 'layerWidth_cast' <Predicate = true> <Delay = 0.00>
ST_1 : Operation 35 [1/1] (0.85ns)   --->   "%add71 = add i17 %layerWidth_cast, i17 %hwReg_layerStartX_4_val_cast" [/home/izaan/GitRepos/dpdma_exdes/vivado_quad_vmix/kv260_quad_vmix_dp.runs/bd_quad_vmix_dp_v_mix_0_0_synth_1/prj/sol/.autopilot/db/v_mix.cpp:450]   --->   Operation 35 'add' 'add71' <Predicate = true> <Delay = 0.85> <CoreInst = "Adder">   --->   Core 1 'Adder' <Latency = 0> <II = 1> <Delay = 0.86> <FuncUnit> <Opcode : 'add' 'sub'> <InPorts = 2> <OutPorts = 1>
ST_1 : Operation 36 [1/1] (0.00ns)   --->   "%div72_cast = partselect i16 @_ssdm_op_PartSelect.i16.i17.i32.i32, i17 %add71, i32 1, i32 16" [/home/izaan/GitRepos/dpdma_exdes/vivado_quad_vmix/kv260_quad_vmix_dp.runs/bd_quad_vmix_dp_v_mix_0_0_synth_1/prj/sol/.autopilot/db/v_mix.cpp:450]   --->   Operation 36 'partselect' 'div72_cast' <Predicate = true> <Delay = 0.00>
ST_1 : Operation 37 [1/1] (0.00ns)   --->   "%tmp_4 = bitselect i1 @_ssdm_op_BitSelect.i1.i5.i32, i5 %hwReg_layerEnable_val_read, i32 4"   --->   Operation 37 'bitselect' 'tmp_4' <Predicate = true> <Delay = 0.00>
ST_1 : Operation 38 [1/1] (0.42ns)   --->   "%store_ln440 = store i12 0, i12 %y" [/home/izaan/GitRepos/dpdma_exdes/vivado_quad_vmix/kv260_quad_vmix_dp.runs/bd_quad_vmix_dp_v_mix_0_0_synth_1/prj/sol/.autopilot/db/v_mix.cpp:440]   --->   Operation 38 'store' 'store_ln440' <Predicate = true> <Delay = 0.42>
ST_1 : Operation 39 [1/1] (0.00ns)   --->   "%br_ln463 = br void %VITIS_LOOP_465_3" [/home/izaan/GitRepos/dpdma_exdes/vivado_quad_vmix/kv260_quad_vmix_dp.runs/bd_quad_vmix_dp_v_mix_0_0_synth_1/prj/sol/.autopilot/db/v_mix.cpp:463]   --->   Operation 39 'br' 'br_ln463' <Predicate = true> <Delay = 0.00>

State 2 <SV = 1> <Delay = 2.36>
ST_2 : Operation 40 [1/1] (0.00ns)   --->   "%y_20 = load i12 %y" [/home/izaan/GitRepos/dpdma_exdes/vivado_quad_vmix/kv260_quad_vmix_dp.runs/bd_quad_vmix_dp_v_mix_0_0_synth_1/prj/sol/.autopilot/db/v_mix.cpp:463]   --->   Operation 40 'load' 'y_20' <Predicate = true> <Delay = 0.00>
ST_2 : Operation 41 [1/1] (0.80ns)   --->   "%icmp_ln463 = icmp_eq  i12 %y_20, i12 %hwReg_height_val_read" [/home/izaan/GitRepos/dpdma_exdes/vivado_quad_vmix/kv260_quad_vmix_dp.runs/bd_quad_vmix_dp_v_mix_0_0_synth_1/prj/sol/.autopilot/db/v_mix.cpp:463]   --->   Operation 41 'icmp' 'icmp_ln463' <Predicate = true> <Delay = 0.80> <CoreInst = "Cmp">   --->   Core 9 'Cmp' <Latency = 0> <II = 1> <Delay = 0.80> <FuncUnit> <Opcode : 'seteq' 'setne' 'setle' 'setge' 'setlt' 'setgt'> <InPorts = 2> <OutPorts = 1>
ST_2 : Operation 42 [1/1] (0.00ns)   --->   "%speclooptripcount_ln0 = speclooptripcount void @_ssdm_op_SpecLoopTripCount, i64 64, i64 2160, i64 0"   --->   Operation 42 'speclooptripcount' 'speclooptripcount_ln0' <Predicate = true> <Delay = 0.00>
ST_2 : Operation 43 [1/1] (0.80ns)   --->   "%add_ln463 = add i12 %y_20, i12 1" [/home/izaan/GitRepos/dpdma_exdes/vivado_quad_vmix/kv260_quad_vmix_dp.runs/bd_quad_vmix_dp_v_mix_0_0_synth_1/prj/sol/.autopilot/db/v_mix.cpp:463]   --->   Operation 43 'add' 'add_ln463' <Predicate = true> <Delay = 0.80> <CoreInst = "Adder">   --->   Core 1 'Adder' <Latency = 0> <II = 1> <Delay = 0.80> <FuncUnit> <Opcode : 'add' 'sub'> <InPorts = 2> <OutPorts = 1>
ST_2 : Operation 44 [1/1] (0.00ns)   --->   "%br_ln463 = br i1 %icmp_ln463, void %VITIS_LOOP_465_3.split, void %for.end113.loopexit" [/home/izaan/GitRepos/dpdma_exdes/vivado_quad_vmix/kv260_quad_vmix_dp.runs/bd_quad_vmix_dp_v_mix_0_0_synth_1/prj/sol/.autopilot/db/v_mix.cpp:463]   --->   Operation 44 'br' 'br_ln463' <Predicate = true> <Delay = 0.00>
ST_2 : Operation 45 [1/1] (0.00ns)   --->   "%zext_ln463 = zext i12 %y_20" [/home/izaan/GitRepos/dpdma_exdes/vivado_quad_vmix/kv260_quad_vmix_dp.runs/bd_quad_vmix_dp_v_mix_0_0_synth_1/prj/sol/.autopilot/db/v_mix.cpp:463]   --->   Operation 45 'zext' 'zext_ln463' <Predicate = (!icmp_ln463)> <Delay = 0.00>
ST_2 : Operation 46 [1/1] (0.00ns)   --->   "%zext_ln463_1 = zext i12 %y_20" [/home/izaan/GitRepos/dpdma_exdes/vivado_quad_vmix/kv260_quad_vmix_dp.runs/bd_quad_vmix_dp_v_mix_0_0_synth_1/prj/sol/.autopilot/db/v_mix.cpp:463]   --->   Operation 46 'zext' 'zext_ln463_1' <Predicate = (!icmp_ln463)> <Delay = 0.00>
ST_2 : Operation 47 [1/1] (0.85ns)   --->   "%ult = icmp_ult  i16 %zext_ln463_1, i16 %layerStartY" [/home/izaan/GitRepos/dpdma_exdes/vivado_quad_vmix/kv260_quad_vmix_dp.runs/bd_quad_vmix_dp_v_mix_0_0_synth_1/prj/sol/.autopilot/db/v_mix.cpp:463]   --->   Operation 47 'icmp' 'ult' <Predicate = (!icmp_ln463)> <Delay = 0.85> <CoreInst = "Cmp">   --->   Core 9 'Cmp' <Latency = 0> <II = 1> <Delay = 0.85> <FuncUnit> <Opcode : 'seteq' 'setne' 'setle' 'setge' 'setlt' 'setgt'> <InPorts = 2> <OutPorts = 1>
ST_2 : Operation 48 [1/1] (0.28ns)   --->   "%rev12 = xor i1 %ult, i1 1" [/home/izaan/GitRepos/dpdma_exdes/vivado_quad_vmix/kv260_quad_vmix_dp.runs/bd_quad_vmix_dp_v_mix_0_0_synth_1/prj/sol/.autopilot/db/v_mix.cpp:463]   --->   Operation 48 'xor' 'rev12' <Predicate = (!icmp_ln463)> <Delay = 0.28> <CoreInst = "LogicGate">   --->   Core 74 'LogicGate' <Latency = 0> <II = 1> <Delay = 0.28> <FuncUnit> <Opcode : 'and' 'or' 'xor'> <InPorts = 2> <OutPorts = 1>
ST_2 : Operation 49 [1/1] (0.86ns)   --->   "%cmp61 = icmp_ugt  i17 %add60, i17 %zext_ln463" [/home/izaan/GitRepos/dpdma_exdes/vivado_quad_vmix/kv260_quad_vmix_dp.runs/bd_quad_vmix_dp_v_mix_0_0_synth_1/prj/sol/.autopilot/db/v_mix.cpp:449]   --->   Operation 49 'icmp' 'cmp61' <Predicate = (!icmp_ln463)> <Delay = 0.86> <CoreInst = "Cmp">   --->   Core 9 'Cmp' <Latency = 0> <II = 1> <Delay = 0.86> <FuncUnit> <Opcode : 'seteq' 'setne' 'setle' 'setge' 'setlt' 'setgt'> <InPorts = 2> <OutPorts = 1>
ST_2 : Operation 50 [2/2] (1.22ns)   --->   "%call_ln450 = call void @v_mix_core_alpha<false, false>.22_Pipeline_VITIS_LOOP_465_3, i11 %div_cast, i48 %outLayer4, i48 %outLayer3, i15 %div65_cast, i16 %div72_cast, i1 %cmp61, i1 %rev12, i48 %srcLayer4x, i1 %tmp_4" [/home/izaan/GitRepos/dpdma_exdes/vivado_quad_vmix/kv260_quad_vmix_dp.runs/bd_quad_vmix_dp_v_mix_0_0_synth_1/prj/sol/.autopilot/db/v_mix.cpp:450]   --->   Operation 50 'call' 'call_ln450' <Predicate = (!icmp_ln463)> <Delay = 1.22> <CoreType = "Generic">   --->   Generic Core
ST_2 : Operation 51 [1/1] (0.42ns)   --->   "%store_ln440 = store i12 %add_ln463, i12 %y" [/home/izaan/GitRepos/dpdma_exdes/vivado_quad_vmix/kv260_quad_vmix_dp.runs/bd_quad_vmix_dp_v_mix_0_0_synth_1/prj/sol/.autopilot/db/v_mix.cpp:440]   --->   Operation 51 'store' 'store_ln440' <Predicate = (!icmp_ln463)> <Delay = 0.42>
ST_2 : Operation 52 [1/1] (0.00ns)   --->   "%ret_ln496 = ret" [/home/izaan/GitRepos/dpdma_exdes/vivado_quad_vmix/kv260_quad_vmix_dp.runs/bd_quad_vmix_dp_v_mix_0_0_synth_1/prj/sol/.autopilot/db/v_mix.cpp:496]   --->   Operation 52 'ret' 'ret_ln496' <Predicate = (icmp_ln463)> <Delay = 0.00>

State 3 <SV = 2> <Delay = 1.65>
ST_3 : Operation 53 [1/1] (0.00ns)   --->   "%specloopname_ln463 = specloopname void @_ssdm_op_SpecLoopName, void @empty_12" [/home/izaan/GitRepos/dpdma_exdes/vivado_quad_vmix/kv260_quad_vmix_dp.runs/bd_quad_vmix_dp_v_mix_0_0_synth_1/prj/sol/.autopilot/db/v_mix.cpp:463]   --->   Operation 53 'specloopname' 'specloopname_ln463' <Predicate = true> <Delay = 0.00>
ST_3 : Operation 54 [1/2] (1.65ns)   --->   "%call_ln450 = call void @v_mix_core_alpha<false, false>.22_Pipeline_VITIS_LOOP_465_3, i11 %div_cast, i48 %outLayer4, i48 %outLayer3, i15 %div65_cast, i16 %div72_cast, i1 %cmp61, i1 %rev12, i48 %srcLayer4x, i1 %tmp_4" [/home/izaan/GitRepos/dpdma_exdes/vivado_quad_vmix/kv260_quad_vmix_dp.runs/bd_quad_vmix_dp_v_mix_0_0_synth_1/prj/sol/.autopilot/db/v_mix.cpp:450]   --->   Operation 54 'call' 'call_ln450' <Predicate = true> <Delay = 1.65> <CoreType = "Generic">   --->   Generic Core
ST_3 : Operation 55 [1/1] (0.00ns)   --->   "%br_ln463 = br void %VITIS_LOOP_465_3" [/home/izaan/GitRepos/dpdma_exdes/vivado_quad_vmix/kv260_quad_vmix_dp.runs/bd_quad_vmix_dp_v_mix_0_0_synth_1/prj/sol/.autopilot/db/v_mix.cpp:463]   --->   Operation 55 'br' 'br_ln463' <Predicate = true> <Delay = 0.00>


============================================================
+ Verbose Summary: Binding
============================================================
STG Binding: 
---------------- STG Properties BEGIN ----------------
- Is combinational: 0
- Is one-state seq: 0
- Is datapath-only: 0
- Is pipelined: 0
- Is top level: 0
Port [ Return ] is wired: 1; IO mode=ap_ctrl_hs:ce=0
Port [ outLayer3]:  wired=1; compound=1; hidden=0; nouse=0; global=0; static=0; extern=0; dir=0; type=3; pingpong=0; private_global=0; IO mode=ap_fifo:ce=0
Port [ srcLayer4x]:  wired=1; compound=1; hidden=0; nouse=0; global=0; static=0; extern=0; dir=0; type=3; pingpong=0; private_global=0; IO mode=ap_fifo:ce=0
Port [ hwReg_width_val]:  wired=1; compound=0; hidden=0; nouse=0; global=0; static=0; extern=0; dir=0; type=0; pingpong=0; private_global=0; IO mode=ap_stable:ce=0
Port [ hwReg_height_val]:  wired=1; compound=0; hidden=0; nouse=0; global=0; static=0; extern=0; dir=0; type=0; pingpong=0; private_global=0; IO mode=ap_stable:ce=0
Port [ hwReg_layerEnable_val]:  wired=1; compound=1; hidden=0; nouse=0; global=0; static=0; extern=0; dir=0; type=3; pingpong=0; private_global=0; IO mode=ap_fifo:ce=0
Port [ hwReg_layerStartX_4_val]:  wired=1; compound=1; hidden=0; nouse=0; global=0; static=0; extern=0; dir=0; type=3; pingpong=0; private_global=0; IO mode=ap_fifo:ce=0
Port [ hwReg_layerStartY_4_val]:  wired=1; compound=1; hidden=0; nouse=0; global=0; static=0; extern=0; dir=0; type=3; pingpong=0; private_global=0; IO mode=ap_fifo:ce=0
Port [ hwReg_layerWidth_4_val]:  wired=1; compound=1; hidden=0; nouse=0; global=0; static=0; extern=0; dir=0; type=3; pingpong=0; private_global=0; IO mode=ap_fifo:ce=0
Port [ hwReg_layerHeight_4_val]:  wired=1; compound=1; hidden=0; nouse=0; global=0; static=0; extern=0; dir=0; type=3; pingpong=0; private_global=0; IO mode=ap_fifo:ce=0
Port [ hwReg_layerScaleFactor_4_val]:  wired=1; compound=1; hidden=0; nouse=0; global=0; static=0; extern=0; dir=0; type=3; pingpong=0; private_global=0; IO mode=ap_fifo:ce=0
Port [ outLayer4]:  wired=1; compound=1; hidden=0; nouse=0; global=0; static=0; extern=0; dir=1; type=3; pingpong=0; private_global=0; IO mode=ap_fifo:ce=0
---------------- STG Properties END ------------------

---------------- Datapath Model BEGIN ----------------

<LifeTime>
<method=bitvector/>
y                                       (alloca           ) [ 0111]
specinterface_ln0                       (specinterface    ) [ 0000]
hwReg_height_val_read                   (read             ) [ 0011]
hwReg_width_val_read                    (read             ) [ 0000]
hwReg_layerScaleFactor_4_val_read       (read             ) [ 0000]
specinterface_ln0                       (specinterface    ) [ 0000]
hwReg_layerHeight_4_val_read            (read             ) [ 0000]
specinterface_ln0                       (specinterface    ) [ 0000]
hwReg_layerWidth_4_val_read             (read             ) [ 0000]
specinterface_ln0                       (specinterface    ) [ 0000]
layerStartY                             (read             ) [ 0011]
specinterface_ln0                       (specinterface    ) [ 0000]
layerStartX                             (read             ) [ 0000]
specinterface_ln0                       (specinterface    ) [ 0000]
hwReg_layerEnable_val_read              (read             ) [ 0000]
specstablecontent_ln0                   (specstablecontent) [ 0000]
specstablecontent_ln0                   (specstablecontent) [ 0000]
specinterface_ln0                       (specinterface    ) [ 0000]
specinterface_ln0                       (specinterface    ) [ 0000]
specinterface_ln0                       (specinterface    ) [ 0000]
hwReg_layerScaleFactor_4_val_readcast   (zext             ) [ 0000]
shl_ln449                               (shl              ) [ 0000]
hwReg_layerScaleFactor_4_val_readcast13 (zext             ) [ 0000]
shl_ln450                               (shl              ) [ 0000]
div_cast                                (partselect       ) [ 0011]
hwReg_layerStartY_4_val_cast            (zext             ) [ 0000]
layerHeight_cast                        (zext             ) [ 0000]
add60                                   (add              ) [ 0011]
hwReg_layerStartX_4_val_cast            (zext             ) [ 0000]
div65_cast                              (partselect       ) [ 0011]
layerWidth_cast                         (zext             ) [ 0000]
add71                                   (add              ) [ 0000]
div72_cast                              (partselect       ) [ 0011]
tmp_4                                   (bitselect        ) [ 0011]
store_ln440                             (store            ) [ 0000]
br_ln463                                (br               ) [ 0000]
y_20                                    (load             ) [ 0000]
icmp_ln463                              (icmp             ) [ 0011]
speclooptripcount_ln0                   (speclooptripcount) [ 0000]
add_ln463                               (add              ) [ 0000]
br_ln463                                (br               ) [ 0000]
zext_ln463                              (zext             ) [ 0000]
zext_ln463_1                            (zext             ) [ 0000]
ult                                     (icmp             ) [ 0000]
rev12                                   (xor              ) [ 0001]
cmp61                                   (icmp             ) [ 0001]
store_ln440                             (store            ) [ 0000]
ret_ln496                               (ret              ) [ 0000]
specloopname_ln463                      (specloopname     ) [ 0000]
call_ln450                              (call             ) [ 0000]
br_ln463                                (br               ) [ 0000]
</LifeTime>

<model>

<comp_list>
<comp id="0" class="1000" name="outLayer3">
<pin_list>
<pin id="1" dir="1" index="0" bw="1" slack="0"/>
</pin_list>
<bind>
<StgValue><ssdm name="outLayer3"/></StgValue>
</bind>
</comp>

<comp id="2" class="1000" name="srcLayer4x">
<pin_list>
<pin id="3" dir="1" index="0" bw="1" slack="0"/>
</pin_list>
<bind>
<StgValue><ssdm name="srcLayer4x"/></StgValue>
</bind>
</comp>

<comp id="4" class="1000" name="hwReg_width_val">
<pin_list>
<pin id="5" dir="1" index="0" bw="1" slack="0"/>
</pin_list>
<bind>
<StgValue><ssdm name="hwReg_width_val"/></StgValue>
</bind>
</comp>

<comp id="6" class="1000" name="hwReg_height_val">
<pin_list>
<pin id="7" dir="1" index="0" bw="1" slack="0"/>
</pin_list>
<bind>
<StgValue><ssdm name="hwReg_height_val"/></StgValue>
</bind>
</comp>

<comp id="8" class="1000" name="hwReg_layerEnable_val">
<pin_list>
<pin id="9" dir="1" index="0" bw="1" slack="0"/>
</pin_list>
<bind>
<StgValue><ssdm name="hwReg_layerEnable_val"/></StgValue>
</bind>
</comp>

<comp id="10" class="1000" name="hwReg_layerStartX_4_val">
<pin_list>
<pin id="11" dir="1" index="0" bw="1" slack="0"/>
</pin_list>
<bind>
<StgValue><ssdm name="hwReg_layerStartX_4_val"/></StgValue>
</bind>
</comp>

<comp id="12" class="1000" name="hwReg_layerStartY_4_val">
<pin_list>
<pin id="13" dir="1" index="0" bw="1" slack="0"/>
</pin_list>
<bind>
<StgValue><ssdm name="hwReg_layerStartY_4_val"/></StgValue>
</bind>
</comp>

<comp id="14" class="1000" name="hwReg_layerWidth_4_val">
<pin_list>
<pin id="15" dir="1" index="0" bw="1" slack="0"/>
</pin_list>
<bind>
<StgValue><ssdm name="hwReg_layerWidth_4_val"/></StgValue>
</bind>
</comp>

<comp id="16" class="1000" name="hwReg_layerHeight_4_val">
<pin_list>
<pin id="17" dir="1" index="0" bw="1" slack="0"/>
</pin_list>
<bind>
<StgValue><ssdm name="hwReg_layerHeight_4_val"/></StgValue>
</bind>
</comp>

<comp id="18" class="1000" name="hwReg_layerScaleFactor_4_val">
<pin_list>
<pin id="19" dir="1" index="0" bw="1" slack="0"/>
</pin_list>
<bind>
<StgValue><ssdm name="hwReg_layerScaleFactor_4_val"/></StgValue>
</bind>
</comp>

<comp id="20" class="1000" name="outLayer4">
<pin_list>
<pin id="21" dir="1" index="0" bw="1" slack="0"/>
</pin_list>
<bind>
<StgValue><ssdm name="outLayer4"/></StgValue>
</bind>
</comp>

<comp id="22" class="1001" name="const_22">
<pin_list>
<pin id="23" dir="1" index="0" bw="1" slack="0"/>
</pin_list>
<bind>
<StgValue><ssdm name=""/></StgValue>
</bind>
</comp>

<comp id="24" class="1001" name="const_24">
<pin_list>
<pin id="25" dir="1" index="0" bw="1" slack="2147483647"/>
</pin_list>
<bind>
<StgValue><ssdm name="_ssdm_op_SpecInterface"/></StgValue>
</bind>
</comp>

<comp id="26" class="1001" name="const_26">
<pin_list>
<pin id="27" dir="1" index="0" bw="1" slack="2147483647"/>
</pin_list>
<bind>
<StgValue><ssdm name="ap_fifo_str"/></StgValue>
</bind>
</comp>

<comp id="28" class="1001" name="const_28">
<pin_list>
<pin id="29" dir="1" index="0" bw="1" slack="2147483647"/>
</pin_list>
<bind>
<StgValue><ssdm name=""/></StgValue>
</bind>
</comp>

<comp id="30" class="1001" name="const_30">
<pin_list>
<pin id="31" dir="1" index="0" bw="1" slack="2147483647"/>
</pin_list>
<bind>
<StgValue><ssdm name="p_str"/></StgValue>
</bind>
</comp>

<comp id="32" class="1001" name="const_32">
<pin_list>
<pin id="33" dir="1" index="0" bw="1" slack="2147483647"/>
</pin_list>
<bind>
<StgValue><ssdm name=""/></StgValue>
</bind>
</comp>

<comp id="34" class="1001" name="const_34">
<pin_list>
<pin id="35" dir="1" index="0" bw="1" slack="0"/>
</pin_list>
<bind>
<StgValue><ssdm name=""/></StgValue>
</bind>
</comp>

<comp id="36" class="1001" name="const_36">
<pin_list>
<pin id="37" dir="1" index="0" bw="1" slack="2147483647"/>
</pin_list>
<bind>
<StgValue><ssdm name="ScalarProp_str"/></StgValue>
</bind>
</comp>

<comp id="38" class="1001" name="const_38">
<pin_list>
<pin id="39" dir="1" index="0" bw="1" slack="2147483647"/>
</pin_list>
<bind>
<StgValue><ssdm name=""/></StgValue>
</bind>
</comp>

<comp id="40" class="1001" name="const_40">
<pin_list>
<pin id="41" dir="1" index="0" bw="1" slack="0"/>
</pin_list>
<bind>
<StgValue><ssdm name="_ssdm_op_Read.ap_auto.i12"/></StgValue>
</bind>
</comp>

<comp id="42" class="1001" name="const_42">
<pin_list>
<pin id="43" dir="1" index="0" bw="1" slack="0"/>
</pin_list>
<bind>
<StgValue><ssdm name="_ssdm_op_Read.ap_fifo.i8P0A"/></StgValue>
</bind>
</comp>

<comp id="44" class="1001" name="const_44">
<pin_list>
<pin id="45" dir="1" index="0" bw="1" slack="0"/>
</pin_list>
<bind>
<StgValue><ssdm name="_ssdm_op_Read.ap_fifo.i16P0A"/></StgValue>
</bind>
</comp>

<comp id="46" class="1001" name="const_46">
<pin_list>
<pin id="47" dir="1" index="0" bw="1" slack="0"/>
</pin_list>
<bind>
<StgValue><ssdm name="_ssdm_op_Read.ap_fifo.i5P0A"/></StgValue>
</bind>
</comp>

<comp id="48" class="1001" name="const_48">
<pin_list>
<pin id="49" dir="1" index="0" bw="1" slack="2147483647"/>
</pin_list>
<bind>
<StgValue><ssdm name="_ssdm_op_SpecStableContent"/></StgValue>
</bind>
</comp>

<comp id="50" class="1001" name="const_50">
<pin_list>
<pin id="51" dir="1" index="0" bw="1" slack="2147483647"/>
</pin_list>
<bind>
<StgValue><ssdm name=""/></StgValue>
</bind>
</comp>

<comp id="52" class="1001" name="const_52">
<pin_list>
<pin id="53" dir="1" index="0" bw="1" slack="2147483647"/>
</pin_list>
<bind>
<StgValue><ssdm name="empty_17"/></StgValue>
</bind>
</comp>

<comp id="54" class="1001" name="const_54">
<pin_list>
<pin id="55" dir="1" index="0" bw="1" slack="2147483647"/>
</pin_list>
<bind>
<StgValue><ssdm name="empty_54"/></StgValue>
</bind>
</comp>

<comp id="56" class="1001" name="const_56">
<pin_list>
<pin id="57" dir="1" index="0" bw="1" slack="0"/>
</pin_list>
<bind>
<StgValue><ssdm name="_ssdm_op_PartSelect.i11.i12.i32.i32"/></StgValue>
</bind>
</comp>

<comp id="58" class="1001" name="const_58">
<pin_list>
<pin id="59" dir="1" index="0" bw="1" slack="0"/>
</pin_list>
<bind>
<StgValue><ssdm name=""/></StgValue>
</bind>
</comp>

<comp id="60" class="1001" name="const_60">
<pin_list>
<pin id="61" dir="1" index="0" bw="1" slack="0"/>
</pin_list>
<bind>
<StgValue><ssdm name="_ssdm_op_PartSelect.i15.i16.i32.i32"/></StgValue>
</bind>
</comp>

<comp id="62" class="1001" name="const_62">
<pin_list>
<pin id="63" dir="1" index="0" bw="1" slack="0"/>
</pin_list>
<bind>
<StgValue><ssdm name=""/></StgValue>
</bind>
</comp>

<comp id="64" class="1001" name="const_64">
<pin_list>
<pin id="65" dir="1" index="0" bw="1" slack="0"/>
</pin_list>
<bind>
<StgValue><ssdm name="_ssdm_op_PartSelect.i16.i17.i32.i32"/></StgValue>
</bind>
</comp>

<comp id="66" class="1001" name="const_66">
<pin_list>
<pin id="67" dir="1" index="0" bw="1" slack="0"/>
</pin_list>
<bind>
<StgValue><ssdm name="_ssdm_op_BitSelect.i1.i5.i32"/></StgValue>
</bind>
</comp>

<comp id="68" class="1001" name="const_68">
<pin_list>
<pin id="69" dir="1" index="0" bw="1" slack="0"/>
</pin_list>
<bind>
<StgValue><ssdm name=""/></StgValue>
</bind>
</comp>

<comp id="70" class="1001" name="const_70">
<pin_list>
<pin id="71" dir="1" index="0" bw="1" slack="0"/>
</pin_list>
<bind>
<StgValue><ssdm name=""/></StgValue>
</bind>
</comp>

<comp id="72" class="1001" name="const_72">
<pin_list>
<pin id="73" dir="1" index="0" bw="1" slack="2147483647"/>
</pin_list>
<bind>
<StgValue><ssdm name="_ssdm_op_SpecLoopTripCount"/></StgValue>
</bind>
</comp>

<comp id="74" class="1001" name="const_74">
<pin_list>
<pin id="75" dir="1" index="0" bw="1" slack="2147483647"/>
</pin_list>
<bind>
<StgValue><ssdm name=""/></StgValue>
</bind>
</comp>

<comp id="76" class="1001" name="const_76">
<pin_list>
<pin id="77" dir="1" index="0" bw="1" slack="2147483647"/>
</pin_list>
<bind>
<StgValue><ssdm name=""/></StgValue>
</bind>
</comp>

<comp id="78" class="1001" name="const_78">
<pin_list>
<pin id="79" dir="1" index="0" bw="1" slack="2147483647"/>
</pin_list>
<bind>
<StgValue><ssdm name=""/></StgValue>
</bind>
</comp>

<comp id="80" class="1001" name="const_80">
<pin_list>
<pin id="81" dir="1" index="0" bw="1" slack="0"/>
</pin_list>
<bind>
<StgValue><ssdm name=""/></StgValue>
</bind>
</comp>

<comp id="82" class="1001" name="const_82">
<pin_list>
<pin id="83" dir="1" index="0" bw="1" slack="0"/>
</pin_list>
<bind>
<StgValue><ssdm name=""/></StgValue>
</bind>
</comp>

<comp id="84" class="1001" name="const_84">
<pin_list>
<pin id="85" dir="1" index="0" bw="1" slack="0"/>
</pin_list>
<bind>
<StgValue><ssdm name="v_mix_core_alpha<false, false>.22_Pipeline_VITIS_LOOP_465_3"/></StgValue>
</bind>
</comp>

<comp id="86" class="1001" name="const_86">
<pin_list>
<pin id="87" dir="1" index="0" bw="1" slack="2147483647"/>
</pin_list>
<bind>
<StgValue><ssdm name="_ssdm_op_SpecLoopName"/></StgValue>
</bind>
</comp>

<comp id="88" class="1001" name="const_88">
<pin_list>
<pin id="89" dir="1" index="0" bw="1" slack="2147483647"/>
</pin_list>
<bind>
<StgValue><ssdm name="empty_12"/></StgValue>
</bind>
</comp>

<comp id="90" class="1004" name="y_fu_90">
<pin_list>
<pin id="91" dir="0" index="0" bw="1" slack="0"/>
<pin id="92" dir="1" index="1" bw="12" slack="0"/>
</pin_list>
<bind>
<opcode="alloca(26) " fcode="alloca"/>
<opset="y/1 "/>
</bind>
</comp>

<comp id="94" class="1004" name="hwReg_height_val_read_read_fu_94">
<pin_list>
<pin id="95" dir="0" index="0" bw="12" slack="0"/>
<pin id="96" dir="0" index="1" bw="12" slack="0"/>
<pin id="97" dir="1" index="2" bw="12" slack="1"/>
</pin_list>
<bind>
<opcode="read(1150) " fcode="read"/>
<opset="hwReg_height_val_read/1 "/>
</bind>
</comp>

<comp id="100" class="1004" name="hwReg_width_val_read_read_fu_100">
<pin_list>
<pin id="101" dir="0" index="0" bw="12" slack="0"/>
<pin id="102" dir="0" index="1" bw="12" slack="0"/>
<pin id="103" dir="1" index="2" bw="12" slack="0"/>
</pin_list>
<bind>
<opcode="read(1150) " fcode="read"/>
<opset="hwReg_width_val_read/1 "/>
</bind>
</comp>

<comp id="106" class="1004" name="hwReg_layerScaleFactor_4_val_read_read_fu_106">
<pin_list>
<pin id="107" dir="0" index="0" bw="8" slack="0"/>
<pin id="108" dir="0" index="1" bw="8" slack="0"/>
<pin id="109" dir="1" index="2" bw="8" slack="0"/>
</pin_list>
<bind>
<opcode="read(1150) " fcode="read"/>
<opset="hwReg_layerScaleFactor_4_val_read/1 "/>
</bind>
</comp>

<comp id="112" class="1004" name="hwReg_layerHeight_4_val_read_read_fu_112">
<pin_list>
<pin id="113" dir="0" index="0" bw="16" slack="0"/>
<pin id="114" dir="0" index="1" bw="16" slack="0"/>
<pin id="115" dir="1" index="2" bw="16" slack="0"/>
</pin_list>
<bind>
<opcode="read(1150) " fcode="read"/>
<opset="hwReg_layerHeight_4_val_read/1 "/>
</bind>
</comp>

<comp id="118" class="1004" name="hwReg_layerWidth_4_val_read_read_fu_118">
<pin_list>
<pin id="119" dir="0" index="0" bw="16" slack="0"/>
<pin id="120" dir="0" index="1" bw="16" slack="0"/>
<pin id="121" dir="1" index="2" bw="16" slack="0"/>
</pin_list>
<bind>
<opcode="read(1150) " fcode="read"/>
<opset="hwReg_layerWidth_4_val_read/1 "/>
</bind>
</comp>

<comp id="124" class="1004" name="layerStartY_read_fu_124">
<pin_list>
<pin id="125" dir="0" index="0" bw="16" slack="0"/>
<pin id="126" dir="0" index="1" bw="16" slack="0"/>
<pin id="127" dir="1" index="2" bw="16" slack="0"/>
</pin_list>
<bind>
<opcode="read(1150) " fcode="read"/>
<opset="layerStartY/1 "/>
</bind>
</comp>

<comp id="130" class="1004" name="layerStartX_read_fu_130">
<pin_list>
<pin id="131" dir="0" index="0" bw="16" slack="0"/>
<pin id="132" dir="0" index="1" bw="16" slack="0"/>
<pin id="133" dir="1" index="2" bw="16" slack="0"/>
</pin_list>
<bind>
<opcode="read(1150) " fcode="read"/>
<opset="layerStartX/1 "/>
</bind>
</comp>

<comp id="136" class="1004" name="hwReg_layerEnable_val_read_read_fu_136">
<pin_list>
<pin id="137" dir="0" index="0" bw="5" slack="0"/>
<pin id="138" dir="0" index="1" bw="5" slack="0"/>
<pin id="139" dir="1" index="2" bw="5" slack="0"/>
</pin_list>
<bind>
<opcode="read(1150) " fcode="read"/>
<opset="hwReg_layerEnable_val_read/1 "/>
</bind>
</comp>

<comp id="142" class="1004" name="grp_v_mix_core_alpha_false_false_22_Pipeline_VITIS_LOOP_465_3_fu_142">
<pin_list>
<pin id="143" dir="0" index="0" bw="0" slack="0"/>
<pin id="144" dir="0" index="1" bw="11" slack="1"/>
<pin id="145" dir="0" index="2" bw="48" slack="0"/>
<pin id="146" dir="0" index="3" bw="48" slack="0"/>
<pin id="147" dir="0" index="4" bw="15" slack="1"/>
<pin id="148" dir="0" index="5" bw="16" slack="1"/>
<pin id="149" dir="0" index="6" bw="1" slack="0"/>
<pin id="150" dir="0" index="7" bw="1" slack="0"/>
<pin id="151" dir="0" index="8" bw="48" slack="0"/>
<pin id="152" dir="0" index="9" bw="1" slack="1"/>
<pin id="153" dir="1" index="10" bw="0" slack="2147483647"/>
</pin_list>
<bind>
<opcode="call(48) " fcode="call"/>
<opset="call_ln450/2 "/>
</bind>
</comp>

<comp id="158" class="1004" name="hwReg_layerScaleFactor_4_val_readcast_fu_158">
<pin_list>
<pin id="159" dir="0" index="0" bw="8" slack="0"/>
<pin id="160" dir="1" index="1" bw="16" slack="0"/>
</pin_list>
<bind>
<opcode="zext(34) " fcode="zext"/>
<opset="hwReg_layerScaleFactor_4_val_readcast/1 "/>
</bind>
</comp>

<comp id="162" class="1004" name="shl_ln449_fu_162">
<pin_list>
<pin id="163" dir="0" index="0" bw="16" slack="0"/>
<pin id="164" dir="0" index="1" bw="8" slack="0"/>
<pin id="165" dir="1" index="2" bw="16" slack="0"/>
</pin_list>
<bind>
<opcode="shl(20) " fcode="shl"/>
<opset="shl_ln449/1 "/>
</bind>
</comp>

<comp id="168" class="1004" name="hwReg_layerScaleFactor_4_val_readcast13_fu_168">
<pin_list>
<pin id="169" dir="0" index="0" bw="8" slack="0"/>
<pin id="170" dir="1" index="1" bw="16" slack="0"/>
</pin_list>
<bind>
<opcode="zext(34) " fcode="zext"/>
<opset="hwReg_layerScaleFactor_4_val_readcast13/1 "/>
</bind>
</comp>

<comp id="172" class="1004" name="shl_ln450_fu_172">
<pin_list>
<pin id="173" dir="0" index="0" bw="16" slack="0"/>
<pin id="174" dir="0" index="1" bw="8" slack="0"/>
<pin id="175" dir="1" index="2" bw="16" slack="0"/>
</pin_list>
<bind>
<opcode="shl(20) " fcode="shl"/>
<opset="shl_ln450/1 "/>
</bind>
</comp>

<comp id="178" class="1004" name="div_cast_fu_178">
<pin_list>
<pin id="179" dir="0" index="0" bw="11" slack="0"/>
<pin id="180" dir="0" index="1" bw="12" slack="0"/>
<pin id="181" dir="0" index="2" bw="1" slack="0"/>
<pin id="182" dir="0" index="3" bw="5" slack="0"/>
<pin id="183" dir="1" index="4" bw="11" slack="1"/>
</pin_list>
<bind>
<opcode="partselect(1002) " fcode="partselect"/>
<opset="div_cast/1 "/>
</bind>
</comp>

<comp id="188" class="1004" name="hwReg_layerStartY_4_val_cast_fu_188">
<pin_list>
<pin id="189" dir="0" index="0" bw="16" slack="0"/>
<pin id="190" dir="1" index="1" bw="17" slack="0"/>
</pin_list>
<bind>
<opcode="zext(34) " fcode="zext"/>
<opset="hwReg_layerStartY_4_val_cast/1 "/>
</bind>
</comp>

<comp id="192" class="1004" name="layerHeight_cast_fu_192">
<pin_list>
<pin id="193" dir="0" index="0" bw="16" slack="0"/>
<pin id="194" dir="1" index="1" bw="17" slack="0"/>
</pin_list>
<bind>
<opcode="zext(34) " fcode="zext"/>
<opset="layerHeight_cast/1 "/>
</bind>
</comp>

<comp id="196" class="1004" name="add60_fu_196">
<pin_list>
<pin id="197" dir="0" index="0" bw="16" slack="0"/>
<pin id="198" dir="0" index="1" bw="16" slack="0"/>
<pin id="199" dir="1" index="2" bw="17" slack="1"/>
</pin_list>
<bind>
<opcode="add(8) " fcode="add"/>
<opset="add60/1 "/>
</bind>
</comp>

<comp id="202" class="1004" name="hwReg_layerStartX_4_val_cast_fu_202">
<pin_list>
<pin id="203" dir="0" index="0" bw="16" slack="0"/>
<pin id="204" dir="1" index="1" bw="17" slack="0"/>
</pin_list>
<bind>
<opcode="zext(34) " fcode="zext"/>
<opset="hwReg_layerStartX_4_val_cast/1 "/>
</bind>
</comp>

<comp id="206" class="1004" name="div65_cast_fu_206">
<pin_list>
<pin id="207" dir="0" index="0" bw="15" slack="0"/>
<pin id="208" dir="0" index="1" bw="16" slack="0"/>
<pin id="209" dir="0" index="2" bw="1" slack="0"/>
<pin id="210" dir="0" index="3" bw="5" slack="0"/>
<pin id="211" dir="1" index="4" bw="15" slack="1"/>
</pin_list>
<bind>
<opcode="partselect(1002) " fcode="partselect"/>
<opset="div65_cast/1 "/>
</bind>
</comp>

<comp id="216" class="1004" name="layerWidth_cast_fu_216">
<pin_list>
<pin id="217" dir="0" index="0" bw="16" slack="0"/>
<pin id="218" dir="1" index="1" bw="17" slack="0"/>
</pin_list>
<bind>
<opcode="zext(34) " fcode="zext"/>
<opset="layerWidth_cast/1 "/>
</bind>
</comp>

<comp id="220" class="1004" name="add71_fu_220">
<pin_list>
<pin id="221" dir="0" index="0" bw="16" slack="0"/>
<pin id="222" dir="0" index="1" bw="16" slack="0"/>
<pin id="223" dir="1" index="2" bw="17" slack="0"/>
</pin_list>
<bind>
<opcode="add(8) " fcode="add"/>
<opset="add71/1 "/>
</bind>
</comp>

<comp id="226" class="1004" name="div72_cast_fu_226">
<pin_list>
<pin id="227" dir="0" index="0" bw="16" slack="0"/>
<pin id="228" dir="0" index="1" bw="17" slack="0"/>
<pin id="229" dir="0" index="2" bw="1" slack="0"/>
<pin id="230" dir="0" index="3" bw="6" slack="0"/>
<pin id="231" dir="1" index="4" bw="16" slack="1"/>
</pin_list>
<bind>
<opcode="partselect(1002) " fcode="partselect"/>
<opset="div72_cast/1 "/>
</bind>
</comp>

<comp id="236" class="1004" name="tmp_4_fu_236">
<pin_list>
<pin id="237" dir="0" index="0" bw="1" slack="0"/>
<pin id="238" dir="0" index="1" bw="5" slack="0"/>
<pin id="239" dir="0" index="2" bw="4" slack="0"/>
<pin id="240" dir="1" index="3" bw="1" slack="1"/>
</pin_list>
<bind>
<opcode="bitselect(1000) " fcode="bitselect"/>
<opset="tmp_4/1 "/>
</bind>
</comp>

<comp id="244" class="1004" name="store_ln440_store_fu_244">
<pin_list>
<pin id="245" dir="0" index="0" bw="1" slack="0"/>
<pin id="246" dir="0" index="1" bw="12" slack="0"/>
<pin id="247" dir="1" index="2" bw="0" slack="2147483647"/>
</pin_list>
<bind>
<opcode="store(28) " fcode="store"/>
<opset="store_ln440/1 "/>
</bind>
</comp>

<comp id="249" class="1004" name="y_20_load_fu_249">
<pin_list>
<pin id="250" dir="0" index="0" bw="12" slack="1"/>
<pin id="251" dir="1" index="1" bw="12" slack="0"/>
</pin_list>
<bind>
<opcode="load(27) " fcode="load"/>
<opset="y_20/2 "/>
</bind>
</comp>

<comp id="252" class="1004" name="icmp_ln463_fu_252">
<pin_list>
<pin id="253" dir="0" index="0" bw="12" slack="0"/>
<pin id="254" dir="0" index="1" bw="12" slack="1"/>
<pin id="255" dir="1" index="2" bw="1" slack="2147483647"/>
</pin_list>
<bind>
<opcode="icmp(45) " fcode="icmp"/>
<opset="icmp_ln463/2 "/>
</bind>
</comp>

<comp id="257" class="1004" name="add_ln463_fu_257">
<pin_list>
<pin id="258" dir="0" index="0" bw="12" slack="0"/>
<pin id="259" dir="0" index="1" bw="1" slack="0"/>
<pin id="260" dir="1" index="2" bw="12" slack="0"/>
</pin_list>
<bind>
<opcode="add(8) " fcode="add"/>
<opset="add_ln463/2 "/>
</bind>
</comp>

<comp id="263" class="1004" name="zext_ln463_fu_263">
<pin_list>
<pin id="264" dir="0" index="0" bw="12" slack="0"/>
<pin id="265" dir="1" index="1" bw="17" slack="0"/>
</pin_list>
<bind>
<opcode="zext(34) " fcode="zext"/>
<opset="zext_ln463/2 "/>
</bind>
</comp>

<comp id="267" class="1004" name="zext_ln463_1_fu_267">
<pin_list>
<pin id="268" dir="0" index="0" bw="12" slack="0"/>
<pin id="269" dir="1" index="1" bw="16" slack="0"/>
</pin_list>
<bind>
<opcode="zext(34) " fcode="zext"/>
<opset="zext_ln463_1/2 "/>
</bind>
</comp>

<comp id="271" class="1004" name="ult_fu_271">
<pin_list>
<pin id="272" dir="0" index="0" bw="16" slack="0"/>
<pin id="273" dir="0" index="1" bw="16" slack="1"/>
<pin id="274" dir="1" index="2" bw="1" slack="0"/>
</pin_list>
<bind>
<opcode="icmp(45) " fcode="icmp"/>
<opset="ult/2 "/>
</bind>
</comp>

<comp id="276" class="1004" name="rev12_fu_276">
<pin_list>
<pin id="277" dir="0" index="0" bw="1" slack="0"/>
<pin id="278" dir="0" index="1" bw="1" slack="0"/>
<pin id="279" dir="1" index="2" bw="1" slack="0"/>
</pin_list>
<bind>
<opcode="xor(25) " fcode="xor"/>
<opset="rev12/2 "/>
</bind>
</comp>

<comp id="283" class="1004" name="cmp61_fu_283">
<pin_list>
<pin id="284" dir="0" index="0" bw="17" slack="1"/>
<pin id="285" dir="0" index="1" bw="17" slack="0"/>
<pin id="286" dir="1" index="2" bw="1" slack="0"/>
</pin_list>
<bind>
<opcode="icmp(45) " fcode="icmp"/>
<opset="cmp61/2 "/>
</bind>
</comp>

<comp id="289" class="1004" name="store_ln440_store_fu_289">
<pin_list>
<pin id="290" dir="0" index="0" bw="12" slack="0"/>
<pin id="291" dir="0" index="1" bw="12" slack="1"/>
<pin id="292" dir="1" index="2" bw="0" slack="2147483647"/>
</pin_list>
<bind>
<opcode="store(28) " fcode="store"/>
<opset="store_ln440/2 "/>
</bind>
</comp>

<comp id="294" class="1005" name="y_reg_294">
<pin_list>
<pin id="295" dir="0" index="0" bw="12" slack="0"/>
<pin id="296" dir="1" index="1" bw="12" slack="0"/>
</pin_list>
<bind>
<opset="y "/>
</bind>
</comp>

<comp id="301" class="1005" name="hwReg_height_val_read_reg_301">
<pin_list>
<pin id="302" dir="0" index="0" bw="12" slack="1"/>
<pin id="303" dir="1" index="1" bw="12" slack="1"/>
</pin_list>
<bind>
<opset="hwReg_height_val_read "/>
</bind>
</comp>

<comp id="306" class="1005" name="layerStartY_reg_306">
<pin_list>
<pin id="307" dir="0" index="0" bw="16" slack="1"/>
<pin id="308" dir="1" index="1" bw="16" slack="1"/>
</pin_list>
<bind>
<opset="layerStartY "/>
</bind>
</comp>

<comp id="311" class="1005" name="div_cast_reg_311">
<pin_list>
<pin id="312" dir="0" index="0" bw="11" slack="1"/>
<pin id="313" dir="1" index="1" bw="11" slack="1"/>
</pin_list>
<bind>
<opset="div_cast "/>
</bind>
</comp>

<comp id="316" class="1005" name="add60_reg_316">
<pin_list>
<pin id="317" dir="0" index="0" bw="17" slack="1"/>
<pin id="318" dir="1" index="1" bw="17" slack="1"/>
</pin_list>
<bind>
<opset="add60 "/>
</bind>
</comp>

<comp id="321" class="1005" name="div65_cast_reg_321">
<pin_list>
<pin id="322" dir="0" index="0" bw="15" slack="1"/>
<pin id="323" dir="1" index="1" bw="15" slack="1"/>
</pin_list>
<bind>
<opset="div65_cast "/>
</bind>
</comp>

<comp id="326" class="1005" name="div72_cast_reg_326">
<pin_list>
<pin id="327" dir="0" index="0" bw="16" slack="1"/>
<pin id="328" dir="1" index="1" bw="16" slack="1"/>
</pin_list>
<bind>
<opset="div72_cast "/>
</bind>
</comp>

<comp id="331" class="1005" name="tmp_4_reg_331">
<pin_list>
<pin id="332" dir="0" index="0" bw="1" slack="1"/>
<pin id="333" dir="1" index="1" bw="1" slack="1"/>
</pin_list>
<bind>
<opset="tmp_4 "/>
</bind>
</comp>

<comp id="339" class="1005" name="rev12_reg_339">
<pin_list>
<pin id="340" dir="0" index="0" bw="1" slack="1"/>
<pin id="341" dir="1" index="1" bw="1" slack="1"/>
</pin_list>
<bind>
<opset="rev12 "/>
</bind>
</comp>

<comp id="344" class="1005" name="cmp61_reg_344">
<pin_list>
<pin id="345" dir="0" index="0" bw="1" slack="1"/>
<pin id="346" dir="1" index="1" bw="1" slack="1"/>
</pin_list>
<bind>
<opset="cmp61 "/>
</bind>
</comp>

</comp_list>

<net_list>
<net id="93"><net_src comp="22" pin="0"/><net_sink comp="90" pin=0"/></net>

<net id="98"><net_src comp="40" pin="0"/><net_sink comp="94" pin=0"/></net>

<net id="99"><net_src comp="6" pin="0"/><net_sink comp="94" pin=1"/></net>

<net id="104"><net_src comp="40" pin="0"/><net_sink comp="100" pin=0"/></net>

<net id="105"><net_src comp="4" pin="0"/><net_sink comp="100" pin=1"/></net>

<net id="110"><net_src comp="42" pin="0"/><net_sink comp="106" pin=0"/></net>

<net id="111"><net_src comp="18" pin="0"/><net_sink comp="106" pin=1"/></net>

<net id="116"><net_src comp="44" pin="0"/><net_sink comp="112" pin=0"/></net>

<net id="117"><net_src comp="16" pin="0"/><net_sink comp="112" pin=1"/></net>

<net id="122"><net_src comp="44" pin="0"/><net_sink comp="118" pin=0"/></net>

<net id="123"><net_src comp="14" pin="0"/><net_sink comp="118" pin=1"/></net>

<net id="128"><net_src comp="44" pin="0"/><net_sink comp="124" pin=0"/></net>

<net id="129"><net_src comp="12" pin="0"/><net_sink comp="124" pin=1"/></net>

<net id="134"><net_src comp="44" pin="0"/><net_sink comp="130" pin=0"/></net>

<net id="135"><net_src comp="10" pin="0"/><net_sink comp="130" pin=1"/></net>

<net id="140"><net_src comp="46" pin="0"/><net_sink comp="136" pin=0"/></net>

<net id="141"><net_src comp="8" pin="0"/><net_sink comp="136" pin=1"/></net>

<net id="154"><net_src comp="84" pin="0"/><net_sink comp="142" pin=0"/></net>

<net id="155"><net_src comp="20" pin="0"/><net_sink comp="142" pin=2"/></net>

<net id="156"><net_src comp="0" pin="0"/><net_sink comp="142" pin=3"/></net>

<net id="157"><net_src comp="2" pin="0"/><net_sink comp="142" pin=8"/></net>

<net id="161"><net_src comp="106" pin="2"/><net_sink comp="158" pin=0"/></net>

<net id="166"><net_src comp="112" pin="2"/><net_sink comp="162" pin=0"/></net>

<net id="167"><net_src comp="158" pin="1"/><net_sink comp="162" pin=1"/></net>

<net id="171"><net_src comp="106" pin="2"/><net_sink comp="168" pin=0"/></net>

<net id="176"><net_src comp="118" pin="2"/><net_sink comp="172" pin=0"/></net>

<net id="177"><net_src comp="168" pin="1"/><net_sink comp="172" pin=1"/></net>

<net id="184"><net_src comp="56" pin="0"/><net_sink comp="178" pin=0"/></net>

<net id="185"><net_src comp="100" pin="2"/><net_sink comp="178" pin=1"/></net>

<net id="186"><net_src comp="22" pin="0"/><net_sink comp="178" pin=2"/></net>

<net id="187"><net_src comp="58" pin="0"/><net_sink comp="178" pin=3"/></net>

<net id="191"><net_src comp="124" pin="2"/><net_sink comp="188" pin=0"/></net>

<net id="195"><net_src comp="162" pin="2"/><net_sink comp="192" pin=0"/></net>

<net id="200"><net_src comp="192" pin="1"/><net_sink comp="196" pin=0"/></net>

<net id="201"><net_src comp="188" pin="1"/><net_sink comp="196" pin=1"/></net>

<net id="205"><net_src comp="130" pin="2"/><net_sink comp="202" pin=0"/></net>

<net id="212"><net_src comp="60" pin="0"/><net_sink comp="206" pin=0"/></net>

<net id="213"><net_src comp="130" pin="2"/><net_sink comp="206" pin=1"/></net>

<net id="214"><net_src comp="22" pin="0"/><net_sink comp="206" pin=2"/></net>

<net id="215"><net_src comp="62" pin="0"/><net_sink comp="206" pin=3"/></net>

<net id="219"><net_src comp="172" pin="2"/><net_sink comp="216" pin=0"/></net>

<net id="224"><net_src comp="216" pin="1"/><net_sink comp="220" pin=0"/></net>

<net id="225"><net_src comp="202" pin="1"/><net_sink comp="220" pin=1"/></net>

<net id="232"><net_src comp="64" pin="0"/><net_sink comp="226" pin=0"/></net>

<net id="233"><net_src comp="220" pin="2"/><net_sink comp="226" pin=1"/></net>

<net id="234"><net_src comp="22" pin="0"/><net_sink comp="226" pin=2"/></net>

<net id="235"><net_src comp="34" pin="0"/><net_sink comp="226" pin=3"/></net>

<net id="241"><net_src comp="66" pin="0"/><net_sink comp="236" pin=0"/></net>

<net id="242"><net_src comp="136" pin="2"/><net_sink comp="236" pin=1"/></net>

<net id="243"><net_src comp="68" pin="0"/><net_sink comp="236" pin=2"/></net>

<net id="248"><net_src comp="70" pin="0"/><net_sink comp="244" pin=0"/></net>

<net id="256"><net_src comp="249" pin="1"/><net_sink comp="252" pin=0"/></net>

<net id="261"><net_src comp="249" pin="1"/><net_sink comp="257" pin=0"/></net>

<net id="262"><net_src comp="80" pin="0"/><net_sink comp="257" pin=1"/></net>

<net id="266"><net_src comp="249" pin="1"/><net_sink comp="263" pin=0"/></net>

<net id="270"><net_src comp="249" pin="1"/><net_sink comp="267" pin=0"/></net>

<net id="275"><net_src comp="267" pin="1"/><net_sink comp="271" pin=0"/></net>

<net id="280"><net_src comp="271" pin="2"/><net_sink comp="276" pin=0"/></net>

<net id="281"><net_src comp="82" pin="0"/><net_sink comp="276" pin=1"/></net>

<net id="282"><net_src comp="276" pin="2"/><net_sink comp="142" pin=7"/></net>

<net id="287"><net_src comp="263" pin="1"/><net_sink comp="283" pin=1"/></net>

<net id="288"><net_src comp="283" pin="2"/><net_sink comp="142" pin=6"/></net>

<net id="293"><net_src comp="257" pin="2"/><net_sink comp="289" pin=0"/></net>

<net id="297"><net_src comp="90" pin="1"/><net_sink comp="294" pin=0"/></net>

<net id="298"><net_src comp="294" pin="1"/><net_sink comp="244" pin=1"/></net>

<net id="299"><net_src comp="294" pin="1"/><net_sink comp="249" pin=0"/></net>

<net id="300"><net_src comp="294" pin="1"/><net_sink comp="289" pin=1"/></net>

<net id="304"><net_src comp="94" pin="2"/><net_sink comp="301" pin=0"/></net>

<net id="305"><net_src comp="301" pin="1"/><net_sink comp="252" pin=1"/></net>

<net id="309"><net_src comp="124" pin="2"/><net_sink comp="306" pin=0"/></net>

<net id="310"><net_src comp="306" pin="1"/><net_sink comp="271" pin=1"/></net>

<net id="314"><net_src comp="178" pin="4"/><net_sink comp="311" pin=0"/></net>

<net id="315"><net_src comp="311" pin="1"/><net_sink comp="142" pin=1"/></net>

<net id="319"><net_src comp="196" pin="2"/><net_sink comp="316" pin=0"/></net>

<net id="320"><net_src comp="316" pin="1"/><net_sink comp="283" pin=0"/></net>

<net id="324"><net_src comp="206" pin="4"/><net_sink comp="321" pin=0"/></net>

<net id="325"><net_src comp="321" pin="1"/><net_sink comp="142" pin=4"/></net>

<net id="329"><net_src comp="226" pin="4"/><net_sink comp="326" pin=0"/></net>

<net id="330"><net_src comp="326" pin="1"/><net_sink comp="142" pin=5"/></net>

<net id="334"><net_src comp="236" pin="3"/><net_sink comp="331" pin=0"/></net>

<net id="335"><net_src comp="331" pin="1"/><net_sink comp="142" pin=9"/></net>

<net id="342"><net_src comp="276" pin="2"/><net_sink comp="339" pin=0"/></net>

<net id="343"><net_src comp="339" pin="1"/><net_sink comp="142" pin=7"/></net>

<net id="347"><net_src comp="283" pin="2"/><net_sink comp="344" pin=0"/></net>

<net id="348"><net_src comp="344" pin="1"/><net_sink comp="142" pin=6"/></net>

</net_list>

</model> 
---------------- Datapath Model END ------------------

* FSMD analyzer results:
  - Output states:
	Port: outLayer4 | {2 3 }
 - Input state : 
	Port: v_mix_core_alpha<false, false>.22 : outLayer3 | {2 3 }
	Port: v_mix_core_alpha<false, false>.22 : srcLayer4x | {2 3 }
	Port: v_mix_core_alpha<false, false>.22 : hwReg_width_val | {1 }
	Port: v_mix_core_alpha<false, false>.22 : hwReg_height_val | {1 }
	Port: v_mix_core_alpha<false, false>.22 : hwReg_layerEnable_val | {1 }
	Port: v_mix_core_alpha<false, false>.22 : hwReg_layerStartX_4_val | {1 }
	Port: v_mix_core_alpha<false, false>.22 : hwReg_layerStartY_4_val | {1 }
	Port: v_mix_core_alpha<false, false>.22 : hwReg_layerWidth_4_val | {1 }
	Port: v_mix_core_alpha<false, false>.22 : hwReg_layerHeight_4_val | {1 }
	Port: v_mix_core_alpha<false, false>.22 : hwReg_layerScaleFactor_4_val | {1 }
  - Chain level:
	State 1
		shl_ln449 : 1
		shl_ln450 : 1
		layerHeight_cast : 2
		add60 : 3
		layerWidth_cast : 2
		add71 : 3
		div72_cast : 4
		store_ln440 : 1
	State 2
		icmp_ln463 : 1
		add_ln463 : 1
		br_ln463 : 2
		zext_ln463 : 1
		zext_ln463_1 : 1
		ult : 2
		rev12 : 3
		cmp61 : 2
		call_ln450 : 3
		store_ln440 : 2
	State 3


============================================================
+ Verbose Summary: Datapath Resource usage 
============================================================

* Functional unit list:
|----------|----------------------------------------------------------------------|---------|---------|
| Operation|                            Functional Unit                           |    FF   |   LUT   |
|----------|----------------------------------------------------------------------|---------|---------|
|   call   | grp_v_mix_core_alpha_false_false_22_Pipeline_VITIS_LOOP_465_3_fu_142 |    62   |    89   |
|----------|----------------------------------------------------------------------|---------|---------|
|    shl   |                           shl_ln449_fu_162                           |    0    |    35   |
|          |                           shl_ln450_fu_172                           |    0    |    35   |
|----------|----------------------------------------------------------------------|---------|---------|
|          |                           icmp_ln463_fu_252                          |    0    |    19   |
|   icmp   |                              ult_fu_271                              |    0    |    23   |
|          |                             cmp61_fu_283                             |    0    |    24   |
|----------|----------------------------------------------------------------------|---------|---------|
|          |                             add60_fu_196                             |    0    |    23   |
|    add   |                             add71_fu_220                             |    0    |    23   |
|          |                           add_ln463_fu_257                           |    0    |    19   |
|----------|----------------------------------------------------------------------|---------|---------|
|    xor   |                             rev12_fu_276                             |    0    |    2    |
|----------|----------------------------------------------------------------------|---------|---------|
|          |                   hwReg_height_val_read_read_fu_94                   |    0    |    0    |
|          |                   hwReg_width_val_read_read_fu_100                   |    0    |    0    |
|          |             hwReg_layerScaleFactor_4_val_read_read_fu_106            |    0    |    0    |
|   read   |               hwReg_layerHeight_4_val_read_read_fu_112               |    0    |    0    |
|          |                hwReg_layerWidth_4_val_read_read_fu_118               |    0    |    0    |
|          |                        layerStartY_read_fu_124                       |    0    |    0    |
|          |                        layerStartX_read_fu_130                       |    0    |    0    |
|          |                hwReg_layerEnable_val_read_read_fu_136                |    0    |    0    |
|----------|----------------------------------------------------------------------|---------|---------|
|          |             hwReg_layerScaleFactor_4_val_readcast_fu_158             |    0    |    0    |
|          |            hwReg_layerScaleFactor_4_val_readcast13_fu_168            |    0    |    0    |
|          |                  hwReg_layerStartY_4_val_cast_fu_188                 |    0    |    0    |
|   zext   |                        layerHeight_cast_fu_192                       |    0    |    0    |
|          |                  hwReg_layerStartX_4_val_cast_fu_202                 |    0    |    0    |
|          |                        layerWidth_cast_fu_216                        |    0    |    0    |
|          |                           zext_ln463_fu_263                          |    0    |    0    |
|          |                          zext_ln463_1_fu_267                         |    0    |    0    |
|----------|----------------------------------------------------------------------|---------|---------|
|          |                            div_cast_fu_178                           |    0    |    0    |
|partselect|                           div65_cast_fu_206                          |    0    |    0    |
|          |                           div72_cast_fu_226                          |    0    |    0    |
|----------|----------------------------------------------------------------------|---------|---------|
| bitselect|                             tmp_4_fu_236                             |    0    |    0    |
|----------|----------------------------------------------------------------------|---------|---------|
|   Total  |                                                                      |    62   |   292   |
|----------|----------------------------------------------------------------------|---------|---------|

Memories:
N/A

* Register list:
+-----------------------------+--------+
|                             |   FF   |
+-----------------------------+--------+
|        add60_reg_316        |   17   |
|        cmp61_reg_344        |    1   |
|      div65_cast_reg_321     |   15   |
|      div72_cast_reg_326     |   16   |
|       div_cast_reg_311      |   11   |
|hwReg_height_val_read_reg_301|   12   |
|     layerStartY_reg_306     |   16   |
|        rev12_reg_339        |    1   |
|        tmp_4_reg_331        |    1   |
|          y_reg_294          |   12   |
+-----------------------------+--------+
|            Total            |   102  |
+-----------------------------+--------+

* Multiplexer (MUX) list: 
|----------------------------------------------------------------------|------|------|------|--------||---------||---------||---------|
|                                 Comp                                 |  Pin | Size |  BW  | S x BW ||  Delay  ||    FF   ||   LUT   |
|----------------------------------------------------------------------|------|------|------|--------||---------||---------||---------|
| grp_v_mix_core_alpha_false_false_22_Pipeline_VITIS_LOOP_465_3_fu_142 |  p6  |   2  |   1  |    2   ||    0    ||    9    |
| grp_v_mix_core_alpha_false_false_22_Pipeline_VITIS_LOOP_465_3_fu_142 |  p7  |   2  |   1  |    2   ||    0    ||    9    |
|----------------------------------------------------------------------|------|------|------|--------||---------||---------||---------|
|                                 Total                                |      |      |      |    4   ||  0.854  ||    0    ||    18   |
|----------------------------------------------------------------------|------|------|------|--------||---------||---------||---------|



* Summary:
+-----------+--------+--------+--------+
|           |  Delay |   FF   |   LUT  |
+-----------+--------+--------+--------+
|  Function |    -   |   62   |   292  |
|   Memory  |    -   |    -   |    -   |
|Multiplexer|    0   |    0   |   18   |
|  Register |    -   |   102  |    -   |
+-----------+--------+--------+--------+
|   Total   |    0   |   164  |   310  |
+-----------+--------+--------+--------+
