

================================================================
== Vitis HLS Report for 'v_mix_core_alpha_false_false_s'
================================================================
* Date:           Mon Apr 27 12:26:35 2026

* Version:        2024.2 (Build 5238294 on Nov  8 2024)
* Project:        prj
* Solution:       sol (Vivado IP Flow Target)
* Product family: zynquplus
* Target device:  xck26-sfvc784-2LV-c


================================================================
== Performance Estimates
================================================================
+ Timing: 
    * Summary: 
    +--------+---------+----------+------------+
    |  Clock |  Target | Estimated| Uncertainty|
    +--------+---------+----------+------------+
    |ap_clk  |  6.67 ns|  4.530 ns|     1.80 ns|
    +--------+---------+----------+------------+

+ Latency: 
    * Summary: 
    +---------+---------+-----------+-----------+------+---------+---------+
    |  Latency (cycles) |   Latency (absolute)  |    Interval    | Pipeline|
    |   min   |   max   |    min    |    max    |  min |   max   |   Type  |
    +---------+---------+-----------+-----------+------+---------+---------+
    |     2311|  4155847|  15.407 us|  27.707 ms|  2311|  4155847|       no|
    +---------+---------+-----------+-----------+------+---------+---------+

    + Detail: 
        * Instance: 
        N/A

        * Loop: 
        +--------------------+---------+---------+-----------+-----------+-----------+-----------+----------+
        |                    |  Latency (cycles) | Iteration |  Initiation Interval  |    Trip   |          |
        |      Loop Name     |   min   |   max   |  Latency  |  achieved |   target  |   Count   | Pipelined|
        +--------------------+---------+---------+-----------+-----------+-----------+-----------+----------+
        |- VITIS_LOOP_463_2  |     2304|  4155840|  36 ~ 1924|          -|          -|  64 ~ 2160|        no|
        +--------------------+---------+---------+-----------+-----------+-----------+-----------+----------+

============================================================
+ Verbose Summary: Synthesis Manager
============================================================
InlineROM: 1
ExposeGlobal: 0
============================================================
+ Verbose Summary: CDFG Model
============================================================
IsTopModel: 0
ResetActiveHigh: 1
IsCombinational: 2
IsDatapathOnly: 0
HasWiredReturn: 1
HasMFsm: 0
HasVarLatency: 1
IsPipeline: 0
IsRtlPipelined: 0
IsInstanceOverlapped: 0
IsDontTouch: 0
HasImplIP: 0
IsGatedGlobalClock: 0


============================================================
+ Verbose Summary: Schedule
============================================================
* Number of FSM states : 5
* Pipeline : 0
* Dataflow Pipeline: 0

* FSM state transitions: 
1 --> 2 
2 --> 3 
3 --> 4 
4 --> 5 
5 --> 4 

* FSM state operations: 

State 1 <SV = 0> <Delay = 3.74>
ST_1 : Operation 6 [1/1] (0.00ns)   --->   "%y = alloca i32 1" [/home/izaan/GitRepos/dpdma_exdes/vivado_quad_vmix/kv260_quad_vmix_dp.runs/bd_quad_vmix_dp_v_mix_0_0_synth_1/prj/sol/.autopilot/db/v_mix.cpp:440->/home/izaan/GitRepos/dpdma_exdes/vivado_quad_vmix/kv260_quad_vmix_dp.runs/bd_quad_vmix_dp_v_mix_0_0_synth_1/prj/sol/.autopilot/db/v_mix.cpp:717]   --->   Operation 6 'alloca' 'y' <Predicate = true> <Delay = 0.00>
ST_1 : Operation 7 [1/1] (0.00ns)   --->   "%HwReg_background_V_B_val21_read = read i8 @_ssdm_op_Read.ap_auto.i8, i8 %HwReg_background_V_B_val21"   --->   Operation 7 'read' 'HwReg_background_V_B_val21_read' <Predicate = true> <Delay = 0.00>
ST_1 : Operation 8 [1/1] (0.00ns)   --->   "%HwReg_background_U_G_val20_read = read i8 @_ssdm_op_Read.ap_auto.i8, i8 %HwReg_background_U_G_val20"   --->   Operation 8 'read' 'HwReg_background_U_G_val20_read' <Predicate = true> <Delay = 0.00>
ST_1 : Operation 9 [1/1] (0.00ns)   --->   "%HwReg_background_Y_R_val19_read = read i8 @_ssdm_op_Read.ap_auto.i8, i8 %HwReg_background_Y_R_val19"   --->   Operation 9 'read' 'HwReg_background_Y_R_val19_read' <Predicate = true> <Delay = 0.00>
ST_1 : Operation 10 [1/1] (0.00ns)   --->   "%bkgpix_0_0_0_0_0_load1_i_loc = alloca i32 1"   --->   Operation 10 'alloca' 'bkgpix_0_0_0_0_0_load1_i_loc' <Predicate = true> <Delay = 0.00>
ST_1 : Operation 11 [1/1] (0.00ns)   --->   "%bkgpix_0_1_0_0_0_load3_i_loc = alloca i32 1"   --->   Operation 11 'alloca' 'bkgpix_0_1_0_0_0_load3_i_loc' <Predicate = true> <Delay = 0.00>
ST_1 : Operation 12 [1/1] (0.00ns)   --->   "%bkgpix_0_2_0_0_0_load5_i_loc = alloca i32 1"   --->   Operation 12 'alloca' 'bkgpix_0_2_0_0_0_load5_i_loc' <Predicate = true> <Delay = 0.00>
ST_1 : Operation 13 [1/1] (0.00ns)   --->   "%bkgpix_0_3_0_0_0_load7_i_loc = alloca i32 1"   --->   Operation 13 'alloca' 'bkgpix_0_3_0_0_0_load7_i_loc' <Predicate = true> <Delay = 0.00>
ST_1 : Operation 14 [1/1] (0.00ns)   --->   "%bkgpix_0_4_0_0_0_load9_i_loc = alloca i32 1"   --->   Operation 14 'alloca' 'bkgpix_0_4_0_0_0_load9_i_loc' <Predicate = true> <Delay = 0.00>
ST_1 : Operation 15 [1/1] (0.00ns)   --->   "%bkgpix_0_5_0_0_0_load11_i_loc = alloca i32 1"   --->   Operation 15 'alloca' 'bkgpix_0_5_0_0_0_load11_i_loc' <Predicate = true> <Delay = 0.00>
ST_1 : Operation 16 [1/1] ( I:1.90ns O:1.90ns )   --->   "%HwReg_layerScaleFactor_1_val42_read = read i8 @_ssdm_op_Read.ap_fifo.i8P0A, i8 %HwReg_layerScaleFactor_1_val42"   --->   Operation 16 'read' 'HwReg_layerScaleFactor_1_val42_read' <Predicate = true> <Delay = 1.90> <CoreInst = "FIFO_SRL">   --->   Core 80 'FIFO_SRL' <Latency = 0> <II = 1> <Delay = 1.90> <Storage> <Opcode : 'read' 'write' 'nbread' 'nbwrite'> <Ports = 0> <Width = 8> <Depth = 7> <FIFO>
ST_1 : Operation 17 [1/1] ( I:1.83ns O:1.83ns )   --->   "%HwReg_layerHeight_1_val_read = read i16 @_ssdm_op_Read.ap_fifo.i16P0A, i16 %HwReg_layerHeight_1_val"   --->   Operation 17 'read' 'HwReg_layerHeight_1_val_read' <Predicate = true> <Delay = 1.83> <CoreInst = "FIFO_SRL">   --->   Core 80 'FIFO_SRL' <Latency = 0> <II = 1> <Delay = 1.83> <Storage> <Opcode : 'read' 'write' 'nbread' 'nbwrite'> <Ports = 0> <Width = 16> <Depth = 2> <FIFO>
ST_1 : Operation 18 [1/1] ( I:1.83ns O:1.83ns )   --->   "%HwReg_layerWidth_1_val_read = read i16 @_ssdm_op_Read.ap_fifo.i16P0A, i16 %HwReg_layerWidth_1_val"   --->   Operation 18 'read' 'HwReg_layerWidth_1_val_read' <Predicate = true> <Delay = 1.83> <CoreInst = "FIFO_SRL">   --->   Core 80 'FIFO_SRL' <Latency = 0> <II = 1> <Delay = 1.83> <Storage> <Opcode : 'read' 'write' 'nbread' 'nbwrite'> <Ports = 0> <Width = 16> <Depth = 2> <FIFO>
ST_1 : Operation 19 [1/1] ( I:1.90ns O:1.90ns )   --->   "%layerStartY = read i16 @_ssdm_op_Read.ap_fifo.i16P0A, i16 %HwReg_layerStartY_1_val30"   --->   Operation 19 'read' 'layerStartY' <Predicate = true> <Delay = 1.90> <CoreInst = "FIFO_SRL">   --->   Core 80 'FIFO_SRL' <Latency = 0> <II = 1> <Delay = 1.90> <Storage> <Opcode : 'read' 'write' 'nbread' 'nbwrite'> <Ports = 0> <Width = 16> <Depth = 7> <FIFO>
ST_1 : Operation 20 [1/1] ( I:1.90ns O:1.90ns )   --->   "%layerStartX = read i16 @_ssdm_op_Read.ap_fifo.i16P0A, i16 %HwReg_layerStartX_1_val26"   --->   Operation 20 'read' 'layerStartX' <Predicate = true> <Delay = 1.90> <CoreInst = "FIFO_SRL">   --->   Core 80 'FIFO_SRL' <Latency = 0> <II = 1> <Delay = 1.90> <Storage> <Opcode : 'read' 'write' 'nbread' 'nbwrite'> <Ports = 0> <Width = 16> <Depth = 7> <FIFO>
ST_1 : Operation 21 [1/1] ( I:1.90ns O:1.90ns )   --->   "%HwReg_layerEnable_val25_read = read i5 @_ssdm_op_Read.ap_fifo.i5P0A, i5 %HwReg_layerEnable_val25"   --->   Operation 21 'read' 'HwReg_layerEnable_val25_read' <Predicate = true> <Delay = 1.90> <CoreInst = "FIFO_SRL">   --->   Core 80 'FIFO_SRL' <Latency = 0> <II = 1> <Delay = 1.90> <Storage> <Opcode : 'read' 'write' 'nbread' 'nbwrite'> <Ports = 0> <Width = 5> <Depth = 7> <FIFO>
ST_1 : Operation 22 [1/1] (0.00ns)   --->   "%empty = trunc i5 %HwReg_layerEnable_val25_read"   --->   Operation 22 'trunc' 'empty' <Predicate = true> <Delay = 0.00>
ST_1 : Operation 23 [1/1] ( I:1.83ns O:1.83ns )   --->   "%write_ln445 = write void @_ssdm_op_Write.ap_fifo.i5P0A, i5 %HwReg_layerEnable_val25_c23, i5 %HwReg_layerEnable_val25_read" [/home/izaan/GitRepos/dpdma_exdes/vivado_quad_vmix/kv260_quad_vmix_dp.runs/bd_quad_vmix_dp_v_mix_0_0_synth_1/prj/sol/.autopilot/db/v_mix.cpp:445->/home/izaan/GitRepos/dpdma_exdes/vivado_quad_vmix/kv260_quad_vmix_dp.runs/bd_quad_vmix_dp_v_mix_0_0_synth_1/prj/sol/.autopilot/db/v_mix.cpp:717]   --->   Operation 23 'write' 'write_ln445' <Predicate = true> <Delay = 1.83> <CoreInst = "FIFO_SRL">   --->   Core 80 'FIFO_SRL' <Latency = 0> <II = 1> <Delay = 1.83> <Storage> <Opcode : 'read' 'write' 'nbread' 'nbwrite'> <Ports = 0> <Width = 5> <Depth = 2> <FIFO>
ST_1 : Operation 24 [2/2] (0.39ns)   --->   "%call_ln0 = call void @v_mix_core_alpha<false, false>_Pipeline_VITIS_LOOP_456_1, i8 %HwReg_background_U_G_val20_read, i8 %HwReg_background_Y_R_val19_read, i8 %HwReg_background_V_B_val21_read, i8 %bkgpix_0_5_0_0_0_load11_i_loc, i8 %bkgpix_0_4_0_0_0_load9_i_loc, i8 %bkgpix_0_3_0_0_0_load7_i_loc, i8 %bkgpix_0_2_0_0_0_load5_i_loc, i8 %bkgpix_0_1_0_0_0_load3_i_loc, i8 %bkgpix_0_0_0_0_0_load1_i_loc"   --->   Operation 24 'call' 'call_ln0' <Predicate = true> <Delay = 0.39> <CoreType = "Generic">   --->   Generic Core
ST_1 : Operation 25 [1/1] (0.00ns)   --->   "%HwReg_layerScaleFactor_1_val42_readcast = zext i8 %HwReg_layerScaleFactor_1_val42_read" [/home/izaan/GitRepos/dpdma_exdes/vivado_quad_vmix/kv260_quad_vmix_dp.runs/bd_quad_vmix_dp_v_mix_0_0_synth_1/prj/sol/.autopilot/db/v_mix.cpp:449->/home/izaan/GitRepos/dpdma_exdes/vivado_quad_vmix/kv260_quad_vmix_dp.runs/bd_quad_vmix_dp_v_mix_0_0_synth_1/prj/sol/.autopilot/db/v_mix.cpp:717]   --->   Operation 25 'zext' 'HwReg_layerScaleFactor_1_val42_readcast' <Predicate = true> <Delay = 0.00>
ST_1 : Operation 26 [1/1] (0.90ns)   --->   "%shl_ln449 = shl i16 %HwReg_layerHeight_1_val_read, i16 %HwReg_layerScaleFactor_1_val42_readcast" [/home/izaan/GitRepos/dpdma_exdes/vivado_quad_vmix/kv260_quad_vmix_dp.runs/bd_quad_vmix_dp_v_mix_0_0_synth_1/prj/sol/.autopilot/db/v_mix.cpp:449->/home/izaan/GitRepos/dpdma_exdes/vivado_quad_vmix/kv260_quad_vmix_dp.runs/bd_quad_vmix_dp_v_mix_0_0_synth_1/prj/sol/.autopilot/db/v_mix.cpp:717]   --->   Operation 26 'shl' 'shl_ln449' <Predicate = true> <Delay = 0.90> <CoreInst = "Shifter">   --->   Core 75 'Shifter' <Latency = 0> <II = 1> <Delay = 0.90> <FuncUnit> <Opcode : 'shl' 'lshr' 'ashr'> <InPorts = 2> <OutPorts = 1>
ST_1 : Operation 27 [1/1] (0.00ns)   --->   "%HwReg_layerScaleFactor_1_val42_readcast21 = zext i8 %HwReg_layerScaleFactor_1_val42_read" [/home/izaan/GitRepos/dpdma_exdes/vivado_quad_vmix/kv260_quad_vmix_dp.runs/bd_quad_vmix_dp_v_mix_0_0_synth_1/prj/sol/.autopilot/db/v_mix.cpp:450->/home/izaan/GitRepos/dpdma_exdes/vivado_quad_vmix/kv260_quad_vmix_dp.runs/bd_quad_vmix_dp_v_mix_0_0_synth_1/prj/sol/.autopilot/db/v_mix.cpp:717]   --->   Operation 27 'zext' 'HwReg_layerScaleFactor_1_val42_readcast21' <Predicate = true> <Delay = 0.00>
ST_1 : Operation 28 [1/1] (0.90ns)   --->   "%shl_ln450 = shl i16 %HwReg_layerWidth_1_val_read, i16 %HwReg_layerScaleFactor_1_val42_readcast21" [/home/izaan/GitRepos/dpdma_exdes/vivado_quad_vmix/kv260_quad_vmix_dp.runs/bd_quad_vmix_dp_v_mix_0_0_synth_1/prj/sol/.autopilot/db/v_mix.cpp:450->/home/izaan/GitRepos/dpdma_exdes/vivado_quad_vmix/kv260_quad_vmix_dp.runs/bd_quad_vmix_dp_v_mix_0_0_synth_1/prj/sol/.autopilot/db/v_mix.cpp:717]   --->   Operation 28 'shl' 'shl_ln450' <Predicate = true> <Delay = 0.90> <CoreInst = "Shifter">   --->   Core 75 'Shifter' <Latency = 0> <II = 1> <Delay = 0.90> <FuncUnit> <Opcode : 'shl' 'lshr' 'ashr'> <InPorts = 2> <OutPorts = 1>
ST_1 : Operation 29 [1/1] (0.00ns)   --->   "%hwReg_layerStartX_1_val_cast_i = zext i16 %layerStartX"   --->   Operation 29 'zext' 'hwReg_layerStartX_1_val_cast_i' <Predicate = true> <Delay = 0.00>
ST_1 : Operation 30 [1/1] (0.00ns)   --->   "%div65_cast_i = partselect i15 @_ssdm_op_PartSelect.i15.i16.i32.i32, i16 %layerStartX, i32 1, i32 15"   --->   Operation 30 'partselect' 'div65_cast_i' <Predicate = true> <Delay = 0.00>
ST_1 : Operation 31 [1/1] (0.00ns)   --->   "%layerWidth_cast_i = zext i16 %shl_ln450" [/home/izaan/GitRepos/dpdma_exdes/vivado_quad_vmix/kv260_quad_vmix_dp.runs/bd_quad_vmix_dp_v_mix_0_0_synth_1/prj/sol/.autopilot/db/v_mix.cpp:450->/home/izaan/GitRepos/dpdma_exdes/vivado_quad_vmix/kv260_quad_vmix_dp.runs/bd_quad_vmix_dp_v_mix_0_0_synth_1/prj/sol/.autopilot/db/v_mix.cpp:717]   --->   Operation 31 'zext' 'layerWidth_cast_i' <Predicate = true> <Delay = 0.00>
ST_1 : Operation 32 [1/1] (0.85ns)   --->   "%add71_i = add i17 %layerWidth_cast_i, i17 %hwReg_layerStartX_1_val_cast_i" [/home/izaan/GitRepos/dpdma_exdes/vivado_quad_vmix/kv260_quad_vmix_dp.runs/bd_quad_vmix_dp_v_mix_0_0_synth_1/prj/sol/.autopilot/db/v_mix.cpp:450->/home/izaan/GitRepos/dpdma_exdes/vivado_quad_vmix/kv260_quad_vmix_dp.runs/bd_quad_vmix_dp_v_mix_0_0_synth_1/prj/sol/.autopilot/db/v_mix.cpp:717]   --->   Operation 32 'add' 'add71_i' <Predicate = true> <Delay = 0.85> <CoreInst = "Adder">   --->   Core 1 'Adder' <Latency = 0> <II = 1> <Delay = 0.85> <FuncUnit> <Opcode : 'add' 'sub'> <InPorts = 2> <OutPorts = 1>
ST_1 : Operation 33 [1/1] (0.00ns)   --->   "%div72_cast_i = partselect i16 @_ssdm_op_PartSelect.i16.i17.i32.i32, i17 %add71_i, i32 1, i32 16" [/home/izaan/GitRepos/dpdma_exdes/vivado_quad_vmix/kv260_quad_vmix_dp.runs/bd_quad_vmix_dp_v_mix_0_0_synth_1/prj/sol/.autopilot/db/v_mix.cpp:450->/home/izaan/GitRepos/dpdma_exdes/vivado_quad_vmix/kv260_quad_vmix_dp.runs/bd_quad_vmix_dp_v_mix_0_0_synth_1/prj/sol/.autopilot/db/v_mix.cpp:717]   --->   Operation 33 'partselect' 'div72_cast_i' <Predicate = true> <Delay = 0.00>
ST_1 : Operation 34 [1/1] (0.00ns)   --->   "%tmp_10 = bitselect i1 @_ssdm_op_BitSelect.i1.i5.i32, i5 %HwReg_layerEnable_val25_read, i32 1"   --->   Operation 34 'bitselect' 'tmp_10' <Predicate = true> <Delay = 0.00>
ST_1 : Operation 35 [1/1] (0.42ns)   --->   "%store_ln440 = store i12 0, i12 %y" [/home/izaan/GitRepos/dpdma_exdes/vivado_quad_vmix/kv260_quad_vmix_dp.runs/bd_quad_vmix_dp_v_mix_0_0_synth_1/prj/sol/.autopilot/db/v_mix.cpp:440->/home/izaan/GitRepos/dpdma_exdes/vivado_quad_vmix/kv260_quad_vmix_dp.runs/bd_quad_vmix_dp_v_mix_0_0_synth_1/prj/sol/.autopilot/db/v_mix.cpp:717]   --->   Operation 35 'store' 'store_ln440' <Predicate = true> <Delay = 0.42>

State 2 <SV = 1> <Delay = 1.40>
ST_2 : Operation 36 [1/1] (0.00ns)   --->   "%fence_ln456 = fence void @_ssdm_op_Fence, i8 %HwReg_layerScaleFactor_1_val42, i16 %HwReg_layerHeight_1_val, i16 %HwReg_layerWidth_1_val, i16 %HwReg_layerStartY_1_val30, i16 %HwReg_layerStartX_1_val26, i5 %HwReg_layerEnable_val25, i5 %HwReg_layerEnable_val25_c23, i32 4294967295, i48 %outLayer0, i48 %srcLayer1x, i48 %outLayer1" [/home/izaan/GitRepos/dpdma_exdes/vivado_quad_vmix/kv260_quad_vmix_dp.runs/bd_quad_vmix_dp_v_mix_0_0_synth_1/prj/sol/.autopilot/db/v_mix.cpp:456->/home/izaan/GitRepos/dpdma_exdes/vivado_quad_vmix/kv260_quad_vmix_dp.runs/bd_quad_vmix_dp_v_mix_0_0_synth_1/prj/sol/.autopilot/db/v_mix.cpp:717]   --->   Operation 36 'fence' 'fence_ln456' <Predicate = true> <Delay = 0.00>
ST_2 : Operation 37 [1/2] (1.40ns)   --->   "%call_ln0 = call void @v_mix_core_alpha<false, false>_Pipeline_VITIS_LOOP_456_1, i8 %HwReg_background_U_G_val20_read, i8 %HwReg_background_Y_R_val19_read, i8 %HwReg_background_V_B_val21_read, i8 %bkgpix_0_5_0_0_0_load11_i_loc, i8 %bkgpix_0_4_0_0_0_load9_i_loc, i8 %bkgpix_0_3_0_0_0_load7_i_loc, i8 %bkgpix_0_2_0_0_0_load5_i_loc, i8 %bkgpix_0_1_0_0_0_load3_i_loc, i8 %bkgpix_0_0_0_0_0_load1_i_loc"   --->   Operation 37 'call' 'call_ln0' <Predicate = true> <Delay = 1.40> <CoreType = "Generic">   --->   Generic Core

State 3 <SV = 2> <Delay = 0.85>
ST_3 : Operation 38 [1/1] (0.00ns)   --->   "%HwReg_height_val_read = read i12 @_ssdm_op_Read.ap_auto.i12, i12 %HwReg_height_val"   --->   Operation 38 'read' 'HwReg_height_val_read' <Predicate = true> <Delay = 0.00>
ST_3 : Operation 39 [1/1] (0.00ns)   --->   "%HwReg_width_val_read = read i12 @_ssdm_op_Read.ap_auto.i12, i12 %HwReg_width_val"   --->   Operation 39 'read' 'HwReg_width_val_read' <Predicate = true> <Delay = 0.00>
ST_3 : Operation 40 [1/1] (0.00ns)   --->   "%specinterface_ln0 = specinterface void @_ssdm_op_SpecInterface, i8 %HwReg_layerScaleFactor_1_val42, void @ap_fifo_str, i32 0, i32 0, void @p_str, i32 0, i32 0, void @p_str, void @p_str, void @p_str, i32 2, i32 2, i32 16, i32 16, void @p_str, void @ScalarProp_str, i32 4294967295, i32 0, i32 0"   --->   Operation 40 'specinterface' 'specinterface_ln0' <Predicate = true> <Delay = 0.00>
ST_3 : Operation 41 [1/1] (0.00ns)   --->   "%specinterface_ln0 = specinterface void @_ssdm_op_SpecInterface, i16 %HwReg_layerHeight_1_val, void @ap_fifo_str, i32 0, i32 0, void @p_str, i32 0, i32 0, void @p_str, void @p_str, void @p_str, i32 2, i32 2, i32 16, i32 16, void @p_str, void @ScalarProp_str, i32 4294967295, i32 0, i32 0"   --->   Operation 41 'specinterface' 'specinterface_ln0' <Predicate = true> <Delay = 0.00>
ST_3 : Operation 42 [1/1] (0.00ns)   --->   "%specinterface_ln0 = specinterface void @_ssdm_op_SpecInterface, i16 %HwReg_layerWidth_1_val, void @ap_fifo_str, i32 0, i32 0, void @p_str, i32 0, i32 0, void @p_str, void @p_str, void @p_str, i32 2, i32 2, i32 16, i32 16, void @p_str, void @ScalarProp_str, i32 4294967295, i32 0, i32 0"   --->   Operation 42 'specinterface' 'specinterface_ln0' <Predicate = true> <Delay = 0.00>
ST_3 : Operation 43 [1/1] (0.00ns)   --->   "%specinterface_ln0 = specinterface void @_ssdm_op_SpecInterface, i16 %HwReg_layerStartY_1_val30, void @ap_fifo_str, i32 0, i32 0, void @p_str, i32 0, i32 0, void @p_str, void @p_str, void @p_str, i32 2, i32 2, i32 16, i32 16, void @p_str, void @ScalarProp_str, i32 4294967295, i32 0, i32 0"   --->   Operation 43 'specinterface' 'specinterface_ln0' <Predicate = true> <Delay = 0.00>
ST_3 : Operation 44 [1/1] (0.00ns)   --->   "%specinterface_ln0 = specinterface void @_ssdm_op_SpecInterface, i16 %HwReg_layerStartX_1_val26, void @ap_fifo_str, i32 0, i32 0, void @p_str, i32 0, i32 0, void @p_str, void @p_str, void @p_str, i32 2, i32 2, i32 16, i32 16, void @p_str, void @ScalarProp_str, i32 4294967295, i32 0, i32 0"   --->   Operation 44 'specinterface' 'specinterface_ln0' <Predicate = true> <Delay = 0.00>
ST_3 : Operation 45 [1/1] (0.00ns)   --->   "%specinterface_ln0 = specinterface void @_ssdm_op_SpecInterface, i5 %HwReg_layerEnable_val25, void @ap_fifo_str, i32 0, i32 0, void @p_str, i32 0, i32 0, void @p_str, void @p_str, void @p_str, i32 2, i32 2, i32 16, i32 16, void @p_str, void @ScalarProp_str, i32 4294967295, i32 0, i32 0"   --->   Operation 45 'specinterface' 'specinterface_ln0' <Predicate = true> <Delay = 0.00>
ST_3 : Operation 46 [1/1] (0.00ns)   --->   "%specinterface_ln0 = specinterface void @_ssdm_op_SpecInterface, i5 %HwReg_layerEnable_val25_c23, void @ap_fifo_str, i32 0, i32 0, void @p_str, i32 0, i32 0, void @p_str, void @p_str, void @p_str, i32 2, i32 2, i32 16, i32 16, void @p_str, void @ScalarProp_str, i32 4294967295, i32 0, i32 0"   --->   Operation 46 'specinterface' 'specinterface_ln0' <Predicate = true> <Delay = 0.00>
ST_3 : Operation 47 [1/1] (0.00ns)   --->   "%specstablecontent_ln0 = specstablecontent void @_ssdm_op_SpecStableContent, i8 %HwReg_background_V_B_val21, void "   --->   Operation 47 'specstablecontent' 'specstablecontent_ln0' <Predicate = true> <Delay = 0.00>
ST_3 : Operation 48 [1/1] (0.00ns)   --->   "%specstablecontent_ln0 = specstablecontent void @_ssdm_op_SpecStableContent, i8 %HwReg_background_U_G_val20, void "   --->   Operation 48 'specstablecontent' 'specstablecontent_ln0' <Predicate = true> <Delay = 0.00>
ST_3 : Operation 49 [1/1] (0.00ns)   --->   "%specstablecontent_ln0 = specstablecontent void @_ssdm_op_SpecStableContent, i8 %HwReg_background_Y_R_val19, void "   --->   Operation 49 'specstablecontent' 'specstablecontent_ln0' <Predicate = true> <Delay = 0.00>
ST_3 : Operation 50 [1/1] (0.00ns)   --->   "%specstablecontent_ln0 = specstablecontent void @_ssdm_op_SpecStableContent, i12 %HwReg_height_val, void "   --->   Operation 50 'specstablecontent' 'specstablecontent_ln0' <Predicate = true> <Delay = 0.00>
ST_3 : Operation 51 [1/1] (0.00ns)   --->   "%specstablecontent_ln0 = specstablecontent void @_ssdm_op_SpecStableContent, i12 %HwReg_width_val, void "   --->   Operation 51 'specstablecontent' 'specstablecontent_ln0' <Predicate = true> <Delay = 0.00>
ST_3 : Operation 52 [1/1] (0.00ns)   --->   "%specinterface_ln0 = specinterface void @_ssdm_op_SpecInterface, i48 %outLayer1, void @empty_17, i32 0, i32 0, void @empty_54, i32 0, i32 0, void @empty_54, void @empty_54, void @empty_54, i32 0, i32 0, i32 0, i32 0, void @empty_54, void @empty_54, i32 4294967295, i32 0, i32 0"   --->   Operation 52 'specinterface' 'specinterface_ln0' <Predicate = true> <Delay = 0.00>
ST_3 : Operation 53 [1/1] (0.00ns)   --->   "%specinterface_ln0 = specinterface void @_ssdm_op_SpecInterface, i48 %srcLayer1x, void @empty_17, i32 0, i32 0, void @empty_54, i32 0, i32 0, void @empty_54, void @empty_54, void @empty_54, i32 0, i32 0, i32 0, i32 0, void @empty_54, void @empty_54, i32 4294967295, i32 0, i32 0"   --->   Operation 53 'specinterface' 'specinterface_ln0' <Predicate = true> <Delay = 0.00>
ST_3 : Operation 54 [1/1] (0.00ns)   --->   "%specinterface_ln0 = specinterface void @_ssdm_op_SpecInterface, i48 %outLayer0, void @empty_17, i32 0, i32 0, void @empty_54, i32 0, i32 0, void @empty_54, void @empty_54, void @empty_54, i32 0, i32 0, i32 0, i32 0, void @empty_54, void @empty_54, i32 4294967295, i32 0, i32 0"   --->   Operation 54 'specinterface' 'specinterface_ln0' <Predicate = true> <Delay = 0.00>
ST_3 : Operation 55 [1/1] (0.00ns)   --->   "%bkgpix_0_5_0_0_0_load = load i8 %bkgpix_0_5_0_0_0_load11_i_loc"   --->   Operation 55 'load' 'bkgpix_0_5_0_0_0_load' <Predicate = true> <Delay = 0.00>
ST_3 : Operation 56 [1/1] (0.00ns)   --->   "%bkgpix_0_4_0_0_0_load = load i8 %bkgpix_0_4_0_0_0_load9_i_loc"   --->   Operation 56 'load' 'bkgpix_0_4_0_0_0_load' <Predicate = true> <Delay = 0.00>
ST_3 : Operation 57 [1/1] (0.00ns)   --->   "%bkgpix_0_3_0_0_0_load = load i8 %bkgpix_0_3_0_0_0_load7_i_loc"   --->   Operation 57 'load' 'bkgpix_0_3_0_0_0_load' <Predicate = true> <Delay = 0.00>
ST_3 : Operation 58 [1/1] (0.00ns)   --->   "%bkgpix_0_2_0_0_0_load = load i8 %bkgpix_0_2_0_0_0_load5_i_loc"   --->   Operation 58 'load' 'bkgpix_0_2_0_0_0_load' <Predicate = true> <Delay = 0.00>
ST_3 : Operation 59 [1/1] (0.00ns)   --->   "%bkgpix_0_1_0_0_0_load = load i8 %bkgpix_0_1_0_0_0_load3_i_loc"   --->   Operation 59 'load' 'bkgpix_0_1_0_0_0_load' <Predicate = true> <Delay = 0.00>
ST_3 : Operation 60 [1/1] (0.00ns)   --->   "%bkgpix_0_0_0_0_0_load = load i8 %bkgpix_0_0_0_0_0_load1_i_loc"   --->   Operation 60 'load' 'bkgpix_0_0_0_0_0_load' <Predicate = true> <Delay = 0.00>
ST_3 : Operation 61 [1/1] (0.00ns)   --->   "%div_cast_i = partselect i11 @_ssdm_op_PartSelect.i11.i12.i32.i32, i12 %HwReg_width_val_read, i32 1, i32 11"   --->   Operation 61 'partselect' 'div_cast_i' <Predicate = true> <Delay = 0.00>
ST_3 : Operation 62 [1/1] (0.00ns)   --->   "%hwReg_layerStartY_1_val_cast_i = zext i16 %layerStartY"   --->   Operation 62 'zext' 'hwReg_layerStartY_1_val_cast_i' <Predicate = true> <Delay = 0.00>
ST_3 : Operation 63 [1/1] (0.00ns)   --->   "%layerHeight_cast_i = zext i16 %shl_ln449" [/home/izaan/GitRepos/dpdma_exdes/vivado_quad_vmix/kv260_quad_vmix_dp.runs/bd_quad_vmix_dp_v_mix_0_0_synth_1/prj/sol/.autopilot/db/v_mix.cpp:449->/home/izaan/GitRepos/dpdma_exdes/vivado_quad_vmix/kv260_quad_vmix_dp.runs/bd_quad_vmix_dp_v_mix_0_0_synth_1/prj/sol/.autopilot/db/v_mix.cpp:717]   --->   Operation 63 'zext' 'layerHeight_cast_i' <Predicate = true> <Delay = 0.00>
ST_3 : Operation 64 [1/1] (0.85ns)   --->   "%add60_i = add i17 %layerHeight_cast_i, i17 %hwReg_layerStartY_1_val_cast_i" [/home/izaan/GitRepos/dpdma_exdes/vivado_quad_vmix/kv260_quad_vmix_dp.runs/bd_quad_vmix_dp_v_mix_0_0_synth_1/prj/sol/.autopilot/db/v_mix.cpp:449->/home/izaan/GitRepos/dpdma_exdes/vivado_quad_vmix/kv260_quad_vmix_dp.runs/bd_quad_vmix_dp_v_mix_0_0_synth_1/prj/sol/.autopilot/db/v_mix.cpp:717]   --->   Operation 64 'add' 'add60_i' <Predicate = true> <Delay = 0.85> <CoreInst = "Adder">   --->   Core 1 'Adder' <Latency = 0> <II = 1> <Delay = 0.85> <FuncUnit> <Opcode : 'add' 'sub'> <InPorts = 2> <OutPorts = 1>
ST_3 : Operation 65 [1/1] (0.00ns)   --->   "%tmp_4_i = bitconcatenate i48 @_ssdm_op_BitConcatenate.i48.i8.i8.i8.i8.i8.i8, i8 %bkgpix_0_5_0_0_0_load, i8 %bkgpix_0_4_0_0_0_load, i8 %bkgpix_0_3_0_0_0_load, i8 %bkgpix_0_2_0_0_0_load, i8 %bkgpix_0_1_0_0_0_load, i8 %bkgpix_0_0_0_0_0_load"   --->   Operation 65 'bitconcatenate' 'tmp_4_i' <Predicate = true> <Delay = 0.00>
ST_3 : Operation 66 [1/1] (0.00ns)   --->   "%br_ln463 = br void %VITIS_LOOP_465_3.i" [/home/izaan/GitRepos/dpdma_exdes/vivado_quad_vmix/kv260_quad_vmix_dp.runs/bd_quad_vmix_dp_v_mix_0_0_synth_1/prj/sol/.autopilot/db/v_mix.cpp:463->/home/izaan/GitRepos/dpdma_exdes/vivado_quad_vmix/kv260_quad_vmix_dp.runs/bd_quad_vmix_dp_v_mix_0_0_synth_1/prj/sol/.autopilot/db/v_mix.cpp:717]   --->   Operation 66 'br' 'br_ln463' <Predicate = true> <Delay = 0.00>

State 4 <SV = 3> <Delay = 2.36>
ST_4 : Operation 67 [1/1] (0.00ns)   --->   "%y_23 = load i12 %y" [/home/izaan/GitRepos/dpdma_exdes/vivado_quad_vmix/kv260_quad_vmix_dp.runs/bd_quad_vmix_dp_v_mix_0_0_synth_1/prj/sol/.autopilot/db/v_mix.cpp:463->/home/izaan/GitRepos/dpdma_exdes/vivado_quad_vmix/kv260_quad_vmix_dp.runs/bd_quad_vmix_dp_v_mix_0_0_synth_1/prj/sol/.autopilot/db/v_mix.cpp:717]   --->   Operation 67 'load' 'y_23' <Predicate = true> <Delay = 0.00>
ST_4 : Operation 68 [1/1] (0.80ns)   --->   "%icmp_ln463 = icmp_eq  i12 %y_23, i12 %HwReg_height_val_read" [/home/izaan/GitRepos/dpdma_exdes/vivado_quad_vmix/kv260_quad_vmix_dp.runs/bd_quad_vmix_dp_v_mix_0_0_synth_1/prj/sol/.autopilot/db/v_mix.cpp:463->/home/izaan/GitRepos/dpdma_exdes/vivado_quad_vmix/kv260_quad_vmix_dp.runs/bd_quad_vmix_dp_v_mix_0_0_synth_1/prj/sol/.autopilot/db/v_mix.cpp:717]   --->   Operation 68 'icmp' 'icmp_ln463' <Predicate = true> <Delay = 0.80> <CoreInst = "Cmp">   --->   Core 9 'Cmp' <Latency = 0> <II = 1> <Delay = 0.80> <FuncUnit> <Opcode : 'seteq' 'setne' 'setle' 'setge' 'setlt' 'setgt'> <InPorts = 2> <OutPorts = 1>
ST_4 : Operation 69 [1/1] (0.00ns)   --->   "%speclooptripcount_ln0 = speclooptripcount void @_ssdm_op_SpecLoopTripCount, i64 64, i64 2160, i64 0"   --->   Operation 69 'speclooptripcount' 'speclooptripcount_ln0' <Predicate = true> <Delay = 0.00>
ST_4 : Operation 70 [1/1] (0.80ns)   --->   "%add_ln463 = add i12 %y_23, i12 1" [/home/izaan/GitRepos/dpdma_exdes/vivado_quad_vmix/kv260_quad_vmix_dp.runs/bd_quad_vmix_dp_v_mix_0_0_synth_1/prj/sol/.autopilot/db/v_mix.cpp:463->/home/izaan/GitRepos/dpdma_exdes/vivado_quad_vmix/kv260_quad_vmix_dp.runs/bd_quad_vmix_dp_v_mix_0_0_synth_1/prj/sol/.autopilot/db/v_mix.cpp:717]   --->   Operation 70 'add' 'add_ln463' <Predicate = true> <Delay = 0.80> <CoreInst = "Adder">   --->   Core 1 'Adder' <Latency = 0> <II = 1> <Delay = 0.80> <FuncUnit> <Opcode : 'add' 'sub'> <InPorts = 2> <OutPorts = 1>
ST_4 : Operation 71 [1/1] (0.00ns)   --->   "%br_ln463 = br i1 %icmp_ln463, void %VITIS_LOOP_465_3.split.i, void %v_mix_core_alpha<false, false>.exit" [/home/izaan/GitRepos/dpdma_exdes/vivado_quad_vmix/kv260_quad_vmix_dp.runs/bd_quad_vmix_dp_v_mix_0_0_synth_1/prj/sol/.autopilot/db/v_mix.cpp:463->/home/izaan/GitRepos/dpdma_exdes/vivado_quad_vmix/kv260_quad_vmix_dp.runs/bd_quad_vmix_dp_v_mix_0_0_synth_1/prj/sol/.autopilot/db/v_mix.cpp:717]   --->   Operation 71 'br' 'br_ln463' <Predicate = true> <Delay = 0.00>
ST_4 : Operation 72 [1/1] (0.00ns)   --->   "%zext_ln463 = zext i12 %y_23" [/home/izaan/GitRepos/dpdma_exdes/vivado_quad_vmix/kv260_quad_vmix_dp.runs/bd_quad_vmix_dp_v_mix_0_0_synth_1/prj/sol/.autopilot/db/v_mix.cpp:463->/home/izaan/GitRepos/dpdma_exdes/vivado_quad_vmix/kv260_quad_vmix_dp.runs/bd_quad_vmix_dp_v_mix_0_0_synth_1/prj/sol/.autopilot/db/v_mix.cpp:717]   --->   Operation 72 'zext' 'zext_ln463' <Predicate = (!icmp_ln463)> <Delay = 0.00>
ST_4 : Operation 73 [1/1] (0.00ns)   --->   "%zext_ln463_4 = zext i12 %y_23" [/home/izaan/GitRepos/dpdma_exdes/vivado_quad_vmix/kv260_quad_vmix_dp.runs/bd_quad_vmix_dp_v_mix_0_0_synth_1/prj/sol/.autopilot/db/v_mix.cpp:463->/home/izaan/GitRepos/dpdma_exdes/vivado_quad_vmix/kv260_quad_vmix_dp.runs/bd_quad_vmix_dp_v_mix_0_0_synth_1/prj/sol/.autopilot/db/v_mix.cpp:717]   --->   Operation 73 'zext' 'zext_ln463_4' <Predicate = (!icmp_ln463)> <Delay = 0.00>
ST_4 : Operation 74 [1/1] (0.85ns)   --->   "%ult = icmp_ult  i16 %zext_ln463_4, i16 %layerStartY" [/home/izaan/GitRepos/dpdma_exdes/vivado_quad_vmix/kv260_quad_vmix_dp.runs/bd_quad_vmix_dp_v_mix_0_0_synth_1/prj/sol/.autopilot/db/v_mix.cpp:463->/home/izaan/GitRepos/dpdma_exdes/vivado_quad_vmix/kv260_quad_vmix_dp.runs/bd_quad_vmix_dp_v_mix_0_0_synth_1/prj/sol/.autopilot/db/v_mix.cpp:717]   --->   Operation 74 'icmp' 'ult' <Predicate = (!icmp_ln463)> <Delay = 0.85> <CoreInst = "Cmp">   --->   Core 9 'Cmp' <Latency = 0> <II = 1> <Delay = 0.85> <FuncUnit> <Opcode : 'seteq' 'setne' 'setle' 'setge' 'setlt' 'setgt'> <InPorts = 2> <OutPorts = 1>
ST_4 : Operation 75 [1/1] (0.28ns)   --->   "%rev20 = xor i1 %ult, i1 1" [/home/izaan/GitRepos/dpdma_exdes/vivado_quad_vmix/kv260_quad_vmix_dp.runs/bd_quad_vmix_dp_v_mix_0_0_synth_1/prj/sol/.autopilot/db/v_mix.cpp:463->/home/izaan/GitRepos/dpdma_exdes/vivado_quad_vmix/kv260_quad_vmix_dp.runs/bd_quad_vmix_dp_v_mix_0_0_synth_1/prj/sol/.autopilot/db/v_mix.cpp:717]   --->   Operation 75 'xor' 'rev20' <Predicate = (!icmp_ln463)> <Delay = 0.28> <CoreInst = "LogicGate">   --->   Core 74 'LogicGate' <Latency = 0> <II = 1> <Delay = 0.28> <FuncUnit> <Opcode : 'and' 'or' 'xor'> <InPorts = 2> <OutPorts = 1>
ST_4 : Operation 76 [1/1] (0.86ns)   --->   "%cmp61_i = icmp_ugt  i17 %add60_i, i17 %zext_ln463" [/home/izaan/GitRepos/dpdma_exdes/vivado_quad_vmix/kv260_quad_vmix_dp.runs/bd_quad_vmix_dp_v_mix_0_0_synth_1/prj/sol/.autopilot/db/v_mix.cpp:449->/home/izaan/GitRepos/dpdma_exdes/vivado_quad_vmix/kv260_quad_vmix_dp.runs/bd_quad_vmix_dp_v_mix_0_0_synth_1/prj/sol/.autopilot/db/v_mix.cpp:717]   --->   Operation 76 'icmp' 'cmp61_i' <Predicate = (!icmp_ln463)> <Delay = 0.86> <CoreInst = "Cmp">   --->   Core 9 'Cmp' <Latency = 0> <II = 1> <Delay = 0.86> <FuncUnit> <Opcode : 'seteq' 'setne' 'setle' 'setge' 'setlt' 'setgt'> <InPorts = 2> <OutPorts = 1>
ST_4 : Operation 77 [2/2] (1.22ns)   --->   "%call_ln450 = call void @v_mix_core_alpha<false, false>_Pipeline_VITIS_LOOP_465_3, i11 %div_cast_i, i48 %outLayer1, i48 %tmp_4_i, i15 %div65_cast_i, i16 %div72_cast_i, i1 %cmp61_i, i1 %rev20, i48 %outLayer0, i48 %srcLayer1x, i1 %tmp_10, i1 %empty" [/home/izaan/GitRepos/dpdma_exdes/vivado_quad_vmix/kv260_quad_vmix_dp.runs/bd_quad_vmix_dp_v_mix_0_0_synth_1/prj/sol/.autopilot/db/v_mix.cpp:450->/home/izaan/GitRepos/dpdma_exdes/vivado_quad_vmix/kv260_quad_vmix_dp.runs/bd_quad_vmix_dp_v_mix_0_0_synth_1/prj/sol/.autopilot/db/v_mix.cpp:717]   --->   Operation 77 'call' 'call_ln450' <Predicate = (!icmp_ln463)> <Delay = 1.22> <CoreType = "Generic">   --->   Generic Core
ST_4 : Operation 78 [1/1] (0.42ns)   --->   "%store_ln440 = store i12 %add_ln463, i12 %y" [/home/izaan/GitRepos/dpdma_exdes/vivado_quad_vmix/kv260_quad_vmix_dp.runs/bd_quad_vmix_dp_v_mix_0_0_synth_1/prj/sol/.autopilot/db/v_mix.cpp:440->/home/izaan/GitRepos/dpdma_exdes/vivado_quad_vmix/kv260_quad_vmix_dp.runs/bd_quad_vmix_dp_v_mix_0_0_synth_1/prj/sol/.autopilot/db/v_mix.cpp:717]   --->   Operation 78 'store' 'store_ln440' <Predicate = (!icmp_ln463)> <Delay = 0.42>
ST_4 : Operation 79 [1/1] (0.00ns)   --->   "%ret_ln717 = ret" [/home/izaan/GitRepos/dpdma_exdes/vivado_quad_vmix/kv260_quad_vmix_dp.runs/bd_quad_vmix_dp_v_mix_0_0_synth_1/prj/sol/.autopilot/db/v_mix.cpp:717]   --->   Operation 79 'ret' 'ret_ln717' <Predicate = (icmp_ln463)> <Delay = 0.00>

State 5 <SV = 4> <Delay = 1.65>
ST_5 : Operation 80 [1/1] (0.00ns)   --->   "%specloopname_ln463 = specloopname void @_ssdm_op_SpecLoopName, void @empty_12" [/home/izaan/GitRepos/dpdma_exdes/vivado_quad_vmix/kv260_quad_vmix_dp.runs/bd_quad_vmix_dp_v_mix_0_0_synth_1/prj/sol/.autopilot/db/v_mix.cpp:463->/home/izaan/GitRepos/dpdma_exdes/vivado_quad_vmix/kv260_quad_vmix_dp.runs/bd_quad_vmix_dp_v_mix_0_0_synth_1/prj/sol/.autopilot/db/v_mix.cpp:717]   --->   Operation 80 'specloopname' 'specloopname_ln463' <Predicate = true> <Delay = 0.00>
ST_5 : Operation 81 [1/2] (1.65ns)   --->   "%call_ln450 = call void @v_mix_core_alpha<false, false>_Pipeline_VITIS_LOOP_465_3, i11 %div_cast_i, i48 %outLayer1, i48 %tmp_4_i, i15 %div65_cast_i, i16 %div72_cast_i, i1 %cmp61_i, i1 %rev20, i48 %outLayer0, i48 %srcLayer1x, i1 %tmp_10, i1 %empty" [/home/izaan/GitRepos/dpdma_exdes/vivado_quad_vmix/kv260_quad_vmix_dp.runs/bd_quad_vmix_dp_v_mix_0_0_synth_1/prj/sol/.autopilot/db/v_mix.cpp:450->/home/izaan/GitRepos/dpdma_exdes/vivado_quad_vmix/kv260_quad_vmix_dp.runs/bd_quad_vmix_dp_v_mix_0_0_synth_1/prj/sol/.autopilot/db/v_mix.cpp:717]   --->   Operation 81 'call' 'call_ln450' <Predicate = true> <Delay = 1.65> <CoreType = "Generic">   --->   Generic Core
ST_5 : Operation 82 [1/1] (0.00ns)   --->   "%br_ln463 = br void %VITIS_LOOP_465_3.i" [/home/izaan/GitRepos/dpdma_exdes/vivado_quad_vmix/kv260_quad_vmix_dp.runs/bd_quad_vmix_dp_v_mix_0_0_synth_1/prj/sol/.autopilot/db/v_mix.cpp:463->/home/izaan/GitRepos/dpdma_exdes/vivado_quad_vmix/kv260_quad_vmix_dp.runs/bd_quad_vmix_dp_v_mix_0_0_synth_1/prj/sol/.autopilot/db/v_mix.cpp:717]   --->   Operation 82 'br' 'br_ln463' <Predicate = true> <Delay = 0.00>


============================================================
+ Verbose Summary: Timing violations
============================================================
Target clock period: 6.667ns, clock uncertainty: 1.800ns.

 <State 1>: 3.746ns
The critical path consists of the following:
	fifo read operation ('HwReg_layerEnable_val25_read') on port 'HwReg_layerEnable_val25' [39]  (1.908 ns)
	fifo write operation ('write_ln445', /home/izaan/GitRepos/dpdma_exdes/vivado_quad_vmix/kv260_quad_vmix_dp.runs/bd_quad_vmix_dp_v_mix_0_0_synth_1/prj/sol/.autopilot/db/v_mix.cpp:445->/home/izaan/GitRepos/dpdma_exdes/vivado_quad_vmix/kv260_quad_vmix_dp.runs/bd_quad_vmix_dp_v_mix_0_0_synth_1/prj/sol/.autopilot/db/v_mix.cpp:717) on port 'HwReg_layerEnable_val25_c23' (/home/izaan/GitRepos/dpdma_exdes/vivado_quad_vmix/kv260_quad_vmix_dp.runs/bd_quad_vmix_dp_v_mix_0_0_synth_1/prj/sol/.autopilot/db/v_mix.cpp:445->/home/izaan/GitRepos/dpdma_exdes/vivado_quad_vmix/kv260_quad_vmix_dp.runs/bd_quad_vmix_dp_v_mix_0_0_synth_1/prj/sol/.autopilot/db/v_mix.cpp:717) [42]  (1.838 ns)

 <State 2>: 1.402ns
The critical path consists of the following:
	'call' operation 0 bit ('call_ln0') to 'v_mix_core_alpha<false, false>_Pipeline_VITIS_LOOP_456_1' [52]  (1.402 ns)

 <State 3>: 0.853ns
The critical path consists of the following:
	'add' operation 17 bit ('add60_i', /home/izaan/GitRepos/dpdma_exdes/vivado_quad_vmix/kv260_quad_vmix_dp.runs/bd_quad_vmix_dp_v_mix_0_0_synth_1/prj/sol/.autopilot/db/v_mix.cpp:449->/home/izaan/GitRepos/dpdma_exdes/vivado_quad_vmix/kv260_quad_vmix_dp.runs/bd_quad_vmix_dp_v_mix_0_0_synth_1/prj/sol/.autopilot/db/v_mix.cpp:717) [66]  (0.853 ns)

 <State 4>: 2.365ns
The critical path consists of the following:
	'load' operation 12 bit ('y', /home/izaan/GitRepos/dpdma_exdes/vivado_quad_vmix/kv260_quad_vmix_dp.runs/bd_quad_vmix_dp_v_mix_0_0_synth_1/prj/sol/.autopilot/db/v_mix.cpp:463->/home/izaan/GitRepos/dpdma_exdes/vivado_quad_vmix/kv260_quad_vmix_dp.runs/bd_quad_vmix_dp_v_mix_0_0_synth_1/prj/sol/.autopilot/db/v_mix.cpp:717) on local variable 'y', /home/izaan/GitRepos/dpdma_exdes/vivado_quad_vmix/kv260_quad_vmix_dp.runs/bd_quad_vmix_dp_v_mix_0_0_synth_1/prj/sol/.autopilot/db/v_mix.cpp:440->/home/izaan/GitRepos/dpdma_exdes/vivado_quad_vmix/kv260_quad_vmix_dp.runs/bd_quad_vmix_dp_v_mix_0_0_synth_1/prj/sol/.autopilot/db/v_mix.cpp:717 [77]  (0.000 ns)
	'icmp' operation 1 bit ('ult', /home/izaan/GitRepos/dpdma_exdes/vivado_quad_vmix/kv260_quad_vmix_dp.runs/bd_quad_vmix_dp_v_mix_0_0_synth_1/prj/sol/.autopilot/db/v_mix.cpp:463->/home/izaan/GitRepos/dpdma_exdes/vivado_quad_vmix/kv260_quad_vmix_dp.runs/bd_quad_vmix_dp_v_mix_0_0_synth_1/prj/sol/.autopilot/db/v_mix.cpp:717) [86]  (0.853 ns)
	'xor' operation 1 bit ('rev20', /home/izaan/GitRepos/dpdma_exdes/vivado_quad_vmix/kv260_quad_vmix_dp.runs/bd_quad_vmix_dp_v_mix_0_0_synth_1/prj/sol/.autopilot/db/v_mix.cpp:463->/home/izaan/GitRepos/dpdma_exdes/vivado_quad_vmix/kv260_quad_vmix_dp.runs/bd_quad_vmix_dp_v_mix_0_0_synth_1/prj/sol/.autopilot/db/v_mix.cpp:717) [87]  (0.287 ns)
	'call' operation 0 bit ('call_ln450', /home/izaan/GitRepos/dpdma_exdes/vivado_quad_vmix/kv260_quad_vmix_dp.runs/bd_quad_vmix_dp_v_mix_0_0_synth_1/prj/sol/.autopilot/db/v_mix.cpp:450->/home/izaan/GitRepos/dpdma_exdes/vivado_quad_vmix/kv260_quad_vmix_dp.runs/bd_quad_vmix_dp_v_mix_0_0_synth_1/prj/sol/.autopilot/db/v_mix.cpp:717) to 'v_mix_core_alpha<false, false>_Pipeline_VITIS_LOOP_465_3' [89]  (1.225 ns)

 <State 5>: 1.652ns
The critical path consists of the following:
	'call' operation 0 bit ('call_ln450', /home/izaan/GitRepos/dpdma_exdes/vivado_quad_vmix/kv260_quad_vmix_dp.runs/bd_quad_vmix_dp_v_mix_0_0_synth_1/prj/sol/.autopilot/db/v_mix.cpp:450->/home/izaan/GitRepos/dpdma_exdes/vivado_quad_vmix/kv260_quad_vmix_dp.runs/bd_quad_vmix_dp_v_mix_0_0_synth_1/prj/sol/.autopilot/db/v_mix.cpp:717) to 'v_mix_core_alpha<false, false>_Pipeline_VITIS_LOOP_465_3' [89]  (1.652 ns)


============================================================
+ Verbose Summary: Binding
============================================================
N/A
* FSMD analyzer results:
  - Output states:
 - Input state : 
  - Chain level:
	State 1
	State 2
	State 3
	State 4
	State 5


============================================================
+ Verbose Summary: Datapath Resource usage 
============================================================
N/A
