

================================================================
== Vitis HLS Report for 'v_mix_core_alpha_false_false_22'
================================================================
* Date:           Mon Apr 27 12:26:43 2026

* Version:        2024.2 (Build 5238294 on Nov  8 2024)
* Project:        prj
* Solution:       sol (Vivado IP Flow Target)
* Product family: zynquplus
* Target device:  xck26-sfvc784-2LV-c


================================================================
== Performance Estimates
================================================================
+ Timing: 
    * Summary: 
    +--------+---------+----------+------------+
    |  Clock |  Target | Estimated| Uncertainty|
    +--------+---------+----------+------------+
    |ap_clk  |  6.67 ns|  4.103 ns|     1.80 ns|
    +--------+---------+----------+------------+

+ Latency: 
    * Summary: 
    +---------+---------+-----------+-----------+------+---------+---------+
    |  Latency (cycles) |   Latency (absolute)  |    Interval    | Pipeline|
    |   min   |   max   |    min    |    max    |  min |   max   |   Type  |
    +---------+---------+-----------+-----------+------+---------+---------+
    |     2305|  4155841|  15.367 us|  27.707 ms|  2305|  4155841|       no|
    +---------+---------+-----------+-----------+------+---------+---------+

    + Detail: 
        * Instance: 
        N/A

        * Loop: 
        +--------------------+---------+---------+-----------+-----------+-----------+-----------+----------+
        |                    |  Latency (cycles) | Iteration |  Initiation Interval  |    Trip   |          |
        |      Loop Name     |   min   |   max   |  Latency  |  achieved |   target  |   Count   | Pipelined|
        +--------------------+---------+---------+-----------+-----------+-----------+-----------+----------+
        |- VITIS_LOOP_463_2  |     2304|  4155840|  36 ~ 1924|          -|          -|  64 ~ 2160|        no|
        +--------------------+---------+---------+-----------+-----------+-----------+-----------+----------+

============================================================
+ Verbose Summary: Synthesis Manager
============================================================
InlineROM: 1
ExposeGlobal: 0
============================================================
+ Verbose Summary: CDFG Model
============================================================
IsTopModel: 0
ResetActiveHigh: 1
IsCombinational: 2
IsDatapathOnly: 0
HasWiredReturn: 1
HasMFsm: 0
HasVarLatency: 1
IsPipeline: 0
IsRtlPipelined: 0
IsInstanceOverlapped: 0
IsDontTouch: 0
HasImplIP: 0
IsGatedGlobalClock: 0


============================================================
+ Verbose Summary: Schedule
============================================================
* Number of FSM states : 3
* Pipeline : 0
* Dataflow Pipeline: 0

* FSM state transitions: 
1 --> 2 
2 --> 3 
3 --> 2 

* FSM state operations: 

State 1 <SV = 0> <Delay = 3.71>
ST_1 : Operation 4 [1/1] (0.00ns)   --->   "%y = alloca i32 1" [/home/izaan/GitRepos/dpdma_exdes/vivado_quad_vmix/kv260_quad_vmix_dp.runs/bd_quad_vmix_dp_v_mix_0_0_synth_1/prj/sol/.autopilot/db/v_mix.cpp:440]   --->   Operation 4 'alloca' 'y' <Predicate = true> <Delay = 0.00>
ST_1 : Operation 5 [1/1] (0.00ns)   --->   "%specinterface_ln0 = specinterface void @_ssdm_op_SpecInterface, i8 %hwReg_layerScaleFactor_4_val, void @ap_fifo_str, i32 0, i32 0, void @p_str, i32 0, i32 0, void @p_str, void @p_str, void @p_str, i32 2, i32 2, i32 16, i32 16, void @p_str, void @ScalarProp_str, i32 4294967295, i32 0, i32 0"   --->   Operation 5 'specinterface' 'specinterface_ln0' <Predicate = true> <Delay = 0.00>
ST_1 : Operation 6 [1/1] (0.00ns)   --->   "%hwReg_height_val_read = read i12 @_ssdm_op_Read.ap_auto.i12, i12 %hwReg_height_val"   --->   Operation 6 'read' 'hwReg_height_val_read' <Predicate = true> <Delay = 0.00>
ST_1 : Operation 7 [1/1] (0.00ns)   --->   "%hwReg_width_val_read = read i12 @_ssdm_op_Read.ap_auto.i12, i12 %hwReg_width_val"   --->   Operation 7 'read' 'hwReg_width_val_read' <Predicate = true> <Delay = 0.00>
ST_1 : Operation 8 [1/1] ( I:1.95ns O:1.95ns )   --->   "%hwReg_layerScaleFactor_4_val_read = read i8 @_ssdm_op_Read.ap_fifo.i8P0A, i8 %hwReg_layerScaleFactor_4_val"   --->   Operation 8 'read' 'hwReg_layerScaleFactor_4_val_read' <Predicate = true> <Delay = 1.95> <CoreInst = "FIFO_SRL">   --->   Core 80 'FIFO_SRL' <Latency = 0> <II = 1> <Delay = 1.95> <Storage> <Opcode : 'read' 'write' 'nbread' 'nbwrite'> <Ports = 0> <Width = 8> <Depth = 10> <FIFO>
ST_1 : Operation 9 [1/1] (0.00ns)   --->   "%specinterface_ln0 = specinterface void @_ssdm_op_SpecInterface, i16 %hwReg_layerHeight_4_val, void @ap_fifo_str, i32 0, i32 0, void @p_str, i32 0, i32 0, void @p_str, void @p_str, void @p_str, i32 2, i32 2, i32 16, i32 16, void @p_str, void @ScalarProp_str, i32 4294967295, i32 0, i32 0"   --->   Operation 9 'specinterface' 'specinterface_ln0' <Predicate = true> <Delay = 0.00>
ST_1 : Operation 10 [1/1] ( I:1.86ns O:1.86ns )   --->   "%hwReg_layerHeight_4_val_read = read i16 @_ssdm_op_Read.ap_fifo.i16P0A, i16 %hwReg_layerHeight_4_val"   --->   Operation 10 'read' 'hwReg_layerHeight_4_val_read' <Predicate = true> <Delay = 1.86> <CoreInst = "FIFO_SRL">   --->   Core 80 'FIFO_SRL' <Latency = 0> <II = 1> <Delay = 1.86> <Storage> <Opcode : 'read' 'write' 'nbread' 'nbwrite'> <Ports = 0> <Width = 16> <Depth = 5> <FIFO>
ST_1 : Operation 11 [1/1] (0.00ns)   --->   "%specinterface_ln0 = specinterface void @_ssdm_op_SpecInterface, i16 %hwReg_layerWidth_4_val, void @ap_fifo_str, i32 0, i32 0, void @p_str, i32 0, i32 0, void @p_str, void @p_str, void @p_str, i32 2, i32 2, i32 16, i32 16, void @p_str, void @ScalarProp_str, i32 4294967295, i32 0, i32 0"   --->   Operation 11 'specinterface' 'specinterface_ln0' <Predicate = true> <Delay = 0.00>
ST_1 : Operation 12 [1/1] ( I:1.86ns O:1.86ns )   --->   "%hwReg_layerWidth_4_val_read = read i16 @_ssdm_op_Read.ap_fifo.i16P0A, i16 %hwReg_layerWidth_4_val"   --->   Operation 12 'read' 'hwReg_layerWidth_4_val_read' <Predicate = true> <Delay = 1.86> <CoreInst = "FIFO_SRL">   --->   Core 80 'FIFO_SRL' <Latency = 0> <II = 1> <Delay = 1.86> <Storage> <Opcode : 'read' 'write' 'nbread' 'nbwrite'> <Ports = 0> <Width = 16> <Depth = 5> <FIFO>
ST_1 : Operation 13 [1/1] (0.00ns)   --->   "%specinterface_ln0 = specinterface void @_ssdm_op_SpecInterface, i16 %hwReg_layerStartY_4_val, void @ap_fifo_str, i32 0, i32 0, void @p_str, i32 0, i32 0, void @p_str, void @p_str, void @p_str, i32 2, i32 2, i32 16, i32 16, void @p_str, void @ScalarProp_str, i32 4294967295, i32 0, i32 0"   --->   Operation 13 'specinterface' 'specinterface_ln0' <Predicate = true> <Delay = 0.00>
ST_1 : Operation 14 [1/1] ( I:1.95ns O:1.95ns )   --->   "%layerStartY = read i16 @_ssdm_op_Read.ap_fifo.i16P0A, i16 %hwReg_layerStartY_4_val"   --->   Operation 14 'read' 'layerStartY' <Predicate = true> <Delay = 1.95> <CoreInst = "FIFO_SRL">   --->   Core 80 'FIFO_SRL' <Latency = 0> <II = 1> <Delay = 1.95> <Storage> <Opcode : 'read' 'write' 'nbread' 'nbwrite'> <Ports = 0> <Width = 16> <Depth = 10> <FIFO>
ST_1 : Operation 15 [1/1] (0.00ns)   --->   "%specinterface_ln0 = specinterface void @_ssdm_op_SpecInterface, i16 %hwReg_layerStartX_4_val, void @ap_fifo_str, i32 0, i32 0, void @p_str, i32 0, i32 0, void @p_str, void @p_str, void @p_str, i32 2, i32 2, i32 16, i32 16, void @p_str, void @ScalarProp_str, i32 4294967295, i32 0, i32 0"   --->   Operation 15 'specinterface' 'specinterface_ln0' <Predicate = true> <Delay = 0.00>
ST_1 : Operation 16 [1/1] ( I:1.95ns O:1.95ns )   --->   "%layerStartX = read i16 @_ssdm_op_Read.ap_fifo.i16P0A, i16 %hwReg_layerStartX_4_val"   --->   Operation 16 'read' 'layerStartX' <Predicate = true> <Delay = 1.95> <CoreInst = "FIFO_SRL">   --->   Core 80 'FIFO_SRL' <Latency = 0> <II = 1> <Delay = 1.95> <Storage> <Opcode : 'read' 'write' 'nbread' 'nbwrite'> <Ports = 0> <Width = 16> <Depth = 10> <FIFO>
ST_1 : Operation 17 [1/1] (0.00ns)   --->   "%specinterface_ln0 = specinterface void @_ssdm_op_SpecInterface, i5 %hwReg_layerEnable_val, void @ap_fifo_str, i32 0, i32 0, void @p_str, i32 0, i32 0, void @p_str, void @p_str, void @p_str, i32 2, i32 2, i32 16, i32 16, void @p_str, void @ScalarProp_str, i32 4294967295, i32 0, i32 0"   --->   Operation 17 'specinterface' 'specinterface_ln0' <Predicate = true> <Delay = 0.00>
ST_1 : Operation 18 [1/1] ( I:1.83ns O:1.83ns )   --->   "%hwReg_layerEnable_val_read = read i5 @_ssdm_op_Read.ap_fifo.i5P0A, i5 %hwReg_layerEnable_val"   --->   Operation 18 'read' 'hwReg_layerEnable_val_read' <Predicate = true> <Delay = 1.83> <CoreInst = "FIFO_SRL">   --->   Core 80 'FIFO_SRL' <Latency = 0> <II = 1> <Delay = 1.83> <Storage> <Opcode : 'read' 'write' 'nbread' 'nbwrite'> <Ports = 0> <Width = 5> <Depth = 2> <FIFO>
ST_1 : Operation 19 [1/1] (0.00ns)   --->   "%specstablecontent_ln0 = specstablecontent void @_ssdm_op_SpecStableContent, i12 %hwReg_height_val, void "   --->   Operation 19 'specstablecontent' 'specstablecontent_ln0' <Predicate = true> <Delay = 0.00>
ST_1 : Operation 20 [1/1] (0.00ns)   --->   "%specstablecontent_ln0 = specstablecontent void @_ssdm_op_SpecStableContent, i12 %hwReg_width_val, void "   --->   Operation 20 'specstablecontent' 'specstablecontent_ln0' <Predicate = true> <Delay = 0.00>
ST_1 : Operation 21 [1/1] (0.00ns)   --->   "%specinterface_ln0 = specinterface void @_ssdm_op_SpecInterface, i48 %outLayer4, void @empty_17, i32 0, i32 0, void @empty_54, i32 0, i32 0, void @empty_54, void @empty_54, void @empty_54, i32 0, i32 0, i32 0, i32 0, void @empty_54, void @empty_54, i32 4294967295, i32 0, i32 0"   --->   Operation 21 'specinterface' 'specinterface_ln0' <Predicate = true> <Delay = 0.00>
ST_1 : Operation 22 [1/1] (0.00ns)   --->   "%specinterface_ln0 = specinterface void @_ssdm_op_SpecInterface, i48 %srcLayer4x, void @empty_17, i32 0, i32 0, void @empty_54, i32 0, i32 0, void @empty_54, void @empty_54, void @empty_54, i32 0, i32 0, i32 0, i32 0, void @empty_54, void @empty_54, i32 4294967295, i32 0, i32 0"   --->   Operation 22 'specinterface' 'specinterface_ln0' <Predicate = true> <Delay = 0.00>
ST_1 : Operation 23 [1/1] (0.00ns)   --->   "%specinterface_ln0 = specinterface void @_ssdm_op_SpecInterface, i48 %outLayer3, void @empty_17, i32 0, i32 0, void @empty_54, i32 0, i32 0, void @empty_54, void @empty_54, void @empty_54, i32 0, i32 0, i32 0, i32 0, void @empty_54, void @empty_54, i32 4294967295, i32 0, i32 0"   --->   Operation 23 'specinterface' 'specinterface_ln0' <Predicate = true> <Delay = 0.00>
ST_1 : Operation 24 [1/1] (0.00ns)   --->   "%hwReg_layerScaleFactor_4_val_readcast = zext i8 %hwReg_layerScaleFactor_4_val_read" [/home/izaan/GitRepos/dpdma_exdes/vivado_quad_vmix/kv260_quad_vmix_dp.runs/bd_quad_vmix_dp_v_mix_0_0_synth_1/prj/sol/.autopilot/db/v_mix.cpp:449]   --->   Operation 24 'zext' 'hwReg_layerScaleFactor_4_val_readcast' <Predicate = true> <Delay = 0.00>
ST_1 : Operation 25 [1/1] (0.90ns)   --->   "%shl_ln449 = shl i16 %hwReg_layerHeight_4_val_read, i16 %hwReg_layerScaleFactor_4_val_readcast" [/home/izaan/GitRepos/dpdma_exdes/vivado_quad_vmix/kv260_quad_vmix_dp.runs/bd_quad_vmix_dp_v_mix_0_0_synth_1/prj/sol/.autopilot/db/v_mix.cpp:449]   --->   Operation 25 'shl' 'shl_ln449' <Predicate = true> <Delay = 0.90> <CoreInst = "Shifter">   --->   Core 75 'Shifter' <Latency = 0> <II = 1> <Delay = 0.90> <FuncUnit> <Opcode : 'shl' 'lshr' 'ashr'> <InPorts = 2> <OutPorts = 1>
ST_1 : Operation 26 [1/1] (0.00ns)   --->   "%hwReg_layerScaleFactor_4_val_readcast13 = zext i8 %hwReg_layerScaleFactor_4_val_read" [/home/izaan/GitRepos/dpdma_exdes/vivado_quad_vmix/kv260_quad_vmix_dp.runs/bd_quad_vmix_dp_v_mix_0_0_synth_1/prj/sol/.autopilot/db/v_mix.cpp:450]   --->   Operation 26 'zext' 'hwReg_layerScaleFactor_4_val_readcast13' <Predicate = true> <Delay = 0.00>
ST_1 : Operation 27 [1/1] (0.90ns)   --->   "%shl_ln450 = shl i16 %hwReg_layerWidth_4_val_read, i16 %hwReg_layerScaleFactor_4_val_readcast13" [/home/izaan/GitRepos/dpdma_exdes/vivado_quad_vmix/kv260_quad_vmix_dp.runs/bd_quad_vmix_dp_v_mix_0_0_synth_1/prj/sol/.autopilot/db/v_mix.cpp:450]   --->   Operation 27 'shl' 'shl_ln450' <Predicate = true> <Delay = 0.90> <CoreInst = "Shifter">   --->   Core 75 'Shifter' <Latency = 0> <II = 1> <Delay = 0.90> <FuncUnit> <Opcode : 'shl' 'lshr' 'ashr'> <InPorts = 2> <OutPorts = 1>
ST_1 : Operation 28 [1/1] (0.00ns)   --->   "%div_cast = partselect i11 @_ssdm_op_PartSelect.i11.i12.i32.i32, i12 %hwReg_width_val_read, i32 1, i32 11"   --->   Operation 28 'partselect' 'div_cast' <Predicate = true> <Delay = 0.00>
ST_1 : Operation 29 [1/1] (0.00ns)   --->   "%hwReg_layerStartY_4_val_cast = zext i16 %layerStartY"   --->   Operation 29 'zext' 'hwReg_layerStartY_4_val_cast' <Predicate = true> <Delay = 0.00>
ST_1 : Operation 30 [1/1] (0.00ns)   --->   "%layerHeight_cast = zext i16 %shl_ln449" [/home/izaan/GitRepos/dpdma_exdes/vivado_quad_vmix/kv260_quad_vmix_dp.runs/bd_quad_vmix_dp_v_mix_0_0_synth_1/prj/sol/.autopilot/db/v_mix.cpp:449]   --->   Operation 30 'zext' 'layerHeight_cast' <Predicate = true> <Delay = 0.00>
ST_1 : Operation 31 [1/1] (0.85ns)   --->   "%add60 = add i17 %layerHeight_cast, i17 %hwReg_layerStartY_4_val_cast" [/home/izaan/GitRepos/dpdma_exdes/vivado_quad_vmix/kv260_quad_vmix_dp.runs/bd_quad_vmix_dp_v_mix_0_0_synth_1/prj/sol/.autopilot/db/v_mix.cpp:449]   --->   Operation 31 'add' 'add60' <Predicate = true> <Delay = 0.85> <CoreInst = "Adder">   --->   Core 1 'Adder' <Latency = 0> <II = 1> <Delay = 0.85> <FuncUnit> <Opcode : 'add' 'sub'> <InPorts = 2> <OutPorts = 1>
ST_1 : Operation 32 [1/1] (0.00ns)   --->   "%hwReg_layerStartX_4_val_cast = zext i16 %layerStartX"   --->   Operation 32 'zext' 'hwReg_layerStartX_4_val_cast' <Predicate = true> <Delay = 0.00>
ST_1 : Operation 33 [1/1] (0.00ns)   --->   "%div65_cast = partselect i15 @_ssdm_op_PartSelect.i15.i16.i32.i32, i16 %layerStartX, i32 1, i32 15"   --->   Operation 33 'partselect' 'div65_cast' <Predicate = true> <Delay = 0.00>
ST_1 : Operation 34 [1/1] (0.00ns)   --->   "%layerWidth_cast = zext i16 %shl_ln450" [/home/izaan/GitRepos/dpdma_exdes/vivado_quad_vmix/kv260_quad_vmix_dp.runs/bd_quad_vmix_dp_v_mix_0_0_synth_1/prj/sol/.autopilot/db/v_mix.cpp:450]   --->   Operation 34 'zext' 'layerWidth_cast' <Predicate = true> <Delay = 0.00>
ST_1 : Operation 35 [1/1] (0.85ns)   --->   "%add71 = add i17 %layerWidth_cast, i17 %hwReg_layerStartX_4_val_cast" [/home/izaan/GitRepos/dpdma_exdes/vivado_quad_vmix/kv260_quad_vmix_dp.runs/bd_quad_vmix_dp_v_mix_0_0_synth_1/prj/sol/.autopilot/db/v_mix.cpp:450]   --->   Operation 35 'add' 'add71' <Predicate = true> <Delay = 0.85> <CoreInst = "Adder">   --->   Core 1 'Adder' <Latency = 0> <II = 1> <Delay = 0.85> <FuncUnit> <Opcode : 'add' 'sub'> <InPorts = 2> <OutPorts = 1>
ST_1 : Operation 36 [1/1] (0.00ns)   --->   "%div72_cast = partselect i16 @_ssdm_op_PartSelect.i16.i17.i32.i32, i17 %add71, i32 1, i32 16" [/home/izaan/GitRepos/dpdma_exdes/vivado_quad_vmix/kv260_quad_vmix_dp.runs/bd_quad_vmix_dp_v_mix_0_0_synth_1/prj/sol/.autopilot/db/v_mix.cpp:450]   --->   Operation 36 'partselect' 'div72_cast' <Predicate = true> <Delay = 0.00>
ST_1 : Operation 37 [1/1] (0.00ns)   --->   "%tmp_4 = bitselect i1 @_ssdm_op_BitSelect.i1.i5.i32, i5 %hwReg_layerEnable_val_read, i32 4"   --->   Operation 37 'bitselect' 'tmp_4' <Predicate = true> <Delay = 0.00>
ST_1 : Operation 38 [1/1] (0.42ns)   --->   "%store_ln440 = store i12 0, i12 %y" [/home/izaan/GitRepos/dpdma_exdes/vivado_quad_vmix/kv260_quad_vmix_dp.runs/bd_quad_vmix_dp_v_mix_0_0_synth_1/prj/sol/.autopilot/db/v_mix.cpp:440]   --->   Operation 38 'store' 'store_ln440' <Predicate = true> <Delay = 0.42>
ST_1 : Operation 39 [1/1] (0.00ns)   --->   "%br_ln463 = br void %VITIS_LOOP_465_3" [/home/izaan/GitRepos/dpdma_exdes/vivado_quad_vmix/kv260_quad_vmix_dp.runs/bd_quad_vmix_dp_v_mix_0_0_synth_1/prj/sol/.autopilot/db/v_mix.cpp:463]   --->   Operation 39 'br' 'br_ln463' <Predicate = true> <Delay = 0.00>

State 2 <SV = 1> <Delay = 2.36>
ST_2 : Operation 40 [1/1] (0.00ns)   --->   "%y_20 = load i12 %y" [/home/izaan/GitRepos/dpdma_exdes/vivado_quad_vmix/kv260_quad_vmix_dp.runs/bd_quad_vmix_dp_v_mix_0_0_synth_1/prj/sol/.autopilot/db/v_mix.cpp:463]   --->   Operation 40 'load' 'y_20' <Predicate = true> <Delay = 0.00>
ST_2 : Operation 41 [1/1] (0.80ns)   --->   "%icmp_ln463 = icmp_eq  i12 %y_20, i12 %hwReg_height_val_read" [/home/izaan/GitRepos/dpdma_exdes/vivado_quad_vmix/kv260_quad_vmix_dp.runs/bd_quad_vmix_dp_v_mix_0_0_synth_1/prj/sol/.autopilot/db/v_mix.cpp:463]   --->   Operation 41 'icmp' 'icmp_ln463' <Predicate = true> <Delay = 0.80> <CoreInst = "Cmp">   --->   Core 9 'Cmp' <Latency = 0> <II = 1> <Delay = 0.80> <FuncUnit> <Opcode : 'seteq' 'setne' 'setle' 'setge' 'setlt' 'setgt'> <InPorts = 2> <OutPorts = 1>
ST_2 : Operation 42 [1/1] (0.00ns)   --->   "%speclooptripcount_ln0 = speclooptripcount void @_ssdm_op_SpecLoopTripCount, i64 64, i64 2160, i64 0"   --->   Operation 42 'speclooptripcount' 'speclooptripcount_ln0' <Predicate = true> <Delay = 0.00>
ST_2 : Operation 43 [1/1] (0.80ns)   --->   "%add_ln463 = add i12 %y_20, i12 1" [/home/izaan/GitRepos/dpdma_exdes/vivado_quad_vmix/kv260_quad_vmix_dp.runs/bd_quad_vmix_dp_v_mix_0_0_synth_1/prj/sol/.autopilot/db/v_mix.cpp:463]   --->   Operation 43 'add' 'add_ln463' <Predicate = true> <Delay = 0.80> <CoreInst = "Adder">   --->   Core 1 'Adder' <Latency = 0> <II = 1> <Delay = 0.80> <FuncUnit> <Opcode : 'add' 'sub'> <InPorts = 2> <OutPorts = 1>
ST_2 : Operation 44 [1/1] (0.00ns)   --->   "%br_ln463 = br i1 %icmp_ln463, void %VITIS_LOOP_465_3.split, void %for.end113.loopexit" [/home/izaan/GitRepos/dpdma_exdes/vivado_quad_vmix/kv260_quad_vmix_dp.runs/bd_quad_vmix_dp_v_mix_0_0_synth_1/prj/sol/.autopilot/db/v_mix.cpp:463]   --->   Operation 44 'br' 'br_ln463' <Predicate = true> <Delay = 0.00>
ST_2 : Operation 45 [1/1] (0.00ns)   --->   "%zext_ln463 = zext i12 %y_20" [/home/izaan/GitRepos/dpdma_exdes/vivado_quad_vmix/kv260_quad_vmix_dp.runs/bd_quad_vmix_dp_v_mix_0_0_synth_1/prj/sol/.autopilot/db/v_mix.cpp:463]   --->   Operation 45 'zext' 'zext_ln463' <Predicate = (!icmp_ln463)> <Delay = 0.00>
ST_2 : Operation 46 [1/1] (0.00ns)   --->   "%zext_ln463_1 = zext i12 %y_20" [/home/izaan/GitRepos/dpdma_exdes/vivado_quad_vmix/kv260_quad_vmix_dp.runs/bd_quad_vmix_dp_v_mix_0_0_synth_1/prj/sol/.autopilot/db/v_mix.cpp:463]   --->   Operation 46 'zext' 'zext_ln463_1' <Predicate = (!icmp_ln463)> <Delay = 0.00>
ST_2 : Operation 47 [1/1] (0.85ns)   --->   "%ult = icmp_ult  i16 %zext_ln463_1, i16 %layerStartY" [/home/izaan/GitRepos/dpdma_exdes/vivado_quad_vmix/kv260_quad_vmix_dp.runs/bd_quad_vmix_dp_v_mix_0_0_synth_1/prj/sol/.autopilot/db/v_mix.cpp:463]   --->   Operation 47 'icmp' 'ult' <Predicate = (!icmp_ln463)> <Delay = 0.85> <CoreInst = "Cmp">   --->   Core 9 'Cmp' <Latency = 0> <II = 1> <Delay = 0.85> <FuncUnit> <Opcode : 'seteq' 'setne' 'setle' 'setge' 'setlt' 'setgt'> <InPorts = 2> <OutPorts = 1>
ST_2 : Operation 48 [1/1] (0.28ns)   --->   "%rev12 = xor i1 %ult, i1 1" [/home/izaan/GitRepos/dpdma_exdes/vivado_quad_vmix/kv260_quad_vmix_dp.runs/bd_quad_vmix_dp_v_mix_0_0_synth_1/prj/sol/.autopilot/db/v_mix.cpp:463]   --->   Operation 48 'xor' 'rev12' <Predicate = (!icmp_ln463)> <Delay = 0.28> <CoreInst = "LogicGate">   --->   Core 74 'LogicGate' <Latency = 0> <II = 1> <Delay = 0.28> <FuncUnit> <Opcode : 'and' 'or' 'xor'> <InPorts = 2> <OutPorts = 1>
ST_2 : Operation 49 [1/1] (0.86ns)   --->   "%cmp61 = icmp_ugt  i17 %add60, i17 %zext_ln463" [/home/izaan/GitRepos/dpdma_exdes/vivado_quad_vmix/kv260_quad_vmix_dp.runs/bd_quad_vmix_dp_v_mix_0_0_synth_1/prj/sol/.autopilot/db/v_mix.cpp:449]   --->   Operation 49 'icmp' 'cmp61' <Predicate = (!icmp_ln463)> <Delay = 0.86> <CoreInst = "Cmp">   --->   Core 9 'Cmp' <Latency = 0> <II = 1> <Delay = 0.86> <FuncUnit> <Opcode : 'seteq' 'setne' 'setle' 'setge' 'setlt' 'setgt'> <InPorts = 2> <OutPorts = 1>
ST_2 : Operation 50 [2/2] (1.22ns)   --->   "%call_ln450 = call void @v_mix_core_alpha<false, false>.22_Pipeline_VITIS_LOOP_465_3, i11 %div_cast, i48 %outLayer4, i48 %outLayer3, i15 %div65_cast, i16 %div72_cast, i1 %cmp61, i1 %rev12, i48 %srcLayer4x, i1 %tmp_4" [/home/izaan/GitRepos/dpdma_exdes/vivado_quad_vmix/kv260_quad_vmix_dp.runs/bd_quad_vmix_dp_v_mix_0_0_synth_1/prj/sol/.autopilot/db/v_mix.cpp:450]   --->   Operation 50 'call' 'call_ln450' <Predicate = (!icmp_ln463)> <Delay = 1.22> <CoreType = "Generic">   --->   Generic Core
ST_2 : Operation 51 [1/1] (0.42ns)   --->   "%store_ln440 = store i12 %add_ln463, i12 %y" [/home/izaan/GitRepos/dpdma_exdes/vivado_quad_vmix/kv260_quad_vmix_dp.runs/bd_quad_vmix_dp_v_mix_0_0_synth_1/prj/sol/.autopilot/db/v_mix.cpp:440]   --->   Operation 51 'store' 'store_ln440' <Predicate = (!icmp_ln463)> <Delay = 0.42>
ST_2 : Operation 52 [1/1] (0.00ns)   --->   "%ret_ln496 = ret" [/home/izaan/GitRepos/dpdma_exdes/vivado_quad_vmix/kv260_quad_vmix_dp.runs/bd_quad_vmix_dp_v_mix_0_0_synth_1/prj/sol/.autopilot/db/v_mix.cpp:496]   --->   Operation 52 'ret' 'ret_ln496' <Predicate = (icmp_ln463)> <Delay = 0.00>

State 3 <SV = 2> <Delay = 1.65>
ST_3 : Operation 53 [1/1] (0.00ns)   --->   "%specloopname_ln463 = specloopname void @_ssdm_op_SpecLoopName, void @empty_12" [/home/izaan/GitRepos/dpdma_exdes/vivado_quad_vmix/kv260_quad_vmix_dp.runs/bd_quad_vmix_dp_v_mix_0_0_synth_1/prj/sol/.autopilot/db/v_mix.cpp:463]   --->   Operation 53 'specloopname' 'specloopname_ln463' <Predicate = true> <Delay = 0.00>
ST_3 : Operation 54 [1/2] (1.65ns)   --->   "%call_ln450 = call void @v_mix_core_alpha<false, false>.22_Pipeline_VITIS_LOOP_465_3, i11 %div_cast, i48 %outLayer4, i48 %outLayer3, i15 %div65_cast, i16 %div72_cast, i1 %cmp61, i1 %rev12, i48 %srcLayer4x, i1 %tmp_4" [/home/izaan/GitRepos/dpdma_exdes/vivado_quad_vmix/kv260_quad_vmix_dp.runs/bd_quad_vmix_dp_v_mix_0_0_synth_1/prj/sol/.autopilot/db/v_mix.cpp:450]   --->   Operation 54 'call' 'call_ln450' <Predicate = true> <Delay = 1.65> <CoreType = "Generic">   --->   Generic Core
ST_3 : Operation 55 [1/1] (0.00ns)   --->   "%br_ln463 = br void %VITIS_LOOP_465_3" [/home/izaan/GitRepos/dpdma_exdes/vivado_quad_vmix/kv260_quad_vmix_dp.runs/bd_quad_vmix_dp_v_mix_0_0_synth_1/prj/sol/.autopilot/db/v_mix.cpp:463]   --->   Operation 55 'br' 'br_ln463' <Predicate = true> <Delay = 0.00>


============================================================
+ Verbose Summary: Timing violations
============================================================
Target clock period: 6.667ns, clock uncertainty: 1.800ns.

 <State 1>: 3.716ns
The critical path consists of the following:
	fifo read operation ('hwReg_layerScaleFactor_4_val_read') on port 'hwReg_layerScaleFactor_4_val' [16]  (1.959 ns)
	'shl' operation 16 bit ('shl_ln449', /home/izaan/GitRepos/dpdma_exdes/vivado_quad_vmix/kv260_quad_vmix_dp.runs/bd_quad_vmix_dp_v_mix_0_0_synth_1/prj/sol/.autopilot/db/v_mix.cpp:449) [33]  (0.904 ns)
	'add' operation 17 bit ('add60', /home/izaan/GitRepos/dpdma_exdes/vivado_quad_vmix/kv260_quad_vmix_dp.runs/bd_quad_vmix_dp_v_mix_0_0_synth_1/prj/sol/.autopilot/db/v_mix.cpp:449) [39]  (0.853 ns)

 <State 2>: 2.365ns
The critical path consists of the following:
	'load' operation 12 bit ('y', /home/izaan/GitRepos/dpdma_exdes/vivado_quad_vmix/kv260_quad_vmix_dp.runs/bd_quad_vmix_dp_v_mix_0_0_synth_1/prj/sol/.autopilot/db/v_mix.cpp:463) on local variable 'y', /home/izaan/GitRepos/dpdma_exdes/vivado_quad_vmix/kv260_quad_vmix_dp.runs/bd_quad_vmix_dp_v_mix_0_0_synth_1/prj/sol/.autopilot/db/v_mix.cpp:440 [49]  (0.000 ns)
	'icmp' operation 1 bit ('ult', /home/izaan/GitRepos/dpdma_exdes/vivado_quad_vmix/kv260_quad_vmix_dp.runs/bd_quad_vmix_dp_v_mix_0_0_synth_1/prj/sol/.autopilot/db/v_mix.cpp:463) [58]  (0.853 ns)
	'xor' operation 1 bit ('rev12', /home/izaan/GitRepos/dpdma_exdes/vivado_quad_vmix/kv260_quad_vmix_dp.runs/bd_quad_vmix_dp_v_mix_0_0_synth_1/prj/sol/.autopilot/db/v_mix.cpp:463) [59]  (0.287 ns)
	'call' operation 0 bit ('call_ln450', /home/izaan/GitRepos/dpdma_exdes/vivado_quad_vmix/kv260_quad_vmix_dp.runs/bd_quad_vmix_dp_v_mix_0_0_synth_1/prj/sol/.autopilot/db/v_mix.cpp:450) to 'v_mix_core_alpha<false, false>.22_Pipeline_VITIS_LOOP_465_3' [61]  (1.225 ns)

 <State 3>: 1.652ns
The critical path consists of the following:
	'call' operation 0 bit ('call_ln450', /home/izaan/GitRepos/dpdma_exdes/vivado_quad_vmix/kv260_quad_vmix_dp.runs/bd_quad_vmix_dp_v_mix_0_0_synth_1/prj/sol/.autopilot/db/v_mix.cpp:450) to 'v_mix_core_alpha<false, false>.22_Pipeline_VITIS_LOOP_465_3' [61]  (1.652 ns)


============================================================
+ Verbose Summary: Binding
============================================================
N/A
* FSMD analyzer results:
  - Output states:
 - Input state : 
  - Chain level:
	State 1
	State 2
	State 3


============================================================
+ Verbose Summary: Datapath Resource usage 
============================================================
N/A
