

================================================================
== Vitis HLS Report for 'v_mix_core_alpha_false_false_Pipeline_VITIS_LOOP_465_3'
================================================================
* Date:           Mon Apr 27 12:26:35 2026

* Version:        2024.2 (Build 5238294 on Nov  8 2024)
* Project:        prj
* Solution:       sol (Vivado IP Flow Target)
* Product family: zynquplus
* Target device:  xck26-sfvc784-2LV-c


================================================================
== Performance Estimates
================================================================
+ Timing: 
    * Summary: 
    +--------+---------+----------+------------+
    |  Clock |  Target | Estimated| Uncertainty|
    +--------+---------+----------+------------+
    |ap_clk  |  6.67 ns|  4.530 ns|     1.80 ns|
    +--------+---------+----------+------------+

+ Latency: 
    * Summary: 
    +---------+---------+----------+-----------+-----+------+------------------------------------------------+
    |  Latency (cycles) |  Latency (absolute)  |  Interval  |                    Pipeline                    |
    |   min   |   max   |    min   |    max    | min |  max |                      Type                      |
    +---------+---------+----------+-----------+-----+------+------------------------------------------------+
    |       34|     1922|  0.227 us|  12.814 us|   33|  1921|  loop auto-rewind stp (delay=0 clock cycles(s))|
    +---------+---------+----------+-----------+-----+------+------------------------------------------------+

    + Detail: 
        * Instance: 
        N/A

        * Loop: 
        +--------------------+---------+---------+----------+-----------+-----------+-----------+----------+
        |                    |  Latency (cycles) | Iteration|  Initiation Interval  |    Trip   |          |
        |      Loop Name     |   min   |   max   |  Latency |  achieved |   target  |   Count   | Pipelined|
        +--------------------+---------+---------+----------+-----------+-----------+-----------+----------+
        |- VITIS_LOOP_465_3  |       32|     1920|         2|          1|          1|  32 ~ 1920|       yes|
        +--------------------+---------+---------+----------+-----------+-----------+-----------+----------+

============================================================
+ Verbose Summary: Synthesis Manager
============================================================
InlineROM: 1
ExposeGlobal: 0
============================================================
+ Verbose Summary: CDFG Model
============================================================
IsTopModel: 0
ResetActiveHigh: 1
IsCombinational: 0
IsDatapathOnly: 0
HasWiredReturn: 1
HasMFsm: 2
HasVarLatency: 1
IsPipeline: 0
IsRtlPipelined: 0
IsInstanceOverlapped: 0
IsDontTouch: 0
HasImplIP: 0
IsGatedGlobalClock: 0

+ Individual pipeline summary: 
  * Pipeline-0: initiation interval (II) = 1, depth = 2


============================================================
+ Verbose Summary: Schedule
============================================================
* Number of FSM states : 2
* Pipeline : 1
  Pipeline-0 : II = 1, D = 2, States = { 1 2 }
* Dataflow Pipeline: 0

* FSM state transitions: 
1 --> 2 
2 --> 

* FSM state operations: 

State 1 <SV = 0> <Delay = 1.65>
ST_1 : Operation 5 [1/1] (0.00ns)   --->   "%x = alloca i32 1" [/home/izaan/GitRepos/dpdma_exdes/vivado_quad_vmix/kv260_quad_vmix_dp.runs/bd_quad_vmix_dp_v_mix_0_0_synth_1/prj/sol/.autopilot/db/v_mix.cpp:440->/home/izaan/GitRepos/dpdma_exdes/vivado_quad_vmix/kv260_quad_vmix_dp.runs/bd_quad_vmix_dp_v_mix_0_0_synth_1/prj/sol/.autopilot/db/v_mix.cpp:717]   --->   Operation 5 'alloca' 'x' <Predicate = true> <Delay = 0.00>
ST_1 : Operation 6 [1/1] (0.00ns)   --->   "%specinterface_ln0 = specinterface void @_ssdm_op_SpecInterface, i48 %outLayer0, void @empty_17, i32 0, i32 0, void @empty_54, i32 0, i32 0, void @empty_54, void @empty_54, void @empty_54, i32 0, i32 0, i32 0, i32 0, void @empty_54, void @empty_54, i32 4294967295, i32 0, i32 0"   --->   Operation 6 'specinterface' 'specinterface_ln0' <Predicate = true> <Delay = 0.00>
ST_1 : Operation 7 [1/1] (0.00ns)   --->   "%specinterface_ln0 = specinterface void @_ssdm_op_SpecInterface, i48 %srcLayer1x, void @empty_17, i32 0, i32 0, void @empty_54, i32 0, i32 0, void @empty_54, void @empty_54, void @empty_54, i32 0, i32 0, i32 0, i32 0, void @empty_54, void @empty_54, i32 4294967295, i32 0, i32 0"   --->   Operation 7 'specinterface' 'specinterface_ln0' <Predicate = true> <Delay = 0.00>
ST_1 : Operation 8 [1/1] (0.00ns)   --->   "%specinterface_ln0 = specinterface void @_ssdm_op_SpecInterface, i48 %outLayer1, void @empty_17, i32 0, i32 0, void @empty_54, i32 0, i32 0, void @empty_54, void @empty_54, void @empty_54, i32 0, i32 0, i32 0, i32 0, void @empty_54, void @empty_54, i32 4294967295, i32 0, i32 0"   --->   Operation 8 'specinterface' 'specinterface_ln0' <Predicate = true> <Delay = 0.00>
ST_1 : Operation 9 [1/1] (0.00ns)   --->   "%HwReg_layerEnable_val25_load_read = read i1 @_ssdm_op_Read.ap_auto.i1, i1 %HwReg_layerEnable_val25_load" [/home/izaan/GitRepos/dpdma_exdes/vivado_quad_vmix/kv260_quad_vmix_dp.runs/bd_quad_vmix_dp_v_mix_0_0_synth_1/prj/sol/.autopilot/db/v_mix.cpp:445->/home/izaan/GitRepos/dpdma_exdes/vivado_quad_vmix/kv260_quad_vmix_dp.runs/bd_quad_vmix_dp_v_mix_0_0_synth_1/prj/sol/.autopilot/db/v_mix.cpp:717]   --->   Operation 9 'read' 'HwReg_layerEnable_val25_load_read' <Predicate = true> <Delay = 0.00>
ST_1 : Operation 10 [1/1] (0.00ns)   --->   "%tmp = read i1 @_ssdm_op_Read.ap_auto.i1, i1 %empty" [/home/izaan/GitRepos/dpdma_exdes/vivado_quad_vmix/kv260_quad_vmix_dp.runs/bd_quad_vmix_dp_v_mix_0_0_synth_1/prj/sol/.autopilot/db/v_mix.cpp:445->/home/izaan/GitRepos/dpdma_exdes/vivado_quad_vmix/kv260_quad_vmix_dp.runs/bd_quad_vmix_dp_v_mix_0_0_synth_1/prj/sol/.autopilot/db/v_mix.cpp:717]   --->   Operation 10 'read' 'tmp' <Predicate = true> <Delay = 0.00>
ST_1 : Operation 11 [1/1] (0.00ns)   --->   "%rev5_read = read i1 @_ssdm_op_Read.ap_auto.i1, i1 %rev5" [/home/izaan/GitRepos/dpdma_exdes/vivado_quad_vmix/kv260_quad_vmix_dp.runs/bd_quad_vmix_dp_v_mix_0_0_synth_1/prj/sol/.autopilot/db/v_mix.cpp:445->/home/izaan/GitRepos/dpdma_exdes/vivado_quad_vmix/kv260_quad_vmix_dp.runs/bd_quad_vmix_dp_v_mix_0_0_synth_1/prj/sol/.autopilot/db/v_mix.cpp:717]   --->   Operation 11 'read' 'rev5_read' <Predicate = true> <Delay = 0.00>
ST_1 : Operation 12 [1/1] (0.00ns)   --->   "%cmp61_i_read = read i1 @_ssdm_op_Read.ap_auto.i1, i1 %cmp61_i" [/home/izaan/GitRepos/dpdma_exdes/vivado_quad_vmix/kv260_quad_vmix_dp.runs/bd_quad_vmix_dp_v_mix_0_0_synth_1/prj/sol/.autopilot/db/v_mix.cpp:445->/home/izaan/GitRepos/dpdma_exdes/vivado_quad_vmix/kv260_quad_vmix_dp.runs/bd_quad_vmix_dp_v_mix_0_0_synth_1/prj/sol/.autopilot/db/v_mix.cpp:717]   --->   Operation 12 'read' 'cmp61_i_read' <Predicate = true> <Delay = 0.00>
ST_1 : Operation 13 [1/1] (0.00ns)   --->   "%div72_cast_i_read = read i16 @_ssdm_op_Read.ap_auto.i16, i16 %div72_cast_i" [/home/izaan/GitRepos/dpdma_exdes/vivado_quad_vmix/kv260_quad_vmix_dp.runs/bd_quad_vmix_dp_v_mix_0_0_synth_1/prj/sol/.autopilot/db/v_mix.cpp:445->/home/izaan/GitRepos/dpdma_exdes/vivado_quad_vmix/kv260_quad_vmix_dp.runs/bd_quad_vmix_dp_v_mix_0_0_synth_1/prj/sol/.autopilot/db/v_mix.cpp:717]   --->   Operation 13 'read' 'div72_cast_i_read' <Predicate = true> <Delay = 0.00>
ST_1 : Operation 14 [1/1] (0.00ns)   --->   "%div65_cast_i_read = read i15 @_ssdm_op_Read.ap_auto.i15, i15 %div65_cast_i" [/home/izaan/GitRepos/dpdma_exdes/vivado_quad_vmix/kv260_quad_vmix_dp.runs/bd_quad_vmix_dp_v_mix_0_0_synth_1/prj/sol/.autopilot/db/v_mix.cpp:445->/home/izaan/GitRepos/dpdma_exdes/vivado_quad_vmix/kv260_quad_vmix_dp.runs/bd_quad_vmix_dp_v_mix_0_0_synth_1/prj/sol/.autopilot/db/v_mix.cpp:717]   --->   Operation 14 'read' 'div65_cast_i_read' <Predicate = true> <Delay = 0.00>
ST_1 : Operation 15 [1/1] (0.00ns)   --->   "%tmp_4_i_read = read i48 @_ssdm_op_Read.ap_auto.i48, i48 %tmp_4_i" [/home/izaan/GitRepos/dpdma_exdes/vivado_quad_vmix/kv260_quad_vmix_dp.runs/bd_quad_vmix_dp_v_mix_0_0_synth_1/prj/sol/.autopilot/db/v_mix.cpp:445->/home/izaan/GitRepos/dpdma_exdes/vivado_quad_vmix/kv260_quad_vmix_dp.runs/bd_quad_vmix_dp_v_mix_0_0_synth_1/prj/sol/.autopilot/db/v_mix.cpp:717]   --->   Operation 15 'read' 'tmp_4_i_read' <Predicate = true> <Delay = 0.00>
ST_1 : Operation 16 [1/1] (0.00ns)   --->   "%div_cast_i_read = read i11 @_ssdm_op_Read.ap_auto.i11, i11 %div_cast_i" [/home/izaan/GitRepos/dpdma_exdes/vivado_quad_vmix/kv260_quad_vmix_dp.runs/bd_quad_vmix_dp_v_mix_0_0_synth_1/prj/sol/.autopilot/db/v_mix.cpp:445->/home/izaan/GitRepos/dpdma_exdes/vivado_quad_vmix/kv260_quad_vmix_dp.runs/bd_quad_vmix_dp_v_mix_0_0_synth_1/prj/sol/.autopilot/db/v_mix.cpp:717]   --->   Operation 16 'read' 'div_cast_i_read' <Predicate = true> <Delay = 0.00>
ST_1 : Operation 17 [1/1] (0.42ns)   --->   "%store_ln440 = store i11 0, i11 %x" [/home/izaan/GitRepos/dpdma_exdes/vivado_quad_vmix/kv260_quad_vmix_dp.runs/bd_quad_vmix_dp_v_mix_0_0_synth_1/prj/sol/.autopilot/db/v_mix.cpp:440->/home/izaan/GitRepos/dpdma_exdes/vivado_quad_vmix/kv260_quad_vmix_dp.runs/bd_quad_vmix_dp_v_mix_0_0_synth_1/prj/sol/.autopilot/db/v_mix.cpp:717]   --->   Operation 17 'store' 'store_ln440' <Predicate = true> <Delay = 0.42>
ST_1 : Operation 18 [1/1] (0.00ns)   --->   "%br_ln465 = br void %for.body51.i" [/home/izaan/GitRepos/dpdma_exdes/vivado_quad_vmix/kv260_quad_vmix_dp.runs/bd_quad_vmix_dp_v_mix_0_0_synth_1/prj/sol/.autopilot/db/v_mix.cpp:465->/home/izaan/GitRepos/dpdma_exdes/vivado_quad_vmix/kv260_quad_vmix_dp.runs/bd_quad_vmix_dp_v_mix_0_0_synth_1/prj/sol/.autopilot/db/v_mix.cpp:717]   --->   Operation 18 'br' 'br_ln465' <Predicate = true> <Delay = 0.00>
ST_1 : Operation 19 [1/1] (0.00ns)   --->   "%x_11 = load i11 %x" [/home/izaan/GitRepos/dpdma_exdes/vivado_quad_vmix/kv260_quad_vmix_dp.runs/bd_quad_vmix_dp_v_mix_0_0_synth_1/prj/sol/.autopilot/db/v_mix.cpp:465->/home/izaan/GitRepos/dpdma_exdes/vivado_quad_vmix/kv260_quad_vmix_dp.runs/bd_quad_vmix_dp_v_mix_0_0_synth_1/prj/sol/.autopilot/db/v_mix.cpp:717]   --->   Operation 19 'load' 'x_11' <Predicate = true> <Delay = 0.00>
ST_1 : Operation 20 [1/1] (0.79ns)   --->   "%icmp_ln465 = icmp_eq  i11 %x_11, i11 %div_cast_i_read" [/home/izaan/GitRepos/dpdma_exdes/vivado_quad_vmix/kv260_quad_vmix_dp.runs/bd_quad_vmix_dp_v_mix_0_0_synth_1/prj/sol/.autopilot/db/v_mix.cpp:465->/home/izaan/GitRepos/dpdma_exdes/vivado_quad_vmix/kv260_quad_vmix_dp.runs/bd_quad_vmix_dp_v_mix_0_0_synth_1/prj/sol/.autopilot/db/v_mix.cpp:717]   --->   Operation 20 'icmp' 'icmp_ln465' <Predicate = true> <Delay = 0.79> <CoreInst = "Cmp">   --->   Core 9 'Cmp' <Latency = 0> <II = 1> <Delay = 0.79> <FuncUnit> <Opcode : 'seteq' 'setne' 'setle' 'setge' 'setlt' 'setgt'> <InPorts = 2> <OutPorts = 1>
ST_1 : Operation 21 [1/1] (0.00ns)   --->   "%speclooptripcount_ln0 = speclooptripcount void @_ssdm_op_SpecLoopTripCount, i64 32, i64 1920, i64 0"   --->   Operation 21 'speclooptripcount' 'speclooptripcount_ln0' <Predicate = true> <Delay = 0.00>
ST_1 : Operation 22 [1/1] (0.79ns)   --->   "%add_ln465 = add i11 %x_11, i11 1" [/home/izaan/GitRepos/dpdma_exdes/vivado_quad_vmix/kv260_quad_vmix_dp.runs/bd_quad_vmix_dp_v_mix_0_0_synth_1/prj/sol/.autopilot/db/v_mix.cpp:465->/home/izaan/GitRepos/dpdma_exdes/vivado_quad_vmix/kv260_quad_vmix_dp.runs/bd_quad_vmix_dp_v_mix_0_0_synth_1/prj/sol/.autopilot/db/v_mix.cpp:717]   --->   Operation 22 'add' 'add_ln465' <Predicate = true> <Delay = 0.79> <CoreInst = "Adder">   --->   Core 1 'Adder' <Latency = 0> <II = 1> <Delay = 0.79> <FuncUnit> <Opcode : 'add' 'sub'> <InPorts = 2> <OutPorts = 1>
ST_1 : Operation 23 [1/1] (0.00ns)   --->   "%br_ln465 = br i1 %icmp_ln465, void %for.body51.split.i, void %for.inc111.loopexit.i.exitStub" [/home/izaan/GitRepos/dpdma_exdes/vivado_quad_vmix/kv260_quad_vmix_dp.runs/bd_quad_vmix_dp_v_mix_0_0_synth_1/prj/sol/.autopilot/db/v_mix.cpp:465->/home/izaan/GitRepos/dpdma_exdes/vivado_quad_vmix/kv260_quad_vmix_dp.runs/bd_quad_vmix_dp_v_mix_0_0_synth_1/prj/sol/.autopilot/db/v_mix.cpp:717]   --->   Operation 23 'br' 'br_ln465' <Predicate = true> <Delay = 0.00>
ST_1 : Operation 24 [1/1] (0.00ns)   --->   "%zext_ln465 = zext i11 %x_11" [/home/izaan/GitRepos/dpdma_exdes/vivado_quad_vmix/kv260_quad_vmix_dp.runs/bd_quad_vmix_dp_v_mix_0_0_synth_1/prj/sol/.autopilot/db/v_mix.cpp:465->/home/izaan/GitRepos/dpdma_exdes/vivado_quad_vmix/kv260_quad_vmix_dp.runs/bd_quad_vmix_dp_v_mix_0_0_synth_1/prj/sol/.autopilot/db/v_mix.cpp:717]   --->   Operation 24 'zext' 'zext_ln465' <Predicate = (!icmp_ln465)> <Delay = 0.00>
ST_1 : Operation 25 [1/1] (0.00ns)   --->   "%zext_ln465_1 = zext i11 %x_11" [/home/izaan/GitRepos/dpdma_exdes/vivado_quad_vmix/kv260_quad_vmix_dp.runs/bd_quad_vmix_dp_v_mix_0_0_synth_1/prj/sol/.autopilot/db/v_mix.cpp:465->/home/izaan/GitRepos/dpdma_exdes/vivado_quad_vmix/kv260_quad_vmix_dp.runs/bd_quad_vmix_dp_v_mix_0_0_synth_1/prj/sol/.autopilot/db/v_mix.cpp:717]   --->   Operation 25 'zext' 'zext_ln465_1' <Predicate = (!icmp_ln465)> <Delay = 0.00>
ST_1 : Operation 26 [1/1] (0.00ns)   --->   "%specpipeline_ln468 = specpipeline void @_ssdm_op_SpecPipeline, i32 4294967295, i32 0, i32 0, i32 0, void @empty_54" [/home/izaan/GitRepos/dpdma_exdes/vivado_quad_vmix/kv260_quad_vmix_dp.runs/bd_quad_vmix_dp_v_mix_0_0_synth_1/prj/sol/.autopilot/db/v_mix.cpp:468->/home/izaan/GitRepos/dpdma_exdes/vivado_quad_vmix/kv260_quad_vmix_dp.runs/bd_quad_vmix_dp_v_mix_0_0_synth_1/prj/sol/.autopilot/db/v_mix.cpp:717]   --->   Operation 26 'specpipeline' 'specpipeline_ln468' <Predicate = (!icmp_ln465)> <Delay = 0.00>
ST_1 : Operation 27 [1/1] (0.00ns)   --->   "%specloopname_ln465 = specloopname void @_ssdm_op_SpecLoopName, void @empty_7" [/home/izaan/GitRepos/dpdma_exdes/vivado_quad_vmix/kv260_quad_vmix_dp.runs/bd_quad_vmix_dp_v_mix_0_0_synth_1/prj/sol/.autopilot/db/v_mix.cpp:465->/home/izaan/GitRepos/dpdma_exdes/vivado_quad_vmix/kv260_quad_vmix_dp.runs/bd_quad_vmix_dp_v_mix_0_0_synth_1/prj/sol/.autopilot/db/v_mix.cpp:717]   --->   Operation 27 'specloopname' 'specloopname_ln465' <Predicate = (!icmp_ln465)> <Delay = 0.00>
ST_1 : Operation 28 [1/1] (0.42ns)   --->   "%br_ln469 = br i1 %HwReg_layerEnable_val25_load_read, void %if.end.i, void %if.then.i" [/home/izaan/GitRepos/dpdma_exdes/vivado_quad_vmix/kv260_quad_vmix_dp.runs/bd_quad_vmix_dp_v_mix_0_0_synth_1/prj/sol/.autopilot/db/v_mix.cpp:469->/home/izaan/GitRepos/dpdma_exdes/vivado_quad_vmix/kv260_quad_vmix_dp.runs/bd_quad_vmix_dp_v_mix_0_0_synth_1/prj/sol/.autopilot/db/v_mix.cpp:717]   --->   Operation 28 'br' 'br_ln469' <Predicate = (!icmp_ln465)> <Delay = 0.42>
ST_1 : Operation 29 [1/1] (0.84ns)   --->   "%icmp_ln477 = icmp_ult  i15 %zext_ln465_1, i15 %div65_cast_i_read" [/home/izaan/GitRepos/dpdma_exdes/vivado_quad_vmix/kv260_quad_vmix_dp.runs/bd_quad_vmix_dp_v_mix_0_0_synth_1/prj/sol/.autopilot/db/v_mix.cpp:477->/home/izaan/GitRepos/dpdma_exdes/vivado_quad_vmix/kv260_quad_vmix_dp.runs/bd_quad_vmix_dp_v_mix_0_0_synth_1/prj/sol/.autopilot/db/v_mix.cpp:717]   --->   Operation 29 'icmp' 'icmp_ln477' <Predicate = (!icmp_ln465)> <Delay = 0.84> <CoreInst = "Cmp">   --->   Core 9 'Cmp' <Latency = 0> <II = 1> <Delay = 0.84> <FuncUnit> <Opcode : 'seteq' 'setne' 'setle' 'setge' 'setlt' 'setgt'> <InPorts = 2> <OutPorts = 1>
ST_1 : Operation 30 [1/1] (0.00ns) (grouped into LUT with out node and_ln476_2)   --->   "%xor_ln477 = xor i1 %icmp_ln477, i1 1" [/home/izaan/GitRepos/dpdma_exdes/vivado_quad_vmix/kv260_quad_vmix_dp.runs/bd_quad_vmix_dp_v_mix_0_0_synth_1/prj/sol/.autopilot/db/v_mix.cpp:477->/home/izaan/GitRepos/dpdma_exdes/vivado_quad_vmix/kv260_quad_vmix_dp.runs/bd_quad_vmix_dp_v_mix_0_0_synth_1/prj/sol/.autopilot/db/v_mix.cpp:717]   --->   Operation 30 'xor' 'xor_ln477' <Predicate = (!icmp_ln465)> <Delay = 0.00> <CoreInst = "LogicGate">   --->   Core 74 'LogicGate' <Latency = 0> <II = 1> <Delay = 0.28> <FuncUnit> <Opcode : 'and' 'or' 'xor'> <InPorts = 2> <OutPorts = 1>
ST_1 : Operation 31 [1/1] (0.85ns)   --->   "%icmp_ln478 = icmp_ugt  i16 %div72_cast_i_read, i16 %zext_ln465" [/home/izaan/GitRepos/dpdma_exdes/vivado_quad_vmix/kv260_quad_vmix_dp.runs/bd_quad_vmix_dp_v_mix_0_0_synth_1/prj/sol/.autopilot/db/v_mix.cpp:478->/home/izaan/GitRepos/dpdma_exdes/vivado_quad_vmix/kv260_quad_vmix_dp.runs/bd_quad_vmix_dp_v_mix_0_0_synth_1/prj/sol/.autopilot/db/v_mix.cpp:717]   --->   Operation 31 'icmp' 'icmp_ln478' <Predicate = (!icmp_ln465)> <Delay = 0.85> <CoreInst = "Cmp">   --->   Core 9 'Cmp' <Latency = 0> <II = 1> <Delay = 0.85> <FuncUnit> <Opcode : 'seteq' 'setne' 'setle' 'setge' 'setlt' 'setgt'> <InPorts = 2> <OutPorts = 1>
ST_1 : Operation 32 [1/1] (0.00ns) (grouped into LUT with out node and_ln476_2)   --->   "%and_ln476 = and i1 %cmp61_i_read, i1 %rev5_read" [/home/izaan/GitRepos/dpdma_exdes/vivado_quad_vmix/kv260_quad_vmix_dp.runs/bd_quad_vmix_dp_v_mix_0_0_synth_1/prj/sol/.autopilot/db/v_mix.cpp:476->/home/izaan/GitRepos/dpdma_exdes/vivado_quad_vmix/kv260_quad_vmix_dp.runs/bd_quad_vmix_dp_v_mix_0_0_synth_1/prj/sol/.autopilot/db/v_mix.cpp:717]   --->   Operation 32 'and' 'and_ln476' <Predicate = (!icmp_ln465)> <Delay = 0.00> <CoreInst = "LogicGate">   --->   Core 74 'LogicGate' <Latency = 0> <II = 1> <Delay = 0.28> <FuncUnit> <Opcode : 'and' 'or' 'xor'> <InPorts = 2> <OutPorts = 1>
ST_1 : Operation 33 [1/1] (0.00ns) (grouped into LUT with out node and_ln476_2)   --->   "%and_ln476_1 = and i1 %xor_ln477, i1 %and_ln476" [/home/izaan/GitRepos/dpdma_exdes/vivado_quad_vmix/kv260_quad_vmix_dp.runs/bd_quad_vmix_dp_v_mix_0_0_synth_1/prj/sol/.autopilot/db/v_mix.cpp:476->/home/izaan/GitRepos/dpdma_exdes/vivado_quad_vmix/kv260_quad_vmix_dp.runs/bd_quad_vmix_dp_v_mix_0_0_synth_1/prj/sol/.autopilot/db/v_mix.cpp:717]   --->   Operation 33 'and' 'and_ln476_1' <Predicate = (!icmp_ln465)> <Delay = 0.00> <CoreInst = "LogicGate">   --->   Core 74 'LogicGate' <Latency = 0> <II = 1> <Delay = 0.28> <FuncUnit> <Opcode : 'and' 'or' 'xor'> <InPorts = 2> <OutPorts = 1>
ST_1 : Operation 34 [1/1] (0.28ns) (out node of the LUT)   --->   "%and_ln476_2 = and i1 %and_ln476_1, i1 %icmp_ln478" [/home/izaan/GitRepos/dpdma_exdes/vivado_quad_vmix/kv260_quad_vmix_dp.runs/bd_quad_vmix_dp_v_mix_0_0_synth_1/prj/sol/.autopilot/db/v_mix.cpp:476->/home/izaan/GitRepos/dpdma_exdes/vivado_quad_vmix/kv260_quad_vmix_dp.runs/bd_quad_vmix_dp_v_mix_0_0_synth_1/prj/sol/.autopilot/db/v_mix.cpp:717]   --->   Operation 34 'and' 'and_ln476_2' <Predicate = (!icmp_ln465)> <Delay = 0.28> <CoreInst = "LogicGate">   --->   Core 74 'LogicGate' <Latency = 0> <II = 1> <Delay = 0.28> <FuncUnit> <Opcode : 'and' 'or' 'xor'> <InPorts = 2> <OutPorts = 1>
ST_1 : Operation 35 [1/1] (0.42ns)   --->   "%store_ln440 = store i11 %add_ln465, i11 %x" [/home/izaan/GitRepos/dpdma_exdes/vivado_quad_vmix/kv260_quad_vmix_dp.runs/bd_quad_vmix_dp_v_mix_0_0_synth_1/prj/sol/.autopilot/db/v_mix.cpp:440->/home/izaan/GitRepos/dpdma_exdes/vivado_quad_vmix/kv260_quad_vmix_dp.runs/bd_quad_vmix_dp_v_mix_0_0_synth_1/prj/sol/.autopilot/db/v_mix.cpp:717]   --->   Operation 35 'store' 'store_ln440' <Predicate = (!icmp_ln465)> <Delay = 0.42>
ST_1 : Operation 64 [1/1] (0.42ns)   --->   "%ret_ln0 = ret"   --->   Operation 64 'ret' 'ret_ln0' <Predicate = (icmp_ln465)> <Delay = 0.42>

State 2 <SV = 1> <Delay = 4.53>
ST_2 : Operation 36 [1/1] ( I:1.83ns O:1.83ns )   --->   "%outLayer0_read = read i48 @_ssdm_op_Read.ap_fifo.volatile.i48P0A, i48 %outLayer0" [/home/izaan/GitRepos/dpdma_exdes/vivado_quad_vmix/kv260_quad_vmix_dp.runs/bd_quad_vmix_dp_v_mix_0_0_synth_1/prj/sol/.autopilot/db/v_mix.cpp:470->/home/izaan/GitRepos/dpdma_exdes/vivado_quad_vmix/kv260_quad_vmix_dp.runs/bd_quad_vmix_dp_v_mix_0_0_synth_1/prj/sol/.autopilot/db/v_mix.cpp:717]   --->   Operation 36 'read' 'outLayer0_read' <Predicate = (!icmp_ln465 & HwReg_layerEnable_val25_load_read)> <Delay = 1.83> <CoreInst = "FIFO_SRL">   --->   Core 80 'FIFO_SRL' <Latency = 0> <II = 1> <Delay = 1.83> <Storage> <Opcode : 'read' 'write' 'nbread' 'nbwrite'> <Ports = 0> <Width = 48> <Depth = 2> <FIFO>
ST_2 : Operation 37 [1/1] (0.42ns)   --->   "%br_ln470 = br void %if.end.i" [/home/izaan/GitRepos/dpdma_exdes/vivado_quad_vmix/kv260_quad_vmix_dp.runs/bd_quad_vmix_dp_v_mix_0_0_synth_1/prj/sol/.autopilot/db/v_mix.cpp:470->/home/izaan/GitRepos/dpdma_exdes/vivado_quad_vmix/kv260_quad_vmix_dp.runs/bd_quad_vmix_dp_v_mix_0_0_synth_1/prj/sol/.autopilot/db/v_mix.cpp:717]   --->   Operation 37 'br' 'br_ln470' <Predicate = (!icmp_ln465 & HwReg_layerEnable_val25_load_read)> <Delay = 0.42>
ST_2 : Operation 38 [1/1] (0.00ns)   --->   "%storemerge_i = phi i48 %outLayer0_read, void %if.then.i, i48 %tmp_4_i_read, void %for.body51.split.i" [/home/izaan/GitRepos/dpdma_exdes/vivado_quad_vmix/kv260_quad_vmix_dp.runs/bd_quad_vmix_dp_v_mix_0_0_synth_1/prj/sol/.autopilot/db/v_mix.cpp:470->/home/izaan/GitRepos/dpdma_exdes/vivado_quad_vmix/kv260_quad_vmix_dp.runs/bd_quad_vmix_dp_v_mix_0_0_synth_1/prj/sol/.autopilot/db/v_mix.cpp:717]   --->   Operation 38 'phi' 'storemerge_i' <Predicate = (!icmp_ln465)> <Delay = 0.00>
ST_2 : Operation 39 [1/1] (0.00ns)   --->   "%empty_91 = trunc i48 %storemerge_i" [/home/izaan/GitRepos/dpdma_exdes/vivado_quad_vmix/kv260_quad_vmix_dp.runs/bd_quad_vmix_dp_v_mix_0_0_synth_1/prj/sol/.autopilot/db/v_mix.cpp:470->/home/izaan/GitRepos/dpdma_exdes/vivado_quad_vmix/kv260_quad_vmix_dp.runs/bd_quad_vmix_dp_v_mix_0_0_synth_1/prj/sol/.autopilot/db/v_mix.cpp:717]   --->   Operation 39 'trunc' 'empty_91' <Predicate = (!icmp_ln465)> <Delay = 0.00>
ST_2 : Operation 40 [1/1] (0.00ns)   --->   "%tmp_i = partselect i8 @_ssdm_op_PartSelect.i8.i48.i48, i48 %storemerge_i, i48 8" [/home/izaan/GitRepos/dpdma_exdes/vivado_quad_vmix/kv260_quad_vmix_dp.runs/bd_quad_vmix_dp_v_mix_0_0_synth_1/prj/sol/.autopilot/db/v_mix.cpp:470->/home/izaan/GitRepos/dpdma_exdes/vivado_quad_vmix/kv260_quad_vmix_dp.runs/bd_quad_vmix_dp_v_mix_0_0_synth_1/prj/sol/.autopilot/db/v_mix.cpp:717]   --->   Operation 40 'partselect' 'tmp_i' <Predicate = (!icmp_ln465)> <Delay = 0.00>
ST_2 : Operation 41 [1/1] (0.00ns)   --->   "%tmp_i_92 = partselect i8 @_ssdm_op_PartSelect.i8.i48.i48, i48 %storemerge_i, i48 16" [/home/izaan/GitRepos/dpdma_exdes/vivado_quad_vmix/kv260_quad_vmix_dp.runs/bd_quad_vmix_dp_v_mix_0_0_synth_1/prj/sol/.autopilot/db/v_mix.cpp:470->/home/izaan/GitRepos/dpdma_exdes/vivado_quad_vmix/kv260_quad_vmix_dp.runs/bd_quad_vmix_dp_v_mix_0_0_synth_1/prj/sol/.autopilot/db/v_mix.cpp:717]   --->   Operation 41 'partselect' 'tmp_i_92' <Predicate = (!icmp_ln465)> <Delay = 0.00>
ST_2 : Operation 42 [1/1] (0.00ns)   --->   "%tmp_1_i = partselect i8 @_ssdm_op_PartSelect.i8.i48.i48, i48 %storemerge_i, i48 24" [/home/izaan/GitRepos/dpdma_exdes/vivado_quad_vmix/kv260_quad_vmix_dp.runs/bd_quad_vmix_dp_v_mix_0_0_synth_1/prj/sol/.autopilot/db/v_mix.cpp:470->/home/izaan/GitRepos/dpdma_exdes/vivado_quad_vmix/kv260_quad_vmix_dp.runs/bd_quad_vmix_dp_v_mix_0_0_synth_1/prj/sol/.autopilot/db/v_mix.cpp:717]   --->   Operation 42 'partselect' 'tmp_1_i' <Predicate = (!icmp_ln465)> <Delay = 0.00>
ST_2 : Operation 43 [1/1] (0.00ns)   --->   "%tmp_2_i = partselect i8 @_ssdm_op_PartSelect.i8.i48.i48, i48 %storemerge_i, i48 32" [/home/izaan/GitRepos/dpdma_exdes/vivado_quad_vmix/kv260_quad_vmix_dp.runs/bd_quad_vmix_dp_v_mix_0_0_synth_1/prj/sol/.autopilot/db/v_mix.cpp:470->/home/izaan/GitRepos/dpdma_exdes/vivado_quad_vmix/kv260_quad_vmix_dp.runs/bd_quad_vmix_dp_v_mix_0_0_synth_1/prj/sol/.autopilot/db/v_mix.cpp:717]   --->   Operation 43 'partselect' 'tmp_2_i' <Predicate = (!icmp_ln465)> <Delay = 0.00>
ST_2 : Operation 44 [1/1] (0.00ns)   --->   "%tmp_3_i = partselect i8 @_ssdm_op_PartSelect.i8.i48.i48, i48 %storemerge_i, i48 40" [/home/izaan/GitRepos/dpdma_exdes/vivado_quad_vmix/kv260_quad_vmix_dp.runs/bd_quad_vmix_dp_v_mix_0_0_synth_1/prj/sol/.autopilot/db/v_mix.cpp:470->/home/izaan/GitRepos/dpdma_exdes/vivado_quad_vmix/kv260_quad_vmix_dp.runs/bd_quad_vmix_dp_v_mix_0_0_synth_1/prj/sol/.autopilot/db/v_mix.cpp:717]   --->   Operation 44 'partselect' 'tmp_3_i' <Predicate = (!icmp_ln465)> <Delay = 0.00>
ST_2 : Operation 45 [1/1] (0.42ns)   --->   "%br_ln476 = br i1 %and_ln476_2, void %for.inc102.i, void %if.then74.i" [/home/izaan/GitRepos/dpdma_exdes/vivado_quad_vmix/kv260_quad_vmix_dp.runs/bd_quad_vmix_dp_v_mix_0_0_synth_1/prj/sol/.autopilot/db/v_mix.cpp:476->/home/izaan/GitRepos/dpdma_exdes/vivado_quad_vmix/kv260_quad_vmix_dp.runs/bd_quad_vmix_dp_v_mix_0_0_synth_1/prj/sol/.autopilot/db/v_mix.cpp:717]   --->   Operation 45 'br' 'br_ln476' <Predicate = (!icmp_ln465)> <Delay = 0.42>
ST_2 : Operation 46 [1/1] (0.42ns)   --->   "%br_ln480 = br i1 %tmp, void %for.inc102.i, void %if.then80.i" [/home/izaan/GitRepos/dpdma_exdes/vivado_quad_vmix/kv260_quad_vmix_dp.runs/bd_quad_vmix_dp_v_mix_0_0_synth_1/prj/sol/.autopilot/db/v_mix.cpp:480->/home/izaan/GitRepos/dpdma_exdes/vivado_quad_vmix/kv260_quad_vmix_dp.runs/bd_quad_vmix_dp_v_mix_0_0_synth_1/prj/sol/.autopilot/db/v_mix.cpp:717]   --->   Operation 46 'br' 'br_ln480' <Predicate = (!icmp_ln465 & and_ln476_2)> <Delay = 0.42>
ST_2 : Operation 47 [1/1] ( I:1.83ns O:1.83ns )   --->   "%srcLayer1x_read = read i48 @_ssdm_op_Read.ap_fifo.volatile.i48P0A, i48 %srcLayer1x" [/home/izaan/GitRepos/dpdma_exdes/vivado_quad_vmix/kv260_quad_vmix_dp.runs/bd_quad_vmix_dp_v_mix_0_0_synth_1/prj/sol/.autopilot/db/v_mix.cpp:482->/home/izaan/GitRepos/dpdma_exdes/vivado_quad_vmix/kv260_quad_vmix_dp.runs/bd_quad_vmix_dp_v_mix_0_0_synth_1/prj/sol/.autopilot/db/v_mix.cpp:717]   --->   Operation 47 'read' 'srcLayer1x_read' <Predicate = (!icmp_ln465 & and_ln476_2 & tmp)> <Delay = 1.83> <CoreInst = "FIFO_SRL">   --->   Core 80 'FIFO_SRL' <Latency = 0> <II = 1> <Delay = 1.83> <Storage> <Opcode : 'read' 'write' 'nbread' 'nbwrite'> <Ports = 0> <Width = 48> <Depth = 2> <FIFO>
ST_2 : Operation 48 [1/1] (0.00ns)   --->   "%trunc_ln482 = trunc i48 %srcLayer1x_read" [/home/izaan/GitRepos/dpdma_exdes/vivado_quad_vmix/kv260_quad_vmix_dp.runs/bd_quad_vmix_dp_v_mix_0_0_synth_1/prj/sol/.autopilot/db/v_mix.cpp:482->/home/izaan/GitRepos/dpdma_exdes/vivado_quad_vmix/kv260_quad_vmix_dp.runs/bd_quad_vmix_dp_v_mix_0_0_synth_1/prj/sol/.autopilot/db/v_mix.cpp:717]   --->   Operation 48 'trunc' 'trunc_ln482' <Predicate = (!icmp_ln465 & and_ln476_2 & tmp)> <Delay = 0.00>
ST_2 : Operation 49 [1/1] (0.00ns)   --->   "%trunc_ln482_s = partselect i8 @_ssdm_op_PartSelect.i8.i48.i32.i32, i48 %srcLayer1x_read, i32 8, i32 15" [/home/izaan/GitRepos/dpdma_exdes/vivado_quad_vmix/kv260_quad_vmix_dp.runs/bd_quad_vmix_dp_v_mix_0_0_synth_1/prj/sol/.autopilot/db/v_mix.cpp:482->/home/izaan/GitRepos/dpdma_exdes/vivado_quad_vmix/kv260_quad_vmix_dp.runs/bd_quad_vmix_dp_v_mix_0_0_synth_1/prj/sol/.autopilot/db/v_mix.cpp:717]   --->   Operation 49 'partselect' 'trunc_ln482_s' <Predicate = (!icmp_ln465 & and_ln476_2 & tmp)> <Delay = 0.00>
ST_2 : Operation 50 [1/1] (0.00ns)   --->   "%trunc_ln482_1 = partselect i8 @_ssdm_op_PartSelect.i8.i48.i32.i32, i48 %srcLayer1x_read, i32 16, i32 23" [/home/izaan/GitRepos/dpdma_exdes/vivado_quad_vmix/kv260_quad_vmix_dp.runs/bd_quad_vmix_dp_v_mix_0_0_synth_1/prj/sol/.autopilot/db/v_mix.cpp:482->/home/izaan/GitRepos/dpdma_exdes/vivado_quad_vmix/kv260_quad_vmix_dp.runs/bd_quad_vmix_dp_v_mix_0_0_synth_1/prj/sol/.autopilot/db/v_mix.cpp:717]   --->   Operation 50 'partselect' 'trunc_ln482_1' <Predicate = (!icmp_ln465 & and_ln476_2 & tmp)> <Delay = 0.00>
ST_2 : Operation 51 [1/1] (0.00ns)   --->   "%trunc_ln482_2 = partselect i8 @_ssdm_op_PartSelect.i8.i48.i32.i32, i48 %srcLayer1x_read, i32 24, i32 31" [/home/izaan/GitRepos/dpdma_exdes/vivado_quad_vmix/kv260_quad_vmix_dp.runs/bd_quad_vmix_dp_v_mix_0_0_synth_1/prj/sol/.autopilot/db/v_mix.cpp:482->/home/izaan/GitRepos/dpdma_exdes/vivado_quad_vmix/kv260_quad_vmix_dp.runs/bd_quad_vmix_dp_v_mix_0_0_synth_1/prj/sol/.autopilot/db/v_mix.cpp:717]   --->   Operation 51 'partselect' 'trunc_ln482_2' <Predicate = (!icmp_ln465 & and_ln476_2 & tmp)> <Delay = 0.00>
ST_2 : Operation 52 [1/1] (0.00ns)   --->   "%trunc_ln482_3 = partselect i8 @_ssdm_op_PartSelect.i8.i48.i32.i32, i48 %srcLayer1x_read, i32 32, i32 39" [/home/izaan/GitRepos/dpdma_exdes/vivado_quad_vmix/kv260_quad_vmix_dp.runs/bd_quad_vmix_dp_v_mix_0_0_synth_1/prj/sol/.autopilot/db/v_mix.cpp:482->/home/izaan/GitRepos/dpdma_exdes/vivado_quad_vmix/kv260_quad_vmix_dp.runs/bd_quad_vmix_dp_v_mix_0_0_synth_1/prj/sol/.autopilot/db/v_mix.cpp:717]   --->   Operation 52 'partselect' 'trunc_ln482_3' <Predicate = (!icmp_ln465 & and_ln476_2 & tmp)> <Delay = 0.00>
ST_2 : Operation 53 [1/1] (0.00ns)   --->   "%trunc_ln482_4 = partselect i8 @_ssdm_op_PartSelect.i8.i48.i32.i32, i48 %srcLayer1x_read, i32 40, i32 47" [/home/izaan/GitRepos/dpdma_exdes/vivado_quad_vmix/kv260_quad_vmix_dp.runs/bd_quad_vmix_dp_v_mix_0_0_synth_1/prj/sol/.autopilot/db/v_mix.cpp:482->/home/izaan/GitRepos/dpdma_exdes/vivado_quad_vmix/kv260_quad_vmix_dp.runs/bd_quad_vmix_dp_v_mix_0_0_synth_1/prj/sol/.autopilot/db/v_mix.cpp:717]   --->   Operation 53 'partselect' 'trunc_ln482_4' <Predicate = (!icmp_ln465 & and_ln476_2 & tmp)> <Delay = 0.00>
ST_2 : Operation 54 [1/1] (0.42ns)   --->   "%br_ln483 = br void %for.inc102.i" [/home/izaan/GitRepos/dpdma_exdes/vivado_quad_vmix/kv260_quad_vmix_dp.runs/bd_quad_vmix_dp_v_mix_0_0_synth_1/prj/sol/.autopilot/db/v_mix.cpp:483->/home/izaan/GitRepos/dpdma_exdes/vivado_quad_vmix/kv260_quad_vmix_dp.runs/bd_quad_vmix_dp_v_mix_0_0_synth_1/prj/sol/.autopilot/db/v_mix.cpp:717]   --->   Operation 54 'br' 'br_ln483' <Predicate = (!icmp_ln465 & and_ln476_2 & tmp)> <Delay = 0.42>
ST_2 : Operation 55 [1/1] (0.00ns)   --->   "%p_0_0_0_1_224_i = phi i8 %trunc_ln482_4, void %if.then80.i, i8 %tmp_3_i, void %if.end.i, i8 %tmp_3_i, void %if.then74.i" [/home/izaan/GitRepos/dpdma_exdes/vivado_quad_vmix/kv260_quad_vmix_dp.runs/bd_quad_vmix_dp_v_mix_0_0_synth_1/prj/sol/.autopilot/db/v_mix.cpp:482->/home/izaan/GitRepos/dpdma_exdes/vivado_quad_vmix/kv260_quad_vmix_dp.runs/bd_quad_vmix_dp_v_mix_0_0_synth_1/prj/sol/.autopilot/db/v_mix.cpp:717]   --->   Operation 55 'phi' 'p_0_0_0_1_224_i' <Predicate = true> <Delay = 0.00>
ST_2 : Operation 56 [1/1] (0.00ns)   --->   "%p_0_0_0_1_122_i = phi i8 %trunc_ln482_3, void %if.then80.i, i8 %tmp_2_i, void %if.end.i, i8 %tmp_2_i, void %if.then74.i" [/home/izaan/GitRepos/dpdma_exdes/vivado_quad_vmix/kv260_quad_vmix_dp.runs/bd_quad_vmix_dp_v_mix_0_0_synth_1/prj/sol/.autopilot/db/v_mix.cpp:482->/home/izaan/GitRepos/dpdma_exdes/vivado_quad_vmix/kv260_quad_vmix_dp.runs/bd_quad_vmix_dp_v_mix_0_0_synth_1/prj/sol/.autopilot/db/v_mix.cpp:717]   --->   Operation 56 'phi' 'p_0_0_0_1_122_i' <Predicate = true> <Delay = 0.00>
ST_2 : Operation 57 [1/1] (0.00ns)   --->   "%p_0_0_0_120_i = phi i8 %trunc_ln482_2, void %if.then80.i, i8 %tmp_1_i, void %if.end.i, i8 %tmp_1_i, void %if.then74.i" [/home/izaan/GitRepos/dpdma_exdes/vivado_quad_vmix/kv260_quad_vmix_dp.runs/bd_quad_vmix_dp_v_mix_0_0_synth_1/prj/sol/.autopilot/db/v_mix.cpp:482->/home/izaan/GitRepos/dpdma_exdes/vivado_quad_vmix/kv260_quad_vmix_dp.runs/bd_quad_vmix_dp_v_mix_0_0_synth_1/prj/sol/.autopilot/db/v_mix.cpp:717]   --->   Operation 57 'phi' 'p_0_0_0_120_i' <Predicate = true> <Delay = 0.00>
ST_2 : Operation 58 [1/1] (0.00ns)   --->   "%p_0_0_0_218_i = phi i8 %trunc_ln482_1, void %if.then80.i, i8 %tmp_i_92, void %if.end.i, i8 %tmp_i_92, void %if.then74.i" [/home/izaan/GitRepos/dpdma_exdes/vivado_quad_vmix/kv260_quad_vmix_dp.runs/bd_quad_vmix_dp_v_mix_0_0_synth_1/prj/sol/.autopilot/db/v_mix.cpp:482->/home/izaan/GitRepos/dpdma_exdes/vivado_quad_vmix/kv260_quad_vmix_dp.runs/bd_quad_vmix_dp_v_mix_0_0_synth_1/prj/sol/.autopilot/db/v_mix.cpp:717]   --->   Operation 58 'phi' 'p_0_0_0_218_i' <Predicate = true> <Delay = 0.00>
ST_2 : Operation 59 [1/1] (0.00ns)   --->   "%p_0_0_0_11016_i = phi i8 %trunc_ln482_s, void %if.then80.i, i8 %tmp_i, void %if.end.i, i8 %tmp_i, void %if.then74.i" [/home/izaan/GitRepos/dpdma_exdes/vivado_quad_vmix/kv260_quad_vmix_dp.runs/bd_quad_vmix_dp_v_mix_0_0_synth_1/prj/sol/.autopilot/db/v_mix.cpp:482->/home/izaan/GitRepos/dpdma_exdes/vivado_quad_vmix/kv260_quad_vmix_dp.runs/bd_quad_vmix_dp_v_mix_0_0_synth_1/prj/sol/.autopilot/db/v_mix.cpp:717]   --->   Operation 59 'phi' 'p_0_0_0_11016_i' <Predicate = true> <Delay = 0.00>
ST_2 : Operation 60 [1/1] (0.00ns)   --->   "%p_0_0_014_i = phi i8 %trunc_ln482, void %if.then80.i, i8 %empty_91, void %if.end.i, i8 %empty_91, void %if.then74.i" [/home/izaan/GitRepos/dpdma_exdes/vivado_quad_vmix/kv260_quad_vmix_dp.runs/bd_quad_vmix_dp_v_mix_0_0_synth_1/prj/sol/.autopilot/db/v_mix.cpp:482->/home/izaan/GitRepos/dpdma_exdes/vivado_quad_vmix/kv260_quad_vmix_dp.runs/bd_quad_vmix_dp_v_mix_0_0_synth_1/prj/sol/.autopilot/db/v_mix.cpp:717]   --->   Operation 60 'phi' 'p_0_0_014_i' <Predicate = true> <Delay = 0.00>
ST_2 : Operation 61 [1/1] (0.00ns)   --->   "%or_ln493_3_i = bitconcatenate i48 @_ssdm_op_BitConcatenate.i48.i8.i8.i8.i8.i8.i8, i8 %p_0_0_0_1_224_i, i8 %p_0_0_0_1_122_i, i8 %p_0_0_0_120_i, i8 %p_0_0_0_218_i, i8 %p_0_0_0_11016_i, i8 %p_0_0_014_i" [/home/izaan/GitRepos/dpdma_exdes/vivado_quad_vmix/kv260_quad_vmix_dp.runs/bd_quad_vmix_dp_v_mix_0_0_synth_1/prj/sol/.autopilot/db/v_mix.cpp:493->/home/izaan/GitRepos/dpdma_exdes/vivado_quad_vmix/kv260_quad_vmix_dp.runs/bd_quad_vmix_dp_v_mix_0_0_synth_1/prj/sol/.autopilot/db/v_mix.cpp:717]   --->   Operation 61 'bitconcatenate' 'or_ln493_3_i' <Predicate = true> <Delay = 0.00>
ST_2 : Operation 62 [1/1] ( I:1.83ns O:1.83ns )   --->   "%write_ln493 = write void @_ssdm_op_Write.ap_fifo.volatile.i48P0A, i48 %outLayer1, i48 %or_ln493_3_i" [/home/izaan/GitRepos/dpdma_exdes/vivado_quad_vmix/kv260_quad_vmix_dp.runs/bd_quad_vmix_dp_v_mix_0_0_synth_1/prj/sol/.autopilot/db/v_mix.cpp:493->/home/izaan/GitRepos/dpdma_exdes/vivado_quad_vmix/kv260_quad_vmix_dp.runs/bd_quad_vmix_dp_v_mix_0_0_synth_1/prj/sol/.autopilot/db/v_mix.cpp:717]   --->   Operation 62 'write' 'write_ln493' <Predicate = true> <Delay = 1.83> <CoreInst = "FIFO_SRL">   --->   Core 80 'FIFO_SRL' <Latency = 0> <II = 1> <Delay = 1.83> <Storage> <Opcode : 'read' 'write' 'nbread' 'nbwrite'> <Ports = 0> <Width = 48> <Depth = 2> <FIFO>
ST_2 : Operation 63 [1/1] (0.00ns)   --->   "%br_ln465 = br void %for.body51.i" [/home/izaan/GitRepos/dpdma_exdes/vivado_quad_vmix/kv260_quad_vmix_dp.runs/bd_quad_vmix_dp_v_mix_0_0_synth_1/prj/sol/.autopilot/db/v_mix.cpp:465->/home/izaan/GitRepos/dpdma_exdes/vivado_quad_vmix/kv260_quad_vmix_dp.runs/bd_quad_vmix_dp_v_mix_0_0_synth_1/prj/sol/.autopilot/db/v_mix.cpp:717]   --->   Operation 63 'br' 'br_ln465' <Predicate = true> <Delay = 0.00>


============================================================
+ Verbose Summary: Binding
============================================================
STG Binding: 
---------------- STG Properties BEGIN ----------------
- Is combinational: 0
- Is one-state seq: 0
- Is datapath-only: 0
- Is pipelined: 0
- Is top level: 0
Port [ Return ] is wired: 1; IO mode=ap_ctrl_hs:ce=0
Port [ div_cast_i]:  wired=1; compound=0; hidden=0; nouse=0; global=0; static=0; extern=0; dir=0; type=0; pingpong=0; private_global=0; IO mode=ap_stable:ce=0
Port [ outLayer1]:  wired=1; compound=1; hidden=0; nouse=0; global=0; static=0; extern=0; dir=1; type=3; pingpong=0; private_global=0; IO mode=ap_fifo:ce=0
Port [ tmp_4_i]:  wired=1; compound=0; hidden=0; nouse=0; global=0; static=0; extern=0; dir=0; type=0; pingpong=0; private_global=0; IO mode=ap_none:ce=0
Port [ div65_cast_i]:  wired=1; compound=0; hidden=0; nouse=0; global=0; static=0; extern=0; dir=0; type=0; pingpong=0; private_global=0; IO mode=ap_none:ce=0
Port [ div72_cast_i]:  wired=1; compound=0; hidden=0; nouse=0; global=0; static=0; extern=0; dir=0; type=0; pingpong=0; private_global=0; IO mode=ap_none:ce=0
Port [ cmp61_i]:  wired=1; compound=0; hidden=0; nouse=0; global=0; static=0; extern=0; dir=0; type=0; pingpong=0; private_global=0; IO mode=ap_none:ce=0
Port [ rev5]:  wired=1; compound=0; hidden=0; nouse=0; global=0; static=0; extern=0; dir=0; type=0; pingpong=0; private_global=0; IO mode=ap_none:ce=0
Port [ outLayer0]:  wired=1; compound=1; hidden=0; nouse=0; global=0; static=0; extern=0; dir=0; type=3; pingpong=0; private_global=0; IO mode=ap_fifo:ce=0
Port [ srcLayer1x]:  wired=1; compound=1; hidden=0; nouse=0; global=0; static=0; extern=0; dir=0; type=3; pingpong=0; private_global=0; IO mode=ap_fifo:ce=0
Port [ empty]:  wired=1; compound=0; hidden=0; nouse=0; global=0; static=0; extern=0; dir=0; type=0; pingpong=0; private_global=0; IO mode=ap_none:ce=0
Port [ HwReg_layerEnable_val25_load]:  wired=1; compound=0; hidden=0; nouse=0; global=0; static=0; extern=0; dir=0; type=0; pingpong=0; private_global=0; IO mode=ap_none:ce=0
---------------- STG Properties END ------------------

---------------- Datapath Model BEGIN ----------------

<LifeTime>
<method=bitvector/>
x                                 (alloca           ) [ 010]
specinterface_ln0                 (specinterface    ) [ 000]
specinterface_ln0                 (specinterface    ) [ 000]
specinterface_ln0                 (specinterface    ) [ 000]
HwReg_layerEnable_val25_load_read (read             ) [ 011]
tmp                               (read             ) [ 011]
rev5_read                         (read             ) [ 000]
cmp61_i_read                      (read             ) [ 000]
div72_cast_i_read                 (read             ) [ 000]
div65_cast_i_read                 (read             ) [ 000]
tmp_4_i_read                      (read             ) [ 011]
div_cast_i_read                   (read             ) [ 000]
store_ln440                       (store            ) [ 000]
br_ln465                          (br               ) [ 000]
x_11                              (load             ) [ 000]
icmp_ln465                        (icmp             ) [ 011]
speclooptripcount_ln0             (speclooptripcount) [ 000]
add_ln465                         (add              ) [ 000]
br_ln465                          (br               ) [ 000]
zext_ln465                        (zext             ) [ 000]
zext_ln465_1                      (zext             ) [ 000]
specpipeline_ln468                (specpipeline     ) [ 000]
specloopname_ln465                (specloopname     ) [ 000]
br_ln469                          (br               ) [ 011]
icmp_ln477                        (icmp             ) [ 000]
xor_ln477                         (xor              ) [ 000]
icmp_ln478                        (icmp             ) [ 000]
and_ln476                         (and              ) [ 000]
and_ln476_1                       (and              ) [ 000]
and_ln476_2                       (and              ) [ 011]
store_ln440                       (store            ) [ 000]
outLayer0_read                    (read             ) [ 000]
br_ln470                          (br               ) [ 000]
storemerge_i                      (phi              ) [ 011]
empty_91                          (trunc            ) [ 000]
tmp_i                             (partselect       ) [ 000]
tmp_i_92                          (partselect       ) [ 000]
tmp_1_i                           (partselect       ) [ 000]
tmp_2_i                           (partselect       ) [ 000]
tmp_3_i                           (partselect       ) [ 000]
br_ln476                          (br               ) [ 000]
br_ln480                          (br               ) [ 000]
srcLayer1x_read                   (read             ) [ 000]
trunc_ln482                       (trunc            ) [ 000]
trunc_ln482_s                     (partselect       ) [ 000]
trunc_ln482_1                     (partselect       ) [ 000]
trunc_ln482_2                     (partselect       ) [ 000]
trunc_ln482_3                     (partselect       ) [ 000]
trunc_ln482_4                     (partselect       ) [ 000]
br_ln483                          (br               ) [ 000]
p_0_0_0_1_224_i                   (phi              ) [ 000]
p_0_0_0_1_122_i                   (phi              ) [ 000]
p_0_0_0_120_i                     (phi              ) [ 000]
p_0_0_0_218_i                     (phi              ) [ 000]
p_0_0_0_11016_i                   (phi              ) [ 000]
p_0_0_014_i                       (phi              ) [ 000]
or_ln493_3_i                      (bitconcatenate   ) [ 000]
write_ln493                       (write            ) [ 000]
br_ln465                          (br               ) [ 000]
ret_ln0                           (ret              ) [ 000]
</LifeTime>

<model>

<comp_list>
<comp id="0" class="1000" name="div_cast_i">
<pin_list>
<pin id="1" dir="1" index="0" bw="1" slack="0"/>
</pin_list>
<bind>
<StgValue><ssdm name="div_cast_i"/></StgValue>
</bind>
</comp>

<comp id="2" class="1000" name="outLayer1">
<pin_list>
<pin id="3" dir="1" index="0" bw="1" slack="0"/>
</pin_list>
<bind>
<StgValue><ssdm name="outLayer1"/></StgValue>
</bind>
</comp>

<comp id="4" class="1000" name="tmp_4_i">
<pin_list>
<pin id="5" dir="1" index="0" bw="1" slack="0"/>
</pin_list>
<bind>
<StgValue><ssdm name="tmp_4_i"/></StgValue>
</bind>
</comp>

<comp id="6" class="1000" name="div65_cast_i">
<pin_list>
<pin id="7" dir="1" index="0" bw="1" slack="0"/>
</pin_list>
<bind>
<StgValue><ssdm name="div65_cast_i"/></StgValue>
</bind>
</comp>

<comp id="8" class="1000" name="div72_cast_i">
<pin_list>
<pin id="9" dir="1" index="0" bw="1" slack="0"/>
</pin_list>
<bind>
<StgValue><ssdm name="div72_cast_i"/></StgValue>
</bind>
</comp>

<comp id="10" class="1000" name="cmp61_i">
<pin_list>
<pin id="11" dir="1" index="0" bw="1" slack="0"/>
</pin_list>
<bind>
<StgValue><ssdm name="cmp61_i"/></StgValue>
</bind>
</comp>

<comp id="12" class="1000" name="rev5">
<pin_list>
<pin id="13" dir="1" index="0" bw="1" slack="0"/>
</pin_list>
<bind>
<StgValue><ssdm name="rev5"/></StgValue>
</bind>
</comp>

<comp id="14" class="1000" name="outLayer0">
<pin_list>
<pin id="15" dir="1" index="0" bw="1" slack="0"/>
</pin_list>
<bind>
<StgValue><ssdm name="outLayer0"/></StgValue>
</bind>
</comp>

<comp id="16" class="1000" name="srcLayer1x">
<pin_list>
<pin id="17" dir="1" index="0" bw="1" slack="0"/>
</pin_list>
<bind>
<StgValue><ssdm name="srcLayer1x"/></StgValue>
</bind>
</comp>

<comp id="18" class="1000" name="empty">
<pin_list>
<pin id="19" dir="1" index="0" bw="1" slack="0"/>
</pin_list>
<bind>
<StgValue><ssdm name="empty"/></StgValue>
</bind>
</comp>

<comp id="20" class="1000" name="HwReg_layerEnable_val25_load">
<pin_list>
<pin id="21" dir="1" index="0" bw="1" slack="0"/>
</pin_list>
<bind>
<StgValue><ssdm name="HwReg_layerEnable_val25_load"/></StgValue>
</bind>
</comp>

<comp id="22" class="1001" name="const_22">
<pin_list>
<pin id="23" dir="1" index="0" bw="1" slack="0"/>
</pin_list>
<bind>
<StgValue><ssdm name=""/></StgValue>
</bind>
</comp>

<comp id="24" class="1001" name="const_24">
<pin_list>
<pin id="25" dir="1" index="0" bw="1" slack="2147483647"/>
</pin_list>
<bind>
<StgValue><ssdm name="_ssdm_op_SpecInterface"/></StgValue>
</bind>
</comp>

<comp id="26" class="1001" name="const_26">
<pin_list>
<pin id="27" dir="1" index="0" bw="1" slack="2147483647"/>
</pin_list>
<bind>
<StgValue><ssdm name="empty_17"/></StgValue>
</bind>
</comp>

<comp id="28" class="1001" name="const_28">
<pin_list>
<pin id="29" dir="1" index="0" bw="1" slack="2147483647"/>
</pin_list>
<bind>
<StgValue><ssdm name=""/></StgValue>
</bind>
</comp>

<comp id="30" class="1001" name="const_30">
<pin_list>
<pin id="31" dir="1" index="0" bw="1" slack="2147483647"/>
</pin_list>
<bind>
<StgValue><ssdm name="empty_54"/></StgValue>
</bind>
</comp>

<comp id="32" class="1001" name="const_32">
<pin_list>
<pin id="33" dir="1" index="0" bw="1" slack="2147483647"/>
</pin_list>
<bind>
<StgValue><ssdm name=""/></StgValue>
</bind>
</comp>

<comp id="34" class="1001" name="const_34">
<pin_list>
<pin id="35" dir="1" index="0" bw="1" slack="0"/>
</pin_list>
<bind>
<StgValue><ssdm name="_ssdm_op_Read.ap_auto.i1"/></StgValue>
</bind>
</comp>

<comp id="36" class="1001" name="const_36">
<pin_list>
<pin id="37" dir="1" index="0" bw="1" slack="0"/>
</pin_list>
<bind>
<StgValue><ssdm name="_ssdm_op_Read.ap_auto.i16"/></StgValue>
</bind>
</comp>

<comp id="38" class="1001" name="const_38">
<pin_list>
<pin id="39" dir="1" index="0" bw="1" slack="0"/>
</pin_list>
<bind>
<StgValue><ssdm name="_ssdm_op_Read.ap_auto.i15"/></StgValue>
</bind>
</comp>

<comp id="40" class="1001" name="const_40">
<pin_list>
<pin id="41" dir="1" index="0" bw="1" slack="0"/>
</pin_list>
<bind>
<StgValue><ssdm name="_ssdm_op_Read.ap_auto.i48"/></StgValue>
</bind>
</comp>

<comp id="42" class="1001" name="const_42">
<pin_list>
<pin id="43" dir="1" index="0" bw="1" slack="0"/>
</pin_list>
<bind>
<StgValue><ssdm name="_ssdm_op_Read.ap_auto.i11"/></StgValue>
</bind>
</comp>

<comp id="44" class="1001" name="const_44">
<pin_list>
<pin id="45" dir="1" index="0" bw="1" slack="0"/>
</pin_list>
<bind>
<StgValue><ssdm name=""/></StgValue>
</bind>
</comp>

<comp id="46" class="1001" name="const_46">
<pin_list>
<pin id="47" dir="1" index="0" bw="1" slack="2147483647"/>
</pin_list>
<bind>
<StgValue><ssdm name="_ssdm_op_SpecLoopTripCount"/></StgValue>
</bind>
</comp>

<comp id="48" class="1001" name="const_48">
<pin_list>
<pin id="49" dir="1" index="0" bw="1" slack="2147483647"/>
</pin_list>
<bind>
<StgValue><ssdm name=""/></StgValue>
</bind>
</comp>

<comp id="50" class="1001" name="const_50">
<pin_list>
<pin id="51" dir="1" index="0" bw="1" slack="2147483647"/>
</pin_list>
<bind>
<StgValue><ssdm name=""/></StgValue>
</bind>
</comp>

<comp id="52" class="1001" name="const_52">
<pin_list>
<pin id="53" dir="1" index="0" bw="1" slack="2147483647"/>
</pin_list>
<bind>
<StgValue><ssdm name=""/></StgValue>
</bind>
</comp>

<comp id="54" class="1001" name="const_54">
<pin_list>
<pin id="55" dir="1" index="0" bw="1" slack="0"/>
</pin_list>
<bind>
<StgValue><ssdm name=""/></StgValue>
</bind>
</comp>

<comp id="56" class="1001" name="const_56">
<pin_list>
<pin id="57" dir="1" index="0" bw="1" slack="2147483647"/>
</pin_list>
<bind>
<StgValue><ssdm name="_ssdm_op_SpecPipeline"/></StgValue>
</bind>
</comp>

<comp id="58" class="1001" name="const_58">
<pin_list>
<pin id="59" dir="1" index="0" bw="1" slack="2147483647"/>
</pin_list>
<bind>
<StgValue><ssdm name="_ssdm_op_SpecLoopName"/></StgValue>
</bind>
</comp>

<comp id="60" class="1001" name="const_60">
<pin_list>
<pin id="61" dir="1" index="0" bw="1" slack="2147483647"/>
</pin_list>
<bind>
<StgValue><ssdm name="empty_7"/></StgValue>
</bind>
</comp>

<comp id="62" class="1001" name="const_62">
<pin_list>
<pin id="63" dir="1" index="0" bw="1" slack="0"/>
</pin_list>
<bind>
<StgValue><ssdm name=""/></StgValue>
</bind>
</comp>

<comp id="64" class="1001" name="const_64">
<pin_list>
<pin id="65" dir="1" index="0" bw="1" slack="0"/>
</pin_list>
<bind>
<StgValue><ssdm name="_ssdm_op_Read.ap_fifo.volatile.i48P0A"/></StgValue>
</bind>
</comp>

<comp id="66" class="1001" name="const_66">
<pin_list>
<pin id="67" dir="1" index="0" bw="1" slack="0"/>
</pin_list>
<bind>
<StgValue><ssdm name="_ssdm_op_PartSelect.i8.i48.i48"/></StgValue>
</bind>
</comp>

<comp id="68" class="1001" name="const_68">
<pin_list>
<pin id="69" dir="1" index="0" bw="1" slack="0"/>
</pin_list>
<bind>
<StgValue><ssdm name=""/></StgValue>
</bind>
</comp>

<comp id="70" class="1001" name="const_70">
<pin_list>
<pin id="71" dir="1" index="0" bw="1" slack="0"/>
</pin_list>
<bind>
<StgValue><ssdm name=""/></StgValue>
</bind>
</comp>

<comp id="72" class="1001" name="const_72">
<pin_list>
<pin id="73" dir="1" index="0" bw="1" slack="0"/>
</pin_list>
<bind>
<StgValue><ssdm name=""/></StgValue>
</bind>
</comp>

<comp id="74" class="1001" name="const_74">
<pin_list>
<pin id="75" dir="1" index="0" bw="1" slack="0"/>
</pin_list>
<bind>
<StgValue><ssdm name=""/></StgValue>
</bind>
</comp>

<comp id="76" class="1001" name="const_76">
<pin_list>
<pin id="77" dir="1" index="0" bw="1" slack="0"/>
</pin_list>
<bind>
<StgValue><ssdm name=""/></StgValue>
</bind>
</comp>

<comp id="78" class="1001" name="const_78">
<pin_list>
<pin id="79" dir="1" index="0" bw="1" slack="0"/>
</pin_list>
<bind>
<StgValue><ssdm name="_ssdm_op_PartSelect.i8.i48.i32.i32"/></StgValue>
</bind>
</comp>

<comp id="80" class="1001" name="const_80">
<pin_list>
<pin id="81" dir="1" index="0" bw="1" slack="0"/>
</pin_list>
<bind>
<StgValue><ssdm name=""/></StgValue>
</bind>
</comp>

<comp id="82" class="1001" name="const_82">
<pin_list>
<pin id="83" dir="1" index="0" bw="1" slack="0"/>
</pin_list>
<bind>
<StgValue><ssdm name=""/></StgValue>
</bind>
</comp>

<comp id="84" class="1001" name="const_84">
<pin_list>
<pin id="85" dir="1" index="0" bw="1" slack="0"/>
</pin_list>
<bind>
<StgValue><ssdm name=""/></StgValue>
</bind>
</comp>

<comp id="86" class="1001" name="const_86">
<pin_list>
<pin id="87" dir="1" index="0" bw="1" slack="0"/>
</pin_list>
<bind>
<StgValue><ssdm name=""/></StgValue>
</bind>
</comp>

<comp id="88" class="1001" name="const_88">
<pin_list>
<pin id="89" dir="1" index="0" bw="1" slack="0"/>
</pin_list>
<bind>
<StgValue><ssdm name=""/></StgValue>
</bind>
</comp>

<comp id="90" class="1001" name="const_90">
<pin_list>
<pin id="91" dir="1" index="0" bw="1" slack="0"/>
</pin_list>
<bind>
<StgValue><ssdm name=""/></StgValue>
</bind>
</comp>

<comp id="92" class="1001" name="const_92">
<pin_list>
<pin id="93" dir="1" index="0" bw="1" slack="0"/>
</pin_list>
<bind>
<StgValue><ssdm name=""/></StgValue>
</bind>
</comp>

<comp id="94" class="1001" name="const_94">
<pin_list>
<pin id="95" dir="1" index="0" bw="1" slack="0"/>
</pin_list>
<bind>
<StgValue><ssdm name=""/></StgValue>
</bind>
</comp>

<comp id="96" class="1001" name="const_96">
<pin_list>
<pin id="97" dir="1" index="0" bw="1" slack="0"/>
</pin_list>
<bind>
<StgValue><ssdm name=""/></StgValue>
</bind>
</comp>

<comp id="98" class="1001" name="const_98">
<pin_list>
<pin id="99" dir="1" index="0" bw="1" slack="0"/>
</pin_list>
<bind>
<StgValue><ssdm name=""/></StgValue>
</bind>
</comp>

<comp id="100" class="1001" name="const_100">
<pin_list>
<pin id="101" dir="1" index="0" bw="1" slack="0"/>
</pin_list>
<bind>
<StgValue><ssdm name="_ssdm_op_BitConcatenate.i48.i8.i8.i8.i8.i8.i8"/></StgValue>
</bind>
</comp>

<comp id="102" class="1001" name="const_102">
<pin_list>
<pin id="103" dir="1" index="0" bw="1" slack="0"/>
</pin_list>
<bind>
<StgValue><ssdm name="_ssdm_op_Write.ap_fifo.volatile.i48P0A"/></StgValue>
</bind>
</comp>

<comp id="104" class="1004" name="x_fu_104">
<pin_list>
<pin id="105" dir="0" index="0" bw="1" slack="0"/>
<pin id="106" dir="1" index="1" bw="11" slack="0"/>
</pin_list>
<bind>
<opcode="alloca(26) " fcode="alloca"/>
<opset="x/1 "/>
</bind>
</comp>

<comp id="108" class="1004" name="HwReg_layerEnable_val25_load_read_read_fu_108">
<pin_list>
<pin id="109" dir="0" index="0" bw="1" slack="0"/>
<pin id="110" dir="0" index="1" bw="1" slack="0"/>
<pin id="111" dir="1" index="2" bw="1" slack="1"/>
</pin_list>
<bind>
<opcode="read(1150) " fcode="read"/>
<opset="HwReg_layerEnable_val25_load_read/1 "/>
</bind>
</comp>

<comp id="114" class="1004" name="tmp_read_fu_114">
<pin_list>
<pin id="115" dir="0" index="0" bw="1" slack="0"/>
<pin id="116" dir="0" index="1" bw="1" slack="0"/>
<pin id="117" dir="1" index="2" bw="1" slack="1"/>
</pin_list>
<bind>
<opcode="read(1150) " fcode="read"/>
<opset="tmp/1 "/>
</bind>
</comp>

<comp id="120" class="1004" name="rev5_read_read_fu_120">
<pin_list>
<pin id="121" dir="0" index="0" bw="1" slack="0"/>
<pin id="122" dir="0" index="1" bw="1" slack="0"/>
<pin id="123" dir="1" index="2" bw="1" slack="0"/>
</pin_list>
<bind>
<opcode="read(1150) " fcode="read"/>
<opset="rev5_read/1 "/>
</bind>
</comp>

<comp id="126" class="1004" name="cmp61_i_read_read_fu_126">
<pin_list>
<pin id="127" dir="0" index="0" bw="1" slack="0"/>
<pin id="128" dir="0" index="1" bw="1" slack="0"/>
<pin id="129" dir="1" index="2" bw="1" slack="0"/>
</pin_list>
<bind>
<opcode="read(1150) " fcode="read"/>
<opset="cmp61_i_read/1 "/>
</bind>
</comp>

<comp id="132" class="1004" name="div72_cast_i_read_read_fu_132">
<pin_list>
<pin id="133" dir="0" index="0" bw="16" slack="0"/>
<pin id="134" dir="0" index="1" bw="16" slack="0"/>
<pin id="135" dir="1" index="2" bw="16" slack="0"/>
</pin_list>
<bind>
<opcode="read(1150) " fcode="read"/>
<opset="div72_cast_i_read/1 "/>
</bind>
</comp>

<comp id="138" class="1004" name="div65_cast_i_read_read_fu_138">
<pin_list>
<pin id="139" dir="0" index="0" bw="15" slack="0"/>
<pin id="140" dir="0" index="1" bw="15" slack="0"/>
<pin id="141" dir="1" index="2" bw="15" slack="0"/>
</pin_list>
<bind>
<opcode="read(1150) " fcode="read"/>
<opset="div65_cast_i_read/1 "/>
</bind>
</comp>

<comp id="144" class="1004" name="tmp_4_i_read_read_fu_144">
<pin_list>
<pin id="145" dir="0" index="0" bw="48" slack="0"/>
<pin id="146" dir="0" index="1" bw="48" slack="0"/>
<pin id="147" dir="1" index="2" bw="48" slack="1"/>
</pin_list>
<bind>
<opcode="read(1150) " fcode="read"/>
<opset="tmp_4_i_read/1 "/>
</bind>
</comp>

<comp id="150" class="1004" name="div_cast_i_read_read_fu_150">
<pin_list>
<pin id="151" dir="0" index="0" bw="11" slack="0"/>
<pin id="152" dir="0" index="1" bw="11" slack="0"/>
<pin id="153" dir="1" index="2" bw="11" slack="0"/>
</pin_list>
<bind>
<opcode="read(1150) " fcode="read"/>
<opset="div_cast_i_read/1 "/>
</bind>
</comp>

<comp id="156" class="1004" name="outLayer0_read_read_fu_156">
<pin_list>
<pin id="157" dir="0" index="0" bw="48" slack="0"/>
<pin id="158" dir="0" index="1" bw="48" slack="0"/>
<pin id="159" dir="1" index="2" bw="48" slack="0"/>
</pin_list>
<bind>
<opcode="read(1150) " fcode="read"/>
<opset="outLayer0_read/2 "/>
</bind>
</comp>

<comp id="162" class="1004" name="srcLayer1x_read_read_fu_162">
<pin_list>
<pin id="163" dir="0" index="0" bw="48" slack="0"/>
<pin id="164" dir="0" index="1" bw="48" slack="0"/>
<pin id="165" dir="1" index="2" bw="48" slack="0"/>
</pin_list>
<bind>
<opcode="read(1150) " fcode="read"/>
<opset="srcLayer1x_read/2 "/>
</bind>
</comp>

<comp id="168" class="1004" name="write_ln493_write_fu_168">
<pin_list>
<pin id="169" dir="0" index="0" bw="0" slack="0"/>
<pin id="170" dir="0" index="1" bw="48" slack="0"/>
<pin id="171" dir="0" index="2" bw="48" slack="0"/>
<pin id="172" dir="1" index="3" bw="0" slack="2147483647"/>
</pin_list>
<bind>
<opcode="write(1151) " fcode="write"/>
<opset="write_ln493/2 "/>
</bind>
</comp>

<comp id="175" class="1005" name="storemerge_i_reg_175">
<pin_list>
<pin id="176" dir="0" index="0" bw="48" slack="2147483647"/>
<pin id="177" dir="1" index="1" bw="48" slack="2147483647"/>
</pin_list>
<bind>
<opset="storemerge_i (phireg) "/>
</bind>
</comp>

<comp id="178" class="1004" name="storemerge_i_phi_fu_178">
<pin_list>
<pin id="179" dir="0" index="0" bw="48" slack="0"/>
<pin id="180" dir="0" index="1" bw="0" slack="2147483647"/>
<pin id="181" dir="0" index="2" bw="48" slack="1"/>
<pin id="182" dir="0" index="3" bw="0" slack="2147483647"/>
<pin id="183" dir="1" index="4" bw="48" slack="0"/>
</pin_list>
<bind>
<opcode="phi(47) " fcode="phi"/>
<opset="storemerge_i/2 "/>
</bind>
</comp>

<comp id="185" class="1005" name="p_0_0_0_1_224_i_reg_185">
<pin_list>
<pin id="186" dir="0" index="0" bw="8" slack="2147483647"/>
<pin id="187" dir="1" index="1" bw="8" slack="2147483647"/>
</pin_list>
<bind>
<opset="p_0_0_0_1_224_i (phireg) "/>
</bind>
</comp>

<comp id="188" class="1004" name="p_0_0_0_1_224_i_phi_fu_188">
<pin_list>
<pin id="189" dir="0" index="0" bw="8" slack="0"/>
<pin id="190" dir="0" index="1" bw="0" slack="2147483647"/>
<pin id="191" dir="0" index="2" bw="8" slack="0"/>
<pin id="192" dir="0" index="3" bw="0" slack="2147483647"/>
<pin id="193" dir="0" index="4" bw="8" slack="0"/>
<pin id="194" dir="0" index="5" bw="0" slack="2147483647"/>
<pin id="195" dir="1" index="6" bw="8" slack="0"/>
</pin_list>
<bind>
<opcode="phi(47) " fcode="phi"/>
<opset="p_0_0_0_1_224_i/2 "/>
</bind>
</comp>

<comp id="196" class="1005" name="p_0_0_0_1_122_i_reg_196">
<pin_list>
<pin id="197" dir="0" index="0" bw="8" slack="2147483647"/>
<pin id="198" dir="1" index="1" bw="8" slack="2147483647"/>
</pin_list>
<bind>
<opset="p_0_0_0_1_122_i (phireg) "/>
</bind>
</comp>

<comp id="199" class="1004" name="p_0_0_0_1_122_i_phi_fu_199">
<pin_list>
<pin id="200" dir="0" index="0" bw="8" slack="0"/>
<pin id="201" dir="0" index="1" bw="0" slack="2147483647"/>
<pin id="202" dir="0" index="2" bw="8" slack="0"/>
<pin id="203" dir="0" index="3" bw="0" slack="2147483647"/>
<pin id="204" dir="0" index="4" bw="8" slack="0"/>
<pin id="205" dir="0" index="5" bw="0" slack="2147483647"/>
<pin id="206" dir="1" index="6" bw="8" slack="0"/>
</pin_list>
<bind>
<opcode="phi(47) " fcode="phi"/>
<opset="p_0_0_0_1_122_i/2 "/>
</bind>
</comp>

<comp id="207" class="1005" name="p_0_0_0_120_i_reg_207">
<pin_list>
<pin id="208" dir="0" index="0" bw="8" slack="2147483647"/>
<pin id="209" dir="1" index="1" bw="8" slack="2147483647"/>
</pin_list>
<bind>
<opset="p_0_0_0_120_i (phireg) "/>
</bind>
</comp>

<comp id="210" class="1004" name="p_0_0_0_120_i_phi_fu_210">
<pin_list>
<pin id="211" dir="0" index="0" bw="8" slack="0"/>
<pin id="212" dir="0" index="1" bw="0" slack="2147483647"/>
<pin id="213" dir="0" index="2" bw="8" slack="0"/>
<pin id="214" dir="0" index="3" bw="0" slack="2147483647"/>
<pin id="215" dir="0" index="4" bw="8" slack="0"/>
<pin id="216" dir="0" index="5" bw="0" slack="2147483647"/>
<pin id="217" dir="1" index="6" bw="8" slack="0"/>
</pin_list>
<bind>
<opcode="phi(47) " fcode="phi"/>
<opset="p_0_0_0_120_i/2 "/>
</bind>
</comp>

<comp id="218" class="1005" name="p_0_0_0_218_i_reg_218">
<pin_list>
<pin id="219" dir="0" index="0" bw="8" slack="2147483647"/>
<pin id="220" dir="1" index="1" bw="8" slack="2147483647"/>
</pin_list>
<bind>
<opset="p_0_0_0_218_i (phireg) "/>
</bind>
</comp>

<comp id="221" class="1004" name="p_0_0_0_218_i_phi_fu_221">
<pin_list>
<pin id="222" dir="0" index="0" bw="8" slack="0"/>
<pin id="223" dir="0" index="1" bw="0" slack="2147483647"/>
<pin id="224" dir="0" index="2" bw="8" slack="0"/>
<pin id="225" dir="0" index="3" bw="0" slack="2147483647"/>
<pin id="226" dir="0" index="4" bw="8" slack="0"/>
<pin id="227" dir="0" index="5" bw="0" slack="2147483647"/>
<pin id="228" dir="1" index="6" bw="8" slack="0"/>
</pin_list>
<bind>
<opcode="phi(47) " fcode="phi"/>
<opset="p_0_0_0_218_i/2 "/>
</bind>
</comp>

<comp id="229" class="1005" name="p_0_0_0_11016_i_reg_229">
<pin_list>
<pin id="230" dir="0" index="0" bw="8" slack="2147483647"/>
<pin id="231" dir="1" index="1" bw="8" slack="2147483647"/>
</pin_list>
<bind>
<opset="p_0_0_0_11016_i (phireg) "/>
</bind>
</comp>

<comp id="232" class="1004" name="p_0_0_0_11016_i_phi_fu_232">
<pin_list>
<pin id="233" dir="0" index="0" bw="8" slack="0"/>
<pin id="234" dir="0" index="1" bw="0" slack="2147483647"/>
<pin id="235" dir="0" index="2" bw="8" slack="0"/>
<pin id="236" dir="0" index="3" bw="0" slack="2147483647"/>
<pin id="237" dir="0" index="4" bw="8" slack="0"/>
<pin id="238" dir="0" index="5" bw="0" slack="2147483647"/>
<pin id="239" dir="1" index="6" bw="8" slack="0"/>
</pin_list>
<bind>
<opcode="phi(47) " fcode="phi"/>
<opset="p_0_0_0_11016_i/2 "/>
</bind>
</comp>

<comp id="240" class="1005" name="p_0_0_014_i_reg_240">
<pin_list>
<pin id="241" dir="0" index="0" bw="8" slack="2147483647"/>
<pin id="242" dir="1" index="1" bw="8" slack="2147483647"/>
</pin_list>
<bind>
<opset="p_0_0_014_i (phireg) "/>
</bind>
</comp>

<comp id="243" class="1004" name="p_0_0_014_i_phi_fu_243">
<pin_list>
<pin id="244" dir="0" index="0" bw="8" slack="0"/>
<pin id="245" dir="0" index="1" bw="0" slack="2147483647"/>
<pin id="246" dir="0" index="2" bw="8" slack="0"/>
<pin id="247" dir="0" index="3" bw="0" slack="2147483647"/>
<pin id="248" dir="0" index="4" bw="8" slack="0"/>
<pin id="249" dir="0" index="5" bw="0" slack="2147483647"/>
<pin id="250" dir="1" index="6" bw="8" slack="0"/>
</pin_list>
<bind>
<opcode="phi(47) " fcode="phi"/>
<opset="p_0_0_014_i/2 "/>
</bind>
</comp>

<comp id="251" class="1004" name="store_ln440_store_fu_251">
<pin_list>
<pin id="252" dir="0" index="0" bw="1" slack="0"/>
<pin id="253" dir="0" index="1" bw="11" slack="0"/>
<pin id="254" dir="1" index="2" bw="0" slack="2147483647"/>
</pin_list>
<bind>
<opcode="store(28) " fcode="store"/>
<opset="store_ln440/1 "/>
</bind>
</comp>

<comp id="256" class="1004" name="x_11_load_fu_256">
<pin_list>
<pin id="257" dir="0" index="0" bw="11" slack="0"/>
<pin id="258" dir="1" index="1" bw="11" slack="0"/>
</pin_list>
<bind>
<opcode="load(27) " fcode="load"/>
<opset="x_11/1 "/>
</bind>
</comp>

<comp id="259" class="1004" name="icmp_ln465_fu_259">
<pin_list>
<pin id="260" dir="0" index="0" bw="11" slack="0"/>
<pin id="261" dir="0" index="1" bw="11" slack="0"/>
<pin id="262" dir="1" index="2" bw="1" slack="1"/>
</pin_list>
<bind>
<opcode="icmp(45) " fcode="icmp"/>
<opset="icmp_ln465/1 "/>
</bind>
</comp>

<comp id="265" class="1004" name="add_ln465_fu_265">
<pin_list>
<pin id="266" dir="0" index="0" bw="11" slack="0"/>
<pin id="267" dir="0" index="1" bw="1" slack="0"/>
<pin id="268" dir="1" index="2" bw="11" slack="0"/>
</pin_list>
<bind>
<opcode="add(8) " fcode="add"/>
<opset="add_ln465/1 "/>
</bind>
</comp>

<comp id="271" class="1004" name="zext_ln465_fu_271">
<pin_list>
<pin id="272" dir="0" index="0" bw="11" slack="0"/>
<pin id="273" dir="1" index="1" bw="16" slack="0"/>
</pin_list>
<bind>
<opcode="zext(34) " fcode="zext"/>
<opset="zext_ln465/1 "/>
</bind>
</comp>

<comp id="275" class="1004" name="zext_ln465_1_fu_275">
<pin_list>
<pin id="276" dir="0" index="0" bw="11" slack="0"/>
<pin id="277" dir="1" index="1" bw="15" slack="0"/>
</pin_list>
<bind>
<opcode="zext(34) " fcode="zext"/>
<opset="zext_ln465_1/1 "/>
</bind>
</comp>

<comp id="279" class="1004" name="icmp_ln477_fu_279">
<pin_list>
<pin id="280" dir="0" index="0" bw="11" slack="0"/>
<pin id="281" dir="0" index="1" bw="15" slack="0"/>
<pin id="282" dir="1" index="2" bw="1" slack="0"/>
</pin_list>
<bind>
<opcode="icmp(45) " fcode="icmp"/>
<opset="icmp_ln477/1 "/>
</bind>
</comp>

<comp id="285" class="1004" name="xor_ln477_fu_285">
<pin_list>
<pin id="286" dir="0" index="0" bw="1" slack="0"/>
<pin id="287" dir="0" index="1" bw="1" slack="0"/>
<pin id="288" dir="1" index="2" bw="1" slack="0"/>
</pin_list>
<bind>
<opcode="xor(25) " fcode="xor"/>
<opset="xor_ln477/1 "/>
</bind>
</comp>

<comp id="291" class="1004" name="icmp_ln478_fu_291">
<pin_list>
<pin id="292" dir="0" index="0" bw="16" slack="0"/>
<pin id="293" dir="0" index="1" bw="11" slack="0"/>
<pin id="294" dir="1" index="2" bw="1" slack="0"/>
</pin_list>
<bind>
<opcode="icmp(45) " fcode="icmp"/>
<opset="icmp_ln478/1 "/>
</bind>
</comp>

<comp id="297" class="1004" name="and_ln476_fu_297">
<pin_list>
<pin id="298" dir="0" index="0" bw="1" slack="0"/>
<pin id="299" dir="0" index="1" bw="1" slack="0"/>
<pin id="300" dir="1" index="2" bw="1" slack="0"/>
</pin_list>
<bind>
<opcode="and(23) " fcode="and"/>
<opset="and_ln476/1 "/>
</bind>
</comp>

<comp id="303" class="1004" name="and_ln476_1_fu_303">
<pin_list>
<pin id="304" dir="0" index="0" bw="1" slack="0"/>
<pin id="305" dir="0" index="1" bw="1" slack="0"/>
<pin id="306" dir="1" index="2" bw="1" slack="0"/>
</pin_list>
<bind>
<opcode="and(23) " fcode="and"/>
<opset="and_ln476_1/1 "/>
</bind>
</comp>

<comp id="309" class="1004" name="and_ln476_2_fu_309">
<pin_list>
<pin id="310" dir="0" index="0" bw="1" slack="0"/>
<pin id="311" dir="0" index="1" bw="1" slack="0"/>
<pin id="312" dir="1" index="2" bw="1" slack="1"/>
</pin_list>
<bind>
<opcode="and(23) " fcode="and"/>
<opset="and_ln476_2/1 "/>
</bind>
</comp>

<comp id="315" class="1004" name="store_ln440_store_fu_315">
<pin_list>
<pin id="316" dir="0" index="0" bw="11" slack="0"/>
<pin id="317" dir="0" index="1" bw="11" slack="0"/>
<pin id="318" dir="1" index="2" bw="0" slack="2147483647"/>
</pin_list>
<bind>
<opcode="store(28) " fcode="store"/>
<opset="store_ln440/1 "/>
</bind>
</comp>

<comp id="320" class="1004" name="empty_91_fu_320">
<pin_list>
<pin id="321" dir="0" index="0" bw="48" slack="0"/>
<pin id="322" dir="1" index="1" bw="8" slack="0"/>
</pin_list>
<bind>
<opcode="trunc(33) " fcode="trunc"/>
<opset="empty_91/2 "/>
</bind>
</comp>

<comp id="326" class="1004" name="tmp_i_fu_326">
<pin_list>
<pin id="327" dir="0" index="0" bw="8" slack="0"/>
<pin id="328" dir="0" index="1" bw="48" slack="0"/>
<pin id="329" dir="0" index="2" bw="5" slack="0"/>
<pin id="330" dir="1" index="3" bw="8" slack="0"/>
</pin_list>
<bind>
<opcode="partselect(1002) " fcode="partselect"/>
<opset="tmp_i/2 "/>
</bind>
</comp>

<comp id="336" class="1004" name="tmp_i_92_fu_336">
<pin_list>
<pin id="337" dir="0" index="0" bw="8" slack="0"/>
<pin id="338" dir="0" index="1" bw="48" slack="0"/>
<pin id="339" dir="0" index="2" bw="6" slack="0"/>
<pin id="340" dir="1" index="3" bw="8" slack="0"/>
</pin_list>
<bind>
<opcode="partselect(1002) " fcode="partselect"/>
<opset="tmp_i_92/2 "/>
</bind>
</comp>

<comp id="346" class="1004" name="tmp_1_i_fu_346">
<pin_list>
<pin id="347" dir="0" index="0" bw="8" slack="0"/>
<pin id="348" dir="0" index="1" bw="48" slack="0"/>
<pin id="349" dir="0" index="2" bw="6" slack="0"/>
<pin id="350" dir="1" index="3" bw="8" slack="0"/>
</pin_list>
<bind>
<opcode="partselect(1002) " fcode="partselect"/>
<opset="tmp_1_i/2 "/>
</bind>
</comp>

<comp id="356" class="1004" name="tmp_2_i_fu_356">
<pin_list>
<pin id="357" dir="0" index="0" bw="8" slack="0"/>
<pin id="358" dir="0" index="1" bw="48" slack="0"/>
<pin id="359" dir="0" index="2" bw="7" slack="0"/>
<pin id="360" dir="1" index="3" bw="8" slack="0"/>
</pin_list>
<bind>
<opcode="partselect(1002) " fcode="partselect"/>
<opset="tmp_2_i/2 "/>
</bind>
</comp>

<comp id="366" class="1004" name="tmp_3_i_fu_366">
<pin_list>
<pin id="367" dir="0" index="0" bw="8" slack="0"/>
<pin id="368" dir="0" index="1" bw="48" slack="0"/>
<pin id="369" dir="0" index="2" bw="7" slack="0"/>
<pin id="370" dir="1" index="3" bw="8" slack="0"/>
</pin_list>
<bind>
<opcode="partselect(1002) " fcode="partselect"/>
<opset="tmp_3_i/2 "/>
</bind>
</comp>

<comp id="376" class="1004" name="trunc_ln482_fu_376">
<pin_list>
<pin id="377" dir="0" index="0" bw="48" slack="0"/>
<pin id="378" dir="1" index="1" bw="8" slack="0"/>
</pin_list>
<bind>
<opcode="trunc(33) " fcode="trunc"/>
<opset="trunc_ln482/2 "/>
</bind>
</comp>

<comp id="381" class="1004" name="trunc_ln482_s_fu_381">
<pin_list>
<pin id="382" dir="0" index="0" bw="8" slack="0"/>
<pin id="383" dir="0" index="1" bw="48" slack="0"/>
<pin id="384" dir="0" index="2" bw="5" slack="0"/>
<pin id="385" dir="0" index="3" bw="5" slack="0"/>
<pin id="386" dir="1" index="4" bw="8" slack="0"/>
</pin_list>
<bind>
<opcode="partselect(1002) " fcode="partselect"/>
<opset="trunc_ln482_s/2 "/>
</bind>
</comp>

<comp id="392" class="1004" name="trunc_ln482_1_fu_392">
<pin_list>
<pin id="393" dir="0" index="0" bw="8" slack="0"/>
<pin id="394" dir="0" index="1" bw="48" slack="0"/>
<pin id="395" dir="0" index="2" bw="6" slack="0"/>
<pin id="396" dir="0" index="3" bw="6" slack="0"/>
<pin id="397" dir="1" index="4" bw="8" slack="0"/>
</pin_list>
<bind>
<opcode="partselect(1002) " fcode="partselect"/>
<opset="trunc_ln482_1/2 "/>
</bind>
</comp>

<comp id="403" class="1004" name="trunc_ln482_2_fu_403">
<pin_list>
<pin id="404" dir="0" index="0" bw="8" slack="0"/>
<pin id="405" dir="0" index="1" bw="48" slack="0"/>
<pin id="406" dir="0" index="2" bw="6" slack="0"/>
<pin id="407" dir="0" index="3" bw="6" slack="0"/>
<pin id="408" dir="1" index="4" bw="8" slack="0"/>
</pin_list>
<bind>
<opcode="partselect(1002) " fcode="partselect"/>
<opset="trunc_ln482_2/2 "/>
</bind>
</comp>

<comp id="414" class="1004" name="trunc_ln482_3_fu_414">
<pin_list>
<pin id="415" dir="0" index="0" bw="8" slack="0"/>
<pin id="416" dir="0" index="1" bw="48" slack="0"/>
<pin id="417" dir="0" index="2" bw="7" slack="0"/>
<pin id="418" dir="0" index="3" bw="7" slack="0"/>
<pin id="419" dir="1" index="4" bw="8" slack="0"/>
</pin_list>
<bind>
<opcode="partselect(1002) " fcode="partselect"/>
<opset="trunc_ln482_3/2 "/>
</bind>
</comp>

<comp id="425" class="1004" name="trunc_ln482_4_fu_425">
<pin_list>
<pin id="426" dir="0" index="0" bw="8" slack="0"/>
<pin id="427" dir="0" index="1" bw="48" slack="0"/>
<pin id="428" dir="0" index="2" bw="7" slack="0"/>
<pin id="429" dir="0" index="3" bw="7" slack="0"/>
<pin id="430" dir="1" index="4" bw="8" slack="0"/>
</pin_list>
<bind>
<opcode="partselect(1002) " fcode="partselect"/>
<opset="trunc_ln482_4/2 "/>
</bind>
</comp>

<comp id="436" class="1004" name="or_ln493_3_i_fu_436">
<pin_list>
<pin id="437" dir="0" index="0" bw="48" slack="0"/>
<pin id="438" dir="0" index="1" bw="8" slack="0"/>
<pin id="439" dir="0" index="2" bw="8" slack="0"/>
<pin id="440" dir="0" index="3" bw="8" slack="0"/>
<pin id="441" dir="0" index="4" bw="8" slack="0"/>
<pin id="442" dir="0" index="5" bw="8" slack="0"/>
<pin id="443" dir="0" index="6" bw="8" slack="0"/>
<pin id="444" dir="1" index="7" bw="48" slack="0"/>
</pin_list>
<bind>
<opcode="bitconcatenate(1004) " fcode="bitconcatenate"/>
<opset="or_ln493_3_i/2 "/>
</bind>
</comp>

<comp id="453" class="1005" name="x_reg_453">
<pin_list>
<pin id="454" dir="0" index="0" bw="11" slack="0"/>
<pin id="455" dir="1" index="1" bw="11" slack="0"/>
</pin_list>
<bind>
<opset="x "/>
</bind>
</comp>

<comp id="460" class="1005" name="HwReg_layerEnable_val25_load_read_reg_460">
<pin_list>
<pin id="461" dir="0" index="0" bw="1" slack="1"/>
<pin id="462" dir="1" index="1" bw="1" slack="2147483647"/>
</pin_list>
<bind>
<opset="HwReg_layerEnable_val25_load_read "/>
</bind>
</comp>

<comp id="464" class="1005" name="tmp_reg_464">
<pin_list>
<pin id="465" dir="0" index="0" bw="1" slack="1"/>
<pin id="466" dir="1" index="1" bw="1" slack="2147483647"/>
</pin_list>
<bind>
<opset="tmp "/>
</bind>
</comp>

<comp id="468" class="1005" name="tmp_4_i_read_reg_468">
<pin_list>
<pin id="469" dir="0" index="0" bw="48" slack="1"/>
<pin id="470" dir="1" index="1" bw="48" slack="1"/>
</pin_list>
<bind>
<opset="tmp_4_i_read "/>
</bind>
</comp>

<comp id="473" class="1005" name="icmp_ln465_reg_473">
<pin_list>
<pin id="474" dir="0" index="0" bw="1" slack="1"/>
<pin id="475" dir="1" index="1" bw="1" slack="2147483647"/>
</pin_list>
<bind>
<opset="icmp_ln465 "/>
</bind>
</comp>

<comp id="477" class="1005" name="and_ln476_2_reg_477">
<pin_list>
<pin id="478" dir="0" index="0" bw="1" slack="1"/>
<pin id="479" dir="1" index="1" bw="1" slack="2147483647"/>
</pin_list>
<bind>
<opset="and_ln476_2 "/>
</bind>
</comp>

</comp_list>

<net_list>
<net id="107"><net_src comp="22" pin="0"/><net_sink comp="104" pin=0"/></net>

<net id="112"><net_src comp="34" pin="0"/><net_sink comp="108" pin=0"/></net>

<net id="113"><net_src comp="20" pin="0"/><net_sink comp="108" pin=1"/></net>

<net id="118"><net_src comp="34" pin="0"/><net_sink comp="114" pin=0"/></net>

<net id="119"><net_src comp="18" pin="0"/><net_sink comp="114" pin=1"/></net>

<net id="124"><net_src comp="34" pin="0"/><net_sink comp="120" pin=0"/></net>

<net id="125"><net_src comp="12" pin="0"/><net_sink comp="120" pin=1"/></net>

<net id="130"><net_src comp="34" pin="0"/><net_sink comp="126" pin=0"/></net>

<net id="131"><net_src comp="10" pin="0"/><net_sink comp="126" pin=1"/></net>

<net id="136"><net_src comp="36" pin="0"/><net_sink comp="132" pin=0"/></net>

<net id="137"><net_src comp="8" pin="0"/><net_sink comp="132" pin=1"/></net>

<net id="142"><net_src comp="38" pin="0"/><net_sink comp="138" pin=0"/></net>

<net id="143"><net_src comp="6" pin="0"/><net_sink comp="138" pin=1"/></net>

<net id="148"><net_src comp="40" pin="0"/><net_sink comp="144" pin=0"/></net>

<net id="149"><net_src comp="4" pin="0"/><net_sink comp="144" pin=1"/></net>

<net id="154"><net_src comp="42" pin="0"/><net_sink comp="150" pin=0"/></net>

<net id="155"><net_src comp="0" pin="0"/><net_sink comp="150" pin=1"/></net>

<net id="160"><net_src comp="64" pin="0"/><net_sink comp="156" pin=0"/></net>

<net id="161"><net_src comp="14" pin="0"/><net_sink comp="156" pin=1"/></net>

<net id="166"><net_src comp="64" pin="0"/><net_sink comp="162" pin=0"/></net>

<net id="167"><net_src comp="16" pin="0"/><net_sink comp="162" pin=1"/></net>

<net id="173"><net_src comp="102" pin="0"/><net_sink comp="168" pin=0"/></net>

<net id="174"><net_src comp="2" pin="0"/><net_sink comp="168" pin=1"/></net>

<net id="184"><net_src comp="156" pin="2"/><net_sink comp="178" pin=0"/></net>

<net id="255"><net_src comp="44" pin="0"/><net_sink comp="251" pin=0"/></net>

<net id="263"><net_src comp="256" pin="1"/><net_sink comp="259" pin=0"/></net>

<net id="264"><net_src comp="150" pin="2"/><net_sink comp="259" pin=1"/></net>

<net id="269"><net_src comp="256" pin="1"/><net_sink comp="265" pin=0"/></net>

<net id="270"><net_src comp="54" pin="0"/><net_sink comp="265" pin=1"/></net>

<net id="274"><net_src comp="256" pin="1"/><net_sink comp="271" pin=0"/></net>

<net id="278"><net_src comp="256" pin="1"/><net_sink comp="275" pin=0"/></net>

<net id="283"><net_src comp="275" pin="1"/><net_sink comp="279" pin=0"/></net>

<net id="284"><net_src comp="138" pin="2"/><net_sink comp="279" pin=1"/></net>

<net id="289"><net_src comp="279" pin="2"/><net_sink comp="285" pin=0"/></net>

<net id="290"><net_src comp="62" pin="0"/><net_sink comp="285" pin=1"/></net>

<net id="295"><net_src comp="132" pin="2"/><net_sink comp="291" pin=0"/></net>

<net id="296"><net_src comp="271" pin="1"/><net_sink comp="291" pin=1"/></net>

<net id="301"><net_src comp="126" pin="2"/><net_sink comp="297" pin=0"/></net>

<net id="302"><net_src comp="120" pin="2"/><net_sink comp="297" pin=1"/></net>

<net id="307"><net_src comp="285" pin="2"/><net_sink comp="303" pin=0"/></net>

<net id="308"><net_src comp="297" pin="2"/><net_sink comp="303" pin=1"/></net>

<net id="313"><net_src comp="303" pin="2"/><net_sink comp="309" pin=0"/></net>

<net id="314"><net_src comp="291" pin="2"/><net_sink comp="309" pin=1"/></net>

<net id="319"><net_src comp="265" pin="2"/><net_sink comp="315" pin=0"/></net>

<net id="323"><net_src comp="178" pin="4"/><net_sink comp="320" pin=0"/></net>

<net id="324"><net_src comp="320" pin="1"/><net_sink comp="243" pin=2"/></net>

<net id="325"><net_src comp="320" pin="1"/><net_sink comp="243" pin=4"/></net>

<net id="331"><net_src comp="66" pin="0"/><net_sink comp="326" pin=0"/></net>

<net id="332"><net_src comp="178" pin="4"/><net_sink comp="326" pin=1"/></net>

<net id="333"><net_src comp="68" pin="0"/><net_sink comp="326" pin=2"/></net>

<net id="334"><net_src comp="326" pin="3"/><net_sink comp="232" pin=2"/></net>

<net id="335"><net_src comp="326" pin="3"/><net_sink comp="232" pin=4"/></net>

<net id="341"><net_src comp="66" pin="0"/><net_sink comp="336" pin=0"/></net>

<net id="342"><net_src comp="178" pin="4"/><net_sink comp="336" pin=1"/></net>

<net id="343"><net_src comp="70" pin="0"/><net_sink comp="336" pin=2"/></net>

<net id="344"><net_src comp="336" pin="3"/><net_sink comp="221" pin=2"/></net>

<net id="345"><net_src comp="336" pin="3"/><net_sink comp="221" pin=4"/></net>

<net id="351"><net_src comp="66" pin="0"/><net_sink comp="346" pin=0"/></net>

<net id="352"><net_src comp="178" pin="4"/><net_sink comp="346" pin=1"/></net>

<net id="353"><net_src comp="72" pin="0"/><net_sink comp="346" pin=2"/></net>

<net id="354"><net_src comp="346" pin="3"/><net_sink comp="210" pin=2"/></net>

<net id="355"><net_src comp="346" pin="3"/><net_sink comp="210" pin=4"/></net>

<net id="361"><net_src comp="66" pin="0"/><net_sink comp="356" pin=0"/></net>

<net id="362"><net_src comp="178" pin="4"/><net_sink comp="356" pin=1"/></net>

<net id="363"><net_src comp="74" pin="0"/><net_sink comp="356" pin=2"/></net>

<net id="364"><net_src comp="356" pin="3"/><net_sink comp="199" pin=2"/></net>

<net id="365"><net_src comp="356" pin="3"/><net_sink comp="199" pin=4"/></net>

<net id="371"><net_src comp="66" pin="0"/><net_sink comp="366" pin=0"/></net>

<net id="372"><net_src comp="178" pin="4"/><net_sink comp="366" pin=1"/></net>

<net id="373"><net_src comp="76" pin="0"/><net_sink comp="366" pin=2"/></net>

<net id="374"><net_src comp="366" pin="3"/><net_sink comp="188" pin=2"/></net>

<net id="375"><net_src comp="366" pin="3"/><net_sink comp="188" pin=4"/></net>

<net id="379"><net_src comp="162" pin="2"/><net_sink comp="376" pin=0"/></net>

<net id="380"><net_src comp="376" pin="1"/><net_sink comp="243" pin=0"/></net>

<net id="387"><net_src comp="78" pin="0"/><net_sink comp="381" pin=0"/></net>

<net id="388"><net_src comp="162" pin="2"/><net_sink comp="381" pin=1"/></net>

<net id="389"><net_src comp="80" pin="0"/><net_sink comp="381" pin=2"/></net>

<net id="390"><net_src comp="82" pin="0"/><net_sink comp="381" pin=3"/></net>

<net id="391"><net_src comp="381" pin="4"/><net_sink comp="232" pin=0"/></net>

<net id="398"><net_src comp="78" pin="0"/><net_sink comp="392" pin=0"/></net>

<net id="399"><net_src comp="162" pin="2"/><net_sink comp="392" pin=1"/></net>

<net id="400"><net_src comp="84" pin="0"/><net_sink comp="392" pin=2"/></net>

<net id="401"><net_src comp="86" pin="0"/><net_sink comp="392" pin=3"/></net>

<net id="402"><net_src comp="392" pin="4"/><net_sink comp="221" pin=0"/></net>

<net id="409"><net_src comp="78" pin="0"/><net_sink comp="403" pin=0"/></net>

<net id="410"><net_src comp="162" pin="2"/><net_sink comp="403" pin=1"/></net>

<net id="411"><net_src comp="88" pin="0"/><net_sink comp="403" pin=2"/></net>

<net id="412"><net_src comp="90" pin="0"/><net_sink comp="403" pin=3"/></net>

<net id="413"><net_src comp="403" pin="4"/><net_sink comp="210" pin=0"/></net>

<net id="420"><net_src comp="78" pin="0"/><net_sink comp="414" pin=0"/></net>

<net id="421"><net_src comp="162" pin="2"/><net_sink comp="414" pin=1"/></net>

<net id="422"><net_src comp="92" pin="0"/><net_sink comp="414" pin=2"/></net>

<net id="423"><net_src comp="94" pin="0"/><net_sink comp="414" pin=3"/></net>

<net id="424"><net_src comp="414" pin="4"/><net_sink comp="199" pin=0"/></net>

<net id="431"><net_src comp="78" pin="0"/><net_sink comp="425" pin=0"/></net>

<net id="432"><net_src comp="162" pin="2"/><net_sink comp="425" pin=1"/></net>

<net id="433"><net_src comp="96" pin="0"/><net_sink comp="425" pin=2"/></net>

<net id="434"><net_src comp="98" pin="0"/><net_sink comp="425" pin=3"/></net>

<net id="435"><net_src comp="425" pin="4"/><net_sink comp="188" pin=0"/></net>

<net id="445"><net_src comp="100" pin="0"/><net_sink comp="436" pin=0"/></net>

<net id="446"><net_src comp="188" pin="6"/><net_sink comp="436" pin=1"/></net>

<net id="447"><net_src comp="199" pin="6"/><net_sink comp="436" pin=2"/></net>

<net id="448"><net_src comp="210" pin="6"/><net_sink comp="436" pin=3"/></net>

<net id="449"><net_src comp="221" pin="6"/><net_sink comp="436" pin=4"/></net>

<net id="450"><net_src comp="232" pin="6"/><net_sink comp="436" pin=5"/></net>

<net id="451"><net_src comp="243" pin="6"/><net_sink comp="436" pin=6"/></net>

<net id="452"><net_src comp="436" pin="7"/><net_sink comp="168" pin=2"/></net>

<net id="456"><net_src comp="104" pin="1"/><net_sink comp="453" pin=0"/></net>

<net id="457"><net_src comp="453" pin="1"/><net_sink comp="251" pin=1"/></net>

<net id="458"><net_src comp="453" pin="1"/><net_sink comp="256" pin=0"/></net>

<net id="459"><net_src comp="453" pin="1"/><net_sink comp="315" pin=1"/></net>

<net id="463"><net_src comp="108" pin="2"/><net_sink comp="460" pin=0"/></net>

<net id="467"><net_src comp="114" pin="2"/><net_sink comp="464" pin=0"/></net>

<net id="471"><net_src comp="144" pin="2"/><net_sink comp="468" pin=0"/></net>

<net id="472"><net_src comp="468" pin="1"/><net_sink comp="178" pin=2"/></net>

<net id="476"><net_src comp="259" pin="2"/><net_sink comp="473" pin=0"/></net>

<net id="480"><net_src comp="309" pin="2"/><net_sink comp="477" pin=0"/></net>

</net_list>

</model> 
---------------- Datapath Model END ------------------

* FSMD analyzer results:
  - Output states:
	Port: outLayer1 | {2 }
 - Input state : 
	Port: v_mix_core_alpha<false, false>_Pipeline_VITIS_LOOP_465_3 : div_cast_i | {1 }
	Port: v_mix_core_alpha<false, false>_Pipeline_VITIS_LOOP_465_3 : tmp_4_i | {1 }
	Port: v_mix_core_alpha<false, false>_Pipeline_VITIS_LOOP_465_3 : div65_cast_i | {1 }
	Port: v_mix_core_alpha<false, false>_Pipeline_VITIS_LOOP_465_3 : div72_cast_i | {1 }
	Port: v_mix_core_alpha<false, false>_Pipeline_VITIS_LOOP_465_3 : cmp61_i | {1 }
	Port: v_mix_core_alpha<false, false>_Pipeline_VITIS_LOOP_465_3 : rev5 | {1 }
	Port: v_mix_core_alpha<false, false>_Pipeline_VITIS_LOOP_465_3 : outLayer0 | {2 }
	Port: v_mix_core_alpha<false, false>_Pipeline_VITIS_LOOP_465_3 : srcLayer1x | {2 }
	Port: v_mix_core_alpha<false, false>_Pipeline_VITIS_LOOP_465_3 : empty | {1 }
	Port: v_mix_core_alpha<false, false>_Pipeline_VITIS_LOOP_465_3 : HwReg_layerEnable_val25_load | {1 }
  - Chain level:
	State 1
		store_ln440 : 1
		x_11 : 1
		icmp_ln465 : 2
		add_ln465 : 2
		br_ln465 : 3
		zext_ln465 : 2
		zext_ln465_1 : 2
		icmp_ln477 : 3
		xor_ln477 : 4
		icmp_ln478 : 3
		and_ln476_1 : 4
		and_ln476_2 : 4
		store_ln440 : 3
	State 2
		storemerge_i : 1
		empty_91 : 2
		tmp_i : 2
		tmp_i_92 : 2
		tmp_1_i : 2
		tmp_2_i : 2
		tmp_3_i : 2
		p_0_0_0_1_224_i : 3
		p_0_0_0_1_122_i : 3
		p_0_0_0_120_i : 3
		p_0_0_0_218_i : 3
		p_0_0_0_11016_i : 3
		p_0_0_014_i : 3
		or_ln493_3_i : 4
		write_ln493 : 5


============================================================
+ Verbose Summary: Datapath Resource usage 
============================================================

* Functional unit list:
|----------|-----------------------------------------------|---------|---------|
| Operation|                Functional Unit                |    FF   |   LUT   |
|----------|-----------------------------------------------|---------|---------|
|          |               icmp_ln465_fu_259               |    0    |    18   |
|   icmp   |               icmp_ln477_fu_279               |    0    |    22   |
|          |               icmp_ln478_fu_291               |    0    |    23   |
|----------|-----------------------------------------------|---------|---------|
|    add   |                add_ln465_fu_265               |    0    |    18   |
|----------|-----------------------------------------------|---------|---------|
|          |                and_ln476_fu_297               |    0    |    2    |
|    and   |               and_ln476_1_fu_303              |    0    |    2    |
|          |               and_ln476_2_fu_309              |    0    |    2    |
|----------|-----------------------------------------------|---------|---------|
|    xor   |                xor_ln477_fu_285               |    0    |    2    |
|----------|-----------------------------------------------|---------|---------|
|          | HwReg_layerEnable_val25_load_read_read_fu_108 |    0    |    0    |
|          |                tmp_read_fu_114                |    0    |    0    |
|          |             rev5_read_read_fu_120             |    0    |    0    |
|          |            cmp61_i_read_read_fu_126           |    0    |    0    |
|   read   |         div72_cast_i_read_read_fu_132         |    0    |    0    |
|          |         div65_cast_i_read_read_fu_138         |    0    |    0    |
|          |            tmp_4_i_read_read_fu_144           |    0    |    0    |
|          |          div_cast_i_read_read_fu_150          |    0    |    0    |
|          |           outLayer0_read_read_fu_156          |    0    |    0    |
|          |          srcLayer1x_read_read_fu_162          |    0    |    0    |
|----------|-----------------------------------------------|---------|---------|
|   write  |            write_ln493_write_fu_168           |    0    |    0    |
|----------|-----------------------------------------------|---------|---------|
|   zext   |               zext_ln465_fu_271               |    0    |    0    |
|          |              zext_ln465_1_fu_275              |    0    |    0    |
|----------|-----------------------------------------------|---------|---------|
|   trunc  |                empty_91_fu_320                |    0    |    0    |
|          |               trunc_ln482_fu_376              |    0    |    0    |
|----------|-----------------------------------------------|---------|---------|
|          |                  tmp_i_fu_326                 |    0    |    0    |
|          |                tmp_i_92_fu_336                |    0    |    0    |
|          |                 tmp_1_i_fu_346                |    0    |    0    |
|          |                 tmp_2_i_fu_356                |    0    |    0    |
|partselect|                 tmp_3_i_fu_366                |    0    |    0    |
|          |              trunc_ln482_s_fu_381             |    0    |    0    |
|          |              trunc_ln482_1_fu_392             |    0    |    0    |
|          |              trunc_ln482_2_fu_403             |    0    |    0    |
|          |              trunc_ln482_3_fu_414             |    0    |    0    |
|          |              trunc_ln482_4_fu_425             |    0    |    0    |
|----------|-----------------------------------------------|---------|---------|
|bitconcatenate|              or_ln493_3_i_fu_436              |    0    |    0    |
|----------|-----------------------------------------------|---------|---------|
|   Total  |                                               |    0    |    89   |
|----------|-----------------------------------------------|---------|---------|

Memories:
N/A

* Register list:
+-----------------------------------------+--------+
|                                         |   FF   |
+-----------------------------------------+--------+
|HwReg_layerEnable_val25_load_read_reg_460|    1   |
|           and_ln476_2_reg_477           |    1   |
|            icmp_ln465_reg_473           |    1   |
|           p_0_0_014_i_reg_240           |    8   |
|         p_0_0_0_11016_i_reg_229         |    8   |
|          p_0_0_0_120_i_reg_207          |    8   |
|         p_0_0_0_1_122_i_reg_196         |    8   |
|         p_0_0_0_1_224_i_reg_185         |    8   |
|          p_0_0_0_218_i_reg_218          |    8   |
|           storemerge_i_reg_175          |   48   |
|           tmp_4_i_read_reg_468          |   48   |
|               tmp_reg_464               |    1   |
|                x_reg_453                |   11   |
+-----------------------------------------+--------+
|                  Total                  |   159  |
+-----------------------------------------+--------+

* Multiplexer (MUX) list: 
|--------|------|------|------|--------|
|  Comp  |  Pin | Size |  BW  | S x BW |
|--------|------|------|------|--------|
|  Total |      |      |      |    0   |
|--------|------|------|------|--------|



* Summary:
+-----------+--------+--------+
|           |   FF   |   LUT  |
+-----------+--------+--------+
|  Function |    0   |   89   |
|   Memory  |    -   |    -   |
|Multiplexer|    -   |    -   |
|  Register |   159  |    -   |
+-----------+--------+--------+
|   Total   |   159  |   89   |
+-----------+--------+--------+
