

================================================================
== Vitis HLS Report for 'v_mix_upsample_false_s'
================================================================
* Date:           Mon Apr 27 12:26:55 2026

* Version:        2024.2 (Build 5238294 on Nov  8 2024)
* Project:        prj
* Solution:       sol (Vivado IP Flow Target)
* Product family: zynquplus
* Target device:  xck26-sfvc784-2LV-c


================================================================
== Performance Estimates
================================================================
+ Timing: 
    * Summary: 
    +--------+---------+----------+------------+
    |  Clock |  Target | Estimated| Uncertainty|
    +--------+---------+----------+------------+
    |ap_clk  |  6.67 ns|  3.699 ns|     1.80 ns|
    +--------+---------+----------+------------+

+ Latency: 
    * Summary: 
    +---------+---------+----------+-----------+-----+---------+---------+
    |  Latency (cycles) |  Latency (absolute)  |    Interval   | Pipeline|
    |   min   |   max   |    min   |    max    | min |   max   |   Type  |
    +---------+---------+----------+-----------+-----+---------+---------+
    |        1|  4155841|  6.667 ns|  27.707 ms|    1|  4155841|       no|
    +---------+---------+----------+-----------+-----+---------+---------+

    + Detail: 
        * Instance: 
        +-----------------------------------------------------------+------------------------------------------------+---------+---------+-----------+-----------+-----+------+------------------------------------------------+
        |                                                           |                                                |  Latency (cycles) |   Latency (absolute)  |  Interval  |                    Pipeline                    |
        |                          Instance                         |                     Module                     |   min   |   max   |    min    |    max    | min |  max |                      Type                      |
        +-----------------------------------------------------------+------------------------------------------------+---------+---------+-----------+-----------+-----+------+------------------------------------------------+
        |grp_v_mix_upsample_false_Pipeline_VITIS_LOOP_107_2_fu_100  |v_mix_upsample_false_Pipeline_VITIS_LOOP_107_2  |        2|     1922|  13.334 ns|  12.814 us|    1|  1921|  loop auto-rewind stp (delay=0 clock cycles(s))|
        +-----------------------------------------------------------+------------------------------------------------+---------+---------+-----------+-----------+-----+------+------------------------------------------------+

        * Loop: 
        +--------------------+---------+---------+----------+-----------+-----------+----------+----------+
        |                    |  Latency (cycles) | Iteration|  Initiation Interval  |   Trip   |          |
        |      Loop Name     |   min   |   max   |  Latency |  achieved |   target  |   Count  | Pipelined|
        +--------------------+---------+---------+----------+-----------+-----------+----------+----------+
        |- VITIS_LOOP_105_1  |        0|  4155840|  4 ~ 1924|          -|          -|  0 ~ 2160|        no|
        +--------------------+---------+---------+----------+-----------+-----------+----------+----------+



================================================================
== Utilization Estimates
================================================================
* Summary: 
+-----------------+---------+------+--------+--------+-----+
|       Name      | BRAM_18K|  DSP |   FF   |   LUT  | URAM|
+-----------------+---------+------+--------+--------+-----+
|DSP              |        -|     -|       -|       -|    -|
|Expression       |        -|     -|       0|      40|    -|
|FIFO             |        -|     -|       -|       -|    -|
|Instance         |        -|     -|      14|      96|    -|
|Memory           |        -|     -|       -|       -|    -|
|Multiplexer      |        -|     -|       0|      83|    -|
|Register         |        -|     -|      41|       -|    -|
+-----------------+---------+------+--------+--------+-----+
|Total            |        0|     0|      55|     219|    0|
+-----------------+---------+------+--------+--------+-----+
|Available        |      288|  1248|  234240|  117120|   64|
+-----------------+---------+------+--------+--------+-----+
|Utilization (%)  |        0|     0|      ~0|      ~0|    0|
+-----------------+---------+------+--------+--------+-----+

+ Detail: 
    * Instance: 
    +-----------------------------------------------------------+------------------------------------------------+---------+----+----+----+-----+
    |                          Instance                         |                     Module                     | BRAM_18K| DSP| FF | LUT| URAM|
    +-----------------------------------------------------------+------------------------------------------------+---------+----+----+----+-----+
    |grp_v_mix_upsample_false_Pipeline_VITIS_LOOP_107_2_fu_100  |v_mix_upsample_false_Pipeline_VITIS_LOOP_107_2  |        0|   0|  14|  96|    0|
    +-----------------------------------------------------------+------------------------------------------------+---------+----+----+----+-----+
    |Total                                                      |                                                |        0|   0|  14|  96|    0|
    +-----------------------------------------------------------+------------------------------------------------+---------+----+----+----+-----+

    * DSP: 
    N/A

    * Memory: 
    N/A

    * FIFO: 
    N/A

    * Expression: 
    +----------------------+----------+----+---+----+------------+------------+
    |     Variable Name    | Operation| DSP| FF| LUT| Bitwidth P0| Bitwidth P1|
    +----------------------+----------+----+---+----+------------+------------+
    |y_18_fu_136_p2        |         +|   0|  0|  19|          12|           1|
    |icmp_ln105_fu_131_p2  |      icmp|   0|  0|  19|          12|          12|
    |ap_block_state1       |        or|   0|  0|   2|           1|           1|
    +----------------------+----------+----+---+----+------------+------------+
    |Total                 |          |   0|  0|  40|          25|          14|
    +----------------------+----------+----+---+----+------------+------------+

    * Multiplexer: 
    +-----------------------------------+----+-----------+-----+-----------+
    |                Name               | LUT| Input Size| Bits| Total Bits|
    +-----------------------------------+----+-----------+-----+-----------+
    |HwReg_layerEnableFlag_4_val_blk_n  |   9|          2|    1|          2|
    |HwReg_layerHeight_4_val_blk_n      |   9|          2|    1|          2|
    |HwReg_layerHeight_4_val_c_blk_n    |   9|          2|    1|          2|
    |HwReg_layerWidth_4_val_blk_n       |   9|          2|    1|          2|
    |HwReg_layerWidth_4_val_c_blk_n     |   9|          2|    1|          2|
    |ap_NS_fsm                          |  20|          4|    1|          4|
    |ap_done                            |   9|          2|    1|          2|
    |y_fu_62                            |   9|          2|   12|         24|
    +-----------------------------------+----+-----------+-----+-----------+
    |Total                              |  83|         18|   19|         40|
    +-----------------------------------+----+-----------+-----+-----------+

    * Register: 
    +------------------------------------------------------------------------+----+----+-----+-----------+
    |                                  Name                                  | FF | LUT| Bits| Const Bits|
    +------------------------------------------------------------------------+----+----+-----+-----------+
    |ap_CS_fsm                                                               |   3|   0|    3|          0|
    |ap_done_reg                                                             |   1|   0|    1|          0|
    |grp_v_mix_upsample_false_Pipeline_VITIS_LOOP_107_2_fu_100_ap_start_reg  |   1|   0|    1|          0|
    |height_reg_151                                                          |  12|   0|   12|          0|
    |layerEnableFlag_reg_147                                                 |   1|   0|    1|          0|
    |trunc_ln_reg_163                                                        |  11|   0|   11|          0|
    |y_fu_62                                                                 |  12|   0|   12|          0|
    +------------------------------------------------------------------------+----+----+-----+-----------+
    |Total                                                                   |  41|   0|   41|          0|
    +------------------------------------------------------------------------+----+----+-----+-----------+



================================================================
== Interface
================================================================
* Summary: 
+--------------------------------------------+-----+-----+------------+-----------------------------+--------------+
|                  RTL Ports                 | Dir | Bits|  Protocol  |        Source Object        |    C Type    |
+--------------------------------------------+-----+-----+------------+-----------------------------+--------------+
|ap_clk                                      |   in|    1|  ap_ctrl_hs|        v_mix_upsample<false>|  return value|
|ap_rst                                      |   in|    1|  ap_ctrl_hs|        v_mix_upsample<false>|  return value|
|ap_start                                    |   in|    1|  ap_ctrl_hs|        v_mix_upsample<false>|  return value|
|ap_done                                     |  out|    1|  ap_ctrl_hs|        v_mix_upsample<false>|  return value|
|ap_continue                                 |   in|    1|  ap_ctrl_hs|        v_mix_upsample<false>|  return value|
|ap_idle                                     |  out|    1|  ap_ctrl_hs|        v_mix_upsample<false>|  return value|
|ap_ready                                    |  out|    1|  ap_ctrl_hs|        v_mix_upsample<false>|  return value|
|srcLayer4Rgb_dout                           |   in|   48|     ap_fifo|                 srcLayer4Rgb|       pointer|
|srcLayer4Rgb_empty_n                        |   in|    1|     ap_fifo|                 srcLayer4Rgb|       pointer|
|srcLayer4Rgb_read                           |  out|    1|     ap_fifo|                 srcLayer4Rgb|       pointer|
|srcLayer4Rgb_num_data_valid                 |   in|    3|     ap_fifo|                 srcLayer4Rgb|       pointer|
|srcLayer4Rgb_fifo_cap                       |   in|    3|     ap_fifo|                 srcLayer4Rgb|       pointer|
|HwReg_layerHeight_4_val_dout                |   in|   16|     ap_fifo|      HwReg_layerHeight_4_val|       pointer|
|HwReg_layerHeight_4_val_empty_n             |   in|    1|     ap_fifo|      HwReg_layerHeight_4_val|       pointer|
|HwReg_layerHeight_4_val_read                |  out|    1|     ap_fifo|      HwReg_layerHeight_4_val|       pointer|
|HwReg_layerHeight_4_val_num_data_valid      |   in|    3|     ap_fifo|      HwReg_layerHeight_4_val|       pointer|
|HwReg_layerHeight_4_val_fifo_cap            |   in|    3|     ap_fifo|      HwReg_layerHeight_4_val|       pointer|
|HwReg_layerWidth_4_val_dout                 |   in|   16|     ap_fifo|       HwReg_layerWidth_4_val|       pointer|
|HwReg_layerWidth_4_val_empty_n              |   in|    1|     ap_fifo|       HwReg_layerWidth_4_val|       pointer|
|HwReg_layerWidth_4_val_read                 |  out|    1|     ap_fifo|       HwReg_layerWidth_4_val|       pointer|
|HwReg_layerWidth_4_val_num_data_valid       |   in|    3|     ap_fifo|       HwReg_layerWidth_4_val|       pointer|
|HwReg_layerWidth_4_val_fifo_cap             |   in|    3|     ap_fifo|       HwReg_layerWidth_4_val|       pointer|
|HwReg_layerEnableFlag_4_val_dout            |   in|    1|     ap_fifo|  HwReg_layerEnableFlag_4_val|       pointer|
|HwReg_layerEnableFlag_4_val_empty_n         |   in|    1|     ap_fifo|  HwReg_layerEnableFlag_4_val|       pointer|
|HwReg_layerEnableFlag_4_val_read            |  out|    1|     ap_fifo|  HwReg_layerEnableFlag_4_val|       pointer|
|HwReg_layerEnableFlag_4_val_num_data_valid  |   in|    3|     ap_fifo|  HwReg_layerEnableFlag_4_val|       pointer|
|HwReg_layerEnableFlag_4_val_fifo_cap        |   in|    3|     ap_fifo|  HwReg_layerEnableFlag_4_val|       pointer|
|srcLayer4x_din                              |  out|   48|     ap_fifo|                   srcLayer4x|       pointer|
|srcLayer4x_full_n                           |   in|    1|     ap_fifo|                   srcLayer4x|       pointer|
|srcLayer4x_write                            |  out|    1|     ap_fifo|                   srcLayer4x|       pointer|
|srcLayer4x_num_data_valid                   |   in|   32|     ap_fifo|                   srcLayer4x|       pointer|
|srcLayer4x_fifo_cap                         |   in|   32|     ap_fifo|                   srcLayer4x|       pointer|
|HwReg_layerWidth_4_val_c_din                |  out|   16|     ap_fifo|     HwReg_layerWidth_4_val_c|       pointer|
|HwReg_layerWidth_4_val_c_full_n             |   in|    1|     ap_fifo|     HwReg_layerWidth_4_val_c|       pointer|
|HwReg_layerWidth_4_val_c_write              |  out|    1|     ap_fifo|     HwReg_layerWidth_4_val_c|       pointer|
|HwReg_layerWidth_4_val_c_num_data_valid     |   in|    4|     ap_fifo|     HwReg_layerWidth_4_val_c|       pointer|
|HwReg_layerWidth_4_val_c_fifo_cap           |   in|    4|     ap_fifo|     HwReg_layerWidth_4_val_c|       pointer|
|HwReg_layerHeight_4_val_c_din               |  out|   16|     ap_fifo|    HwReg_layerHeight_4_val_c|       pointer|
|HwReg_layerHeight_4_val_c_full_n            |   in|    1|     ap_fifo|    HwReg_layerHeight_4_val_c|       pointer|
|HwReg_layerHeight_4_val_c_write             |  out|    1|     ap_fifo|    HwReg_layerHeight_4_val_c|       pointer|
|HwReg_layerHeight_4_val_c_num_data_valid    |   in|    4|     ap_fifo|    HwReg_layerHeight_4_val_c|       pointer|
|HwReg_layerHeight_4_val_c_fifo_cap          |   in|    4|     ap_fifo|    HwReg_layerHeight_4_val_c|       pointer|
+--------------------------------------------+-----+-----+------------+-----------------------------+--------------+

============================================================
+ Verbose Summary: Synthesis Manager
============================================================
InlineROM: 1
ExposeGlobal: 0
============================================================
+ Verbose Summary: CDFG Model
============================================================
IsTopModel: 0
ResetActiveHigh: 1
IsCombinational: 2
IsDatapathOnly: 0
HasWiredReturn: 1
HasMFsm: 0
HasVarLatency: 1
IsPipeline: 0
IsRtlPipelined: 0
IsInstanceOverlapped: 0
IsDontTouch: 0
HasImplIP: 0
IsGatedGlobalClock: 0


============================================================
+ Verbose Summary: Schedule
============================================================
* Number of FSM states : 3
* Pipeline : 0
* Dataflow Pipeline: 0

* FSM state transitions: 
1 --> 2 
2 --> 3 
3 --> 2 

* FSM state operations: 

State 1 <SV = 0> <Delay = 3.69>
ST_1 : Operation 4 [1/1] (0.00ns)   --->   "%specinterface_ln0 = specinterface void @_ssdm_op_SpecInterface, i16 %HwReg_layerHeight_4_val, void @ap_fifo_str, i32 0, i32 0, void @p_str, i32 0, i32 0, void @p_str, void @p_str, void @p_str, i32 2, i32 2, i32 16, i32 16, void @p_str, void @ScalarProp_str, i32 4294967295, i32 0, i32 0"   --->   Operation 4 'specinterface' 'specinterface_ln0' <Predicate = true> <Delay = 0.00>
ST_1 : Operation 5 [1/1] ( I:1.83ns O:1.83ns )   --->   "%HwReg_layerHeight_4_val_read = read i16 @_ssdm_op_Read.ap_fifo.i16P0A, i16 %HwReg_layerHeight_4_val"   --->   Operation 5 'read' 'HwReg_layerHeight_4_val_read' <Predicate = true> <Delay = 1.83> <CoreInst = "FIFO_SRL">   --->   Core 80 'FIFO_SRL' <Latency = 0> <II = 1> <Delay = 1.83> <Storage> <Opcode : 'read' 'write' 'nbread' 'nbwrite'> <Ports = 0> <Width = 16> <Depth = 2> <FIFO>
ST_1 : Operation 6 [1/1] (0.00ns)   --->   "%specinterface_ln0 = specinterface void @_ssdm_op_SpecInterface, i16 %HwReg_layerHeight_4_val_c, void @ap_fifo_str, i32 0, i32 0, void @p_str, i32 0, i32 0, void @p_str, void @p_str, void @p_str, i32 2, i32 2, i32 16, i32 16, void @p_str, void @ScalarProp_str, i32 4294967295, i32 0, i32 0"   --->   Operation 6 'specinterface' 'specinterface_ln0' <Predicate = true> <Delay = 0.00>
ST_1 : Operation 7 [1/1] ( I:1.86ns O:1.86ns )   --->   "%write_ln0 = write void @_ssdm_op_Write.ap_fifo.i16P0A, i16 %HwReg_layerHeight_4_val_c, i16 %HwReg_layerHeight_4_val_read"   --->   Operation 7 'write' 'write_ln0' <Predicate = true> <Delay = 1.86> <CoreInst = "FIFO_SRL">   --->   Core 80 'FIFO_SRL' <Latency = 0> <II = 1> <Delay = 1.86> <Storage> <Opcode : 'read' 'write' 'nbread' 'nbwrite'> <Ports = 0> <Width = 16> <Depth = 5> <FIFO>
ST_1 : Operation 8 [1/1] (0.00ns)   --->   "%specinterface_ln0 = specinterface void @_ssdm_op_SpecInterface, i16 %HwReg_layerWidth_4_val, void @ap_fifo_str, i32 0, i32 0, void @p_str, i32 0, i32 0, void @p_str, void @p_str, void @p_str, i32 2, i32 2, i32 16, i32 16, void @p_str, void @ScalarProp_str, i32 4294967295, i32 0, i32 0"   --->   Operation 8 'specinterface' 'specinterface_ln0' <Predicate = true> <Delay = 0.00>
ST_1 : Operation 9 [1/1] ( I:1.83ns O:1.83ns )   --->   "%HwReg_layerWidth_4_val_read = read i16 @_ssdm_op_Read.ap_fifo.i16P0A, i16 %HwReg_layerWidth_4_val"   --->   Operation 9 'read' 'HwReg_layerWidth_4_val_read' <Predicate = true> <Delay = 1.83> <CoreInst = "FIFO_SRL">   --->   Core 80 'FIFO_SRL' <Latency = 0> <II = 1> <Delay = 1.83> <Storage> <Opcode : 'read' 'write' 'nbread' 'nbwrite'> <Ports = 0> <Width = 16> <Depth = 2> <FIFO>
ST_1 : Operation 10 [1/1] (0.00ns)   --->   "%specinterface_ln0 = specinterface void @_ssdm_op_SpecInterface, i16 %HwReg_layerWidth_4_val_c, void @ap_fifo_str, i32 0, i32 0, void @p_str, i32 0, i32 0, void @p_str, void @p_str, void @p_str, i32 2, i32 2, i32 16, i32 16, void @p_str, void @ScalarProp_str, i32 4294967295, i32 0, i32 0"   --->   Operation 10 'specinterface' 'specinterface_ln0' <Predicate = true> <Delay = 0.00>
ST_1 : Operation 11 [1/1] ( I:1.86ns O:1.86ns )   --->   "%write_ln0 = write void @_ssdm_op_Write.ap_fifo.i16P0A, i16 %HwReg_layerWidth_4_val_c, i16 %HwReg_layerWidth_4_val_read"   --->   Operation 11 'write' 'write_ln0' <Predicate = true> <Delay = 1.86> <CoreInst = "FIFO_SRL">   --->   Core 80 'FIFO_SRL' <Latency = 0> <II = 1> <Delay = 1.86> <Storage> <Opcode : 'read' 'write' 'nbread' 'nbwrite'> <Ports = 0> <Width = 16> <Depth = 5> <FIFO>
ST_1 : Operation 12 [1/1] (0.00ns)   --->   "%specinterface_ln0 = specinterface void @_ssdm_op_SpecInterface, i1 %HwReg_layerEnableFlag_4_val, void @ap_fifo_str, i32 0, i32 0, void @p_str, i32 0, i32 0, void @p_str, void @p_str, void @p_str, i32 2, i32 2, i32 16, i32 16, void @p_str, void @ScalarProp_str, i32 4294967295, i32 0, i32 0"   --->   Operation 12 'specinterface' 'specinterface_ln0' <Predicate = true> <Delay = 0.00>
ST_1 : Operation 13 [1/1] ( I:1.83ns O:1.83ns )   --->   "%layerEnableFlag = read i1 @_ssdm_op_Read.ap_fifo.i1P0A, i1 %HwReg_layerEnableFlag_4_val" [/home/izaan/GitRepos/dpdma_exdes/vivado_quad_vmix/kv260_quad_vmix_dp.runs/bd_quad_vmix_dp_v_mix_0_0_synth_1/prj/sol/.autopilot/db/v_mix.cpp:93->/home/izaan/GitRepos/dpdma_exdes/vivado_quad_vmix/kv260_quad_vmix_dp.runs/bd_quad_vmix_dp_v_mix_0_0_synth_1/prj/sol/.autopilot/db/v_mix.cpp:918]   --->   Operation 13 'read' 'layerEnableFlag' <Predicate = true> <Delay = 1.83> <CoreInst = "FIFO_SRL">   --->   Core 80 'FIFO_SRL' <Latency = 0> <II = 1> <Delay = 1.83> <Storage> <Opcode : 'read' 'write' 'nbread' 'nbwrite'> <Ports = 0> <Width = 1> <Depth = 2> <FIFO>
ST_1 : Operation 14 [1/1] (0.00ns)   --->   "%height = trunc i16 %HwReg_layerHeight_4_val_read"   --->   Operation 14 'trunc' 'height' <Predicate = true> <Delay = 0.00>
ST_1 : Operation 15 [1/1] (0.00ns)   --->   "%specinterface_ln0 = specinterface void @_ssdm_op_SpecInterface, i48 %srcLayer4Rgb, void @empty_17, i32 0, i32 0, void @empty_54, i32 0, i32 0, void @empty_54, void @empty_54, void @empty_54, i32 0, i32 0, i32 0, i32 0, void @empty_54, void @empty_54, i32 4294967295, i32 0, i32 0"   --->   Operation 15 'specinterface' 'specinterface_ln0' <Predicate = true> <Delay = 0.00>
ST_1 : Operation 16 [1/1] (0.00ns)   --->   "%specinterface_ln0 = specinterface void @_ssdm_op_SpecInterface, i48 %srcLayer4x, void @empty_17, i32 0, i32 0, void @empty_54, i32 0, i32 0, void @empty_54, void @empty_54, void @empty_54, i32 0, i32 0, i32 0, i32 0, void @empty_54, void @empty_54, i32 4294967295, i32 0, i32 0"   --->   Operation 16 'specinterface' 'specinterface_ln0' <Predicate = true> <Delay = 0.00>
ST_1 : Operation 17 [1/1] (0.00ns)   --->   "%br_ln103 = br i1 %layerEnableFlag, void %v_mix_upsample<false>.exit, void %VITIS_LOOP_105_1.i" [/home/izaan/GitRepos/dpdma_exdes/vivado_quad_vmix/kv260_quad_vmix_dp.runs/bd_quad_vmix_dp_v_mix_0_0_synth_1/prj/sol/.autopilot/db/v_mix.cpp:103->/home/izaan/GitRepos/dpdma_exdes/vivado_quad_vmix/kv260_quad_vmix_dp.runs/bd_quad_vmix_dp_v_mix_0_0_synth_1/prj/sol/.autopilot/db/v_mix.cpp:918]   --->   Operation 17 'br' 'br_ln103' <Predicate = true> <Delay = 0.00>
ST_1 : Operation 18 [1/1] (0.00ns)   --->   "%y = alloca i32 1" [/home/izaan/GitRepos/dpdma_exdes/vivado_quad_vmix/kv260_quad_vmix_dp.runs/bd_quad_vmix_dp_v_mix_0_0_synth_1/prj/sol/.autopilot/db/v_mix.cpp:97->/home/izaan/GitRepos/dpdma_exdes/vivado_quad_vmix/kv260_quad_vmix_dp.runs/bd_quad_vmix_dp_v_mix_0_0_synth_1/prj/sol/.autopilot/db/v_mix.cpp:918]   --->   Operation 18 'alloca' 'y' <Predicate = (layerEnableFlag)> <Delay = 0.00>
ST_1 : Operation 19 [1/1] (0.00ns)   --->   "%trunc_ln = partselect i11 @_ssdm_op_PartSelect.i11.i16.i32.i32, i16 %HwReg_layerWidth_4_val_read, i32 1, i32 11" [/home/izaan/GitRepos/dpdma_exdes/vivado_quad_vmix/kv260_quad_vmix_dp.runs/bd_quad_vmix_dp_v_mix_0_0_synth_1/prj/sol/.autopilot/db/v_mix.cpp:105->/home/izaan/GitRepos/dpdma_exdes/vivado_quad_vmix/kv260_quad_vmix_dp.runs/bd_quad_vmix_dp_v_mix_0_0_synth_1/prj/sol/.autopilot/db/v_mix.cpp:918]   --->   Operation 19 'partselect' 'trunc_ln' <Predicate = (layerEnableFlag)> <Delay = 0.00>
ST_1 : Operation 20 [1/1] (0.42ns)   --->   "%store_ln97 = store i12 0, i12 %y" [/home/izaan/GitRepos/dpdma_exdes/vivado_quad_vmix/kv260_quad_vmix_dp.runs/bd_quad_vmix_dp_v_mix_0_0_synth_1/prj/sol/.autopilot/db/v_mix.cpp:97->/home/izaan/GitRepos/dpdma_exdes/vivado_quad_vmix/kv260_quad_vmix_dp.runs/bd_quad_vmix_dp_v_mix_0_0_synth_1/prj/sol/.autopilot/db/v_mix.cpp:918]   --->   Operation 20 'store' 'store_ln97' <Predicate = (layerEnableFlag)> <Delay = 0.42>
ST_1 : Operation 21 [1/1] (0.00ns)   --->   "%br_ln105 = br void %VITIS_LOOP_107_2.i" [/home/izaan/GitRepos/dpdma_exdes/vivado_quad_vmix/kv260_quad_vmix_dp.runs/bd_quad_vmix_dp_v_mix_0_0_synth_1/prj/sol/.autopilot/db/v_mix.cpp:105->/home/izaan/GitRepos/dpdma_exdes/vivado_quad_vmix/kv260_quad_vmix_dp.runs/bd_quad_vmix_dp_v_mix_0_0_synth_1/prj/sol/.autopilot/db/v_mix.cpp:918]   --->   Operation 21 'br' 'br_ln105' <Predicate = (layerEnableFlag)> <Delay = 0.00>

State 2 <SV = 1> <Delay = 2.03>
ST_2 : Operation 22 [1/1] (0.00ns)   --->   "%y_17 = load i12 %y" [/home/izaan/GitRepos/dpdma_exdes/vivado_quad_vmix/kv260_quad_vmix_dp.runs/bd_quad_vmix_dp_v_mix_0_0_synth_1/prj/sol/.autopilot/db/v_mix.cpp:105->/home/izaan/GitRepos/dpdma_exdes/vivado_quad_vmix/kv260_quad_vmix_dp.runs/bd_quad_vmix_dp_v_mix_0_0_synth_1/prj/sol/.autopilot/db/v_mix.cpp:918]   --->   Operation 22 'load' 'y_17' <Predicate = (layerEnableFlag)> <Delay = 0.00>
ST_2 : Operation 23 [1/1] (0.80ns)   --->   "%icmp_ln105 = icmp_eq  i12 %y_17, i12 %height" [/home/izaan/GitRepos/dpdma_exdes/vivado_quad_vmix/kv260_quad_vmix_dp.runs/bd_quad_vmix_dp_v_mix_0_0_synth_1/prj/sol/.autopilot/db/v_mix.cpp:105->/home/izaan/GitRepos/dpdma_exdes/vivado_quad_vmix/kv260_quad_vmix_dp.runs/bd_quad_vmix_dp_v_mix_0_0_synth_1/prj/sol/.autopilot/db/v_mix.cpp:918]   --->   Operation 23 'icmp' 'icmp_ln105' <Predicate = (layerEnableFlag)> <Delay = 0.80> <CoreInst = "Cmp">   --->   Core 9 'Cmp' <Latency = 0> <II = 1> <Delay = 0.80> <FuncUnit> <Opcode : 'seteq' 'setne' 'setle' 'setge' 'setlt' 'setgt'> <InPorts = 2> <OutPorts = 1>
ST_2 : Operation 24 [1/1] (0.00ns)   --->   "%speclooptripcount_ln0 = speclooptripcount void @_ssdm_op_SpecLoopTripCount, i64 0, i64 2160, i64 0"   --->   Operation 24 'speclooptripcount' 'speclooptripcount_ln0' <Predicate = (layerEnableFlag)> <Delay = 0.00>
ST_2 : Operation 25 [1/1] (0.80ns)   --->   "%y_18 = add i12 %y_17, i12 1" [/home/izaan/GitRepos/dpdma_exdes/vivado_quad_vmix/kv260_quad_vmix_dp.runs/bd_quad_vmix_dp_v_mix_0_0_synth_1/prj/sol/.autopilot/db/v_mix.cpp:105->/home/izaan/GitRepos/dpdma_exdes/vivado_quad_vmix/kv260_quad_vmix_dp.runs/bd_quad_vmix_dp_v_mix_0_0_synth_1/prj/sol/.autopilot/db/v_mix.cpp:918]   --->   Operation 25 'add' 'y_18' <Predicate = (layerEnableFlag)> <Delay = 0.80> <CoreInst = "Adder">   --->   Core 1 'Adder' <Latency = 0> <II = 1> <Delay = 0.80> <FuncUnit> <Opcode : 'add' 'sub'> <InPorts = 2> <OutPorts = 1>
ST_2 : Operation 26 [1/1] (0.00ns)   --->   "%br_ln105 = br i1 %icmp_ln105, void %VITIS_LOOP_107_2.split.i, void %v_mix_upsample<false>.exit.loopexit" [/home/izaan/GitRepos/dpdma_exdes/vivado_quad_vmix/kv260_quad_vmix_dp.runs/bd_quad_vmix_dp_v_mix_0_0_synth_1/prj/sol/.autopilot/db/v_mix.cpp:105->/home/izaan/GitRepos/dpdma_exdes/vivado_quad_vmix/kv260_quad_vmix_dp.runs/bd_quad_vmix_dp_v_mix_0_0_synth_1/prj/sol/.autopilot/db/v_mix.cpp:918]   --->   Operation 26 'br' 'br_ln105' <Predicate = (layerEnableFlag)> <Delay = 0.00>
ST_2 : Operation 27 [2/2] (1.22ns)   --->   "%call_ln105 = call void @v_mix_upsample<false>_Pipeline_VITIS_LOOP_107_2, i11 %trunc_ln, i48 %srcLayer4Rgb, i48 %srcLayer4x" [/home/izaan/GitRepos/dpdma_exdes/vivado_quad_vmix/kv260_quad_vmix_dp.runs/bd_quad_vmix_dp_v_mix_0_0_synth_1/prj/sol/.autopilot/db/v_mix.cpp:105->/home/izaan/GitRepos/dpdma_exdes/vivado_quad_vmix/kv260_quad_vmix_dp.runs/bd_quad_vmix_dp_v_mix_0_0_synth_1/prj/sol/.autopilot/db/v_mix.cpp:918]   --->   Operation 27 'call' 'call_ln105' <Predicate = (layerEnableFlag & !icmp_ln105)> <Delay = 1.22> <CoreType = "Generic">   --->   Generic Core
ST_2 : Operation 28 [1/1] (0.42ns)   --->   "%store_ln97 = store i12 %y_18, i12 %y" [/home/izaan/GitRepos/dpdma_exdes/vivado_quad_vmix/kv260_quad_vmix_dp.runs/bd_quad_vmix_dp_v_mix_0_0_synth_1/prj/sol/.autopilot/db/v_mix.cpp:97->/home/izaan/GitRepos/dpdma_exdes/vivado_quad_vmix/kv260_quad_vmix_dp.runs/bd_quad_vmix_dp_v_mix_0_0_synth_1/prj/sol/.autopilot/db/v_mix.cpp:918]   --->   Operation 28 'store' 'store_ln97' <Predicate = (layerEnableFlag & !icmp_ln105)> <Delay = 0.42>
ST_2 : Operation 29 [1/1] (0.00ns)   --->   "%br_ln0 = br void %v_mix_upsample<false>.exit"   --->   Operation 29 'br' 'br_ln0' <Predicate = (layerEnableFlag & icmp_ln105)> <Delay = 0.00>
ST_2 : Operation 30 [1/1] (0.00ns)   --->   "%ret_ln918 = ret" [/home/izaan/GitRepos/dpdma_exdes/vivado_quad_vmix/kv260_quad_vmix_dp.runs/bd_quad_vmix_dp_v_mix_0_0_synth_1/prj/sol/.autopilot/db/v_mix.cpp:918]   --->   Operation 30 'ret' 'ret_ln918' <Predicate = (icmp_ln105) | (!layerEnableFlag)> <Delay = 0.00>

State 3 <SV = 2> <Delay = 1.65>
ST_3 : Operation 31 [1/1] (0.00ns)   --->   "%specloopname_ln105 = specloopname void @_ssdm_op_SpecLoopName, void @empty_33" [/home/izaan/GitRepos/dpdma_exdes/vivado_quad_vmix/kv260_quad_vmix_dp.runs/bd_quad_vmix_dp_v_mix_0_0_synth_1/prj/sol/.autopilot/db/v_mix.cpp:105->/home/izaan/GitRepos/dpdma_exdes/vivado_quad_vmix/kv260_quad_vmix_dp.runs/bd_quad_vmix_dp_v_mix_0_0_synth_1/prj/sol/.autopilot/db/v_mix.cpp:918]   --->   Operation 31 'specloopname' 'specloopname_ln105' <Predicate = true> <Delay = 0.00>
ST_3 : Operation 32 [1/2] (1.65ns)   --->   "%call_ln105 = call void @v_mix_upsample<false>_Pipeline_VITIS_LOOP_107_2, i11 %trunc_ln, i48 %srcLayer4Rgb, i48 %srcLayer4x" [/home/izaan/GitRepos/dpdma_exdes/vivado_quad_vmix/kv260_quad_vmix_dp.runs/bd_quad_vmix_dp_v_mix_0_0_synth_1/prj/sol/.autopilot/db/v_mix.cpp:105->/home/izaan/GitRepos/dpdma_exdes/vivado_quad_vmix/kv260_quad_vmix_dp.runs/bd_quad_vmix_dp_v_mix_0_0_synth_1/prj/sol/.autopilot/db/v_mix.cpp:918]   --->   Operation 32 'call' 'call_ln105' <Predicate = true> <Delay = 1.65> <CoreType = "Generic">   --->   Generic Core
ST_3 : Operation 33 [1/1] (0.00ns)   --->   "%br_ln105 = br void %VITIS_LOOP_107_2.i" [/home/izaan/GitRepos/dpdma_exdes/vivado_quad_vmix/kv260_quad_vmix_dp.runs/bd_quad_vmix_dp_v_mix_0_0_synth_1/prj/sol/.autopilot/db/v_mix.cpp:105->/home/izaan/GitRepos/dpdma_exdes/vivado_quad_vmix/kv260_quad_vmix_dp.runs/bd_quad_vmix_dp_v_mix_0_0_synth_1/prj/sol/.autopilot/db/v_mix.cpp:918]   --->   Operation 33 'br' 'br_ln105' <Predicate = true> <Delay = 0.00>


============================================================
+ Verbose Summary: Binding
============================================================
STG Binding: 
---------------- STG Properties BEGIN ----------------
- Is combinational: 0
- Is one-state seq: 0
- Is datapath-only: 0
- Is pipelined: 0
- Is top level: 0
Port [ Return ] is wired: 1; IO mode=ap_ctrl_hs:ce=0
Port [ srcLayer4Rgb]:  wired=1; compound=1; hidden=0; nouse=0; global=0; static=0; extern=0; dir=0; type=3; pingpong=0; private_global=0; IO mode=ap_fifo:ce=0
Port [ HwReg_layerHeight_4_val]:  wired=1; compound=1; hidden=0; nouse=0; global=0; static=0; extern=0; dir=0; type=3; pingpong=0; private_global=0; IO mode=ap_fifo:ce=0
Port [ HwReg_layerWidth_4_val]:  wired=1; compound=1; hidden=0; nouse=0; global=0; static=0; extern=0; dir=0; type=3; pingpong=0; private_global=0; IO mode=ap_fifo:ce=0
Port [ HwReg_layerEnableFlag_4_val]:  wired=1; compound=1; hidden=0; nouse=0; global=0; static=0; extern=0; dir=0; type=3; pingpong=0; private_global=0; IO mode=ap_fifo:ce=0
Port [ srcLayer4x]:  wired=1; compound=1; hidden=0; nouse=0; global=0; static=0; extern=0; dir=1; type=3; pingpong=0; private_global=0; IO mode=ap_fifo:ce=0
Port [ HwReg_layerWidth_4_val_c]:  wired=1; compound=1; hidden=0; nouse=0; global=0; static=0; extern=0; dir=1; type=3; pingpong=0; private_global=0; IO mode=ap_fifo:ce=0
Port [ HwReg_layerHeight_4_val_c]:  wired=1; compound=1; hidden=0; nouse=0; global=0; static=0; extern=0; dir=1; type=3; pingpong=0; private_global=0; IO mode=ap_fifo:ce=0
---------------- STG Properties END ------------------

---------------- Datapath Model BEGIN ----------------

<LifeTime>
<method=bitvector/>
specinterface_ln0            (specinterface    ) [ 0000]
HwReg_layerHeight_4_val_read (read             ) [ 0000]
specinterface_ln0            (specinterface    ) [ 0000]
write_ln0                    (write            ) [ 0000]
specinterface_ln0            (specinterface    ) [ 0000]
HwReg_layerWidth_4_val_read  (read             ) [ 0000]
specinterface_ln0            (specinterface    ) [ 0000]
write_ln0                    (write            ) [ 0000]
specinterface_ln0            (specinterface    ) [ 0000]
layerEnableFlag              (read             ) [ 0111]
height                       (trunc            ) [ 0011]
specinterface_ln0            (specinterface    ) [ 0000]
specinterface_ln0            (specinterface    ) [ 0000]
br_ln103                     (br               ) [ 0000]
y                            (alloca           ) [ 0111]
trunc_ln                     (partselect       ) [ 0011]
store_ln97                   (store            ) [ 0000]
br_ln105                     (br               ) [ 0000]
y_17                         (load             ) [ 0000]
icmp_ln105                   (icmp             ) [ 0011]
speclooptripcount_ln0        (speclooptripcount) [ 0000]
y_18                         (add              ) [ 0000]
br_ln105                     (br               ) [ 0000]
store_ln97                   (store            ) [ 0000]
br_ln0                       (br               ) [ 0000]
ret_ln918                    (ret              ) [ 0000]
specloopname_ln105           (specloopname     ) [ 0000]
call_ln105                   (call             ) [ 0000]
br_ln105                     (br               ) [ 0000]
</LifeTime>

<model>

<comp_list>
<comp id="0" class="1000" name="srcLayer4Rgb">
<pin_list>
<pin id="1" dir="1" index="0" bw="1" slack="0"/>
</pin_list>
<bind>
<StgValue><ssdm name="srcLayer4Rgb"/></StgValue>
</bind>
</comp>

<comp id="2" class="1000" name="HwReg_layerHeight_4_val">
<pin_list>
<pin id="3" dir="1" index="0" bw="1" slack="0"/>
</pin_list>
<bind>
<StgValue><ssdm name="HwReg_layerHeight_4_val"/></StgValue>
</bind>
</comp>

<comp id="4" class="1000" name="HwReg_layerWidth_4_val">
<pin_list>
<pin id="5" dir="1" index="0" bw="1" slack="0"/>
</pin_list>
<bind>
<StgValue><ssdm name="HwReg_layerWidth_4_val"/></StgValue>
</bind>
</comp>

<comp id="6" class="1000" name="HwReg_layerEnableFlag_4_val">
<pin_list>
<pin id="7" dir="1" index="0" bw="1" slack="0"/>
</pin_list>
<bind>
<StgValue><ssdm name="HwReg_layerEnableFlag_4_val"/></StgValue>
</bind>
</comp>

<comp id="8" class="1000" name="srcLayer4x">
<pin_list>
<pin id="9" dir="1" index="0" bw="1" slack="0"/>
</pin_list>
<bind>
<StgValue><ssdm name="srcLayer4x"/></StgValue>
</bind>
</comp>

<comp id="10" class="1000" name="HwReg_layerWidth_4_val_c">
<pin_list>
<pin id="11" dir="1" index="0" bw="1" slack="0"/>
</pin_list>
<bind>
<StgValue><ssdm name="HwReg_layerWidth_4_val_c"/></StgValue>
</bind>
</comp>

<comp id="12" class="1000" name="HwReg_layerHeight_4_val_c">
<pin_list>
<pin id="13" dir="1" index="0" bw="1" slack="0"/>
</pin_list>
<bind>
<StgValue><ssdm name="HwReg_layerHeight_4_val_c"/></StgValue>
</bind>
</comp>

<comp id="14" class="1001" name="const_14">
<pin_list>
<pin id="15" dir="1" index="0" bw="1" slack="2147483647"/>
</pin_list>
<bind>
<StgValue><ssdm name="_ssdm_op_SpecInterface"/></StgValue>
</bind>
</comp>

<comp id="16" class="1001" name="const_16">
<pin_list>
<pin id="17" dir="1" index="0" bw="1" slack="2147483647"/>
</pin_list>
<bind>
<StgValue><ssdm name="ap_fifo_str"/></StgValue>
</bind>
</comp>

<comp id="18" class="1001" name="const_18">
<pin_list>
<pin id="19" dir="1" index="0" bw="1" slack="2147483647"/>
</pin_list>
<bind>
<StgValue><ssdm name=""/></StgValue>
</bind>
</comp>

<comp id="20" class="1001" name="const_20">
<pin_list>
<pin id="21" dir="1" index="0" bw="1" slack="2147483647"/>
</pin_list>
<bind>
<StgValue><ssdm name="p_str"/></StgValue>
</bind>
</comp>

<comp id="22" class="1001" name="const_22">
<pin_list>
<pin id="23" dir="1" index="0" bw="1" slack="2147483647"/>
</pin_list>
<bind>
<StgValue><ssdm name=""/></StgValue>
</bind>
</comp>

<comp id="24" class="1001" name="const_24">
<pin_list>
<pin id="25" dir="1" index="0" bw="1" slack="2147483647"/>
</pin_list>
<bind>
<StgValue><ssdm name=""/></StgValue>
</bind>
</comp>

<comp id="26" class="1001" name="const_26">
<pin_list>
<pin id="27" dir="1" index="0" bw="1" slack="2147483647"/>
</pin_list>
<bind>
<StgValue><ssdm name="ScalarProp_str"/></StgValue>
</bind>
</comp>

<comp id="28" class="1001" name="const_28">
<pin_list>
<pin id="29" dir="1" index="0" bw="1" slack="2147483647"/>
</pin_list>
<bind>
<StgValue><ssdm name=""/></StgValue>
</bind>
</comp>

<comp id="30" class="1001" name="const_30">
<pin_list>
<pin id="31" dir="1" index="0" bw="1" slack="0"/>
</pin_list>
<bind>
<StgValue><ssdm name="_ssdm_op_Read.ap_fifo.i16P0A"/></StgValue>
</bind>
</comp>

<comp id="32" class="1001" name="const_32">
<pin_list>
<pin id="33" dir="1" index="0" bw="1" slack="0"/>
</pin_list>
<bind>
<StgValue><ssdm name="_ssdm_op_Write.ap_fifo.i16P0A"/></StgValue>
</bind>
</comp>

<comp id="34" class="1001" name="const_34">
<pin_list>
<pin id="35" dir="1" index="0" bw="1" slack="0"/>
</pin_list>
<bind>
<StgValue><ssdm name="_ssdm_op_Read.ap_fifo.i1P0A"/></StgValue>
</bind>
</comp>

<comp id="36" class="1001" name="const_36">
<pin_list>
<pin id="37" dir="1" index="0" bw="1" slack="2147483647"/>
</pin_list>
<bind>
<StgValue><ssdm name="empty_17"/></StgValue>
</bind>
</comp>

<comp id="38" class="1001" name="const_38">
<pin_list>
<pin id="39" dir="1" index="0" bw="1" slack="2147483647"/>
</pin_list>
<bind>
<StgValue><ssdm name="empty_54"/></StgValue>
</bind>
</comp>

<comp id="40" class="1001" name="const_40">
<pin_list>
<pin id="41" dir="1" index="0" bw="1" slack="0"/>
</pin_list>
<bind>
<StgValue><ssdm name=""/></StgValue>
</bind>
</comp>

<comp id="42" class="1001" name="const_42">
<pin_list>
<pin id="43" dir="1" index="0" bw="1" slack="0"/>
</pin_list>
<bind>
<StgValue><ssdm name="_ssdm_op_PartSelect.i11.i16.i32.i32"/></StgValue>
</bind>
</comp>

<comp id="44" class="1001" name="const_44">
<pin_list>
<pin id="45" dir="1" index="0" bw="1" slack="0"/>
</pin_list>
<bind>
<StgValue><ssdm name=""/></StgValue>
</bind>
</comp>

<comp id="46" class="1001" name="const_46">
<pin_list>
<pin id="47" dir="1" index="0" bw="1" slack="0"/>
</pin_list>
<bind>
<StgValue><ssdm name=""/></StgValue>
</bind>
</comp>

<comp id="48" class="1001" name="const_48">
<pin_list>
<pin id="49" dir="1" index="0" bw="1" slack="2147483647"/>
</pin_list>
<bind>
<StgValue><ssdm name="_ssdm_op_SpecLoopTripCount"/></StgValue>
</bind>
</comp>

<comp id="50" class="1001" name="const_50">
<pin_list>
<pin id="51" dir="1" index="0" bw="1" slack="2147483647"/>
</pin_list>
<bind>
<StgValue><ssdm name=""/></StgValue>
</bind>
</comp>

<comp id="52" class="1001" name="const_52">
<pin_list>
<pin id="53" dir="1" index="0" bw="1" slack="2147483647"/>
</pin_list>
<bind>
<StgValue><ssdm name=""/></StgValue>
</bind>
</comp>

<comp id="54" class="1001" name="const_54">
<pin_list>
<pin id="55" dir="1" index="0" bw="1" slack="0"/>
</pin_list>
<bind>
<StgValue><ssdm name=""/></StgValue>
</bind>
</comp>

<comp id="56" class="1001" name="const_56">
<pin_list>
<pin id="57" dir="1" index="0" bw="1" slack="0"/>
</pin_list>
<bind>
<StgValue><ssdm name="v_mix_upsample<false>_Pipeline_VITIS_LOOP_107_2"/></StgValue>
</bind>
</comp>

<comp id="58" class="1001" name="const_58">
<pin_list>
<pin id="59" dir="1" index="0" bw="1" slack="2147483647"/>
</pin_list>
<bind>
<StgValue><ssdm name="_ssdm_op_SpecLoopName"/></StgValue>
</bind>
</comp>

<comp id="60" class="1001" name="const_60">
<pin_list>
<pin id="61" dir="1" index="0" bw="1" slack="2147483647"/>
</pin_list>
<bind>
<StgValue><ssdm name="empty_33"/></StgValue>
</bind>
</comp>

<comp id="62" class="1004" name="y_fu_62">
<pin_list>
<pin id="63" dir="0" index="0" bw="1" slack="0"/>
<pin id="64" dir="1" index="1" bw="12" slack="0"/>
</pin_list>
<bind>
<opcode="alloca(26) " fcode="alloca"/>
<opset="y/1 "/>
</bind>
</comp>

<comp id="66" class="1004" name="HwReg_layerHeight_4_val_read_read_fu_66">
<pin_list>
<pin id="67" dir="0" index="0" bw="16" slack="0"/>
<pin id="68" dir="0" index="1" bw="16" slack="0"/>
<pin id="69" dir="1" index="2" bw="16" slack="0"/>
</pin_list>
<bind>
<opcode="read(1150) " fcode="read"/>
<opset="HwReg_layerHeight_4_val_read/1 "/>
</bind>
</comp>

<comp id="72" class="1004" name="write_ln0_write_fu_72">
<pin_list>
<pin id="73" dir="0" index="0" bw="0" slack="0"/>
<pin id="74" dir="0" index="1" bw="16" slack="0"/>
<pin id="75" dir="0" index="2" bw="16" slack="0"/>
<pin id="76" dir="1" index="3" bw="0" slack="2147483647"/>
</pin_list>
<bind>
<opcode="write(1151) " fcode="write"/>
<opset="write_ln0/1 "/>
</bind>
</comp>

<comp id="80" class="1004" name="HwReg_layerWidth_4_val_read_read_fu_80">
<pin_list>
<pin id="81" dir="0" index="0" bw="16" slack="0"/>
<pin id="82" dir="0" index="1" bw="16" slack="0"/>
<pin id="83" dir="1" index="2" bw="16" slack="0"/>
</pin_list>
<bind>
<opcode="read(1150) " fcode="read"/>
<opset="HwReg_layerWidth_4_val_read/1 "/>
</bind>
</comp>

<comp id="86" class="1004" name="write_ln0_write_fu_86">
<pin_list>
<pin id="87" dir="0" index="0" bw="0" slack="0"/>
<pin id="88" dir="0" index="1" bw="16" slack="0"/>
<pin id="89" dir="0" index="2" bw="16" slack="0"/>
<pin id="90" dir="1" index="3" bw="0" slack="2147483647"/>
</pin_list>
<bind>
<opcode="write(1151) " fcode="write"/>
<opset="write_ln0/1 "/>
</bind>
</comp>

<comp id="94" class="1004" name="layerEnableFlag_read_fu_94">
<pin_list>
<pin id="95" dir="0" index="0" bw="1" slack="0"/>
<pin id="96" dir="0" index="1" bw="1" slack="0"/>
<pin id="97" dir="1" index="2" bw="1" slack="1"/>
</pin_list>
<bind>
<opcode="read(1150) " fcode="read"/>
<opset="layerEnableFlag/1 "/>
</bind>
</comp>

<comp id="100" class="1004" name="grp_v_mix_upsample_false_Pipeline_VITIS_LOOP_107_2_fu_100">
<pin_list>
<pin id="101" dir="0" index="0" bw="0" slack="0"/>
<pin id="102" dir="0" index="1" bw="11" slack="1"/>
<pin id="103" dir="0" index="2" bw="48" slack="0"/>
<pin id="104" dir="0" index="3" bw="48" slack="0"/>
<pin id="105" dir="1" index="4" bw="0" slack="2147483647"/>
</pin_list>
<bind>
<opcode="call(48) " fcode="call"/>
<opset="call_ln105/2 "/>
</bind>
</comp>

<comp id="109" class="1004" name="height_fu_109">
<pin_list>
<pin id="110" dir="0" index="0" bw="16" slack="0"/>
<pin id="111" dir="1" index="1" bw="12" slack="1"/>
</pin_list>
<bind>
<opcode="trunc(33) " fcode="trunc"/>
<opset="height/1 "/>
</bind>
</comp>

<comp id="113" class="1004" name="trunc_ln_fu_113">
<pin_list>
<pin id="114" dir="0" index="0" bw="11" slack="0"/>
<pin id="115" dir="0" index="1" bw="16" slack="0"/>
<pin id="116" dir="0" index="2" bw="1" slack="0"/>
<pin id="117" dir="0" index="3" bw="5" slack="0"/>
<pin id="118" dir="1" index="4" bw="11" slack="1"/>
</pin_list>
<bind>
<opcode="partselect(1002) " fcode="partselect"/>
<opset="trunc_ln/1 "/>
</bind>
</comp>

<comp id="123" class="1004" name="store_ln97_store_fu_123">
<pin_list>
<pin id="124" dir="0" index="0" bw="1" slack="0"/>
<pin id="125" dir="0" index="1" bw="12" slack="0"/>
<pin id="126" dir="1" index="2" bw="0" slack="2147483647"/>
</pin_list>
<bind>
<opcode="store(28) " fcode="store"/>
<opset="store_ln97/1 "/>
</bind>
</comp>

<comp id="128" class="1004" name="y_17_load_fu_128">
<pin_list>
<pin id="129" dir="0" index="0" bw="12" slack="1"/>
<pin id="130" dir="1" index="1" bw="12" slack="0"/>
</pin_list>
<bind>
<opcode="load(27) " fcode="load"/>
<opset="y_17/2 "/>
</bind>
</comp>

<comp id="131" class="1004" name="icmp_ln105_fu_131">
<pin_list>
<pin id="132" dir="0" index="0" bw="12" slack="0"/>
<pin id="133" dir="0" index="1" bw="12" slack="1"/>
<pin id="134" dir="1" index="2" bw="1" slack="2147483647"/>
</pin_list>
<bind>
<opcode="icmp(45) " fcode="icmp"/>
<opset="icmp_ln105/2 "/>
</bind>
</comp>

<comp id="136" class="1004" name="y_18_fu_136">
<pin_list>
<pin id="137" dir="0" index="0" bw="12" slack="0"/>
<pin id="138" dir="0" index="1" bw="1" slack="0"/>
<pin id="139" dir="1" index="2" bw="12" slack="0"/>
</pin_list>
<bind>
<opcode="add(8) " fcode="add"/>
<opset="y_18/2 "/>
</bind>
</comp>

<comp id="142" class="1004" name="store_ln97_store_fu_142">
<pin_list>
<pin id="143" dir="0" index="0" bw="12" slack="0"/>
<pin id="144" dir="0" index="1" bw="12" slack="1"/>
<pin id="145" dir="1" index="2" bw="0" slack="2147483647"/>
</pin_list>
<bind>
<opcode="store(28) " fcode="store"/>
<opset="store_ln97/2 "/>
</bind>
</comp>

<comp id="147" class="1005" name="layerEnableFlag_reg_147">
<pin_list>
<pin id="148" dir="0" index="0" bw="1" slack="1"/>
<pin id="149" dir="1" index="1" bw="1" slack="2147483647"/>
</pin_list>
<bind>
<opset="layerEnableFlag "/>
</bind>
</comp>

<comp id="151" class="1005" name="height_reg_151">
<pin_list>
<pin id="152" dir="0" index="0" bw="12" slack="1"/>
<pin id="153" dir="1" index="1" bw="12" slack="1"/>
</pin_list>
<bind>
<opset="height "/>
</bind>
</comp>

<comp id="156" class="1005" name="y_reg_156">
<pin_list>
<pin id="157" dir="0" index="0" bw="12" slack="0"/>
<pin id="158" dir="1" index="1" bw="12" slack="0"/>
</pin_list>
<bind>
<opset="y "/>
</bind>
</comp>

<comp id="163" class="1005" name="trunc_ln_reg_163">
<pin_list>
<pin id="164" dir="0" index="0" bw="11" slack="1"/>
<pin id="165" dir="1" index="1" bw="11" slack="1"/>
</pin_list>
<bind>
<opset="trunc_ln "/>
</bind>
</comp>

</comp_list>

<net_list>
<net id="65"><net_src comp="40" pin="0"/><net_sink comp="62" pin=0"/></net>

<net id="70"><net_src comp="30" pin="0"/><net_sink comp="66" pin=0"/></net>

<net id="71"><net_src comp="2" pin="0"/><net_sink comp="66" pin=1"/></net>

<net id="77"><net_src comp="32" pin="0"/><net_sink comp="72" pin=0"/></net>

<net id="78"><net_src comp="12" pin="0"/><net_sink comp="72" pin=1"/></net>

<net id="79"><net_src comp="66" pin="2"/><net_sink comp="72" pin=2"/></net>

<net id="84"><net_src comp="30" pin="0"/><net_sink comp="80" pin=0"/></net>

<net id="85"><net_src comp="4" pin="0"/><net_sink comp="80" pin=1"/></net>

<net id="91"><net_src comp="32" pin="0"/><net_sink comp="86" pin=0"/></net>

<net id="92"><net_src comp="10" pin="0"/><net_sink comp="86" pin=1"/></net>

<net id="93"><net_src comp="80" pin="2"/><net_sink comp="86" pin=2"/></net>

<net id="98"><net_src comp="34" pin="0"/><net_sink comp="94" pin=0"/></net>

<net id="99"><net_src comp="6" pin="0"/><net_sink comp="94" pin=1"/></net>

<net id="106"><net_src comp="56" pin="0"/><net_sink comp="100" pin=0"/></net>

<net id="107"><net_src comp="0" pin="0"/><net_sink comp="100" pin=2"/></net>

<net id="108"><net_src comp="8" pin="0"/><net_sink comp="100" pin=3"/></net>

<net id="112"><net_src comp="66" pin="2"/><net_sink comp="109" pin=0"/></net>

<net id="119"><net_src comp="42" pin="0"/><net_sink comp="113" pin=0"/></net>

<net id="120"><net_src comp="80" pin="2"/><net_sink comp="113" pin=1"/></net>

<net id="121"><net_src comp="40" pin="0"/><net_sink comp="113" pin=2"/></net>

<net id="122"><net_src comp="44" pin="0"/><net_sink comp="113" pin=3"/></net>

<net id="127"><net_src comp="46" pin="0"/><net_sink comp="123" pin=0"/></net>

<net id="135"><net_src comp="128" pin="1"/><net_sink comp="131" pin=0"/></net>

<net id="140"><net_src comp="128" pin="1"/><net_sink comp="136" pin=0"/></net>

<net id="141"><net_src comp="54" pin="0"/><net_sink comp="136" pin=1"/></net>

<net id="146"><net_src comp="136" pin="2"/><net_sink comp="142" pin=0"/></net>

<net id="150"><net_src comp="94" pin="2"/><net_sink comp="147" pin=0"/></net>

<net id="154"><net_src comp="109" pin="1"/><net_sink comp="151" pin=0"/></net>

<net id="155"><net_src comp="151" pin="1"/><net_sink comp="131" pin=1"/></net>

<net id="159"><net_src comp="62" pin="1"/><net_sink comp="156" pin=0"/></net>

<net id="160"><net_src comp="156" pin="1"/><net_sink comp="123" pin=1"/></net>

<net id="161"><net_src comp="156" pin="1"/><net_sink comp="128" pin=0"/></net>

<net id="162"><net_src comp="156" pin="1"/><net_sink comp="142" pin=1"/></net>

<net id="166"><net_src comp="113" pin="4"/><net_sink comp="163" pin=0"/></net>

<net id="167"><net_src comp="163" pin="1"/><net_sink comp="100" pin=1"/></net>

</net_list>

</model> 
---------------- Datapath Model END ------------------

* FSMD analyzer results:
  - Output states:
	Port: srcLayer4x | {2 3 }
	Port: HwReg_layerWidth_4_val_c | {1 }
	Port: HwReg_layerHeight_4_val_c | {1 }
 - Input state : 
	Port: v_mix_upsample<false> : srcLayer4Rgb | {2 3 }
	Port: v_mix_upsample<false> : HwReg_layerHeight_4_val | {1 }
	Port: v_mix_upsample<false> : HwReg_layerWidth_4_val | {1 }
	Port: v_mix_upsample<false> : HwReg_layerEnableFlag_4_val | {1 }
  - Chain level:
	State 1
		store_ln97 : 1
	State 2
		icmp_ln105 : 1
		y_18 : 1
		br_ln105 : 2
		store_ln97 : 2
	State 3


============================================================
+ Verbose Summary: Datapath Resource usage 
============================================================

* Functional unit list:
|----------|-----------------------------------------------------------|---------|---------|
| Operation|                      Functional Unit                      |    FF   |   LUT   |
|----------|-----------------------------------------------------------|---------|---------|
|   call   | grp_v_mix_upsample_false_Pipeline_VITIS_LOOP_107_2_fu_100 |    11   |    36   |
|----------|-----------------------------------------------------------|---------|---------|
|   icmp   |                     icmp_ln105_fu_131                     |    0    |    19   |
|----------|-----------------------------------------------------------|---------|---------|
|    add   |                        y_18_fu_136                        |    0    |    19   |
|----------|-----------------------------------------------------------|---------|---------|
|          |          HwReg_layerHeight_4_val_read_read_fu_66          |    0    |    0    |
|   read   |           HwReg_layerWidth_4_val_read_read_fu_80          |    0    |    0    |
|          |                 layerEnableFlag_read_fu_94                |    0    |    0    |
|----------|-----------------------------------------------------------|---------|---------|
|   write  |                   write_ln0_write_fu_72                   |    0    |    0    |
|          |                   write_ln0_write_fu_86                   |    0    |    0    |
|----------|-----------------------------------------------------------|---------|---------|
|   trunc  |                       height_fu_109                       |    0    |    0    |
|----------|-----------------------------------------------------------|---------|---------|
|partselect|                      trunc_ln_fu_113                      |    0    |    0    |
|----------|-----------------------------------------------------------|---------|---------|
|   Total  |                                                           |    11   |    74   |
|----------|-----------------------------------------------------------|---------|---------|

Memories:
N/A

* Register list:
+-----------------------+--------+
|                       |   FF   |
+-----------------------+--------+
|     height_reg_151    |   12   |
|layerEnableFlag_reg_147|    1   |
|    trunc_ln_reg_163   |   11   |
|       y_reg_156       |   12   |
+-----------------------+--------+
|         Total         |   36   |
+-----------------------+--------+

* Multiplexer (MUX) list: 
|--------|------|------|------|--------|
|  Comp  |  Pin | Size |  BW  | S x BW |
|--------|------|------|------|--------|
|  Total |      |      |      |    0   |
|--------|------|------|------|--------|



* Summary:
+-----------+--------+--------+
|           |   FF   |   LUT  |
+-----------+--------+--------+
|  Function |   11   |   74   |
|   Memory  |    -   |    -   |
|Multiplexer|    -   |    -   |
|  Register |   36   |    -   |
+-----------+--------+--------+
|   Total   |   47   |   74   |
+-----------+--------+--------+
