

================================================================
== Vitis HLS Report for 'v_mix_core_alpha_false_false_Pipeline_VITIS_LOOP_456_1'
================================================================
* Date:           Mon Apr 27 12:26:49 2026

* Version:        2024.2 (Build 5238294 on Nov  8 2024)
* Project:        prj
* Solution:       sol (Vivado IP Flow Target)
* Product family: zynquplus
* Target device:  xck26-sfvc784-2LV-c


================================================================
== Performance Estimates
================================================================
+ Timing: 
    * Summary: 
    +--------+---------+----------+------------+
    |  Clock |  Target | Estimated| Uncertainty|
    +--------+---------+----------+------------+
    |ap_clk  |  6.67 ns|  1.402 ns|     1.80 ns|
    +--------+---------+----------+------------+

+ Latency: 
    * Summary: 
    +---------+---------+-----------+-----------+-----+-----+------------------------------------------------+
    |  Latency (cycles) |   Latency (absolute)  |  Interval |                    Pipeline                    |
    |   min   |   max   |    min    |    max    | min | max |                      Type                      |
    +---------+---------+-----------+-----------+-----+-----+------------------------------------------------+
    |        4|        4|  26.668 ns|  26.668 ns|    3|    3|  loop auto-rewind stp (delay=0 clock cycles(s))|
    +---------+---------+-----------+-----------+-----+-----+------------------------------------------------+

    + Detail: 
        * Instance: 
        N/A

        * Loop: 
        +--------------------+---------+---------+----------+-----------+-----------+------+----------+
        |                    |  Latency (cycles) | Iteration|  Initiation Interval  | Trip |          |
        |      Loop Name     |   min   |   max   |  Latency |  achieved |   target  | Count| Pipelined|
        +--------------------+---------+---------+----------+-----------+-----------+------+----------+
        |- VITIS_LOOP_456_1  |        2|        2|         1|          1|          1|     2|       yes|
        +--------------------+---------+---------+----------+-----------+-----------+------+----------+



================================================================
== Utilization Estimates
================================================================
* Summary: 
+-----------------+---------+------+--------+--------+-----+
|       Name      | BRAM_18K|  DSP |   FF   |   LUT  | URAM|
+-----------------+---------+------+--------+--------+-----+
|DSP              |        -|     -|       -|       -|    -|
|Expression       |        -|     -|       0|      76|    -|
|FIFO             |        -|     -|       -|       -|    -|
|Instance         |        -|     -|       -|       -|    -|
|Memory           |        -|     -|       -|       -|    -|
|Multiplexer      |        -|     -|       0|      27|    -|
|Register         |        -|     -|      52|       -|    -|
+-----------------+---------+------+--------+--------+-----+
|Total            |        0|     0|      52|     103|    0|
+-----------------+---------+------+--------+--------+-----+
|Available        |      288|  1248|  234240|  117120|   64|
+-----------------+---------+------+--------+--------+-----+
|Utilization (%)  |        0|     0|      ~0|      ~0|    0|
+-----------------+---------+------+--------+--------+-----+

+ Detail: 
    * Instance: 
    N/A

    * DSP: 
    N/A

    * Memory: 
    N/A

    * FIFO: 
    N/A

    * Expression: 
    +--------------------------+----------+----+---+----+------------+------------+
    |       Variable Name      | Operation| DSP| FF| LUT| Bitwidth P0| Bitwidth P1|
    +--------------------------+----------+----+---+----+------------+------------+
    |add_ln456_fu_152_p2       |         +|   0|  0|   9|           2|           1|
    |icmp_ln456_fu_146_p2      |      icmp|   0|  0|  10|           2|           3|
    |icmp_ln458_fu_176_p2      |      icmp|   0|  0|   9|           2|           1|
    |select_ln458_1_fu_190_p3  |    select|   0|  0|   8|           1|           8|
    |select_ln458_2_fu_198_p3  |    select|   0|  0|   8|           1|           8|
    |select_ln458_3_fu_206_p3  |    select|   0|  0|   8|           1|           8|
    |select_ln458_4_fu_214_p3  |    select|   0|  0|   8|           1|           8|
    |select_ln458_5_fu_222_p3  |    select|   0|  0|   8|           1|           8|
    |select_ln458_fu_182_p3    |    select|   0|  0|   8|           1|           8|
    +--------------------------+----------+----+---+----+------------+------------+
    |Total                     |          |   0|  0|  76|          12|          53|
    +--------------------------+----------+----+---+----+------------+------------+

    * Multiplexer: 
    +----------------------+----+-----------+-----+-----------+
    |         Name         | LUT| Input Size| Bits| Total Bits|
    +----------------------+----+-----------+-----+-----------+
    |ap_done_int           |   9|          2|    1|          2|
    |ap_sig_allocacmp_k_1  |   9|          2|    2|          4|
    |k_fu_50               |   9|          2|    2|          4|
    +----------------------+----+-----------+-----+-----------+
    |Total                 |  27|          6|    5|         10|
    +----------------------+----+-----------+-----+-----------+

    * Register: 
    +---------------------------------+---+----+-----+-----------+
    |               Name              | FF| LUT| Bits| Const Bits|
    +---------------------------------+---+----+-----+-----------+
    |ap_CS_fsm                        |  1|   0|    1|          0|
    |ap_done_reg                      |  1|   0|    1|          0|
    |bkgpix_0_0_0_0_0_load1_i_fu_54   |  8|   0|    8|          0|
    |bkgpix_0_1_0_0_0_load3_i_fu_58   |  8|   0|    8|          0|
    |bkgpix_0_2_0_0_0_load5_i_fu_62   |  8|   0|    8|          0|
    |bkgpix_0_3_0_0_0_load7_i_fu_66   |  8|   0|    8|          0|
    |bkgpix_0_4_0_0_0_load9_i_fu_70   |  8|   0|    8|          0|
    |bkgpix_0_5_0_0_0_load11_i_fu_74  |  8|   0|    8|          0|
    |k_fu_50                          |  2|   0|    2|          0|
    +---------------------------------+---+----+-----+-----------+
    |Total                            | 52|   0|   52|          0|
    +---------------------------------+---+----+-----+-----------+



================================================================
== Interface
================================================================
* Summary: 
+--------------------------------------+-----+-----+------------+----------------------------------------------------------+--------------+
|               RTL Ports              | Dir | Bits|  Protocol  |                       Source Object                      |    C Type    |
+--------------------------------------+-----+-----+------------+----------------------------------------------------------+--------------+
|ap_clk                                |   in|    1|  ap_ctrl_hs|  v_mix_core_alpha<false, false>_Pipeline_VITIS_LOOP_456_1|  return value|
|ap_rst                                |   in|    1|  ap_ctrl_hs|  v_mix_core_alpha<false, false>_Pipeline_VITIS_LOOP_456_1|  return value|
|ap_start                              |   in|    1|  ap_ctrl_hs|  v_mix_core_alpha<false, false>_Pipeline_VITIS_LOOP_456_1|  return value|
|ap_done                               |  out|    1|  ap_ctrl_hs|  v_mix_core_alpha<false, false>_Pipeline_VITIS_LOOP_456_1|  return value|
|ap_idle                               |  out|    1|  ap_ctrl_hs|  v_mix_core_alpha<false, false>_Pipeline_VITIS_LOOP_456_1|  return value|
|ap_ready                              |  out|    1|  ap_ctrl_hs|  v_mix_core_alpha<false, false>_Pipeline_VITIS_LOOP_456_1|  return value|
|HwReg_background_U_G_val20            |   in|    8|   ap_stable|                                HwReg_background_U_G_val20|        scalar|
|HwReg_background_Y_R_val19            |   in|    8|   ap_stable|                                HwReg_background_Y_R_val19|        scalar|
|HwReg_background_V_B_val21            |   in|    8|   ap_stable|                                HwReg_background_V_B_val21|        scalar|
|bkgpix_0_5_0_0_0_load11_i_out         |  out|    8|      ap_vld|                             bkgpix_0_5_0_0_0_load11_i_out|       pointer|
|bkgpix_0_5_0_0_0_load11_i_out_ap_vld  |  out|    1|      ap_vld|                             bkgpix_0_5_0_0_0_load11_i_out|       pointer|
|bkgpix_0_4_0_0_0_load9_i_out          |  out|    8|      ap_vld|                              bkgpix_0_4_0_0_0_load9_i_out|       pointer|
|bkgpix_0_4_0_0_0_load9_i_out_ap_vld   |  out|    1|      ap_vld|                              bkgpix_0_4_0_0_0_load9_i_out|       pointer|
|bkgpix_0_3_0_0_0_load7_i_out          |  out|    8|      ap_vld|                              bkgpix_0_3_0_0_0_load7_i_out|       pointer|
|bkgpix_0_3_0_0_0_load7_i_out_ap_vld   |  out|    1|      ap_vld|                              bkgpix_0_3_0_0_0_load7_i_out|       pointer|
|bkgpix_0_2_0_0_0_load5_i_out          |  out|    8|      ap_vld|                              bkgpix_0_2_0_0_0_load5_i_out|       pointer|
|bkgpix_0_2_0_0_0_load5_i_out_ap_vld   |  out|    1|      ap_vld|                              bkgpix_0_2_0_0_0_load5_i_out|       pointer|
|bkgpix_0_1_0_0_0_load3_i_out          |  out|    8|      ap_vld|                              bkgpix_0_1_0_0_0_load3_i_out|       pointer|
|bkgpix_0_1_0_0_0_load3_i_out_ap_vld   |  out|    1|      ap_vld|                              bkgpix_0_1_0_0_0_load3_i_out|       pointer|
|bkgpix_0_0_0_0_0_load1_i_out          |  out|    8|      ap_vld|                              bkgpix_0_0_0_0_0_load1_i_out|       pointer|
|bkgpix_0_0_0_0_0_load1_i_out_ap_vld   |  out|    1|      ap_vld|                              bkgpix_0_0_0_0_0_load1_i_out|       pointer|
+--------------------------------------+-----+-----+------------+----------------------------------------------------------+--------------+

============================================================
+ Verbose Summary: Synthesis Manager
============================================================
InlineROM: 1
ExposeGlobal: 0
============================================================
+ Verbose Summary: CDFG Model
============================================================
IsTopModel: 0
ResetActiveHigh: 1
IsCombinational: 2
IsDatapathOnly: 2
HasWiredReturn: 1
HasMFsm: 2
HasVarLatency: 1
IsPipeline: 0
IsRtlPipelined: 0
IsInstanceOverlapped: 0
IsDontTouch: 0
HasImplIP: 0
IsGatedGlobalClock: 0

+ Individual pipeline summary: 
  * Pipeline-0: initiation interval (II) = 1, depth = 1


============================================================
+ Verbose Summary: Schedule
============================================================
* Number of FSM states : 1
* Pipeline : 1
  Pipeline-0 : II = 1, D = 1, States = { 1 }
* Dataflow Pipeline: 0

* FSM state transitions: 
1 --> 

* FSM state operations: 

State 1 <SV = 0> <Delay = 1.40>
ST_1 : Operation 4 [1/1] (0.00ns)   --->   "%k = alloca i32 1" [/home/izaan/GitRepos/dpdma_exdes/vivado_quad_vmix/kv260_quad_vmix_dp.runs/bd_quad_vmix_dp_v_mix_0_0_synth_1/prj/sol/.autopilot/db/v_mix.cpp:440->/home/izaan/GitRepos/dpdma_exdes/vivado_quad_vmix/kv260_quad_vmix_dp.runs/bd_quad_vmix_dp_v_mix_0_0_synth_1/prj/sol/.autopilot/db/v_mix.cpp:717]   --->   Operation 4 'alloca' 'k' <Predicate = true> <Delay = 0.00>
ST_1 : Operation 5 [1/1] (0.00ns)   --->   "%bkgpix_0_0_0_0_0_load1_i = alloca i32 1"   --->   Operation 5 'alloca' 'bkgpix_0_0_0_0_0_load1_i' <Predicate = true> <Delay = 0.00>
ST_1 : Operation 6 [1/1] (0.00ns)   --->   "%bkgpix_0_1_0_0_0_load3_i = alloca i32 1"   --->   Operation 6 'alloca' 'bkgpix_0_1_0_0_0_load3_i' <Predicate = true> <Delay = 0.00>
ST_1 : Operation 7 [1/1] (0.00ns)   --->   "%bkgpix_0_2_0_0_0_load5_i = alloca i32 1"   --->   Operation 7 'alloca' 'bkgpix_0_2_0_0_0_load5_i' <Predicate = true> <Delay = 0.00>
ST_1 : Operation 8 [1/1] (0.00ns)   --->   "%bkgpix_0_3_0_0_0_load7_i = alloca i32 1"   --->   Operation 8 'alloca' 'bkgpix_0_3_0_0_0_load7_i' <Predicate = true> <Delay = 0.00>
ST_1 : Operation 9 [1/1] (0.00ns)   --->   "%bkgpix_0_4_0_0_0_load9_i = alloca i32 1"   --->   Operation 9 'alloca' 'bkgpix_0_4_0_0_0_load9_i' <Predicate = true> <Delay = 0.00>
ST_1 : Operation 10 [1/1] (0.00ns)   --->   "%bkgpix_0_5_0_0_0_load11_i = alloca i32 1"   --->   Operation 10 'alloca' 'bkgpix_0_5_0_0_0_load11_i' <Predicate = true> <Delay = 0.00>
ST_1 : Operation 11 [1/1] (0.00ns)   --->   "%specstablecontent_ln0 = specstablecontent void @_ssdm_op_SpecStableContent, i8 %HwReg_background_Y_R_val19, void "   --->   Operation 11 'specstablecontent' 'specstablecontent_ln0' <Predicate = true> <Delay = 0.00>
ST_1 : Operation 12 [1/1] (0.00ns)   --->   "%specstablecontent_ln0 = specstablecontent void @_ssdm_op_SpecStableContent, i8 %HwReg_background_U_G_val20, void "   --->   Operation 12 'specstablecontent' 'specstablecontent_ln0' <Predicate = true> <Delay = 0.00>
ST_1 : Operation 13 [1/1] (0.00ns)   --->   "%specstablecontent_ln0 = specstablecontent void @_ssdm_op_SpecStableContent, i8 %HwReg_background_V_B_val21, void "   --->   Operation 13 'specstablecontent' 'specstablecontent_ln0' <Predicate = true> <Delay = 0.00>
ST_1 : Operation 14 [1/1] (0.00ns)   --->   "%HwReg_background_V_B_val21_read = read i8 @_ssdm_op_Read.ap_auto.i8, i8 %HwReg_background_V_B_val21"   --->   Operation 14 'read' 'HwReg_background_V_B_val21_read' <Predicate = true> <Delay = 0.00>
ST_1 : Operation 15 [1/1] (0.00ns)   --->   "%HwReg_background_Y_R_val19_read = read i8 @_ssdm_op_Read.ap_auto.i8, i8 %HwReg_background_Y_R_val19"   --->   Operation 15 'read' 'HwReg_background_Y_R_val19_read' <Predicate = true> <Delay = 0.00>
ST_1 : Operation 16 [1/1] (0.00ns)   --->   "%HwReg_background_U_G_val20_read = read i8 @_ssdm_op_Read.ap_auto.i8, i8 %HwReg_background_U_G_val20"   --->   Operation 16 'read' 'HwReg_background_U_G_val20_read' <Predicate = true> <Delay = 0.00>
ST_1 : Operation 17 [1/1] (0.42ns)   --->   "%store_ln440 = store i2 0, i2 %k" [/home/izaan/GitRepos/dpdma_exdes/vivado_quad_vmix/kv260_quad_vmix_dp.runs/bd_quad_vmix_dp_v_mix_0_0_synth_1/prj/sol/.autopilot/db/v_mix.cpp:440->/home/izaan/GitRepos/dpdma_exdes/vivado_quad_vmix/kv260_quad_vmix_dp.runs/bd_quad_vmix_dp_v_mix_0_0_synth_1/prj/sol/.autopilot/db/v_mix.cpp:717]   --->   Operation 17 'store' 'store_ln440' <Predicate = true> <Delay = 0.42>
ST_1 : Operation 18 [1/1] (0.00ns)   --->   "%br_ln0 = br void %for.inc.i"   --->   Operation 18 'br' 'br_ln0' <Predicate = true> <Delay = 0.00>
ST_1 : Operation 19 [1/1] (0.00ns)   --->   "%k_1 = load i2 %k" [/home/izaan/GitRepos/dpdma_exdes/vivado_quad_vmix/kv260_quad_vmix_dp.runs/bd_quad_vmix_dp_v_mix_0_0_synth_1/prj/sol/.autopilot/db/v_mix.cpp:456->/home/izaan/GitRepos/dpdma_exdes/vivado_quad_vmix/kv260_quad_vmix_dp.runs/bd_quad_vmix_dp_v_mix_0_0_synth_1/prj/sol/.autopilot/db/v_mix.cpp:717]   --->   Operation 19 'load' 'k_1' <Predicate = true> <Delay = 0.00>
ST_1 : Operation 20 [1/1] (0.54ns)   --->   "%icmp_ln456 = icmp_eq  i2 %k_1, i2 2" [/home/izaan/GitRepos/dpdma_exdes/vivado_quad_vmix/kv260_quad_vmix_dp.runs/bd_quad_vmix_dp_v_mix_0_0_synth_1/prj/sol/.autopilot/db/v_mix.cpp:456->/home/izaan/GitRepos/dpdma_exdes/vivado_quad_vmix/kv260_quad_vmix_dp.runs/bd_quad_vmix_dp_v_mix_0_0_synth_1/prj/sol/.autopilot/db/v_mix.cpp:717]   --->   Operation 20 'icmp' 'icmp_ln456' <Predicate = true> <Delay = 0.54> <CoreInst = "Cmp">   --->   Core 9 'Cmp' <Latency = 0> <II = 1> <Delay = 0.67> <FuncUnit> <Opcode : 'seteq' 'setne' 'setle' 'setge' 'setlt' 'setgt'> <InPorts = 2> <OutPorts = 1>
ST_1 : Operation 21 [1/1] (0.54ns)   --->   "%add_ln456 = add i2 %k_1, i2 1" [/home/izaan/GitRepos/dpdma_exdes/vivado_quad_vmix/kv260_quad_vmix_dp.runs/bd_quad_vmix_dp_v_mix_0_0_synth_1/prj/sol/.autopilot/db/v_mix.cpp:456->/home/izaan/GitRepos/dpdma_exdes/vivado_quad_vmix/kv260_quad_vmix_dp.runs/bd_quad_vmix_dp_v_mix_0_0_synth_1/prj/sol/.autopilot/db/v_mix.cpp:717]   --->   Operation 21 'add' 'add_ln456' <Predicate = true> <Delay = 0.54> <CoreInst = "Adder">   --->   Core 1 'Adder' <Latency = 0> <II = 1> <Delay = 0.54> <FuncUnit> <Opcode : 'add' 'sub'> <InPorts = 2> <OutPorts = 1>
ST_1 : Operation 22 [1/1] (0.00ns)   --->   "%br_ln456 = br i1 %icmp_ln456, void %for.inc.split.i, void %VITIS_LOOP_463_2.i.exitStub" [/home/izaan/GitRepos/dpdma_exdes/vivado_quad_vmix/kv260_quad_vmix_dp.runs/bd_quad_vmix_dp_v_mix_0_0_synth_1/prj/sol/.autopilot/db/v_mix.cpp:456->/home/izaan/GitRepos/dpdma_exdes/vivado_quad_vmix/kv260_quad_vmix_dp.runs/bd_quad_vmix_dp_v_mix_0_0_synth_1/prj/sol/.autopilot/db/v_mix.cpp:717]   --->   Operation 22 'br' 'br_ln456' <Predicate = true> <Delay = 0.00>
ST_1 : Operation 23 [1/1] (0.00ns)   --->   "%bkgpix_0_0_0_0_0_load_1 = load i8 %bkgpix_0_0_0_0_0_load1_i" [/home/izaan/GitRepos/dpdma_exdes/vivado_quad_vmix/kv260_quad_vmix_dp.runs/bd_quad_vmix_dp_v_mix_0_0_synth_1/prj/sol/.autopilot/db/v_mix.cpp:458->/home/izaan/GitRepos/dpdma_exdes/vivado_quad_vmix/kv260_quad_vmix_dp.runs/bd_quad_vmix_dp_v_mix_0_0_synth_1/prj/sol/.autopilot/db/v_mix.cpp:717]   --->   Operation 23 'load' 'bkgpix_0_0_0_0_0_load_1' <Predicate = (!icmp_ln456)> <Delay = 0.00>
ST_1 : Operation 24 [1/1] (0.00ns)   --->   "%bkgpix_0_1_0_0_0_load_1 = load i8 %bkgpix_0_1_0_0_0_load3_i" [/home/izaan/GitRepos/dpdma_exdes/vivado_quad_vmix/kv260_quad_vmix_dp.runs/bd_quad_vmix_dp_v_mix_0_0_synth_1/prj/sol/.autopilot/db/v_mix.cpp:458->/home/izaan/GitRepos/dpdma_exdes/vivado_quad_vmix/kv260_quad_vmix_dp.runs/bd_quad_vmix_dp_v_mix_0_0_synth_1/prj/sol/.autopilot/db/v_mix.cpp:717]   --->   Operation 24 'load' 'bkgpix_0_1_0_0_0_load_1' <Predicate = (!icmp_ln456)> <Delay = 0.00>
ST_1 : Operation 25 [1/1] (0.00ns)   --->   "%bkgpix_0_2_0_0_0_load_1 = load i8 %bkgpix_0_2_0_0_0_load5_i" [/home/izaan/GitRepos/dpdma_exdes/vivado_quad_vmix/kv260_quad_vmix_dp.runs/bd_quad_vmix_dp_v_mix_0_0_synth_1/prj/sol/.autopilot/db/v_mix.cpp:458->/home/izaan/GitRepos/dpdma_exdes/vivado_quad_vmix/kv260_quad_vmix_dp.runs/bd_quad_vmix_dp_v_mix_0_0_synth_1/prj/sol/.autopilot/db/v_mix.cpp:717]   --->   Operation 25 'load' 'bkgpix_0_2_0_0_0_load_1' <Predicate = (!icmp_ln456)> <Delay = 0.00>
ST_1 : Operation 26 [1/1] (0.00ns)   --->   "%bkgpix_0_3_0_0_0_load_1 = load i8 %bkgpix_0_3_0_0_0_load7_i" [/home/izaan/GitRepos/dpdma_exdes/vivado_quad_vmix/kv260_quad_vmix_dp.runs/bd_quad_vmix_dp_v_mix_0_0_synth_1/prj/sol/.autopilot/db/v_mix.cpp:458->/home/izaan/GitRepos/dpdma_exdes/vivado_quad_vmix/kv260_quad_vmix_dp.runs/bd_quad_vmix_dp_v_mix_0_0_synth_1/prj/sol/.autopilot/db/v_mix.cpp:717]   --->   Operation 26 'load' 'bkgpix_0_3_0_0_0_load_1' <Predicate = (!icmp_ln456)> <Delay = 0.00>
ST_1 : Operation 27 [1/1] (0.00ns)   --->   "%bkgpix_0_4_0_0_0_load_1 = load i8 %bkgpix_0_4_0_0_0_load9_i" [/home/izaan/GitRepos/dpdma_exdes/vivado_quad_vmix/kv260_quad_vmix_dp.runs/bd_quad_vmix_dp_v_mix_0_0_synth_1/prj/sol/.autopilot/db/v_mix.cpp:458->/home/izaan/GitRepos/dpdma_exdes/vivado_quad_vmix/kv260_quad_vmix_dp.runs/bd_quad_vmix_dp_v_mix_0_0_synth_1/prj/sol/.autopilot/db/v_mix.cpp:717]   --->   Operation 27 'load' 'bkgpix_0_4_0_0_0_load_1' <Predicate = (!icmp_ln456)> <Delay = 0.00>
ST_1 : Operation 28 [1/1] (0.00ns)   --->   "%bkgpix_0_5_0_0_0_load_1 = load i8 %bkgpix_0_5_0_0_0_load11_i" [/home/izaan/GitRepos/dpdma_exdes/vivado_quad_vmix/kv260_quad_vmix_dp.runs/bd_quad_vmix_dp_v_mix_0_0_synth_1/prj/sol/.autopilot/db/v_mix.cpp:458->/home/izaan/GitRepos/dpdma_exdes/vivado_quad_vmix/kv260_quad_vmix_dp.runs/bd_quad_vmix_dp_v_mix_0_0_synth_1/prj/sol/.autopilot/db/v_mix.cpp:717]   --->   Operation 28 'load' 'bkgpix_0_5_0_0_0_load_1' <Predicate = (!icmp_ln456)> <Delay = 0.00>
ST_1 : Operation 29 [1/1] (0.00ns)   --->   "%specpipeline_ln440 = specpipeline void @_ssdm_op_SpecPipeline, i32 4294967295, i32 0, i32 0, i32 0, void @empty_54" [/home/izaan/GitRepos/dpdma_exdes/vivado_quad_vmix/kv260_quad_vmix_dp.runs/bd_quad_vmix_dp_v_mix_0_0_synth_1/prj/sol/.autopilot/db/v_mix.cpp:440->/home/izaan/GitRepos/dpdma_exdes/vivado_quad_vmix/kv260_quad_vmix_dp.runs/bd_quad_vmix_dp_v_mix_0_0_synth_1/prj/sol/.autopilot/db/v_mix.cpp:717]   --->   Operation 29 'specpipeline' 'specpipeline_ln440' <Predicate = (!icmp_ln456)> <Delay = 0.00>
ST_1 : Operation 30 [1/1] (0.00ns)   --->   "%speclooptripcount_ln440 = speclooptripcount void @_ssdm_op_SpecLoopTripCount, i64 2, i64 2, i64 2" [/home/izaan/GitRepos/dpdma_exdes/vivado_quad_vmix/kv260_quad_vmix_dp.runs/bd_quad_vmix_dp_v_mix_0_0_synth_1/prj/sol/.autopilot/db/v_mix.cpp:440->/home/izaan/GitRepos/dpdma_exdes/vivado_quad_vmix/kv260_quad_vmix_dp.runs/bd_quad_vmix_dp_v_mix_0_0_synth_1/prj/sol/.autopilot/db/v_mix.cpp:717]   --->   Operation 30 'speclooptripcount' 'speclooptripcount_ln440' <Predicate = (!icmp_ln456)> <Delay = 0.00>
ST_1 : Operation 31 [1/1] (0.00ns)   --->   "%specloopname_ln456 = specloopname void @_ssdm_op_SpecLoopName, void @empty_50" [/home/izaan/GitRepos/dpdma_exdes/vivado_quad_vmix/kv260_quad_vmix_dp.runs/bd_quad_vmix_dp_v_mix_0_0_synth_1/prj/sol/.autopilot/db/v_mix.cpp:456->/home/izaan/GitRepos/dpdma_exdes/vivado_quad_vmix/kv260_quad_vmix_dp.runs/bd_quad_vmix_dp_v_mix_0_0_synth_1/prj/sol/.autopilot/db/v_mix.cpp:717]   --->   Operation 31 'specloopname' 'specloopname_ln456' <Predicate = (!icmp_ln456)> <Delay = 0.00>
ST_1 : Operation 32 [1/1] (0.54ns)   --->   "%icmp_ln458 = icmp_eq  i2 %k_1, i2 0" [/home/izaan/GitRepos/dpdma_exdes/vivado_quad_vmix/kv260_quad_vmix_dp.runs/bd_quad_vmix_dp_v_mix_0_0_synth_1/prj/sol/.autopilot/db/v_mix.cpp:458->/home/izaan/GitRepos/dpdma_exdes/vivado_quad_vmix/kv260_quad_vmix_dp.runs/bd_quad_vmix_dp_v_mix_0_0_synth_1/prj/sol/.autopilot/db/v_mix.cpp:717]   --->   Operation 32 'icmp' 'icmp_ln458' <Predicate = (!icmp_ln456)> <Delay = 0.54> <CoreInst = "Cmp">   --->   Core 9 'Cmp' <Latency = 0> <II = 1> <Delay = 0.54> <FuncUnit> <Opcode : 'seteq' 'setne' 'setle' 'setge' 'setlt' 'setgt'> <InPorts = 2> <OutPorts = 1>
ST_1 : Operation 33 [1/1] (0.39ns)   --->   "%select_ln458 = select i1 %icmp_ln458, i8 %HwReg_background_U_G_val20_read, i8 %bkgpix_0_1_0_0_0_load_1" [/home/izaan/GitRepos/dpdma_exdes/vivado_quad_vmix/kv260_quad_vmix_dp.runs/bd_quad_vmix_dp_v_mix_0_0_synth_1/prj/sol/.autopilot/db/v_mix.cpp:458->/home/izaan/GitRepos/dpdma_exdes/vivado_quad_vmix/kv260_quad_vmix_dp.runs/bd_quad_vmix_dp_v_mix_0_0_synth_1/prj/sol/.autopilot/db/v_mix.cpp:717]   --->   Operation 33 'select' 'select_ln458' <Predicate = (!icmp_ln456)> <Delay = 0.39> <CoreInst = "Sel">   --->   Core 73 'Sel' <Latency = 0> <II = 1> <Delay = 0.39> <FuncUnit> <Opcode : 'select'> <InPorts = 3> <OutPorts = 1>
ST_1 : Operation 34 [1/1] (0.39ns)   --->   "%select_ln458_1 = select i1 %icmp_ln458, i8 %bkgpix_0_4_0_0_0_load_1, i8 %HwReg_background_U_G_val20_read" [/home/izaan/GitRepos/dpdma_exdes/vivado_quad_vmix/kv260_quad_vmix_dp.runs/bd_quad_vmix_dp_v_mix_0_0_synth_1/prj/sol/.autopilot/db/v_mix.cpp:458->/home/izaan/GitRepos/dpdma_exdes/vivado_quad_vmix/kv260_quad_vmix_dp.runs/bd_quad_vmix_dp_v_mix_0_0_synth_1/prj/sol/.autopilot/db/v_mix.cpp:717]   --->   Operation 34 'select' 'select_ln458_1' <Predicate = (!icmp_ln456)> <Delay = 0.39> <CoreInst = "Sel">   --->   Core 73 'Sel' <Latency = 0> <II = 1> <Delay = 0.39> <FuncUnit> <Opcode : 'select'> <InPorts = 3> <OutPorts = 1>
ST_1 : Operation 35 [1/1] (0.39ns)   --->   "%select_ln458_2 = select i1 %icmp_ln458, i8 %bkgpix_0_3_0_0_0_load_1, i8 %HwReg_background_Y_R_val19_read" [/home/izaan/GitRepos/dpdma_exdes/vivado_quad_vmix/kv260_quad_vmix_dp.runs/bd_quad_vmix_dp_v_mix_0_0_synth_1/prj/sol/.autopilot/db/v_mix.cpp:458->/home/izaan/GitRepos/dpdma_exdes/vivado_quad_vmix/kv260_quad_vmix_dp.runs/bd_quad_vmix_dp_v_mix_0_0_synth_1/prj/sol/.autopilot/db/v_mix.cpp:717]   --->   Operation 35 'select' 'select_ln458_2' <Predicate = (!icmp_ln456)> <Delay = 0.39> <CoreInst = "Sel">   --->   Core 73 'Sel' <Latency = 0> <II = 1> <Delay = 0.39> <FuncUnit> <Opcode : 'select'> <InPorts = 3> <OutPorts = 1>
ST_1 : Operation 36 [1/1] (0.39ns)   --->   "%select_ln458_3 = select i1 %icmp_ln458, i8 %HwReg_background_Y_R_val19_read, i8 %bkgpix_0_0_0_0_0_load_1" [/home/izaan/GitRepos/dpdma_exdes/vivado_quad_vmix/kv260_quad_vmix_dp.runs/bd_quad_vmix_dp_v_mix_0_0_synth_1/prj/sol/.autopilot/db/v_mix.cpp:458->/home/izaan/GitRepos/dpdma_exdes/vivado_quad_vmix/kv260_quad_vmix_dp.runs/bd_quad_vmix_dp_v_mix_0_0_synth_1/prj/sol/.autopilot/db/v_mix.cpp:717]   --->   Operation 36 'select' 'select_ln458_3' <Predicate = (!icmp_ln456)> <Delay = 0.39> <CoreInst = "Sel">   --->   Core 73 'Sel' <Latency = 0> <II = 1> <Delay = 0.39> <FuncUnit> <Opcode : 'select'> <InPorts = 3> <OutPorts = 1>
ST_1 : Operation 37 [1/1] (0.39ns)   --->   "%select_ln458_4 = select i1 %icmp_ln458, i8 %bkgpix_0_5_0_0_0_load_1, i8 %HwReg_background_V_B_val21_read" [/home/izaan/GitRepos/dpdma_exdes/vivado_quad_vmix/kv260_quad_vmix_dp.runs/bd_quad_vmix_dp_v_mix_0_0_synth_1/prj/sol/.autopilot/db/v_mix.cpp:458->/home/izaan/GitRepos/dpdma_exdes/vivado_quad_vmix/kv260_quad_vmix_dp.runs/bd_quad_vmix_dp_v_mix_0_0_synth_1/prj/sol/.autopilot/db/v_mix.cpp:717]   --->   Operation 37 'select' 'select_ln458_4' <Predicate = (!icmp_ln456)> <Delay = 0.39> <CoreInst = "Sel">   --->   Core 73 'Sel' <Latency = 0> <II = 1> <Delay = 0.39> <FuncUnit> <Opcode : 'select'> <InPorts = 3> <OutPorts = 1>
ST_1 : Operation 38 [1/1] (0.39ns)   --->   "%select_ln458_5 = select i1 %icmp_ln458, i8 %HwReg_background_V_B_val21_read, i8 %bkgpix_0_2_0_0_0_load_1" [/home/izaan/GitRepos/dpdma_exdes/vivado_quad_vmix/kv260_quad_vmix_dp.runs/bd_quad_vmix_dp_v_mix_0_0_synth_1/prj/sol/.autopilot/db/v_mix.cpp:458->/home/izaan/GitRepos/dpdma_exdes/vivado_quad_vmix/kv260_quad_vmix_dp.runs/bd_quad_vmix_dp_v_mix_0_0_synth_1/prj/sol/.autopilot/db/v_mix.cpp:717]   --->   Operation 38 'select' 'select_ln458_5' <Predicate = (!icmp_ln456)> <Delay = 0.39> <CoreInst = "Sel">   --->   Core 73 'Sel' <Latency = 0> <II = 1> <Delay = 0.39> <FuncUnit> <Opcode : 'select'> <InPorts = 3> <OutPorts = 1>
ST_1 : Operation 39 [1/1] (0.00ns)   --->   "%store_ln458 = store i8 %select_ln458_4, i8 %bkgpix_0_5_0_0_0_load11_i" [/home/izaan/GitRepos/dpdma_exdes/vivado_quad_vmix/kv260_quad_vmix_dp.runs/bd_quad_vmix_dp_v_mix_0_0_synth_1/prj/sol/.autopilot/db/v_mix.cpp:458->/home/izaan/GitRepos/dpdma_exdes/vivado_quad_vmix/kv260_quad_vmix_dp.runs/bd_quad_vmix_dp_v_mix_0_0_synth_1/prj/sol/.autopilot/db/v_mix.cpp:717]   --->   Operation 39 'store' 'store_ln458' <Predicate = (!icmp_ln456)> <Delay = 0.00>
ST_1 : Operation 40 [1/1] (0.00ns)   --->   "%store_ln458 = store i8 %select_ln458_1, i8 %bkgpix_0_4_0_0_0_load9_i" [/home/izaan/GitRepos/dpdma_exdes/vivado_quad_vmix/kv260_quad_vmix_dp.runs/bd_quad_vmix_dp_v_mix_0_0_synth_1/prj/sol/.autopilot/db/v_mix.cpp:458->/home/izaan/GitRepos/dpdma_exdes/vivado_quad_vmix/kv260_quad_vmix_dp.runs/bd_quad_vmix_dp_v_mix_0_0_synth_1/prj/sol/.autopilot/db/v_mix.cpp:717]   --->   Operation 40 'store' 'store_ln458' <Predicate = (!icmp_ln456)> <Delay = 0.00>
ST_1 : Operation 41 [1/1] (0.00ns)   --->   "%store_ln458 = store i8 %select_ln458_2, i8 %bkgpix_0_3_0_0_0_load7_i" [/home/izaan/GitRepos/dpdma_exdes/vivado_quad_vmix/kv260_quad_vmix_dp.runs/bd_quad_vmix_dp_v_mix_0_0_synth_1/prj/sol/.autopilot/db/v_mix.cpp:458->/home/izaan/GitRepos/dpdma_exdes/vivado_quad_vmix/kv260_quad_vmix_dp.runs/bd_quad_vmix_dp_v_mix_0_0_synth_1/prj/sol/.autopilot/db/v_mix.cpp:717]   --->   Operation 41 'store' 'store_ln458' <Predicate = (!icmp_ln456)> <Delay = 0.00>
ST_1 : Operation 42 [1/1] (0.00ns)   --->   "%store_ln458 = store i8 %select_ln458_5, i8 %bkgpix_0_2_0_0_0_load5_i" [/home/izaan/GitRepos/dpdma_exdes/vivado_quad_vmix/kv260_quad_vmix_dp.runs/bd_quad_vmix_dp_v_mix_0_0_synth_1/prj/sol/.autopilot/db/v_mix.cpp:458->/home/izaan/GitRepos/dpdma_exdes/vivado_quad_vmix/kv260_quad_vmix_dp.runs/bd_quad_vmix_dp_v_mix_0_0_synth_1/prj/sol/.autopilot/db/v_mix.cpp:717]   --->   Operation 42 'store' 'store_ln458' <Predicate = (!icmp_ln456)> <Delay = 0.00>
ST_1 : Operation 43 [1/1] (0.00ns)   --->   "%store_ln458 = store i8 %select_ln458, i8 %bkgpix_0_1_0_0_0_load3_i" [/home/izaan/GitRepos/dpdma_exdes/vivado_quad_vmix/kv260_quad_vmix_dp.runs/bd_quad_vmix_dp_v_mix_0_0_synth_1/prj/sol/.autopilot/db/v_mix.cpp:458->/home/izaan/GitRepos/dpdma_exdes/vivado_quad_vmix/kv260_quad_vmix_dp.runs/bd_quad_vmix_dp_v_mix_0_0_synth_1/prj/sol/.autopilot/db/v_mix.cpp:717]   --->   Operation 43 'store' 'store_ln458' <Predicate = (!icmp_ln456)> <Delay = 0.00>
ST_1 : Operation 44 [1/1] (0.00ns)   --->   "%store_ln458 = store i8 %select_ln458_3, i8 %bkgpix_0_0_0_0_0_load1_i" [/home/izaan/GitRepos/dpdma_exdes/vivado_quad_vmix/kv260_quad_vmix_dp.runs/bd_quad_vmix_dp_v_mix_0_0_synth_1/prj/sol/.autopilot/db/v_mix.cpp:458->/home/izaan/GitRepos/dpdma_exdes/vivado_quad_vmix/kv260_quad_vmix_dp.runs/bd_quad_vmix_dp_v_mix_0_0_synth_1/prj/sol/.autopilot/db/v_mix.cpp:717]   --->   Operation 44 'store' 'store_ln458' <Predicate = (!icmp_ln456)> <Delay = 0.00>
ST_1 : Operation 45 [1/1] (0.42ns)   --->   "%store_ln440 = store i2 %add_ln456, i2 %k" [/home/izaan/GitRepos/dpdma_exdes/vivado_quad_vmix/kv260_quad_vmix_dp.runs/bd_quad_vmix_dp_v_mix_0_0_synth_1/prj/sol/.autopilot/db/v_mix.cpp:440->/home/izaan/GitRepos/dpdma_exdes/vivado_quad_vmix/kv260_quad_vmix_dp.runs/bd_quad_vmix_dp_v_mix_0_0_synth_1/prj/sol/.autopilot/db/v_mix.cpp:717]   --->   Operation 45 'store' 'store_ln440' <Predicate = (!icmp_ln456)> <Delay = 0.42>
ST_1 : Operation 46 [1/1] (0.00ns)   --->   "%br_ln456 = br void %for.inc.i" [/home/izaan/GitRepos/dpdma_exdes/vivado_quad_vmix/kv260_quad_vmix_dp.runs/bd_quad_vmix_dp_v_mix_0_0_synth_1/prj/sol/.autopilot/db/v_mix.cpp:456->/home/izaan/GitRepos/dpdma_exdes/vivado_quad_vmix/kv260_quad_vmix_dp.runs/bd_quad_vmix_dp_v_mix_0_0_synth_1/prj/sol/.autopilot/db/v_mix.cpp:717]   --->   Operation 46 'br' 'br_ln456' <Predicate = (!icmp_ln456)> <Delay = 0.00>
ST_1 : Operation 47 [1/1] (0.00ns)   --->   "%bkgpix_0_0_0_0_0_load = load i8 %bkgpix_0_0_0_0_0_load1_i"   --->   Operation 47 'load' 'bkgpix_0_0_0_0_0_load' <Predicate = (icmp_ln456)> <Delay = 0.00>
ST_1 : Operation 48 [1/1] (0.00ns)   --->   "%bkgpix_0_1_0_0_0_load = load i8 %bkgpix_0_1_0_0_0_load3_i"   --->   Operation 48 'load' 'bkgpix_0_1_0_0_0_load' <Predicate = (icmp_ln456)> <Delay = 0.00>
ST_1 : Operation 49 [1/1] (0.00ns)   --->   "%bkgpix_0_2_0_0_0_load = load i8 %bkgpix_0_2_0_0_0_load5_i"   --->   Operation 49 'load' 'bkgpix_0_2_0_0_0_load' <Predicate = (icmp_ln456)> <Delay = 0.00>
ST_1 : Operation 50 [1/1] (0.00ns)   --->   "%bkgpix_0_3_0_0_0_load = load i8 %bkgpix_0_3_0_0_0_load7_i"   --->   Operation 50 'load' 'bkgpix_0_3_0_0_0_load' <Predicate = (icmp_ln456)> <Delay = 0.00>
ST_1 : Operation 51 [1/1] (0.00ns)   --->   "%bkgpix_0_4_0_0_0_load = load i8 %bkgpix_0_4_0_0_0_load9_i"   --->   Operation 51 'load' 'bkgpix_0_4_0_0_0_load' <Predicate = (icmp_ln456)> <Delay = 0.00>
ST_1 : Operation 52 [1/1] (0.00ns)   --->   "%bkgpix_0_5_0_0_0_load = load i8 %bkgpix_0_5_0_0_0_load11_i"   --->   Operation 52 'load' 'bkgpix_0_5_0_0_0_load' <Predicate = (icmp_ln456)> <Delay = 0.00>
ST_1 : Operation 53 [1/1] (0.00ns)   --->   "%write_ln0 = write void @_ssdm_op_Write.ap_auto.i8P0A, i8 %bkgpix_0_5_0_0_0_load11_i_out, i8 %bkgpix_0_5_0_0_0_load"   --->   Operation 53 'write' 'write_ln0' <Predicate = (icmp_ln456)> <Delay = 0.00>
ST_1 : Operation 54 [1/1] (0.00ns)   --->   "%write_ln0 = write void @_ssdm_op_Write.ap_auto.i8P0A, i8 %bkgpix_0_4_0_0_0_load9_i_out, i8 %bkgpix_0_4_0_0_0_load"   --->   Operation 54 'write' 'write_ln0' <Predicate = (icmp_ln456)> <Delay = 0.00>
ST_1 : Operation 55 [1/1] (0.00ns)   --->   "%write_ln0 = write void @_ssdm_op_Write.ap_auto.i8P0A, i8 %bkgpix_0_3_0_0_0_load7_i_out, i8 %bkgpix_0_3_0_0_0_load"   --->   Operation 55 'write' 'write_ln0' <Predicate = (icmp_ln456)> <Delay = 0.00>
ST_1 : Operation 56 [1/1] (0.00ns)   --->   "%write_ln0 = write void @_ssdm_op_Write.ap_auto.i8P0A, i8 %bkgpix_0_2_0_0_0_load5_i_out, i8 %bkgpix_0_2_0_0_0_load"   --->   Operation 56 'write' 'write_ln0' <Predicate = (icmp_ln456)> <Delay = 0.00>
ST_1 : Operation 57 [1/1] (0.00ns)   --->   "%write_ln0 = write void @_ssdm_op_Write.ap_auto.i8P0A, i8 %bkgpix_0_1_0_0_0_load3_i_out, i8 %bkgpix_0_1_0_0_0_load"   --->   Operation 57 'write' 'write_ln0' <Predicate = (icmp_ln456)> <Delay = 0.00>
ST_1 : Operation 58 [1/1] (0.00ns)   --->   "%write_ln0 = write void @_ssdm_op_Write.ap_auto.i8P0A, i8 %bkgpix_0_0_0_0_0_load1_i_out, i8 %bkgpix_0_0_0_0_0_load"   --->   Operation 58 'write' 'write_ln0' <Predicate = (icmp_ln456)> <Delay = 0.00>
ST_1 : Operation 59 [1/1] (0.42ns)   --->   "%ret_ln0 = ret"   --->   Operation 59 'ret' 'ret_ln0' <Predicate = (icmp_ln456)> <Delay = 0.42>


============================================================
+ Verbose Summary: Binding
============================================================
STG Binding: 
---------------- STG Properties BEGIN ----------------
- Is combinational: 0
- Is one-state seq: 0
- Is datapath-only: 0
- Is pipelined: 0
- Is top level: 0
Port [ Return ] is wired: 1; IO mode=ap_ctrl_hs:ce=0
Port [ HwReg_background_U_G_val20]:  wired=1; compound=0; hidden=0; nouse=0; global=0; static=0; extern=0; dir=0; type=0; pingpong=0; private_global=0; IO mode=ap_stable:ce=0
Port [ HwReg_background_Y_R_val19]:  wired=1; compound=0; hidden=0; nouse=0; global=0; static=0; extern=0; dir=0; type=0; pingpong=0; private_global=0; IO mode=ap_stable:ce=0
Port [ HwReg_background_V_B_val21]:  wired=1; compound=0; hidden=0; nouse=0; global=0; static=0; extern=0; dir=0; type=0; pingpong=0; private_global=0; IO mode=ap_stable:ce=0
Port [ bkgpix_0_5_0_0_0_load11_i_out]:  wired=1; compound=0; hidden=0; nouse=0; global=0; static=0; extern=0; dir=1; type=0; pingpong=0; private_global=0; IO mode=ap_vld:ce=0
Port [ bkgpix_0_4_0_0_0_load9_i_out]:  wired=1; compound=0; hidden=0; nouse=0; global=0; static=0; extern=0; dir=1; type=0; pingpong=0; private_global=0; IO mode=ap_vld:ce=0
Port [ bkgpix_0_3_0_0_0_load7_i_out]:  wired=1; compound=0; hidden=0; nouse=0; global=0; static=0; extern=0; dir=1; type=0; pingpong=0; private_global=0; IO mode=ap_vld:ce=0
Port [ bkgpix_0_2_0_0_0_load5_i_out]:  wired=1; compound=0; hidden=0; nouse=0; global=0; static=0; extern=0; dir=1; type=0; pingpong=0; private_global=0; IO mode=ap_vld:ce=0
Port [ bkgpix_0_1_0_0_0_load3_i_out]:  wired=1; compound=0; hidden=0; nouse=0; global=0; static=0; extern=0; dir=1; type=0; pingpong=0; private_global=0; IO mode=ap_vld:ce=0
Port [ bkgpix_0_0_0_0_0_load1_i_out]:  wired=1; compound=0; hidden=0; nouse=0; global=0; static=0; extern=0; dir=1; type=0; pingpong=0; private_global=0; IO mode=ap_vld:ce=0
---------------- STG Properties END ------------------

---------------- Datapath Model BEGIN ----------------

<LifeTime>
<method=bitvector/>
k                               (alloca           ) [ 01]
bkgpix_0_0_0_0_0_load1_i        (alloca           ) [ 01]
bkgpix_0_1_0_0_0_load3_i        (alloca           ) [ 01]
bkgpix_0_2_0_0_0_load5_i        (alloca           ) [ 01]
bkgpix_0_3_0_0_0_load7_i        (alloca           ) [ 01]
bkgpix_0_4_0_0_0_load9_i        (alloca           ) [ 01]
bkgpix_0_5_0_0_0_load11_i       (alloca           ) [ 01]
specstablecontent_ln0           (specstablecontent) [ 00]
specstablecontent_ln0           (specstablecontent) [ 00]
specstablecontent_ln0           (specstablecontent) [ 00]
HwReg_background_V_B_val21_read (read             ) [ 00]
HwReg_background_Y_R_val19_read (read             ) [ 00]
HwReg_background_U_G_val20_read (read             ) [ 00]
store_ln440                     (store            ) [ 00]
br_ln0                          (br               ) [ 00]
k_1                             (load             ) [ 00]
icmp_ln456                      (icmp             ) [ 01]
add_ln456                       (add              ) [ 00]
br_ln456                        (br               ) [ 00]
bkgpix_0_0_0_0_0_load_1         (load             ) [ 00]
bkgpix_0_1_0_0_0_load_1         (load             ) [ 00]
bkgpix_0_2_0_0_0_load_1         (load             ) [ 00]
bkgpix_0_3_0_0_0_load_1         (load             ) [ 00]
bkgpix_0_4_0_0_0_load_1         (load             ) [ 00]
bkgpix_0_5_0_0_0_load_1         (load             ) [ 00]
specpipeline_ln440              (specpipeline     ) [ 00]
speclooptripcount_ln440         (speclooptripcount) [ 00]
specloopname_ln456              (specloopname     ) [ 00]
icmp_ln458                      (icmp             ) [ 00]
select_ln458                    (select           ) [ 00]
select_ln458_1                  (select           ) [ 00]
select_ln458_2                  (select           ) [ 00]
select_ln458_3                  (select           ) [ 00]
select_ln458_4                  (select           ) [ 00]
select_ln458_5                  (select           ) [ 00]
store_ln458                     (store            ) [ 00]
store_ln458                     (store            ) [ 00]
store_ln458                     (store            ) [ 00]
store_ln458                     (store            ) [ 00]
store_ln458                     (store            ) [ 00]
store_ln458                     (store            ) [ 00]
store_ln440                     (store            ) [ 00]
br_ln456                        (br               ) [ 00]
bkgpix_0_0_0_0_0_load           (load             ) [ 00]
bkgpix_0_1_0_0_0_load           (load             ) [ 00]
bkgpix_0_2_0_0_0_load           (load             ) [ 00]
bkgpix_0_3_0_0_0_load           (load             ) [ 00]
bkgpix_0_4_0_0_0_load           (load             ) [ 00]
bkgpix_0_5_0_0_0_load           (load             ) [ 00]
write_ln0                       (write            ) [ 00]
write_ln0                       (write            ) [ 00]
write_ln0                       (write            ) [ 00]
write_ln0                       (write            ) [ 00]
write_ln0                       (write            ) [ 00]
write_ln0                       (write            ) [ 00]
ret_ln0                         (ret              ) [ 00]
</LifeTime>

<model>

<comp_list>
<comp id="0" class="1000" name="HwReg_background_U_G_val20">
<pin_list>
<pin id="1" dir="1" index="0" bw="1" slack="0"/>
</pin_list>
<bind>
<StgValue><ssdm name="HwReg_background_U_G_val20"/></StgValue>
</bind>
</comp>

<comp id="2" class="1000" name="HwReg_background_Y_R_val19">
<pin_list>
<pin id="3" dir="1" index="0" bw="1" slack="0"/>
</pin_list>
<bind>
<StgValue><ssdm name="HwReg_background_Y_R_val19"/></StgValue>
</bind>
</comp>

<comp id="4" class="1000" name="HwReg_background_V_B_val21">
<pin_list>
<pin id="5" dir="1" index="0" bw="1" slack="0"/>
</pin_list>
<bind>
<StgValue><ssdm name="HwReg_background_V_B_val21"/></StgValue>
</bind>
</comp>

<comp id="6" class="1000" name="bkgpix_0_5_0_0_0_load11_i_out">
<pin_list>
<pin id="7" dir="1" index="0" bw="1" slack="0"/>
</pin_list>
<bind>
<StgValue><ssdm name="bkgpix_0_5_0_0_0_load11_i_out"/></StgValue>
</bind>
</comp>

<comp id="8" class="1000" name="bkgpix_0_4_0_0_0_load9_i_out">
<pin_list>
<pin id="9" dir="1" index="0" bw="1" slack="0"/>
</pin_list>
<bind>
<StgValue><ssdm name="bkgpix_0_4_0_0_0_load9_i_out"/></StgValue>
</bind>
</comp>

<comp id="10" class="1000" name="bkgpix_0_3_0_0_0_load7_i_out">
<pin_list>
<pin id="11" dir="1" index="0" bw="1" slack="0"/>
</pin_list>
<bind>
<StgValue><ssdm name="bkgpix_0_3_0_0_0_load7_i_out"/></StgValue>
</bind>
</comp>

<comp id="12" class="1000" name="bkgpix_0_2_0_0_0_load5_i_out">
<pin_list>
<pin id="13" dir="1" index="0" bw="1" slack="0"/>
</pin_list>
<bind>
<StgValue><ssdm name="bkgpix_0_2_0_0_0_load5_i_out"/></StgValue>
</bind>
</comp>

<comp id="14" class="1000" name="bkgpix_0_1_0_0_0_load3_i_out">
<pin_list>
<pin id="15" dir="1" index="0" bw="1" slack="0"/>
</pin_list>
<bind>
<StgValue><ssdm name="bkgpix_0_1_0_0_0_load3_i_out"/></StgValue>
</bind>
</comp>

<comp id="16" class="1000" name="bkgpix_0_0_0_0_0_load1_i_out">
<pin_list>
<pin id="17" dir="1" index="0" bw="1" slack="0"/>
</pin_list>
<bind>
<StgValue><ssdm name="bkgpix_0_0_0_0_0_load1_i_out"/></StgValue>
</bind>
</comp>

<comp id="18" class="1001" name="const_18">
<pin_list>
<pin id="19" dir="1" index="0" bw="1" slack="0"/>
</pin_list>
<bind>
<StgValue><ssdm name=""/></StgValue>
</bind>
</comp>

<comp id="20" class="1001" name="const_20">
<pin_list>
<pin id="21" dir="1" index="0" bw="1" slack="2147483647"/>
</pin_list>
<bind>
<StgValue><ssdm name="_ssdm_op_SpecStableContent"/></StgValue>
</bind>
</comp>

<comp id="22" class="1001" name="const_22">
<pin_list>
<pin id="23" dir="1" index="0" bw="1" slack="2147483647"/>
</pin_list>
<bind>
<StgValue><ssdm name=""/></StgValue>
</bind>
</comp>

<comp id="24" class="1001" name="const_24">
<pin_list>
<pin id="25" dir="1" index="0" bw="1" slack="0"/>
</pin_list>
<bind>
<StgValue><ssdm name="_ssdm_op_Read.ap_auto.i8"/></StgValue>
</bind>
</comp>

<comp id="26" class="1001" name="const_26">
<pin_list>
<pin id="27" dir="1" index="0" bw="1" slack="0"/>
</pin_list>
<bind>
<StgValue><ssdm name=""/></StgValue>
</bind>
</comp>

<comp id="28" class="1001" name="const_28">
<pin_list>
<pin id="29" dir="1" index="0" bw="1" slack="0"/>
</pin_list>
<bind>
<StgValue><ssdm name=""/></StgValue>
</bind>
</comp>

<comp id="30" class="1001" name="const_30">
<pin_list>
<pin id="31" dir="1" index="0" bw="1" slack="0"/>
</pin_list>
<bind>
<StgValue><ssdm name=""/></StgValue>
</bind>
</comp>

<comp id="32" class="1001" name="const_32">
<pin_list>
<pin id="33" dir="1" index="0" bw="1" slack="2147483647"/>
</pin_list>
<bind>
<StgValue><ssdm name="_ssdm_op_SpecPipeline"/></StgValue>
</bind>
</comp>

<comp id="34" class="1001" name="const_34">
<pin_list>
<pin id="35" dir="1" index="0" bw="1" slack="2147483647"/>
</pin_list>
<bind>
<StgValue><ssdm name=""/></StgValue>
</bind>
</comp>

<comp id="36" class="1001" name="const_36">
<pin_list>
<pin id="37" dir="1" index="0" bw="1" slack="2147483647"/>
</pin_list>
<bind>
<StgValue><ssdm name=""/></StgValue>
</bind>
</comp>

<comp id="38" class="1001" name="const_38">
<pin_list>
<pin id="39" dir="1" index="0" bw="1" slack="2147483647"/>
</pin_list>
<bind>
<StgValue><ssdm name="empty_54"/></StgValue>
</bind>
</comp>

<comp id="40" class="1001" name="const_40">
<pin_list>
<pin id="41" dir="1" index="0" bw="1" slack="2147483647"/>
</pin_list>
<bind>
<StgValue><ssdm name="_ssdm_op_SpecLoopTripCount"/></StgValue>
</bind>
</comp>

<comp id="42" class="1001" name="const_42">
<pin_list>
<pin id="43" dir="1" index="0" bw="1" slack="2147483647"/>
</pin_list>
<bind>
<StgValue><ssdm name=""/></StgValue>
</bind>
</comp>

<comp id="44" class="1001" name="const_44">
<pin_list>
<pin id="45" dir="1" index="0" bw="1" slack="2147483647"/>
</pin_list>
<bind>
<StgValue><ssdm name="_ssdm_op_SpecLoopName"/></StgValue>
</bind>
</comp>

<comp id="46" class="1001" name="const_46">
<pin_list>
<pin id="47" dir="1" index="0" bw="1" slack="2147483647"/>
</pin_list>
<bind>
<StgValue><ssdm name="empty_50"/></StgValue>
</bind>
</comp>

<comp id="48" class="1001" name="const_48">
<pin_list>
<pin id="49" dir="1" index="0" bw="1" slack="0"/>
</pin_list>
<bind>
<StgValue><ssdm name="_ssdm_op_Write.ap_auto.i8P0A"/></StgValue>
</bind>
</comp>

<comp id="50" class="1004" name="k_fu_50">
<pin_list>
<pin id="51" dir="0" index="0" bw="1" slack="0"/>
<pin id="52" dir="1" index="1" bw="2" slack="0"/>
</pin_list>
<bind>
<opcode="alloca(26) " fcode="alloca"/>
<opset="k/1 "/>
</bind>
</comp>

<comp id="54" class="1004" name="bkgpix_0_0_0_0_0_load1_i_fu_54">
<pin_list>
<pin id="55" dir="0" index="0" bw="1" slack="0"/>
<pin id="56" dir="1" index="1" bw="8" slack="0"/>
</pin_list>
<bind>
<opcode="alloca(26) " fcode="alloca"/>
<opset="bkgpix_0_0_0_0_0_load1_i/1 "/>
</bind>
</comp>

<comp id="58" class="1004" name="bkgpix_0_1_0_0_0_load3_i_fu_58">
<pin_list>
<pin id="59" dir="0" index="0" bw="1" slack="0"/>
<pin id="60" dir="1" index="1" bw="8" slack="0"/>
</pin_list>
<bind>
<opcode="alloca(26) " fcode="alloca"/>
<opset="bkgpix_0_1_0_0_0_load3_i/1 "/>
</bind>
</comp>

<comp id="62" class="1004" name="bkgpix_0_2_0_0_0_load5_i_fu_62">
<pin_list>
<pin id="63" dir="0" index="0" bw="1" slack="0"/>
<pin id="64" dir="1" index="1" bw="8" slack="0"/>
</pin_list>
<bind>
<opcode="alloca(26) " fcode="alloca"/>
<opset="bkgpix_0_2_0_0_0_load5_i/1 "/>
</bind>
</comp>

<comp id="66" class="1004" name="bkgpix_0_3_0_0_0_load7_i_fu_66">
<pin_list>
<pin id="67" dir="0" index="0" bw="1" slack="0"/>
<pin id="68" dir="1" index="1" bw="8" slack="0"/>
</pin_list>
<bind>
<opcode="alloca(26) " fcode="alloca"/>
<opset="bkgpix_0_3_0_0_0_load7_i/1 "/>
</bind>
</comp>

<comp id="70" class="1004" name="bkgpix_0_4_0_0_0_load9_i_fu_70">
<pin_list>
<pin id="71" dir="0" index="0" bw="1" slack="0"/>
<pin id="72" dir="1" index="1" bw="8" slack="0"/>
</pin_list>
<bind>
<opcode="alloca(26) " fcode="alloca"/>
<opset="bkgpix_0_4_0_0_0_load9_i/1 "/>
</bind>
</comp>

<comp id="74" class="1004" name="bkgpix_0_5_0_0_0_load11_i_fu_74">
<pin_list>
<pin id="75" dir="0" index="0" bw="1" slack="0"/>
<pin id="76" dir="1" index="1" bw="8" slack="0"/>
</pin_list>
<bind>
<opcode="alloca(26) " fcode="alloca"/>
<opset="bkgpix_0_5_0_0_0_load11_i/1 "/>
</bind>
</comp>

<comp id="78" class="1004" name="HwReg_background_V_B_val21_read_read_fu_78">
<pin_list>
<pin id="79" dir="0" index="0" bw="8" slack="0"/>
<pin id="80" dir="0" index="1" bw="8" slack="0"/>
<pin id="81" dir="1" index="2" bw="8" slack="0"/>
</pin_list>
<bind>
<opcode="read(1150) " fcode="read"/>
<opset="HwReg_background_V_B_val21_read/1 "/>
</bind>
</comp>

<comp id="84" class="1004" name="HwReg_background_Y_R_val19_read_read_fu_84">
<pin_list>
<pin id="85" dir="0" index="0" bw="8" slack="0"/>
<pin id="86" dir="0" index="1" bw="8" slack="0"/>
<pin id="87" dir="1" index="2" bw="8" slack="0"/>
</pin_list>
<bind>
<opcode="read(1150) " fcode="read"/>
<opset="HwReg_background_Y_R_val19_read/1 "/>
</bind>
</comp>

<comp id="90" class="1004" name="HwReg_background_U_G_val20_read_read_fu_90">
<pin_list>
<pin id="91" dir="0" index="0" bw="8" slack="0"/>
<pin id="92" dir="0" index="1" bw="8" slack="0"/>
<pin id="93" dir="1" index="2" bw="8" slack="0"/>
</pin_list>
<bind>
<opcode="read(1150) " fcode="read"/>
<opset="HwReg_background_U_G_val20_read/1 "/>
</bind>
</comp>

<comp id="96" class="1004" name="write_ln0_write_fu_96">
<pin_list>
<pin id="97" dir="0" index="0" bw="0" slack="0"/>
<pin id="98" dir="0" index="1" bw="8" slack="0"/>
<pin id="99" dir="0" index="2" bw="8" slack="0"/>
<pin id="100" dir="1" index="3" bw="0" slack="2147483647"/>
</pin_list>
<bind>
<opcode="write(1151) " fcode="write"/>
<opset="write_ln0/1 "/>
</bind>
</comp>

<comp id="103" class="1004" name="write_ln0_write_fu_103">
<pin_list>
<pin id="104" dir="0" index="0" bw="0" slack="0"/>
<pin id="105" dir="0" index="1" bw="8" slack="0"/>
<pin id="106" dir="0" index="2" bw="8" slack="0"/>
<pin id="107" dir="1" index="3" bw="0" slack="2147483647"/>
</pin_list>
<bind>
<opcode="write(1151) " fcode="write"/>
<opset="write_ln0/1 "/>
</bind>
</comp>

<comp id="110" class="1004" name="write_ln0_write_fu_110">
<pin_list>
<pin id="111" dir="0" index="0" bw="0" slack="0"/>
<pin id="112" dir="0" index="1" bw="8" slack="0"/>
<pin id="113" dir="0" index="2" bw="8" slack="0"/>
<pin id="114" dir="1" index="3" bw="0" slack="2147483647"/>
</pin_list>
<bind>
<opcode="write(1151) " fcode="write"/>
<opset="write_ln0/1 "/>
</bind>
</comp>

<comp id="117" class="1004" name="write_ln0_write_fu_117">
<pin_list>
<pin id="118" dir="0" index="0" bw="0" slack="0"/>
<pin id="119" dir="0" index="1" bw="8" slack="0"/>
<pin id="120" dir="0" index="2" bw="8" slack="0"/>
<pin id="121" dir="1" index="3" bw="0" slack="2147483647"/>
</pin_list>
<bind>
<opcode="write(1151) " fcode="write"/>
<opset="write_ln0/1 "/>
</bind>
</comp>

<comp id="124" class="1004" name="write_ln0_write_fu_124">
<pin_list>
<pin id="125" dir="0" index="0" bw="0" slack="0"/>
<pin id="126" dir="0" index="1" bw="8" slack="0"/>
<pin id="127" dir="0" index="2" bw="8" slack="0"/>
<pin id="128" dir="1" index="3" bw="0" slack="2147483647"/>
</pin_list>
<bind>
<opcode="write(1151) " fcode="write"/>
<opset="write_ln0/1 "/>
</bind>
</comp>

<comp id="131" class="1004" name="write_ln0_write_fu_131">
<pin_list>
<pin id="132" dir="0" index="0" bw="0" slack="0"/>
<pin id="133" dir="0" index="1" bw="8" slack="0"/>
<pin id="134" dir="0" index="2" bw="8" slack="0"/>
<pin id="135" dir="1" index="3" bw="0" slack="2147483647"/>
</pin_list>
<bind>
<opcode="write(1151) " fcode="write"/>
<opset="write_ln0/1 "/>
</bind>
</comp>

<comp id="138" class="1004" name="store_ln440_store_fu_138">
<pin_list>
<pin id="139" dir="0" index="0" bw="1" slack="0"/>
<pin id="140" dir="0" index="1" bw="2" slack="0"/>
<pin id="141" dir="1" index="2" bw="0" slack="2147483647"/>
</pin_list>
<bind>
<opcode="store(28) " fcode="store"/>
<opset="store_ln440/1 "/>
</bind>
</comp>

<comp id="143" class="1004" name="k_1_load_fu_143">
<pin_list>
<pin id="144" dir="0" index="0" bw="2" slack="0"/>
<pin id="145" dir="1" index="1" bw="2" slack="0"/>
</pin_list>
<bind>
<opcode="load(27) " fcode="load"/>
<opset="k_1/1 "/>
</bind>
</comp>

<comp id="146" class="1004" name="icmp_ln456_fu_146">
<pin_list>
<pin id="147" dir="0" index="0" bw="2" slack="0"/>
<pin id="148" dir="0" index="1" bw="2" slack="0"/>
<pin id="149" dir="1" index="2" bw="1" slack="2147483647"/>
</pin_list>
<bind>
<opcode="icmp(45) " fcode="icmp"/>
<opset="icmp_ln456/1 "/>
</bind>
</comp>

<comp id="152" class="1004" name="add_ln456_fu_152">
<pin_list>
<pin id="153" dir="0" index="0" bw="2" slack="0"/>
<pin id="154" dir="0" index="1" bw="1" slack="0"/>
<pin id="155" dir="1" index="2" bw="2" slack="0"/>
</pin_list>
<bind>
<opcode="add(8) " fcode="add"/>
<opset="add_ln456/1 "/>
</bind>
</comp>

<comp id="158" class="1004" name="bkgpix_0_0_0_0_0_load_1_load_fu_158">
<pin_list>
<pin id="159" dir="0" index="0" bw="8" slack="0"/>
<pin id="160" dir="1" index="1" bw="8" slack="0"/>
</pin_list>
<bind>
<opcode="load(27) " fcode="load"/>
<opset="bkgpix_0_0_0_0_0_load_1/1 "/>
</bind>
</comp>

<comp id="161" class="1004" name="bkgpix_0_1_0_0_0_load_1_load_fu_161">
<pin_list>
<pin id="162" dir="0" index="0" bw="8" slack="0"/>
<pin id="163" dir="1" index="1" bw="8" slack="0"/>
</pin_list>
<bind>
<opcode="load(27) " fcode="load"/>
<opset="bkgpix_0_1_0_0_0_load_1/1 "/>
</bind>
</comp>

<comp id="164" class="1004" name="bkgpix_0_2_0_0_0_load_1_load_fu_164">
<pin_list>
<pin id="165" dir="0" index="0" bw="8" slack="0"/>
<pin id="166" dir="1" index="1" bw="8" slack="0"/>
</pin_list>
<bind>
<opcode="load(27) " fcode="load"/>
<opset="bkgpix_0_2_0_0_0_load_1/1 "/>
</bind>
</comp>

<comp id="167" class="1004" name="bkgpix_0_3_0_0_0_load_1_load_fu_167">
<pin_list>
<pin id="168" dir="0" index="0" bw="8" slack="0"/>
<pin id="169" dir="1" index="1" bw="8" slack="0"/>
</pin_list>
<bind>
<opcode="load(27) " fcode="load"/>
<opset="bkgpix_0_3_0_0_0_load_1/1 "/>
</bind>
</comp>

<comp id="170" class="1004" name="bkgpix_0_4_0_0_0_load_1_load_fu_170">
<pin_list>
<pin id="171" dir="0" index="0" bw="8" slack="0"/>
<pin id="172" dir="1" index="1" bw="8" slack="0"/>
</pin_list>
<bind>
<opcode="load(27) " fcode="load"/>
<opset="bkgpix_0_4_0_0_0_load_1/1 "/>
</bind>
</comp>

<comp id="173" class="1004" name="bkgpix_0_5_0_0_0_load_1_load_fu_173">
<pin_list>
<pin id="174" dir="0" index="0" bw="8" slack="0"/>
<pin id="175" dir="1" index="1" bw="8" slack="0"/>
</pin_list>
<bind>
<opcode="load(27) " fcode="load"/>
<opset="bkgpix_0_5_0_0_0_load_1/1 "/>
</bind>
</comp>

<comp id="176" class="1004" name="icmp_ln458_fu_176">
<pin_list>
<pin id="177" dir="0" index="0" bw="2" slack="0"/>
<pin id="178" dir="0" index="1" bw="2" slack="0"/>
<pin id="179" dir="1" index="2" bw="1" slack="0"/>
</pin_list>
<bind>
<opcode="icmp(45) " fcode="icmp"/>
<opset="icmp_ln458/1 "/>
</bind>
</comp>

<comp id="182" class="1004" name="select_ln458_fu_182">
<pin_list>
<pin id="183" dir="0" index="0" bw="1" slack="0"/>
<pin id="184" dir="0" index="1" bw="8" slack="0"/>
<pin id="185" dir="0" index="2" bw="8" slack="0"/>
<pin id="186" dir="1" index="3" bw="8" slack="0"/>
</pin_list>
<bind>
<opcode="select(49) " fcode="select"/>
<opset="select_ln458/1 "/>
</bind>
</comp>

<comp id="190" class="1004" name="select_ln458_1_fu_190">
<pin_list>
<pin id="191" dir="0" index="0" bw="1" slack="0"/>
<pin id="192" dir="0" index="1" bw="8" slack="0"/>
<pin id="193" dir="0" index="2" bw="8" slack="0"/>
<pin id="194" dir="1" index="3" bw="8" slack="0"/>
</pin_list>
<bind>
<opcode="select(49) " fcode="select"/>
<opset="select_ln458_1/1 "/>
</bind>
</comp>

<comp id="198" class="1004" name="select_ln458_2_fu_198">
<pin_list>
<pin id="199" dir="0" index="0" bw="1" slack="0"/>
<pin id="200" dir="0" index="1" bw="8" slack="0"/>
<pin id="201" dir="0" index="2" bw="8" slack="0"/>
<pin id="202" dir="1" index="3" bw="8" slack="0"/>
</pin_list>
<bind>
<opcode="select(49) " fcode="select"/>
<opset="select_ln458_2/1 "/>
</bind>
</comp>

<comp id="206" class="1004" name="select_ln458_3_fu_206">
<pin_list>
<pin id="207" dir="0" index="0" bw="1" slack="0"/>
<pin id="208" dir="0" index="1" bw="8" slack="0"/>
<pin id="209" dir="0" index="2" bw="8" slack="0"/>
<pin id="210" dir="1" index="3" bw="8" slack="0"/>
</pin_list>
<bind>
<opcode="select(49) " fcode="select"/>
<opset="select_ln458_3/1 "/>
</bind>
</comp>

<comp id="214" class="1004" name="select_ln458_4_fu_214">
<pin_list>
<pin id="215" dir="0" index="0" bw="1" slack="0"/>
<pin id="216" dir="0" index="1" bw="8" slack="0"/>
<pin id="217" dir="0" index="2" bw="8" slack="0"/>
<pin id="218" dir="1" index="3" bw="8" slack="0"/>
</pin_list>
<bind>
<opcode="select(49) " fcode="select"/>
<opset="select_ln458_4/1 "/>
</bind>
</comp>

<comp id="222" class="1004" name="select_ln458_5_fu_222">
<pin_list>
<pin id="223" dir="0" index="0" bw="1" slack="0"/>
<pin id="224" dir="0" index="1" bw="8" slack="0"/>
<pin id="225" dir="0" index="2" bw="8" slack="0"/>
<pin id="226" dir="1" index="3" bw="8" slack="0"/>
</pin_list>
<bind>
<opcode="select(49) " fcode="select"/>
<opset="select_ln458_5/1 "/>
</bind>
</comp>

<comp id="230" class="1004" name="store_ln458_store_fu_230">
<pin_list>
<pin id="231" dir="0" index="0" bw="8" slack="0"/>
<pin id="232" dir="0" index="1" bw="8" slack="0"/>
<pin id="233" dir="1" index="2" bw="0" slack="2147483647"/>
</pin_list>
<bind>
<opcode="store(28) " fcode="store"/>
<opset="store_ln458/1 "/>
</bind>
</comp>

<comp id="235" class="1004" name="store_ln458_store_fu_235">
<pin_list>
<pin id="236" dir="0" index="0" bw="8" slack="0"/>
<pin id="237" dir="0" index="1" bw="8" slack="0"/>
<pin id="238" dir="1" index="2" bw="0" slack="2147483647"/>
</pin_list>
<bind>
<opcode="store(28) " fcode="store"/>
<opset="store_ln458/1 "/>
</bind>
</comp>

<comp id="240" class="1004" name="store_ln458_store_fu_240">
<pin_list>
<pin id="241" dir="0" index="0" bw="8" slack="0"/>
<pin id="242" dir="0" index="1" bw="8" slack="0"/>
<pin id="243" dir="1" index="2" bw="0" slack="2147483647"/>
</pin_list>
<bind>
<opcode="store(28) " fcode="store"/>
<opset="store_ln458/1 "/>
</bind>
</comp>

<comp id="245" class="1004" name="store_ln458_store_fu_245">
<pin_list>
<pin id="246" dir="0" index="0" bw="8" slack="0"/>
<pin id="247" dir="0" index="1" bw="8" slack="0"/>
<pin id="248" dir="1" index="2" bw="0" slack="2147483647"/>
</pin_list>
<bind>
<opcode="store(28) " fcode="store"/>
<opset="store_ln458/1 "/>
</bind>
</comp>

<comp id="250" class="1004" name="store_ln458_store_fu_250">
<pin_list>
<pin id="251" dir="0" index="0" bw="8" slack="0"/>
<pin id="252" dir="0" index="1" bw="8" slack="0"/>
<pin id="253" dir="1" index="2" bw="0" slack="2147483647"/>
</pin_list>
<bind>
<opcode="store(28) " fcode="store"/>
<opset="store_ln458/1 "/>
</bind>
</comp>

<comp id="255" class="1004" name="store_ln458_store_fu_255">
<pin_list>
<pin id="256" dir="0" index="0" bw="8" slack="0"/>
<pin id="257" dir="0" index="1" bw="8" slack="0"/>
<pin id="258" dir="1" index="2" bw="0" slack="2147483647"/>
</pin_list>
<bind>
<opcode="store(28) " fcode="store"/>
<opset="store_ln458/1 "/>
</bind>
</comp>

<comp id="260" class="1004" name="store_ln440_store_fu_260">
<pin_list>
<pin id="261" dir="0" index="0" bw="2" slack="0"/>
<pin id="262" dir="0" index="1" bw="2" slack="0"/>
<pin id="263" dir="1" index="2" bw="0" slack="2147483647"/>
</pin_list>
<bind>
<opcode="store(28) " fcode="store"/>
<opset="store_ln440/1 "/>
</bind>
</comp>

<comp id="265" class="1004" name="bkgpix_0_0_0_0_0_load_load_fu_265">
<pin_list>
<pin id="266" dir="0" index="0" bw="8" slack="0"/>
<pin id="267" dir="1" index="1" bw="8" slack="0"/>
</pin_list>
<bind>
<opcode="load(27) " fcode="load"/>
<opset="bkgpix_0_0_0_0_0_load/1 "/>
</bind>
</comp>

<comp id="269" class="1004" name="bkgpix_0_1_0_0_0_load_load_fu_269">
<pin_list>
<pin id="270" dir="0" index="0" bw="8" slack="0"/>
<pin id="271" dir="1" index="1" bw="8" slack="0"/>
</pin_list>
<bind>
<opcode="load(27) " fcode="load"/>
<opset="bkgpix_0_1_0_0_0_load/1 "/>
</bind>
</comp>

<comp id="273" class="1004" name="bkgpix_0_2_0_0_0_load_load_fu_273">
<pin_list>
<pin id="274" dir="0" index="0" bw="8" slack="0"/>
<pin id="275" dir="1" index="1" bw="8" slack="0"/>
</pin_list>
<bind>
<opcode="load(27) " fcode="load"/>
<opset="bkgpix_0_2_0_0_0_load/1 "/>
</bind>
</comp>

<comp id="277" class="1004" name="bkgpix_0_3_0_0_0_load_load_fu_277">
<pin_list>
<pin id="278" dir="0" index="0" bw="8" slack="0"/>
<pin id="279" dir="1" index="1" bw="8" slack="0"/>
</pin_list>
<bind>
<opcode="load(27) " fcode="load"/>
<opset="bkgpix_0_3_0_0_0_load/1 "/>
</bind>
</comp>

<comp id="281" class="1004" name="bkgpix_0_4_0_0_0_load_load_fu_281">
<pin_list>
<pin id="282" dir="0" index="0" bw="8" slack="0"/>
<pin id="283" dir="1" index="1" bw="8" slack="0"/>
</pin_list>
<bind>
<opcode="load(27) " fcode="load"/>
<opset="bkgpix_0_4_0_0_0_load/1 "/>
</bind>
</comp>

<comp id="285" class="1004" name="bkgpix_0_5_0_0_0_load_load_fu_285">
<pin_list>
<pin id="286" dir="0" index="0" bw="8" slack="0"/>
<pin id="287" dir="1" index="1" bw="8" slack="0"/>
</pin_list>
<bind>
<opcode="load(27) " fcode="load"/>
<opset="bkgpix_0_5_0_0_0_load/1 "/>
</bind>
</comp>

<comp id="289" class="1005" name="k_reg_289">
<pin_list>
<pin id="290" dir="0" index="0" bw="2" slack="0"/>
<pin id="291" dir="1" index="1" bw="2" slack="0"/>
</pin_list>
<bind>
<opset="k "/>
</bind>
</comp>

<comp id="296" class="1005" name="bkgpix_0_0_0_0_0_load1_i_reg_296">
<pin_list>
<pin id="297" dir="0" index="0" bw="8" slack="0"/>
<pin id="298" dir="1" index="1" bw="8" slack="0"/>
</pin_list>
<bind>
<opset="bkgpix_0_0_0_0_0_load1_i "/>
</bind>
</comp>

<comp id="303" class="1005" name="bkgpix_0_1_0_0_0_load3_i_reg_303">
<pin_list>
<pin id="304" dir="0" index="0" bw="8" slack="0"/>
<pin id="305" dir="1" index="1" bw="8" slack="0"/>
</pin_list>
<bind>
<opset="bkgpix_0_1_0_0_0_load3_i "/>
</bind>
</comp>

<comp id="310" class="1005" name="bkgpix_0_2_0_0_0_load5_i_reg_310">
<pin_list>
<pin id="311" dir="0" index="0" bw="8" slack="0"/>
<pin id="312" dir="1" index="1" bw="8" slack="0"/>
</pin_list>
<bind>
<opset="bkgpix_0_2_0_0_0_load5_i "/>
</bind>
</comp>

<comp id="317" class="1005" name="bkgpix_0_3_0_0_0_load7_i_reg_317">
<pin_list>
<pin id="318" dir="0" index="0" bw="8" slack="0"/>
<pin id="319" dir="1" index="1" bw="8" slack="0"/>
</pin_list>
<bind>
<opset="bkgpix_0_3_0_0_0_load7_i "/>
</bind>
</comp>

<comp id="324" class="1005" name="bkgpix_0_4_0_0_0_load9_i_reg_324">
<pin_list>
<pin id="325" dir="0" index="0" bw="8" slack="0"/>
<pin id="326" dir="1" index="1" bw="8" slack="0"/>
</pin_list>
<bind>
<opset="bkgpix_0_4_0_0_0_load9_i "/>
</bind>
</comp>

<comp id="331" class="1005" name="bkgpix_0_5_0_0_0_load11_i_reg_331">
<pin_list>
<pin id="332" dir="0" index="0" bw="8" slack="0"/>
<pin id="333" dir="1" index="1" bw="8" slack="0"/>
</pin_list>
<bind>
<opset="bkgpix_0_5_0_0_0_load11_i "/>
</bind>
</comp>

</comp_list>

<net_list>
<net id="53"><net_src comp="18" pin="0"/><net_sink comp="50" pin=0"/></net>

<net id="57"><net_src comp="18" pin="0"/><net_sink comp="54" pin=0"/></net>

<net id="61"><net_src comp="18" pin="0"/><net_sink comp="58" pin=0"/></net>

<net id="65"><net_src comp="18" pin="0"/><net_sink comp="62" pin=0"/></net>

<net id="69"><net_src comp="18" pin="0"/><net_sink comp="66" pin=0"/></net>

<net id="73"><net_src comp="18" pin="0"/><net_sink comp="70" pin=0"/></net>

<net id="77"><net_src comp="18" pin="0"/><net_sink comp="74" pin=0"/></net>

<net id="82"><net_src comp="24" pin="0"/><net_sink comp="78" pin=0"/></net>

<net id="83"><net_src comp="4" pin="0"/><net_sink comp="78" pin=1"/></net>

<net id="88"><net_src comp="24" pin="0"/><net_sink comp="84" pin=0"/></net>

<net id="89"><net_src comp="2" pin="0"/><net_sink comp="84" pin=1"/></net>

<net id="94"><net_src comp="24" pin="0"/><net_sink comp="90" pin=0"/></net>

<net id="95"><net_src comp="0" pin="0"/><net_sink comp="90" pin=1"/></net>

<net id="101"><net_src comp="48" pin="0"/><net_sink comp="96" pin=0"/></net>

<net id="102"><net_src comp="6" pin="0"/><net_sink comp="96" pin=1"/></net>

<net id="108"><net_src comp="48" pin="0"/><net_sink comp="103" pin=0"/></net>

<net id="109"><net_src comp="8" pin="0"/><net_sink comp="103" pin=1"/></net>

<net id="115"><net_src comp="48" pin="0"/><net_sink comp="110" pin=0"/></net>

<net id="116"><net_src comp="10" pin="0"/><net_sink comp="110" pin=1"/></net>

<net id="122"><net_src comp="48" pin="0"/><net_sink comp="117" pin=0"/></net>

<net id="123"><net_src comp="12" pin="0"/><net_sink comp="117" pin=1"/></net>

<net id="129"><net_src comp="48" pin="0"/><net_sink comp="124" pin=0"/></net>

<net id="130"><net_src comp="14" pin="0"/><net_sink comp="124" pin=1"/></net>

<net id="136"><net_src comp="48" pin="0"/><net_sink comp="131" pin=0"/></net>

<net id="137"><net_src comp="16" pin="0"/><net_sink comp="131" pin=1"/></net>

<net id="142"><net_src comp="26" pin="0"/><net_sink comp="138" pin=0"/></net>

<net id="150"><net_src comp="143" pin="1"/><net_sink comp="146" pin=0"/></net>

<net id="151"><net_src comp="28" pin="0"/><net_sink comp="146" pin=1"/></net>

<net id="156"><net_src comp="143" pin="1"/><net_sink comp="152" pin=0"/></net>

<net id="157"><net_src comp="30" pin="0"/><net_sink comp="152" pin=1"/></net>

<net id="180"><net_src comp="143" pin="1"/><net_sink comp="176" pin=0"/></net>

<net id="181"><net_src comp="26" pin="0"/><net_sink comp="176" pin=1"/></net>

<net id="187"><net_src comp="176" pin="2"/><net_sink comp="182" pin=0"/></net>

<net id="188"><net_src comp="90" pin="2"/><net_sink comp="182" pin=1"/></net>

<net id="189"><net_src comp="161" pin="1"/><net_sink comp="182" pin=2"/></net>

<net id="195"><net_src comp="176" pin="2"/><net_sink comp="190" pin=0"/></net>

<net id="196"><net_src comp="170" pin="1"/><net_sink comp="190" pin=1"/></net>

<net id="197"><net_src comp="90" pin="2"/><net_sink comp="190" pin=2"/></net>

<net id="203"><net_src comp="176" pin="2"/><net_sink comp="198" pin=0"/></net>

<net id="204"><net_src comp="167" pin="1"/><net_sink comp="198" pin=1"/></net>

<net id="205"><net_src comp="84" pin="2"/><net_sink comp="198" pin=2"/></net>

<net id="211"><net_src comp="176" pin="2"/><net_sink comp="206" pin=0"/></net>

<net id="212"><net_src comp="84" pin="2"/><net_sink comp="206" pin=1"/></net>

<net id="213"><net_src comp="158" pin="1"/><net_sink comp="206" pin=2"/></net>

<net id="219"><net_src comp="176" pin="2"/><net_sink comp="214" pin=0"/></net>

<net id="220"><net_src comp="173" pin="1"/><net_sink comp="214" pin=1"/></net>

<net id="221"><net_src comp="78" pin="2"/><net_sink comp="214" pin=2"/></net>

<net id="227"><net_src comp="176" pin="2"/><net_sink comp="222" pin=0"/></net>

<net id="228"><net_src comp="78" pin="2"/><net_sink comp="222" pin=1"/></net>

<net id="229"><net_src comp="164" pin="1"/><net_sink comp="222" pin=2"/></net>

<net id="234"><net_src comp="214" pin="3"/><net_sink comp="230" pin=0"/></net>

<net id="239"><net_src comp="190" pin="3"/><net_sink comp="235" pin=0"/></net>

<net id="244"><net_src comp="198" pin="3"/><net_sink comp="240" pin=0"/></net>

<net id="249"><net_src comp="222" pin="3"/><net_sink comp="245" pin=0"/></net>

<net id="254"><net_src comp="182" pin="3"/><net_sink comp="250" pin=0"/></net>

<net id="259"><net_src comp="206" pin="3"/><net_sink comp="255" pin=0"/></net>

<net id="264"><net_src comp="152" pin="2"/><net_sink comp="260" pin=0"/></net>

<net id="268"><net_src comp="265" pin="1"/><net_sink comp="131" pin=2"/></net>

<net id="272"><net_src comp="269" pin="1"/><net_sink comp="124" pin=2"/></net>

<net id="276"><net_src comp="273" pin="1"/><net_sink comp="117" pin=2"/></net>

<net id="280"><net_src comp="277" pin="1"/><net_sink comp="110" pin=2"/></net>

<net id="284"><net_src comp="281" pin="1"/><net_sink comp="103" pin=2"/></net>

<net id="288"><net_src comp="285" pin="1"/><net_sink comp="96" pin=2"/></net>

<net id="292"><net_src comp="50" pin="1"/><net_sink comp="289" pin=0"/></net>

<net id="293"><net_src comp="289" pin="1"/><net_sink comp="138" pin=1"/></net>

<net id="294"><net_src comp="289" pin="1"/><net_sink comp="143" pin=0"/></net>

<net id="295"><net_src comp="289" pin="1"/><net_sink comp="260" pin=1"/></net>

<net id="299"><net_src comp="54" pin="1"/><net_sink comp="296" pin=0"/></net>

<net id="300"><net_src comp="296" pin="1"/><net_sink comp="158" pin=0"/></net>

<net id="301"><net_src comp="296" pin="1"/><net_sink comp="255" pin=1"/></net>

<net id="302"><net_src comp="296" pin="1"/><net_sink comp="265" pin=0"/></net>

<net id="306"><net_src comp="58" pin="1"/><net_sink comp="303" pin=0"/></net>

<net id="307"><net_src comp="303" pin="1"/><net_sink comp="161" pin=0"/></net>

<net id="308"><net_src comp="303" pin="1"/><net_sink comp="250" pin=1"/></net>

<net id="309"><net_src comp="303" pin="1"/><net_sink comp="269" pin=0"/></net>

<net id="313"><net_src comp="62" pin="1"/><net_sink comp="310" pin=0"/></net>

<net id="314"><net_src comp="310" pin="1"/><net_sink comp="164" pin=0"/></net>

<net id="315"><net_src comp="310" pin="1"/><net_sink comp="245" pin=1"/></net>

<net id="316"><net_src comp="310" pin="1"/><net_sink comp="273" pin=0"/></net>

<net id="320"><net_src comp="66" pin="1"/><net_sink comp="317" pin=0"/></net>

<net id="321"><net_src comp="317" pin="1"/><net_sink comp="167" pin=0"/></net>

<net id="322"><net_src comp="317" pin="1"/><net_sink comp="240" pin=1"/></net>

<net id="323"><net_src comp="317" pin="1"/><net_sink comp="277" pin=0"/></net>

<net id="327"><net_src comp="70" pin="1"/><net_sink comp="324" pin=0"/></net>

<net id="328"><net_src comp="324" pin="1"/><net_sink comp="170" pin=0"/></net>

<net id="329"><net_src comp="324" pin="1"/><net_sink comp="235" pin=1"/></net>

<net id="330"><net_src comp="324" pin="1"/><net_sink comp="281" pin=0"/></net>

<net id="334"><net_src comp="74" pin="1"/><net_sink comp="331" pin=0"/></net>

<net id="335"><net_src comp="331" pin="1"/><net_sink comp="173" pin=0"/></net>

<net id="336"><net_src comp="331" pin="1"/><net_sink comp="230" pin=1"/></net>

<net id="337"><net_src comp="331" pin="1"/><net_sink comp="285" pin=0"/></net>

</net_list>

</model> 
---------------- Datapath Model END ------------------

* FSMD analyzer results:
  - Output states:
	Port: bkgpix_0_5_0_0_0_load11_i_out | {1 }
	Port: bkgpix_0_4_0_0_0_load9_i_out | {1 }
	Port: bkgpix_0_3_0_0_0_load7_i_out | {1 }
	Port: bkgpix_0_2_0_0_0_load5_i_out | {1 }
	Port: bkgpix_0_1_0_0_0_load3_i_out | {1 }
	Port: bkgpix_0_0_0_0_0_load1_i_out | {1 }
 - Input state : 
	Port: v_mix_core_alpha<false, false>_Pipeline_VITIS_LOOP_456_1 : HwReg_background_U_G_val20 | {1 }
	Port: v_mix_core_alpha<false, false>_Pipeline_VITIS_LOOP_456_1 : HwReg_background_Y_R_val19 | {1 }
	Port: v_mix_core_alpha<false, false>_Pipeline_VITIS_LOOP_456_1 : HwReg_background_V_B_val21 | {1 }
  - Chain level:
	State 1
		store_ln440 : 1
		k_1 : 1
		icmp_ln456 : 2
		add_ln456 : 2
		br_ln456 : 3
		bkgpix_0_0_0_0_0_load_1 : 1
		bkgpix_0_1_0_0_0_load_1 : 1
		bkgpix_0_2_0_0_0_load_1 : 1
		bkgpix_0_3_0_0_0_load_1 : 1
		bkgpix_0_4_0_0_0_load_1 : 1
		bkgpix_0_5_0_0_0_load_1 : 1
		icmp_ln458 : 2
		select_ln458 : 3
		select_ln458_1 : 3
		select_ln458_2 : 3
		select_ln458_3 : 3
		select_ln458_4 : 3
		select_ln458_5 : 3
		store_ln458 : 4
		store_ln458 : 4
		store_ln458 : 4
		store_ln458 : 4
		store_ln458 : 4
		store_ln458 : 4
		store_ln440 : 3
		bkgpix_0_0_0_0_0_load : 1
		bkgpix_0_1_0_0_0_load : 1
		bkgpix_0_2_0_0_0_load : 1
		bkgpix_0_3_0_0_0_load : 1
		bkgpix_0_4_0_0_0_load : 1
		bkgpix_0_5_0_0_0_load : 1
		write_ln0 : 2
		write_ln0 : 2
		write_ln0 : 2
		write_ln0 : 2
		write_ln0 : 2
		write_ln0 : 2


============================================================
+ Verbose Summary: Datapath Resource usage 
============================================================

* Functional unit list:
|----------|--------------------------------------------|---------|---------|
| Operation|               Functional Unit              |    FF   |   LUT   |
|----------|--------------------------------------------|---------|---------|
|          |             select_ln458_fu_182            |    0    |    8    |
|          |            select_ln458_1_fu_190           |    0    |    8    |
|  select  |            select_ln458_2_fu_198           |    0    |    8    |
|          |            select_ln458_3_fu_206           |    0    |    8    |
|          |            select_ln458_4_fu_214           |    0    |    8    |
|          |            select_ln458_5_fu_222           |    0    |    8    |
|----------|--------------------------------------------|---------|---------|
|   icmp   |              icmp_ln456_fu_146             |    0    |    9    |
|          |              icmp_ln458_fu_176             |    0    |    9    |
|----------|--------------------------------------------|---------|---------|
|    add   |              add_ln456_fu_152              |    0    |    9    |
|----------|--------------------------------------------|---------|---------|
|          | HwReg_background_V_B_val21_read_read_fu_78 |    0    |    0    |
|   read   | HwReg_background_Y_R_val19_read_read_fu_84 |    0    |    0    |
|          | HwReg_background_U_G_val20_read_read_fu_90 |    0    |    0    |
|----------|--------------------------------------------|---------|---------|
|          |            write_ln0_write_fu_96           |    0    |    0    |
|          |           write_ln0_write_fu_103           |    0    |    0    |
|   write  |           write_ln0_write_fu_110           |    0    |    0    |
|          |           write_ln0_write_fu_117           |    0    |    0    |
|          |           write_ln0_write_fu_124           |    0    |    0    |
|          |           write_ln0_write_fu_131           |    0    |    0    |
|----------|--------------------------------------------|---------|---------|
|   Total  |                                            |    0    |    75   |
|----------|--------------------------------------------|---------|---------|

Memories:
N/A

* Register list:
+---------------------------------+--------+
|                                 |   FF   |
+---------------------------------+--------+
| bkgpix_0_0_0_0_0_load1_i_reg_296|    8   |
| bkgpix_0_1_0_0_0_load3_i_reg_303|    8   |
| bkgpix_0_2_0_0_0_load5_i_reg_310|    8   |
| bkgpix_0_3_0_0_0_load7_i_reg_317|    8   |
| bkgpix_0_4_0_0_0_load9_i_reg_324|    8   |
|bkgpix_0_5_0_0_0_load11_i_reg_331|    8   |
|            k_reg_289            |    2   |
+---------------------------------+--------+
|              Total              |   50   |
+---------------------------------+--------+

* Multiplexer (MUX) list: 
|--------|------|------|------|--------|
|  Comp  |  Pin | Size |  BW  | S x BW |
|--------|------|------|------|--------|
|  Total |      |      |      |    0   |
|--------|------|------|------|--------|



* Summary:
+-----------+--------+--------+
|           |   FF   |   LUT  |
+-----------+--------+--------+
|  Function |    0   |   75   |
|   Memory  |    -   |    -   |
|Multiplexer|    -   |    -   |
|  Register |   50   |    -   |
+-----------+--------+--------+
|   Total   |   50   |   75   |
+-----------+--------+--------+
