

================================================================
== Vitis HLS Report for 'tpgBackground'
================================================================
* Date:           Mon Apr 27 12:25:03 2026

* Version:        2024.2 (Build 5238294 on Nov  8 2024)
* Project:        prj
* Solution:       sol (Vivado IP Flow Target)
* Product family: zynquplus
* Target device:  xck26-sfvc784-2LV-c


================================================================
== Performance Estimates
================================================================
+ Timing: 
    * Summary: 
    +--------+---------+----------+------------+
    |  Clock |  Target | Estimated| Uncertainty|
    +--------+---------+----------+------------+
    |ap_clk  |  6.67 ns|  2.261 ns|     1.80 ns|
    +--------+---------+----------+------------+

+ Latency: 
    * Summary: 
    +---------+------------+-----------+------------+-----+------------+---------+
    |   Latency (cycles)   |   Latency (absolute)   |     Interval     | Pipeline|
    |   min   |     max    |    min    |     max    | min |     max    |   Type  |
    +---------+------------+-----------+------------+-----+------------+---------+
    |        2|  2147844092|  13.334 ns|  14.320 sec|    2|  2147844092|       no|
    +---------+------------+-----------+------------+-----+------------+---------+

    + Detail: 
        * Instance: 
        +----------------------------------------------------+-----------------------------------------+---------+---------+-----------+----------+-----+-------+------------------------------------------------+
        |                                                    |                                         |  Latency (cycles) |  Latency (absolute)  |   Interval  |                    Pipeline                    |
        |                      Instance                      |                  Module                 |   min   |   max   |    min    |    max   | min |  max  |                      Type                      |
        +----------------------------------------------------+-----------------------------------------+---------+---------+-----------+----------+-----+-------+------------------------------------------------+
        |grp_tpgBackground_Pipeline_VITIS_LOOP_565_2_fu_255  |tpgBackground_Pipeline_VITIS_LOOP_565_2  |        4|    32771|  26.668 ns|  0.218 ms|    2|  32769|  loop auto-rewind stp (delay=0 clock cycles(s))|
        +----------------------------------------------------+-----------------------------------------+---------+---------+-----------+----------+-----+-------+------------------------------------------------+

        * Loop: 
        +--------------------+---------+------------+-----------+-----------+-----------+-----------+----------+
        |                    |   Latency (cycles)   | Iteration |  Initiation Interval  |    Trip   |          |
        |      Loop Name     |   min   |     max    |  Latency  |  achieved |   target  |   Count   | Pipelined|
        +--------------------+---------+------------+-----------+-----------+-----------+-----------+----------+
        |- VITIS_LOOP_563_1  |        0|  2147844090|  7 ~ 32774|          -|          -|  0 ~ 65535|        no|
        +--------------------+---------+------------+-----------+-----------+-----------+-----------+----------+

============================================================
+ Verbose Summary: Synthesis Manager
============================================================
InlineROM: 1
ExposeGlobal: 0
============================================================
+ Verbose Summary: CDFG Model
============================================================
IsTopModel: 0
ResetActiveHigh: 1
IsCombinational: 2
IsDatapathOnly: 0
HasWiredReturn: 1
HasMFsm: 0
HasVarLatency: 1
IsPipeline: 0
IsRtlPipelined: 0
IsInstanceOverlapped: 0
IsDontTouch: 0
HasImplIP: 0
IsGatedGlobalClock: 0


============================================================
+ Verbose Summary: Schedule
============================================================
* Number of FSM states : 5
* Pipeline : 0
* Dataflow Pipeline: 0

* FSM state transitions: 
1 --> 2 
2 --> 3 
3 --> 4 
4 --> 5 
5 --> 3 

* FSM state operations: 

State 1 <SV = 0> <Delay = 1.83>
ST_1 : Operation 6 [1/1] (0.00ns)   --->   "%y = alloca i32 1" [/home/izaan/GitRepos/dpdma_exdes/vivado_quad_vmix/kv260_quad_vmix_dp.runs/bd_quad_vmix_dp_v_tpg_2_0_synth_1/prj/sol/.autopilot/db/v_tpg.cpp:549]   --->   Operation 6 'alloca' 'y' <Predicate = true> <Delay = 0.00>
ST_1 : Operation 7 [1/1] (0.00ns)   --->   "%outpix_0_0_0_0_0_load321_lcssa334 = alloca i32 1"   --->   Operation 7 'alloca' 'outpix_0_0_0_0_0_load321_lcssa334' <Predicate = true> <Delay = 0.00>
ST_1 : Operation 8 [1/1] (0.00ns)   --->   "%outpix_0_1_0_0_0_load323_lcssa337 = alloca i32 1"   --->   Operation 8 'alloca' 'outpix_0_1_0_0_0_load323_lcssa337' <Predicate = true> <Delay = 0.00>
ST_1 : Operation 9 [1/1] (0.00ns)   --->   "%outpix_0_2_0_0_0_load325_lcssa340 = alloca i32 1"   --->   Operation 9 'alloca' 'outpix_0_2_0_0_0_load325_lcssa340' <Predicate = true> <Delay = 0.00>
ST_1 : Operation 10 [1/1] (0.00ns)   --->   "%outpix_0_3_0_0_0_load327_lcssa343 = alloca i32 1"   --->   Operation 10 'alloca' 'outpix_0_3_0_0_0_load327_lcssa343' <Predicate = true> <Delay = 0.00>
ST_1 : Operation 11 [1/1] (0.00ns)   --->   "%outpix_0_4_0_0_0_load329_lcssa346 = alloca i32 1"   --->   Operation 11 'alloca' 'outpix_0_4_0_0_0_load329_lcssa346' <Predicate = true> <Delay = 0.00>
ST_1 : Operation 12 [1/1] (0.00ns)   --->   "%outpix_0_5_0_0_0_load331_lcssa349 = alloca i32 1"   --->   Operation 12 'alloca' 'outpix_0_5_0_0_0_load331_lcssa349' <Predicate = true> <Delay = 0.00>
ST_1 : Operation 13 [1/1] (0.00ns)   --->   "%hdata_loc_0 = alloca i32 1"   --->   Operation 13 'alloca' 'hdata_loc_0' <Predicate = true> <Delay = 0.00>
ST_1 : Operation 14 [1/1] (0.00ns)   --->   "%hdata_new_0 = alloca i32 1"   --->   Operation 14 'alloca' 'hdata_new_0' <Predicate = true> <Delay = 0.00>
ST_1 : Operation 15 [1/1] (0.00ns)   --->   "%rampVal_loc_0 = alloca i32 1"   --->   Operation 15 'alloca' 'rampVal_loc_0' <Predicate = true> <Delay = 0.00>
ST_1 : Operation 16 [1/1] (0.00ns)   --->   "%rampVal_1_loc_0 = alloca i32 1"   --->   Operation 16 'alloca' 'rampVal_1_loc_0' <Predicate = true> <Delay = 0.00>
ST_1 : Operation 17 [1/1] (0.00ns)   --->   "%rampVal_1_new_0 = alloca i32 1"   --->   Operation 17 'alloca' 'rampVal_1_new_0' <Predicate = true> <Delay = 0.00>
ST_1 : Operation 18 [1/1] (0.00ns)   --->   "%colorFormat_val_read = read i8 @_ssdm_op_Read.ap_auto.i8, i8 %colorFormat_val"   --->   Operation 18 'read' 'colorFormat_val_read' <Predicate = true> <Delay = 0.00>
ST_1 : Operation 19 [1/1] (0.00ns)   --->   "%motionSpeed_val_read = read i8 @_ssdm_op_Read.ap_auto.i8, i8 %motionSpeed_val"   --->   Operation 19 'read' 'motionSpeed_val_read' <Predicate = true> <Delay = 0.00>
ST_1 : Operation 20 [1/1] (0.00ns)   --->   "%width_val_read = read i16 @_ssdm_op_Read.ap_auto.i16, i16 %width_val"   --->   Operation 20 'read' 'width_val_read' <Predicate = true> <Delay = 0.00>
ST_1 : Operation 21 [1/1] (0.00ns)   --->   "%height_val_read = read i16 @_ssdm_op_Read.ap_auto.i16, i16 %height_val"   --->   Operation 21 'read' 'height_val_read' <Predicate = true> <Delay = 0.00>
ST_1 : Operation 22 [1/1] (0.00ns)   --->   "%hdata_flag_1_loc = alloca i64 1"   --->   Operation 22 'alloca' 'hdata_flag_1_loc' <Predicate = true> <Delay = 0.00>
ST_1 : Operation 23 [1/1] (0.00ns)   --->   "%rampVal_1_flag_1_loc = alloca i64 1"   --->   Operation 23 'alloca' 'rampVal_1_flag_1_loc' <Predicate = true> <Delay = 0.00>
ST_1 : Operation 24 [1/1] ( I:1.83ns O:1.83ns )   --->   "%write_ln0 = write void @_ssdm_op_Write.ap_fifo.i8P0A, i8 %colorFormat_val17_c5, i8 %colorFormat_val_read"   --->   Operation 24 'write' 'write_ln0' <Predicate = true> <Delay = 1.83> <CoreInst = "FIFO_SRL">   --->   Core 80 'FIFO_SRL' <Latency = 0> <II = 1> <Delay = 1.83> <Storage> <Opcode : 'read' 'write' 'nbread' 'nbwrite'> <Ports = 0> <Width = 8> <Depth = 2> <FIFO>
ST_1 : Operation 25 [1/1] ( I:1.83ns O:1.83ns )   --->   "%write_ln0 = write void @_ssdm_op_Write.ap_fifo.i8P0A, i8 %motionSpeed_val14_c, i8 %motionSpeed_val_read"   --->   Operation 25 'write' 'write_ln0' <Predicate = true> <Delay = 1.83> <CoreInst = "FIFO_SRL">   --->   Core 80 'FIFO_SRL' <Latency = 0> <II = 1> <Delay = 1.83> <Storage> <Opcode : 'read' 'write' 'nbread' 'nbwrite'> <Ports = 0> <Width = 8> <Depth = 2> <FIFO>
ST_1 : Operation 26 [1/1] ( I:1.83ns O:1.83ns )   --->   "%write_ln0 = write void @_ssdm_op_Write.ap_fifo.i16P0A, i16 %width_val7_c4, i16 %width_val_read"   --->   Operation 26 'write' 'write_ln0' <Predicate = true> <Delay = 1.83> <CoreInst = "FIFO_SRL">   --->   Core 80 'FIFO_SRL' <Latency = 0> <II = 1> <Delay = 1.83> <Storage> <Opcode : 'read' 'write' 'nbread' 'nbwrite'> <Ports = 0> <Width = 16> <Depth = 2> <FIFO>
ST_1 : Operation 27 [1/1] ( I:1.83ns O:1.83ns )   --->   "%write_ln0 = write void @_ssdm_op_Write.ap_fifo.i16P0A, i16 %height_val4_c3, i16 %height_val_read"   --->   Operation 27 'write' 'write_ln0' <Predicate = true> <Delay = 1.83> <CoreInst = "FIFO_SRL">   --->   Core 80 'FIFO_SRL' <Latency = 0> <II = 1> <Delay = 1.83> <Storage> <Opcode : 'read' 'write' 'nbread' 'nbwrite'> <Ports = 0> <Width = 16> <Depth = 2> <FIFO>
ST_1 : Operation 28 [1/1] (0.00ns)   --->   "%tmp = partselect i7 @_ssdm_op_PartSelect.i7.i8.i32.i32, i8 %colorFormat_val_read, i32 1, i32 7"   --->   Operation 28 'partselect' 'tmp' <Predicate = true> <Delay = 0.00>
ST_1 : Operation 29 [1/1] (0.76ns)   --->   "%cmp6_i146 = icmp_eq  i8 %colorFormat_val_read, i8 1"   --->   Operation 29 'icmp' 'cmp6_i146' <Predicate = true> <Delay = 0.76> <CoreInst = "Cmp">   --->   Core 9 'Cmp' <Latency = 0> <II = 1> <Delay = 0.76> <FuncUnit> <Opcode : 'seteq' 'setne' 'setle' 'setge' 'setlt' 'setgt'> <InPorts = 2> <OutPorts = 1>
ST_1 : Operation 30 [1/1] (0.20ns)   --->   "%idxprom13_1_i150_cast_cast_cast = select i1 %cmp6_i146, i64 1, i64 2"   --->   Operation 30 'select' 'idxprom13_1_i150_cast_cast_cast' <Predicate = true> <Delay = 0.20> <CoreInst = "Sel">   --->   Core 73 'Sel' <Latency = 0> <II = 1> <Delay = 0.20> <FuncUnit> <Opcode : 'select'> <InPorts = 3> <OutPorts = 1>
ST_1 : Operation 31 [1/1] (0.00ns)   --->   "%blkYuv_addr = getelementptr i8 %blkYuv, i64 0, i64 %idxprom13_1_i150_cast_cast_cast"   --->   Operation 31 'getelementptr' 'blkYuv_addr' <Predicate = true> <Delay = 0.00>
ST_1 : Operation 32 [2/2] (0.67ns)   --->   "%blkYuv_load = load i2 %blkYuv_addr" [/home/izaan/GitRepos/dpdma_exdes/vivado_quad_vmix/kv260_quad_vmix_dp.runs/bd_quad_vmix_dp_v_tpg_2_0_synth_1/prj/sol/.autopilot/db/v_tpg.cpp:1206->/home/izaan/GitRepos/dpdma_exdes/vivado_quad_vmix/kv260_quad_vmix_dp.runs/bd_quad_vmix_dp_v_tpg_2_0_synth_1/prj/sol/.autopilot/db/v_tpg.cpp:611]   --->   Operation 32 'load' 'blkYuv_load' <Predicate = true> <Delay = 0.67> <CoreInst = "ROM">   --->   Core 100 'ROM' <Latency = 1> <II = 1> <Delay = 0.67> <Storage> <Opcode : 'load'> <Ports = 0> <Width = 8> <Depth = 3> <ROM>
ST_1 : Operation 33 [1/1] (0.00ns)   --->   "%rampVal_1_load = load i16 %rampVal_1" [/home/izaan/GitRepos/dpdma_exdes/vivado_quad_vmix/kv260_quad_vmix_dp.runs/bd_quad_vmix_dp_v_tpg_2_0_synth_1/prj/sol/.autopilot/db/v_tpg.cpp:1084->/home/izaan/GitRepos/dpdma_exdes/vivado_quad_vmix/kv260_quad_vmix_dp.runs/bd_quad_vmix_dp_v_tpg_2_0_synth_1/prj/sol/.autopilot/db/v_tpg.cpp:585]   --->   Operation 33 'load' 'rampVal_1_load' <Predicate = true> <Delay = 0.00>
ST_1 : Operation 34 [1/1] (0.00ns)   --->   "%rampVal_load = load i8 %rampVal" [/home/izaan/GitRepos/dpdma_exdes/vivado_quad_vmix/kv260_quad_vmix_dp.runs/bd_quad_vmix_dp_v_tpg_2_0_synth_1/prj/sol/.autopilot/db/v_tpg.cpp:1101->/home/izaan/GitRepos/dpdma_exdes/vivado_quad_vmix/kv260_quad_vmix_dp.runs/bd_quad_vmix_dp_v_tpg_2_0_synth_1/prj/sol/.autopilot/db/v_tpg.cpp:593]   --->   Operation 34 'load' 'rampVal_load' <Predicate = true> <Delay = 0.00>
ST_1 : Operation 35 [1/1] (0.00ns)   --->   "%zext_ln1545 = zext i8 %rampVal_load" [/home/izaan/GitRepos/dpdma_exdes/vivado_quad_vmix/kv260_quad_vmix_dp.runs/bd_quad_vmix_dp_v_tpg_2_0_synth_1/prj/sol/.autopilot/db/v_tpg.cpp:1545->/home/izaan/GitRepos/dpdma_exdes/vivado_quad_vmix/kv260_quad_vmix_dp.runs/bd_quad_vmix_dp_v_tpg_2_0_synth_1/prj/sol/.autopilot/db/v_tpg.cpp:689]   --->   Operation 35 'zext' 'zext_ln1545' <Predicate = true> <Delay = 0.00>
ST_1 : Operation 36 [1/1] (0.00ns)   --->   "%hdata_load = load i16 %hdata" [/home/izaan/GitRepos/dpdma_exdes/vivado_quad_vmix/kv260_quad_vmix_dp.runs/bd_quad_vmix_dp_v_tpg_2_0_synth_1/prj/sol/.autopilot/db/v_tpg.cpp:1545->/home/izaan/GitRepos/dpdma_exdes/vivado_quad_vmix/kv260_quad_vmix_dp.runs/bd_quad_vmix_dp_v_tpg_2_0_synth_1/prj/sol/.autopilot/db/v_tpg.cpp:689]   --->   Operation 36 'load' 'hdata_load' <Predicate = true> <Delay = 0.00>
ST_1 : Operation 37 [1/1] (0.00ns)   --->   "%store_ln1084 = store i16 %rampVal_1_load, i16 %rampVal_1_loc_0" [/home/izaan/GitRepos/dpdma_exdes/vivado_quad_vmix/kv260_quad_vmix_dp.runs/bd_quad_vmix_dp_v_tpg_2_0_synth_1/prj/sol/.autopilot/db/v_tpg.cpp:1084->/home/izaan/GitRepos/dpdma_exdes/vivado_quad_vmix/kv260_quad_vmix_dp.runs/bd_quad_vmix_dp_v_tpg_2_0_synth_1/prj/sol/.autopilot/db/v_tpg.cpp:585]   --->   Operation 37 'store' 'store_ln1084' <Predicate = true> <Delay = 0.00>
ST_1 : Operation 38 [1/1] (0.00ns)   --->   "%store_ln1545 = store i16 %zext_ln1545, i16 %rampVal_loc_0" [/home/izaan/GitRepos/dpdma_exdes/vivado_quad_vmix/kv260_quad_vmix_dp.runs/bd_quad_vmix_dp_v_tpg_2_0_synth_1/prj/sol/.autopilot/db/v_tpg.cpp:1545->/home/izaan/GitRepos/dpdma_exdes/vivado_quad_vmix/kv260_quad_vmix_dp.runs/bd_quad_vmix_dp_v_tpg_2_0_synth_1/prj/sol/.autopilot/db/v_tpg.cpp:689]   --->   Operation 38 'store' 'store_ln1545' <Predicate = true> <Delay = 0.00>
ST_1 : Operation 39 [1/1] (0.00ns)   --->   "%store_ln1545 = store i16 %hdata_load, i16 %hdata_loc_0" [/home/izaan/GitRepos/dpdma_exdes/vivado_quad_vmix/kv260_quad_vmix_dp.runs/bd_quad_vmix_dp_v_tpg_2_0_synth_1/prj/sol/.autopilot/db/v_tpg.cpp:1545->/home/izaan/GitRepos/dpdma_exdes/vivado_quad_vmix/kv260_quad_vmix_dp.runs/bd_quad_vmix_dp_v_tpg_2_0_synth_1/prj/sol/.autopilot/db/v_tpg.cpp:689]   --->   Operation 39 'store' 'store_ln1545' <Predicate = true> <Delay = 0.00>
ST_1 : Operation 40 [1/1] (0.42ns)   --->   "%store_ln549 = store i16 0, i16 %y" [/home/izaan/GitRepos/dpdma_exdes/vivado_quad_vmix/kv260_quad_vmix_dp.runs/bd_quad_vmix_dp_v_tpg_2_0_synth_1/prj/sol/.autopilot/db/v_tpg.cpp:549]   --->   Operation 40 'store' 'store_ln549' <Predicate = true> <Delay = 0.42>

State 2 <SV = 1> <Delay = 1.15>
ST_2 : Operation 41 [1/1] (0.00ns)   --->   "%patternId_val_read = read i8 @_ssdm_op_Read.ap_auto.i8, i8 %patternId_val"   --->   Operation 41 'read' 'patternId_val_read' <Predicate = true> <Delay = 0.00>
ST_2 : Operation 42 [1/1] (0.00ns)   --->   "%specinterface_ln0 = specinterface void @_ssdm_op_SpecInterface, i8 %colorFormat_val17_c5, void @ap_fifo_str, i32 0, i32 0, void @p_str, i32 0, i32 0, void @p_str, void @p_str, void @p_str, i32 2, i32 2, i32 16, i32 16, void @p_str, void @ScalarProp_str, i32 4294967295, i32 0, i32 0"   --->   Operation 42 'specinterface' 'specinterface_ln0' <Predicate = true> <Delay = 0.00>
ST_2 : Operation 43 [1/1] (0.00ns)   --->   "%specinterface_ln0 = specinterface void @_ssdm_op_SpecInterface, i8 %motionSpeed_val14_c, void @ap_fifo_str, i32 0, i32 0, void @p_str, i32 0, i32 0, void @p_str, void @p_str, void @p_str, i32 2, i32 2, i32 16, i32 16, void @p_str, void @ScalarProp_str, i32 4294967295, i32 0, i32 0"   --->   Operation 43 'specinterface' 'specinterface_ln0' <Predicate = true> <Delay = 0.00>
ST_2 : Operation 44 [1/1] (0.00ns)   --->   "%specinterface_ln0 = specinterface void @_ssdm_op_SpecInterface, i16 %width_val7_c4, void @ap_fifo_str, i32 0, i32 0, void @p_str, i32 0, i32 0, void @p_str, void @p_str, void @p_str, i32 2, i32 2, i32 16, i32 16, void @p_str, void @ScalarProp_str, i32 4294967295, i32 0, i32 0"   --->   Operation 44 'specinterface' 'specinterface_ln0' <Predicate = true> <Delay = 0.00>
ST_2 : Operation 45 [1/1] (0.00ns)   --->   "%specinterface_ln0 = specinterface void @_ssdm_op_SpecInterface, i16 %height_val4_c3, void @ap_fifo_str, i32 0, i32 0, void @p_str, i32 0, i32 0, void @p_str, void @p_str, void @p_str, i32 2, i32 2, i32 16, i32 16, void @p_str, void @ScalarProp_str, i32 4294967295, i32 0, i32 0"   --->   Operation 45 'specinterface' 'specinterface_ln0' <Predicate = true> <Delay = 0.00>
ST_2 : Operation 46 [1/1] (0.00ns)   --->   "%specinterface_ln0 = specinterface void @_ssdm_op_SpecInterface, i48 %bckgndYUV, void @empty_21, i32 0, i32 0, void @empty_9, i32 0, i32 0, void @empty_9, void @empty_9, void @empty_9, i32 0, i32 0, i32 0, i32 0, void @empty_9, void @empty_9, i32 4294967295, i32 0, i32 0"   --->   Operation 46 'specinterface' 'specinterface_ln0' <Predicate = true> <Delay = 0.00>
ST_2 : Operation 47 [1/1] (0.00ns)   --->   "%rampStart_load = load i8 %rampStart" [/home/izaan/GitRepos/dpdma_exdes/vivado_quad_vmix/kv260_quad_vmix_dp.runs/bd_quad_vmix_dp_v_tpg_2_0_synth_1/prj/sol/.autopilot/db/v_tpg.cpp:750]   --->   Operation 47 'load' 'rampStart_load' <Predicate = true> <Delay = 0.00>
ST_2 : Operation 48 [1/1] (0.76ns)   --->   "%cmp2_i = icmp_eq  i8 %colorFormat_val_read, i8 0"   --->   Operation 48 'icmp' 'cmp2_i' <Predicate = true> <Delay = 0.76> <CoreInst = "Cmp">   --->   Core 9 'Cmp' <Latency = 0> <II = 1> <Delay = 0.76> <FuncUnit> <Opcode : 'seteq' 'setne' 'setle' 'setge' 'setlt' 'setgt'> <InPorts = 2> <OutPorts = 1>
ST_2 : Operation 49 [1/1] (0.39ns)   --->   "%cond_i358 = select i1 %cmp2_i, i8 %rampStart_load, i8 128" [/home/izaan/GitRepos/dpdma_exdes/vivado_quad_vmix/kv260_quad_vmix_dp.runs/bd_quad_vmix_dp_v_tpg_2_0_synth_1/prj/sol/.autopilot/db/v_tpg.cpp:750]   --->   Operation 49 'select' 'cond_i358' <Predicate = true> <Delay = 0.39> <CoreInst = "Sel">   --->   Core 73 'Sel' <Latency = 0> <II = 1> <Delay = 0.39> <FuncUnit> <Opcode : 'select'> <InPorts = 3> <OutPorts = 1>
ST_2 : Operation 50 [1/2] ( I:0.67ns O:0.67ns )   --->   "%blkYuv_load = load i2 %blkYuv_addr" [/home/izaan/GitRepos/dpdma_exdes/vivado_quad_vmix/kv260_quad_vmix_dp.runs/bd_quad_vmix_dp_v_tpg_2_0_synth_1/prj/sol/.autopilot/db/v_tpg.cpp:1206->/home/izaan/GitRepos/dpdma_exdes/vivado_quad_vmix/kv260_quad_vmix_dp.runs/bd_quad_vmix_dp_v_tpg_2_0_synth_1/prj/sol/.autopilot/db/v_tpg.cpp:611]   --->   Operation 50 'load' 'blkYuv_load' <Predicate = true> <Delay = 0.67> <CoreInst = "ROM">   --->   Core 100 'ROM' <Latency = 1> <II = 1> <Delay = 0.67> <Storage> <Opcode : 'load'> <Ports = 0> <Width = 8> <Depth = 3> <ROM>
ST_2 : Operation 51 [1/1] (0.42ns)   --->   "%br_ln563 = br void %VITIS_LOOP_565_2" [/home/izaan/GitRepos/dpdma_exdes/vivado_quad_vmix/kv260_quad_vmix_dp.runs/bd_quad_vmix_dp_v_tpg_2_0_synth_1/prj/sol/.autopilot/db/v_tpg.cpp:563]   --->   Operation 51 'br' 'br_ln563' <Predicate = true> <Delay = 0.42>

State 3 <SV = 2> <Delay = 2.13>
ST_3 : Operation 52 [1/1] (0.00ns)   --->   "%rampVal_1_flag_0 = phi i1 0, void %entry, i1 %rampVal_1_flag_1_loc_load, void %VITIS_LOOP_565_2.split"   --->   Operation 52 'phi' 'rampVal_1_flag_0' <Predicate = true> <Delay = 0.00>
ST_3 : Operation 53 [1/1] (0.00ns)   --->   "%hdata_flag_0 = phi i1 0, void %entry, i1 %hdata_flag_1_loc_load, void %VITIS_LOOP_565_2.split"   --->   Operation 53 'phi' 'hdata_flag_0' <Predicate = true> <Delay = 0.00>
ST_3 : Operation 54 [1/1] (0.00ns)   --->   "%y_3 = load i16 %y" [/home/izaan/GitRepos/dpdma_exdes/vivado_quad_vmix/kv260_quad_vmix_dp.runs/bd_quad_vmix_dp_v_tpg_2_0_synth_1/prj/sol/.autopilot/db/v_tpg.cpp:563]   --->   Operation 54 'load' 'y_3' <Predicate = true> <Delay = 0.00>
ST_3 : Operation 55 [1/1] (0.85ns)   --->   "%icmp_ln563 = icmp_eq  i16 %y_3, i16 %height_val_read" [/home/izaan/GitRepos/dpdma_exdes/vivado_quad_vmix/kv260_quad_vmix_dp.runs/bd_quad_vmix_dp_v_tpg_2_0_synth_1/prj/sol/.autopilot/db/v_tpg.cpp:563]   --->   Operation 55 'icmp' 'icmp_ln563' <Predicate = true> <Delay = 0.85> <CoreInst = "Cmp">   --->   Core 9 'Cmp' <Latency = 0> <II = 1> <Delay = 0.85> <FuncUnit> <Opcode : 'seteq' 'setne' 'setle' 'setge' 'setlt' 'setgt'> <InPorts = 2> <OutPorts = 1>
ST_3 : Operation 56 [1/1] (0.85ns)   --->   "%y_4 = add i16 %y_3, i16 1" [/home/izaan/GitRepos/dpdma_exdes/vivado_quad_vmix/kv260_quad_vmix_dp.runs/bd_quad_vmix_dp_v_tpg_2_0_synth_1/prj/sol/.autopilot/db/v_tpg.cpp:563]   --->   Operation 56 'add' 'y_4' <Predicate = true> <Delay = 0.85> <CoreInst = "Adder">   --->   Core 1 'Adder' <Latency = 0> <II = 1> <Delay = 0.85> <FuncUnit> <Opcode : 'add' 'sub'> <InPorts = 2> <OutPorts = 1>
ST_3 : Operation 57 [1/1] (0.00ns)   --->   "%br_ln563 = br i1 %icmp_ln563, void %VITIS_LOOP_565_2.split, void %for.end47.loopexit" [/home/izaan/GitRepos/dpdma_exdes/vivado_quad_vmix/kv260_quad_vmix_dp.runs/bd_quad_vmix_dp_v_tpg_2_0_synth_1/prj/sol/.autopilot/db/v_tpg.cpp:563]   --->   Operation 57 'br' 'br_ln563' <Predicate = true> <Delay = 0.00>
ST_3 : Operation 58 [1/1] (0.00ns)   --->   "%trunc_ln563 = trunc i16 %y_3" [/home/izaan/GitRepos/dpdma_exdes/vivado_quad_vmix/kv260_quad_vmix_dp.runs/bd_quad_vmix_dp_v_tpg_2_0_synth_1/prj/sol/.autopilot/db/v_tpg.cpp:563]   --->   Operation 58 'trunc' 'trunc_ln563' <Predicate = (!icmp_ln563)> <Delay = 0.00>
ST_3 : Operation 59 [1/1] (0.76ns)   --->   "%add_i = add i8 %rampStart_load, i8 %trunc_ln563" [/home/izaan/GitRepos/dpdma_exdes/vivado_quad_vmix/kv260_quad_vmix_dp.runs/bd_quad_vmix_dp_v_tpg_2_0_synth_1/prj/sol/.autopilot/db/v_tpg.cpp:750]   --->   Operation 59 'add' 'add_i' <Predicate = (!icmp_ln563)> <Delay = 0.76> <CoreInst = "Adder">   --->   Core 1 'Adder' <Latency = 0> <II = 1> <Delay = 0.76> <FuncUnit> <Opcode : 'add' 'sub'> <InPorts = 2> <OutPorts = 1>
ST_3 : Operation 60 [2/2] (1.28ns)   --->   "%call_ln750 = call void @tpgBackground_Pipeline_VITIS_LOOP_565_2, i1 %rampVal_1_flag_0, i1 %hdata_flag_0, i16 %width_val_read, i8 %cond_i358, i8 %rampStart_load, i48 %bckgndYUV, i8 %patternId_val_read, i8 %rampStart_load, i16 %y_3, i8 %blkYuv_load, i8 %add_i, i8 %colorFormat_val_read, i7 %tmp, i1 %rampVal_1_flag_1_loc, i16 %rampVal_1_new_0, i16 %rampVal_1_loc_0, i16 %rampVal_loc_0, i1 %hdata_flag_1_loc, i16 %hdata_new_0, i16 %hdata_loc_0, i8 %outpix_0_5_0_0_0_load331_lcssa349, i8 %outpix_0_4_0_0_0_load329_lcssa346, i8 %outpix_0_3_0_0_0_load327_lcssa343, i8 %outpix_0_2_0_0_0_load325_lcssa340, i8 %outpix_0_1_0_0_0_load323_lcssa337, i8 %outpix_0_0_0_0_0_load321_lcssa334, i8 %rampVal, i28 %rSerie, i28 %gSerie, i28 %bSerie" [/home/izaan/GitRepos/dpdma_exdes/vivado_quad_vmix/kv260_quad_vmix_dp.runs/bd_quad_vmix_dp_v_tpg_2_0_synth_1/prj/sol/.autopilot/db/v_tpg.cpp:750]   --->   Operation 60 'call' 'call_ln750' <Predicate = (!icmp_ln563)> <Delay = 1.28> <CoreType = "Generic">   --->   Generic Core
ST_3 : Operation 61 [1/1] (0.42ns)   --->   "%store_ln549 = store i16 %y_4, i16 %y" [/home/izaan/GitRepos/dpdma_exdes/vivado_quad_vmix/kv260_quad_vmix_dp.runs/bd_quad_vmix_dp_v_tpg_2_0_synth_1/prj/sol/.autopilot/db/v_tpg.cpp:549]   --->   Operation 61 'store' 'store_ln549' <Predicate = (!icmp_ln563)> <Delay = 0.42>
ST_3 : Operation 62 [1/1] (0.76ns)   --->   "%add_ln750 = add i8 %rampStart_load, i8 %motionSpeed_val_read" [/home/izaan/GitRepos/dpdma_exdes/vivado_quad_vmix/kv260_quad_vmix_dp.runs/bd_quad_vmix_dp_v_tpg_2_0_synth_1/prj/sol/.autopilot/db/v_tpg.cpp:750]   --->   Operation 62 'add' 'add_ln750' <Predicate = (icmp_ln563)> <Delay = 0.76> <CoreInst = "Adder">   --->   Core 1 'Adder' <Latency = 0> <II = 1> <Delay = 0.76> <FuncUnit> <Opcode : 'add' 'sub'> <InPorts = 2> <OutPorts = 1>
ST_3 : Operation 63 [1/1] (0.00ns)   --->   "%store_ln750 = store i8 %add_ln750, i8 %rampStart" [/home/izaan/GitRepos/dpdma_exdes/vivado_quad_vmix/kv260_quad_vmix_dp.runs/bd_quad_vmix_dp_v_tpg_2_0_synth_1/prj/sol/.autopilot/db/v_tpg.cpp:750]   --->   Operation 63 'store' 'store_ln750' <Predicate = (icmp_ln563)> <Delay = 0.00>
ST_3 : Operation 64 [1/1] (0.00ns)   --->   "%br_ln0 = br i1 %hdata_flag_0, void %for.end47.loopexit.new14, void %mergeST13"   --->   Operation 64 'br' 'br_ln0' <Predicate = (icmp_ln563)> <Delay = 0.00>
ST_3 : Operation 65 [1/1] (0.00ns)   --->   "%hdata_new_0_load = load i16 %hdata_new_0" [/home/izaan/GitRepos/dpdma_exdes/vivado_quad_vmix/kv260_quad_vmix_dp.runs/bd_quad_vmix_dp_v_tpg_2_0_synth_1/prj/sol/.autopilot/db/v_tpg.cpp:1533->/home/izaan/GitRepos/dpdma_exdes/vivado_quad_vmix/kv260_quad_vmix_dp.runs/bd_quad_vmix_dp_v_tpg_2_0_synth_1/prj/sol/.autopilot/db/v_tpg.cpp:689]   --->   Operation 65 'load' 'hdata_new_0_load' <Predicate = (icmp_ln563 & hdata_flag_0)> <Delay = 0.00>
ST_3 : Operation 66 [1/1] (0.00ns)   --->   "%store_ln1533 = store i16 %hdata_new_0_load, i16 %hdata" [/home/izaan/GitRepos/dpdma_exdes/vivado_quad_vmix/kv260_quad_vmix_dp.runs/bd_quad_vmix_dp_v_tpg_2_0_synth_1/prj/sol/.autopilot/db/v_tpg.cpp:1533->/home/izaan/GitRepos/dpdma_exdes/vivado_quad_vmix/kv260_quad_vmix_dp.runs/bd_quad_vmix_dp_v_tpg_2_0_synth_1/prj/sol/.autopilot/db/v_tpg.cpp:689]   --->   Operation 66 'store' 'store_ln1533' <Predicate = (icmp_ln563 & hdata_flag_0)> <Delay = 0.00>
ST_3 : Operation 67 [1/1] (0.00ns)   --->   "%br_ln0 = br void %for.end47.loopexit.new14"   --->   Operation 67 'br' 'br_ln0' <Predicate = (icmp_ln563 & hdata_flag_0)> <Delay = 0.00>
ST_3 : Operation 68 [1/1] (0.00ns)   --->   "%br_ln0 = br i1 %rampVal_1_flag_0, void %for.end47.loopexit.new, void %mergeST"   --->   Operation 68 'br' 'br_ln0' <Predicate = (icmp_ln563)> <Delay = 0.00>
ST_3 : Operation 69 [1/1] (0.00ns)   --->   "%rampVal_1_new_0_load = load i16 %rampVal_1_new_0" [/home/izaan/GitRepos/dpdma_exdes/vivado_quad_vmix/kv260_quad_vmix_dp.runs/bd_quad_vmix_dp_v_tpg_2_0_synth_1/prj/sol/.autopilot/db/v_tpg.cpp:1073->/home/izaan/GitRepos/dpdma_exdes/vivado_quad_vmix/kv260_quad_vmix_dp.runs/bd_quad_vmix_dp_v_tpg_2_0_synth_1/prj/sol/.autopilot/db/v_tpg.cpp:585]   --->   Operation 69 'load' 'rampVal_1_new_0_load' <Predicate = (icmp_ln563 & rampVal_1_flag_0)> <Delay = 0.00>
ST_3 : Operation 70 [1/1] (0.00ns)   --->   "%store_ln1073 = store i16 %rampVal_1_new_0_load, i16 %rampVal_1" [/home/izaan/GitRepos/dpdma_exdes/vivado_quad_vmix/kv260_quad_vmix_dp.runs/bd_quad_vmix_dp_v_tpg_2_0_synth_1/prj/sol/.autopilot/db/v_tpg.cpp:1073->/home/izaan/GitRepos/dpdma_exdes/vivado_quad_vmix/kv260_quad_vmix_dp.runs/bd_quad_vmix_dp_v_tpg_2_0_synth_1/prj/sol/.autopilot/db/v_tpg.cpp:585]   --->   Operation 70 'store' 'store_ln1073' <Predicate = (icmp_ln563 & rampVal_1_flag_0)> <Delay = 0.00>
ST_3 : Operation 71 [1/1] (0.00ns)   --->   "%br_ln0 = br void %for.end47.loopexit.new"   --->   Operation 71 'br' 'br_ln0' <Predicate = (icmp_ln563 & rampVal_1_flag_0)> <Delay = 0.00>
ST_3 : Operation 72 [1/1] (0.00ns)   --->   "%ret_ln751 = ret" [/home/izaan/GitRepos/dpdma_exdes/vivado_quad_vmix/kv260_quad_vmix_dp.runs/bd_quad_vmix_dp_v_tpg_2_0_synth_1/prj/sol/.autopilot/db/v_tpg.cpp:751]   --->   Operation 72 'ret' 'ret_ln751' <Predicate = (icmp_ln563)> <Delay = 0.00>

State 4 <SV = 3> <Delay = 0.00>
ST_4 : Operation 73 [1/2] (0.00ns)   --->   "%call_ln750 = call void @tpgBackground_Pipeline_VITIS_LOOP_565_2, i1 %rampVal_1_flag_0, i1 %hdata_flag_0, i16 %width_val_read, i8 %cond_i358, i8 %rampStart_load, i48 %bckgndYUV, i8 %patternId_val_read, i8 %rampStart_load, i16 %y_3, i8 %blkYuv_load, i8 %add_i, i8 %colorFormat_val_read, i7 %tmp, i1 %rampVal_1_flag_1_loc, i16 %rampVal_1_new_0, i16 %rampVal_1_loc_0, i16 %rampVal_loc_0, i1 %hdata_flag_1_loc, i16 %hdata_new_0, i16 %hdata_loc_0, i8 %outpix_0_5_0_0_0_load331_lcssa349, i8 %outpix_0_4_0_0_0_load329_lcssa346, i8 %outpix_0_3_0_0_0_load327_lcssa343, i8 %outpix_0_2_0_0_0_load325_lcssa340, i8 %outpix_0_1_0_0_0_load323_lcssa337, i8 %outpix_0_0_0_0_0_load321_lcssa334, i8 %rampVal, i28 %rSerie, i28 %gSerie, i28 %bSerie" [/home/izaan/GitRepos/dpdma_exdes/vivado_quad_vmix/kv260_quad_vmix_dp.runs/bd_quad_vmix_dp_v_tpg_2_0_synth_1/prj/sol/.autopilot/db/v_tpg.cpp:750]   --->   Operation 73 'call' 'call_ln750' <Predicate = true> <Delay = 0.00> <CoreType = "Generic">   --->   Generic Core

State 5 <SV = 4> <Delay = 0.00>
ST_5 : Operation 74 [1/1] (0.00ns)   --->   "%speclooptripcount_ln549 = speclooptripcount void @_ssdm_op_SpecLoopTripCount, i64 0, i64 65535, i64 32767" [/home/izaan/GitRepos/dpdma_exdes/vivado_quad_vmix/kv260_quad_vmix_dp.runs/bd_quad_vmix_dp_v_tpg_2_0_synth_1/prj/sol/.autopilot/db/v_tpg.cpp:549]   --->   Operation 74 'speclooptripcount' 'speclooptripcount_ln549' <Predicate = true> <Delay = 0.00>
ST_5 : Operation 75 [1/1] (0.00ns)   --->   "%specloopname_ln563 = specloopname void @_ssdm_op_SpecLoopName, void @empty_31" [/home/izaan/GitRepos/dpdma_exdes/vivado_quad_vmix/kv260_quad_vmix_dp.runs/bd_quad_vmix_dp_v_tpg_2_0_synth_1/prj/sol/.autopilot/db/v_tpg.cpp:563]   --->   Operation 75 'specloopname' 'specloopname_ln563' <Predicate = true> <Delay = 0.00>
ST_5 : Operation 76 [1/1] (0.00ns)   --->   "%rampVal_1_flag_1_loc_load = load i1 %rampVal_1_flag_1_loc"   --->   Operation 76 'load' 'rampVal_1_flag_1_loc_load' <Predicate = true> <Delay = 0.00>
ST_5 : Operation 77 [1/1] (0.00ns)   --->   "%hdata_flag_1_loc_load = load i1 %hdata_flag_1_loc"   --->   Operation 77 'load' 'hdata_flag_1_loc_load' <Predicate = true> <Delay = 0.00>
ST_5 : Operation 78 [1/1] (0.00ns)   --->   "%br_ln563 = br void %VITIS_LOOP_565_2" [/home/izaan/GitRepos/dpdma_exdes/vivado_quad_vmix/kv260_quad_vmix_dp.runs/bd_quad_vmix_dp_v_tpg_2_0_synth_1/prj/sol/.autopilot/db/v_tpg.cpp:563]   --->   Operation 78 'br' 'br_ln563' <Predicate = true> <Delay = 0.00>


============================================================
+ Verbose Summary: Binding
============================================================
STG Binding: 
---------------- STG Properties BEGIN ----------------
- Is combinational: 0
- Is one-state seq: 0
- Is datapath-only: 0
- Is pipelined: 0
- Is top level: 0
Port [ Return ] is wired: 1; IO mode=ap_ctrl_hs:ce=0
Port [ height_val]:  wired=1; compound=0; hidden=0; nouse=0; global=0; static=0; extern=0; dir=0; type=0; pingpong=0; private_global=0; IO mode=ap_none:ce=0
Port [ width_val]:  wired=1; compound=0; hidden=0; nouse=0; global=0; static=0; extern=0; dir=0; type=0; pingpong=0; private_global=0; IO mode=ap_none:ce=0
Port [ patternId_val]:  wired=1; compound=0; hidden=0; nouse=0; global=0; static=0; extern=0; dir=0; type=0; pingpong=0; private_global=0; IO mode=ap_none:ce=0
Port [ motionSpeed_val]:  wired=1; compound=0; hidden=0; nouse=0; global=0; static=0; extern=0; dir=0; type=0; pingpong=0; private_global=0; IO mode=ap_none:ce=0
Port [ colorFormat_val]:  wired=1; compound=0; hidden=0; nouse=0; global=0; static=0; extern=0; dir=0; type=0; pingpong=0; private_global=0; IO mode=ap_none:ce=0
Port [ bckgndYUV]:  wired=1; compound=1; hidden=0; nouse=0; global=0; static=0; extern=0; dir=1; type=3; pingpong=0; private_global=0; IO mode=ap_fifo:ce=0
Port [ height_val4_c3]:  wired=1; compound=1; hidden=0; nouse=0; global=0; static=0; extern=0; dir=1; type=3; pingpong=0; private_global=0; IO mode=ap_fifo:ce=0
Port [ width_val7_c4]:  wired=1; compound=1; hidden=0; nouse=0; global=0; static=0; extern=0; dir=1; type=3; pingpong=0; private_global=0; IO mode=ap_fifo:ce=0
Port [ motionSpeed_val14_c]:  wired=1; compound=1; hidden=0; nouse=0; global=0; static=0; extern=0; dir=1; type=3; pingpong=0; private_global=0; IO mode=ap_fifo:ce=0
Port [ colorFormat_val17_c5]:  wired=1; compound=1; hidden=0; nouse=0; global=0; static=0; extern=0; dir=1; type=3; pingpong=0; private_global=0; IO mode=ap_fifo:ce=0
Port [ rampStart]:  wired=0; compound=0; hidden=1; nouse=0; global=1; static=1; extern=0; dir=2; type=0; pingpong=0; private_global=1; IO mode=ap_ovld:ce=0
Port [ blkYuv]:  wired=0; compound=1; hidden=1; nouse=0; global=1; static=1; extern=0; dir=0; type=1; pingpong=0; private_global=1; MemPort=[1]; IO mode=ap_memory:ce=0
Port [ rampVal_1]:  wired=0; compound=0; hidden=1; nouse=0; global=1; static=1; extern=0; dir=2; type=0; pingpong=0; private_global=1; IO mode=ap_ovld:ce=0
Port [ rampVal]:  wired=0; compound=0; hidden=1; nouse=0; global=1; static=1; extern=0; dir=2; type=0; pingpong=0; private_global=1; IO mode=ap_ovld:ce=0
Port [ hdata]:  wired=0; compound=0; hidden=1; nouse=0; global=1; static=1; extern=0; dir=2; type=0; pingpong=0; private_global=1; IO mode=ap_ovld:ce=0
Port [ rSerie]:  wired=0; compound=0; hidden=1; nouse=1; global=1; static=1; extern=0; dir=2; type=0; pingpong=0; private_global=0; IO mode=ap_ovld:ce=0
Port [ gSerie]:  wired=0; compound=0; hidden=1; nouse=1; global=1; static=1; extern=0; dir=2; type=0; pingpong=0; private_global=0; IO mode=ap_ovld:ce=0
Port [ bSerie]:  wired=0; compound=0; hidden=1; nouse=1; global=1; static=1; extern=0; dir=2; type=0; pingpong=0; private_global=0; IO mode=ap_ovld:ce=0
---------------- STG Properties END ------------------

---------------- Datapath Model BEGIN ----------------

<LifeTime>
<method=bitvector/>
y                                 (alloca           ) [ 011111]
outpix_0_0_0_0_0_load321_lcssa334 (alloca           ) [ 001111]
outpix_0_1_0_0_0_load323_lcssa337 (alloca           ) [ 001111]
outpix_0_2_0_0_0_load325_lcssa340 (alloca           ) [ 001111]
outpix_0_3_0_0_0_load327_lcssa343 (alloca           ) [ 001111]
outpix_0_4_0_0_0_load329_lcssa346 (alloca           ) [ 001111]
outpix_0_5_0_0_0_load331_lcssa349 (alloca           ) [ 001111]
hdata_loc_0                       (alloca           ) [ 011111]
hdata_new_0                       (alloca           ) [ 001111]
rampVal_loc_0                     (alloca           ) [ 011111]
rampVal_1_loc_0                   (alloca           ) [ 011111]
rampVal_1_new_0                   (alloca           ) [ 001111]
colorFormat_val_read              (read             ) [ 001111]
motionSpeed_val_read              (read             ) [ 001111]
width_val_read                    (read             ) [ 001111]
height_val_read                   (read             ) [ 001111]
hdata_flag_1_loc                  (alloca           ) [ 001111]
rampVal_1_flag_1_loc              (alloca           ) [ 001111]
write_ln0                         (write            ) [ 000000]
write_ln0                         (write            ) [ 000000]
write_ln0                         (write            ) [ 000000]
write_ln0                         (write            ) [ 000000]
tmp                               (partselect       ) [ 001111]
cmp6_i146                         (icmp             ) [ 000000]
idxprom13_1_i150_cast_cast_cast   (select           ) [ 000000]
blkYuv_addr                       (getelementptr    ) [ 001000]
rampVal_1_load                    (load             ) [ 000000]
rampVal_load                      (load             ) [ 000000]
zext_ln1545                       (zext             ) [ 000000]
hdata_load                        (load             ) [ 000000]
store_ln1084                      (store            ) [ 000000]
store_ln1545                      (store            ) [ 000000]
store_ln1545                      (store            ) [ 000000]
store_ln549                       (store            ) [ 000000]
patternId_val_read                (read             ) [ 000111]
specinterface_ln0                 (specinterface    ) [ 000000]
specinterface_ln0                 (specinterface    ) [ 000000]
specinterface_ln0                 (specinterface    ) [ 000000]
specinterface_ln0                 (specinterface    ) [ 000000]
specinterface_ln0                 (specinterface    ) [ 000000]
rampStart_load                    (load             ) [ 000111]
cmp2_i                            (icmp             ) [ 000000]
cond_i358                         (select           ) [ 000111]
blkYuv_load                       (load             ) [ 000111]
br_ln563                          (br               ) [ 001111]
rampVal_1_flag_0                  (phi              ) [ 000110]
hdata_flag_0                      (phi              ) [ 000110]
y_3                               (load             ) [ 000010]
icmp_ln563                        (icmp             ) [ 000111]
y_4                               (add              ) [ 000000]
br_ln563                          (br               ) [ 000000]
trunc_ln563                       (trunc            ) [ 000000]
add_i                             (add              ) [ 000010]
store_ln549                       (store            ) [ 000000]
add_ln750                         (add              ) [ 000000]
store_ln750                       (store            ) [ 000000]
br_ln0                            (br               ) [ 000000]
hdata_new_0_load                  (load             ) [ 000000]
store_ln1533                      (store            ) [ 000000]
br_ln0                            (br               ) [ 000000]
br_ln0                            (br               ) [ 000000]
rampVal_1_new_0_load              (load             ) [ 000000]
store_ln1073                      (store            ) [ 000000]
br_ln0                            (br               ) [ 000000]
ret_ln751                         (ret              ) [ 000000]
call_ln750                        (call             ) [ 000000]
speclooptripcount_ln549           (speclooptripcount) [ 000000]
specloopname_ln563                (specloopname     ) [ 000000]
rampVal_1_flag_1_loc_load         (load             ) [ 001111]
hdata_flag_1_loc_load             (load             ) [ 001111]
br_ln563                          (br               ) [ 001111]
</LifeTime>

<model>

<comp_list>
<comp id="0" class="1000" name="height_val">
<pin_list>
<pin id="1" dir="1" index="0" bw="1" slack="0"/>
</pin_list>
<bind>
<StgValue><ssdm name="height_val"/></StgValue>
</bind>
</comp>

<comp id="2" class="1000" name="width_val">
<pin_list>
<pin id="3" dir="1" index="0" bw="1" slack="0"/>
</pin_list>
<bind>
<StgValue><ssdm name="width_val"/></StgValue>
</bind>
</comp>

<comp id="4" class="1000" name="patternId_val">
<pin_list>
<pin id="5" dir="1" index="0" bw="1" slack="0"/>
</pin_list>
<bind>
<StgValue><ssdm name="patternId_val"/></StgValue>
</bind>
</comp>

<comp id="6" class="1000" name="motionSpeed_val">
<pin_list>
<pin id="7" dir="1" index="0" bw="1" slack="0"/>
</pin_list>
<bind>
<StgValue><ssdm name="motionSpeed_val"/></StgValue>
</bind>
</comp>

<comp id="8" class="1000" name="colorFormat_val">
<pin_list>
<pin id="9" dir="1" index="0" bw="1" slack="0"/>
</pin_list>
<bind>
<StgValue><ssdm name="colorFormat_val"/></StgValue>
</bind>
</comp>

<comp id="10" class="1000" name="bckgndYUV">
<pin_list>
<pin id="11" dir="1" index="0" bw="1" slack="0"/>
</pin_list>
<bind>
<StgValue><ssdm name="bckgndYUV"/></StgValue>
</bind>
</comp>

<comp id="12" class="1000" name="height_val4_c3">
<pin_list>
<pin id="13" dir="1" index="0" bw="1" slack="0"/>
</pin_list>
<bind>
<StgValue><ssdm name="height_val4_c3"/></StgValue>
</bind>
</comp>

<comp id="14" class="1000" name="width_val7_c4">
<pin_list>
<pin id="15" dir="1" index="0" bw="1" slack="0"/>
</pin_list>
<bind>
<StgValue><ssdm name="width_val7_c4"/></StgValue>
</bind>
</comp>

<comp id="16" class="1000" name="motionSpeed_val14_c">
<pin_list>
<pin id="17" dir="1" index="0" bw="1" slack="0"/>
</pin_list>
<bind>
<StgValue><ssdm name="motionSpeed_val14_c"/></StgValue>
</bind>
</comp>

<comp id="18" class="1000" name="colorFormat_val17_c5">
<pin_list>
<pin id="19" dir="1" index="0" bw="1" slack="0"/>
</pin_list>
<bind>
<StgValue><ssdm name="colorFormat_val17_c5"/></StgValue>
</bind>
</comp>

<comp id="20" class="1000" name="rampStart">
<pin_list>
<pin id="21" dir="1" index="0" bw="1" slack="0"/>
</pin_list>
<bind>
<StgValue><ssdm name="rampStart"/></StgValue>
</bind>
</comp>

<comp id="22" class="1000" name="blkYuv">
<pin_list>
<pin id="23" dir="1" index="0" bw="1" slack="0"/>
</pin_list>
<bind>
<StgValue><ssdm name="blkYuv"/><MemPortTyVec>1 </MemPortTyVec>
</StgValue>
</bind>
</comp>

<comp id="24" class="1000" name="rampVal_1">
<pin_list>
<pin id="25" dir="1" index="0" bw="1" slack="0"/>
</pin_list>
<bind>
<StgValue><ssdm name="rampVal_1"/></StgValue>
</bind>
</comp>

<comp id="26" class="1000" name="rampVal">
<pin_list>
<pin id="27" dir="1" index="0" bw="1" slack="0"/>
</pin_list>
<bind>
<StgValue><ssdm name="rampVal"/></StgValue>
</bind>
</comp>

<comp id="28" class="1000" name="hdata">
<pin_list>
<pin id="29" dir="1" index="0" bw="1" slack="0"/>
</pin_list>
<bind>
<StgValue><ssdm name="hdata"/></StgValue>
</bind>
</comp>

<comp id="30" class="1000" name="rSerie">
<pin_list>
<pin id="31" dir="1" index="0" bw="1" slack="0"/>
</pin_list>
<bind>
<StgValue><ssdm name="rSerie"/></StgValue>
</bind>
</comp>

<comp id="32" class="1000" name="gSerie">
<pin_list>
<pin id="33" dir="1" index="0" bw="1" slack="0"/>
</pin_list>
<bind>
<StgValue><ssdm name="gSerie"/></StgValue>
</bind>
</comp>

<comp id="34" class="1000" name="bSerie">
<pin_list>
<pin id="35" dir="1" index="0" bw="1" slack="0"/>
</pin_list>
<bind>
<StgValue><ssdm name="bSerie"/></StgValue>
</bind>
</comp>

<comp id="36" class="1001" name="const_36">
<pin_list>
<pin id="37" dir="1" index="0" bw="1" slack="0"/>
</pin_list>
<bind>
<StgValue><ssdm name=""/></StgValue>
</bind>
</comp>

<comp id="38" class="1001" name="const_38">
<pin_list>
<pin id="39" dir="1" index="0" bw="1" slack="0"/>
</pin_list>
<bind>
<StgValue><ssdm name="_ssdm_op_Read.ap_auto.i8"/></StgValue>
</bind>
</comp>

<comp id="40" class="1001" name="const_40">
<pin_list>
<pin id="41" dir="1" index="0" bw="1" slack="0"/>
</pin_list>
<bind>
<StgValue><ssdm name="_ssdm_op_Read.ap_auto.i16"/></StgValue>
</bind>
</comp>

<comp id="42" class="1001" name="const_42">
<pin_list>
<pin id="43" dir="1" index="0" bw="1" slack="0"/>
</pin_list>
<bind>
<StgValue><ssdm name=""/></StgValue>
</bind>
</comp>

<comp id="44" class="1001" name="const_44">
<pin_list>
<pin id="45" dir="1" index="0" bw="1" slack="0"/>
</pin_list>
<bind>
<StgValue><ssdm name="_ssdm_op_Write.ap_fifo.i8P0A"/></StgValue>
</bind>
</comp>

<comp id="46" class="1001" name="const_46">
<pin_list>
<pin id="47" dir="1" index="0" bw="1" slack="0"/>
</pin_list>
<bind>
<StgValue><ssdm name="_ssdm_op_Write.ap_fifo.i16P0A"/></StgValue>
</bind>
</comp>

<comp id="48" class="1001" name="const_48">
<pin_list>
<pin id="49" dir="1" index="0" bw="1" slack="0"/>
</pin_list>
<bind>
<StgValue><ssdm name="_ssdm_op_PartSelect.i7.i8.i32.i32"/></StgValue>
</bind>
</comp>

<comp id="50" class="1001" name="const_50">
<pin_list>
<pin id="51" dir="1" index="0" bw="1" slack="0"/>
</pin_list>
<bind>
<StgValue><ssdm name=""/></StgValue>
</bind>
</comp>

<comp id="52" class="1001" name="const_52">
<pin_list>
<pin id="53" dir="1" index="0" bw="1" slack="0"/>
</pin_list>
<bind>
<StgValue><ssdm name=""/></StgValue>
</bind>
</comp>

<comp id="54" class="1001" name="const_54">
<pin_list>
<pin id="55" dir="1" index="0" bw="1" slack="0"/>
</pin_list>
<bind>
<StgValue><ssdm name=""/></StgValue>
</bind>
</comp>

<comp id="56" class="1001" name="const_56">
<pin_list>
<pin id="57" dir="1" index="0" bw="1" slack="0"/>
</pin_list>
<bind>
<StgValue><ssdm name=""/></StgValue>
</bind>
</comp>

<comp id="58" class="1001" name="const_58">
<pin_list>
<pin id="59" dir="1" index="0" bw="1" slack="0"/>
</pin_list>
<bind>
<StgValue><ssdm name=""/></StgValue>
</bind>
</comp>

<comp id="60" class="1001" name="const_60">
<pin_list>
<pin id="61" dir="1" index="0" bw="1" slack="2147483647"/>
</pin_list>
<bind>
<StgValue><ssdm name="_ssdm_op_SpecInterface"/></StgValue>
</bind>
</comp>

<comp id="62" class="1001" name="const_62">
<pin_list>
<pin id="63" dir="1" index="0" bw="1" slack="2147483647"/>
</pin_list>
<bind>
<StgValue><ssdm name="ap_fifo_str"/></StgValue>
</bind>
</comp>

<comp id="64" class="1001" name="const_64">
<pin_list>
<pin id="65" dir="1" index="0" bw="1" slack="2147483647"/>
</pin_list>
<bind>
<StgValue><ssdm name=""/></StgValue>
</bind>
</comp>

<comp id="66" class="1001" name="const_66">
<pin_list>
<pin id="67" dir="1" index="0" bw="1" slack="2147483647"/>
</pin_list>
<bind>
<StgValue><ssdm name="p_str"/></StgValue>
</bind>
</comp>

<comp id="68" class="1001" name="const_68">
<pin_list>
<pin id="69" dir="1" index="0" bw="1" slack="2147483647"/>
</pin_list>
<bind>
<StgValue><ssdm name=""/></StgValue>
</bind>
</comp>

<comp id="70" class="1001" name="const_70">
<pin_list>
<pin id="71" dir="1" index="0" bw="1" slack="2147483647"/>
</pin_list>
<bind>
<StgValue><ssdm name=""/></StgValue>
</bind>
</comp>

<comp id="72" class="1001" name="const_72">
<pin_list>
<pin id="73" dir="1" index="0" bw="1" slack="2147483647"/>
</pin_list>
<bind>
<StgValue><ssdm name="ScalarProp_str"/></StgValue>
</bind>
</comp>

<comp id="74" class="1001" name="const_74">
<pin_list>
<pin id="75" dir="1" index="0" bw="1" slack="2147483647"/>
</pin_list>
<bind>
<StgValue><ssdm name=""/></StgValue>
</bind>
</comp>

<comp id="76" class="1001" name="const_76">
<pin_list>
<pin id="77" dir="1" index="0" bw="1" slack="2147483647"/>
</pin_list>
<bind>
<StgValue><ssdm name="empty_21"/></StgValue>
</bind>
</comp>

<comp id="78" class="1001" name="const_78">
<pin_list>
<pin id="79" dir="1" index="0" bw="1" slack="2147483647"/>
</pin_list>
<bind>
<StgValue><ssdm name="empty_9"/></StgValue>
</bind>
</comp>

<comp id="80" class="1001" name="const_80">
<pin_list>
<pin id="81" dir="1" index="0" bw="1" slack="0"/>
</pin_list>
<bind>
<StgValue><ssdm name=""/></StgValue>
</bind>
</comp>

<comp id="82" class="1001" name="const_82">
<pin_list>
<pin id="83" dir="1" index="0" bw="1" slack="0"/>
</pin_list>
<bind>
<StgValue><ssdm name=""/></StgValue>
</bind>
</comp>

<comp id="84" class="1001" name="const_84">
<pin_list>
<pin id="85" dir="1" index="0" bw="1" slack="1"/>
</pin_list>
<bind>
<StgValue><ssdm name=""/></StgValue>
</bind>
</comp>

<comp id="86" class="1001" name="const_86">
<pin_list>
<pin id="87" dir="1" index="0" bw="1" slack="0"/>
</pin_list>
<bind>
<StgValue><ssdm name=""/></StgValue>
</bind>
</comp>

<comp id="88" class="1001" name="const_88">
<pin_list>
<pin id="89" dir="1" index="0" bw="1" slack="0"/>
</pin_list>
<bind>
<StgValue><ssdm name="tpgBackground_Pipeline_VITIS_LOOP_565_2"/></StgValue>
</bind>
</comp>

<comp id="90" class="1001" name="const_90">
<pin_list>
<pin id="91" dir="1" index="0" bw="1" slack="2147483647"/>
</pin_list>
<bind>
<StgValue><ssdm name="_ssdm_op_SpecLoopTripCount"/></StgValue>
</bind>
</comp>

<comp id="92" class="1001" name="const_92">
<pin_list>
<pin id="93" dir="1" index="0" bw="1" slack="2147483647"/>
</pin_list>
<bind>
<StgValue><ssdm name=""/></StgValue>
</bind>
</comp>

<comp id="94" class="1001" name="const_94">
<pin_list>
<pin id="95" dir="1" index="0" bw="1" slack="2147483647"/>
</pin_list>
<bind>
<StgValue><ssdm name=""/></StgValue>
</bind>
</comp>

<comp id="96" class="1001" name="const_96">
<pin_list>
<pin id="97" dir="1" index="0" bw="1" slack="2147483647"/>
</pin_list>
<bind>
<StgValue><ssdm name="_ssdm_op_SpecLoopName"/></StgValue>
</bind>
</comp>

<comp id="98" class="1001" name="const_98">
<pin_list>
<pin id="99" dir="1" index="0" bw="1" slack="2147483647"/>
</pin_list>
<bind>
<StgValue><ssdm name="empty_31"/></StgValue>
</bind>
</comp>

<comp id="100" class="1004" name="y_fu_100">
<pin_list>
<pin id="101" dir="0" index="0" bw="1" slack="0"/>
<pin id="102" dir="1" index="1" bw="16" slack="0"/>
</pin_list>
<bind>
<opcode="alloca(26) " fcode="alloca"/>
<opset="y/1 "/>
</bind>
</comp>

<comp id="104" class="1004" name="outpix_0_0_0_0_0_load321_lcssa334_fu_104">
<pin_list>
<pin id="105" dir="0" index="0" bw="1" slack="0"/>
<pin id="106" dir="1" index="1" bw="8" slack="2"/>
</pin_list>
<bind>
<opcode="alloca(26) " fcode="alloca"/>
<opset="outpix_0_0_0_0_0_load321_lcssa334/1 "/>
</bind>
</comp>

<comp id="108" class="1004" name="outpix_0_1_0_0_0_load323_lcssa337_fu_108">
<pin_list>
<pin id="109" dir="0" index="0" bw="1" slack="0"/>
<pin id="110" dir="1" index="1" bw="8" slack="2"/>
</pin_list>
<bind>
<opcode="alloca(26) " fcode="alloca"/>
<opset="outpix_0_1_0_0_0_load323_lcssa337/1 "/>
</bind>
</comp>

<comp id="112" class="1004" name="outpix_0_2_0_0_0_load325_lcssa340_fu_112">
<pin_list>
<pin id="113" dir="0" index="0" bw="1" slack="0"/>
<pin id="114" dir="1" index="1" bw="8" slack="2"/>
</pin_list>
<bind>
<opcode="alloca(26) " fcode="alloca"/>
<opset="outpix_0_2_0_0_0_load325_lcssa340/1 "/>
</bind>
</comp>

<comp id="116" class="1004" name="outpix_0_3_0_0_0_load327_lcssa343_fu_116">
<pin_list>
<pin id="117" dir="0" index="0" bw="1" slack="0"/>
<pin id="118" dir="1" index="1" bw="8" slack="2"/>
</pin_list>
<bind>
<opcode="alloca(26) " fcode="alloca"/>
<opset="outpix_0_3_0_0_0_load327_lcssa343/1 "/>
</bind>
</comp>

<comp id="120" class="1004" name="outpix_0_4_0_0_0_load329_lcssa346_fu_120">
<pin_list>
<pin id="121" dir="0" index="0" bw="1" slack="0"/>
<pin id="122" dir="1" index="1" bw="8" slack="2"/>
</pin_list>
<bind>
<opcode="alloca(26) " fcode="alloca"/>
<opset="outpix_0_4_0_0_0_load329_lcssa346/1 "/>
</bind>
</comp>

<comp id="124" class="1004" name="outpix_0_5_0_0_0_load331_lcssa349_fu_124">
<pin_list>
<pin id="125" dir="0" index="0" bw="1" slack="0"/>
<pin id="126" dir="1" index="1" bw="8" slack="2"/>
</pin_list>
<bind>
<opcode="alloca(26) " fcode="alloca"/>
<opset="outpix_0_5_0_0_0_load331_lcssa349/1 "/>
</bind>
</comp>

<comp id="128" class="1004" name="hdata_loc_0_fu_128">
<pin_list>
<pin id="129" dir="0" index="0" bw="1" slack="0"/>
<pin id="130" dir="1" index="1" bw="16" slack="0"/>
</pin_list>
<bind>
<opcode="alloca(26) " fcode="alloca"/>
<opset="hdata_loc_0/1 "/>
</bind>
</comp>

<comp id="132" class="1004" name="hdata_new_0_fu_132">
<pin_list>
<pin id="133" dir="0" index="0" bw="1" slack="0"/>
<pin id="134" dir="1" index="1" bw="16" slack="2"/>
</pin_list>
<bind>
<opcode="alloca(26) " fcode="alloca"/>
<opset="hdata_new_0/1 "/>
</bind>
</comp>

<comp id="136" class="1004" name="rampVal_loc_0_fu_136">
<pin_list>
<pin id="137" dir="0" index="0" bw="1" slack="0"/>
<pin id="138" dir="1" index="1" bw="16" slack="0"/>
</pin_list>
<bind>
<opcode="alloca(26) " fcode="alloca"/>
<opset="rampVal_loc_0/1 "/>
</bind>
</comp>

<comp id="140" class="1004" name="rampVal_1_loc_0_fu_140">
<pin_list>
<pin id="141" dir="0" index="0" bw="1" slack="0"/>
<pin id="142" dir="1" index="1" bw="16" slack="0"/>
</pin_list>
<bind>
<opcode="alloca(26) " fcode="alloca"/>
<opset="rampVal_1_loc_0/1 "/>
</bind>
</comp>

<comp id="144" class="1004" name="rampVal_1_new_0_fu_144">
<pin_list>
<pin id="145" dir="0" index="0" bw="1" slack="0"/>
<pin id="146" dir="1" index="1" bw="16" slack="2"/>
</pin_list>
<bind>
<opcode="alloca(26) " fcode="alloca"/>
<opset="rampVal_1_new_0/1 "/>
</bind>
</comp>

<comp id="148" class="1004" name="hdata_flag_1_loc_fu_148">
<pin_list>
<pin id="149" dir="0" index="0" bw="1" slack="0"/>
<pin id="150" dir="1" index="1" bw="1" slack="2"/>
</pin_list>
<bind>
<opcode="alloca(26) " fcode="alloca"/>
<opset="hdata_flag_1_loc/1 "/>
</bind>
</comp>

<comp id="152" class="1004" name="rampVal_1_flag_1_loc_fu_152">
<pin_list>
<pin id="153" dir="0" index="0" bw="1" slack="0"/>
<pin id="154" dir="1" index="1" bw="1" slack="2"/>
</pin_list>
<bind>
<opcode="alloca(26) " fcode="alloca"/>
<opset="rampVal_1_flag_1_loc/1 "/>
</bind>
</comp>

<comp id="156" class="1004" name="colorFormat_val_read_read_fu_156">
<pin_list>
<pin id="157" dir="0" index="0" bw="8" slack="0"/>
<pin id="158" dir="0" index="1" bw="8" slack="0"/>
<pin id="159" dir="1" index="2" bw="8" slack="0"/>
</pin_list>
<bind>
<opcode="read(1150) " fcode="read"/>
<opset="colorFormat_val_read/1 "/>
</bind>
</comp>

<comp id="162" class="1004" name="motionSpeed_val_read_read_fu_162">
<pin_list>
<pin id="163" dir="0" index="0" bw="8" slack="0"/>
<pin id="164" dir="0" index="1" bw="8" slack="0"/>
<pin id="165" dir="1" index="2" bw="8" slack="0"/>
</pin_list>
<bind>
<opcode="read(1150) " fcode="read"/>
<opset="motionSpeed_val_read/1 "/>
</bind>
</comp>

<comp id="168" class="1004" name="width_val_read_read_fu_168">
<pin_list>
<pin id="169" dir="0" index="0" bw="16" slack="0"/>
<pin id="170" dir="0" index="1" bw="16" slack="0"/>
<pin id="171" dir="1" index="2" bw="16" slack="0"/>
</pin_list>
<bind>
<opcode="read(1150) " fcode="read"/>
<opset="width_val_read/1 "/>
</bind>
</comp>

<comp id="174" class="1004" name="height_val_read_read_fu_174">
<pin_list>
<pin id="175" dir="0" index="0" bw="16" slack="0"/>
<pin id="176" dir="0" index="1" bw="16" slack="0"/>
<pin id="177" dir="1" index="2" bw="16" slack="0"/>
</pin_list>
<bind>
<opcode="read(1150) " fcode="read"/>
<opset="height_val_read/1 "/>
</bind>
</comp>

<comp id="180" class="1004" name="write_ln0_write_fu_180">
<pin_list>
<pin id="181" dir="0" index="0" bw="0" slack="0"/>
<pin id="182" dir="0" index="1" bw="8" slack="0"/>
<pin id="183" dir="0" index="2" bw="8" slack="0"/>
<pin id="184" dir="1" index="3" bw="0" slack="2147483647"/>
</pin_list>
<bind>
<opcode="write(1151) " fcode="write"/>
<opset="write_ln0/1 "/>
</bind>
</comp>

<comp id="188" class="1004" name="write_ln0_write_fu_188">
<pin_list>
<pin id="189" dir="0" index="0" bw="0" slack="0"/>
<pin id="190" dir="0" index="1" bw="8" slack="0"/>
<pin id="191" dir="0" index="2" bw="8" slack="0"/>
<pin id="192" dir="1" index="3" bw="0" slack="2147483647"/>
</pin_list>
<bind>
<opcode="write(1151) " fcode="write"/>
<opset="write_ln0/1 "/>
</bind>
</comp>

<comp id="196" class="1004" name="write_ln0_write_fu_196">
<pin_list>
<pin id="197" dir="0" index="0" bw="0" slack="0"/>
<pin id="198" dir="0" index="1" bw="16" slack="0"/>
<pin id="199" dir="0" index="2" bw="16" slack="0"/>
<pin id="200" dir="1" index="3" bw="0" slack="2147483647"/>
</pin_list>
<bind>
<opcode="write(1151) " fcode="write"/>
<opset="write_ln0/1 "/>
</bind>
</comp>

<comp id="204" class="1004" name="write_ln0_write_fu_204">
<pin_list>
<pin id="205" dir="0" index="0" bw="0" slack="0"/>
<pin id="206" dir="0" index="1" bw="16" slack="0"/>
<pin id="207" dir="0" index="2" bw="16" slack="0"/>
<pin id="208" dir="1" index="3" bw="0" slack="2147483647"/>
</pin_list>
<bind>
<opcode="write(1151) " fcode="write"/>
<opset="write_ln0/1 "/>
</bind>
</comp>

<comp id="212" class="1004" name="patternId_val_read_read_fu_212">
<pin_list>
<pin id="213" dir="0" index="0" bw="8" slack="0"/>
<pin id="214" dir="0" index="1" bw="8" slack="0"/>
<pin id="215" dir="1" index="2" bw="8" slack="1"/>
</pin_list>
<bind>
<opcode="read(1150) " fcode="read"/>
<opset="patternId_val_read/2 "/>
</bind>
</comp>

<comp id="218" class="1004" name="blkYuv_addr_gep_fu_218">
<pin_list>
<pin id="219" dir="0" index="0" bw="8" slack="0"/>
<pin id="220" dir="0" index="1" bw="1" slack="0"/>
<pin id="221" dir="0" index="2" bw="3" slack="0"/>
<pin id="222" dir="1" index="3" bw="2" slack="0"/>
</pin_list>
<bind>
<opcode="getelementptr(29) " fcode="getelementptr"/>
<opset="blkYuv_addr/1 "/>
</bind>
</comp>

<comp id="225" class="1004" name="grp_access_fu_225">
<pin_list>
<pin id="226" dir="0" index="0" bw="2" slack="0"/>
<pin id="227" dir="0" index="1" bw="8" slack="2147483647"/>
<pin id="228" dir="0" index="2" bw="0" slack="2147483647"/>
<pin id="229" dir="1" index="3" bw="8" slack="1"/>
</pin_list>
<bind>
<opcode="load(27) " fcode="load"/>
<opset="blkYuv_load/1 "/>
</bind>
</comp>

<comp id="231" class="1005" name="rampVal_1_flag_0_reg_231">
<pin_list>
<pin id="232" dir="0" index="0" bw="1" slack="1"/>
<pin id="233" dir="1" index="1" bw="1" slack="1"/>
</pin_list>
<bind>
<opset="rampVal_1_flag_0 (phireg) "/>
</bind>
</comp>

<comp id="235" class="1004" name="rampVal_1_flag_0_phi_fu_235">
<pin_list>
<pin id="236" dir="0" index="0" bw="1" slack="1"/>
<pin id="237" dir="0" index="1" bw="0" slack="2147483647"/>
<pin id="238" dir="0" index="2" bw="1" slack="2147483647"/>
<pin id="239" dir="0" index="3" bw="0" slack="2147483647"/>
<pin id="240" dir="1" index="4" bw="1" slack="0"/>
</pin_list>
<bind>
<opcode="phi(47) " fcode="phi"/>
<opset="rampVal_1_flag_0/3 "/>
</bind>
</comp>

<comp id="243" class="1005" name="hdata_flag_0_reg_243">
<pin_list>
<pin id="244" dir="0" index="0" bw="1" slack="1"/>
<pin id="245" dir="1" index="1" bw="1" slack="1"/>
</pin_list>
<bind>
<opset="hdata_flag_0 (phireg) "/>
</bind>
</comp>

<comp id="247" class="1004" name="hdata_flag_0_phi_fu_247">
<pin_list>
<pin id="248" dir="0" index="0" bw="1" slack="1"/>
<pin id="249" dir="0" index="1" bw="0" slack="2147483647"/>
<pin id="250" dir="0" index="2" bw="1" slack="2147483647"/>
<pin id="251" dir="0" index="3" bw="0" slack="2147483647"/>
<pin id="252" dir="1" index="4" bw="1" slack="0"/>
</pin_list>
<bind>
<opcode="phi(47) " fcode="phi"/>
<opset="hdata_flag_0/3 "/>
</bind>
</comp>

<comp id="255" class="1004" name="grp_tpgBackground_Pipeline_VITIS_LOOP_565_2_fu_255">
<pin_list>
<pin id="256" dir="0" index="0" bw="0" slack="0"/>
<pin id="257" dir="0" index="1" bw="1" slack="0"/>
<pin id="258" dir="0" index="2" bw="1" slack="0"/>
<pin id="259" dir="0" index="3" bw="16" slack="2"/>
<pin id="260" dir="0" index="4" bw="8" slack="1"/>
<pin id="261" dir="0" index="5" bw="8" slack="2"/>
<pin id="262" dir="0" index="6" bw="48" slack="0"/>
<pin id="263" dir="0" index="7" bw="8" slack="1"/>
<pin id="264" dir="0" index="8" bw="8" slack="2"/>
<pin id="265" dir="0" index="9" bw="16" slack="0"/>
<pin id="266" dir="0" index="10" bw="8" slack="1"/>
<pin id="267" dir="0" index="11" bw="8" slack="0"/>
<pin id="268" dir="0" index="12" bw="8" slack="2"/>
<pin id="269" dir="0" index="13" bw="7" slack="2"/>
<pin id="270" dir="0" index="14" bw="1" slack="2"/>
<pin id="271" dir="0" index="15" bw="16" slack="2"/>
<pin id="272" dir="0" index="16" bw="16" slack="2"/>
<pin id="273" dir="0" index="17" bw="16" slack="2"/>
<pin id="274" dir="0" index="18" bw="1" slack="2"/>
<pin id="275" dir="0" index="19" bw="16" slack="2"/>
<pin id="276" dir="0" index="20" bw="16" slack="2"/>
<pin id="277" dir="0" index="21" bw="8" slack="2"/>
<pin id="278" dir="0" index="22" bw="8" slack="2"/>
<pin id="279" dir="0" index="23" bw="8" slack="2"/>
<pin id="280" dir="0" index="24" bw="8" slack="2"/>
<pin id="281" dir="0" index="25" bw="8" slack="2"/>
<pin id="282" dir="0" index="26" bw="8" slack="2"/>
<pin id="283" dir="0" index="27" bw="8" slack="0"/>
<pin id="284" dir="0" index="28" bw="28" slack="0"/>
<pin id="285" dir="0" index="29" bw="28" slack="0"/>
<pin id="286" dir="0" index="30" bw="28" slack="0"/>
<pin id="287" dir="1" index="31" bw="0" slack="2147483647"/>
</pin_list>
<bind>
<opcode="call(48) " fcode="call"/>
<opset="call_ln750/3 "/>
</bind>
</comp>

<comp id="296" class="1004" name="tmp_fu_296">
<pin_list>
<pin id="297" dir="0" index="0" bw="7" slack="0"/>
<pin id="298" dir="0" index="1" bw="8" slack="0"/>
<pin id="299" dir="0" index="2" bw="1" slack="0"/>
<pin id="300" dir="0" index="3" bw="4" slack="0"/>
<pin id="301" dir="1" index="4" bw="7" slack="2"/>
</pin_list>
<bind>
<opcode="partselect(1002) " fcode="partselect"/>
<opset="tmp/1 "/>
</bind>
</comp>

<comp id="306" class="1004" name="cmp6_i146_fu_306">
<pin_list>
<pin id="307" dir="0" index="0" bw="8" slack="0"/>
<pin id="308" dir="0" index="1" bw="1" slack="0"/>
<pin id="309" dir="1" index="2" bw="1" slack="0"/>
</pin_list>
<bind>
<opcode="icmp(45) " fcode="icmp"/>
<opset="cmp6_i146/1 "/>
</bind>
</comp>

<comp id="312" class="1004" name="idxprom13_1_i150_cast_cast_cast_fu_312">
<pin_list>
<pin id="313" dir="0" index="0" bw="1" slack="0"/>
<pin id="314" dir="0" index="1" bw="1" slack="0"/>
<pin id="315" dir="0" index="2" bw="3" slack="0"/>
<pin id="316" dir="1" index="3" bw="64" slack="0"/>
</pin_list>
<bind>
<opcode="select(49) " fcode="select"/>
<opset="idxprom13_1_i150_cast_cast_cast/1 "/>
</bind>
</comp>

<comp id="321" class="1004" name="rampVal_1_load_load_fu_321">
<pin_list>
<pin id="322" dir="0" index="0" bw="16" slack="0"/>
<pin id="323" dir="1" index="1" bw="16" slack="0"/>
</pin_list>
<bind>
<opcode="load(27) " fcode="load"/>
<opset="rampVal_1_load/1 "/>
</bind>
</comp>

<comp id="325" class="1004" name="rampVal_load_load_fu_325">
<pin_list>
<pin id="326" dir="0" index="0" bw="8" slack="0"/>
<pin id="327" dir="1" index="1" bw="8" slack="0"/>
</pin_list>
<bind>
<opcode="load(27) " fcode="load"/>
<opset="rampVal_load/1 "/>
</bind>
</comp>

<comp id="329" class="1004" name="zext_ln1545_fu_329">
<pin_list>
<pin id="330" dir="0" index="0" bw="8" slack="0"/>
<pin id="331" dir="1" index="1" bw="16" slack="0"/>
</pin_list>
<bind>
<opcode="zext(34) " fcode="zext"/>
<opset="zext_ln1545/1 "/>
</bind>
</comp>

<comp id="333" class="1004" name="hdata_load_load_fu_333">
<pin_list>
<pin id="334" dir="0" index="0" bw="16" slack="0"/>
<pin id="335" dir="1" index="1" bw="16" slack="0"/>
</pin_list>
<bind>
<opcode="load(27) " fcode="load"/>
<opset="hdata_load/1 "/>
</bind>
</comp>

<comp id="337" class="1004" name="store_ln1084_store_fu_337">
<pin_list>
<pin id="338" dir="0" index="0" bw="16" slack="0"/>
<pin id="339" dir="0" index="1" bw="16" slack="0"/>
<pin id="340" dir="1" index="2" bw="0" slack="2147483647"/>
</pin_list>
<bind>
<opcode="store(28) " fcode="store"/>
<opset="store_ln1084/1 "/>
</bind>
</comp>

<comp id="342" class="1004" name="store_ln1545_store_fu_342">
<pin_list>
<pin id="343" dir="0" index="0" bw="8" slack="0"/>
<pin id="344" dir="0" index="1" bw="16" slack="0"/>
<pin id="345" dir="1" index="2" bw="0" slack="2147483647"/>
</pin_list>
<bind>
<opcode="store(28) " fcode="store"/>
<opset="store_ln1545/1 "/>
</bind>
</comp>

<comp id="347" class="1004" name="store_ln1545_store_fu_347">
<pin_list>
<pin id="348" dir="0" index="0" bw="16" slack="0"/>
<pin id="349" dir="0" index="1" bw="16" slack="0"/>
<pin id="350" dir="1" index="2" bw="0" slack="2147483647"/>
</pin_list>
<bind>
<opcode="store(28) " fcode="store"/>
<opset="store_ln1545/1 "/>
</bind>
</comp>

<comp id="352" class="1004" name="store_ln549_store_fu_352">
<pin_list>
<pin id="353" dir="0" index="0" bw="1" slack="0"/>
<pin id="354" dir="0" index="1" bw="16" slack="0"/>
<pin id="355" dir="1" index="2" bw="0" slack="2147483647"/>
</pin_list>
<bind>
<opcode="store(28) " fcode="store"/>
<opset="store_ln549/1 "/>
</bind>
</comp>

<comp id="357" class="1004" name="rampStart_load_load_fu_357">
<pin_list>
<pin id="358" dir="0" index="0" bw="8" slack="0"/>
<pin id="359" dir="1" index="1" bw="8" slack="0"/>
</pin_list>
<bind>
<opcode="load(27) " fcode="load"/>
<opset="rampStart_load/2 "/>
</bind>
</comp>

<comp id="361" class="1004" name="cmp2_i_fu_361">
<pin_list>
<pin id="362" dir="0" index="0" bw="8" slack="1"/>
<pin id="363" dir="0" index="1" bw="1" slack="0"/>
<pin id="364" dir="1" index="2" bw="1" slack="0"/>
</pin_list>
<bind>
<opcode="icmp(45) " fcode="icmp"/>
<opset="cmp2_i/2 "/>
</bind>
</comp>

<comp id="366" class="1004" name="cond_i358_fu_366">
<pin_list>
<pin id="367" dir="0" index="0" bw="1" slack="0"/>
<pin id="368" dir="0" index="1" bw="8" slack="0"/>
<pin id="369" dir="0" index="2" bw="8" slack="0"/>
<pin id="370" dir="1" index="3" bw="8" slack="1"/>
</pin_list>
<bind>
<opcode="select(49) " fcode="select"/>
<opset="cond_i358/2 "/>
</bind>
</comp>

<comp id="374" class="1004" name="y_3_load_fu_374">
<pin_list>
<pin id="375" dir="0" index="0" bw="16" slack="2"/>
<pin id="376" dir="1" index="1" bw="16" slack="0"/>
</pin_list>
<bind>
<opcode="load(27) " fcode="load"/>
<opset="y_3/3 "/>
</bind>
</comp>

<comp id="378" class="1004" name="icmp_ln563_fu_378">
<pin_list>
<pin id="379" dir="0" index="0" bw="16" slack="0"/>
<pin id="380" dir="0" index="1" bw="16" slack="2"/>
<pin id="381" dir="1" index="2" bw="1" slack="2147483647"/>
</pin_list>
<bind>
<opcode="icmp(45) " fcode="icmp"/>
<opset="icmp_ln563/3 "/>
</bind>
</comp>

<comp id="383" class="1004" name="y_4_fu_383">
<pin_list>
<pin id="384" dir="0" index="0" bw="16" slack="0"/>
<pin id="385" dir="0" index="1" bw="1" slack="0"/>
<pin id="386" dir="1" index="2" bw="16" slack="0"/>
</pin_list>
<bind>
<opcode="add(8) " fcode="add"/>
<opset="y_4/3 "/>
</bind>
</comp>

<comp id="389" class="1004" name="trunc_ln563_fu_389">
<pin_list>
<pin id="390" dir="0" index="0" bw="16" slack="0"/>
<pin id="391" dir="1" index="1" bw="8" slack="0"/>
</pin_list>
<bind>
<opcode="trunc(33) " fcode="trunc"/>
<opset="trunc_ln563/3 "/>
</bind>
</comp>

<comp id="393" class="1004" name="add_i_fu_393">
<pin_list>
<pin id="394" dir="0" index="0" bw="8" slack="2147483647"/>
<pin id="395" dir="0" index="1" bw="8" slack="0"/>
<pin id="396" dir="1" index="2" bw="8" slack="0"/>
</pin_list>
<bind>
<opcode="add(8) " fcode="add"/>
<opset="add_i/3 "/>
</bind>
</comp>

<comp id="399" class="1004" name="store_ln549_store_fu_399">
<pin_list>
<pin id="400" dir="0" index="0" bw="16" slack="0"/>
<pin id="401" dir="0" index="1" bw="16" slack="2"/>
<pin id="402" dir="1" index="2" bw="0" slack="2147483647"/>
</pin_list>
<bind>
<opcode="store(28) " fcode="store"/>
<opset="store_ln549/3 "/>
</bind>
</comp>

<comp id="404" class="1004" name="add_ln750_fu_404">
<pin_list>
<pin id="405" dir="0" index="0" bw="8" slack="2147483647"/>
<pin id="406" dir="0" index="1" bw="8" slack="2"/>
<pin id="407" dir="1" index="2" bw="8" slack="0"/>
</pin_list>
<bind>
<opcode="add(8) " fcode="add"/>
<opset="add_ln750/3 "/>
</bind>
</comp>

<comp id="408" class="1004" name="store_ln750_store_fu_408">
<pin_list>
<pin id="409" dir="0" index="0" bw="8" slack="0"/>
<pin id="410" dir="0" index="1" bw="8" slack="0"/>
<pin id="411" dir="1" index="2" bw="0" slack="2147483647"/>
</pin_list>
<bind>
<opcode="store(28) " fcode="store"/>
<opset="store_ln750/3 "/>
</bind>
</comp>

<comp id="414" class="1004" name="hdata_new_0_load_load_fu_414">
<pin_list>
<pin id="415" dir="0" index="0" bw="16" slack="2"/>
<pin id="416" dir="1" index="1" bw="16" slack="0"/>
</pin_list>
<bind>
<opcode="load(27) " fcode="load"/>
<opset="hdata_new_0_load/3 "/>
</bind>
</comp>

<comp id="417" class="1004" name="store_ln1533_store_fu_417">
<pin_list>
<pin id="418" dir="0" index="0" bw="16" slack="0"/>
<pin id="419" dir="0" index="1" bw="16" slack="0"/>
<pin id="420" dir="1" index="2" bw="0" slack="2147483647"/>
</pin_list>
<bind>
<opcode="store(28) " fcode="store"/>
<opset="store_ln1533/3 "/>
</bind>
</comp>

<comp id="423" class="1004" name="rampVal_1_new_0_load_load_fu_423">
<pin_list>
<pin id="424" dir="0" index="0" bw="16" slack="2"/>
<pin id="425" dir="1" index="1" bw="16" slack="0"/>
</pin_list>
<bind>
<opcode="load(27) " fcode="load"/>
<opset="rampVal_1_new_0_load/3 "/>
</bind>
</comp>

<comp id="426" class="1004" name="store_ln1073_store_fu_426">
<pin_list>
<pin id="427" dir="0" index="0" bw="16" slack="0"/>
<pin id="428" dir="0" index="1" bw="16" slack="0"/>
<pin id="429" dir="1" index="2" bw="0" slack="2147483647"/>
</pin_list>
<bind>
<opcode="store(28) " fcode="store"/>
<opset="store_ln1073/3 "/>
</bind>
</comp>

<comp id="432" class="1004" name="rampVal_1_flag_1_loc_load_load_fu_432">
<pin_list>
<pin id="433" dir="0" index="0" bw="1" slack="4"/>
<pin id="434" dir="1" index="1" bw="1" slack="2147483647"/>
</pin_list>
<bind>
<opcode="load(27) " fcode="load"/>
<opset="rampVal_1_flag_1_loc_load/5 "/>
</bind>
</comp>

<comp id="435" class="1004" name="hdata_flag_1_loc_load_load_fu_435">
<pin_list>
<pin id="436" dir="0" index="0" bw="1" slack="4"/>
<pin id="437" dir="1" index="1" bw="1" slack="2147483647"/>
</pin_list>
<bind>
<opcode="load(27) " fcode="load"/>
<opset="hdata_flag_1_loc_load/5 "/>
</bind>
</comp>

<comp id="438" class="1005" name="y_reg_438">
<pin_list>
<pin id="439" dir="0" index="0" bw="16" slack="0"/>
<pin id="440" dir="1" index="1" bw="16" slack="0"/>
</pin_list>
<bind>
<opset="y "/>
</bind>
</comp>

<comp id="445" class="1005" name="outpix_0_0_0_0_0_load321_lcssa334_reg_445">
<pin_list>
<pin id="446" dir="0" index="0" bw="8" slack="2"/>
<pin id="447" dir="1" index="1" bw="8" slack="2"/>
</pin_list>
<bind>
<opset="outpix_0_0_0_0_0_load321_lcssa334 "/>
</bind>
</comp>

<comp id="450" class="1005" name="outpix_0_1_0_0_0_load323_lcssa337_reg_450">
<pin_list>
<pin id="451" dir="0" index="0" bw="8" slack="2"/>
<pin id="452" dir="1" index="1" bw="8" slack="2"/>
</pin_list>
<bind>
<opset="outpix_0_1_0_0_0_load323_lcssa337 "/>
</bind>
</comp>

<comp id="455" class="1005" name="outpix_0_2_0_0_0_load325_lcssa340_reg_455">
<pin_list>
<pin id="456" dir="0" index="0" bw="8" slack="2"/>
<pin id="457" dir="1" index="1" bw="8" slack="2"/>
</pin_list>
<bind>
<opset="outpix_0_2_0_0_0_load325_lcssa340 "/>
</bind>
</comp>

<comp id="460" class="1005" name="outpix_0_3_0_0_0_load327_lcssa343_reg_460">
<pin_list>
<pin id="461" dir="0" index="0" bw="8" slack="2"/>
<pin id="462" dir="1" index="1" bw="8" slack="2"/>
</pin_list>
<bind>
<opset="outpix_0_3_0_0_0_load327_lcssa343 "/>
</bind>
</comp>

<comp id="465" class="1005" name="outpix_0_4_0_0_0_load329_lcssa346_reg_465">
<pin_list>
<pin id="466" dir="0" index="0" bw="8" slack="2"/>
<pin id="467" dir="1" index="1" bw="8" slack="2"/>
</pin_list>
<bind>
<opset="outpix_0_4_0_0_0_load329_lcssa346 "/>
</bind>
</comp>

<comp id="470" class="1005" name="outpix_0_5_0_0_0_load331_lcssa349_reg_470">
<pin_list>
<pin id="471" dir="0" index="0" bw="8" slack="2"/>
<pin id="472" dir="1" index="1" bw="8" slack="2"/>
</pin_list>
<bind>
<opset="outpix_0_5_0_0_0_load331_lcssa349 "/>
</bind>
</comp>

<comp id="475" class="1005" name="hdata_loc_0_reg_475">
<pin_list>
<pin id="476" dir="0" index="0" bw="16" slack="0"/>
<pin id="477" dir="1" index="1" bw="16" slack="0"/>
</pin_list>
<bind>
<opset="hdata_loc_0 "/>
</bind>
</comp>

<comp id="481" class="1005" name="hdata_new_0_reg_481">
<pin_list>
<pin id="482" dir="0" index="0" bw="16" slack="2"/>
<pin id="483" dir="1" index="1" bw="16" slack="2"/>
</pin_list>
<bind>
<opset="hdata_new_0 "/>
</bind>
</comp>

<comp id="487" class="1005" name="rampVal_loc_0_reg_487">
<pin_list>
<pin id="488" dir="0" index="0" bw="16" slack="0"/>
<pin id="489" dir="1" index="1" bw="16" slack="0"/>
</pin_list>
<bind>
<opset="rampVal_loc_0 "/>
</bind>
</comp>

<comp id="493" class="1005" name="rampVal_1_loc_0_reg_493">
<pin_list>
<pin id="494" dir="0" index="0" bw="16" slack="0"/>
<pin id="495" dir="1" index="1" bw="16" slack="0"/>
</pin_list>
<bind>
<opset="rampVal_1_loc_0 "/>
</bind>
</comp>

<comp id="499" class="1005" name="rampVal_1_new_0_reg_499">
<pin_list>
<pin id="500" dir="0" index="0" bw="16" slack="2"/>
<pin id="501" dir="1" index="1" bw="16" slack="2"/>
</pin_list>
<bind>
<opset="rampVal_1_new_0 "/>
</bind>
</comp>

<comp id="505" class="1005" name="colorFormat_val_read_reg_505">
<pin_list>
<pin id="506" dir="0" index="0" bw="8" slack="1"/>
<pin id="507" dir="1" index="1" bw="8" slack="1"/>
</pin_list>
<bind>
<opset="colorFormat_val_read "/>
</bind>
</comp>

<comp id="511" class="1005" name="motionSpeed_val_read_reg_511">
<pin_list>
<pin id="512" dir="0" index="0" bw="8" slack="2"/>
<pin id="513" dir="1" index="1" bw="8" slack="2"/>
</pin_list>
<bind>
<opset="motionSpeed_val_read "/>
</bind>
</comp>

<comp id="516" class="1005" name="width_val_read_reg_516">
<pin_list>
<pin id="517" dir="0" index="0" bw="16" slack="2"/>
<pin id="518" dir="1" index="1" bw="16" slack="2"/>
</pin_list>
<bind>
<opset="width_val_read "/>
</bind>
</comp>

<comp id="521" class="1005" name="height_val_read_reg_521">
<pin_list>
<pin id="522" dir="0" index="0" bw="16" slack="2"/>
<pin id="523" dir="1" index="1" bw="16" slack="2"/>
</pin_list>
<bind>
<opset="height_val_read "/>
</bind>
</comp>

<comp id="526" class="1005" name="hdata_flag_1_loc_reg_526">
<pin_list>
<pin id="527" dir="0" index="0" bw="1" slack="2"/>
<pin id="528" dir="1" index="1" bw="1" slack="2"/>
</pin_list>
<bind>
<opset="hdata_flag_1_loc "/>
</bind>
</comp>

<comp id="532" class="1005" name="rampVal_1_flag_1_loc_reg_532">
<pin_list>
<pin id="533" dir="0" index="0" bw="1" slack="2"/>
<pin id="534" dir="1" index="1" bw="1" slack="2"/>
</pin_list>
<bind>
<opset="rampVal_1_flag_1_loc "/>
</bind>
</comp>

<comp id="538" class="1005" name="tmp_reg_538">
<pin_list>
<pin id="539" dir="0" index="0" bw="7" slack="2"/>
<pin id="540" dir="1" index="1" bw="7" slack="2"/>
</pin_list>
<bind>
<opset="tmp "/>
</bind>
</comp>

<comp id="543" class="1005" name="blkYuv_addr_reg_543">
<pin_list>
<pin id="544" dir="0" index="0" bw="2" slack="1"/>
<pin id="545" dir="1" index="1" bw="2" slack="1"/>
</pin_list>
<bind>
<opset="blkYuv_addr "/>
</bind>
</comp>

<comp id="548" class="1005" name="patternId_val_read_reg_548">
<pin_list>
<pin id="549" dir="0" index="0" bw="8" slack="1"/>
<pin id="550" dir="1" index="1" bw="8" slack="1"/>
</pin_list>
<bind>
<opset="patternId_val_read "/>
</bind>
</comp>

<comp id="553" class="1005" name="rampStart_load_reg_553">
<pin_list>
<pin id="554" dir="0" index="0" bw="8" slack="2"/>
<pin id="555" dir="1" index="1" bw="8" slack="2"/>
</pin_list>
<bind>
<opset="rampStart_load "/>
</bind>
</comp>

<comp id="559" class="1005" name="cond_i358_reg_559">
<pin_list>
<pin id="560" dir="0" index="0" bw="8" slack="1"/>
<pin id="561" dir="1" index="1" bw="8" slack="1"/>
</pin_list>
<bind>
<opset="cond_i358 "/>
</bind>
</comp>

<comp id="564" class="1005" name="blkYuv_load_reg_564">
<pin_list>
<pin id="565" dir="0" index="0" bw="8" slack="1"/>
<pin id="566" dir="1" index="1" bw="8" slack="1"/>
</pin_list>
<bind>
<opset="blkYuv_load "/>
</bind>
</comp>

<comp id="569" class="1005" name="y_3_reg_569">
<pin_list>
<pin id="570" dir="0" index="0" bw="16" slack="1"/>
<pin id="571" dir="1" index="1" bw="16" slack="1"/>
</pin_list>
<bind>
<opset="y_3 "/>
</bind>
</comp>

<comp id="577" class="1005" name="add_i_reg_577">
<pin_list>
<pin id="578" dir="0" index="0" bw="8" slack="1"/>
<pin id="579" dir="1" index="1" bw="8" slack="1"/>
</pin_list>
<bind>
<opset="add_i "/>
</bind>
</comp>

</comp_list>

<net_list>
<net id="103"><net_src comp="36" pin="0"/><net_sink comp="100" pin=0"/></net>

<net id="107"><net_src comp="36" pin="0"/><net_sink comp="104" pin=0"/></net>

<net id="111"><net_src comp="36" pin="0"/><net_sink comp="108" pin=0"/></net>

<net id="115"><net_src comp="36" pin="0"/><net_sink comp="112" pin=0"/></net>

<net id="119"><net_src comp="36" pin="0"/><net_sink comp="116" pin=0"/></net>

<net id="123"><net_src comp="36" pin="0"/><net_sink comp="120" pin=0"/></net>

<net id="127"><net_src comp="36" pin="0"/><net_sink comp="124" pin=0"/></net>

<net id="131"><net_src comp="36" pin="0"/><net_sink comp="128" pin=0"/></net>

<net id="135"><net_src comp="36" pin="0"/><net_sink comp="132" pin=0"/></net>

<net id="139"><net_src comp="36" pin="0"/><net_sink comp="136" pin=0"/></net>

<net id="143"><net_src comp="36" pin="0"/><net_sink comp="140" pin=0"/></net>

<net id="147"><net_src comp="36" pin="0"/><net_sink comp="144" pin=0"/></net>

<net id="151"><net_src comp="42" pin="0"/><net_sink comp="148" pin=0"/></net>

<net id="155"><net_src comp="42" pin="0"/><net_sink comp="152" pin=0"/></net>

<net id="160"><net_src comp="38" pin="0"/><net_sink comp="156" pin=0"/></net>

<net id="161"><net_src comp="8" pin="0"/><net_sink comp="156" pin=1"/></net>

<net id="166"><net_src comp="38" pin="0"/><net_sink comp="162" pin=0"/></net>

<net id="167"><net_src comp="6" pin="0"/><net_sink comp="162" pin=1"/></net>

<net id="172"><net_src comp="40" pin="0"/><net_sink comp="168" pin=0"/></net>

<net id="173"><net_src comp="2" pin="0"/><net_sink comp="168" pin=1"/></net>

<net id="178"><net_src comp="40" pin="0"/><net_sink comp="174" pin=0"/></net>

<net id="179"><net_src comp="0" pin="0"/><net_sink comp="174" pin=1"/></net>

<net id="185"><net_src comp="44" pin="0"/><net_sink comp="180" pin=0"/></net>

<net id="186"><net_src comp="18" pin="0"/><net_sink comp="180" pin=1"/></net>

<net id="187"><net_src comp="156" pin="2"/><net_sink comp="180" pin=2"/></net>

<net id="193"><net_src comp="44" pin="0"/><net_sink comp="188" pin=0"/></net>

<net id="194"><net_src comp="16" pin="0"/><net_sink comp="188" pin=1"/></net>

<net id="195"><net_src comp="162" pin="2"/><net_sink comp="188" pin=2"/></net>

<net id="201"><net_src comp="46" pin="0"/><net_sink comp="196" pin=0"/></net>

<net id="202"><net_src comp="14" pin="0"/><net_sink comp="196" pin=1"/></net>

<net id="203"><net_src comp="168" pin="2"/><net_sink comp="196" pin=2"/></net>

<net id="209"><net_src comp="46" pin="0"/><net_sink comp="204" pin=0"/></net>

<net id="210"><net_src comp="12" pin="0"/><net_sink comp="204" pin=1"/></net>

<net id="211"><net_src comp="174" pin="2"/><net_sink comp="204" pin=2"/></net>

<net id="216"><net_src comp="38" pin="0"/><net_sink comp="212" pin=0"/></net>

<net id="217"><net_src comp="4" pin="0"/><net_sink comp="212" pin=1"/></net>

<net id="223"><net_src comp="22" pin="0"/><net_sink comp="218" pin=0"/></net>

<net id="224"><net_src comp="56" pin="0"/><net_sink comp="218" pin=1"/></net>

<net id="230"><net_src comp="218" pin="3"/><net_sink comp="225" pin=0"/></net>

<net id="234"><net_src comp="84" pin="0"/><net_sink comp="231" pin=0"/></net>

<net id="241"><net_src comp="231" pin="1"/><net_sink comp="235" pin=0"/></net>

<net id="242"><net_src comp="235" pin="4"/><net_sink comp="231" pin=0"/></net>

<net id="246"><net_src comp="84" pin="0"/><net_sink comp="243" pin=0"/></net>

<net id="253"><net_src comp="243" pin="1"/><net_sink comp="247" pin=0"/></net>

<net id="254"><net_src comp="247" pin="4"/><net_sink comp="243" pin=0"/></net>

<net id="288"><net_src comp="88" pin="0"/><net_sink comp="255" pin=0"/></net>

<net id="289"><net_src comp="235" pin="4"/><net_sink comp="255" pin=1"/></net>

<net id="290"><net_src comp="247" pin="4"/><net_sink comp="255" pin=2"/></net>

<net id="291"><net_src comp="10" pin="0"/><net_sink comp="255" pin=6"/></net>

<net id="292"><net_src comp="26" pin="0"/><net_sink comp="255" pin=27"/></net>

<net id="293"><net_src comp="30" pin="0"/><net_sink comp="255" pin=28"/></net>

<net id="294"><net_src comp="32" pin="0"/><net_sink comp="255" pin=29"/></net>

<net id="295"><net_src comp="34" pin="0"/><net_sink comp="255" pin=30"/></net>

<net id="302"><net_src comp="48" pin="0"/><net_sink comp="296" pin=0"/></net>

<net id="303"><net_src comp="156" pin="2"/><net_sink comp="296" pin=1"/></net>

<net id="304"><net_src comp="36" pin="0"/><net_sink comp="296" pin=2"/></net>

<net id="305"><net_src comp="50" pin="0"/><net_sink comp="296" pin=3"/></net>

<net id="310"><net_src comp="156" pin="2"/><net_sink comp="306" pin=0"/></net>

<net id="311"><net_src comp="52" pin="0"/><net_sink comp="306" pin=1"/></net>

<net id="317"><net_src comp="306" pin="2"/><net_sink comp="312" pin=0"/></net>

<net id="318"><net_src comp="42" pin="0"/><net_sink comp="312" pin=1"/></net>

<net id="319"><net_src comp="54" pin="0"/><net_sink comp="312" pin=2"/></net>

<net id="320"><net_src comp="312" pin="3"/><net_sink comp="218" pin=2"/></net>

<net id="324"><net_src comp="24" pin="0"/><net_sink comp="321" pin=0"/></net>

<net id="328"><net_src comp="26" pin="0"/><net_sink comp="325" pin=0"/></net>

<net id="332"><net_src comp="325" pin="1"/><net_sink comp="329" pin=0"/></net>

<net id="336"><net_src comp="28" pin="0"/><net_sink comp="333" pin=0"/></net>

<net id="341"><net_src comp="321" pin="1"/><net_sink comp="337" pin=0"/></net>

<net id="346"><net_src comp="329" pin="1"/><net_sink comp="342" pin=0"/></net>

<net id="351"><net_src comp="333" pin="1"/><net_sink comp="347" pin=0"/></net>

<net id="356"><net_src comp="58" pin="0"/><net_sink comp="352" pin=0"/></net>

<net id="360"><net_src comp="20" pin="0"/><net_sink comp="357" pin=0"/></net>

<net id="365"><net_src comp="80" pin="0"/><net_sink comp="361" pin=1"/></net>

<net id="371"><net_src comp="361" pin="2"/><net_sink comp="366" pin=0"/></net>

<net id="372"><net_src comp="357" pin="1"/><net_sink comp="366" pin=1"/></net>

<net id="373"><net_src comp="82" pin="0"/><net_sink comp="366" pin=2"/></net>

<net id="377"><net_src comp="374" pin="1"/><net_sink comp="255" pin=9"/></net>

<net id="382"><net_src comp="374" pin="1"/><net_sink comp="378" pin=0"/></net>

<net id="387"><net_src comp="374" pin="1"/><net_sink comp="383" pin=0"/></net>

<net id="388"><net_src comp="86" pin="0"/><net_sink comp="383" pin=1"/></net>

<net id="392"><net_src comp="374" pin="1"/><net_sink comp="389" pin=0"/></net>

<net id="397"><net_src comp="389" pin="1"/><net_sink comp="393" pin=1"/></net>

<net id="398"><net_src comp="393" pin="2"/><net_sink comp="255" pin=11"/></net>

<net id="403"><net_src comp="383" pin="2"/><net_sink comp="399" pin=0"/></net>

<net id="412"><net_src comp="404" pin="2"/><net_sink comp="408" pin=0"/></net>

<net id="413"><net_src comp="20" pin="0"/><net_sink comp="408" pin=1"/></net>

<net id="421"><net_src comp="414" pin="1"/><net_sink comp="417" pin=0"/></net>

<net id="422"><net_src comp="28" pin="0"/><net_sink comp="417" pin=1"/></net>

<net id="430"><net_src comp="423" pin="1"/><net_sink comp="426" pin=0"/></net>

<net id="431"><net_src comp="24" pin="0"/><net_sink comp="426" pin=1"/></net>

<net id="441"><net_src comp="100" pin="1"/><net_sink comp="438" pin=0"/></net>

<net id="442"><net_src comp="438" pin="1"/><net_sink comp="352" pin=1"/></net>

<net id="443"><net_src comp="438" pin="1"/><net_sink comp="374" pin=0"/></net>

<net id="444"><net_src comp="438" pin="1"/><net_sink comp="399" pin=1"/></net>

<net id="448"><net_src comp="104" pin="1"/><net_sink comp="445" pin=0"/></net>

<net id="449"><net_src comp="445" pin="1"/><net_sink comp="255" pin=26"/></net>

<net id="453"><net_src comp="108" pin="1"/><net_sink comp="450" pin=0"/></net>

<net id="454"><net_src comp="450" pin="1"/><net_sink comp="255" pin=25"/></net>

<net id="458"><net_src comp="112" pin="1"/><net_sink comp="455" pin=0"/></net>

<net id="459"><net_src comp="455" pin="1"/><net_sink comp="255" pin=24"/></net>

<net id="463"><net_src comp="116" pin="1"/><net_sink comp="460" pin=0"/></net>

<net id="464"><net_src comp="460" pin="1"/><net_sink comp="255" pin=23"/></net>

<net id="468"><net_src comp="120" pin="1"/><net_sink comp="465" pin=0"/></net>

<net id="469"><net_src comp="465" pin="1"/><net_sink comp="255" pin=22"/></net>

<net id="473"><net_src comp="124" pin="1"/><net_sink comp="470" pin=0"/></net>

<net id="474"><net_src comp="470" pin="1"/><net_sink comp="255" pin=21"/></net>

<net id="478"><net_src comp="128" pin="1"/><net_sink comp="475" pin=0"/></net>

<net id="479"><net_src comp="475" pin="1"/><net_sink comp="347" pin=1"/></net>

<net id="480"><net_src comp="475" pin="1"/><net_sink comp="255" pin=20"/></net>

<net id="484"><net_src comp="132" pin="1"/><net_sink comp="481" pin=0"/></net>

<net id="485"><net_src comp="481" pin="1"/><net_sink comp="255" pin=19"/></net>

<net id="486"><net_src comp="481" pin="1"/><net_sink comp="414" pin=0"/></net>

<net id="490"><net_src comp="136" pin="1"/><net_sink comp="487" pin=0"/></net>

<net id="491"><net_src comp="487" pin="1"/><net_sink comp="342" pin=1"/></net>

<net id="492"><net_src comp="487" pin="1"/><net_sink comp="255" pin=17"/></net>

<net id="496"><net_src comp="140" pin="1"/><net_sink comp="493" pin=0"/></net>

<net id="497"><net_src comp="493" pin="1"/><net_sink comp="337" pin=1"/></net>

<net id="498"><net_src comp="493" pin="1"/><net_sink comp="255" pin=16"/></net>

<net id="502"><net_src comp="144" pin="1"/><net_sink comp="499" pin=0"/></net>

<net id="503"><net_src comp="499" pin="1"/><net_sink comp="255" pin=15"/></net>

<net id="504"><net_src comp="499" pin="1"/><net_sink comp="423" pin=0"/></net>

<net id="508"><net_src comp="156" pin="2"/><net_sink comp="505" pin=0"/></net>

<net id="509"><net_src comp="505" pin="1"/><net_sink comp="361" pin=0"/></net>

<net id="510"><net_src comp="505" pin="1"/><net_sink comp="255" pin=12"/></net>

<net id="514"><net_src comp="162" pin="2"/><net_sink comp="511" pin=0"/></net>

<net id="515"><net_src comp="511" pin="1"/><net_sink comp="404" pin=1"/></net>

<net id="519"><net_src comp="168" pin="2"/><net_sink comp="516" pin=0"/></net>

<net id="520"><net_src comp="516" pin="1"/><net_sink comp="255" pin=3"/></net>

<net id="524"><net_src comp="174" pin="2"/><net_sink comp="521" pin=0"/></net>

<net id="525"><net_src comp="521" pin="1"/><net_sink comp="378" pin=1"/></net>

<net id="529"><net_src comp="148" pin="1"/><net_sink comp="526" pin=0"/></net>

<net id="530"><net_src comp="526" pin="1"/><net_sink comp="255" pin=18"/></net>

<net id="531"><net_src comp="526" pin="1"/><net_sink comp="435" pin=0"/></net>

<net id="535"><net_src comp="152" pin="1"/><net_sink comp="532" pin=0"/></net>

<net id="536"><net_src comp="532" pin="1"/><net_sink comp="255" pin=14"/></net>

<net id="537"><net_src comp="532" pin="1"/><net_sink comp="432" pin=0"/></net>

<net id="541"><net_src comp="296" pin="4"/><net_sink comp="538" pin=0"/></net>

<net id="542"><net_src comp="538" pin="1"/><net_sink comp="255" pin=13"/></net>

<net id="546"><net_src comp="218" pin="3"/><net_sink comp="543" pin=0"/></net>

<net id="547"><net_src comp="543" pin="1"/><net_sink comp="225" pin=0"/></net>

<net id="551"><net_src comp="212" pin="2"/><net_sink comp="548" pin=0"/></net>

<net id="552"><net_src comp="548" pin="1"/><net_sink comp="255" pin=7"/></net>

<net id="556"><net_src comp="357" pin="1"/><net_sink comp="553" pin=0"/></net>

<net id="557"><net_src comp="553" pin="1"/><net_sink comp="255" pin=5"/></net>

<net id="558"><net_src comp="553" pin="1"/><net_sink comp="255" pin=8"/></net>

<net id="562"><net_src comp="366" pin="3"/><net_sink comp="559" pin=0"/></net>

<net id="563"><net_src comp="559" pin="1"/><net_sink comp="255" pin=4"/></net>

<net id="567"><net_src comp="225" pin="3"/><net_sink comp="564" pin=0"/></net>

<net id="568"><net_src comp="564" pin="1"/><net_sink comp="255" pin=10"/></net>

<net id="572"><net_src comp="374" pin="1"/><net_sink comp="569" pin=0"/></net>

<net id="573"><net_src comp="569" pin="1"/><net_sink comp="255" pin=9"/></net>

<net id="580"><net_src comp="393" pin="2"/><net_sink comp="577" pin=0"/></net>

<net id="581"><net_src comp="577" pin="1"/><net_sink comp="255" pin=11"/></net>

</net_list>

</model> 
---------------- Datapath Model END ------------------

* FSMD analyzer results:
  - Output states:
	Port: bckgndYUV | {3 4 }
	Port: height_val4_c3 | {1 }
	Port: width_val7_c4 | {1 }
	Port: motionSpeed_val14_c | {1 }
	Port: colorFormat_val17_c5 | {1 }
	Port: rampStart | {3 }
	Port: rampVal_1 | {3 }
	Port: rampVal | {3 4 }
	Port: hdata | {3 }
	Port: rSerie | {3 4 }
	Port: gSerie | {3 4 }
	Port: bSerie | {3 4 }
 - Input state : 
	Port: tpgBackground : height_val | {1 }
	Port: tpgBackground : width_val | {1 }
	Port: tpgBackground : patternId_val | {2 }
	Port: tpgBackground : motionSpeed_val | {1 }
	Port: tpgBackground : colorFormat_val | {1 }
	Port: tpgBackground : rampStart | {2 }
	Port: tpgBackground : blkYuv | {1 2 }
	Port: tpgBackground : rampVal_1 | {1 }
	Port: tpgBackground : rampVal | {1 }
	Port: tpgBackground : hdata | {1 }
	Port: tpgBackground : rSerie | {3 4 }
	Port: tpgBackground : gSerie | {3 4 }
	Port: tpgBackground : bSerie | {3 4 }
  - Chain level:
	State 1
		idxprom13_1_i150_cast_cast_cast : 1
		blkYuv_addr : 2
		blkYuv_load : 3
		zext_ln1545 : 1
		store_ln1084 : 1
		store_ln1545 : 2
		store_ln1545 : 1
		store_ln549 : 1
	State 2
		cond_i358 : 1
	State 3
		icmp_ln563 : 1
		y_4 : 1
		br_ln563 : 2
		trunc_ln563 : 1
		add_i : 2
		call_ln750 : 3
		store_ln549 : 2
		store_ln750 : 1
		br_ln0 : 1
		store_ln1533 : 1
		br_ln0 : 1
		store_ln1073 : 1
	State 4
	State 5


============================================================
+ Verbose Summary: Datapath Resource usage 
============================================================

* Functional unit list:
|----------|----------------------------------------------------|---------|---------|
| Operation|                   Functional Unit                  |    FF   |   LUT   |
|----------|----------------------------------------------------|---------|---------|
|   call   | grp_tpgBackground_Pipeline_VITIS_LOOP_565_2_fu_255 |    63   |   304   |
|----------|----------------------------------------------------|---------|---------|
|          |                  cmp6_i146_fu_306                  |    0    |    15   |
|   icmp   |                    cmp2_i_fu_361                   |    0    |    15   |
|          |                  icmp_ln563_fu_378                 |    0    |    23   |
|----------|----------------------------------------------------|---------|---------|
|          |                     y_4_fu_383                     |    0    |    23   |
|    add   |                    add_i_fu_393                    |    0    |    15   |
|          |                  add_ln750_fu_404                  |    0    |    15   |
|----------|----------------------------------------------------|---------|---------|
|  select  |       idxprom13_1_i150_cast_cast_cast_fu_312       |    0    |    3    |
|          |                  cond_i358_fu_366                  |    0    |    8    |
|----------|----------------------------------------------------|---------|---------|
|          |          colorFormat_val_read_read_fu_156          |    0    |    0    |
|          |          motionSpeed_val_read_read_fu_162          |    0    |    0    |
|   read   |             width_val_read_read_fu_168             |    0    |    0    |
|          |             height_val_read_read_fu_174            |    0    |    0    |
|          |           patternId_val_read_read_fu_212           |    0    |    0    |
|----------|----------------------------------------------------|---------|---------|
|          |               write_ln0_write_fu_180               |    0    |    0    |
|   write  |               write_ln0_write_fu_188               |    0    |    0    |
|          |               write_ln0_write_fu_196               |    0    |    0    |
|          |               write_ln0_write_fu_204               |    0    |    0    |
|----------|----------------------------------------------------|---------|---------|
|partselect|                     tmp_fu_296                     |    0    |    0    |
|----------|----------------------------------------------------|---------|---------|
|   zext   |                 zext_ln1545_fu_329                 |    0    |    0    |
|----------|----------------------------------------------------|---------|---------|
|   trunc  |                 trunc_ln563_fu_389                 |    0    |    0    |
|----------|----------------------------------------------------|---------|---------|
|   Total  |                                                    |    63   |   421   |
|----------|----------------------------------------------------|---------|---------|

Memories:
N/A

* Register list:
+-----------------------------------------+--------+
|                                         |   FF   |
+-----------------------------------------+--------+
|              add_i_reg_577              |    8   |
|           blkYuv_addr_reg_543           |    2   |
|           blkYuv_load_reg_564           |    8   |
|       colorFormat_val_read_reg_505      |    8   |
|            cond_i358_reg_559            |    8   |
|           hdata_flag_0_reg_243          |    1   |
|         hdata_flag_1_loc_reg_526        |    1   |
|           hdata_loc_0_reg_475           |   16   |
|           hdata_new_0_reg_481           |   16   |
|         height_val_read_reg_521         |   16   |
|       motionSpeed_val_read_reg_511      |    8   |
|outpix_0_0_0_0_0_load321_lcssa334_reg_445|    8   |
|outpix_0_1_0_0_0_load323_lcssa337_reg_450|    8   |
|outpix_0_2_0_0_0_load325_lcssa340_reg_455|    8   |
|outpix_0_3_0_0_0_load327_lcssa343_reg_460|    8   |
|outpix_0_4_0_0_0_load329_lcssa346_reg_465|    8   |
|outpix_0_5_0_0_0_load331_lcssa349_reg_470|    8   |
|        patternId_val_read_reg_548       |    8   |
|          rampStart_load_reg_553         |    8   |
|         rampVal_1_flag_0_reg_231        |    1   |
|       rampVal_1_flag_1_loc_reg_532      |    1   |
|         rampVal_1_loc_0_reg_493         |   16   |
|         rampVal_1_new_0_reg_499         |   16   |
|          rampVal_loc_0_reg_487          |   16   |
|               tmp_reg_538               |    7   |
|          width_val_read_reg_516         |   16   |
|               y_3_reg_569               |   16   |
|                y_reg_438                |   16   |
+-----------------------------------------+--------+
|                  Total                  |   261  |
+-----------------------------------------+--------+

* Multiplexer (MUX) list: 
|----------------------------------------------------|------|------|------|--------||---------||---------||---------|
|                        Comp                        |  Pin | Size |  BW  | S x BW ||  Delay  ||    FF   ||   LUT   |
|----------------------------------------------------|------|------|------|--------||---------||---------||---------|
|                  grp_access_fu_225                 |  p0  |   2  |   2  |    4   ||    0    ||    9    |
|              rampVal_1_flag_0_reg_231              |  p0  |   2  |   1  |    2   ||    0    ||    9    |
|                hdata_flag_0_reg_243                |  p0  |   2  |   1  |    2   ||    0    ||    9    |
| grp_tpgBackground_Pipeline_VITIS_LOOP_565_2_fu_255 |  p9  |   2  |  16  |   32   ||    0    ||    9    |
| grp_tpgBackground_Pipeline_VITIS_LOOP_565_2_fu_255 |  p11 |   2  |   8  |   16   ||    0    ||    9    |
|----------------------------------------------------|------|------|------|--------||---------||---------||---------|
|                        Total                       |      |      |      |   56   ||  2.135  ||    0    ||    45   |
|----------------------------------------------------|------|------|------|--------||---------||---------||---------|



* Summary:
+-----------+--------+--------+--------+
|           |  Delay |   FF   |   LUT  |
+-----------+--------+--------+--------+
|  Function |    -   |   63   |   421  |
|   Memory  |    -   |    -   |    -   |
|Multiplexer|    2   |    0   |   45   |
|  Register |    -   |   261  |    -   |
+-----------+--------+--------+--------+
|   Total   |    2   |   324  |   466  |
+-----------+--------+--------+--------+
