

================================================================
== Vitis HLS Report for 'tpgBackground'
================================================================
* Date:           Mon Apr 27 12:25:03 2026

* Version:        2024.2 (Build 5238294 on Nov  8 2024)
* Project:        prj
* Solution:       sol (Vivado IP Flow Target)
* Product family: zynquplus
* Target device:  xck26-sfvc784-2LV-c


================================================================
== Performance Estimates
================================================================
+ Timing: 
    * Summary: 
    +--------+---------+----------+------------+
    |  Clock |  Target | Estimated| Uncertainty|
    +--------+---------+----------+------------+
    |ap_clk  |  6.67 ns|  2.261 ns|     1.80 ns|
    +--------+---------+----------+------------+

+ Latency: 
    * Summary: 
    +---------+------------+-----------+------------+-----+------------+---------+
    |   Latency (cycles)   |   Latency (absolute)   |     Interval     | Pipeline|
    |   min   |     max    |    min    |     max    | min |     max    |   Type  |
    +---------+------------+-----------+------------+-----+------------+---------+
    |        2|  2147844092|  13.334 ns|  14.320 sec|    2|  2147844092|       no|
    +---------+------------+-----------+------------+-----+------------+---------+

    + Detail: 
        * Instance: 
        N/A

        * Loop: 
        +--------------------+---------+------------+-----------+-----------+-----------+-----------+----------+
        |                    |   Latency (cycles)   | Iteration |  Initiation Interval  |    Trip   |          |
        |      Loop Name     |   min   |     max    |  Latency  |  achieved |   target  |   Count   | Pipelined|
        +--------------------+---------+------------+-----------+-----------+-----------+-----------+----------+
        |- VITIS_LOOP_563_1  |        0|  2147844090|  7 ~ 32774|          -|          -|  0 ~ 65535|        no|
        +--------------------+---------+------------+-----------+-----------+-----------+-----------+----------+

============================================================
+ Verbose Summary: Synthesis Manager
============================================================
InlineROM: 1
ExposeGlobal: 0
============================================================
+ Verbose Summary: CDFG Model
============================================================
IsTopModel: 0
ResetActiveHigh: 1
IsCombinational: 2
IsDatapathOnly: 0
HasWiredReturn: 1
HasMFsm: 0
HasVarLatency: 1
IsPipeline: 0
IsRtlPipelined: 0
IsInstanceOverlapped: 0
IsDontTouch: 0
HasImplIP: 0
IsGatedGlobalClock: 0


============================================================
+ Verbose Summary: Schedule
============================================================
* Number of FSM states : 5
* Pipeline : 0
* Dataflow Pipeline: 0

* FSM state transitions: 
1 --> 2 
2 --> 3 
3 --> 4 
4 --> 5 
5 --> 3 

* FSM state operations: 

State 1 <SV = 0> <Delay = 1.83>
ST_1 : Operation 6 [1/1] (0.00ns)   --->   "%y = alloca i32 1" [/home/izaan/GitRepos/dpdma_exdes/vivado_quad_vmix/kv260_quad_vmix_dp.runs/bd_quad_vmix_dp_v_tpg_2_0_synth_1/prj/sol/.autopilot/db/v_tpg.cpp:549]   --->   Operation 6 'alloca' 'y' <Predicate = true> <Delay = 0.00>
ST_1 : Operation 7 [1/1] (0.00ns)   --->   "%outpix_0_0_0_0_0_load321_lcssa334 = alloca i32 1"   --->   Operation 7 'alloca' 'outpix_0_0_0_0_0_load321_lcssa334' <Predicate = true> <Delay = 0.00>
ST_1 : Operation 8 [1/1] (0.00ns)   --->   "%outpix_0_1_0_0_0_load323_lcssa337 = alloca i32 1"   --->   Operation 8 'alloca' 'outpix_0_1_0_0_0_load323_lcssa337' <Predicate = true> <Delay = 0.00>
ST_1 : Operation 9 [1/1] (0.00ns)   --->   "%outpix_0_2_0_0_0_load325_lcssa340 = alloca i32 1"   --->   Operation 9 'alloca' 'outpix_0_2_0_0_0_load325_lcssa340' <Predicate = true> <Delay = 0.00>
ST_1 : Operation 10 [1/1] (0.00ns)   --->   "%outpix_0_3_0_0_0_load327_lcssa343 = alloca i32 1"   --->   Operation 10 'alloca' 'outpix_0_3_0_0_0_load327_lcssa343' <Predicate = true> <Delay = 0.00>
ST_1 : Operation 11 [1/1] (0.00ns)   --->   "%outpix_0_4_0_0_0_load329_lcssa346 = alloca i32 1"   --->   Operation 11 'alloca' 'outpix_0_4_0_0_0_load329_lcssa346' <Predicate = true> <Delay = 0.00>
ST_1 : Operation 12 [1/1] (0.00ns)   --->   "%outpix_0_5_0_0_0_load331_lcssa349 = alloca i32 1"   --->   Operation 12 'alloca' 'outpix_0_5_0_0_0_load331_lcssa349' <Predicate = true> <Delay = 0.00>
ST_1 : Operation 13 [1/1] (0.00ns)   --->   "%hdata_loc_0 = alloca i32 1"   --->   Operation 13 'alloca' 'hdata_loc_0' <Predicate = true> <Delay = 0.00>
ST_1 : Operation 14 [1/1] (0.00ns)   --->   "%hdata_new_0 = alloca i32 1"   --->   Operation 14 'alloca' 'hdata_new_0' <Predicate = true> <Delay = 0.00>
ST_1 : Operation 15 [1/1] (0.00ns)   --->   "%rampVal_loc_0 = alloca i32 1"   --->   Operation 15 'alloca' 'rampVal_loc_0' <Predicate = true> <Delay = 0.00>
ST_1 : Operation 16 [1/1] (0.00ns)   --->   "%rampVal_1_loc_0 = alloca i32 1"   --->   Operation 16 'alloca' 'rampVal_1_loc_0' <Predicate = true> <Delay = 0.00>
ST_1 : Operation 17 [1/1] (0.00ns)   --->   "%rampVal_1_new_0 = alloca i32 1"   --->   Operation 17 'alloca' 'rampVal_1_new_0' <Predicate = true> <Delay = 0.00>
ST_1 : Operation 18 [1/1] (0.00ns)   --->   "%colorFormat_val_read = read i8 @_ssdm_op_Read.ap_auto.i8, i8 %colorFormat_val"   --->   Operation 18 'read' 'colorFormat_val_read' <Predicate = true> <Delay = 0.00>
ST_1 : Operation 19 [1/1] (0.00ns)   --->   "%motionSpeed_val_read = read i8 @_ssdm_op_Read.ap_auto.i8, i8 %motionSpeed_val"   --->   Operation 19 'read' 'motionSpeed_val_read' <Predicate = true> <Delay = 0.00>
ST_1 : Operation 20 [1/1] (0.00ns)   --->   "%width_val_read = read i16 @_ssdm_op_Read.ap_auto.i16, i16 %width_val"   --->   Operation 20 'read' 'width_val_read' <Predicate = true> <Delay = 0.00>
ST_1 : Operation 21 [1/1] (0.00ns)   --->   "%height_val_read = read i16 @_ssdm_op_Read.ap_auto.i16, i16 %height_val"   --->   Operation 21 'read' 'height_val_read' <Predicate = true> <Delay = 0.00>
ST_1 : Operation 22 [1/1] (0.00ns)   --->   "%hdata_flag_1_loc = alloca i64 1"   --->   Operation 22 'alloca' 'hdata_flag_1_loc' <Predicate = true> <Delay = 0.00>
ST_1 : Operation 23 [1/1] (0.00ns)   --->   "%rampVal_1_flag_1_loc = alloca i64 1"   --->   Operation 23 'alloca' 'rampVal_1_flag_1_loc' <Predicate = true> <Delay = 0.00>
ST_1 : Operation 24 [1/1] ( I:1.83ns O:1.83ns )   --->   "%write_ln0 = write void @_ssdm_op_Write.ap_fifo.i8P0A, i8 %colorFormat_val17_c5, i8 %colorFormat_val_read"   --->   Operation 24 'write' 'write_ln0' <Predicate = true> <Delay = 1.83> <CoreInst = "FIFO_SRL">   --->   Core 80 'FIFO_SRL' <Latency = 0> <II = 1> <Delay = 1.83> <Storage> <Opcode : 'read' 'write' 'nbread' 'nbwrite'> <Ports = 0> <Width = 8> <Depth = 2> <FIFO>
ST_1 : Operation 25 [1/1] ( I:1.83ns O:1.83ns )   --->   "%write_ln0 = write void @_ssdm_op_Write.ap_fifo.i8P0A, i8 %motionSpeed_val14_c, i8 %motionSpeed_val_read"   --->   Operation 25 'write' 'write_ln0' <Predicate = true> <Delay = 1.83> <CoreInst = "FIFO_SRL">   --->   Core 80 'FIFO_SRL' <Latency = 0> <II = 1> <Delay = 1.83> <Storage> <Opcode : 'read' 'write' 'nbread' 'nbwrite'> <Ports = 0> <Width = 8> <Depth = 2> <FIFO>
ST_1 : Operation 26 [1/1] ( I:1.83ns O:1.83ns )   --->   "%write_ln0 = write void @_ssdm_op_Write.ap_fifo.i16P0A, i16 %width_val7_c4, i16 %width_val_read"   --->   Operation 26 'write' 'write_ln0' <Predicate = true> <Delay = 1.83> <CoreInst = "FIFO_SRL">   --->   Core 80 'FIFO_SRL' <Latency = 0> <II = 1> <Delay = 1.83> <Storage> <Opcode : 'read' 'write' 'nbread' 'nbwrite'> <Ports = 0> <Width = 16> <Depth = 2> <FIFO>
ST_1 : Operation 27 [1/1] ( I:1.83ns O:1.83ns )   --->   "%write_ln0 = write void @_ssdm_op_Write.ap_fifo.i16P0A, i16 %height_val4_c3, i16 %height_val_read"   --->   Operation 27 'write' 'write_ln0' <Predicate = true> <Delay = 1.83> <CoreInst = "FIFO_SRL">   --->   Core 80 'FIFO_SRL' <Latency = 0> <II = 1> <Delay = 1.83> <Storage> <Opcode : 'read' 'write' 'nbread' 'nbwrite'> <Ports = 0> <Width = 16> <Depth = 2> <FIFO>
ST_1 : Operation 28 [1/1] (0.00ns)   --->   "%tmp = partselect i7 @_ssdm_op_PartSelect.i7.i8.i32.i32, i8 %colorFormat_val_read, i32 1, i32 7"   --->   Operation 28 'partselect' 'tmp' <Predicate = true> <Delay = 0.00>
ST_1 : Operation 29 [1/1] (0.76ns)   --->   "%cmp6_i146 = icmp_eq  i8 %colorFormat_val_read, i8 1"   --->   Operation 29 'icmp' 'cmp6_i146' <Predicate = true> <Delay = 0.76> <CoreInst = "Cmp">   --->   Core 9 'Cmp' <Latency = 0> <II = 1> <Delay = 0.76> <FuncUnit> <Opcode : 'seteq' 'setne' 'setle' 'setge' 'setlt' 'setgt'> <InPorts = 2> <OutPorts = 1>
ST_1 : Operation 30 [1/1] (0.20ns)   --->   "%idxprom13_1_i150_cast_cast_cast = select i1 %cmp6_i146, i64 1, i64 2"   --->   Operation 30 'select' 'idxprom13_1_i150_cast_cast_cast' <Predicate = true> <Delay = 0.20> <CoreInst = "Sel">   --->   Core 73 'Sel' <Latency = 0> <II = 1> <Delay = 0.20> <FuncUnit> <Opcode : 'select'> <InPorts = 3> <OutPorts = 1>
ST_1 : Operation 31 [1/1] (0.00ns)   --->   "%blkYuv_addr = getelementptr i8 %blkYuv, i64 0, i64 %idxprom13_1_i150_cast_cast_cast"   --->   Operation 31 'getelementptr' 'blkYuv_addr' <Predicate = true> <Delay = 0.00>
ST_1 : Operation 32 [2/2] (0.67ns)   --->   "%blkYuv_load = load i2 %blkYuv_addr" [/home/izaan/GitRepos/dpdma_exdes/vivado_quad_vmix/kv260_quad_vmix_dp.runs/bd_quad_vmix_dp_v_tpg_2_0_synth_1/prj/sol/.autopilot/db/v_tpg.cpp:1206->/home/izaan/GitRepos/dpdma_exdes/vivado_quad_vmix/kv260_quad_vmix_dp.runs/bd_quad_vmix_dp_v_tpg_2_0_synth_1/prj/sol/.autopilot/db/v_tpg.cpp:611]   --->   Operation 32 'load' 'blkYuv_load' <Predicate = true> <Delay = 0.67> <CoreInst = "ROM">   --->   Core 100 'ROM' <Latency = 1> <II = 1> <Delay = 0.67> <Storage> <Opcode : 'load'> <Ports = 0> <Width = 8> <Depth = 3> <ROM>
ST_1 : Operation 33 [1/1] (0.00ns)   --->   "%rampVal_1_load = load i16 %rampVal_1" [/home/izaan/GitRepos/dpdma_exdes/vivado_quad_vmix/kv260_quad_vmix_dp.runs/bd_quad_vmix_dp_v_tpg_2_0_synth_1/prj/sol/.autopilot/db/v_tpg.cpp:1084->/home/izaan/GitRepos/dpdma_exdes/vivado_quad_vmix/kv260_quad_vmix_dp.runs/bd_quad_vmix_dp_v_tpg_2_0_synth_1/prj/sol/.autopilot/db/v_tpg.cpp:585]   --->   Operation 33 'load' 'rampVal_1_load' <Predicate = true> <Delay = 0.00>
ST_1 : Operation 34 [1/1] (0.00ns)   --->   "%rampVal_load = load i8 %rampVal" [/home/izaan/GitRepos/dpdma_exdes/vivado_quad_vmix/kv260_quad_vmix_dp.runs/bd_quad_vmix_dp_v_tpg_2_0_synth_1/prj/sol/.autopilot/db/v_tpg.cpp:1101->/home/izaan/GitRepos/dpdma_exdes/vivado_quad_vmix/kv260_quad_vmix_dp.runs/bd_quad_vmix_dp_v_tpg_2_0_synth_1/prj/sol/.autopilot/db/v_tpg.cpp:593]   --->   Operation 34 'load' 'rampVal_load' <Predicate = true> <Delay = 0.00>
ST_1 : Operation 35 [1/1] (0.00ns)   --->   "%zext_ln1545 = zext i8 %rampVal_load" [/home/izaan/GitRepos/dpdma_exdes/vivado_quad_vmix/kv260_quad_vmix_dp.runs/bd_quad_vmix_dp_v_tpg_2_0_synth_1/prj/sol/.autopilot/db/v_tpg.cpp:1545->/home/izaan/GitRepos/dpdma_exdes/vivado_quad_vmix/kv260_quad_vmix_dp.runs/bd_quad_vmix_dp_v_tpg_2_0_synth_1/prj/sol/.autopilot/db/v_tpg.cpp:689]   --->   Operation 35 'zext' 'zext_ln1545' <Predicate = true> <Delay = 0.00>
ST_1 : Operation 36 [1/1] (0.00ns)   --->   "%hdata_load = load i16 %hdata" [/home/izaan/GitRepos/dpdma_exdes/vivado_quad_vmix/kv260_quad_vmix_dp.runs/bd_quad_vmix_dp_v_tpg_2_0_synth_1/prj/sol/.autopilot/db/v_tpg.cpp:1545->/home/izaan/GitRepos/dpdma_exdes/vivado_quad_vmix/kv260_quad_vmix_dp.runs/bd_quad_vmix_dp_v_tpg_2_0_synth_1/prj/sol/.autopilot/db/v_tpg.cpp:689]   --->   Operation 36 'load' 'hdata_load' <Predicate = true> <Delay = 0.00>
ST_1 : Operation 37 [1/1] (0.00ns)   --->   "%store_ln1084 = store i16 %rampVal_1_load, i16 %rampVal_1_loc_0" [/home/izaan/GitRepos/dpdma_exdes/vivado_quad_vmix/kv260_quad_vmix_dp.runs/bd_quad_vmix_dp_v_tpg_2_0_synth_1/prj/sol/.autopilot/db/v_tpg.cpp:1084->/home/izaan/GitRepos/dpdma_exdes/vivado_quad_vmix/kv260_quad_vmix_dp.runs/bd_quad_vmix_dp_v_tpg_2_0_synth_1/prj/sol/.autopilot/db/v_tpg.cpp:585]   --->   Operation 37 'store' 'store_ln1084' <Predicate = true> <Delay = 0.00>
ST_1 : Operation 38 [1/1] (0.00ns)   --->   "%store_ln1545 = store i16 %zext_ln1545, i16 %rampVal_loc_0" [/home/izaan/GitRepos/dpdma_exdes/vivado_quad_vmix/kv260_quad_vmix_dp.runs/bd_quad_vmix_dp_v_tpg_2_0_synth_1/prj/sol/.autopilot/db/v_tpg.cpp:1545->/home/izaan/GitRepos/dpdma_exdes/vivado_quad_vmix/kv260_quad_vmix_dp.runs/bd_quad_vmix_dp_v_tpg_2_0_synth_1/prj/sol/.autopilot/db/v_tpg.cpp:689]   --->   Operation 38 'store' 'store_ln1545' <Predicate = true> <Delay = 0.00>
ST_1 : Operation 39 [1/1] (0.00ns)   --->   "%store_ln1545 = store i16 %hdata_load, i16 %hdata_loc_0" [/home/izaan/GitRepos/dpdma_exdes/vivado_quad_vmix/kv260_quad_vmix_dp.runs/bd_quad_vmix_dp_v_tpg_2_0_synth_1/prj/sol/.autopilot/db/v_tpg.cpp:1545->/home/izaan/GitRepos/dpdma_exdes/vivado_quad_vmix/kv260_quad_vmix_dp.runs/bd_quad_vmix_dp_v_tpg_2_0_synth_1/prj/sol/.autopilot/db/v_tpg.cpp:689]   --->   Operation 39 'store' 'store_ln1545' <Predicate = true> <Delay = 0.00>
ST_1 : Operation 40 [1/1] (0.42ns)   --->   "%store_ln549 = store i16 0, i16 %y" [/home/izaan/GitRepos/dpdma_exdes/vivado_quad_vmix/kv260_quad_vmix_dp.runs/bd_quad_vmix_dp_v_tpg_2_0_synth_1/prj/sol/.autopilot/db/v_tpg.cpp:549]   --->   Operation 40 'store' 'store_ln549' <Predicate = true> <Delay = 0.42>

State 2 <SV = 1> <Delay = 1.15>
ST_2 : Operation 41 [1/1] (0.00ns)   --->   "%patternId_val_read = read i8 @_ssdm_op_Read.ap_auto.i8, i8 %patternId_val"   --->   Operation 41 'read' 'patternId_val_read' <Predicate = true> <Delay = 0.00>
ST_2 : Operation 42 [1/1] (0.00ns)   --->   "%specinterface_ln0 = specinterface void @_ssdm_op_SpecInterface, i8 %colorFormat_val17_c5, void @ap_fifo_str, i32 0, i32 0, void @p_str, i32 0, i32 0, void @p_str, void @p_str, void @p_str, i32 2, i32 2, i32 16, i32 16, void @p_str, void @ScalarProp_str, i32 4294967295, i32 0, i32 0"   --->   Operation 42 'specinterface' 'specinterface_ln0' <Predicate = true> <Delay = 0.00>
ST_2 : Operation 43 [1/1] (0.00ns)   --->   "%specinterface_ln0 = specinterface void @_ssdm_op_SpecInterface, i8 %motionSpeed_val14_c, void @ap_fifo_str, i32 0, i32 0, void @p_str, i32 0, i32 0, void @p_str, void @p_str, void @p_str, i32 2, i32 2, i32 16, i32 16, void @p_str, void @ScalarProp_str, i32 4294967295, i32 0, i32 0"   --->   Operation 43 'specinterface' 'specinterface_ln0' <Predicate = true> <Delay = 0.00>
ST_2 : Operation 44 [1/1] (0.00ns)   --->   "%specinterface_ln0 = specinterface void @_ssdm_op_SpecInterface, i16 %width_val7_c4, void @ap_fifo_str, i32 0, i32 0, void @p_str, i32 0, i32 0, void @p_str, void @p_str, void @p_str, i32 2, i32 2, i32 16, i32 16, void @p_str, void @ScalarProp_str, i32 4294967295, i32 0, i32 0"   --->   Operation 44 'specinterface' 'specinterface_ln0' <Predicate = true> <Delay = 0.00>
ST_2 : Operation 45 [1/1] (0.00ns)   --->   "%specinterface_ln0 = specinterface void @_ssdm_op_SpecInterface, i16 %height_val4_c3, void @ap_fifo_str, i32 0, i32 0, void @p_str, i32 0, i32 0, void @p_str, void @p_str, void @p_str, i32 2, i32 2, i32 16, i32 16, void @p_str, void @ScalarProp_str, i32 4294967295, i32 0, i32 0"   --->   Operation 45 'specinterface' 'specinterface_ln0' <Predicate = true> <Delay = 0.00>
ST_2 : Operation 46 [1/1] (0.00ns)   --->   "%specinterface_ln0 = specinterface void @_ssdm_op_SpecInterface, i48 %bckgndYUV, void @empty_21, i32 0, i32 0, void @empty_9, i32 0, i32 0, void @empty_9, void @empty_9, void @empty_9, i32 0, i32 0, i32 0, i32 0, void @empty_9, void @empty_9, i32 4294967295, i32 0, i32 0"   --->   Operation 46 'specinterface' 'specinterface_ln0' <Predicate = true> <Delay = 0.00>
ST_2 : Operation 47 [1/1] (0.00ns)   --->   "%rampStart_load = load i8 %rampStart" [/home/izaan/GitRepos/dpdma_exdes/vivado_quad_vmix/kv260_quad_vmix_dp.runs/bd_quad_vmix_dp_v_tpg_2_0_synth_1/prj/sol/.autopilot/db/v_tpg.cpp:750]   --->   Operation 47 'load' 'rampStart_load' <Predicate = true> <Delay = 0.00>
ST_2 : Operation 48 [1/1] (0.76ns)   --->   "%cmp2_i = icmp_eq  i8 %colorFormat_val_read, i8 0"   --->   Operation 48 'icmp' 'cmp2_i' <Predicate = true> <Delay = 0.76> <CoreInst = "Cmp">   --->   Core 9 'Cmp' <Latency = 0> <II = 1> <Delay = 0.76> <FuncUnit> <Opcode : 'seteq' 'setne' 'setle' 'setge' 'setlt' 'setgt'> <InPorts = 2> <OutPorts = 1>
ST_2 : Operation 49 [1/1] (0.39ns)   --->   "%cond_i358 = select i1 %cmp2_i, i8 %rampStart_load, i8 128" [/home/izaan/GitRepos/dpdma_exdes/vivado_quad_vmix/kv260_quad_vmix_dp.runs/bd_quad_vmix_dp_v_tpg_2_0_synth_1/prj/sol/.autopilot/db/v_tpg.cpp:750]   --->   Operation 49 'select' 'cond_i358' <Predicate = true> <Delay = 0.39> <CoreInst = "Sel">   --->   Core 73 'Sel' <Latency = 0> <II = 1> <Delay = 0.39> <FuncUnit> <Opcode : 'select'> <InPorts = 3> <OutPorts = 1>
ST_2 : Operation 50 [1/2] ( I:0.67ns O:0.67ns )   --->   "%blkYuv_load = load i2 %blkYuv_addr" [/home/izaan/GitRepos/dpdma_exdes/vivado_quad_vmix/kv260_quad_vmix_dp.runs/bd_quad_vmix_dp_v_tpg_2_0_synth_1/prj/sol/.autopilot/db/v_tpg.cpp:1206->/home/izaan/GitRepos/dpdma_exdes/vivado_quad_vmix/kv260_quad_vmix_dp.runs/bd_quad_vmix_dp_v_tpg_2_0_synth_1/prj/sol/.autopilot/db/v_tpg.cpp:611]   --->   Operation 50 'load' 'blkYuv_load' <Predicate = true> <Delay = 0.67> <CoreInst = "ROM">   --->   Core 100 'ROM' <Latency = 1> <II = 1> <Delay = 0.67> <Storage> <Opcode : 'load'> <Ports = 0> <Width = 8> <Depth = 3> <ROM>
ST_2 : Operation 51 [1/1] (0.42ns)   --->   "%br_ln563 = br void %VITIS_LOOP_565_2" [/home/izaan/GitRepos/dpdma_exdes/vivado_quad_vmix/kv260_quad_vmix_dp.runs/bd_quad_vmix_dp_v_tpg_2_0_synth_1/prj/sol/.autopilot/db/v_tpg.cpp:563]   --->   Operation 51 'br' 'br_ln563' <Predicate = true> <Delay = 0.42>

State 3 <SV = 2> <Delay = 2.13>
ST_3 : Operation 52 [1/1] (0.00ns)   --->   "%rampVal_1_flag_0 = phi i1 0, void %entry, i1 %rampVal_1_flag_1_loc_load, void %VITIS_LOOP_565_2.split"   --->   Operation 52 'phi' 'rampVal_1_flag_0' <Predicate = true> <Delay = 0.00>
ST_3 : Operation 53 [1/1] (0.00ns)   --->   "%hdata_flag_0 = phi i1 0, void %entry, i1 %hdata_flag_1_loc_load, void %VITIS_LOOP_565_2.split"   --->   Operation 53 'phi' 'hdata_flag_0' <Predicate = true> <Delay = 0.00>
ST_3 : Operation 54 [1/1] (0.00ns)   --->   "%y_3 = load i16 %y" [/home/izaan/GitRepos/dpdma_exdes/vivado_quad_vmix/kv260_quad_vmix_dp.runs/bd_quad_vmix_dp_v_tpg_2_0_synth_1/prj/sol/.autopilot/db/v_tpg.cpp:563]   --->   Operation 54 'load' 'y_3' <Predicate = true> <Delay = 0.00>
ST_3 : Operation 55 [1/1] (0.85ns)   --->   "%icmp_ln563 = icmp_eq  i16 %y_3, i16 %height_val_read" [/home/izaan/GitRepos/dpdma_exdes/vivado_quad_vmix/kv260_quad_vmix_dp.runs/bd_quad_vmix_dp_v_tpg_2_0_synth_1/prj/sol/.autopilot/db/v_tpg.cpp:563]   --->   Operation 55 'icmp' 'icmp_ln563' <Predicate = true> <Delay = 0.85> <CoreInst = "Cmp">   --->   Core 9 'Cmp' <Latency = 0> <II = 1> <Delay = 0.85> <FuncUnit> <Opcode : 'seteq' 'setne' 'setle' 'setge' 'setlt' 'setgt'> <InPorts = 2> <OutPorts = 1>
ST_3 : Operation 56 [1/1] (0.85ns)   --->   "%y_4 = add i16 %y_3, i16 1" [/home/izaan/GitRepos/dpdma_exdes/vivado_quad_vmix/kv260_quad_vmix_dp.runs/bd_quad_vmix_dp_v_tpg_2_0_synth_1/prj/sol/.autopilot/db/v_tpg.cpp:563]   --->   Operation 56 'add' 'y_4' <Predicate = true> <Delay = 0.85> <CoreInst = "Adder">   --->   Core 1 'Adder' <Latency = 0> <II = 1> <Delay = 0.85> <FuncUnit> <Opcode : 'add' 'sub'> <InPorts = 2> <OutPorts = 1>
ST_3 : Operation 57 [1/1] (0.00ns)   --->   "%br_ln563 = br i1 %icmp_ln563, void %VITIS_LOOP_565_2.split, void %for.end47.loopexit" [/home/izaan/GitRepos/dpdma_exdes/vivado_quad_vmix/kv260_quad_vmix_dp.runs/bd_quad_vmix_dp_v_tpg_2_0_synth_1/prj/sol/.autopilot/db/v_tpg.cpp:563]   --->   Operation 57 'br' 'br_ln563' <Predicate = true> <Delay = 0.00>
ST_3 : Operation 58 [1/1] (0.00ns)   --->   "%trunc_ln563 = trunc i16 %y_3" [/home/izaan/GitRepos/dpdma_exdes/vivado_quad_vmix/kv260_quad_vmix_dp.runs/bd_quad_vmix_dp_v_tpg_2_0_synth_1/prj/sol/.autopilot/db/v_tpg.cpp:563]   --->   Operation 58 'trunc' 'trunc_ln563' <Predicate = (!icmp_ln563)> <Delay = 0.00>
ST_3 : Operation 59 [1/1] (0.76ns)   --->   "%add_i = add i8 %rampStart_load, i8 %trunc_ln563" [/home/izaan/GitRepos/dpdma_exdes/vivado_quad_vmix/kv260_quad_vmix_dp.runs/bd_quad_vmix_dp_v_tpg_2_0_synth_1/prj/sol/.autopilot/db/v_tpg.cpp:750]   --->   Operation 59 'add' 'add_i' <Predicate = (!icmp_ln563)> <Delay = 0.76> <CoreInst = "Adder">   --->   Core 1 'Adder' <Latency = 0> <II = 1> <Delay = 0.76> <FuncUnit> <Opcode : 'add' 'sub'> <InPorts = 2> <OutPorts = 1>
ST_3 : Operation 60 [2/2] (1.28ns)   --->   "%call_ln750 = call void @tpgBackground_Pipeline_VITIS_LOOP_565_2, i1 %rampVal_1_flag_0, i1 %hdata_flag_0, i16 %width_val_read, i8 %cond_i358, i8 %rampStart_load, i48 %bckgndYUV, i8 %patternId_val_read, i8 %rampStart_load, i16 %y_3, i8 %blkYuv_load, i8 %add_i, i8 %colorFormat_val_read, i7 %tmp, i1 %rampVal_1_flag_1_loc, i16 %rampVal_1_new_0, i16 %rampVal_1_loc_0, i16 %rampVal_loc_0, i1 %hdata_flag_1_loc, i16 %hdata_new_0, i16 %hdata_loc_0, i8 %outpix_0_5_0_0_0_load331_lcssa349, i8 %outpix_0_4_0_0_0_load329_lcssa346, i8 %outpix_0_3_0_0_0_load327_lcssa343, i8 %outpix_0_2_0_0_0_load325_lcssa340, i8 %outpix_0_1_0_0_0_load323_lcssa337, i8 %outpix_0_0_0_0_0_load321_lcssa334, i8 %rampVal, i28 %rSerie, i28 %gSerie, i28 %bSerie" [/home/izaan/GitRepos/dpdma_exdes/vivado_quad_vmix/kv260_quad_vmix_dp.runs/bd_quad_vmix_dp_v_tpg_2_0_synth_1/prj/sol/.autopilot/db/v_tpg.cpp:750]   --->   Operation 60 'call' 'call_ln750' <Predicate = (!icmp_ln563)> <Delay = 1.28> <CoreType = "Generic">   --->   Generic Core
ST_3 : Operation 61 [1/1] (0.42ns)   --->   "%store_ln549 = store i16 %y_4, i16 %y" [/home/izaan/GitRepos/dpdma_exdes/vivado_quad_vmix/kv260_quad_vmix_dp.runs/bd_quad_vmix_dp_v_tpg_2_0_synth_1/prj/sol/.autopilot/db/v_tpg.cpp:549]   --->   Operation 61 'store' 'store_ln549' <Predicate = (!icmp_ln563)> <Delay = 0.42>
ST_3 : Operation 62 [1/1] (0.76ns)   --->   "%add_ln750 = add i8 %rampStart_load, i8 %motionSpeed_val_read" [/home/izaan/GitRepos/dpdma_exdes/vivado_quad_vmix/kv260_quad_vmix_dp.runs/bd_quad_vmix_dp_v_tpg_2_0_synth_1/prj/sol/.autopilot/db/v_tpg.cpp:750]   --->   Operation 62 'add' 'add_ln750' <Predicate = (icmp_ln563)> <Delay = 0.76> <CoreInst = "Adder">   --->   Core 1 'Adder' <Latency = 0> <II = 1> <Delay = 0.76> <FuncUnit> <Opcode : 'add' 'sub'> <InPorts = 2> <OutPorts = 1>
ST_3 : Operation 63 [1/1] (0.00ns)   --->   "%store_ln750 = store i8 %add_ln750, i8 %rampStart" [/home/izaan/GitRepos/dpdma_exdes/vivado_quad_vmix/kv260_quad_vmix_dp.runs/bd_quad_vmix_dp_v_tpg_2_0_synth_1/prj/sol/.autopilot/db/v_tpg.cpp:750]   --->   Operation 63 'store' 'store_ln750' <Predicate = (icmp_ln563)> <Delay = 0.00>
ST_3 : Operation 64 [1/1] (0.00ns)   --->   "%br_ln0 = br i1 %hdata_flag_0, void %for.end47.loopexit.new14, void %mergeST13"   --->   Operation 64 'br' 'br_ln0' <Predicate = (icmp_ln563)> <Delay = 0.00>
ST_3 : Operation 65 [1/1] (0.00ns)   --->   "%hdata_new_0_load = load i16 %hdata_new_0" [/home/izaan/GitRepos/dpdma_exdes/vivado_quad_vmix/kv260_quad_vmix_dp.runs/bd_quad_vmix_dp_v_tpg_2_0_synth_1/prj/sol/.autopilot/db/v_tpg.cpp:1533->/home/izaan/GitRepos/dpdma_exdes/vivado_quad_vmix/kv260_quad_vmix_dp.runs/bd_quad_vmix_dp_v_tpg_2_0_synth_1/prj/sol/.autopilot/db/v_tpg.cpp:689]   --->   Operation 65 'load' 'hdata_new_0_load' <Predicate = (icmp_ln563 & hdata_flag_0)> <Delay = 0.00>
ST_3 : Operation 66 [1/1] (0.00ns)   --->   "%store_ln1533 = store i16 %hdata_new_0_load, i16 %hdata" [/home/izaan/GitRepos/dpdma_exdes/vivado_quad_vmix/kv260_quad_vmix_dp.runs/bd_quad_vmix_dp_v_tpg_2_0_synth_1/prj/sol/.autopilot/db/v_tpg.cpp:1533->/home/izaan/GitRepos/dpdma_exdes/vivado_quad_vmix/kv260_quad_vmix_dp.runs/bd_quad_vmix_dp_v_tpg_2_0_synth_1/prj/sol/.autopilot/db/v_tpg.cpp:689]   --->   Operation 66 'store' 'store_ln1533' <Predicate = (icmp_ln563 & hdata_flag_0)> <Delay = 0.00>
ST_3 : Operation 67 [1/1] (0.00ns)   --->   "%br_ln0 = br void %for.end47.loopexit.new14"   --->   Operation 67 'br' 'br_ln0' <Predicate = (icmp_ln563 & hdata_flag_0)> <Delay = 0.00>
ST_3 : Operation 68 [1/1] (0.00ns)   --->   "%br_ln0 = br i1 %rampVal_1_flag_0, void %for.end47.loopexit.new, void %mergeST"   --->   Operation 68 'br' 'br_ln0' <Predicate = (icmp_ln563)> <Delay = 0.00>
ST_3 : Operation 69 [1/1] (0.00ns)   --->   "%rampVal_1_new_0_load = load i16 %rampVal_1_new_0" [/home/izaan/GitRepos/dpdma_exdes/vivado_quad_vmix/kv260_quad_vmix_dp.runs/bd_quad_vmix_dp_v_tpg_2_0_synth_1/prj/sol/.autopilot/db/v_tpg.cpp:1073->/home/izaan/GitRepos/dpdma_exdes/vivado_quad_vmix/kv260_quad_vmix_dp.runs/bd_quad_vmix_dp_v_tpg_2_0_synth_1/prj/sol/.autopilot/db/v_tpg.cpp:585]   --->   Operation 69 'load' 'rampVal_1_new_0_load' <Predicate = (icmp_ln563 & rampVal_1_flag_0)> <Delay = 0.00>
ST_3 : Operation 70 [1/1] (0.00ns)   --->   "%store_ln1073 = store i16 %rampVal_1_new_0_load, i16 %rampVal_1" [/home/izaan/GitRepos/dpdma_exdes/vivado_quad_vmix/kv260_quad_vmix_dp.runs/bd_quad_vmix_dp_v_tpg_2_0_synth_1/prj/sol/.autopilot/db/v_tpg.cpp:1073->/home/izaan/GitRepos/dpdma_exdes/vivado_quad_vmix/kv260_quad_vmix_dp.runs/bd_quad_vmix_dp_v_tpg_2_0_synth_1/prj/sol/.autopilot/db/v_tpg.cpp:585]   --->   Operation 70 'store' 'store_ln1073' <Predicate = (icmp_ln563 & rampVal_1_flag_0)> <Delay = 0.00>
ST_3 : Operation 71 [1/1] (0.00ns)   --->   "%br_ln0 = br void %for.end47.loopexit.new"   --->   Operation 71 'br' 'br_ln0' <Predicate = (icmp_ln563 & rampVal_1_flag_0)> <Delay = 0.00>
ST_3 : Operation 72 [1/1] (0.00ns)   --->   "%ret_ln751 = ret" [/home/izaan/GitRepos/dpdma_exdes/vivado_quad_vmix/kv260_quad_vmix_dp.runs/bd_quad_vmix_dp_v_tpg_2_0_synth_1/prj/sol/.autopilot/db/v_tpg.cpp:751]   --->   Operation 72 'ret' 'ret_ln751' <Predicate = (icmp_ln563)> <Delay = 0.00>

State 4 <SV = 3> <Delay = 0.00>
ST_4 : Operation 73 [1/2] (0.00ns)   --->   "%call_ln750 = call void @tpgBackground_Pipeline_VITIS_LOOP_565_2, i1 %rampVal_1_flag_0, i1 %hdata_flag_0, i16 %width_val_read, i8 %cond_i358, i8 %rampStart_load, i48 %bckgndYUV, i8 %patternId_val_read, i8 %rampStart_load, i16 %y_3, i8 %blkYuv_load, i8 %add_i, i8 %colorFormat_val_read, i7 %tmp, i1 %rampVal_1_flag_1_loc, i16 %rampVal_1_new_0, i16 %rampVal_1_loc_0, i16 %rampVal_loc_0, i1 %hdata_flag_1_loc, i16 %hdata_new_0, i16 %hdata_loc_0, i8 %outpix_0_5_0_0_0_load331_lcssa349, i8 %outpix_0_4_0_0_0_load329_lcssa346, i8 %outpix_0_3_0_0_0_load327_lcssa343, i8 %outpix_0_2_0_0_0_load325_lcssa340, i8 %outpix_0_1_0_0_0_load323_lcssa337, i8 %outpix_0_0_0_0_0_load321_lcssa334, i8 %rampVal, i28 %rSerie, i28 %gSerie, i28 %bSerie" [/home/izaan/GitRepos/dpdma_exdes/vivado_quad_vmix/kv260_quad_vmix_dp.runs/bd_quad_vmix_dp_v_tpg_2_0_synth_1/prj/sol/.autopilot/db/v_tpg.cpp:750]   --->   Operation 73 'call' 'call_ln750' <Predicate = true> <Delay = 0.00> <CoreType = "Generic">   --->   Generic Core

State 5 <SV = 4> <Delay = 0.00>
ST_5 : Operation 74 [1/1] (0.00ns)   --->   "%speclooptripcount_ln549 = speclooptripcount void @_ssdm_op_SpecLoopTripCount, i64 0, i64 65535, i64 32767" [/home/izaan/GitRepos/dpdma_exdes/vivado_quad_vmix/kv260_quad_vmix_dp.runs/bd_quad_vmix_dp_v_tpg_2_0_synth_1/prj/sol/.autopilot/db/v_tpg.cpp:549]   --->   Operation 74 'speclooptripcount' 'speclooptripcount_ln549' <Predicate = true> <Delay = 0.00>
ST_5 : Operation 75 [1/1] (0.00ns)   --->   "%specloopname_ln563 = specloopname void @_ssdm_op_SpecLoopName, void @empty_31" [/home/izaan/GitRepos/dpdma_exdes/vivado_quad_vmix/kv260_quad_vmix_dp.runs/bd_quad_vmix_dp_v_tpg_2_0_synth_1/prj/sol/.autopilot/db/v_tpg.cpp:563]   --->   Operation 75 'specloopname' 'specloopname_ln563' <Predicate = true> <Delay = 0.00>
ST_5 : Operation 76 [1/1] (0.00ns)   --->   "%rampVal_1_flag_1_loc_load = load i1 %rampVal_1_flag_1_loc"   --->   Operation 76 'load' 'rampVal_1_flag_1_loc_load' <Predicate = true> <Delay = 0.00>
ST_5 : Operation 77 [1/1] (0.00ns)   --->   "%hdata_flag_1_loc_load = load i1 %hdata_flag_1_loc"   --->   Operation 77 'load' 'hdata_flag_1_loc_load' <Predicate = true> <Delay = 0.00>
ST_5 : Operation 78 [1/1] (0.00ns)   --->   "%br_ln563 = br void %VITIS_LOOP_565_2" [/home/izaan/GitRepos/dpdma_exdes/vivado_quad_vmix/kv260_quad_vmix_dp.runs/bd_quad_vmix_dp_v_tpg_2_0_synth_1/prj/sol/.autopilot/db/v_tpg.cpp:563]   --->   Operation 78 'br' 'br_ln563' <Predicate = true> <Delay = 0.00>


============================================================
+ Verbose Summary: Timing violations
============================================================
Target clock period: 6.667ns, clock uncertainty: 1.800ns.

 <State 1>: 1.838ns
The critical path consists of the following:
	wire read operation ('colorFormat_val_read') on port 'colorFormat_val' [31]  (0.000 ns)
	fifo write operation ('write_ln0') on port 'colorFormat_val17_c5' [39]  (1.838 ns)

 <State 2>: 1.158ns
The critical path consists of the following:
	'icmp' operation 1 bit ('cmp2_i') [48]  (0.765 ns)
	'select' operation 8 bit ('cond_i358', /home/izaan/GitRepos/dpdma_exdes/vivado_quad_vmix/kv260_quad_vmix_dp.runs/bd_quad_vmix_dp_v_tpg_2_0_synth_1/prj/sol/.autopilot/db/v_tpg.cpp:750) [49]  (0.393 ns)

 <State 3>: 2.133ns
The critical path consists of the following:
	'load' operation 16 bit ('y', /home/izaan/GitRepos/dpdma_exdes/vivado_quad_vmix/kv260_quad_vmix_dp.runs/bd_quad_vmix_dp_v_tpg_2_0_synth_1/prj/sol/.autopilot/db/v_tpg.cpp:563) on local variable 'y', /home/izaan/GitRepos/dpdma_exdes/vivado_quad_vmix/kv260_quad_vmix_dp.runs/bd_quad_vmix_dp_v_tpg_2_0_synth_1/prj/sol/.autopilot/db/v_tpg.cpp:549 [67]  (0.000 ns)
	'icmp' operation 1 bit ('icmp_ln563', /home/izaan/GitRepos/dpdma_exdes/vivado_quad_vmix/kv260_quad_vmix_dp.runs/bd_quad_vmix_dp_v_tpg_2_0_synth_1/prj/sol/.autopilot/db/v_tpg.cpp:563) [68]  (0.853 ns)
	'call' operation 0 bit ('call_ln750', /home/izaan/GitRepos/dpdma_exdes/vivado_quad_vmix/kv260_quad_vmix_dp.runs/bd_quad_vmix_dp_v_tpg_2_0_synth_1/prj/sol/.autopilot/db/v_tpg.cpp:750) to 'tpgBackground_Pipeline_VITIS_LOOP_565_2' [76]  (1.280 ns)

 <State 4>: 0.000ns
The critical path consists of the following:

 <State 5>: 0.000ns
The critical path consists of the following:


============================================================
+ Verbose Summary: Binding
============================================================
N/A
* FSMD analyzer results:
  - Output states:
 - Input state : 
  - Chain level:
	State 1
	State 2
	State 3
	State 4
	State 5


============================================================
+ Verbose Summary: Datapath Resource usage 
============================================================
N/A
