================================================================
== Design Size Report
================================================================

* Total Instructions per Compilation Phase
+---------------+-----------------------------+--------------+----------------------------------------------------------------------------------------+
| Phase         | Step                        | Instructions | Description                                                                            |
+---------------+-----------------------------+--------------+----------------------------------------------------------------------------------------+
| Compile/Link  |                             | 6,448        | After all functions are compiled and linked into a single design                       |
|               |                             |              |                                                                                        |
| Unroll/Inline |                             |              | After user unroll and inline pragmas are applied                                       |
|               | (1) unroll                  | 2,876        | user unroll pragmas are applied                                                        |
|               | (2) simplification          | 2,286        | simplification of applied user unroll pragmas                                          |
|               | (3) inline                  | 2,188        | user inline pragmas are applied                                                        |
|               | (4) simplification          | 2,097        | simplification of applied user inline pragmas                                          |
|               |                             |              |                                                                                        |
| Array/Struct  |                             |              | After user array partition and struct aggregate/disaggregate pragmas are applied       |
|               | (1) array partition         | 1,915        | user array partition pragmas are applied                                               |
|               | (2) simplification          | 1,883        | simplification of applied user array partition & struct aggregate/disaggregate pragmas |
|               | (3) aggregate/disaggregate  | 1,887        | user struct aggregate/disaggregate pragmas are applied                                 |
|               | (4) array reshape           | 2,029        | apply array reshape pragmas                                                            |
|               | (5) access patterns         | 2,078        | array access pattern optmizations                                                      |
|               |                             |              |                                                                                        |
| Performance   |                             |              | After transformations are applied to meet performance pragma targets                   |
|               | (1) loop simplification     | 2,056        | loop and instruction simplification                                                    |
|               | (2) parallelization         | 1,748        | loops are unrolled or pipelined to meet performance targets                            |
|               | (3) array partition         | 1,508        | arrays are partitioned to meet performance targets                                     |
|               | (4) simplification          | 1,058        | simplification of design after performance transformations                             |
|               |                             |              |                                                                                        |
| HW Transforms |                             |              | After hardware transfomations                                                          |
|               | (1) lowering                |   938        | initial conversion to HW specific instructions                                         |
|               | (2) optimizations           |   859        | high level synthesis optimizations                                                     |
+---------------+-----------------------------+--------------+----------------------------------------------------------------------------------------+

* Instructions per Function for each Compilation Phase
+-----------------------------+----------------------+------------------+-----------------+-----------------+-------------+---------------+
| Function                    | Location             | Compile/Link     | Unroll/Inline   | Array/Struct    | Performance | HW Transforms |
+-----------------------------+----------------------+------------------+-----------------+-----------------+-------------+---------------+
| + v_tpg                     | v_tpg.cpp:409        | 6,448            | 2,097           | 2,078           | 1,058       | 859           |
|    reg<unsigned short>      | x_hls_utils.h:222    |    1             |    1            |    1            |    1        |   4           |
|  + v_tpgHlsDataFlow         | v_tpg.cpp:304        | 6,374            | 2,030           | 2,004           |  965        | 716           |
|   + tpgBackground           | v_tpg.cpp:536        | 4,559            | 1,341           | 1,385           |  501        | 309           |
|      Scalar                 | hls_video_core.h:196 |   10 (2 calls)   |                 |                 |             |               |
|    + tpgPatternSolidBlack   | v_tpg.cpp:1193       | 2,346 (17 calls) |  782 (17 calls) |  663 (17 calls) |             |               |
|       Scalar                | hls_video_core.h:196 |   85 (17 calls)  |                 |                 |             |               |
|    + tpgPatternZonePlate    | v_tpg.cpp:1319       |  203             |                 |                 |             |               |
|       Scalar                | hls_video_core.h:196 |    5             |                 |                 |             |               |
|       reg<int>              | x_hls_utils.h:222    |    1             |                 |                 |             |               |
|    + tpgPRBS                | v_tpg.cpp:1823       | 1,767            |                 |                 |             |               |
|       Scalar                | hls_video_core.h:196 |    5             |                 |                 |             |               |
|      reg<int>               | x_hls_utils.h:222    |                  |    1            |    1            |    1        |   4           |
|   + tpgForeground           | v_tpg.cpp:759        |  666             |  492            |  369            |  256        | 236           |
|      Scalar                 | hls_video_core.h:196 |   15 (3 calls)   |                 |                 |             |               |
|      tpgPatternBox          | v_tpg.cpp:1869       |  248             |  123            |  123            |             |               |
|      tpgPatternCrossHair    | v_tpg.cpp:1956       |  144             |                 |                 |             |               |
|    + tpgPatternMask         | v_tpg.cpp:1983       |  137             |                 |                 |             |               |
|       Scalar                | hls_video_core.h:196 |    5             |                 |                 |             |               |
|   + MultiPixStream2AXIvideo | v_tpg.cpp:919        | 1,073            |  187            |  240            |  198        | 159           |
|      Scalar                 | hls_video_core.h:196 |    5             |                 |                 |             |               |
+-----------------------------+----------------------+------------------+-----------------+-----------------+-------------+---------------+

* Design Size Message Settings
+---------------------------------------------+--------+------------------------------------------------------------------+
| Message Setting                             | Value  | Description                                                      |
+---------------------------------------------+--------+------------------------------------------------------------------+
| config_compile -design_size_maximum_warning | 100000 | Show a warning when total design instructions exceeds this value |
+---------------------------------------------+--------+------------------------------------------------------------------+


