

================================================================
== Vitis HLS Report for 'tpgBackground_Pipeline_VITIS_LOOP_565_2'
================================================================
* Date:           Mon Apr 27 12:25:05 2026

* Version:        2024.2 (Build 5238294 on Nov  8 2024)
* Project:        prj
* Solution:       sol (Vivado IP Flow Target)
* Product family: zynquplus
* Target device:  xck26-sfvc784-2LV-c


================================================================
== Performance Estimates
================================================================
+ Timing: 
    * Summary: 
    +--------+---------+----------+------------+
    |  Clock |  Target | Estimated| Uncertainty|
    +--------+---------+----------+------------+
    |ap_clk  |  6.67 ns|  4.792 ns|     1.80 ns|
    +--------+---------+----------+------------+

+ Latency: 
    * Summary: 
    +---------+---------+-----------+----------+-----+-------+------------------------------------------------+
    |  Latency (cycles) |  Latency (absolute)  |   Interval  |                    Pipeline                    |
    |   min   |   max   |    min    |    max   | min |  max  |                      Type                      |
    +---------+---------+-----------+----------+-----+-------+------------------------------------------------+
    |       12|    32779|  80.004 ns|  0.219 ms|    2|  32769|  loop auto-rewind stp (delay=0 clock cycles(s))|
    +---------+---------+-----------+----------+-----+-------+------------------------------------------------+

    + Detail: 
        * Instance: 
        +-----------------------+-----------+---------+---------+----------+----------+-----+-----+---------+
        |                       |           |  Latency (cycles) |  Latency (absolute) |  Interval | Pipeline|
        |        Instance       |   Module  |   min   |   max   |    min   |    max   | min | max |   Type  |
        +-----------------------+-----------+---------+---------+----------+----------+-----+-----+---------+
        |grp_reg_int_s_fu_1514  |reg_int_s  |        1|        1|  6.667 ns|  6.667 ns|    1|    1|      yes|
        +-----------------------+-----------+---------+---------+----------+----------+-----+-----+---------+

        * Loop: 
        +--------------------+---------+---------+----------+-----------+-----------+-----------+----------+
        |                    |  Latency (cycles) | Iteration|  Initiation Interval  |    Trip   |          |
        |      Loop Name     |   min   |   max   |  Latency |  achieved |   target  |   Count   | Pipelined|
        +--------------------+---------+---------+----------+-----------+-----------+-----------+----------+
        |- VITIS_LOOP_565_2  |       10|    32777|        11|          1|          1|  1 ~ 32768|       yes|
        +--------------------+---------+---------+----------+-----------+-----------+-----------+----------+



================================================================
== Utilization Estimates
================================================================
* Summary: 
+-----------------+---------+------+--------+--------+-----+
|       Name      | BRAM_18K|  DSP |   FF   |   LUT  | URAM|
+-----------------+---------+------+--------+--------+-----+
|DSP              |        -|     4|       -|       -|    -|
|Expression       |        -|     -|       0|     426|    -|
|FIFO             |        -|     -|       -|       -|    -|
|Instance         |        -|     2|      18|      24|    -|
|Memory           |        3|     -|       0|       0|    -|
|Multiplexer      |        -|     -|       0|     364|    -|
|Register         |        -|     -|     544|     128|    -|
+-----------------+---------+------+--------+--------+-----+
|Total            |        3|     6|     562|     942|    0|
+-----------------+---------+------+--------+--------+-----+
|Available        |      288|  1248|  234240|  117120|   64|
+-----------------+---------+------+--------+--------+-----+
|Utilization (%)  |        1|    ~0|      ~0|      ~0|    0|
+-----------------+---------+------+--------+--------+-----+

+ Detail: 
    * Instance: 
    +------------------------+--------------------+---------+----+----+----+-----+
    |        Instance        |       Module       | BRAM_18K| DSP| FF | LUT| URAM|
    +------------------------+--------------------+---------+----+----+----+-----+
    |mul_20s_9ns_28_1_1_U23  |mul_20s_9ns_28_1_1  |        0|   1|   0|  11|    0|
    |mul_20s_9ns_28_1_1_U24  |mul_20s_9ns_28_1_1  |        0|   1|   0|  11|    0|
    |grp_reg_int_s_fu_1514   |reg_int_s           |        0|   0|  18|   2|    0|
    +------------------------+--------------------+---------+----+----+----+-----+
    |Total                   |                    |        0|   2|  18|  24|    0|
    +------------------------+--------------------+---------+----+----+----+-----+

    * DSP: 
    +------------------------------------+--------------------------------+----------------+
    |              Instance              |             Module             |   Expression   |
    +------------------------------------+--------------------------------+----------------+
    |am_addmul_17s_1s_17s_17_4_1_U25     |am_addmul_17s_1s_17s_17_4_1     |  (i0 + i1) * i0|
    |mac_muladd_16s_16s_16ns_16_4_1_U26  |mac_muladd_16s_16s_16ns_16_4_1  |    i0 * i1 + i2|
    |mac_muladd_16s_16s_16ns_16_4_1_U28  |mac_muladd_16s_16s_16ns_16_4_1  |    i0 + i1 * i2|
    |mac_muladd_16s_16s_16s_16_4_1_U27   |mac_muladd_16s_16s_16s_16_4_1   |    i0 * i1 + i2|
    +------------------------------------+--------------------------------+----------------+

    * Memory: 
    +--------------------+----------------------------------------------------------------------+---------+---+----+-----+------+-----+------+-------------+
    |       Memory       |                                Module                                | BRAM_18K| FF| LUT| URAM| Words| Bits| Banks| W*Bits*Banks|
    +--------------------+----------------------------------------------------------------------+---------+---+----+-----+------+-----+------+-------------+
    |tpgSinTableArray_U  |tpgBackground_Pipeline_VITIS_LOOP_565_2_tpgSinTableArray_ROM_AUTO_1R  |        3|  0|   0|    0|  2048|   20|     1|        40960|
    +--------------------+----------------------------------------------------------------------+---------+---+----+-----+------+-----+------+-------------+
    |Total               |                                                                      |        3|  0|   0|    0|  2048|   20|     1|        40960|
    +--------------------+----------------------------------------------------------------------+---------+---+----+-----+------+-----+------+-------------+

    * FIFO: 
    N/A

    * Expression: 
    +---------------------------------------+----------+----+---+----+------------+------------+
    |             Variable Name             | Operation| DSP| FF| LUT| Bitwidth P0| Bitwidth P1|
    +---------------------------------------+----------+----+---+----+------------+------------+
    |add_ln1341_fu_1524_p2                  |         +|   0|  0|  23|          16|          16|
    |add_ln1343_fu_1489_p2                  |         +|   0|  0|  23|          16|          16|
    |add_ln1351_fu_1569_p2                  |         +|   0|  0|  23|          16|          16|
    |add_ln1359_1_fu_1112_p2                |         +|   0|  0|  15|           8|           8|
    |add_ln1359_fu_1070_p2                  |         +|   0|  0|  15|           8|           8|
    |add_ln565_fu_375_p2                    |         +|   0|  0|  24|          17|           2|
    |sub_ln1356_1_fu_1048_p2                |         -|   0|  0|  15|           1|           8|
    |sub_ln1356_2_fu_1632_p2                |         -|   0|  0|  34|           1|          27|
    |sub_ln1356_3_fu_1090_p2                |         -|   0|  0|  15|           1|           8|
    |sub_ln1356_fu_1602_p2                  |         -|   0|  0|  34|           1|          27|
    |and_ln1337_fu_369_p2                   |       and|   0|  0|   2|           1|           1|
    |ap_block_pp0_stage0_01001_grp1         |       and|   0|  0|   2|           1|           1|
    |ap_predicate_op279_call_state3         |       and|   0|  0|   2|           1|           1|
    |ap_predicate_op279_call_state3_state6  |       and|   0|  0|   2|           1|           1|
    |ap_predicate_pred331_state4            |       and|   0|  0|   2|           1|           1|
    |ap_predicate_pred338_state4            |       and|   0|  0|   2|           1|           1|
    |ap_predicate_pred587_state3            |       and|   0|  0|   2|           1|           1|
    |ap_predicate_pred592_state3            |       and|   0|  0|   2|           1|           1|
    |cmp59_i_fu_321_p2                      |      icmp|   0|  0|  15|           8|           1|
    |icmp_fu_327_p2                         |      icmp|   0|  0|  14|           7|           1|
    |icmp_ln1330_1_fu_363_p2                |      icmp|   0|  0|  23|          16|           1|
    |icmp_ln1330_fu_347_p2                  |      icmp|   0|  0|  24|          17|           1|
    |icmp_ln565_fu_341_p2                   |      icmp|   0|  0|  24|          17|          17|
    |or_ln1330_fu_357_p2                    |        or|   0|  0|  16|          16|          16|
    |grp_fu_304_p3                          |    select|   0|  0|   9|           1|           1|
    |grp_fu_311_p3                          |    select|   0|  0|   8|           1|           1|
    |select_ln1356_1_fu_1104_p3             |    select|   0|  0|   8|           1|           8|
    |select_ln1356_fu_1062_p3               |    select|   0|  0|   8|           1|           8|
    |select_ln1361_1_fu_1118_p3             |    select|   0|  0|   9|           1|           8|
    |select_ln1361_fu_1076_p3               |    select|   0|  0|   9|           1|           8|
    |select_ln1862_fu_800_p3                |    select|   0|  0|   8|           1|           8|
    |ap_enable_pp0                          |       xor|   0|  0|   2|           1|           2|
    |xor_ln1839_1_fu_640_p2                 |       xor|   0|  0|   2|           1|           1|
    |xor_ln1839_fu_518_p2                   |       xor|   0|  0|   2|           1|           1|
    |xor_ln1846_1_fu_682_p2                 |       xor|   0|  0|   2|           1|           1|
    |xor_ln1846_fu_536_p2                   |       xor|   0|  0|   2|           1|           1|
    |xor_ln1853_1_fu_724_p2                 |       xor|   0|  0|   2|           1|           1|
    |xor_ln1853_fu_554_p2                   |       xor|   0|  0|   2|           1|           1|
    +---------------------------------------+----------+----+---+----+------------+------------+
    |Total                                  |          |   0|  0| 426|         188|         231|
    +---------------------------------------+----------+----+---+----+------------+------------+

    * Multiplexer: 
    +--------------------------------+-----+-----------+-----+-----------+
    |              Name              | LUT | Input Size| Bits| Total Bits|
    +--------------------------------+-----+-----------+-----+-----------+
    |ap_done_int                     |    9|          2|    1|          2|
    |ap_enable_reg_pp0_iter1         |    9|          2|    1|          2|
    |ap_sig_allocacmp_x_3            |    9|          2|   17|         34|
    |bckgndYUV_blk_n                 |    9|          2|    1|          2|
    |outpix_0_0_0_0_0_load320_out_o  |  101|         20|    8|        160|
    |outpix_0_1_0_0_0_load322_out_o  |   20|          4|    8|         32|
    |outpix_0_2_0_0_0_load324_out_o  |   20|          4|    8|         32|
    |outpix_0_3_0_0_0_load326_out_o  |  101|         20|    8|        160|
    |outpix_0_4_0_0_0_load328_out_o  |   20|          4|    8|         32|
    |outpix_0_5_0_0_0_load330_out_o  |   20|          4|    8|         32|
    |x_fu_196                        |    9|          2|   17|         34|
    |zonePlateVAddr                  |   14|          3|   16|         48|
    |zonePlateVAddr_loc_1_out_o      |   14|          3|   16|         48|
    |zonePlateVDelta                 |    9|          2|   16|         32|
    +--------------------------------+-----+-----------+-----+-----------+
    |Total                           |  364|         74|  133|        650|
    +--------------------------------+-----+-----------+-----+-----------+

    * Register: 
    +-------------------------------------------+----+----+-----+-----------+
    |                    Name                   | FF | LUT| Bits| Const Bits|
    +-------------------------------------------+----+----+-----+-----------+
    |add_ln1351_3_reg_1818                      |  16|   0|   16|          0|
    |and_ln1337_reg_1794                        |   1|   0|    1|          0|
    |ap_CS_fsm                                  |   1|   0|    1|          0|
    |ap_block_pp0_stage0_subdone_grp0_done_reg  |   1|   0|    1|          0|
    |ap_done_reg                                |   1|   0|    1|          0|
    |ap_enable_reg_pp0_iter1                    |   1|   0|    1|          0|
    |ap_enable_reg_pp0_iter10                   |   1|   0|    1|          0|
    |ap_enable_reg_pp0_iter2                    |   1|   0|    1|          0|
    |ap_enable_reg_pp0_iter3                    |   1|   0|    1|          0|
    |ap_enable_reg_pp0_iter4                    |   1|   0|    1|          0|
    |ap_enable_reg_pp0_iter5                    |   1|   0|    1|          0|
    |ap_enable_reg_pp0_iter6                    |   1|   0|    1|          0|
    |ap_enable_reg_pp0_iter7                    |   1|   0|    1|          0|
    |ap_enable_reg_pp0_iter8                    |   1|   0|    1|          0|
    |ap_enable_reg_pp0_iter9                    |   1|   0|    1|          0|
    |ap_loop_exit_ready_pp0_iter1_reg           |   1|   0|    1|          0|
    |ap_loop_exit_ready_pp0_iter2_reg           |   1|   0|    1|          0|
    |ap_loop_exit_ready_pp0_iter3_reg           |   1|   0|    1|          0|
    |ap_loop_exit_ready_pp0_iter4_reg           |   1|   0|    1|          0|
    |ap_loop_exit_ready_pp0_iter5_reg           |   1|   0|    1|          0|
    |ap_loop_exit_ready_pp0_iter6_reg           |   1|   0|    1|          0|
    |ap_loop_exit_ready_pp0_iter7_reg           |   1|   0|    1|          0|
    |ap_loop_exit_ready_pp0_iter8_reg           |   1|   0|    1|          0|
    |ap_loop_exit_ready_pp0_iter9_reg           |   1|   0|    1|          0|
    |ap_predicate_pred287_state2                |   1|   0|    1|          0|
    |ap_predicate_pred331_state4                |   1|   0|    1|          0|
    |ap_predicate_pred338_state4                |   1|   0|    1|          0|
    |ap_predicate_pred359_state2                |   1|   0|    1|          0|
    |ap_predicate_pred366_state2                |   1|   0|    1|          0|
    |ap_predicate_pred374_state2                |   1|   0|    1|          0|
    |ap_predicate_pred382_state2                |   1|   0|    1|          0|
    |ap_predicate_pred389_state2                |   1|   0|    1|          0|
    |ap_predicate_pred397_state2                |   1|   0|    1|          0|
    |ap_predicate_pred405_state2                |   1|   0|    1|          0|
    |ap_predicate_pred413_state2                |   1|   0|    1|          0|
    |ap_predicate_pred421_state2                |   1|   0|    1|          0|
    |ap_predicate_pred434_state2                |   1|   0|    1|          0|
    |ap_predicate_pred442_state2                |   1|   0|    1|          0|
    |ap_predicate_pred450_state2                |   1|   0|    1|          0|
    |ap_predicate_pred458_state2                |   1|   0|    1|          0|
    |ap_predicate_pred466_state2                |   1|   0|    1|          0|
    |ap_predicate_pred474_state2                |   1|   0|    1|          0|
    |ap_predicate_pred482_state2                |   1|   0|    1|          0|
    |ap_predicate_pred490_state2                |   1|   0|    1|          0|
    |ap_predicate_pred498_state2                |   1|   0|    1|          0|
    |ap_predicate_pred587_state3                |   1|   0|    1|          0|
    |ap_predicate_pred592_state3                |   1|   0|    1|          0|
    |bSerie                                     |  28|   0|   28|          0|
    |cmp59_i_reg_1762                           |   1|   0|    1|          0|
    |gSerie                                     |  28|   0|   28|          0|
    |grp_reg_int_s_fu_1514_ap_start_reg         |   1|   0|    1|          0|
    |icmp_ln1330_1_reg_1790                     |   1|   0|    1|          0|
    |icmp_ln565_reg_1780                        |   1|   0|    1|          0|
    |icmp_reg_1770                              |   1|   0|    1|          0|
    |mul_ln1356_1_reg_1844                      |  28|   0|   28|          0|
    |mul_ln1356_reg_1833                        |  28|   0|   28|          0|
    |rSerie                                     |  28|   0|   28|          0|
    |trunc_ln1330_reg_1784                      |  16|   0|   16|          0|
    |trunc_ln1356_1_reg_1839                    |   8|   0|    8|          0|
    |trunc_ln1356_4_reg_1850                    |   8|   0|    8|          0|
    |x_fu_196                                   |  17|   0|   17|          0|
    |zonePlateVDelta                            |  16|   0|   16|          0|
    |zonePlateVDelta_load_reg_1798              |  16|   0|   16|          0|
    |and_ln1337_reg_1794                        |  64|  32|    1|          0|
    |icmp_ln1330_1_reg_1790                     |  64|  32|    1|          0|
    |icmp_ln565_reg_1780                        |  64|  32|    1|          0|
    |trunc_ln1330_reg_1784                      |  64|  32|   16|          0|
    +-------------------------------------------+----+----+-----+-----------+
    |Total                                      | 544| 128|  307|          0|
    +-------------------------------------------+----+----+-----+-----------+



================================================================
== Interface
================================================================
* Summary: 
+---------------------------------------+-----+-----+------------+-----------------------------------------+--------------+
|               RTL Ports               | Dir | Bits|  Protocol  |              Source Object              |    C Type    |
+---------------------------------------+-----+-----+------------+-----------------------------------------+--------------+
|ap_clk                                 |   in|    1|  ap_ctrl_hs|  tpgBackground_Pipeline_VITIS_LOOP_565_2|  return value|
|ap_rst                                 |   in|    1|  ap_ctrl_hs|  tpgBackground_Pipeline_VITIS_LOOP_565_2|  return value|
|ap_start                               |   in|    1|  ap_ctrl_hs|  tpgBackground_Pipeline_VITIS_LOOP_565_2|  return value|
|ap_done                                |  out|    1|  ap_ctrl_hs|  tpgBackground_Pipeline_VITIS_LOOP_565_2|  return value|
|ap_idle                                |  out|    1|  ap_ctrl_hs|  tpgBackground_Pipeline_VITIS_LOOP_565_2|  return value|
|ap_ready                               |  out|    1|  ap_ctrl_hs|  tpgBackground_Pipeline_VITIS_LOOP_565_2|  return value|
|bckgndYUV_din                          |  out|   48|     ap_fifo|                                bckgndYUV|       pointer|
|bckgndYUV_full_n                       |   in|    1|     ap_fifo|                                bckgndYUV|       pointer|
|bckgndYUV_write                        |  out|    1|     ap_fifo|                                bckgndYUV|       pointer|
|bckgndYUV_num_data_valid               |   in|    5|     ap_fifo|                                bckgndYUV|       pointer|
|bckgndYUV_fifo_cap                     |   in|    5|     ap_fifo|                                bckgndYUV|       pointer|
|width_val_cast                         |   in|   16|     ap_none|                           width_val_cast|        scalar|
|patternId_val                          |   in|    8|     ap_none|                            patternId_val|        scalar|
|blkYuv_load                            |   in|    8|     ap_none|                              blkYuv_load|        scalar|
|shl_i                                  |   in|   16|     ap_none|                                    shl_i|        scalar|
|ZplateHorContStart_val                 |   in|   16|     ap_none|                   ZplateHorContStart_val|        scalar|
|ZplateHorContDelta_val                 |   in|   16|     ap_none|                   ZplateHorContDelta_val|        scalar|
|ZplateVerContStart_val                 |   in|   16|     ap_none|                   ZplateVerContStart_val|        scalar|
|y                                      |   in|   16|     ap_none|                                        y|        scalar|
|cmp12_i                                |   in|    1|     ap_none|                                  cmp12_i|        scalar|
|ZplateVerContDelta_val                 |   in|   16|     ap_none|                   ZplateVerContDelta_val|        scalar|
|colorFormat_val                        |   in|    8|     ap_none|                          colorFormat_val|        scalar|
|empty                                  |   in|    7|     ap_none|                                    empty|        scalar|
|zonePlateVAddr_loc_1_out_i             |   in|   16|     ap_ovld|                 zonePlateVAddr_loc_1_out|       pointer|
|zonePlateVAddr_loc_1_out_o             |  out|   16|     ap_ovld|                 zonePlateVAddr_loc_1_out|       pointer|
|zonePlateVAddr_loc_1_out_o_ap_vld      |  out|    1|     ap_ovld|                 zonePlateVAddr_loc_1_out|       pointer|
|outpix_0_5_0_0_0_load330_out_i         |   in|    8|     ap_ovld|             outpix_0_5_0_0_0_load330_out|       pointer|
|outpix_0_5_0_0_0_load330_out_o         |  out|    8|     ap_ovld|             outpix_0_5_0_0_0_load330_out|       pointer|
|outpix_0_5_0_0_0_load330_out_o_ap_vld  |  out|    1|     ap_ovld|             outpix_0_5_0_0_0_load330_out|       pointer|
|outpix_0_4_0_0_0_load328_out_i         |   in|    8|     ap_ovld|             outpix_0_4_0_0_0_load328_out|       pointer|
|outpix_0_4_0_0_0_load328_out_o         |  out|    8|     ap_ovld|             outpix_0_4_0_0_0_load328_out|       pointer|
|outpix_0_4_0_0_0_load328_out_o_ap_vld  |  out|    1|     ap_ovld|             outpix_0_4_0_0_0_load328_out|       pointer|
|outpix_0_3_0_0_0_load326_out_i         |   in|    8|     ap_ovld|             outpix_0_3_0_0_0_load326_out|       pointer|
|outpix_0_3_0_0_0_load326_out_o         |  out|    8|     ap_ovld|             outpix_0_3_0_0_0_load326_out|       pointer|
|outpix_0_3_0_0_0_load326_out_o_ap_vld  |  out|    1|     ap_ovld|             outpix_0_3_0_0_0_load326_out|       pointer|
|outpix_0_2_0_0_0_load324_out_i         |   in|    8|     ap_ovld|             outpix_0_2_0_0_0_load324_out|       pointer|
|outpix_0_2_0_0_0_load324_out_o         |  out|    8|     ap_ovld|             outpix_0_2_0_0_0_load324_out|       pointer|
|outpix_0_2_0_0_0_load324_out_o_ap_vld  |  out|    1|     ap_ovld|             outpix_0_2_0_0_0_load324_out|       pointer|
|outpix_0_1_0_0_0_load322_out_i         |   in|    8|     ap_ovld|             outpix_0_1_0_0_0_load322_out|       pointer|
|outpix_0_1_0_0_0_load322_out_o         |  out|    8|     ap_ovld|             outpix_0_1_0_0_0_load322_out|       pointer|
|outpix_0_1_0_0_0_load322_out_o_ap_vld  |  out|    1|     ap_ovld|             outpix_0_1_0_0_0_load322_out|       pointer|
|outpix_0_0_0_0_0_load320_out_i         |   in|    8|     ap_ovld|             outpix_0_0_0_0_0_load320_out|       pointer|
|outpix_0_0_0_0_0_load320_out_o         |  out|    8|     ap_ovld|             outpix_0_0_0_0_0_load320_out|       pointer|
|outpix_0_0_0_0_0_load320_out_o_ap_vld  |  out|    1|     ap_ovld|             outpix_0_0_0_0_0_load320_out|       pointer|
|zonePlateVAddr                         |  out|   16|      ap_vld|                           zonePlateVAddr|       pointer|
|zonePlateVAddr_ap_vld                  |  out|    1|      ap_vld|                           zonePlateVAddr|       pointer|
+---------------------------------------+-----+-----+------------+-----------------------------------------+--------------+

