

================================================================
== Vitis HLS Report for 'v_tpg'
================================================================
* Date:           Mon Apr 27 12:25:07 2026

* Version:        2024.2 (Build 5238294 on Nov  8 2024)
* Project:        prj
* Solution:       sol (Vivado IP Flow Target)
* Product family: zynquplus
* Target device:  xck26-sfvc784-2LV-c


================================================================
== Performance Estimates
================================================================
+ Timing: 
    * Summary: 
    +--------+---------+----------+------------+
    |  Clock |  Target | Estimated| Uncertainty|
    +--------+---------+----------+------------+
    |ap_clk  |  6.67 ns|  4.792 ns|     1.80 ns|
    +--------+---------+----------+------------+

+ Latency: 
    * Summary: 
    +---------+------------+----------+------------+-----+------------+---------+
    |   Latency (cycles)   |   Latency (absolute)  |     Interval     | Pipeline|
    |   min   |     max    |    min   |     max    | min |     max    |   Type  |
    +---------+------------+----------+------------+-----+------------+---------+
    |       17|  2148302840|  0.113 us|  14.323 sec|   18|  2148302841|       no|
    +---------+------------+----------+------------+-----+------------+---------+

    + Detail: 
        * Instance: 
        +---------------------------------+----------------------+---------+------------+-----------+------------+-----+------------+----------+
        |                                 |                      |   Latency (cycles)   |   Latency (absolute)   |     Interval     | Pipeline |
        |             Instance            |        Module        |   min   |     max    |    min    |     max    | min |     max    |   Type   |
        +---------------------------------+----------------------+---------+------------+-----------+------------+-----+------------+----------+
        |grp_v_tpgHlsDataFlow_fu_324      |v_tpgHlsDataFlow      |       14|  2148302837|  93.338 ns|  14.323 sec|    3|  2148302838|  dataflow|
        |grp_reg_unsigned_short_s_fu_409  |reg_unsigned_short_s  |        1|           1|   6.667 ns|    6.667 ns|    1|           1|       yes|
        +---------------------------------+----------------------+---------+------------+-----------+------------+-----+------------+----------+

        * Loop: 
        N/A



================================================================
== Utilization Estimates
================================================================
* Summary: 
+-----------------+---------+------+--------+--------+-----+
|       Name      | BRAM_18K|  DSP |   FF   |   LUT  | URAM|
+-----------------+---------+------+--------+--------+-----+
|DSP              |        -|     -|       -|       -|    -|
|Expression       |        -|     -|       0|     212|    -|
|FIFO             |        -|     -|       -|       -|    -|
|Instance         |        3|     6|    3885|    5122|    0|
|Memory           |        -|     -|       -|       -|    -|
|Multiplexer      |        -|     -|       0|     112|    -|
|Register         |        -|     -|     361|       -|    -|
+-----------------+---------+------+--------+--------+-----+
|Total            |        3|     6|    4246|    5446|    0|
+-----------------+---------+------+--------+--------+-----+
|Available        |      288|  1248|  234240|  117120|   64|
+-----------------+---------+------+--------+--------+-----+
|Utilization (%)  |        1|    ~0|       1|       4|    0|
+-----------------+---------+------+--------+--------+-----+

+ Detail: 
    * Instance: 
    +---------------------------------+----------------------+---------+----+------+------+-----+
    |             Instance            |        Module        | BRAM_18K| DSP|  FF  |  LUT | URAM|
    +---------------------------------+----------------------+---------+----+------+------+-----+
    |CTRL_s_axi_U                     |CTRL_s_axi            |        0|   0|   442|   600|    0|
    |grp_reg_unsigned_short_s_fu_409  |reg_unsigned_short_s  |        0|   0|    18|     2|    0|
    |grp_v_tpgHlsDataFlow_fu_324      |v_tpgHlsDataFlow      |        3|   6|  3425|  4520|    0|
    +---------------------------------+----------------------+---------+----+------+------+-----+
    |Total                            |                      |        3|   6|  3885|  5122|    0|
    +---------------------------------+----------------------+---------+----+------+------+-----+

    * DSP: 
    N/A

    * Memory: 
    N/A

    * FIFO: 
    N/A

    * Expression: 
    +-------------------------------------------------+----------+----+---+----+------------+------------+
    |                  Variable Name                  | Operation| DSP| FF| LUT| Bitwidth P0| Bitwidth P1|
    +-------------------------------------------------+----------+----+---+----+------------+------------+
    |add_ln502_fu_425_p2                              |         +|   0|  0|  39|          32|           1|
    |add_ln507_fu_458_p2                              |         +|   0|  0|  39|          32|           1|
    |grp_v_tpgHlsDataFlow_fu_324_m_axis_video_TREADY  |       and|   0|  0|   2|           1|           1|
    |icmp_ln500_fu_415_p2                             |      icmp|   0|  0|  23|          16|           1|
    |icmp_ln503_fu_432_p2                             |      icmp|   0|  0|  39|          32|           4|
    |icmp_ln505_fu_452_p2                             |      icmp|   0|  0|  36|          29|           1|
    |ap_sync_grp_v_tpgHlsDataFlow_fu_324_ap_ready     |        or|   0|  0|   2|           1|           1|
    |select_ln505_fu_464_p3                           |    select|   0|  0|  32|           1|          32|
    +-------------------------------------------------+----------+----+---+----+------------+------------+
    |Total                                            |          |   0|  0| 212|         144|          42|
    +-------------------------------------------------+----------+----+---+----+------------+------------+

    * Multiplexer: 
    +--------------------------------------+----+-----------+-----+-----------+
    |                 Name                 | LUT| Input Size| Bits| Total Bits|
    +--------------------------------------+----+-----------+-----+-----------+
    |ap_NS_fsm                             |  26|          5|    1|          5|
    |ap_phi_mux_count_new_0_phi_fu_317_p4  |  14|          3|   32|         96|
    |fid                                   |   9|          2|    1|          2|
    |m_axis_video_TDATA_int_regslice       |   9|          2|   48|         96|
    |m_axis_video_TDEST_int_regslice       |   9|          2|    1|          2|
    |m_axis_video_TID_int_regslice         |   9|          2|    1|          2|
    |m_axis_video_TKEEP_int_regslice       |   9|          2|    6|         12|
    |m_axis_video_TLAST_int_regslice       |   9|          2|    1|          2|
    |m_axis_video_TSTRB_int_regslice       |   9|          2|    6|         12|
    |m_axis_video_TUSER_int_regslice       |   9|          2|    1|          2|
    +--------------------------------------+----+-----------+-----+-----------+
    |Total                                 | 112|         24|   98|        231|
    +--------------------------------------+----+-----------+-----+-----------+

    * Register: 
    +--------------------------------------------------+----+----+-----+-----------+
    |                       Name                       | FF | LUT| Bits| Const Bits|
    +--------------------------------------------------+----+----+-----+-----------+
    |ZplateHorContDelta_read_reg_565                   |  16|   0|   16|          0|
    |ZplateHorContStart_read_reg_560                   |  16|   0|   16|          0|
    |ZplateVerContDelta_read_reg_575                   |  16|   0|   16|          0|
    |ZplateVerContStart_read_reg_570                   |  16|   0|   16|          0|
    |ap_CS_fsm                                         |   4|   0|    4|          0|
    |ap_sync_reg_grp_v_tpgHlsDataFlow_fu_324_ap_done   |   1|   0|    1|          0|
    |ap_sync_reg_grp_v_tpgHlsDataFlow_fu_324_ap_ready  |   1|   0|    1|          0|
    |bckgndId_read_reg_525                             |   8|   0|    8|          0|
    |boxSize_read_reg_580                              |  16|   0|   16|          0|
    |colorFormat_read_reg_545                          |   8|   0|    8|          0|
    |count                                             |  32|   0|   32|          0|
    |crossHairX_read_reg_550                           |  16|   0|   16|          0|
    |crossHairY_read_reg_555                           |  16|   0|   16|          0|
    |empty_83_reg_590                                  |   8|   0|    8|          0|
    |empty_reg_585                                     |   8|   0|    8|          0|
    |fid_in_read_reg_520                               |   1|   0|    1|          0|
    |fid_reg                                           |   1|   0|    1|          0|
    |field_id_read_reg_515                             |  16|   0|   16|          0|
    |grp_v_tpgHlsDataFlow_fu_324_ap_start_reg          |   1|   0|    1|          0|
    |height_read_reg_505                               |  16|   0|   16|          0|
    |m_axis_video_TDATA_reg                            |  48|   0|   48|          0|
    |m_axis_video_TDEST_reg                            |   1|   0|    1|          0|
    |m_axis_video_TID_reg                              |   1|   0|    1|          0|
    |m_axis_video_TKEEP_reg                            |   6|   0|    6|          0|
    |m_axis_video_TLAST_reg                            |   1|   0|    1|          0|
    |m_axis_video_TSTRB_reg                            |   6|   0|    6|          0|
    |m_axis_video_TUSER_reg                            |   1|   0|    1|          0|
    |maskId_read_reg_535                               |   8|   0|    8|          0|
    |motionSpeed_read_reg_540                          |   8|   0|    8|          0|
    |ovrlayId_read_reg_530                             |   8|   0|    8|          0|
    |s                                                 |  32|   0|   32|          0|
    |trunc_ln517_reg_595                               |   8|   0|    8|          0|
    |width_read_reg_510                                |  16|   0|   16|          0|
    +--------------------------------------------------+----+----+-----+-----------+
    |Total                                             | 361|   0|  361|          0|
    +--------------------------------------------------+----+----+-----+-----------+



================================================================
== Interface
================================================================
* Summary: 
+---------------------+-----+-----+------------+-----------------------+--------------+
|      RTL Ports      | Dir | Bits|  Protocol  |     Source Object     |    C Type    |
+---------------------+-----+-----+------------+-----------------------+--------------+
|s_axi_CTRL_AWVALID   |   in|    1|       s_axi|                   CTRL|       pointer|
|s_axi_CTRL_AWREADY   |  out|    1|       s_axi|                   CTRL|       pointer|
|s_axi_CTRL_AWADDR    |   in|    8|       s_axi|                   CTRL|       pointer|
|s_axi_CTRL_WVALID    |   in|    1|       s_axi|                   CTRL|       pointer|
|s_axi_CTRL_WREADY    |  out|    1|       s_axi|                   CTRL|       pointer|
|s_axi_CTRL_WDATA     |   in|   32|       s_axi|                   CTRL|       pointer|
|s_axi_CTRL_WSTRB     |   in|    4|       s_axi|                   CTRL|       pointer|
|s_axi_CTRL_ARVALID   |   in|    1|       s_axi|                   CTRL|       pointer|
|s_axi_CTRL_ARREADY   |  out|    1|       s_axi|                   CTRL|       pointer|
|s_axi_CTRL_ARADDR    |   in|    8|       s_axi|                   CTRL|       pointer|
|s_axi_CTRL_RVALID    |  out|    1|       s_axi|                   CTRL|       pointer|
|s_axi_CTRL_RREADY    |   in|    1|       s_axi|                   CTRL|       pointer|
|s_axi_CTRL_RDATA     |  out|   32|       s_axi|                   CTRL|       pointer|
|s_axi_CTRL_RRESP     |  out|    2|       s_axi|                   CTRL|       pointer|
|s_axi_CTRL_BVALID    |  out|    1|       s_axi|                   CTRL|       pointer|
|s_axi_CTRL_BREADY    |   in|    1|       s_axi|                   CTRL|       pointer|
|s_axi_CTRL_BRESP     |  out|    2|       s_axi|                   CTRL|       pointer|
|ap_clk               |   in|    1|  ap_ctrl_hs|                  v_tpg|  return value|
|ap_rst_n             |   in|    1|  ap_ctrl_hs|                  v_tpg|  return value|
|interrupt            |  out|    1|  ap_ctrl_hs|                  v_tpg|  return value|
|fid_in               |   in|    1|     ap_none|                 fid_in|       pointer|
|m_axis_video_TDATA   |  out|   48|        axis|  m_axis_video_V_data_V|       pointer|
|m_axis_video_TVALID  |  out|    1|        axis|  m_axis_video_V_dest_V|       pointer|
|m_axis_video_TREADY  |   in|    1|        axis|  m_axis_video_V_dest_V|       pointer|
|m_axis_video_TDEST   |  out|    1|        axis|  m_axis_video_V_dest_V|       pointer|
|m_axis_video_TKEEP   |  out|    6|        axis|  m_axis_video_V_keep_V|       pointer|
|m_axis_video_TSTRB   |  out|    6|        axis|  m_axis_video_V_strb_V|       pointer|
|m_axis_video_TUSER   |  out|    1|        axis|  m_axis_video_V_user_V|       pointer|
|m_axis_video_TLAST   |  out|    1|        axis|  m_axis_video_V_last_V|       pointer|
|m_axis_video_TID     |  out|    1|        axis|    m_axis_video_V_id_V|       pointer|
|fid                  |  out|    1|     ap_none|                    fid|       pointer|
+---------------------+-----+-----+------------+-----------------------+--------------+

