================================================================
== Design Size Report
================================================================

* Total Instructions per Compilation Phase
+---------------+-----------------------------+--------------+----------------------------------------------------------------------------------------+
| Phase         | Step                        | Instructions | Description                                                                            |
+---------------+-----------------------------+--------------+----------------------------------------------------------------------------------------+
| Compile/Link  |                             | 6,517        | After all functions are compiled and linked into a single design                       |
|               |                             |              |                                                                                        |
| Unroll/Inline |                             |              | After user unroll and inline pragmas are applied                                       |
|               | (1) unroll                  | 3,092        | user unroll pragmas are applied                                                        |
|               | (2) simplification          | 2,383        | simplification of applied user unroll pragmas                                          |
|               | (3) inline                  | 2,292        | user inline pragmas are applied                                                        |
|               | (4) simplification          | 2,224        | simplification of applied user inline pragmas                                          |
|               |                             |              |                                                                                        |
| Array/Struct  |                             |              | After user array partition and struct aggregate/disaggregate pragmas are applied       |
|               | (1) array partition         | 2,032        | user array partition pragmas are applied                                               |
|               | (2) simplification          | 2,000        | simplification of applied user array partition & struct aggregate/disaggregate pragmas |
|               | (3) aggregate/disaggregate  | 2,004        | user struct aggregate/disaggregate pragmas are applied                                 |
|               | (4) array reshape           | 2,146        | apply array reshape pragmas                                                            |
|               | (5) access patterns         | 2,195        | array access pattern optmizations                                                      |
|               |                             |              |                                                                                        |
| Performance   |                             |              | After transformations are applied to meet performance pragma targets                   |
|               | (1) loop simplification     | 2,173        | loop and instruction simplification                                                    |
|               | (2) parallelization         | 1,878        | loops are unrolled or pipelined to meet performance targets                            |
|               | (3) array partition         | 1,685        | arrays are partitioned to meet performance targets                                     |
|               | (4) simplification          | 1,209        | simplification of design after performance transformations                             |
|               |                             |              |                                                                                        |
| HW Transforms |                             |              | After hardware transfomations                                                          |
|               | (1) lowering                | 1,088        | initial conversion to HW specific instructions                                         |
|               | (2) optimizations           |   989        | high level synthesis optimizations                                                     |
+---------------+-----------------------------+--------------+----------------------------------------------------------------------------------------+

* Instructions per Function for each Compilation Phase
+-----------------------------+----------------------+------------------+-----------------+-----------------+-------------+---------------+
| Function                    | Location             | Compile/Link     | Unroll/Inline   | Array/Struct    | Performance | HW Transforms |
+-----------------------------+----------------------+------------------+-----------------+-----------------+-------------+---------------+
| + v_tpg                     | v_tpg.cpp:409        | 6,517            | 2,224           | 2,195           | 1,209       | 989           |
|    reg<unsigned short>      | x_hls_utils.h:222    |    1             |    1            |    1            |    1        |   4           |
|  + v_tpgHlsDataFlow         | v_tpg.cpp:304        | 6,443            | 2,157           | 2,121           | 1,114       | 844           |
|   + tpgBackground           | v_tpg.cpp:536        | 4,628            | 1,468           | 1,502           |  650        | 437           |
|      Scalar                 | hls_video_core.h:196 |   10 (2 calls)   |                 |                 |             |               |
|    + tpgPatternSolidBlack   | v_tpg.cpp:1193       | 2,346 (17 calls) |  782 (17 calls) |  663 (17 calls) |             |               |
|       Scalar                | hls_video_core.h:196 |   85 (17 calls)  |                 |                 |             |               |
|    + tpgPatternRainbow      | v_tpg.cpp:1273       |  277             |  181            |  175            |             |               |
|       Scalar                | hls_video_core.h:196 |    5             |                 |                 |             |               |
|    + tpgPRBS                | v_tpg.cpp:1823       | 1,767            |                 |                 |             |               |
|       Scalar                | hls_video_core.h:196 |    5             |                 |                 |             |               |
|   + tpgForeground           | v_tpg.cpp:759        |  666             |  492            |  369            |  256        | 236           |
|      Scalar                 | hls_video_core.h:196 |   15 (3 calls)   |                 |                 |             |               |
|      tpgPatternBox          | v_tpg.cpp:1869       |  248             |  123            |  123            |             |               |
|      tpgPatternCrossHair    | v_tpg.cpp:1956       |  144             |                 |                 |             |               |
|    + tpgPatternMask         | v_tpg.cpp:1983       |  137             |                 |                 |             |               |
|       Scalar                | hls_video_core.h:196 |    5             |                 |                 |             |               |
|   + MultiPixStream2AXIvideo | v_tpg.cpp:919        | 1,073            |  187            |  240            |  198        | 159           |
|      Scalar                 | hls_video_core.h:196 |    5             |                 |                 |             |               |
+-----------------------------+----------------------+------------------+-----------------+-----------------+-------------+---------------+

* Design Size Message Settings
+---------------------------------------------+--------+------------------------------------------------------------------+
| Message Setting                             | Value  | Description                                                      |
+---------------------------------------------+--------+------------------------------------------------------------------+
| config_compile -design_size_maximum_warning | 100000 | Show a warning when total design instructions exceeds this value |
+---------------------------------------------+--------+------------------------------------------------------------------+


