

================================================================
== Vitis HLS Report for 'tpgForeground'
================================================================
* Date:           Mon Apr 27 12:25:07 2026

* Version:        2024.2 (Build 5238294 on Nov  8 2024)
* Project:        prj
* Solution:       sol (Vivado IP Flow Target)
* Product family: zynquplus
* Target device:  xck26-sfvc784-2LV-c


================================================================
== Performance Estimates
================================================================
+ Timing: 
    * Summary: 
    +--------+---------+----------+------------+
    |  Clock |  Target | Estimated| Uncertainty|
    +--------+---------+----------+------------+
    |ap_clk  |  6.67 ns|  3.676 ns|     1.80 ns|
    +--------+---------+----------+------------+

+ Latency: 
    * Summary: 
    +---------+------------+-----------+------------+-----+------------+---------+
    |   Latency (cycles)   |   Latency (absolute)   |     Interval     | Pipeline|
    |   min   |     max    |    min    |     max    | min |     max    |   Type  |
    +---------+------------+-----------+------------+-----+------------+---------+
    |        2|  2147778557|  13.334 ns|  14.319 sec|    2|  2147778557|       no|
    +---------+------------+-----------+------------+-----+------------+---------+

    + Detail: 
        * Instance: 
        +----------------------------------------------------+-----------------------------------------+---------+---------+-----------+----------+-----+-------+------------------------------------------------+
        |                                                    |                                         |  Latency (cycles) |  Latency (absolute)  |   Interval  |                    Pipeline                    |
        |                      Instance                      |                  Module                 |   min   |   max   |    min    |    max   | min |  max  |                      Type                      |
        +----------------------------------------------------+-----------------------------------------+---------+---------+-----------+----------+-----+-------+------------------------------------------------+
        |grp_tpgForeground_Pipeline_VITIS_LOOP_774_2_fu_235  |tpgForeground_Pipeline_VITIS_LOOP_774_2  |        4|    32771|  26.668 ns|  0.218 ms|    2|  32769|  loop auto-rewind stp (delay=0 clock cycles(s))|
        +----------------------------------------------------+-----------------------------------------+---------+---------+-----------+----------+-----+-------+------------------------------------------------+

        * Loop: 
        +--------------------+---------+------------+-----------+-----------+-----------+-----------+----------+
        |                    |   Latency (cycles)   | Iteration |  Initiation Interval  |    Trip   |          |
        |      Loop Name     |   min   |     max    |  Latency  |  achieved |   target  |   Count   | Pipelined|
        +--------------------+---------+------------+-----------+-----------+-----------+-----------+----------+
        |- VITIS_LOOP_772_1  |        0|  2147778555|  6 ~ 32773|          -|          -|  0 ~ 65535|        no|
        +--------------------+---------+------------+-----------+-----------+-----------+-----------+----------+



================================================================
== Utilization Estimates
================================================================
* Summary: 
+-----------------+---------+------+--------+--------+-----+
|       Name      | BRAM_18K|  DSP |   FF   |   LUT  | URAM|
+-----------------+---------+------+--------+--------+-----+
|DSP              |        -|     -|       -|       -|    -|
|Expression       |        -|     -|       0|     180|    -|
|FIFO             |        -|     -|       -|       -|    -|
|Instance         |        -|     -|     161|     950|    -|
|Memory           |        0|     -|       8|       1|    -|
|Multiplexer      |        -|     -|       0|     197|    -|
|Register         |        -|     -|     303|       -|    -|
+-----------------+---------+------+--------+--------+-----+
|Total            |        0|     0|     472|    1328|    0|
+-----------------+---------+------+--------+--------+-----+
|Available        |      288|  1248|  234240|  117120|   64|
+-----------------+---------+------+--------+--------+-----+
|Utilization (%)  |        0|     0|      ~0|       1|    0|
+-----------------+---------+------+--------+--------+-----+

+ Detail: 
    * Instance: 
    +----------------------------------------------------+-----------------------------------------+---------+----+-----+-----+-----+
    |                      Instance                      |                  Module                 | BRAM_18K| DSP|  FF | LUT | URAM|
    +----------------------------------------------------+-----------------------------------------+---------+----+-----+-----+-----+
    |grp_tpgForeground_Pipeline_VITIS_LOOP_774_2_fu_235  |tpgForeground_Pipeline_VITIS_LOOP_774_2  |        0|   0|  161|  950|    0|
    +----------------------------------------------------+-----------------------------------------+---------+----+-----+-----+-----+
    |Total                                               |                                         |        0|   0|  161|  950|    0|
    +----------------------------------------------------+-----------------------------------------+---------+----+-----+-----+-----+

    * DSP: 
    N/A

    * Memory: 
    +----------+----------------------------------+---------+---+----+-----+------+-----+------+-------------+
    |  Memory  |              Module              | BRAM_18K| FF| LUT| URAM| Words| Bits| Banks| W*Bits*Banks|
    +----------+----------------------------------+---------+---+----+-----+------+-----+------+-------------+
    |whiYuv_U  |tpgForeground_whiYuv_ROM_AUTO_1R  |        0|  8|   1|    0|     3|    8|     1|           24|
    +----------+----------------------------------+---------+---+----+-----+------+-----+------+-------------+
    |Total     |                                  |        0|  8|   1|    0|     3|    8|     1|           24|
    +----------+----------------------------------+---------+---+----+-----+------+-----+------+-------------+

    * FIFO: 
    N/A

    * Expression: 
    +----------------------------------------+----------+----+---+----+------------+------------+
    |              Variable Name             | Operation| DSP| FF| LUT| Bitwidth P0| Bitwidth P1|
    +----------------------------------------+----------+----+---+----+------------+------------+
    |y_2_fu_402_p2                           |         +|   0|  0|  23|          16|           1|
    |hMax_fu_373_p2                          |         -|   0|  0|  23|          16|          16|
    |vMax_fu_377_p2                          |         -|   0|  0|  23|          16|          16|
    |cmp11_i_fu_360_p2                       |      icmp|   0|  0|  15|           8|           1|
    |cmp13_i_fu_286_p2                       |      icmp|   0|  0|  15|           8|           1|
    |cmp2_i_fu_408_p2                        |      icmp|   0|  0|  23|          16|          16|
    |icmp_fu_331_p2                          |      icmp|   0|  0|  14|           7|           1|
    |icmp_ln772_fu_397_p2                    |      icmp|   0|  0|  23|          16|          16|
    |ap_block_state1                         |        or|   0|  0|   2|           1|           1|
    |conv2_i_i_i_fu_365_p3                   |    select|   0|  0|   9|           1|           6|
    |idxprom20_1_i_cast_cast_cast_fu_312_p3  |    select|   0|  0|   2|           1|           1|
    |pixOut_18_fu_381_p3                     |    select|   0|  0|   8|           1|           8|
    +----------------------------------------+----------+----+---+----+------------+------------+
    |Total                                   |          |   0|  0| 180|         107|          84|
    +----------------------------------------+----------+----+---+----+------------+------------+

    * Multiplexer: 
    +---------------------------+----+-----------+-----+-----------+
    |            Name           | LUT| Input Size| Bits| Total Bits|
    +---------------------------+----+-----------+-----+-----------+
    |ap_NS_fsm                  |  26|          5|    1|          5|
    |ap_done                    |   9|          2|    1|          2|
    |boxColorB_val_blk_n        |   9|          2|    1|          2|
    |boxColorG_val_blk_n        |   9|          2|    1|          2|
    |boxColorR_val_blk_n        |   9|          2|    1|          2|
    |boxHCoord_loc_0_fu_124     |   9|          2|   16|         32|
    |boxSize_val_blk_n          |   9|          2|    1|          2|
    |boxVCoord_loc_0_fu_120     |   9|          2|   16|         32|
    |colorFormat_val17_c_blk_n  |   9|          2|    1|          2|
    |colorFormat_val_blk_n      |   9|          2|    1|          2|
    |crossHairX_val_blk_n       |   9|          2|    1|          2|
    |crossHairY_val_blk_n       |   9|          2|    1|          2|
    |height_val4_c_blk_n        |   9|          2|    1|          2|
    |height_val_blk_n           |   9|          2|    1|          2|
    |maskId_val_blk_n           |   9|          2|    1|          2|
    |motionSpeed_val_blk_n      |   9|          2|    1|          2|
    |patternId_val_blk_n        |   9|          2|    1|          2|
    |width_val7_c_blk_n         |   9|          2|    1|          2|
    |width_val_blk_n            |   9|          2|    1|          2|
    |y_fu_116                   |   9|          2|   16|         32|
    +---------------------------+----+-----------+-----+-----------+
    |Total                      | 197|         43|   65|        133|
    +---------------------------+----+-----------+-----+-----------+

    * Register: 
    +-----------------------------------------------------------------+----+----+-----+-----------+
    |                               Name                              | FF | LUT| Bits| Const Bits|
    +-----------------------------------------------------------------+----+----+-----+-----------+
    |ap_CS_fsm                                                        |   4|   0|    4|          0|
    |ap_done_reg                                                      |   1|   0|    1|          0|
    |boxColorB_val_read_reg_438                                       |   8|   0|    8|          0|
    |boxColorG_val_read_reg_444                                       |   8|   0|    8|          0|
    |boxColorR_val_read_reg_450                                       |   8|   0|    8|          0|
    |boxHCoord                                                        |  16|   0|   16|          0|
    |boxHCoord_loc_0_fu_124                                           |  16|   0|   16|          0|
    |boxSize_val_read_reg_455                                         |  16|   0|   16|          0|
    |boxVCoord                                                        |  16|   0|   16|          0|
    |boxVCoord_loc_0_fu_120                                           |  16|   0|   16|          0|
    |cmp11_i_reg_532                                                  |   1|   0|    1|          0|
    |cmp2_i_reg_575                                                   |   1|   0|    1|          0|
    |colorFormat_val_read_reg_473                                     |   8|   0|    8|          0|
    |conv2_i_i_i_reg_537                                              |   3|   0|    8|          5|
    |crossHairX_val_read_reg_467                                      |  16|   0|   16|          0|
    |crossHairY_val_read_reg_462                                      |  16|   0|   16|          0|
    |empty_89_reg_507                                                 |   1|   0|    1|          0|
    |grp_tpgForeground_Pipeline_VITIS_LOOP_774_2_fu_235_ap_start_reg  |   1|   0|    1|          0|
    |hMax_reg_542                                                     |  16|   0|   16|          0|
    |icmp_reg_527                                                     |   1|   0|    1|          0|
    |loopHeight_reg_501                                               |  16|   0|   16|          0|
    |loopWidth_reg_495                                                |  16|   0|   16|          0|
    |maskId_val_read_reg_485                                          |   8|   0|    8|          0|
    |motionSpeed_val_read_reg_479                                     |   8|   0|    8|          0|
    |patternId_val_read_reg_490                                       |   8|   0|    8|          0|
    |pixOut_18_reg_552                                                |   8|   0|    8|          0|
    |shl_i_reg_557                                                    |   8|   0|    9|          1|
    |tmp_5_reg_517                                                    |   1|   0|    1|          0|
    |tmp_reg_512                                                      |   1|   0|    1|          0|
    |vMax_reg_547                                                     |  16|   0|   16|          0|
    |whiYuv_load_reg_562                                              |   8|   0|    8|          0|
    |y_1_reg_567                                                      |  16|   0|   16|          0|
    |y_fu_116                                                         |  16|   0|   16|          0|
    +-----------------------------------------------------------------+----+----+-----+-----------+
    |Total                                                            | 303|   0|  309|          6|
    +-----------------------------------------------------------------+----+----+-----+-----------+



================================================================
== Interface
================================================================
* Summary: 
+------------------------------------+-----+-----+------------+---------------------+--------------+
|              RTL Ports             | Dir | Bits|  Protocol  |    Source Object    |    C Type    |
+------------------------------------+-----+-----+------------+---------------------+--------------+
|ap_clk                              |   in|    1|  ap_ctrl_hs|        tpgForeground|  return value|
|ap_rst                              |   in|    1|  ap_ctrl_hs|        tpgForeground|  return value|
|ap_start                            |   in|    1|  ap_ctrl_hs|        tpgForeground|  return value|
|ap_done                             |  out|    1|  ap_ctrl_hs|        tpgForeground|  return value|
|ap_continue                         |   in|    1|  ap_ctrl_hs|        tpgForeground|  return value|
|ap_idle                             |  out|    1|  ap_ctrl_hs|        tpgForeground|  return value|
|ap_ready                            |  out|    1|  ap_ctrl_hs|        tpgForeground|  return value|
|bckgndYUV_dout                      |   in|   48|     ap_fifo|            bckgndYUV|       pointer|
|bckgndYUV_empty_n                   |   in|    1|     ap_fifo|            bckgndYUV|       pointer|
|bckgndYUV_read                      |  out|    1|     ap_fifo|            bckgndYUV|       pointer|
|bckgndYUV_num_data_valid            |   in|    5|     ap_fifo|            bckgndYUV|       pointer|
|bckgndYUV_fifo_cap                  |   in|    5|     ap_fifo|            bckgndYUV|       pointer|
|height_val_dout                     |   in|   16|     ap_fifo|           height_val|       pointer|
|height_val_empty_n                  |   in|    1|     ap_fifo|           height_val|       pointer|
|height_val_read                     |  out|    1|     ap_fifo|           height_val|       pointer|
|height_val_num_data_valid           |   in|    3|     ap_fifo|           height_val|       pointer|
|height_val_fifo_cap                 |   in|    3|     ap_fifo|           height_val|       pointer|
|width_val_dout                      |   in|   16|     ap_fifo|            width_val|       pointer|
|width_val_empty_n                   |   in|    1|     ap_fifo|            width_val|       pointer|
|width_val_read                      |  out|    1|     ap_fifo|            width_val|       pointer|
|width_val_num_data_valid            |   in|    3|     ap_fifo|            width_val|       pointer|
|width_val_fifo_cap                  |   in|    3|     ap_fifo|            width_val|       pointer|
|patternId_val_dout                  |   in|    8|     ap_fifo|        patternId_val|       pointer|
|patternId_val_empty_n               |   in|    1|     ap_fifo|        patternId_val|       pointer|
|patternId_val_read                  |  out|    1|     ap_fifo|        patternId_val|       pointer|
|patternId_val_num_data_valid        |   in|    3|     ap_fifo|        patternId_val|       pointer|
|patternId_val_fifo_cap              |   in|    3|     ap_fifo|        patternId_val|       pointer|
|maskId_val_dout                     |   in|    8|     ap_fifo|           maskId_val|       pointer|
|maskId_val_empty_n                  |   in|    1|     ap_fifo|           maskId_val|       pointer|
|maskId_val_read                     |  out|    1|     ap_fifo|           maskId_val|       pointer|
|maskId_val_num_data_valid           |   in|    3|     ap_fifo|           maskId_val|       pointer|
|maskId_val_fifo_cap                 |   in|    3|     ap_fifo|           maskId_val|       pointer|
|colorFormat_val_dout                |   in|    8|     ap_fifo|      colorFormat_val|       pointer|
|colorFormat_val_empty_n             |   in|    1|     ap_fifo|      colorFormat_val|       pointer|
|colorFormat_val_read                |  out|    1|     ap_fifo|      colorFormat_val|       pointer|
|colorFormat_val_num_data_valid      |   in|    3|     ap_fifo|      colorFormat_val|       pointer|
|colorFormat_val_fifo_cap            |   in|    3|     ap_fifo|      colorFormat_val|       pointer|
|crossHairX_val_dout                 |   in|   16|     ap_fifo|       crossHairX_val|       pointer|
|crossHairX_val_empty_n              |   in|    1|     ap_fifo|       crossHairX_val|       pointer|
|crossHairX_val_read                 |  out|    1|     ap_fifo|       crossHairX_val|       pointer|
|crossHairX_val_num_data_valid       |   in|    3|     ap_fifo|       crossHairX_val|       pointer|
|crossHairX_val_fifo_cap             |   in|    3|     ap_fifo|       crossHairX_val|       pointer|
|crossHairY_val_dout                 |   in|   16|     ap_fifo|       crossHairY_val|       pointer|
|crossHairY_val_empty_n              |   in|    1|     ap_fifo|       crossHairY_val|       pointer|
|crossHairY_val_read                 |  out|    1|     ap_fifo|       crossHairY_val|       pointer|
|crossHairY_val_num_data_valid       |   in|    3|     ap_fifo|       crossHairY_val|       pointer|
|crossHairY_val_fifo_cap             |   in|    3|     ap_fifo|       crossHairY_val|       pointer|
|boxSize_val_dout                    |   in|   16|     ap_fifo|          boxSize_val|       pointer|
|boxSize_val_empty_n                 |   in|    1|     ap_fifo|          boxSize_val|       pointer|
|boxSize_val_read                    |  out|    1|     ap_fifo|          boxSize_val|       pointer|
|boxSize_val_num_data_valid          |   in|    3|     ap_fifo|          boxSize_val|       pointer|
|boxSize_val_fifo_cap                |   in|    3|     ap_fifo|          boxSize_val|       pointer|
|boxColorR_val_dout                  |   in|    8|     ap_fifo|        boxColorR_val|       pointer|
|boxColorR_val_empty_n               |   in|    1|     ap_fifo|        boxColorR_val|       pointer|
|boxColorR_val_read                  |  out|    1|     ap_fifo|        boxColorR_val|       pointer|
|boxColorR_val_num_data_valid        |   in|    3|     ap_fifo|        boxColorR_val|       pointer|
|boxColorR_val_fifo_cap              |   in|    3|     ap_fifo|        boxColorR_val|       pointer|
|boxColorG_val_dout                  |   in|    8|     ap_fifo|        boxColorG_val|       pointer|
|boxColorG_val_empty_n               |   in|    1|     ap_fifo|        boxColorG_val|       pointer|
|boxColorG_val_read                  |  out|    1|     ap_fifo|        boxColorG_val|       pointer|
|boxColorG_val_num_data_valid        |   in|    3|     ap_fifo|        boxColorG_val|       pointer|
|boxColorG_val_fifo_cap              |   in|    3|     ap_fifo|        boxColorG_val|       pointer|
|boxColorB_val_dout                  |   in|    8|     ap_fifo|        boxColorB_val|       pointer|
|boxColorB_val_empty_n               |   in|    1|     ap_fifo|        boxColorB_val|       pointer|
|boxColorB_val_read                  |  out|    1|     ap_fifo|        boxColorB_val|       pointer|
|boxColorB_val_num_data_valid        |   in|    3|     ap_fifo|        boxColorB_val|       pointer|
|boxColorB_val_fifo_cap              |   in|    3|     ap_fifo|        boxColorB_val|       pointer|
|motionSpeed_val_dout                |   in|    8|     ap_fifo|      motionSpeed_val|       pointer|
|motionSpeed_val_empty_n             |   in|    1|     ap_fifo|      motionSpeed_val|       pointer|
|motionSpeed_val_read                |  out|    1|     ap_fifo|      motionSpeed_val|       pointer|
|motionSpeed_val_num_data_valid      |   in|    3|     ap_fifo|      motionSpeed_val|       pointer|
|motionSpeed_val_fifo_cap            |   in|    3|     ap_fifo|      motionSpeed_val|       pointer|
|ovrlayYUV_din                       |  out|   48|     ap_fifo|            ovrlayYUV|       pointer|
|ovrlayYUV_full_n                    |   in|    1|     ap_fifo|            ovrlayYUV|       pointer|
|ovrlayYUV_write                     |  out|    1|     ap_fifo|            ovrlayYUV|       pointer|
|ovrlayYUV_num_data_valid            |   in|   32|     ap_fifo|            ovrlayYUV|       pointer|
|ovrlayYUV_fifo_cap                  |   in|   32|     ap_fifo|            ovrlayYUV|       pointer|
|height_val4_c_din                   |  out|   11|     ap_fifo|        height_val4_c|       pointer|
|height_val4_c_full_n                |   in|    1|     ap_fifo|        height_val4_c|       pointer|
|height_val4_c_write                 |  out|    1|     ap_fifo|        height_val4_c|       pointer|
|height_val4_c_num_data_valid        |   in|    3|     ap_fifo|        height_val4_c|       pointer|
|height_val4_c_fifo_cap              |   in|    3|     ap_fifo|        height_val4_c|       pointer|
|width_val7_c_din                    |  out|   11|     ap_fifo|         width_val7_c|       pointer|
|width_val7_c_full_n                 |   in|    1|     ap_fifo|         width_val7_c|       pointer|
|width_val7_c_write                  |  out|    1|     ap_fifo|         width_val7_c|       pointer|
|width_val7_c_num_data_valid         |   in|    3|     ap_fifo|         width_val7_c|       pointer|
|width_val7_c_fifo_cap               |   in|    3|     ap_fifo|         width_val7_c|       pointer|
|colorFormat_val17_c_din             |  out|    8|     ap_fifo|  colorFormat_val17_c|       pointer|
|colorFormat_val17_c_full_n          |   in|    1|     ap_fifo|  colorFormat_val17_c|       pointer|
|colorFormat_val17_c_write           |  out|    1|     ap_fifo|  colorFormat_val17_c|       pointer|
|colorFormat_val17_c_num_data_valid  |   in|    3|     ap_fifo|  colorFormat_val17_c|       pointer|
|colorFormat_val17_c_fifo_cap        |   in|    3|     ap_fifo|  colorFormat_val17_c|       pointer|
+------------------------------------+-----+-----+------------+---------------------+--------------+

