

================================================================
== Vitis HLS Report for 'MultiPixStream2AXIvideo_Pipeline_VITIS_LOOP_981_2'
================================================================
* Date:           Mon Apr 27 12:25:05 2026

* Version:        2024.2 (Build 5238294 on Nov  8 2024)
* Project:        prj
* Solution:       sol (Vivado IP Flow Target)
* Product family: zynquplus
* Target device:  xck26-sfvc784-2LV-c


================================================================
== Performance Estimates
================================================================
+ Timing: 
    * Summary: 
    +--------+---------+----------+------------+
    |  Clock |  Target | Estimated| Uncertainty|
    +--------+---------+----------+------------+
    |ap_clk  |  6.67 ns|  3.015 ns|     1.80 ns|
    +--------+---------+----------+------------+

+ Latency: 
    * Summary: 
    +---------+---------+-----------+----------+-----+-----+---------+
    |  Latency (cycles) |  Latency (absolute)  |  Interval | Pipeline|
    |   min   |   max   |    min    |    max   | min | max |   Type  |
    +---------+---------+-----------+----------+-----+-----+---------+
    |        3|      963|  20.001 ns|  6.420 us|    3|  963|       no|
    +---------+---------+-----------+----------+-----+-----+---------+

    + Detail: 
        * Instance: 
        N/A

        * Loop: 
        +--------------------+---------+---------+----------+-----------+-----------+---------+----------+
        |                    |  Latency (cycles) | Iteration|  Initiation Interval  |   Trip  |          |
        |      Loop Name     |   min   |   max   |  Latency |  achieved |   target  |  Count  | Pipelined|
        +--------------------+---------+---------+----------+-----------+-----------+---------+----------+
        |- VITIS_LOOP_981_2  |        0|      960|         2|          1|          1|  0 ~ 960|       yes|
        +--------------------+---------+---------+----------+-----------+-----------+---------+----------+

============================================================
+ Verbose Summary: Synthesis Manager
============================================================
InlineROM: 1
ExposeGlobal: 0
============================================================
+ Verbose Summary: CDFG Model
============================================================
IsTopModel: 0
ResetActiveHigh: 1
IsCombinational: 0
IsDatapathOnly: 0
HasWiredReturn: 1
HasMFsm: 2
HasVarLatency: 1
IsPipeline: 0
IsRtlPipelined: 0
IsInstanceOverlapped: 0
IsDontTouch: 0
HasImplIP: 0
IsGatedGlobalClock: 0

+ Individual pipeline summary: 
  * Pipeline-0: initiation interval (II) = 1, depth = 2


============================================================
+ Verbose Summary: Schedule
============================================================
* Number of FSM states : 5
* Pipeline : 1
  Pipeline-0 : II = 1, D = 2, States = { 2 3 }
* Dataflow Pipeline: 0

* FSM state transitions: 
1 --> 2 
2 --> 4 3 
3 --> 2 
4 --> 5 
5 --> 

* FSM state operations: 

State 1 <SV = 0> <Delay = 0.42>
ST_1 : Operation 6 [1/1] (0.00ns)   --->   "%j = alloca i32 1" [/home/izaan/GitRepos/dpdma_exdes/vivado_quad_vmix/kv260_quad_vmix_dp.runs/bd_quad_vmix_dp_v_tpg_3_0_synth_1/prj/sol/.autopilot/db/v_tpg.cpp:981->/home/izaan/GitRepos/dpdma_exdes/vivado_quad_vmix/kv260_quad_vmix_dp.runs/bd_quad_vmix_dp_v_tpg_3_0_synth_1/prj/sol/.autopilot/db/v_tpg.cpp:399]   --->   Operation 6 'alloca' 'j' <Predicate = true> <Delay = 0.00>
ST_1 : Operation 7 [1/1] (0.00ns)   --->   "%counter_loc_1_i = alloca i32 1"   --->   Operation 7 'alloca' 'counter_loc_1_i' <Predicate = true> <Delay = 0.00>
ST_1 : Operation 8 [1/1] (0.00ns)   --->   "%specaxissidechannel_ln0 = specaxissidechannel void @_ssdm_op_SpecAXISSideChannel, i48 %m_axis_video_V_data_V, i6 %m_axis_video_V_keep_V, i6 %m_axis_video_V_strb_V, i1 %m_axis_video_V_user_V, i1 %m_axis_video_V_last_V, i1 %m_axis_video_V_id_V, i1 %m_axis_video_V_dest_V, void @empty_20"   --->   Operation 8 'specaxissidechannel' 'specaxissidechannel_ln0' <Predicate = true> <Delay = 0.00>
ST_1 : Operation 9 [1/1] (0.00ns)   --->   "%specinterface_ln0 = specinterface void @_ssdm_op_SpecInterface, i1 %m_axis_video_V_dest_V, i1 %m_axis_video_V_id_V, i1 %m_axis_video_V_last_V, i1 %m_axis_video_V_user_V, i6 %m_axis_video_V_strb_V, i6 %m_axis_video_V_keep_V, i48 %m_axis_video_V_data_V, void @empty_18, i32 0, i32 0, void @empty_4, i32 0, i32 0, void @empty_9, void @empty_9, void @empty_9, i32 0, i32 0, i32 0, i32 0, void @empty_9, void @empty_9, i32 4294967295, i32 0, i32 0"   --->   Operation 9 'specinterface' 'specinterface_ln0' <Predicate = true> <Delay = 0.00>
ST_1 : Operation 10 [1/1] (0.00ns)   --->   "%specinterface_ln0 = specinterface void @_ssdm_op_SpecInterface, i48 %ovrlayYUV, void @empty_21, i32 0, i32 0, void @empty_9, i32 0, i32 0, void @empty_9, void @empty_9, void @empty_9, i32 0, i32 0, i32 0, i32 0, void @empty_9, void @empty_9, i32 4294967295, i32 0, i32 0"   --->   Operation 10 'specinterface' 'specinterface_ln0' <Predicate = true> <Delay = 0.00>
ST_1 : Operation 11 [1/1] (0.00ns)   --->   "%sub_i_read = read i11 @_ssdm_op_Read.ap_auto.i11, i11 %sub_i"   --->   Operation 11 'read' 'sub_i_read' <Predicate = true> <Delay = 0.00>
ST_1 : Operation 12 [1/1] (0.00ns)   --->   "%colorFormat_val17_load_read = read i8 @_ssdm_op_Read.ap_auto.i8, i8 %colorFormat_val17_load"   --->   Operation 12 'read' 'colorFormat_val17_load_read' <Predicate = true> <Delay = 0.00>
ST_1 : Operation 13 [1/1] (0.00ns)   --->   "%div_i_read = read i10 @_ssdm_op_Read.ap_auto.i10, i10 %div_i"   --->   Operation 13 'read' 'div_i_read' <Predicate = true> <Delay = 0.00>
ST_1 : Operation 14 [1/1] (0.00ns)   --->   "%sof_read = read i1 @_ssdm_op_Read.ap_auto.i1, i1 %sof"   --->   Operation 14 'read' 'sof_read' <Predicate = true> <Delay = 0.00>
ST_1 : Operation 15 [1/1] (0.00ns)   --->   "%counter_loc_0_i_read = read i16 @_ssdm_op_Read.ap_auto.i16, i16 %counter_loc_0_i"   --->   Operation 15 'read' 'counter_loc_0_i_read' <Predicate = true> <Delay = 0.00>
ST_1 : Operation 16 [1/1] (0.42ns)   --->   "%store_ln0 = store i16 %counter_loc_0_i_read, i16 %counter_loc_1_i"   --->   Operation 16 'store' 'store_ln0' <Predicate = true> <Delay = 0.42>
ST_1 : Operation 17 [1/1] (0.42ns)   --->   "%store_ln981 = store i10 0, i10 %j" [/home/izaan/GitRepos/dpdma_exdes/vivado_quad_vmix/kv260_quad_vmix_dp.runs/bd_quad_vmix_dp_v_tpg_3_0_synth_1/prj/sol/.autopilot/db/v_tpg.cpp:981->/home/izaan/GitRepos/dpdma_exdes/vivado_quad_vmix/kv260_quad_vmix_dp.runs/bd_quad_vmix_dp_v_tpg_3_0_synth_1/prj/sol/.autopilot/db/v_tpg.cpp:399]   --->   Operation 17 'store' 'store_ln981' <Predicate = true> <Delay = 0.42>
ST_1 : Operation 18 [1/1] (0.42ns)   --->   "%br_ln981 = br void %for.body34.i" [/home/izaan/GitRepos/dpdma_exdes/vivado_quad_vmix/kv260_quad_vmix_dp.runs/bd_quad_vmix_dp_v_tpg_3_0_synth_1/prj/sol/.autopilot/db/v_tpg.cpp:981->/home/izaan/GitRepos/dpdma_exdes/vivado_quad_vmix/kv260_quad_vmix_dp.runs/bd_quad_vmix_dp_v_tpg_3_0_synth_1/prj/sol/.autopilot/db/v_tpg.cpp:399]   --->   Operation 18 'br' 'br_ln981' <Predicate = true> <Delay = 0.42>

State 2 <SV = 1> <Delay = 1.28>
ST_2 : Operation 19 [1/1] (0.00ns)   --->   "%sof_2 = phi i1 %sof_read, void %newFuncRoot, i1 0, void %VITIS_LOOP_1011_3.i_ifconv"   --->   Operation 19 'phi' 'sof_2' <Predicate = true> <Delay = 0.00>
ST_2 : Operation 20 [1/1] (0.00ns)   --->   "%phi_ln1036 = phi i1 0, void %newFuncRoot, i1 %trunc_ln1008, void %VITIS_LOOP_1011_3.i_ifconv" [/home/izaan/GitRepos/dpdma_exdes/vivado_quad_vmix/kv260_quad_vmix_dp.runs/bd_quad_vmix_dp_v_tpg_3_0_synth_1/prj/sol/.autopilot/db/v_tpg.cpp:1036->/home/izaan/GitRepos/dpdma_exdes/vivado_quad_vmix/kv260_quad_vmix_dp.runs/bd_quad_vmix_dp_v_tpg_3_0_synth_1/prj/sol/.autopilot/db/v_tpg.cpp:399]   --->   Operation 20 'phi' 'phi_ln1036' <Predicate = true> <Delay = 0.00>
ST_2 : Operation 21 [1/1] (0.00ns)   --->   "%j_1 = load i10 %j" [/home/izaan/GitRepos/dpdma_exdes/vivado_quad_vmix/kv260_quad_vmix_dp.runs/bd_quad_vmix_dp_v_tpg_3_0_synth_1/prj/sol/.autopilot/db/v_tpg.cpp:981->/home/izaan/GitRepos/dpdma_exdes/vivado_quad_vmix/kv260_quad_vmix_dp.runs/bd_quad_vmix_dp_v_tpg_3_0_synth_1/prj/sol/.autopilot/db/v_tpg.cpp:399]   --->   Operation 21 'load' 'j_1' <Predicate = true> <Delay = 0.00>
ST_2 : Operation 22 [1/1] (0.78ns)   --->   "%icmp_ln981 = icmp_eq  i10 %j_1, i10 %div_i_read" [/home/izaan/GitRepos/dpdma_exdes/vivado_quad_vmix/kv260_quad_vmix_dp.runs/bd_quad_vmix_dp_v_tpg_3_0_synth_1/prj/sol/.autopilot/db/v_tpg.cpp:981->/home/izaan/GitRepos/dpdma_exdes/vivado_quad_vmix/kv260_quad_vmix_dp.runs/bd_quad_vmix_dp_v_tpg_3_0_synth_1/prj/sol/.autopilot/db/v_tpg.cpp:399]   --->   Operation 22 'icmp' 'icmp_ln981' <Predicate = true> <Delay = 0.78> <CoreInst = "Cmp">   --->   Core 9 'Cmp' <Latency = 0> <II = 1> <Delay = 0.78> <FuncUnit> <Opcode : 'seteq' 'setne' 'setle' 'setge' 'setlt' 'setgt'> <InPorts = 2> <OutPorts = 1>
ST_2 : Operation 23 [1/1] (0.00ns)   --->   "%speclooptripcount_ln0 = speclooptripcount void @_ssdm_op_SpecLoopTripCount, i64 0, i64 960, i64 0"   --->   Operation 23 'speclooptripcount' 'speclooptripcount_ln0' <Predicate = true> <Delay = 0.00>
ST_2 : Operation 24 [1/1] (0.78ns)   --->   "%j_2 = add i10 %j_1, i10 1" [/home/izaan/GitRepos/dpdma_exdes/vivado_quad_vmix/kv260_quad_vmix_dp.runs/bd_quad_vmix_dp_v_tpg_3_0_synth_1/prj/sol/.autopilot/db/v_tpg.cpp:981->/home/izaan/GitRepos/dpdma_exdes/vivado_quad_vmix/kv260_quad_vmix_dp.runs/bd_quad_vmix_dp_v_tpg_3_0_synth_1/prj/sol/.autopilot/db/v_tpg.cpp:399]   --->   Operation 24 'add' 'j_2' <Predicate = true> <Delay = 0.78> <CoreInst = "Adder">   --->   Core 1 'Adder' <Latency = 0> <II = 1> <Delay = 0.78> <FuncUnit> <Opcode : 'add' 'sub'> <InPorts = 2> <OutPorts = 1>
ST_2 : Operation 25 [1/1] (0.00ns)   --->   "%br_ln981 = br i1 %icmp_ln981, void %for.body34.split.i, void %for.cond31.for.inc126_crit_edge.i.exitStub" [/home/izaan/GitRepos/dpdma_exdes/vivado_quad_vmix/kv260_quad_vmix_dp.runs/bd_quad_vmix_dp_v_tpg_3_0_synth_1/prj/sol/.autopilot/db/v_tpg.cpp:981->/home/izaan/GitRepos/dpdma_exdes/vivado_quad_vmix/kv260_quad_vmix_dp.runs/bd_quad_vmix_dp_v_tpg_3_0_synth_1/prj/sol/.autopilot/db/v_tpg.cpp:399]   --->   Operation 25 'br' 'br_ln981' <Predicate = true> <Delay = 0.00>
ST_2 : Operation 26 [1/1] (0.00ns)   --->   "%zext_ln981 = zext i10 %j_1" [/home/izaan/GitRepos/dpdma_exdes/vivado_quad_vmix/kv260_quad_vmix_dp.runs/bd_quad_vmix_dp_v_tpg_3_0_synth_1/prj/sol/.autopilot/db/v_tpg.cpp:981->/home/izaan/GitRepos/dpdma_exdes/vivado_quad_vmix/kv260_quad_vmix_dp.runs/bd_quad_vmix_dp_v_tpg_3_0_synth_1/prj/sol/.autopilot/db/v_tpg.cpp:399]   --->   Operation 26 'zext' 'zext_ln981' <Predicate = (!icmp_ln981)> <Delay = 0.00>
ST_2 : Operation 27 [1/1] (0.00ns)   --->   "%specpipeline_ln984 = specpipeline void @_ssdm_op_SpecPipeline, i32 1, i32 0, i32 0, i32 0, void @empty_9" [/home/izaan/GitRepos/dpdma_exdes/vivado_quad_vmix/kv260_quad_vmix_dp.runs/bd_quad_vmix_dp_v_tpg_3_0_synth_1/prj/sol/.autopilot/db/v_tpg.cpp:984->/home/izaan/GitRepos/dpdma_exdes/vivado_quad_vmix/kv260_quad_vmix_dp.runs/bd_quad_vmix_dp_v_tpg_3_0_synth_1/prj/sol/.autopilot/db/v_tpg.cpp:399]   --->   Operation 27 'specpipeline' 'specpipeline_ln984' <Predicate = (!icmp_ln981)> <Delay = 0.00>
ST_2 : Operation 28 [1/1] (0.00ns)   --->   "%specloopname_ln981 = specloopname void @_ssdm_op_SpecLoopName, void @empty_34" [/home/izaan/GitRepos/dpdma_exdes/vivado_quad_vmix/kv260_quad_vmix_dp.runs/bd_quad_vmix_dp_v_tpg_3_0_synth_1/prj/sol/.autopilot/db/v_tpg.cpp:981->/home/izaan/GitRepos/dpdma_exdes/vivado_quad_vmix/kv260_quad_vmix_dp.runs/bd_quad_vmix_dp_v_tpg_3_0_synth_1/prj/sol/.autopilot/db/v_tpg.cpp:399]   --->   Operation 28 'specloopname' 'specloopname_ln981' <Predicate = (!icmp_ln981)> <Delay = 0.00>
ST_2 : Operation 29 [1/1] (0.79ns)   --->   "%axi_last = icmp_eq  i11 %zext_ln981, i11 %sub_i_read" [/home/izaan/GitRepos/dpdma_exdes/vivado_quad_vmix/kv260_quad_vmix_dp.runs/bd_quad_vmix_dp_v_tpg_3_0_synth_1/prj/sol/.autopilot/db/v_tpg.cpp:994->/home/izaan/GitRepos/dpdma_exdes/vivado_quad_vmix/kv260_quad_vmix_dp.runs/bd_quad_vmix_dp_v_tpg_3_0_synth_1/prj/sol/.autopilot/db/v_tpg.cpp:399]   --->   Operation 29 'icmp' 'axi_last' <Predicate = (!icmp_ln981)> <Delay = 0.79> <CoreInst = "Cmp">   --->   Core 9 'Cmp' <Latency = 0> <II = 1> <Delay = 0.79> <FuncUnit> <Opcode : 'seteq' 'setne' 'setle' 'setge' 'setlt' 'setgt'> <InPorts = 2> <OutPorts = 1>
ST_2 : Operation 30 [1/1] (0.00ns)   --->   "%br_ln1003 = br i1 %sof_2, void %VITIS_LOOP_1011_3.i_ifconv, void %if.then47.i" [/home/izaan/GitRepos/dpdma_exdes/vivado_quad_vmix/kv260_quad_vmix_dp.runs/bd_quad_vmix_dp_v_tpg_3_0_synth_1/prj/sol/.autopilot/db/v_tpg.cpp:1003->/home/izaan/GitRepos/dpdma_exdes/vivado_quad_vmix/kv260_quad_vmix_dp.runs/bd_quad_vmix_dp_v_tpg_3_0_synth_1/prj/sol/.autopilot/db/v_tpg.cpp:399]   --->   Operation 30 'br' 'br_ln1003' <Predicate = (!icmp_ln981)> <Delay = 0.00>
ST_2 : Operation 31 [1/1] (0.00ns)   --->   "%counter_loc_1_i_load = load i16 %counter_loc_1_i" [/home/izaan/GitRepos/dpdma_exdes/vivado_quad_vmix/kv260_quad_vmix_dp.runs/bd_quad_vmix_dp_v_tpg_3_0_synth_1/prj/sol/.autopilot/db/v_tpg.cpp:1005->/home/izaan/GitRepos/dpdma_exdes/vivado_quad_vmix/kv260_quad_vmix_dp.runs/bd_quad_vmix_dp_v_tpg_3_0_synth_1/prj/sol/.autopilot/db/v_tpg.cpp:399]   --->   Operation 31 'load' 'counter_loc_1_i_load' <Predicate = (!icmp_ln981 & sof_2)> <Delay = 0.00>
ST_2 : Operation 32 [1/1] (0.85ns)   --->   "%add_ln1005 = add i16 %counter_loc_1_i_load, i16 1" [/home/izaan/GitRepos/dpdma_exdes/vivado_quad_vmix/kv260_quad_vmix_dp.runs/bd_quad_vmix_dp_v_tpg_3_0_synth_1/prj/sol/.autopilot/db/v_tpg.cpp:1005->/home/izaan/GitRepos/dpdma_exdes/vivado_quad_vmix/kv260_quad_vmix_dp.runs/bd_quad_vmix_dp_v_tpg_3_0_synth_1/prj/sol/.autopilot/db/v_tpg.cpp:399]   --->   Operation 32 'add' 'add_ln1005' <Predicate = (!icmp_ln981 & sof_2)> <Delay = 0.85> <CoreInst = "Adder">   --->   Core 1 'Adder' <Latency = 0> <II = 1> <Delay = 0.85> <FuncUnit> <Opcode : 'add' 'sub'> <InPorts = 2> <OutPorts = 1>
ST_2 : Operation 33 [1/1] (0.00ns)   --->   "%store_ln1005 = store i16 %add_ln1005, i16 %counter" [/home/izaan/GitRepos/dpdma_exdes/vivado_quad_vmix/kv260_quad_vmix_dp.runs/bd_quad_vmix_dp_v_tpg_3_0_synth_1/prj/sol/.autopilot/db/v_tpg.cpp:1005->/home/izaan/GitRepos/dpdma_exdes/vivado_quad_vmix/kv260_quad_vmix_dp.runs/bd_quad_vmix_dp_v_tpg_3_0_synth_1/prj/sol/.autopilot/db/v_tpg.cpp:399]   --->   Operation 33 'store' 'store_ln1005' <Predicate = (!icmp_ln981 & sof_2)> <Delay = 0.00>
ST_2 : Operation 34 [1/1] (0.42ns)   --->   "%store_ln1005 = store i16 %add_ln1005, i16 %counter_loc_1_i" [/home/izaan/GitRepos/dpdma_exdes/vivado_quad_vmix/kv260_quad_vmix_dp.runs/bd_quad_vmix_dp_v_tpg_3_0_synth_1/prj/sol/.autopilot/db/v_tpg.cpp:1005->/home/izaan/GitRepos/dpdma_exdes/vivado_quad_vmix/kv260_quad_vmix_dp.runs/bd_quad_vmix_dp_v_tpg_3_0_synth_1/prj/sol/.autopilot/db/v_tpg.cpp:399]   --->   Operation 34 'store' 'store_ln1005' <Predicate = (!icmp_ln981 & sof_2)> <Delay = 0.42>
ST_2 : Operation 35 [1/1] (0.00ns)   --->   "%br_ln1006 = br void %VITIS_LOOP_1011_3.i_ifconv" [/home/izaan/GitRepos/dpdma_exdes/vivado_quad_vmix/kv260_quad_vmix_dp.runs/bd_quad_vmix_dp_v_tpg_3_0_synth_1/prj/sol/.autopilot/db/v_tpg.cpp:1006->/home/izaan/GitRepos/dpdma_exdes/vivado_quad_vmix/kv260_quad_vmix_dp.runs/bd_quad_vmix_dp_v_tpg_3_0_synth_1/prj/sol/.autopilot/db/v_tpg.cpp:399]   --->   Operation 35 'br' 'br_ln1006' <Predicate = (!icmp_ln981 & sof_2)> <Delay = 0.00>
ST_2 : Operation 36 [1/1] (0.42ns)   --->   "%store_ln981 = store i10 %j_2, i10 %j" [/home/izaan/GitRepos/dpdma_exdes/vivado_quad_vmix/kv260_quad_vmix_dp.runs/bd_quad_vmix_dp_v_tpg_3_0_synth_1/prj/sol/.autopilot/db/v_tpg.cpp:981->/home/izaan/GitRepos/dpdma_exdes/vivado_quad_vmix/kv260_quad_vmix_dp.runs/bd_quad_vmix_dp_v_tpg_3_0_synth_1/prj/sol/.autopilot/db/v_tpg.cpp:399]   --->   Operation 36 'store' 'store_ln981' <Predicate = (!icmp_ln981)> <Delay = 0.42>
ST_2 : Operation 37 [1/1] (0.00ns)   --->   "%br_ln981 = br void %for.body34.i" [/home/izaan/GitRepos/dpdma_exdes/vivado_quad_vmix/kv260_quad_vmix_dp.runs/bd_quad_vmix_dp_v_tpg_3_0_synth_1/prj/sol/.autopilot/db/v_tpg.cpp:981->/home/izaan/GitRepos/dpdma_exdes/vivado_quad_vmix/kv260_quad_vmix_dp.runs/bd_quad_vmix_dp_v_tpg_3_0_synth_1/prj/sol/.autopilot/db/v_tpg.cpp:399]   --->   Operation 37 'br' 'br_ln981' <Predicate = (!icmp_ln981)> <Delay = 0.00>

State 3 <SV = 2> <Delay = 3.01>
ST_3 : Operation 38 [1/1] (0.00ns)   --->   "%counter_loc_1_i_load_2 = load i16 %counter_loc_1_i" [/home/izaan/GitRepos/dpdma_exdes/vivado_quad_vmix/kv260_quad_vmix_dp.runs/bd_quad_vmix_dp_v_tpg_3_0_synth_1/prj/sol/.autopilot/db/v_tpg.cpp:1008->/home/izaan/GitRepos/dpdma_exdes/vivado_quad_vmix/kv260_quad_vmix_dp.runs/bd_quad_vmix_dp_v_tpg_3_0_synth_1/prj/sol/.autopilot/db/v_tpg.cpp:399]   --->   Operation 38 'load' 'counter_loc_1_i_load_2' <Predicate = (!icmp_ln981)> <Delay = 0.00>
ST_3 : Operation 39 [1/1] (0.00ns)   --->   "%trunc_ln1008 = trunc i16 %counter_loc_1_i_load_2" [/home/izaan/GitRepos/dpdma_exdes/vivado_quad_vmix/kv260_quad_vmix_dp.runs/bd_quad_vmix_dp_v_tpg_3_0_synth_1/prj/sol/.autopilot/db/v_tpg.cpp:1008->/home/izaan/GitRepos/dpdma_exdes/vivado_quad_vmix/kv260_quad_vmix_dp.runs/bd_quad_vmix_dp_v_tpg_3_0_synth_1/prj/sol/.autopilot/db/v_tpg.cpp:399]   --->   Operation 39 'trunc' 'trunc_ln1008' <Predicate = (!icmp_ln981)> <Delay = 0.00>
ST_3 : Operation 40 [1/1] ( I:2.04ns O:2.04ns )   --->   "%ovrlayYUV_read = read i48 @_ssdm_op_Read.ap_fifo.volatile.i48P0A, i48 %ovrlayYUV" [/home/izaan/GitRepos/dpdma_exdes/vivado_quad_vmix/kv260_quad_vmix_dp.runs/bd_quad_vmix_dp_v_tpg_3_0_synth_1/prj/sol/.autopilot/db/v_tpg.cpp:1008->/home/izaan/GitRepos/dpdma_exdes/vivado_quad_vmix/kv260_quad_vmix_dp.runs/bd_quad_vmix_dp_v_tpg_3_0_synth_1/prj/sol/.autopilot/db/v_tpg.cpp:399]   --->   Operation 40 'read' 'ovrlayYUV_read' <Predicate = (!icmp_ln981)> <Delay = 2.04> <CoreInst = "FIFO_SRL">   --->   Core 80 'FIFO_SRL' <Latency = 0> <II = 1> <Delay = 2.04> <Storage> <Opcode : 'read' 'write' 'nbread' 'nbwrite'> <Ports = 0> <Width = 48> <Depth = 16> <FIFO>
ST_3 : Operation 41 [1/1] (0.00ns)   --->   "%pix_444 = trunc i48 %ovrlayYUV_read" [/home/izaan/GitRepos/dpdma_exdes/vivado_quad_vmix/kv260_quad_vmix_dp.runs/bd_quad_vmix_dp_v_tpg_3_0_synth_1/prj/sol/.autopilot/db/v_tpg.cpp:1008->/home/izaan/GitRepos/dpdma_exdes/vivado_quad_vmix/kv260_quad_vmix_dp.runs/bd_quad_vmix_dp_v_tpg_3_0_synth_1/prj/sol/.autopilot/db/v_tpg.cpp:399]   --->   Operation 41 'trunc' 'pix_444' <Predicate = (!icmp_ln981)> <Delay = 0.00>
ST_3 : Operation 42 [1/1] (0.00ns)   --->   "%pix_rgb_4 = partselect i8 @_ssdm_op_PartSelect.i8.i48.i32.i32, i48 %ovrlayYUV_read, i32 8, i32 15" [/home/izaan/GitRepos/dpdma_exdes/vivado_quad_vmix/kv260_quad_vmix_dp.runs/bd_quad_vmix_dp_v_tpg_3_0_synth_1/prj/sol/.autopilot/db/v_tpg.cpp:1008->/home/izaan/GitRepos/dpdma_exdes/vivado_quad_vmix/kv260_quad_vmix_dp.runs/bd_quad_vmix_dp_v_tpg_3_0_synth_1/prj/sol/.autopilot/db/v_tpg.cpp:399]   --->   Operation 42 'partselect' 'pix_rgb_4' <Predicate = (!icmp_ln981)> <Delay = 0.00>
ST_3 : Operation 43 [1/1] (0.00ns)   --->   "%pix_rgb_5 = partselect i8 @_ssdm_op_PartSelect.i8.i48.i32.i32, i48 %ovrlayYUV_read, i32 16, i32 23" [/home/izaan/GitRepos/dpdma_exdes/vivado_quad_vmix/kv260_quad_vmix_dp.runs/bd_quad_vmix_dp_v_tpg_3_0_synth_1/prj/sol/.autopilot/db/v_tpg.cpp:1008->/home/izaan/GitRepos/dpdma_exdes/vivado_quad_vmix/kv260_quad_vmix_dp.runs/bd_quad_vmix_dp_v_tpg_3_0_synth_1/prj/sol/.autopilot/db/v_tpg.cpp:399]   --->   Operation 43 'partselect' 'pix_rgb_5' <Predicate = (!icmp_ln981)> <Delay = 0.00>
ST_3 : Operation 44 [1/1] (0.00ns)   --->   "%pix_422 = partselect i8 @_ssdm_op_PartSelect.i8.i48.i32.i32, i48 %ovrlayYUV_read, i32 24, i32 31" [/home/izaan/GitRepos/dpdma_exdes/vivado_quad_vmix/kv260_quad_vmix_dp.runs/bd_quad_vmix_dp_v_tpg_3_0_synth_1/prj/sol/.autopilot/db/v_tpg.cpp:1008->/home/izaan/GitRepos/dpdma_exdes/vivado_quad_vmix/kv260_quad_vmix_dp.runs/bd_quad_vmix_dp_v_tpg_3_0_synth_1/prj/sol/.autopilot/db/v_tpg.cpp:399]   --->   Operation 44 'partselect' 'pix_422' <Predicate = (!icmp_ln981)> <Delay = 0.00>
ST_3 : Operation 45 [1/1] (0.00ns)   --->   "%pix_rgb = partselect i8 @_ssdm_op_PartSelect.i8.i48.i32.i32, i48 %ovrlayYUV_read, i32 32, i32 39" [/home/izaan/GitRepos/dpdma_exdes/vivado_quad_vmix/kv260_quad_vmix_dp.runs/bd_quad_vmix_dp_v_tpg_3_0_synth_1/prj/sol/.autopilot/db/v_tpg.cpp:1008->/home/izaan/GitRepos/dpdma_exdes/vivado_quad_vmix/kv260_quad_vmix_dp.runs/bd_quad_vmix_dp_v_tpg_3_0_synth_1/prj/sol/.autopilot/db/v_tpg.cpp:399]   --->   Operation 45 'partselect' 'pix_rgb' <Predicate = (!icmp_ln981)> <Delay = 0.00>
ST_3 : Operation 46 [1/1] (0.00ns)   --->   "%pix_rgb_6 = partselect i8 @_ssdm_op_PartSelect.i8.i48.i32.i32, i48 %ovrlayYUV_read, i32 40, i32 47" [/home/izaan/GitRepos/dpdma_exdes/vivado_quad_vmix/kv260_quad_vmix_dp.runs/bd_quad_vmix_dp_v_tpg_3_0_synth_1/prj/sol/.autopilot/db/v_tpg.cpp:1008->/home/izaan/GitRepos/dpdma_exdes/vivado_quad_vmix/kv260_quad_vmix_dp.runs/bd_quad_vmix_dp_v_tpg_3_0_synth_1/prj/sol/.autopilot/db/v_tpg.cpp:399]   --->   Operation 46 'partselect' 'pix_rgb_6' <Predicate = (!icmp_ln981)> <Delay = 0.00>
ST_3 : Operation 47 [1/1] (0.00ns)   --->   "%axi_data = bitconcatenate i9 @_ssdm_op_BitConcatenate.i9.i1.i8, i1 1, i8 %pix_444" [/home/izaan/GitRepos/dpdma_exdes/vivado_quad_vmix/kv260_quad_vmix_dp.runs/bd_quad_vmix_dp_v_tpg_3_0_synth_1/prj/sol/.autopilot/db/v_tpg.cpp:1029->/home/izaan/GitRepos/dpdma_exdes/vivado_quad_vmix/kv260_quad_vmix_dp.runs/bd_quad_vmix_dp_v_tpg_3_0_synth_1/prj/sol/.autopilot/db/v_tpg.cpp:399]   --->   Operation 47 'bitconcatenate' 'axi_data' <Predicate = (!icmp_ln981)> <Delay = 0.00>
ST_3 : Operation 48 [1/1] (0.00ns)   --->   "%axi_data_1 = bitconcatenate i9 @_ssdm_op_BitConcatenate.i9.i1.i8, i1 1, i8 %pix_rgb_4" [/home/izaan/GitRepos/dpdma_exdes/vivado_quad_vmix/kv260_quad_vmix_dp.runs/bd_quad_vmix_dp_v_tpg_3_0_synth_1/prj/sol/.autopilot/db/v_tpg.cpp:1023->/home/izaan/GitRepos/dpdma_exdes/vivado_quad_vmix/kv260_quad_vmix_dp.runs/bd_quad_vmix_dp_v_tpg_3_0_synth_1/prj/sol/.autopilot/db/v_tpg.cpp:399]   --->   Operation 48 'bitconcatenate' 'axi_data_1' <Predicate = (!icmp_ln981)> <Delay = 0.00>
ST_3 : Operation 49 [1/1] (0.76ns)   --->   "%icmp_ln1020 = icmp_eq  i8 %colorFormat_val17_load_read, i8 1" [/home/izaan/GitRepos/dpdma_exdes/vivado_quad_vmix/kv260_quad_vmix_dp.runs/bd_quad_vmix_dp_v_tpg_3_0_synth_1/prj/sol/.autopilot/db/v_tpg.cpp:1020->/home/izaan/GitRepos/dpdma_exdes/vivado_quad_vmix/kv260_quad_vmix_dp.runs/bd_quad_vmix_dp_v_tpg_3_0_synth_1/prj/sol/.autopilot/db/v_tpg.cpp:399]   --->   Operation 49 'icmp' 'icmp_ln1020' <Predicate = (!icmp_ln981)> <Delay = 0.76> <CoreInst = "Cmp">   --->   Core 9 'Cmp' <Latency = 0> <II = 1> <Delay = 0.76> <FuncUnit> <Opcode : 'seteq' 'setne' 'setle' 'setge' 'setlt' 'setgt'> <InPorts = 2> <OutPorts = 1>
ST_3 : Operation 50 [1/1] (0.76ns)   --->   "%icmp_ln1020_1 = icmp_eq  i8 %colorFormat_val17_load_read, i8 0" [/home/izaan/GitRepos/dpdma_exdes/vivado_quad_vmix/kv260_quad_vmix_dp.runs/bd_quad_vmix_dp_v_tpg_3_0_synth_1/prj/sol/.autopilot/db/v_tpg.cpp:1020->/home/izaan/GitRepos/dpdma_exdes/vivado_quad_vmix/kv260_quad_vmix_dp.runs/bd_quad_vmix_dp_v_tpg_3_0_synth_1/prj/sol/.autopilot/db/v_tpg.cpp:399]   --->   Operation 50 'icmp' 'icmp_ln1020_1' <Predicate = (!icmp_ln981)> <Delay = 0.76> <CoreInst = "Cmp">   --->   Core 9 'Cmp' <Latency = 0> <II = 1> <Delay = 0.76> <FuncUnit> <Opcode : 'seteq' 'setne' 'setle' 'setge' 'setlt' 'setgt'> <InPorts = 2> <OutPorts = 1>
ST_3 : Operation 51 [1/1] (0.00ns)   --->   "%sel_tmp2 = bitconcatenate i2 @_ssdm_op_BitConcatenate.i2.i1.i1, i1 %icmp_ln1020, i1 %icmp_ln1020_1" [/home/izaan/GitRepos/dpdma_exdes/vivado_quad_vmix/kv260_quad_vmix_dp.runs/bd_quad_vmix_dp_v_tpg_3_0_synth_1/prj/sol/.autopilot/db/v_tpg.cpp:1020->/home/izaan/GitRepos/dpdma_exdes/vivado_quad_vmix/kv260_quad_vmix_dp.runs/bd_quad_vmix_dp_v_tpg_3_0_synth_1/prj/sol/.autopilot/db/v_tpg.cpp:399]   --->   Operation 51 'bitconcatenate' 'sel_tmp2' <Predicate = (!icmp_ln981)> <Delay = 0.00>
ST_3 : Operation 52 [1/1] (0.42ns)   --->   "%axi_data_2 = sparsemux i9 @_ssdm_op_SparseMux.ap_auto.3i9.i9.i2, i2 2, i9 %axi_data, i2 1, i9 %axi_data_1, i2 0, i9 %axi_data, i9 0, i2 %sel_tmp2" [/home/izaan/GitRepos/dpdma_exdes/vivado_quad_vmix/kv260_quad_vmix_dp.runs/bd_quad_vmix_dp_v_tpg_3_0_synth_1/prj/sol/.autopilot/db/v_tpg.cpp:1029->/home/izaan/GitRepos/dpdma_exdes/vivado_quad_vmix/kv260_quad_vmix_dp.runs/bd_quad_vmix_dp_v_tpg_3_0_synth_1/prj/sol/.autopilot/db/v_tpg.cpp:399]   --->   Operation 52 'sparsemux' 'axi_data_2' <Predicate = (!icmp_ln981)> <Delay = 0.42> <CoreInst = "OneHotSparseMux_HasDef">   --->   Core 152 'OneHotSparseMux_HasDef' <Latency = 0> <II = 1> <Delay = 0.42> <FuncUnit> <Opcode : 'sparsemux'> <InPorts = 2> <OutPorts = 1>
ST_3 : Operation 53 [1/1] (0.00ns)   --->   "%sext_ln925 = sext i9 %axi_data_2" [/home/izaan/GitRepos/dpdma_exdes/vivado_quad_vmix/kv260_quad_vmix_dp.runs/bd_quad_vmix_dp_v_tpg_3_0_synth_1/prj/sol/.autopilot/db/v_tpg.cpp:925->/home/izaan/GitRepos/dpdma_exdes/vivado_quad_vmix/kv260_quad_vmix_dp.runs/bd_quad_vmix_dp_v_tpg_3_0_synth_1/prj/sol/.autopilot/db/v_tpg.cpp:399]   --->   Operation 53 'sext' 'sext_ln925' <Predicate = (!icmp_ln981)> <Delay = 0.00>
ST_3 : Operation 54 [1/1] (0.42ns)   --->   "%tmp = sparsemux i8 @_ssdm_op_SparseMux.ap_auto.3i8.i8.i2, i2 2, i8 %pix_rgb_4, i2 1, i8 %pix_rgb_5, i2 0, i8 %pix_rgb_4, i8 0, i2 %sel_tmp2" [/home/izaan/GitRepos/dpdma_exdes/vivado_quad_vmix/kv260_quad_vmix_dp.runs/bd_quad_vmix_dp_v_tpg_3_0_synth_1/prj/sol/.autopilot/db/v_tpg.cpp:1008->/home/izaan/GitRepos/dpdma_exdes/vivado_quad_vmix/kv260_quad_vmix_dp.runs/bd_quad_vmix_dp_v_tpg_3_0_synth_1/prj/sol/.autopilot/db/v_tpg.cpp:399]   --->   Operation 54 'sparsemux' 'tmp' <Predicate = (!icmp_ln981)> <Delay = 0.42> <CoreInst = "OneHotSparseMux_HasDef">   --->   Core 152 'OneHotSparseMux_HasDef' <Latency = 0> <II = 1> <Delay = 0.42> <FuncUnit> <Opcode : 'sparsemux'> <InPorts = 2> <OutPorts = 1>
ST_3 : Operation 55 [1/1] (0.42ns)   --->   "%tmp_1 = sparsemux i8 @_ssdm_op_SparseMux.ap_auto.3i8.i8.i2, i2 2, i8 %pix_rgb_5, i2 1, i8 %pix_444, i2 0, i8 %pix_422, i8 0, i2 %sel_tmp2" [/home/izaan/GitRepos/dpdma_exdes/vivado_quad_vmix/kv260_quad_vmix_dp.runs/bd_quad_vmix_dp_v_tpg_3_0_synth_1/prj/sol/.autopilot/db/v_tpg.cpp:1008->/home/izaan/GitRepos/dpdma_exdes/vivado_quad_vmix/kv260_quad_vmix_dp.runs/bd_quad_vmix_dp_v_tpg_3_0_synth_1/prj/sol/.autopilot/db/v_tpg.cpp:399]   --->   Operation 55 'sparsemux' 'tmp_1' <Predicate = (!icmp_ln981)> <Delay = 0.42> <CoreInst = "OneHotSparseMux_HasDef">   --->   Core 152 'OneHotSparseMux_HasDef' <Latency = 0> <II = 1> <Delay = 0.42> <FuncUnit> <Opcode : 'sparsemux'> <InPorts = 2> <OutPorts = 1>
ST_3 : Operation 56 [1/1] (0.42ns)   --->   "%tmp_2 = sparsemux i8 @_ssdm_op_SparseMux.ap_auto.3i8.i8.i2, i2 2, i8 %pix_422, i2 1, i8 %pix_rgb, i2 0, i8 %pix_rgb, i8 0, i2 %sel_tmp2" [/home/izaan/GitRepos/dpdma_exdes/vivado_quad_vmix/kv260_quad_vmix_dp.runs/bd_quad_vmix_dp_v_tpg_3_0_synth_1/prj/sol/.autopilot/db/v_tpg.cpp:1008->/home/izaan/GitRepos/dpdma_exdes/vivado_quad_vmix/kv260_quad_vmix_dp.runs/bd_quad_vmix_dp_v_tpg_3_0_synth_1/prj/sol/.autopilot/db/v_tpg.cpp:399]   --->   Operation 56 'sparsemux' 'tmp_2' <Predicate = (!icmp_ln981)> <Delay = 0.42> <CoreInst = "OneHotSparseMux_HasDef">   --->   Core 152 'OneHotSparseMux_HasDef' <Latency = 0> <II = 1> <Delay = 0.42> <FuncUnit> <Opcode : 'sparsemux'> <InPorts = 2> <OutPorts = 1>
ST_3 : Operation 57 [1/1] (0.42ns)   --->   "%tmp_3 = sparsemux i8 @_ssdm_op_SparseMux.ap_auto.3i8.i8.i2, i2 2, i8 %pix_rgb, i2 1, i8 %pix_rgb_6, i2 0, i8 %pix_rgb_6, i8 0, i2 %sel_tmp2" [/home/izaan/GitRepos/dpdma_exdes/vivado_quad_vmix/kv260_quad_vmix_dp.runs/bd_quad_vmix_dp_v_tpg_3_0_synth_1/prj/sol/.autopilot/db/v_tpg.cpp:1008->/home/izaan/GitRepos/dpdma_exdes/vivado_quad_vmix/kv260_quad_vmix_dp.runs/bd_quad_vmix_dp_v_tpg_3_0_synth_1/prj/sol/.autopilot/db/v_tpg.cpp:399]   --->   Operation 57 'sparsemux' 'tmp_3' <Predicate = (!icmp_ln981)> <Delay = 0.42> <CoreInst = "OneHotSparseMux_HasDef">   --->   Core 152 'OneHotSparseMux_HasDef' <Latency = 0> <II = 1> <Delay = 0.42> <FuncUnit> <Opcode : 'sparsemux'> <InPorts = 2> <OutPorts = 1>
ST_3 : Operation 58 [1/1] (0.42ns)   --->   "%tmp_4 = sparsemux i8 @_ssdm_op_SparseMux.ap_auto.3i8.i8.i2, i2 2, i8 %pix_rgb_6, i2 1, i8 %pix_422, i2 0, i8 %pix_rgb_5, i8 0, i2 %sel_tmp2" [/home/izaan/GitRepos/dpdma_exdes/vivado_quad_vmix/kv260_quad_vmix_dp.runs/bd_quad_vmix_dp_v_tpg_3_0_synth_1/prj/sol/.autopilot/db/v_tpg.cpp:1008->/home/izaan/GitRepos/dpdma_exdes/vivado_quad_vmix/kv260_quad_vmix_dp.runs/bd_quad_vmix_dp_v_tpg_3_0_synth_1/prj/sol/.autopilot/db/v_tpg.cpp:399]   --->   Operation 58 'sparsemux' 'tmp_4' <Predicate = (!icmp_ln981)> <Delay = 0.42> <CoreInst = "OneHotSparseMux_HasDef">   --->   Core 152 'OneHotSparseMux_HasDef' <Latency = 0> <II = 1> <Delay = 0.42> <FuncUnit> <Opcode : 'sparsemux'> <InPorts = 2> <OutPorts = 1>
ST_3 : Operation 59 [1/1] (0.00ns)   --->   "%tmp_5 = bitconcatenate i40 @_ssdm_op_BitConcatenate.i40.i8.i8.i8.i8.i8, i8 %tmp_4, i8 %tmp_3, i8 %tmp_2, i8 %tmp_1, i8 %tmp" [/home/izaan/GitRepos/dpdma_exdes/vivado_quad_vmix/kv260_quad_vmix_dp.runs/bd_quad_vmix_dp_v_tpg_3_0_synth_1/prj/sol/.autopilot/db/v_tpg.cpp:1008->/home/izaan/GitRepos/dpdma_exdes/vivado_quad_vmix/kv260_quad_vmix_dp.runs/bd_quad_vmix_dp_v_tpg_3_0_synth_1/prj/sol/.autopilot/db/v_tpg.cpp:399]   --->   Operation 59 'bitconcatenate' 'tmp_5' <Predicate = (!icmp_ln981)> <Delay = 0.00>
ST_3 : Operation 60 [1/1] (0.00ns)   --->   "%axi_data_3 = partset i48 @_ssdm_op_PartSet.i48.i48.i40.i32.i32, i48 %sext_ln925, i40 %tmp_5, i32 8, i32 47" [/home/izaan/GitRepos/dpdma_exdes/vivado_quad_vmix/kv260_quad_vmix_dp.runs/bd_quad_vmix_dp_v_tpg_3_0_synth_1/prj/sol/.autopilot/db/v_tpg.cpp:925->/home/izaan/GitRepos/dpdma_exdes/vivado_quad_vmix/kv260_quad_vmix_dp.runs/bd_quad_vmix_dp_v_tpg_3_0_synth_1/prj/sol/.autopilot/db/v_tpg.cpp:399]   --->   Operation 60 'partset' 'axi_data_3' <Predicate = (!icmp_ln981)> <Delay = 0.00>
ST_3 : Operation 61 [1/1] (0.54ns)   --->   "%write_ln1035 = write void @_ssdm_op_Write.axis.volatile.i48P0A.i6P0A.i6P0A.i1P0A.i1P0A.i1P0A.i1P0A, i48 %m_axis_video_V_data_V, i6 %m_axis_video_V_keep_V, i6 %m_axis_video_V_strb_V, i1 %m_axis_video_V_user_V, i1 %m_axis_video_V_last_V, i1 %m_axis_video_V_id_V, i1 %m_axis_video_V_dest_V, i48 %axi_data_3, i6 63, i6 0, i1 %sof_2, i1 %axi_last, i1 0, i1 0" [/home/izaan/GitRepos/dpdma_exdes/vivado_quad_vmix/kv260_quad_vmix_dp.runs/bd_quad_vmix_dp_v_tpg_3_0_synth_1/prj/sol/.autopilot/db/v_tpg.cpp:1035->/home/izaan/GitRepos/dpdma_exdes/vivado_quad_vmix/kv260_quad_vmix_dp.runs/bd_quad_vmix_dp_v_tpg_3_0_synth_1/prj/sol/.autopilot/db/v_tpg.cpp:399]   --->   Operation 61 'write' 'write_ln1035' <Predicate = (!icmp_ln981)> <Delay = 0.54> <CoreInst = "regslice">   --->   Core 147 'regslice' <Latency = 0> <II = 1> <Delay = 0.69> <Adapter> <Opcode : 'read' 'write'>

State 4 <SV = 2> <Delay = 0.00>
ST_4 : Operation 62 [1/1] (0.00ns)   --->   "%write_ln1036 = write void @_ssdm_op_Write.ap_auto.i1P0A, i1 %phi_ln1036_out, i1 %phi_ln1036" [/home/izaan/GitRepos/dpdma_exdes/vivado_quad_vmix/kv260_quad_vmix_dp.runs/bd_quad_vmix_dp_v_tpg_3_0_synth_1/prj/sol/.autopilot/db/v_tpg.cpp:1036->/home/izaan/GitRepos/dpdma_exdes/vivado_quad_vmix/kv260_quad_vmix_dp.runs/bd_quad_vmix_dp_v_tpg_3_0_synth_1/prj/sol/.autopilot/db/v_tpg.cpp:399]   --->   Operation 62 'write' 'write_ln1036' <Predicate = true> <Delay = 0.00>

State 5 <SV = 3> <Delay = 0.42>
ST_5 : Operation 63 [1/1] (0.00ns)   --->   "%counter_loc_1_i_load_1 = load i16 %counter_loc_1_i"   --->   Operation 63 'load' 'counter_loc_1_i_load_1' <Predicate = true> <Delay = 0.00>
ST_5 : Operation 64 [1/1] (0.00ns)   --->   "%write_ln0 = write void @_ssdm_op_Write.ap_auto.i16P0A, i16 %counter_loc_1_i_out, i16 %counter_loc_1_i_load_1"   --->   Operation 64 'write' 'write_ln0' <Predicate = true> <Delay = 0.00>
ST_5 : Operation 65 [1/1] (0.42ns)   --->   "%ret_ln0 = ret"   --->   Operation 65 'ret' 'ret_ln0' <Predicate = true> <Delay = 0.42>


============================================================
+ Verbose Summary: Binding
============================================================
STG Binding: 
---------------- STG Properties BEGIN ----------------
- Is combinational: 0
- Is one-state seq: 0
- Is datapath-only: 0
- Is pipelined: 0
- Is top level: 0
Port [ Return ] is wired: 1; IO mode=ap_ctrl_hs:ce=0
Port [ counter_loc_0_i]:  wired=1; compound=0; hidden=0; nouse=0; global=0; static=0; extern=0; dir=0; type=0; pingpong=0; private_global=0; IO mode=ap_none:ce=0
Port [ sof]:  wired=1; compound=0; hidden=0; nouse=0; global=0; static=0; extern=0; dir=0; type=0; pingpong=0; private_global=0; IO mode=ap_none:ce=0
Port [ div_i]:  wired=1; compound=0; hidden=0; nouse=0; global=0; static=0; extern=0; dir=0; type=0; pingpong=0; private_global=0; IO mode=ap_none:ce=0
Port [ ovrlayYUV]:  wired=1; compound=1; hidden=0; nouse=0; global=0; static=0; extern=0; dir=0; type=3; pingpong=0; private_global=0; IO mode=ap_fifo:ce=0
Port [ colorFormat_val17_load]:  wired=1; compound=0; hidden=0; nouse=0; global=0; static=0; extern=0; dir=0; type=0; pingpong=0; private_global=0; IO mode=ap_none:ce=0
Port [ m_axis_video_V_data_V]:  wired=1; compound=1; hidden=0; nouse=0; global=0; static=0; extern=0; dir=1; type=0; pingpong=0; private_global=0; IO mode=axis:ce=0
Port [ m_axis_video_V_keep_V]:  wired=1; compound=1; hidden=0; nouse=0; global=0; static=0; extern=0; dir=1; type=0; pingpong=0; private_global=0; IO mode=axis:ce=0
Port [ m_axis_video_V_strb_V]:  wired=1; compound=1; hidden=0; nouse=0; global=0; static=0; extern=0; dir=1; type=0; pingpong=0; private_global=0; IO mode=axis:ce=0
Port [ m_axis_video_V_user_V]:  wired=1; compound=1; hidden=0; nouse=0; global=0; static=0; extern=0; dir=1; type=0; pingpong=0; private_global=0; IO mode=axis:ce=0
Port [ m_axis_video_V_last_V]:  wired=1; compound=1; hidden=0; nouse=0; global=0; static=0; extern=0; dir=1; type=0; pingpong=0; private_global=0; IO mode=axis:ce=0
Port [ m_axis_video_V_id_V]:  wired=1; compound=1; hidden=0; nouse=0; global=0; static=0; extern=0; dir=1; type=0; pingpong=0; private_global=0; IO mode=axis:ce=0
Port [ m_axis_video_V_dest_V]:  wired=1; compound=1; hidden=0; nouse=0; global=0; static=0; extern=0; dir=1; type=0; pingpong=0; private_global=0; IO mode=axis:ce=0
Port [ sub_i]:  wired=1; compound=0; hidden=0; nouse=0; global=0; static=0; extern=0; dir=0; type=0; pingpong=0; private_global=0; IO mode=ap_none:ce=0
Port [ counter_loc_1_i_out]:  wired=1; compound=0; hidden=0; nouse=0; global=0; static=0; extern=0; dir=1; type=0; pingpong=0; private_global=0; IO mode=ap_vld:ce=0
Port [ phi_ln1036_out]:  wired=1; compound=0; hidden=0; nouse=0; global=0; static=0; extern=0; dir=1; type=0; pingpong=0; private_global=0; IO mode=ap_vld:ce=0
Port [ counter]:  wired=1; compound=0; hidden=0; nouse=0; global=1; static=1; extern=0; dir=1; type=0; pingpong=0; private_global=0; IO mode=ap_vld:ce=0
---------------- STG Properties END ------------------

---------------- Datapath Model BEGIN ----------------

<LifeTime>
<method=bitvector/>
j                           (alloca             ) [ 011100]
counter_loc_1_i             (alloca             ) [ 011111]
specaxissidechannel_ln0     (specaxissidechannel) [ 000000]
specinterface_ln0           (specinterface      ) [ 000000]
specinterface_ln0           (specinterface      ) [ 000000]
sub_i_read                  (read               ) [ 001100]
colorFormat_val17_load_read (read               ) [ 001100]
div_i_read                  (read               ) [ 001100]
sof_read                    (read               ) [ 011100]
counter_loc_0_i_read        (read               ) [ 000000]
store_ln0                   (store              ) [ 000000]
store_ln981                 (store              ) [ 000000]
br_ln981                    (br                 ) [ 011100]
sof_2                       (phi                ) [ 001100]
phi_ln1036                  (phi                ) [ 001010]
j_1                         (load               ) [ 000000]
icmp_ln981                  (icmp               ) [ 001100]
speclooptripcount_ln0       (speclooptripcount  ) [ 000000]
j_2                         (add                ) [ 000000]
br_ln981                    (br                 ) [ 000000]
zext_ln981                  (zext               ) [ 000000]
specpipeline_ln984          (specpipeline       ) [ 000000]
specloopname_ln981          (specloopname       ) [ 000000]
axi_last                    (icmp               ) [ 001100]
br_ln1003                   (br                 ) [ 000000]
counter_loc_1_i_load        (load               ) [ 000000]
add_ln1005                  (add                ) [ 000000]
store_ln1005                (store              ) [ 000000]
store_ln1005                (store              ) [ 000000]
br_ln1006                   (br                 ) [ 000000]
store_ln981                 (store              ) [ 000000]
br_ln981                    (br                 ) [ 011100]
counter_loc_1_i_load_2      (load               ) [ 000000]
trunc_ln1008                (trunc              ) [ 011000]
ovrlayYUV_read              (read               ) [ 000000]
pix_444                     (trunc              ) [ 000000]
pix_rgb_4                   (partselect         ) [ 000000]
pix_rgb_5                   (partselect         ) [ 000000]
pix_422                     (partselect         ) [ 000000]
pix_rgb                     (partselect         ) [ 000000]
pix_rgb_6                   (partselect         ) [ 000000]
axi_data                    (bitconcatenate     ) [ 000000]
axi_data_1                  (bitconcatenate     ) [ 000000]
icmp_ln1020                 (icmp               ) [ 000000]
icmp_ln1020_1               (icmp               ) [ 000000]
sel_tmp2                    (bitconcatenate     ) [ 000000]
axi_data_2                  (sparsemux          ) [ 000000]
sext_ln925                  (sext               ) [ 000000]
tmp                         (sparsemux          ) [ 000000]
tmp_1                       (sparsemux          ) [ 000000]
tmp_2                       (sparsemux          ) [ 000000]
tmp_3                       (sparsemux          ) [ 000000]
tmp_4                       (sparsemux          ) [ 000000]
tmp_5                       (bitconcatenate     ) [ 000000]
axi_data_3                  (partset            ) [ 000000]
write_ln1035                (write              ) [ 000000]
write_ln1036                (write              ) [ 000000]
counter_loc_1_i_load_1      (load               ) [ 000000]
write_ln0                   (write              ) [ 000000]
ret_ln0                     (ret                ) [ 000000]
</LifeTime>

<model>

<comp_list>
<comp id="0" class="1000" name="counter_loc_0_i">
<pin_list>
<pin id="1" dir="1" index="0" bw="1" slack="0"/>
</pin_list>
<bind>
<StgValue><ssdm name="counter_loc_0_i"/></StgValue>
</bind>
</comp>

<comp id="2" class="1000" name="sof">
<pin_list>
<pin id="3" dir="1" index="0" bw="1" slack="0"/>
</pin_list>
<bind>
<StgValue><ssdm name="sof"/></StgValue>
</bind>
</comp>

<comp id="4" class="1000" name="div_i">
<pin_list>
<pin id="5" dir="1" index="0" bw="1" slack="0"/>
</pin_list>
<bind>
<StgValue><ssdm name="div_i"/></StgValue>
</bind>
</comp>

<comp id="6" class="1000" name="ovrlayYUV">
<pin_list>
<pin id="7" dir="1" index="0" bw="1" slack="0"/>
</pin_list>
<bind>
<StgValue><ssdm name="ovrlayYUV"/></StgValue>
</bind>
</comp>

<comp id="8" class="1000" name="colorFormat_val17_load">
<pin_list>
<pin id="9" dir="1" index="0" bw="1" slack="0"/>
</pin_list>
<bind>
<StgValue><ssdm name="colorFormat_val17_load"/></StgValue>
</bind>
</comp>

<comp id="10" class="1000" name="m_axis_video_V_data_V">
<pin_list>
<pin id="11" dir="1" index="0" bw="1" slack="0"/>
</pin_list>
<bind>
<StgValue><ssdm name="m_axis_video_V_data_V"/></StgValue>
</bind>
</comp>

<comp id="12" class="1000" name="m_axis_video_V_keep_V">
<pin_list>
<pin id="13" dir="1" index="0" bw="1" slack="0"/>
</pin_list>
<bind>
<StgValue><ssdm name="m_axis_video_V_keep_V"/></StgValue>
</bind>
</comp>

<comp id="14" class="1000" name="m_axis_video_V_strb_V">
<pin_list>
<pin id="15" dir="1" index="0" bw="1" slack="0"/>
</pin_list>
<bind>
<StgValue><ssdm name="m_axis_video_V_strb_V"/></StgValue>
</bind>
</comp>

<comp id="16" class="1000" name="m_axis_video_V_user_V">
<pin_list>
<pin id="17" dir="1" index="0" bw="1" slack="0"/>
</pin_list>
<bind>
<StgValue><ssdm name="m_axis_video_V_user_V"/></StgValue>
</bind>
</comp>

<comp id="18" class="1000" name="m_axis_video_V_last_V">
<pin_list>
<pin id="19" dir="1" index="0" bw="1" slack="0"/>
</pin_list>
<bind>
<StgValue><ssdm name="m_axis_video_V_last_V"/></StgValue>
</bind>
</comp>

<comp id="20" class="1000" name="m_axis_video_V_id_V">
<pin_list>
<pin id="21" dir="1" index="0" bw="1" slack="0"/>
</pin_list>
<bind>
<StgValue><ssdm name="m_axis_video_V_id_V"/></StgValue>
</bind>
</comp>

<comp id="22" class="1000" name="m_axis_video_V_dest_V">
<pin_list>
<pin id="23" dir="1" index="0" bw="1" slack="0"/>
</pin_list>
<bind>
<StgValue><ssdm name="m_axis_video_V_dest_V"/></StgValue>
</bind>
</comp>

<comp id="24" class="1000" name="sub_i">
<pin_list>
<pin id="25" dir="1" index="0" bw="1" slack="0"/>
</pin_list>
<bind>
<StgValue><ssdm name="sub_i"/></StgValue>
</bind>
</comp>

<comp id="26" class="1000" name="counter_loc_1_i_out">
<pin_list>
<pin id="27" dir="1" index="0" bw="1" slack="0"/>
</pin_list>
<bind>
<StgValue><ssdm name="counter_loc_1_i_out"/></StgValue>
</bind>
</comp>

<comp id="28" class="1000" name="phi_ln1036_out">
<pin_list>
<pin id="29" dir="1" index="0" bw="1" slack="0"/>
</pin_list>
<bind>
<StgValue><ssdm name="phi_ln1036_out"/></StgValue>
</bind>
</comp>

<comp id="30" class="1000" name="counter">
<pin_list>
<pin id="31" dir="1" index="0" bw="1" slack="0"/>
</pin_list>
<bind>
<StgValue><ssdm name="counter"/></StgValue>
</bind>
</comp>

<comp id="32" class="1001" name="const_32">
<pin_list>
<pin id="33" dir="1" index="0" bw="1" slack="0"/>
</pin_list>
<bind>
<StgValue><ssdm name=""/></StgValue>
</bind>
</comp>

<comp id="34" class="1001" name="const_34">
<pin_list>
<pin id="35" dir="1" index="0" bw="1" slack="2147483647"/>
</pin_list>
<bind>
<StgValue><ssdm name="_ssdm_op_SpecAXISSideChannel"/></StgValue>
</bind>
</comp>

<comp id="36" class="1001" name="const_36">
<pin_list>
<pin id="37" dir="1" index="0" bw="1" slack="2147483647"/>
</pin_list>
<bind>
<StgValue><ssdm name="empty_20"/></StgValue>
</bind>
</comp>

<comp id="38" class="1001" name="const_38">
<pin_list>
<pin id="39" dir="1" index="0" bw="1" slack="2147483647"/>
</pin_list>
<bind>
<StgValue><ssdm name="_ssdm_op_SpecInterface"/></StgValue>
</bind>
</comp>

<comp id="40" class="1001" name="const_40">
<pin_list>
<pin id="41" dir="1" index="0" bw="1" slack="2147483647"/>
</pin_list>
<bind>
<StgValue><ssdm name="empty_18"/></StgValue>
</bind>
</comp>

<comp id="42" class="1001" name="const_42">
<pin_list>
<pin id="43" dir="1" index="0" bw="1" slack="2147483647"/>
</pin_list>
<bind>
<StgValue><ssdm name=""/></StgValue>
</bind>
</comp>

<comp id="44" class="1001" name="const_44">
<pin_list>
<pin id="45" dir="1" index="0" bw="1" slack="2147483647"/>
</pin_list>
<bind>
<StgValue><ssdm name="empty_4"/></StgValue>
</bind>
</comp>

<comp id="46" class="1001" name="const_46">
<pin_list>
<pin id="47" dir="1" index="0" bw="1" slack="2147483647"/>
</pin_list>
<bind>
<StgValue><ssdm name="empty_9"/></StgValue>
</bind>
</comp>

<comp id="48" class="1001" name="const_48">
<pin_list>
<pin id="49" dir="1" index="0" bw="1" slack="2147483647"/>
</pin_list>
<bind>
<StgValue><ssdm name=""/></StgValue>
</bind>
</comp>

<comp id="50" class="1001" name="const_50">
<pin_list>
<pin id="51" dir="1" index="0" bw="1" slack="2147483647"/>
</pin_list>
<bind>
<StgValue><ssdm name="empty_21"/></StgValue>
</bind>
</comp>

<comp id="52" class="1001" name="const_52">
<pin_list>
<pin id="53" dir="1" index="0" bw="1" slack="0"/>
</pin_list>
<bind>
<StgValue><ssdm name="_ssdm_op_Read.ap_auto.i11"/></StgValue>
</bind>
</comp>

<comp id="54" class="1001" name="const_54">
<pin_list>
<pin id="55" dir="1" index="0" bw="1" slack="0"/>
</pin_list>
<bind>
<StgValue><ssdm name="_ssdm_op_Read.ap_auto.i8"/></StgValue>
</bind>
</comp>

<comp id="56" class="1001" name="const_56">
<pin_list>
<pin id="57" dir="1" index="0" bw="1" slack="0"/>
</pin_list>
<bind>
<StgValue><ssdm name="_ssdm_op_Read.ap_auto.i10"/></StgValue>
</bind>
</comp>

<comp id="58" class="1001" name="const_58">
<pin_list>
<pin id="59" dir="1" index="0" bw="1" slack="0"/>
</pin_list>
<bind>
<StgValue><ssdm name="_ssdm_op_Read.ap_auto.i1"/></StgValue>
</bind>
</comp>

<comp id="60" class="1001" name="const_60">
<pin_list>
<pin id="61" dir="1" index="0" bw="1" slack="0"/>
</pin_list>
<bind>
<StgValue><ssdm name="_ssdm_op_Read.ap_auto.i16"/></StgValue>
</bind>
</comp>

<comp id="62" class="1001" name="const_62">
<pin_list>
<pin id="63" dir="1" index="0" bw="1" slack="0"/>
</pin_list>
<bind>
<StgValue><ssdm name=""/></StgValue>
</bind>
</comp>

<comp id="64" class="1001" name="const_64">
<pin_list>
<pin id="65" dir="1" index="0" bw="1" slack="0"/>
</pin_list>
<bind>
<StgValue><ssdm name=""/></StgValue>
</bind>
</comp>

<comp id="66" class="1001" name="const_66">
<pin_list>
<pin id="67" dir="1" index="0" bw="1" slack="2147483647"/>
</pin_list>
<bind>
<StgValue><ssdm name="_ssdm_op_SpecLoopTripCount"/></StgValue>
</bind>
</comp>

<comp id="68" class="1001" name="const_68">
<pin_list>
<pin id="69" dir="1" index="0" bw="1" slack="2147483647"/>
</pin_list>
<bind>
<StgValue><ssdm name=""/></StgValue>
</bind>
</comp>

<comp id="70" class="1001" name="const_70">
<pin_list>
<pin id="71" dir="1" index="0" bw="1" slack="2147483647"/>
</pin_list>
<bind>
<StgValue><ssdm name=""/></StgValue>
</bind>
</comp>

<comp id="72" class="1001" name="const_72">
<pin_list>
<pin id="73" dir="1" index="0" bw="1" slack="0"/>
</pin_list>
<bind>
<StgValue><ssdm name=""/></StgValue>
</bind>
</comp>

<comp id="74" class="1001" name="const_74">
<pin_list>
<pin id="75" dir="1" index="0" bw="1" slack="2147483647"/>
</pin_list>
<bind>
<StgValue><ssdm name="_ssdm_op_SpecPipeline"/></StgValue>
</bind>
</comp>

<comp id="76" class="1001" name="const_76">
<pin_list>
<pin id="77" dir="1" index="0" bw="1" slack="2147483647"/>
</pin_list>
<bind>
<StgValue><ssdm name="_ssdm_op_SpecLoopName"/></StgValue>
</bind>
</comp>

<comp id="78" class="1001" name="const_78">
<pin_list>
<pin id="79" dir="1" index="0" bw="1" slack="2147483647"/>
</pin_list>
<bind>
<StgValue><ssdm name="empty_34"/></StgValue>
</bind>
</comp>

<comp id="80" class="1001" name="const_80">
<pin_list>
<pin id="81" dir="1" index="0" bw="1" slack="0"/>
</pin_list>
<bind>
<StgValue><ssdm name=""/></StgValue>
</bind>
</comp>

<comp id="82" class="1001" name="const_82">
<pin_list>
<pin id="83" dir="1" index="0" bw="1" slack="0"/>
</pin_list>
<bind>
<StgValue><ssdm name="_ssdm_op_Read.ap_fifo.volatile.i48P0A"/></StgValue>
</bind>
</comp>

<comp id="84" class="1001" name="const_84">
<pin_list>
<pin id="85" dir="1" index="0" bw="1" slack="0"/>
</pin_list>
<bind>
<StgValue><ssdm name="_ssdm_op_PartSelect.i8.i48.i32.i32"/></StgValue>
</bind>
</comp>

<comp id="86" class="1001" name="const_86">
<pin_list>
<pin id="87" dir="1" index="0" bw="1" slack="0"/>
</pin_list>
<bind>
<StgValue><ssdm name=""/></StgValue>
</bind>
</comp>

<comp id="88" class="1001" name="const_88">
<pin_list>
<pin id="89" dir="1" index="0" bw="1" slack="0"/>
</pin_list>
<bind>
<StgValue><ssdm name=""/></StgValue>
</bind>
</comp>

<comp id="90" class="1001" name="const_90">
<pin_list>
<pin id="91" dir="1" index="0" bw="1" slack="0"/>
</pin_list>
<bind>
<StgValue><ssdm name=""/></StgValue>
</bind>
</comp>

<comp id="92" class="1001" name="const_92">
<pin_list>
<pin id="93" dir="1" index="0" bw="1" slack="0"/>
</pin_list>
<bind>
<StgValue><ssdm name=""/></StgValue>
</bind>
</comp>

<comp id="94" class="1001" name="const_94">
<pin_list>
<pin id="95" dir="1" index="0" bw="1" slack="0"/>
</pin_list>
<bind>
<StgValue><ssdm name=""/></StgValue>
</bind>
</comp>

<comp id="96" class="1001" name="const_96">
<pin_list>
<pin id="97" dir="1" index="0" bw="1" slack="0"/>
</pin_list>
<bind>
<StgValue><ssdm name=""/></StgValue>
</bind>
</comp>

<comp id="98" class="1001" name="const_98">
<pin_list>
<pin id="99" dir="1" index="0" bw="1" slack="0"/>
</pin_list>
<bind>
<StgValue><ssdm name=""/></StgValue>
</bind>
</comp>

<comp id="100" class="1001" name="const_100">
<pin_list>
<pin id="101" dir="1" index="0" bw="1" slack="0"/>
</pin_list>
<bind>
<StgValue><ssdm name=""/></StgValue>
</bind>
</comp>

<comp id="102" class="1001" name="const_102">
<pin_list>
<pin id="103" dir="1" index="0" bw="1" slack="0"/>
</pin_list>
<bind>
<StgValue><ssdm name=""/></StgValue>
</bind>
</comp>

<comp id="104" class="1001" name="const_104">
<pin_list>
<pin id="105" dir="1" index="0" bw="1" slack="0"/>
</pin_list>
<bind>
<StgValue><ssdm name=""/></StgValue>
</bind>
</comp>

<comp id="106" class="1001" name="const_106">
<pin_list>
<pin id="107" dir="1" index="0" bw="1" slack="0"/>
</pin_list>
<bind>
<StgValue><ssdm name="_ssdm_op_BitConcatenate.i9.i1.i8"/></StgValue>
</bind>
</comp>

<comp id="108" class="1001" name="const_108">
<pin_list>
<pin id="109" dir="1" index="0" bw="1" slack="0"/>
</pin_list>
<bind>
<StgValue><ssdm name=""/></StgValue>
</bind>
</comp>

<comp id="110" class="1001" name="const_110">
<pin_list>
<pin id="111" dir="1" index="0" bw="1" slack="0"/>
</pin_list>
<bind>
<StgValue><ssdm name=""/></StgValue>
</bind>
</comp>

<comp id="112" class="1001" name="const_112">
<pin_list>
<pin id="113" dir="1" index="0" bw="1" slack="0"/>
</pin_list>
<bind>
<StgValue><ssdm name=""/></StgValue>
</bind>
</comp>

<comp id="114" class="1001" name="const_114">
<pin_list>
<pin id="115" dir="1" index="0" bw="1" slack="0"/>
</pin_list>
<bind>
<StgValue><ssdm name="_ssdm_op_BitConcatenate.i2.i1.i1"/></StgValue>
</bind>
</comp>

<comp id="116" class="1001" name="const_116">
<pin_list>
<pin id="117" dir="1" index="0" bw="1" slack="0"/>
</pin_list>
<bind>
<StgValue><ssdm name="_ssdm_op_SparseMux.ap_auto.3i9.i9.i2"/></StgValue>
</bind>
</comp>

<comp id="118" class="1001" name="const_118">
<pin_list>
<pin id="119" dir="1" index="0" bw="1" slack="0"/>
</pin_list>
<bind>
<StgValue><ssdm name=""/></StgValue>
</bind>
</comp>

<comp id="120" class="1001" name="const_120">
<pin_list>
<pin id="121" dir="1" index="0" bw="1" slack="0"/>
</pin_list>
<bind>
<StgValue><ssdm name=""/></StgValue>
</bind>
</comp>

<comp id="122" class="1001" name="const_122">
<pin_list>
<pin id="123" dir="1" index="0" bw="1" slack="0"/>
</pin_list>
<bind>
<StgValue><ssdm name=""/></StgValue>
</bind>
</comp>

<comp id="124" class="1001" name="const_124">
<pin_list>
<pin id="125" dir="1" index="0" bw="1" slack="0"/>
</pin_list>
<bind>
<StgValue><ssdm name=""/></StgValue>
</bind>
</comp>

<comp id="126" class="1001" name="const_126">
<pin_list>
<pin id="127" dir="1" index="0" bw="1" slack="0"/>
</pin_list>
<bind>
<StgValue><ssdm name="_ssdm_op_SparseMux.ap_auto.3i8.i8.i2"/></StgValue>
</bind>
</comp>

<comp id="128" class="1001" name="const_128">
<pin_list>
<pin id="129" dir="1" index="0" bw="1" slack="0"/>
</pin_list>
<bind>
<StgValue><ssdm name=""/></StgValue>
</bind>
</comp>

<comp id="130" class="1001" name="const_130">
<pin_list>
<pin id="131" dir="1" index="0" bw="1" slack="0"/>
</pin_list>
<bind>
<StgValue><ssdm name="_ssdm_op_BitConcatenate.i40.i8.i8.i8.i8.i8"/></StgValue>
</bind>
</comp>

<comp id="132" class="1001" name="const_132">
<pin_list>
<pin id="133" dir="1" index="0" bw="1" slack="0"/>
</pin_list>
<bind>
<StgValue><ssdm name="_ssdm_op_PartSet.i48.i48.i40.i32.i32"/></StgValue>
</bind>
</comp>

<comp id="134" class="1001" name="const_134">
<pin_list>
<pin id="135" dir="1" index="0" bw="1" slack="0"/>
</pin_list>
<bind>
<StgValue><ssdm name="_ssdm_op_Write.axis.volatile.i48P0A.i6P0A.i6P0A.i1P0A.i1P0A.i1P0A.i1P0A"/></StgValue>
</bind>
</comp>

<comp id="136" class="1001" name="const_136">
<pin_list>
<pin id="137" dir="1" index="0" bw="1" slack="0"/>
</pin_list>
<bind>
<StgValue><ssdm name=""/></StgValue>
</bind>
</comp>

<comp id="138" class="1001" name="const_138">
<pin_list>
<pin id="139" dir="1" index="0" bw="1" slack="0"/>
</pin_list>
<bind>
<StgValue><ssdm name=""/></StgValue>
</bind>
</comp>

<comp id="140" class="1001" name="const_140">
<pin_list>
<pin id="141" dir="1" index="0" bw="1" slack="0"/>
</pin_list>
<bind>
<StgValue><ssdm name=""/></StgValue>
</bind>
</comp>

<comp id="142" class="1001" name="const_142">
<pin_list>
<pin id="143" dir="1" index="0" bw="1" slack="0"/>
</pin_list>
<bind>
<StgValue><ssdm name="_ssdm_op_Write.ap_auto.i1P0A"/></StgValue>
</bind>
</comp>

<comp id="144" class="1001" name="const_144">
<pin_list>
<pin id="145" dir="1" index="0" bw="1" slack="0"/>
</pin_list>
<bind>
<StgValue><ssdm name="_ssdm_op_Write.ap_auto.i16P0A"/></StgValue>
</bind>
</comp>

<comp id="146" class="1004" name="j_fu_146">
<pin_list>
<pin id="147" dir="0" index="0" bw="1" slack="0"/>
<pin id="148" dir="1" index="1" bw="10" slack="0"/>
</pin_list>
<bind>
<opcode="alloca(26) " fcode="alloca"/>
<opset="j/1 "/>
</bind>
</comp>

<comp id="150" class="1004" name="counter_loc_1_i_fu_150">
<pin_list>
<pin id="151" dir="0" index="0" bw="1" slack="0"/>
<pin id="152" dir="1" index="1" bw="16" slack="0"/>
</pin_list>
<bind>
<opcode="alloca(26) " fcode="alloca"/>
<opset="counter_loc_1_i/1 "/>
</bind>
</comp>

<comp id="154" class="1004" name="sub_i_read_read_fu_154">
<pin_list>
<pin id="155" dir="0" index="0" bw="11" slack="0"/>
<pin id="156" dir="0" index="1" bw="11" slack="0"/>
<pin id="157" dir="1" index="2" bw="11" slack="1"/>
</pin_list>
<bind>
<opcode="read(1150) " fcode="read"/>
<opset="sub_i_read/1 "/>
</bind>
</comp>

<comp id="160" class="1004" name="colorFormat_val17_load_read_read_fu_160">
<pin_list>
<pin id="161" dir="0" index="0" bw="8" slack="0"/>
<pin id="162" dir="0" index="1" bw="8" slack="0"/>
<pin id="163" dir="1" index="2" bw="8" slack="2"/>
</pin_list>
<bind>
<opcode="read(1150) " fcode="read"/>
<opset="colorFormat_val17_load_read/1 "/>
</bind>
</comp>

<comp id="166" class="1004" name="div_i_read_read_fu_166">
<pin_list>
<pin id="167" dir="0" index="0" bw="10" slack="0"/>
<pin id="168" dir="0" index="1" bw="10" slack="0"/>
<pin id="169" dir="1" index="2" bw="10" slack="1"/>
</pin_list>
<bind>
<opcode="read(1150) " fcode="read"/>
<opset="div_i_read/1 "/>
</bind>
</comp>

<comp id="172" class="1004" name="sof_read_read_fu_172">
<pin_list>
<pin id="173" dir="0" index="0" bw="1" slack="0"/>
<pin id="174" dir="0" index="1" bw="1" slack="0"/>
<pin id="175" dir="1" index="2" bw="1" slack="1"/>
</pin_list>
<bind>
<opcode="read(1150) " fcode="read"/>
<opset="sof_read/1 "/>
</bind>
</comp>

<comp id="178" class="1004" name="counter_loc_0_i_read_read_fu_178">
<pin_list>
<pin id="179" dir="0" index="0" bw="16" slack="0"/>
<pin id="180" dir="0" index="1" bw="16" slack="0"/>
<pin id="181" dir="1" index="2" bw="16" slack="0"/>
</pin_list>
<bind>
<opcode="read(1150) " fcode="read"/>
<opset="counter_loc_0_i_read/1 "/>
</bind>
</comp>

<comp id="184" class="1004" name="ovrlayYUV_read_read_fu_184">
<pin_list>
<pin id="185" dir="0" index="0" bw="48" slack="0"/>
<pin id="186" dir="0" index="1" bw="48" slack="0"/>
<pin id="187" dir="1" index="2" bw="48" slack="0"/>
</pin_list>
<bind>
<opcode="read(1150) " fcode="read"/>
<opset="ovrlayYUV_read/3 "/>
</bind>
</comp>

<comp id="190" class="1004" name="write_ln1035_write_fu_190">
<pin_list>
<pin id="191" dir="0" index="0" bw="0" slack="0"/>
<pin id="192" dir="0" index="1" bw="48" slack="0"/>
<pin id="193" dir="0" index="2" bw="6" slack="0"/>
<pin id="194" dir="0" index="3" bw="6" slack="0"/>
<pin id="195" dir="0" index="4" bw="1" slack="0"/>
<pin id="196" dir="0" index="5" bw="1" slack="0"/>
<pin id="197" dir="0" index="6" bw="1" slack="0"/>
<pin id="198" dir="0" index="7" bw="1" slack="0"/>
<pin id="199" dir="0" index="8" bw="48" slack="0"/>
<pin id="200" dir="0" index="9" bw="1" slack="0"/>
<pin id="201" dir="0" index="10" bw="1" slack="0"/>
<pin id="202" dir="0" index="11" bw="1" slack="1"/>
<pin id="203" dir="0" index="12" bw="1" slack="1"/>
<pin id="204" dir="0" index="13" bw="1" slack="0"/>
<pin id="205" dir="0" index="14" bw="1" slack="0"/>
<pin id="206" dir="1" index="15" bw="0" slack="2147483647"/>
</pin_list>
<bind>
<opcode="write(1151) " fcode="write"/>
<opset="write_ln1035/3 "/>
</bind>
</comp>

<comp id="219" class="1004" name="write_ln1036_write_fu_219">
<pin_list>
<pin id="220" dir="0" index="0" bw="0" slack="0"/>
<pin id="221" dir="0" index="1" bw="1" slack="0"/>
<pin id="222" dir="0" index="2" bw="1" slack="1"/>
<pin id="223" dir="1" index="3" bw="0" slack="2147483647"/>
</pin_list>
<bind>
<opcode="write(1151) " fcode="write"/>
<opset="write_ln1036/4 "/>
</bind>
</comp>

<comp id="226" class="1004" name="write_ln0_write_fu_226">
<pin_list>
<pin id="227" dir="0" index="0" bw="0" slack="0"/>
<pin id="228" dir="0" index="1" bw="16" slack="0"/>
<pin id="229" dir="0" index="2" bw="16" slack="0"/>
<pin id="230" dir="1" index="3" bw="0" slack="2147483647"/>
</pin_list>
<bind>
<opcode="write(1151) " fcode="write"/>
<opset="write_ln0/5 "/>
</bind>
</comp>

<comp id="233" class="1005" name="sof_2_reg_233">
<pin_list>
<pin id="234" dir="0" index="0" bw="1" slack="1"/>
<pin id="235" dir="1" index="1" bw="1" slack="1"/>
</pin_list>
<bind>
<opset="sof_2 (phireg) "/>
</bind>
</comp>

<comp id="237" class="1004" name="sof_2_phi_fu_237">
<pin_list>
<pin id="238" dir="0" index="0" bw="1" slack="1"/>
<pin id="239" dir="0" index="1" bw="0" slack="2147483647"/>
<pin id="240" dir="0" index="2" bw="1" slack="0"/>
<pin id="241" dir="0" index="3" bw="0" slack="2147483647"/>
<pin id="242" dir="1" index="4" bw="1" slack="1"/>
</pin_list>
<bind>
<opcode="phi(47) " fcode="phi"/>
<opset="sof_2/2 "/>
</bind>
</comp>

<comp id="245" class="1005" name="phi_ln1036_reg_245">
<pin_list>
<pin id="246" dir="0" index="0" bw="1" slack="1"/>
<pin id="247" dir="1" index="1" bw="1" slack="1"/>
</pin_list>
<bind>
<opset="phi_ln1036 (phireg) "/>
</bind>
</comp>

<comp id="250" class="1004" name="phi_ln1036_phi_fu_250">
<pin_list>
<pin id="251" dir="0" index="0" bw="1" slack="1"/>
<pin id="252" dir="0" index="1" bw="0" slack="2147483647"/>
<pin id="253" dir="0" index="2" bw="1" slack="1"/>
<pin id="254" dir="0" index="3" bw="0" slack="2147483647"/>
<pin id="255" dir="1" index="4" bw="1" slack="1"/>
</pin_list>
<bind>
<opcode="phi(47) " fcode="phi"/>
<opset="phi_ln1036/2 "/>
</bind>
</comp>

<comp id="258" class="1004" name="store_ln0_store_fu_258">
<pin_list>
<pin id="259" dir="0" index="0" bw="16" slack="0"/>
<pin id="260" dir="0" index="1" bw="16" slack="0"/>
<pin id="261" dir="1" index="2" bw="0" slack="2147483647"/>
</pin_list>
<bind>
<opcode="store(28) " fcode="store"/>
<opset="store_ln0/1 "/>
</bind>
</comp>

<comp id="263" class="1004" name="store_ln981_store_fu_263">
<pin_list>
<pin id="264" dir="0" index="0" bw="1" slack="0"/>
<pin id="265" dir="0" index="1" bw="10" slack="0"/>
<pin id="266" dir="1" index="2" bw="0" slack="2147483647"/>
</pin_list>
<bind>
<opcode="store(28) " fcode="store"/>
<opset="store_ln981/1 "/>
</bind>
</comp>

<comp id="268" class="1004" name="j_1_load_fu_268">
<pin_list>
<pin id="269" dir="0" index="0" bw="10" slack="1"/>
<pin id="270" dir="1" index="1" bw="10" slack="0"/>
</pin_list>
<bind>
<opcode="load(27) " fcode="load"/>
<opset="j_1/2 "/>
</bind>
</comp>

<comp id="271" class="1004" name="icmp_ln981_fu_271">
<pin_list>
<pin id="272" dir="0" index="0" bw="10" slack="0"/>
<pin id="273" dir="0" index="1" bw="10" slack="1"/>
<pin id="274" dir="1" index="2" bw="1" slack="1"/>
</pin_list>
<bind>
<opcode="icmp(45) " fcode="icmp"/>
<opset="icmp_ln981/2 "/>
</bind>
</comp>

<comp id="276" class="1004" name="j_2_fu_276">
<pin_list>
<pin id="277" dir="0" index="0" bw="10" slack="0"/>
<pin id="278" dir="0" index="1" bw="1" slack="0"/>
<pin id="279" dir="1" index="2" bw="10" slack="0"/>
</pin_list>
<bind>
<opcode="add(8) " fcode="add"/>
<opset="j_2/2 "/>
</bind>
</comp>

<comp id="282" class="1004" name="zext_ln981_fu_282">
<pin_list>
<pin id="283" dir="0" index="0" bw="10" slack="0"/>
<pin id="284" dir="1" index="1" bw="11" slack="0"/>
</pin_list>
<bind>
<opcode="zext(34) " fcode="zext"/>
<opset="zext_ln981/2 "/>
</bind>
</comp>

<comp id="286" class="1004" name="axi_last_fu_286">
<pin_list>
<pin id="287" dir="0" index="0" bw="10" slack="0"/>
<pin id="288" dir="0" index="1" bw="11" slack="1"/>
<pin id="289" dir="1" index="2" bw="1" slack="1"/>
</pin_list>
<bind>
<opcode="icmp(45) " fcode="icmp"/>
<opset="axi_last/2 "/>
</bind>
</comp>

<comp id="291" class="1004" name="counter_loc_1_i_load_load_fu_291">
<pin_list>
<pin id="292" dir="0" index="0" bw="16" slack="1"/>
<pin id="293" dir="1" index="1" bw="16" slack="0"/>
</pin_list>
<bind>
<opcode="load(27) " fcode="load"/>
<opset="counter_loc_1_i_load/2 "/>
</bind>
</comp>

<comp id="294" class="1004" name="add_ln1005_fu_294">
<pin_list>
<pin id="295" dir="0" index="0" bw="16" slack="0"/>
<pin id="296" dir="0" index="1" bw="1" slack="0"/>
<pin id="297" dir="1" index="2" bw="16" slack="0"/>
</pin_list>
<bind>
<opcode="add(8) " fcode="add"/>
<opset="add_ln1005/2 "/>
</bind>
</comp>

<comp id="300" class="1004" name="store_ln1005_store_fu_300">
<pin_list>
<pin id="301" dir="0" index="0" bw="16" slack="0"/>
<pin id="302" dir="0" index="1" bw="16" slack="0"/>
<pin id="303" dir="1" index="2" bw="0" slack="2147483647"/>
</pin_list>
<bind>
<opcode="store(28) " fcode="store"/>
<opset="store_ln1005/2 "/>
</bind>
</comp>

<comp id="306" class="1004" name="store_ln1005_store_fu_306">
<pin_list>
<pin id="307" dir="0" index="0" bw="16" slack="0"/>
<pin id="308" dir="0" index="1" bw="16" slack="1"/>
<pin id="309" dir="1" index="2" bw="0" slack="2147483647"/>
</pin_list>
<bind>
<opcode="store(28) " fcode="store"/>
<opset="store_ln1005/2 "/>
</bind>
</comp>

<comp id="311" class="1004" name="store_ln981_store_fu_311">
<pin_list>
<pin id="312" dir="0" index="0" bw="10" slack="0"/>
<pin id="313" dir="0" index="1" bw="10" slack="1"/>
<pin id="314" dir="1" index="2" bw="0" slack="2147483647"/>
</pin_list>
<bind>
<opcode="store(28) " fcode="store"/>
<opset="store_ln981/2 "/>
</bind>
</comp>

<comp id="316" class="1004" name="counter_loc_1_i_load_2_load_fu_316">
<pin_list>
<pin id="317" dir="0" index="0" bw="16" slack="2"/>
<pin id="318" dir="1" index="1" bw="16" slack="0"/>
</pin_list>
<bind>
<opcode="load(27) " fcode="load"/>
<opset="counter_loc_1_i_load_2/3 "/>
</bind>
</comp>

<comp id="319" class="1004" name="trunc_ln1008_fu_319">
<pin_list>
<pin id="320" dir="0" index="0" bw="16" slack="0"/>
<pin id="321" dir="1" index="1" bw="1" slack="1"/>
</pin_list>
<bind>
<opcode="trunc(33) " fcode="trunc"/>
<opset="trunc_ln1008/3 "/>
</bind>
</comp>

<comp id="323" class="1004" name="pix_444_fu_323">
<pin_list>
<pin id="324" dir="0" index="0" bw="48" slack="0"/>
<pin id="325" dir="1" index="1" bw="8" slack="0"/>
</pin_list>
<bind>
<opcode="trunc(33) " fcode="trunc"/>
<opset="pix_444/3 "/>
</bind>
</comp>

<comp id="327" class="1004" name="pix_rgb_4_fu_327">
<pin_list>
<pin id="328" dir="0" index="0" bw="8" slack="0"/>
<pin id="329" dir="0" index="1" bw="48" slack="0"/>
<pin id="330" dir="0" index="2" bw="5" slack="0"/>
<pin id="331" dir="0" index="3" bw="5" slack="0"/>
<pin id="332" dir="1" index="4" bw="8" slack="0"/>
</pin_list>
<bind>
<opcode="partselect(1002) " fcode="partselect"/>
<opset="pix_rgb_4/3 "/>
</bind>
</comp>

<comp id="337" class="1004" name="pix_rgb_5_fu_337">
<pin_list>
<pin id="338" dir="0" index="0" bw="8" slack="0"/>
<pin id="339" dir="0" index="1" bw="48" slack="0"/>
<pin id="340" dir="0" index="2" bw="6" slack="0"/>
<pin id="341" dir="0" index="3" bw="6" slack="0"/>
<pin id="342" dir="1" index="4" bw="8" slack="0"/>
</pin_list>
<bind>
<opcode="partselect(1002) " fcode="partselect"/>
<opset="pix_rgb_5/3 "/>
</bind>
</comp>

<comp id="347" class="1004" name="pix_422_fu_347">
<pin_list>
<pin id="348" dir="0" index="0" bw="8" slack="0"/>
<pin id="349" dir="0" index="1" bw="48" slack="0"/>
<pin id="350" dir="0" index="2" bw="6" slack="0"/>
<pin id="351" dir="0" index="3" bw="6" slack="0"/>
<pin id="352" dir="1" index="4" bw="8" slack="0"/>
</pin_list>
<bind>
<opcode="partselect(1002) " fcode="partselect"/>
<opset="pix_422/3 "/>
</bind>
</comp>

<comp id="357" class="1004" name="pix_rgb_fu_357">
<pin_list>
<pin id="358" dir="0" index="0" bw="8" slack="0"/>
<pin id="359" dir="0" index="1" bw="48" slack="0"/>
<pin id="360" dir="0" index="2" bw="7" slack="0"/>
<pin id="361" dir="0" index="3" bw="7" slack="0"/>
<pin id="362" dir="1" index="4" bw="8" slack="0"/>
</pin_list>
<bind>
<opcode="partselect(1002) " fcode="partselect"/>
<opset="pix_rgb/3 "/>
</bind>
</comp>

<comp id="367" class="1004" name="pix_rgb_6_fu_367">
<pin_list>
<pin id="368" dir="0" index="0" bw="8" slack="0"/>
<pin id="369" dir="0" index="1" bw="48" slack="0"/>
<pin id="370" dir="0" index="2" bw="7" slack="0"/>
<pin id="371" dir="0" index="3" bw="7" slack="0"/>
<pin id="372" dir="1" index="4" bw="8" slack="0"/>
</pin_list>
<bind>
<opcode="partselect(1002) " fcode="partselect"/>
<opset="pix_rgb_6/3 "/>
</bind>
</comp>

<comp id="377" class="1004" name="axi_data_fu_377">
<pin_list>
<pin id="378" dir="0" index="0" bw="9" slack="0"/>
<pin id="379" dir="0" index="1" bw="1" slack="0"/>
<pin id="380" dir="0" index="2" bw="8" slack="0"/>
<pin id="381" dir="1" index="3" bw="9" slack="0"/>
</pin_list>
<bind>
<opcode="bitconcatenate(1004) " fcode="bitconcatenate"/>
<opset="axi_data/3 "/>
</bind>
</comp>

<comp id="385" class="1004" name="axi_data_1_fu_385">
<pin_list>
<pin id="386" dir="0" index="0" bw="9" slack="0"/>
<pin id="387" dir="0" index="1" bw="1" slack="0"/>
<pin id="388" dir="0" index="2" bw="8" slack="0"/>
<pin id="389" dir="1" index="3" bw="9" slack="0"/>
</pin_list>
<bind>
<opcode="bitconcatenate(1004) " fcode="bitconcatenate"/>
<opset="axi_data_1/3 "/>
</bind>
</comp>

<comp id="393" class="1004" name="icmp_ln1020_fu_393">
<pin_list>
<pin id="394" dir="0" index="0" bw="8" slack="2"/>
<pin id="395" dir="0" index="1" bw="1" slack="0"/>
<pin id="396" dir="1" index="2" bw="1" slack="0"/>
</pin_list>
<bind>
<opcode="icmp(45) " fcode="icmp"/>
<opset="icmp_ln1020/3 "/>
</bind>
</comp>

<comp id="398" class="1004" name="icmp_ln1020_1_fu_398">
<pin_list>
<pin id="399" dir="0" index="0" bw="8" slack="2"/>
<pin id="400" dir="0" index="1" bw="1" slack="0"/>
<pin id="401" dir="1" index="2" bw="1" slack="0"/>
</pin_list>
<bind>
<opcode="icmp(45) " fcode="icmp"/>
<opset="icmp_ln1020_1/3 "/>
</bind>
</comp>

<comp id="403" class="1004" name="sel_tmp2_fu_403">
<pin_list>
<pin id="404" dir="0" index="0" bw="2" slack="0"/>
<pin id="405" dir="0" index="1" bw="1" slack="0"/>
<pin id="406" dir="0" index="2" bw="1" slack="0"/>
<pin id="407" dir="1" index="3" bw="2" slack="0"/>
</pin_list>
<bind>
<opcode="bitconcatenate(1004) " fcode="bitconcatenate"/>
<opset="sel_tmp2/3 "/>
</bind>
</comp>

<comp id="411" class="1004" name="axi_data_2_fu_411">
<pin_list>
<pin id="412" dir="0" index="0" bw="9" slack="0"/>
<pin id="413" dir="0" index="1" bw="2" slack="0"/>
<pin id="414" dir="0" index="2" bw="9" slack="0"/>
<pin id="415" dir="0" index="3" bw="2" slack="0"/>
<pin id="416" dir="0" index="4" bw="9" slack="0"/>
<pin id="417" dir="0" index="5" bw="2" slack="0"/>
<pin id="418" dir="0" index="6" bw="9" slack="0"/>
<pin id="419" dir="0" index="7" bw="9" slack="0"/>
<pin id="420" dir="0" index="8" bw="2" slack="0"/>
<pin id="421" dir="1" index="9" bw="9" slack="0"/>
</pin_list>
<bind>
<opcode="sparsemux(1197) " fcode="sparsemux"/>
<opset="axi_data_2/3 "/>
</bind>
</comp>

<comp id="431" class="1004" name="sext_ln925_fu_431">
<pin_list>
<pin id="432" dir="0" index="0" bw="9" slack="0"/>
<pin id="433" dir="1" index="1" bw="48" slack="0"/>
</pin_list>
<bind>
<opcode="sext(35) " fcode="sext"/>
<opset="sext_ln925/3 "/>
</bind>
</comp>

<comp id="435" class="1004" name="tmp_fu_435">
<pin_list>
<pin id="436" dir="0" index="0" bw="8" slack="0"/>
<pin id="437" dir="0" index="1" bw="2" slack="0"/>
<pin id="438" dir="0" index="2" bw="8" slack="0"/>
<pin id="439" dir="0" index="3" bw="2" slack="0"/>
<pin id="440" dir="0" index="4" bw="8" slack="0"/>
<pin id="441" dir="0" index="5" bw="2" slack="0"/>
<pin id="442" dir="0" index="6" bw="8" slack="0"/>
<pin id="443" dir="0" index="7" bw="8" slack="0"/>
<pin id="444" dir="0" index="8" bw="2" slack="0"/>
<pin id="445" dir="1" index="9" bw="8" slack="0"/>
</pin_list>
<bind>
<opcode="sparsemux(1197) " fcode="sparsemux"/>
<opset="tmp/3 "/>
</bind>
</comp>

<comp id="455" class="1004" name="tmp_1_fu_455">
<pin_list>
<pin id="456" dir="0" index="0" bw="8" slack="0"/>
<pin id="457" dir="0" index="1" bw="2" slack="0"/>
<pin id="458" dir="0" index="2" bw="8" slack="0"/>
<pin id="459" dir="0" index="3" bw="2" slack="0"/>
<pin id="460" dir="0" index="4" bw="8" slack="0"/>
<pin id="461" dir="0" index="5" bw="2" slack="0"/>
<pin id="462" dir="0" index="6" bw="8" slack="0"/>
<pin id="463" dir="0" index="7" bw="8" slack="0"/>
<pin id="464" dir="0" index="8" bw="2" slack="0"/>
<pin id="465" dir="1" index="9" bw="8" slack="0"/>
</pin_list>
<bind>
<opcode="sparsemux(1197) " fcode="sparsemux"/>
<opset="tmp_1/3 "/>
</bind>
</comp>

<comp id="475" class="1004" name="tmp_2_fu_475">
<pin_list>
<pin id="476" dir="0" index="0" bw="8" slack="0"/>
<pin id="477" dir="0" index="1" bw="2" slack="0"/>
<pin id="478" dir="0" index="2" bw="8" slack="0"/>
<pin id="479" dir="0" index="3" bw="2" slack="0"/>
<pin id="480" dir="0" index="4" bw="8" slack="0"/>
<pin id="481" dir="0" index="5" bw="2" slack="0"/>
<pin id="482" dir="0" index="6" bw="8" slack="0"/>
<pin id="483" dir="0" index="7" bw="8" slack="0"/>
<pin id="484" dir="0" index="8" bw="2" slack="0"/>
<pin id="485" dir="1" index="9" bw="8" slack="0"/>
</pin_list>
<bind>
<opcode="sparsemux(1197) " fcode="sparsemux"/>
<opset="tmp_2/3 "/>
</bind>
</comp>

<comp id="495" class="1004" name="tmp_3_fu_495">
<pin_list>
<pin id="496" dir="0" index="0" bw="8" slack="0"/>
<pin id="497" dir="0" index="1" bw="2" slack="0"/>
<pin id="498" dir="0" index="2" bw="8" slack="0"/>
<pin id="499" dir="0" index="3" bw="2" slack="0"/>
<pin id="500" dir="0" index="4" bw="8" slack="0"/>
<pin id="501" dir="0" index="5" bw="2" slack="0"/>
<pin id="502" dir="0" index="6" bw="8" slack="0"/>
<pin id="503" dir="0" index="7" bw="8" slack="0"/>
<pin id="504" dir="0" index="8" bw="2" slack="0"/>
<pin id="505" dir="1" index="9" bw="8" slack="0"/>
</pin_list>
<bind>
<opcode="sparsemux(1197) " fcode="sparsemux"/>
<opset="tmp_3/3 "/>
</bind>
</comp>

<comp id="515" class="1004" name="tmp_4_fu_515">
<pin_list>
<pin id="516" dir="0" index="0" bw="8" slack="0"/>
<pin id="517" dir="0" index="1" bw="2" slack="0"/>
<pin id="518" dir="0" index="2" bw="8" slack="0"/>
<pin id="519" dir="0" index="3" bw="2" slack="0"/>
<pin id="520" dir="0" index="4" bw="8" slack="0"/>
<pin id="521" dir="0" index="5" bw="2" slack="0"/>
<pin id="522" dir="0" index="6" bw="8" slack="0"/>
<pin id="523" dir="0" index="7" bw="8" slack="0"/>
<pin id="524" dir="0" index="8" bw="2" slack="0"/>
<pin id="525" dir="1" index="9" bw="8" slack="0"/>
</pin_list>
<bind>
<opcode="sparsemux(1197) " fcode="sparsemux"/>
<opset="tmp_4/3 "/>
</bind>
</comp>

<comp id="535" class="1004" name="tmp_5_fu_535">
<pin_list>
<pin id="536" dir="0" index="0" bw="40" slack="0"/>
<pin id="537" dir="0" index="1" bw="8" slack="0"/>
<pin id="538" dir="0" index="2" bw="8" slack="0"/>
<pin id="539" dir="0" index="3" bw="8" slack="0"/>
<pin id="540" dir="0" index="4" bw="8" slack="0"/>
<pin id="541" dir="0" index="5" bw="8" slack="0"/>
<pin id="542" dir="1" index="6" bw="40" slack="0"/>
</pin_list>
<bind>
<opcode="bitconcatenate(1004) " fcode="bitconcatenate"/>
<opset="tmp_5/3 "/>
</bind>
</comp>

<comp id="549" class="1004" name="axi_data_3_fu_549">
<pin_list>
<pin id="550" dir="0" index="0" bw="48" slack="0"/>
<pin id="551" dir="0" index="1" bw="9" slack="0"/>
<pin id="552" dir="0" index="2" bw="40" slack="0"/>
<pin id="553" dir="0" index="3" bw="5" slack="0"/>
<pin id="554" dir="0" index="4" bw="7" slack="0"/>
<pin id="555" dir="1" index="5" bw="48" slack="0"/>
</pin_list>
<bind>
<opcode="partset(1003) " fcode="partset"/>
<opset="axi_data_3/3 "/>
</bind>
</comp>

<comp id="562" class="1004" name="counter_loc_1_i_load_1_load_fu_562">
<pin_list>
<pin id="563" dir="0" index="0" bw="16" slack="3"/>
<pin id="564" dir="1" index="1" bw="16" slack="0"/>
</pin_list>
<bind>
<opcode="load(27) " fcode="load"/>
<opset="counter_loc_1_i_load_1/5 "/>
</bind>
</comp>

<comp id="566" class="1005" name="j_reg_566">
<pin_list>
<pin id="567" dir="0" index="0" bw="10" slack="0"/>
<pin id="568" dir="1" index="1" bw="10" slack="0"/>
</pin_list>
<bind>
<opset="j "/>
</bind>
</comp>

<comp id="573" class="1005" name="counter_loc_1_i_reg_573">
<pin_list>
<pin id="574" dir="0" index="0" bw="16" slack="0"/>
<pin id="575" dir="1" index="1" bw="16" slack="0"/>
</pin_list>
<bind>
<opset="counter_loc_1_i "/>
</bind>
</comp>

<comp id="582" class="1005" name="sub_i_read_reg_582">
<pin_list>
<pin id="583" dir="0" index="0" bw="11" slack="1"/>
<pin id="584" dir="1" index="1" bw="11" slack="1"/>
</pin_list>
<bind>
<opset="sub_i_read "/>
</bind>
</comp>

<comp id="587" class="1005" name="colorFormat_val17_load_read_reg_587">
<pin_list>
<pin id="588" dir="0" index="0" bw="8" slack="2"/>
<pin id="589" dir="1" index="1" bw="8" slack="2"/>
</pin_list>
<bind>
<opset="colorFormat_val17_load_read "/>
</bind>
</comp>

<comp id="593" class="1005" name="div_i_read_reg_593">
<pin_list>
<pin id="594" dir="0" index="0" bw="10" slack="1"/>
<pin id="595" dir="1" index="1" bw="10" slack="1"/>
</pin_list>
<bind>
<opset="div_i_read "/>
</bind>
</comp>

<comp id="598" class="1005" name="sof_read_reg_598">
<pin_list>
<pin id="599" dir="0" index="0" bw="1" slack="1"/>
<pin id="600" dir="1" index="1" bw="1" slack="1"/>
</pin_list>
<bind>
<opset="sof_read "/>
</bind>
</comp>

<comp id="603" class="1005" name="icmp_ln981_reg_603">
<pin_list>
<pin id="604" dir="0" index="0" bw="1" slack="1"/>
<pin id="605" dir="1" index="1" bw="1" slack="2147483647"/>
</pin_list>
<bind>
<opset="icmp_ln981 "/>
</bind>
</comp>

<comp id="607" class="1005" name="axi_last_reg_607">
<pin_list>
<pin id="608" dir="0" index="0" bw="1" slack="1"/>
<pin id="609" dir="1" index="1" bw="1" slack="1"/>
</pin_list>
<bind>
<opset="axi_last "/>
</bind>
</comp>

<comp id="612" class="1005" name="trunc_ln1008_reg_612">
<pin_list>
<pin id="613" dir="0" index="0" bw="1" slack="1"/>
<pin id="614" dir="1" index="1" bw="1" slack="1"/>
</pin_list>
<bind>
<opset="trunc_ln1008 "/>
</bind>
</comp>

</comp_list>

<net_list>
<net id="149"><net_src comp="32" pin="0"/><net_sink comp="146" pin=0"/></net>

<net id="153"><net_src comp="32" pin="0"/><net_sink comp="150" pin=0"/></net>

<net id="158"><net_src comp="52" pin="0"/><net_sink comp="154" pin=0"/></net>

<net id="159"><net_src comp="24" pin="0"/><net_sink comp="154" pin=1"/></net>

<net id="164"><net_src comp="54" pin="0"/><net_sink comp="160" pin=0"/></net>

<net id="165"><net_src comp="8" pin="0"/><net_sink comp="160" pin=1"/></net>

<net id="170"><net_src comp="56" pin="0"/><net_sink comp="166" pin=0"/></net>

<net id="171"><net_src comp="4" pin="0"/><net_sink comp="166" pin=1"/></net>

<net id="176"><net_src comp="58" pin="0"/><net_sink comp="172" pin=0"/></net>

<net id="177"><net_src comp="2" pin="0"/><net_sink comp="172" pin=1"/></net>

<net id="182"><net_src comp="60" pin="0"/><net_sink comp="178" pin=0"/></net>

<net id="183"><net_src comp="0" pin="0"/><net_sink comp="178" pin=1"/></net>

<net id="188"><net_src comp="82" pin="0"/><net_sink comp="184" pin=0"/></net>

<net id="189"><net_src comp="6" pin="0"/><net_sink comp="184" pin=1"/></net>

<net id="207"><net_src comp="134" pin="0"/><net_sink comp="190" pin=0"/></net>

<net id="208"><net_src comp="10" pin="0"/><net_sink comp="190" pin=1"/></net>

<net id="209"><net_src comp="12" pin="0"/><net_sink comp="190" pin=2"/></net>

<net id="210"><net_src comp="14" pin="0"/><net_sink comp="190" pin=3"/></net>

<net id="211"><net_src comp="16" pin="0"/><net_sink comp="190" pin=4"/></net>

<net id="212"><net_src comp="18" pin="0"/><net_sink comp="190" pin=5"/></net>

<net id="213"><net_src comp="20" pin="0"/><net_sink comp="190" pin=6"/></net>

<net id="214"><net_src comp="22" pin="0"/><net_sink comp="190" pin=7"/></net>

<net id="215"><net_src comp="136" pin="0"/><net_sink comp="190" pin=9"/></net>

<net id="216"><net_src comp="138" pin="0"/><net_sink comp="190" pin=10"/></net>

<net id="217"><net_src comp="140" pin="0"/><net_sink comp="190" pin=13"/></net>

<net id="218"><net_src comp="140" pin="0"/><net_sink comp="190" pin=14"/></net>

<net id="224"><net_src comp="142" pin="0"/><net_sink comp="219" pin=0"/></net>

<net id="225"><net_src comp="28" pin="0"/><net_sink comp="219" pin=1"/></net>

<net id="231"><net_src comp="144" pin="0"/><net_sink comp="226" pin=0"/></net>

<net id="232"><net_src comp="26" pin="0"/><net_sink comp="226" pin=1"/></net>

<net id="236"><net_src comp="233" pin="1"/><net_sink comp="190" pin=11"/></net>

<net id="243"><net_src comp="64" pin="0"/><net_sink comp="237" pin=2"/></net>

<net id="244"><net_src comp="237" pin="4"/><net_sink comp="233" pin=0"/></net>

<net id="248"><net_src comp="64" pin="0"/><net_sink comp="245" pin=0"/></net>

<net id="249"><net_src comp="245" pin="1"/><net_sink comp="219" pin=2"/></net>

<net id="256"><net_src comp="245" pin="1"/><net_sink comp="250" pin=0"/></net>

<net id="257"><net_src comp="250" pin="4"/><net_sink comp="245" pin=0"/></net>

<net id="262"><net_src comp="178" pin="2"/><net_sink comp="258" pin=0"/></net>

<net id="267"><net_src comp="62" pin="0"/><net_sink comp="263" pin=0"/></net>

<net id="275"><net_src comp="268" pin="1"/><net_sink comp="271" pin=0"/></net>

<net id="280"><net_src comp="268" pin="1"/><net_sink comp="276" pin=0"/></net>

<net id="281"><net_src comp="72" pin="0"/><net_sink comp="276" pin=1"/></net>

<net id="285"><net_src comp="268" pin="1"/><net_sink comp="282" pin=0"/></net>

<net id="290"><net_src comp="282" pin="1"/><net_sink comp="286" pin=0"/></net>

<net id="298"><net_src comp="291" pin="1"/><net_sink comp="294" pin=0"/></net>

<net id="299"><net_src comp="80" pin="0"/><net_sink comp="294" pin=1"/></net>

<net id="304"><net_src comp="294" pin="2"/><net_sink comp="300" pin=0"/></net>

<net id="305"><net_src comp="30" pin="0"/><net_sink comp="300" pin=1"/></net>

<net id="310"><net_src comp="294" pin="2"/><net_sink comp="306" pin=0"/></net>

<net id="315"><net_src comp="276" pin="2"/><net_sink comp="311" pin=0"/></net>

<net id="322"><net_src comp="316" pin="1"/><net_sink comp="319" pin=0"/></net>

<net id="326"><net_src comp="184" pin="2"/><net_sink comp="323" pin=0"/></net>

<net id="333"><net_src comp="84" pin="0"/><net_sink comp="327" pin=0"/></net>

<net id="334"><net_src comp="184" pin="2"/><net_sink comp="327" pin=1"/></net>

<net id="335"><net_src comp="86" pin="0"/><net_sink comp="327" pin=2"/></net>

<net id="336"><net_src comp="88" pin="0"/><net_sink comp="327" pin=3"/></net>

<net id="343"><net_src comp="84" pin="0"/><net_sink comp="337" pin=0"/></net>

<net id="344"><net_src comp="184" pin="2"/><net_sink comp="337" pin=1"/></net>

<net id="345"><net_src comp="90" pin="0"/><net_sink comp="337" pin=2"/></net>

<net id="346"><net_src comp="92" pin="0"/><net_sink comp="337" pin=3"/></net>

<net id="353"><net_src comp="84" pin="0"/><net_sink comp="347" pin=0"/></net>

<net id="354"><net_src comp="184" pin="2"/><net_sink comp="347" pin=1"/></net>

<net id="355"><net_src comp="94" pin="0"/><net_sink comp="347" pin=2"/></net>

<net id="356"><net_src comp="96" pin="0"/><net_sink comp="347" pin=3"/></net>

<net id="363"><net_src comp="84" pin="0"/><net_sink comp="357" pin=0"/></net>

<net id="364"><net_src comp="184" pin="2"/><net_sink comp="357" pin=1"/></net>

<net id="365"><net_src comp="98" pin="0"/><net_sink comp="357" pin=2"/></net>

<net id="366"><net_src comp="100" pin="0"/><net_sink comp="357" pin=3"/></net>

<net id="373"><net_src comp="84" pin="0"/><net_sink comp="367" pin=0"/></net>

<net id="374"><net_src comp="184" pin="2"/><net_sink comp="367" pin=1"/></net>

<net id="375"><net_src comp="102" pin="0"/><net_sink comp="367" pin=2"/></net>

<net id="376"><net_src comp="104" pin="0"/><net_sink comp="367" pin=3"/></net>

<net id="382"><net_src comp="106" pin="0"/><net_sink comp="377" pin=0"/></net>

<net id="383"><net_src comp="108" pin="0"/><net_sink comp="377" pin=1"/></net>

<net id="384"><net_src comp="323" pin="1"/><net_sink comp="377" pin=2"/></net>

<net id="390"><net_src comp="106" pin="0"/><net_sink comp="385" pin=0"/></net>

<net id="391"><net_src comp="108" pin="0"/><net_sink comp="385" pin=1"/></net>

<net id="392"><net_src comp="327" pin="4"/><net_sink comp="385" pin=2"/></net>

<net id="397"><net_src comp="110" pin="0"/><net_sink comp="393" pin=1"/></net>

<net id="402"><net_src comp="112" pin="0"/><net_sink comp="398" pin=1"/></net>

<net id="408"><net_src comp="114" pin="0"/><net_sink comp="403" pin=0"/></net>

<net id="409"><net_src comp="393" pin="2"/><net_sink comp="403" pin=1"/></net>

<net id="410"><net_src comp="398" pin="2"/><net_sink comp="403" pin=2"/></net>

<net id="422"><net_src comp="116" pin="0"/><net_sink comp="411" pin=0"/></net>

<net id="423"><net_src comp="118" pin="0"/><net_sink comp="411" pin=1"/></net>

<net id="424"><net_src comp="377" pin="3"/><net_sink comp="411" pin=2"/></net>

<net id="425"><net_src comp="120" pin="0"/><net_sink comp="411" pin=3"/></net>

<net id="426"><net_src comp="385" pin="3"/><net_sink comp="411" pin=4"/></net>

<net id="427"><net_src comp="122" pin="0"/><net_sink comp="411" pin=5"/></net>

<net id="428"><net_src comp="377" pin="3"/><net_sink comp="411" pin=6"/></net>

<net id="429"><net_src comp="124" pin="0"/><net_sink comp="411" pin=7"/></net>

<net id="430"><net_src comp="403" pin="3"/><net_sink comp="411" pin=8"/></net>

<net id="434"><net_src comp="411" pin="9"/><net_sink comp="431" pin=0"/></net>

<net id="446"><net_src comp="126" pin="0"/><net_sink comp="435" pin=0"/></net>

<net id="447"><net_src comp="118" pin="0"/><net_sink comp="435" pin=1"/></net>

<net id="448"><net_src comp="327" pin="4"/><net_sink comp="435" pin=2"/></net>

<net id="449"><net_src comp="120" pin="0"/><net_sink comp="435" pin=3"/></net>

<net id="450"><net_src comp="337" pin="4"/><net_sink comp="435" pin=4"/></net>

<net id="451"><net_src comp="122" pin="0"/><net_sink comp="435" pin=5"/></net>

<net id="452"><net_src comp="327" pin="4"/><net_sink comp="435" pin=6"/></net>

<net id="453"><net_src comp="128" pin="0"/><net_sink comp="435" pin=7"/></net>

<net id="454"><net_src comp="403" pin="3"/><net_sink comp="435" pin=8"/></net>

<net id="466"><net_src comp="126" pin="0"/><net_sink comp="455" pin=0"/></net>

<net id="467"><net_src comp="118" pin="0"/><net_sink comp="455" pin=1"/></net>

<net id="468"><net_src comp="337" pin="4"/><net_sink comp="455" pin=2"/></net>

<net id="469"><net_src comp="120" pin="0"/><net_sink comp="455" pin=3"/></net>

<net id="470"><net_src comp="323" pin="1"/><net_sink comp="455" pin=4"/></net>

<net id="471"><net_src comp="122" pin="0"/><net_sink comp="455" pin=5"/></net>

<net id="472"><net_src comp="347" pin="4"/><net_sink comp="455" pin=6"/></net>

<net id="473"><net_src comp="128" pin="0"/><net_sink comp="455" pin=7"/></net>

<net id="474"><net_src comp="403" pin="3"/><net_sink comp="455" pin=8"/></net>

<net id="486"><net_src comp="126" pin="0"/><net_sink comp="475" pin=0"/></net>

<net id="487"><net_src comp="118" pin="0"/><net_sink comp="475" pin=1"/></net>

<net id="488"><net_src comp="347" pin="4"/><net_sink comp="475" pin=2"/></net>

<net id="489"><net_src comp="120" pin="0"/><net_sink comp="475" pin=3"/></net>

<net id="490"><net_src comp="357" pin="4"/><net_sink comp="475" pin=4"/></net>

<net id="491"><net_src comp="122" pin="0"/><net_sink comp="475" pin=5"/></net>

<net id="492"><net_src comp="357" pin="4"/><net_sink comp="475" pin=6"/></net>

<net id="493"><net_src comp="128" pin="0"/><net_sink comp="475" pin=7"/></net>

<net id="494"><net_src comp="403" pin="3"/><net_sink comp="475" pin=8"/></net>

<net id="506"><net_src comp="126" pin="0"/><net_sink comp="495" pin=0"/></net>

<net id="507"><net_src comp="118" pin="0"/><net_sink comp="495" pin=1"/></net>

<net id="508"><net_src comp="357" pin="4"/><net_sink comp="495" pin=2"/></net>

<net id="509"><net_src comp="120" pin="0"/><net_sink comp="495" pin=3"/></net>

<net id="510"><net_src comp="367" pin="4"/><net_sink comp="495" pin=4"/></net>

<net id="511"><net_src comp="122" pin="0"/><net_sink comp="495" pin=5"/></net>

<net id="512"><net_src comp="367" pin="4"/><net_sink comp="495" pin=6"/></net>

<net id="513"><net_src comp="128" pin="0"/><net_sink comp="495" pin=7"/></net>

<net id="514"><net_src comp="403" pin="3"/><net_sink comp="495" pin=8"/></net>

<net id="526"><net_src comp="126" pin="0"/><net_sink comp="515" pin=0"/></net>

<net id="527"><net_src comp="118" pin="0"/><net_sink comp="515" pin=1"/></net>

<net id="528"><net_src comp="367" pin="4"/><net_sink comp="515" pin=2"/></net>

<net id="529"><net_src comp="120" pin="0"/><net_sink comp="515" pin=3"/></net>

<net id="530"><net_src comp="347" pin="4"/><net_sink comp="515" pin=4"/></net>

<net id="531"><net_src comp="122" pin="0"/><net_sink comp="515" pin=5"/></net>

<net id="532"><net_src comp="337" pin="4"/><net_sink comp="515" pin=6"/></net>

<net id="533"><net_src comp="128" pin="0"/><net_sink comp="515" pin=7"/></net>

<net id="534"><net_src comp="403" pin="3"/><net_sink comp="515" pin=8"/></net>

<net id="543"><net_src comp="130" pin="0"/><net_sink comp="535" pin=0"/></net>

<net id="544"><net_src comp="515" pin="9"/><net_sink comp="535" pin=1"/></net>

<net id="545"><net_src comp="495" pin="9"/><net_sink comp="535" pin=2"/></net>

<net id="546"><net_src comp="475" pin="9"/><net_sink comp="535" pin=3"/></net>

<net id="547"><net_src comp="455" pin="9"/><net_sink comp="535" pin=4"/></net>

<net id="548"><net_src comp="435" pin="9"/><net_sink comp="535" pin=5"/></net>

<net id="556"><net_src comp="132" pin="0"/><net_sink comp="549" pin=0"/></net>

<net id="557"><net_src comp="431" pin="1"/><net_sink comp="549" pin=1"/></net>

<net id="558"><net_src comp="535" pin="6"/><net_sink comp="549" pin=2"/></net>

<net id="559"><net_src comp="86" pin="0"/><net_sink comp="549" pin=3"/></net>

<net id="560"><net_src comp="104" pin="0"/><net_sink comp="549" pin=4"/></net>

<net id="561"><net_src comp="549" pin="5"/><net_sink comp="190" pin=8"/></net>

<net id="565"><net_src comp="562" pin="1"/><net_sink comp="226" pin=2"/></net>

<net id="569"><net_src comp="146" pin="1"/><net_sink comp="566" pin=0"/></net>

<net id="570"><net_src comp="566" pin="1"/><net_sink comp="263" pin=1"/></net>

<net id="571"><net_src comp="566" pin="1"/><net_sink comp="268" pin=0"/></net>

<net id="572"><net_src comp="566" pin="1"/><net_sink comp="311" pin=1"/></net>

<net id="576"><net_src comp="150" pin="1"/><net_sink comp="573" pin=0"/></net>

<net id="577"><net_src comp="573" pin="1"/><net_sink comp="258" pin=1"/></net>

<net id="578"><net_src comp="573" pin="1"/><net_sink comp="291" pin=0"/></net>

<net id="579"><net_src comp="573" pin="1"/><net_sink comp="306" pin=1"/></net>

<net id="580"><net_src comp="573" pin="1"/><net_sink comp="316" pin=0"/></net>

<net id="581"><net_src comp="573" pin="1"/><net_sink comp="562" pin=0"/></net>

<net id="585"><net_src comp="154" pin="2"/><net_sink comp="582" pin=0"/></net>

<net id="586"><net_src comp="582" pin="1"/><net_sink comp="286" pin=1"/></net>

<net id="590"><net_src comp="160" pin="2"/><net_sink comp="587" pin=0"/></net>

<net id="591"><net_src comp="587" pin="1"/><net_sink comp="393" pin=0"/></net>

<net id="592"><net_src comp="587" pin="1"/><net_sink comp="398" pin=0"/></net>

<net id="596"><net_src comp="166" pin="2"/><net_sink comp="593" pin=0"/></net>

<net id="597"><net_src comp="593" pin="1"/><net_sink comp="271" pin=1"/></net>

<net id="601"><net_src comp="172" pin="2"/><net_sink comp="598" pin=0"/></net>

<net id="602"><net_src comp="598" pin="1"/><net_sink comp="237" pin=0"/></net>

<net id="606"><net_src comp="271" pin="2"/><net_sink comp="603" pin=0"/></net>

<net id="610"><net_src comp="286" pin="2"/><net_sink comp="607" pin=0"/></net>

<net id="611"><net_src comp="607" pin="1"/><net_sink comp="190" pin=12"/></net>

<net id="615"><net_src comp="319" pin="1"/><net_sink comp="612" pin=0"/></net>

<net id="616"><net_src comp="612" pin="1"/><net_sink comp="250" pin=2"/></net>

</net_list>

</model> 
---------------- Datapath Model END ------------------

* FSMD analyzer results:
  - Output states:
	Port: m_axis_video_V_data_V | {3 }
	Port: m_axis_video_V_keep_V | {3 }
	Port: m_axis_video_V_strb_V | {3 }
	Port: m_axis_video_V_user_V | {3 }
	Port: m_axis_video_V_last_V | {3 }
	Port: m_axis_video_V_id_V | {3 }
	Port: m_axis_video_V_dest_V | {3 }
	Port: counter_loc_1_i_out | {5 }
	Port: phi_ln1036_out | {4 }
	Port: counter | {2 }
 - Input state : 
	Port: MultiPixStream2AXIvideo_Pipeline_VITIS_LOOP_981_2 : counter_loc_0_i | {1 }
	Port: MultiPixStream2AXIvideo_Pipeline_VITIS_LOOP_981_2 : sof | {1 }
	Port: MultiPixStream2AXIvideo_Pipeline_VITIS_LOOP_981_2 : div_i | {1 }
	Port: MultiPixStream2AXIvideo_Pipeline_VITIS_LOOP_981_2 : ovrlayYUV | {3 }
	Port: MultiPixStream2AXIvideo_Pipeline_VITIS_LOOP_981_2 : colorFormat_val17_load | {1 }
	Port: MultiPixStream2AXIvideo_Pipeline_VITIS_LOOP_981_2 : sub_i | {1 }
  - Chain level:
	State 1
		store_ln981 : 1
	State 2
		icmp_ln981 : 1
		j_2 : 1
		br_ln981 : 2
		zext_ln981 : 1
		axi_last : 2
		br_ln1003 : 1
		add_ln1005 : 1
		store_ln1005 : 2
		store_ln1005 : 2
		store_ln981 : 2
	State 3
		trunc_ln1008 : 1
		axi_data : 1
		axi_data_1 : 1
		sel_tmp2 : 1
		axi_data_2 : 2
		sext_ln925 : 3
		tmp : 2
		tmp_1 : 2
		tmp_2 : 2
		tmp_3 : 2
		tmp_4 : 2
		tmp_5 : 3
		axi_data_3 : 4
		write_ln1035 : 5
	State 4
	State 5
		write_ln0 : 1


============================================================
+ Verbose Summary: Datapath Resource usage 
============================================================

* Functional unit list:
|----------|-----------------------------------------|---------|---------|
| Operation|             Functional Unit             |    FF   |   LUT   |
|----------|-----------------------------------------|---------|---------|
|          |            icmp_ln981_fu_271            |    0    |    17   |
|   icmp   |             axi_last_fu_286             |    0    |    18   |
|          |            icmp_ln1020_fu_393           |    0    |    15   |
|          |           icmp_ln1020_1_fu_398          |    0    |    15   |
|----------|-----------------------------------------|---------|---------|
|          |            axi_data_2_fu_411            |    0    |    9    |
|          |                tmp_fu_435               |    0    |    9    |
| sparsemux|               tmp_1_fu_455              |    0    |    9    |
|          |               tmp_2_fu_475              |    0    |    9    |
|          |               tmp_3_fu_495              |    0    |    9    |
|          |               tmp_4_fu_515              |    0    |    9    |
|----------|-----------------------------------------|---------|---------|
|    add   |                j_2_fu_276               |    0    |    17   |
|          |            add_ln1005_fu_294            |    0    |    23   |
|----------|-----------------------------------------|---------|---------|
|          |          sub_i_read_read_fu_154         |    0    |    0    |
|          | colorFormat_val17_load_read_read_fu_160 |    0    |    0    |
|   read   |          div_i_read_read_fu_166         |    0    |    0    |
|          |           sof_read_read_fu_172          |    0    |    0    |
|          |     counter_loc_0_i_read_read_fu_178    |    0    |    0    |
|          |        ovrlayYUV_read_read_fu_184       |    0    |    0    |
|----------|-----------------------------------------|---------|---------|
|          |        write_ln1035_write_fu_190        |    0    |    0    |
|   write  |        write_ln1036_write_fu_219        |    0    |    0    |
|          |          write_ln0_write_fu_226         |    0    |    0    |
|----------|-----------------------------------------|---------|---------|
|   zext   |            zext_ln981_fu_282            |    0    |    0    |
|----------|-----------------------------------------|---------|---------|
|   trunc  |           trunc_ln1008_fu_319           |    0    |    0    |
|          |              pix_444_fu_323             |    0    |    0    |
|----------|-----------------------------------------|---------|---------|
|          |             pix_rgb_4_fu_327            |    0    |    0    |
|          |             pix_rgb_5_fu_337            |    0    |    0    |
|partselect|              pix_422_fu_347             |    0    |    0    |
|          |              pix_rgb_fu_357             |    0    |    0    |
|          |             pix_rgb_6_fu_367            |    0    |    0    |
|----------|-----------------------------------------|---------|---------|
|          |             axi_data_fu_377             |    0    |    0    |
|bitconcatenate|            axi_data_1_fu_385            |    0    |    0    |
|          |             sel_tmp2_fu_403             |    0    |    0    |
|          |               tmp_5_fu_535              |    0    |    0    |
|----------|-----------------------------------------|---------|---------|
|   sext   |            sext_ln925_fu_431            |    0    |    0    |
|----------|-----------------------------------------|---------|---------|
|  partset |            axi_data_3_fu_549            |    0    |    0    |
|----------|-----------------------------------------|---------|---------|
|   Total  |                                         |    0    |   159   |
|----------|-----------------------------------------|---------|---------|

Memories:
N/A

* Register list:
+-----------------------------------+--------+
|                                   |   FF   |
+-----------------------------------+--------+
|          axi_last_reg_607         |    1   |
|colorFormat_val17_load_read_reg_587|    8   |
|      counter_loc_1_i_reg_573      |   16   |
|         div_i_read_reg_593        |   10   |
|         icmp_ln981_reg_603        |    1   |
|             j_reg_566             |   10   |
|         phi_ln1036_reg_245        |    1   |
|           sof_2_reg_233           |    1   |
|          sof_read_reg_598         |    1   |
|         sub_i_read_reg_582        |   11   |
|        trunc_ln1008_reg_612       |    1   |
+-----------------------------------+--------+
|               Total               |   61   |
+-----------------------------------+--------+

* Multiplexer (MUX) list: 
|--------------------|------|------|------|--------||---------||---------||---------|
|        Comp        |  Pin | Size |  BW  | S x BW ||  Delay  ||    FF   ||   LUT   |
|--------------------|------|------|------|--------||---------||---------||---------|
| phi_ln1036_reg_245 |  p0  |   2  |   1  |    2   ||    0    ||    9    |
|--------------------|------|------|------|--------||---------||---------||---------|
|        Total       |      |      |      |    2   ||  0.427  ||    0    ||    9    |
|--------------------|------|------|------|--------||---------||---------||---------|



* Summary:
+-----------+--------+--------+--------+
|           |  Delay |   FF   |   LUT  |
+-----------+--------+--------+--------+
|  Function |    -   |    0   |   159  |
|   Memory  |    -   |    -   |    -   |
|Multiplexer|    0   |    0   |    9   |
|  Register |    -   |   61   |    -   |
+-----------+--------+--------+--------+
|   Total   |    0   |   61   |   168  |
+-----------+--------+--------+--------+
