

================================================================
== Vitis HLS Report for 'tpgBackground'
================================================================
* Date:           Mon Apr 27 12:25:06 2026

* Version:        2024.2 (Build 5238294 on Nov  8 2024)
* Project:        prj
* Solution:       sol (Vivado IP Flow Target)
* Product family: zynquplus
* Target device:  xck26-sfvc784-2LV-c


================================================================
== Performance Estimates
================================================================
+ Timing: 
    * Summary: 
    +--------+---------+----------+------------+
    |  Clock |  Target | Estimated| Uncertainty|
    +--------+---------+----------+------------+
    |ap_clk  |  6.67 ns|  3.829 ns|     1.80 ns|
    +--------+---------+----------+------------+

+ Latency: 
    * Summary: 
    +---------+------------+-----------+------------+-----+------------+---------+
    |   Latency (cycles)   |   Latency (absolute)   |     Interval     | Pipeline|
    |   min   |     max    |    min    |     max    | min |     max    |   Type  |
    +---------+------------+-----------+------------+-----+------------+---------+
    |        2|  2148958187|  13.334 ns|  14.327 sec|    2|  2148958187|       no|
    +---------+------------+-----------+------------+-----+------------+---------+

    + Detail: 
        * Instance: 
        +----------------------------------------------------+-----------------------------------------+---------+---------+----------+----------+-----+-------+------------------------------------------------+
        |                                                    |                                         |  Latency (cycles) |  Latency (absolute) |   Interval  |                    Pipeline                    |
        |                      Instance                      |                  Module                 |   min   |   max   |    min   |    max   | min |  max  |                      Type                      |
        +----------------------------------------------------+-----------------------------------------+---------+---------+----------+----------+-----+-------+------------------------------------------------+
        |grp_tpgBackground_Pipeline_VITIS_LOOP_565_2_fu_197  |tpgBackground_Pipeline_VITIS_LOOP_565_2  |       22|    32789|  0.147 us|  0.219 ms|    2|  32769|  loop auto-rewind stp (delay=0 clock cycles(s))|
        +----------------------------------------------------+-----------------------------------------+---------+---------+----------+----------+-----+-------+------------------------------------------------+

        * Loop: 
        +--------------------+---------+------------+------------+-----------+-----------+-----------+----------+
        |                    |   Latency (cycles)   |  Iteration |  Initiation Interval  |    Trip   |          |
        |      Loop Name     |   min   |     max    |   Latency  |  achieved |   target  |   Count   | Pipelined|
        +--------------------+---------+------------+------------+-----------+-----------+-----------+----------+
        |- VITIS_LOOP_563_1  |        0|  2148958185|  24 ~ 32791|          -|          -|  0 ~ 65535|        no|
        +--------------------+---------+------------+------------+-----------+-----------+-----------+----------+



================================================================
== Utilization Estimates
================================================================
* Summary: 
+-----------------+---------+------+--------+--------+-----+
|       Name      | BRAM_18K|  DSP |   FF   |   LUT  | URAM|
+-----------------+---------+------+--------+--------+-----+
|DSP              |        -|     -|       -|       -|    -|
|Expression       |        -|     -|       0|      80|    -|
|FIFO             |        -|     -|       -|       -|    -|
|Instance         |        9|    20|    3142|    2820|    -|
|Memory           |        0|     -|       8|       1|    -|
|Multiplexer      |        -|     -|       0|      80|    -|
|Register         |        -|     -|     149|       -|    -|
+-----------------+---------+------+--------+--------+-----+
|Total            |        9|    20|    3299|    2981|    0|
+-----------------+---------+------+--------+--------+-----+
|Available        |      288|  1248|  234240|  117120|   64|
+-----------------+---------+------+--------+--------+-----+
|Utilization (%)  |        3|     1|       1|       2|    0|
+-----------------+---------+------+--------+--------+-----+

+ Detail: 
    * Instance: 
    +----------------------------------------------------+-----------------------------------------+---------+----+------+------+-----+
    |                      Instance                      |                  Module                 | BRAM_18K| DSP|  FF  |  LUT | URAM|
    +----------------------------------------------------+-----------------------------------------+---------+----+------+------+-----+
    |grp_tpgBackground_Pipeline_VITIS_LOOP_565_2_fu_197  |tpgBackground_Pipeline_VITIS_LOOP_565_2  |        9|  20|  3142|  2820|    0|
    +----------------------------------------------------+-----------------------------------------+---------+----+------+------+-----+
    |Total                                               |                                         |        9|  20|  3142|  2820|    0|
    +----------------------------------------------------+-----------------------------------------+---------+----+------+------+-----+

    * DSP: 
    N/A

    * Memory: 
    +----------+----------------------------------+---------+---+----+-----+------+-----+------+-------------+
    |  Memory  |              Module              | BRAM_18K| FF| LUT| URAM| Words| Bits| Banks| W*Bits*Banks|
    +----------+----------------------------------+---------+---+----+-----+------+-----+------+-------------+
    |blkYuv_U  |tpgBackground_blkYuv_ROM_AUTO_1R  |        0|  8|   1|    0|     3|    8|     1|           24|
    +----------+----------------------------------+---------+---+----+-----+------+-----+------+-------------+
    |Total     |                                  |        0|  8|   1|    0|     3|    8|     1|           24|
    +----------+----------------------------------+---------+---+----+-----+------+-----+------+-------------+

    * FIFO: 
    N/A

    * Expression: 
    +-------------------------------------------+----------+----+---+----+------------+------------+
    |               Variable Name               | Operation| DSP| FF| LUT| Bitwidth P0| Bitwidth P1|
    +-------------------------------------------+----------+----+---+----+------------+------------+
    |add_ln750_fu_279_p2                        |         +|   0|  0|  15|           8|           8|
    |y_4_fu_264_p2                              |         +|   0|  0|  23|          16|           1|
    |cmp6_i184_fu_236_p2                        |      icmp|   0|  0|  15|           8|           1|
    |icmp_ln563_fu_259_p2                       |      icmp|   0|  0|  23|          16|          16|
    |ap_block_state1                            |        or|   0|  0|   2|           1|           1|
    |idxprom13_1_i188_cast_cast_cast_fu_242_p3  |    select|   0|  0|   2|           1|           1|
    +-------------------------------------------+----------+----+---+----+------------+------------+
    |Total                                      |          |   0|  0|  80|          50|          28|
    +-------------------------------------------+----------+----+---+----+------------+------------+

    * Multiplexer: 
    +----------------------------+----+-----------+-----+-----------+
    |            Name            | LUT| Input Size| Bits| Total Bits|
    +----------------------------+----+-----------+-----+-----------+
    |ap_NS_fsm                   |  26|          5|    1|          5|
    |ap_done                     |   9|          2|    1|          2|
    |colorFormat_val17_c5_blk_n  |   9|          2|    1|          2|
    |height_val4_c3_blk_n        |   9|          2|    1|          2|
    |motionSpeed_val14_c_blk_n   |   9|          2|    1|          2|
    |width_val7_c4_blk_n         |   9|          2|    1|          2|
    |y_fu_94                     |   9|          2|   16|         32|
    +----------------------------+----+-----------+-----+-----------+
    |Total                       |  80|         17|   22|         47|
    +----------------------------+----+-----------+-----+-----------+

    * Register: 
    +-----------------------------------------------------------------+----+----+-----+-----------+
    |                               Name                              | FF | LUT| Bits| Const Bits|
    +-----------------------------------------------------------------+----+----+-----+-----------+
    |ap_CS_fsm                                                        |   4|   0|    4|          0|
    |ap_done_reg                                                      |   1|   0|    1|          0|
    |blkYuv_load_reg_362                                              |   8|   0|    8|          0|
    |colorFormat_val_read_reg_327                                     |   8|   0|    8|          0|
    |grp_tpgBackground_Pipeline_VITIS_LOOP_565_2_fu_197_ap_start_reg  |   1|   0|    1|          0|
    |height_val_read_reg_342                                          |  16|   0|   16|          0|
    |motionSpeed_val_read_reg_332                                     |   8|   0|    8|          0|
    |outpix_0_0_0_0_0_load320_lcssa333_fu_98                          |   8|   0|    8|          0|
    |outpix_0_1_0_0_0_load322_lcssa336_fu_102                         |   8|   0|    8|          0|
    |outpix_0_2_0_0_0_load324_lcssa339_fu_106                         |   8|   0|    8|          0|
    |outpix_0_3_0_0_0_load326_lcssa342_fu_110                         |   8|   0|    8|          0|
    |outpix_0_4_0_0_0_load328_lcssa345_fu_114                         |   8|   0|    8|          0|
    |outpix_0_5_0_0_0_load330_lcssa348_fu_118                         |   8|   0|    8|          0|
    |patternId_val_read_reg_357                                       |   8|   0|    8|          0|
    |rampStart                                                        |   8|   0|    8|          0|
    |tmp_reg_347                                                      |   7|   0|    7|          0|
    |width_val_read_reg_337                                           |  16|   0|   16|          0|
    |y_fu_94                                                          |  16|   0|   16|          0|
    +-----------------------------------------------------------------+----+----+-----+-----------+
    |Total                                                            | 149|   0|  149|          0|
    +-----------------------------------------------------------------+----+----+-----+-----------+



================================================================
== Interface
================================================================
* Summary: 
+-------------------------------------+-----+-----+------------+----------------------+--------------+
|              RTL Ports              | Dir | Bits|  Protocol  |     Source Object    |    C Type    |
+-------------------------------------+-----+-----+------------+----------------------+--------------+
|ap_clk                               |   in|    1|  ap_ctrl_hs|         tpgBackground|  return value|
|ap_rst                               |   in|    1|  ap_ctrl_hs|         tpgBackground|  return value|
|ap_start                             |   in|    1|  ap_ctrl_hs|         tpgBackground|  return value|
|ap_done                              |  out|    1|  ap_ctrl_hs|         tpgBackground|  return value|
|ap_continue                          |   in|    1|  ap_ctrl_hs|         tpgBackground|  return value|
|ap_idle                              |  out|    1|  ap_ctrl_hs|         tpgBackground|  return value|
|ap_ready                             |  out|    1|  ap_ctrl_hs|         tpgBackground|  return value|
|height_val                           |   in|   16|     ap_none|            height_val|        scalar|
|width_val                            |   in|   16|     ap_none|             width_val|        scalar|
|patternId_val                        |   in|    8|     ap_none|         patternId_val|        scalar|
|motionSpeed_val                      |   in|    8|     ap_none|       motionSpeed_val|        scalar|
|colorFormat_val                      |   in|    8|     ap_none|       colorFormat_val|        scalar|
|bckgndYUV_din                        |  out|   48|     ap_fifo|             bckgndYUV|       pointer|
|bckgndYUV_full_n                     |   in|    1|     ap_fifo|             bckgndYUV|       pointer|
|bckgndYUV_write                      |  out|    1|     ap_fifo|             bckgndYUV|       pointer|
|bckgndYUV_num_data_valid             |   in|   32|     ap_fifo|             bckgndYUV|       pointer|
|bckgndYUV_fifo_cap                   |   in|   32|     ap_fifo|             bckgndYUV|       pointer|
|height_val4_c3_din                   |  out|   16|     ap_fifo|        height_val4_c3|       pointer|
|height_val4_c3_full_n                |   in|    1|     ap_fifo|        height_val4_c3|       pointer|
|height_val4_c3_write                 |  out|    1|     ap_fifo|        height_val4_c3|       pointer|
|height_val4_c3_num_data_valid        |   in|    3|     ap_fifo|        height_val4_c3|       pointer|
|height_val4_c3_fifo_cap              |   in|    3|     ap_fifo|        height_val4_c3|       pointer|
|width_val7_c4_din                    |  out|   16|     ap_fifo|         width_val7_c4|       pointer|
|width_val7_c4_full_n                 |   in|    1|     ap_fifo|         width_val7_c4|       pointer|
|width_val7_c4_write                  |  out|    1|     ap_fifo|         width_val7_c4|       pointer|
|width_val7_c4_num_data_valid         |   in|    3|     ap_fifo|         width_val7_c4|       pointer|
|width_val7_c4_fifo_cap               |   in|    3|     ap_fifo|         width_val7_c4|       pointer|
|motionSpeed_val14_c_din              |  out|    8|     ap_fifo|   motionSpeed_val14_c|       pointer|
|motionSpeed_val14_c_full_n           |   in|    1|     ap_fifo|   motionSpeed_val14_c|       pointer|
|motionSpeed_val14_c_write            |  out|    1|     ap_fifo|   motionSpeed_val14_c|       pointer|
|motionSpeed_val14_c_num_data_valid   |   in|    3|     ap_fifo|   motionSpeed_val14_c|       pointer|
|motionSpeed_val14_c_fifo_cap         |   in|    3|     ap_fifo|   motionSpeed_val14_c|       pointer|
|colorFormat_val17_c5_din             |  out|    8|     ap_fifo|  colorFormat_val17_c5|       pointer|
|colorFormat_val17_c5_full_n          |   in|    1|     ap_fifo|  colorFormat_val17_c5|       pointer|
|colorFormat_val17_c5_write           |  out|    1|     ap_fifo|  colorFormat_val17_c5|       pointer|
|colorFormat_val17_c5_num_data_valid  |   in|    3|     ap_fifo|  colorFormat_val17_c5|       pointer|
|colorFormat_val17_c5_fifo_cap        |   in|    3|     ap_fifo|  colorFormat_val17_c5|       pointer|
+-------------------------------------+-----+-----+------------+----------------------+--------------+

============================================================
+ Verbose Summary: Synthesis Manager
============================================================
InlineROM: 1
ExposeGlobal: 0
============================================================
+ Verbose Summary: CDFG Model
============================================================
IsTopModel: 0
ResetActiveHigh: 1
IsCombinational: 2
IsDatapathOnly: 0
HasWiredReturn: 1
HasMFsm: 0
HasVarLatency: 1
IsPipeline: 0
IsRtlPipelined: 0
IsInstanceOverlapped: 0
IsDontTouch: 0
HasImplIP: 0
IsGatedGlobalClock: 0


============================================================
+ Verbose Summary: Schedule
============================================================
* Number of FSM states : 4
* Pipeline : 0
* Dataflow Pipeline: 0

* FSM state transitions: 
1 --> 2 
2 --> 3 
3 --> 4 
4 --> 3 

* FSM state operations: 

State 1 <SV = 0> <Delay = 1.83>
ST_1 : Operation 5 [1/1] (0.00ns)   --->   "%y = alloca i32 1" [/home/izaan/GitRepos/dpdma_exdes/vivado_quad_vmix/kv260_quad_vmix_dp.runs/bd_quad_vmix_dp_v_tpg_3_0_synth_1/prj/sol/.autopilot/db/v_tpg.cpp:549]   --->   Operation 5 'alloca' 'y' <Predicate = true> <Delay = 0.00>
ST_1 : Operation 6 [1/1] (0.00ns)   --->   "%outpix_0_0_0_0_0_load320_lcssa333 = alloca i32 1"   --->   Operation 6 'alloca' 'outpix_0_0_0_0_0_load320_lcssa333' <Predicate = true> <Delay = 0.00>
ST_1 : Operation 7 [1/1] (0.00ns)   --->   "%outpix_0_1_0_0_0_load322_lcssa336 = alloca i32 1"   --->   Operation 7 'alloca' 'outpix_0_1_0_0_0_load322_lcssa336' <Predicate = true> <Delay = 0.00>
ST_1 : Operation 8 [1/1] (0.00ns)   --->   "%outpix_0_2_0_0_0_load324_lcssa339 = alloca i32 1"   --->   Operation 8 'alloca' 'outpix_0_2_0_0_0_load324_lcssa339' <Predicate = true> <Delay = 0.00>
ST_1 : Operation 9 [1/1] (0.00ns)   --->   "%outpix_0_3_0_0_0_load326_lcssa342 = alloca i32 1"   --->   Operation 9 'alloca' 'outpix_0_3_0_0_0_load326_lcssa342' <Predicate = true> <Delay = 0.00>
ST_1 : Operation 10 [1/1] (0.00ns)   --->   "%outpix_0_4_0_0_0_load328_lcssa345 = alloca i32 1"   --->   Operation 10 'alloca' 'outpix_0_4_0_0_0_load328_lcssa345' <Predicate = true> <Delay = 0.00>
ST_1 : Operation 11 [1/1] (0.00ns)   --->   "%outpix_0_5_0_0_0_load330_lcssa348 = alloca i32 1"   --->   Operation 11 'alloca' 'outpix_0_5_0_0_0_load330_lcssa348' <Predicate = true> <Delay = 0.00>
ST_1 : Operation 12 [1/1] (0.00ns)   --->   "%colorFormat_val_read = read i8 @_ssdm_op_Read.ap_auto.i8, i8 %colorFormat_val"   --->   Operation 12 'read' 'colorFormat_val_read' <Predicate = true> <Delay = 0.00>
ST_1 : Operation 13 [1/1] (0.00ns)   --->   "%motionSpeed_val_read = read i8 @_ssdm_op_Read.ap_auto.i8, i8 %motionSpeed_val"   --->   Operation 13 'read' 'motionSpeed_val_read' <Predicate = true> <Delay = 0.00>
ST_1 : Operation 14 [1/1] (0.00ns)   --->   "%width_val_read = read i16 @_ssdm_op_Read.ap_auto.i16, i16 %width_val"   --->   Operation 14 'read' 'width_val_read' <Predicate = true> <Delay = 0.00>
ST_1 : Operation 15 [1/1] (0.00ns)   --->   "%height_val_read = read i16 @_ssdm_op_Read.ap_auto.i16, i16 %height_val"   --->   Operation 15 'read' 'height_val_read' <Predicate = true> <Delay = 0.00>
ST_1 : Operation 16 [1/1] ( I:1.83ns O:1.83ns )   --->   "%write_ln0 = write void @_ssdm_op_Write.ap_fifo.i8P0A, i8 %colorFormat_val17_c5, i8 %colorFormat_val_read"   --->   Operation 16 'write' 'write_ln0' <Predicate = true> <Delay = 1.83> <CoreInst = "FIFO_SRL">   --->   Core 80 'FIFO_SRL' <Latency = 0> <II = 1> <Delay = 1.83> <Storage> <Opcode : 'read' 'write' 'nbread' 'nbwrite'> <Ports = 0> <Width = 8> <Depth = 2> <FIFO>
ST_1 : Operation 17 [1/1] ( I:1.83ns O:1.83ns )   --->   "%write_ln0 = write void @_ssdm_op_Write.ap_fifo.i8P0A, i8 %motionSpeed_val14_c, i8 %motionSpeed_val_read"   --->   Operation 17 'write' 'write_ln0' <Predicate = true> <Delay = 1.83> <CoreInst = "FIFO_SRL">   --->   Core 80 'FIFO_SRL' <Latency = 0> <II = 1> <Delay = 1.83> <Storage> <Opcode : 'read' 'write' 'nbread' 'nbwrite'> <Ports = 0> <Width = 8> <Depth = 2> <FIFO>
ST_1 : Operation 18 [1/1] ( I:1.83ns O:1.83ns )   --->   "%write_ln0 = write void @_ssdm_op_Write.ap_fifo.i16P0A, i16 %width_val7_c4, i16 %width_val_read"   --->   Operation 18 'write' 'write_ln0' <Predicate = true> <Delay = 1.83> <CoreInst = "FIFO_SRL">   --->   Core 80 'FIFO_SRL' <Latency = 0> <II = 1> <Delay = 1.83> <Storage> <Opcode : 'read' 'write' 'nbread' 'nbwrite'> <Ports = 0> <Width = 16> <Depth = 2> <FIFO>
ST_1 : Operation 19 [1/1] ( I:1.83ns O:1.83ns )   --->   "%write_ln0 = write void @_ssdm_op_Write.ap_fifo.i16P0A, i16 %height_val4_c3, i16 %height_val_read"   --->   Operation 19 'write' 'write_ln0' <Predicate = true> <Delay = 1.83> <CoreInst = "FIFO_SRL">   --->   Core 80 'FIFO_SRL' <Latency = 0> <II = 1> <Delay = 1.83> <Storage> <Opcode : 'read' 'write' 'nbread' 'nbwrite'> <Ports = 0> <Width = 16> <Depth = 2> <FIFO>
ST_1 : Operation 20 [1/1] (0.00ns)   --->   "%tmp = partselect i7 @_ssdm_op_PartSelect.i7.i8.i32.i32, i8 %colorFormat_val_read, i32 1, i32 7"   --->   Operation 20 'partselect' 'tmp' <Predicate = true> <Delay = 0.00>
ST_1 : Operation 21 [1/1] (0.76ns)   --->   "%cmp6_i184 = icmp_eq  i8 %colorFormat_val_read, i8 1"   --->   Operation 21 'icmp' 'cmp6_i184' <Predicate = true> <Delay = 0.76> <CoreInst = "Cmp">   --->   Core 9 'Cmp' <Latency = 0> <II = 1> <Delay = 0.76> <FuncUnit> <Opcode : 'seteq' 'setne' 'setle' 'setge' 'setlt' 'setgt'> <InPorts = 2> <OutPorts = 1>
ST_1 : Operation 22 [1/1] (0.20ns)   --->   "%idxprom13_1_i188_cast_cast_cast = select i1 %cmp6_i184, i64 1, i64 2"   --->   Operation 22 'select' 'idxprom13_1_i188_cast_cast_cast' <Predicate = true> <Delay = 0.20> <CoreInst = "Sel">   --->   Core 73 'Sel' <Latency = 0> <II = 1> <Delay = 0.17> <FuncUnit> <Opcode : 'select'> <InPorts = 3> <OutPorts = 1>
ST_1 : Operation 23 [1/1] (0.00ns)   --->   "%blkYuv_addr = getelementptr i8 %blkYuv, i64 0, i64 %idxprom13_1_i188_cast_cast_cast"   --->   Operation 23 'getelementptr' 'blkYuv_addr' <Predicate = true> <Delay = 0.00>
ST_1 : Operation 24 [2/2] (0.67ns)   --->   "%blkYuv_load = load i2 %blkYuv_addr" [/home/izaan/GitRepos/dpdma_exdes/vivado_quad_vmix/kv260_quad_vmix_dp.runs/bd_quad_vmix_dp_v_tpg_3_0_synth_1/prj/sol/.autopilot/db/v_tpg.cpp:1206->/home/izaan/GitRepos/dpdma_exdes/vivado_quad_vmix/kv260_quad_vmix_dp.runs/bd_quad_vmix_dp_v_tpg_3_0_synth_1/prj/sol/.autopilot/db/v_tpg.cpp:587]   --->   Operation 24 'load' 'blkYuv_load' <Predicate = true> <Delay = 0.67> <CoreInst = "ROM">   --->   Core 100 'ROM' <Latency = 1> <II = 1> <Delay = 0.67> <Storage> <Opcode : 'load'> <Ports = 0> <Width = 8> <Depth = 3> <ROM>
ST_1 : Operation 25 [1/1] (0.42ns)   --->   "%store_ln549 = store i16 0, i16 %y" [/home/izaan/GitRepos/dpdma_exdes/vivado_quad_vmix/kv260_quad_vmix_dp.runs/bd_quad_vmix_dp_v_tpg_3_0_synth_1/prj/sol/.autopilot/db/v_tpg.cpp:549]   --->   Operation 25 'store' 'store_ln549' <Predicate = true> <Delay = 0.42>

State 2 <SV = 1> <Delay = 0.67>
ST_2 : Operation 26 [1/1] (0.00ns)   --->   "%patternId_val_read = read i8 @_ssdm_op_Read.ap_auto.i8, i8 %patternId_val"   --->   Operation 26 'read' 'patternId_val_read' <Predicate = true> <Delay = 0.00>
ST_2 : Operation 27 [1/1] (0.00ns)   --->   "%specinterface_ln0 = specinterface void @_ssdm_op_SpecInterface, i8 %colorFormat_val17_c5, void @ap_fifo_str, i32 0, i32 0, void @p_str, i32 0, i32 0, void @p_str, void @p_str, void @p_str, i32 2, i32 2, i32 16, i32 16, void @p_str, void @ScalarProp_str, i32 4294967295, i32 0, i32 0"   --->   Operation 27 'specinterface' 'specinterface_ln0' <Predicate = true> <Delay = 0.00>
ST_2 : Operation 28 [1/1] (0.00ns)   --->   "%specinterface_ln0 = specinterface void @_ssdm_op_SpecInterface, i8 %motionSpeed_val14_c, void @ap_fifo_str, i32 0, i32 0, void @p_str, i32 0, i32 0, void @p_str, void @p_str, void @p_str, i32 2, i32 2, i32 16, i32 16, void @p_str, void @ScalarProp_str, i32 4294967295, i32 0, i32 0"   --->   Operation 28 'specinterface' 'specinterface_ln0' <Predicate = true> <Delay = 0.00>
ST_2 : Operation 29 [1/1] (0.00ns)   --->   "%specinterface_ln0 = specinterface void @_ssdm_op_SpecInterface, i16 %width_val7_c4, void @ap_fifo_str, i32 0, i32 0, void @p_str, i32 0, i32 0, void @p_str, void @p_str, void @p_str, i32 2, i32 2, i32 16, i32 16, void @p_str, void @ScalarProp_str, i32 4294967295, i32 0, i32 0"   --->   Operation 29 'specinterface' 'specinterface_ln0' <Predicate = true> <Delay = 0.00>
ST_2 : Operation 30 [1/1] (0.00ns)   --->   "%specinterface_ln0 = specinterface void @_ssdm_op_SpecInterface, i16 %height_val4_c3, void @ap_fifo_str, i32 0, i32 0, void @p_str, i32 0, i32 0, void @p_str, void @p_str, void @p_str, i32 2, i32 2, i32 16, i32 16, void @p_str, void @ScalarProp_str, i32 4294967295, i32 0, i32 0"   --->   Operation 30 'specinterface' 'specinterface_ln0' <Predicate = true> <Delay = 0.00>
ST_2 : Operation 31 [1/1] (0.00ns)   --->   "%specinterface_ln0 = specinterface void @_ssdm_op_SpecInterface, i48 %bckgndYUV, void @empty_21, i32 0, i32 0, void @empty_9, i32 0, i32 0, void @empty_9, void @empty_9, void @empty_9, i32 0, i32 0, i32 0, i32 0, void @empty_9, void @empty_9, i32 4294967295, i32 0, i32 0"   --->   Operation 31 'specinterface' 'specinterface_ln0' <Predicate = true> <Delay = 0.00>
ST_2 : Operation 32 [1/2] ( I:0.67ns O:0.67ns )   --->   "%blkYuv_load = load i2 %blkYuv_addr" [/home/izaan/GitRepos/dpdma_exdes/vivado_quad_vmix/kv260_quad_vmix_dp.runs/bd_quad_vmix_dp_v_tpg_3_0_synth_1/prj/sol/.autopilot/db/v_tpg.cpp:1206->/home/izaan/GitRepos/dpdma_exdes/vivado_quad_vmix/kv260_quad_vmix_dp.runs/bd_quad_vmix_dp_v_tpg_3_0_synth_1/prj/sol/.autopilot/db/v_tpg.cpp:587]   --->   Operation 32 'load' 'blkYuv_load' <Predicate = true> <Delay = 0.67> <CoreInst = "ROM">   --->   Core 100 'ROM' <Latency = 1> <II = 1> <Delay = 0.67> <Storage> <Opcode : 'load'> <Ports = 0> <Width = 8> <Depth = 3> <ROM>
ST_2 : Operation 33 [1/1] (0.00ns)   --->   "%br_ln563 = br void %VITIS_LOOP_565_2" [/home/izaan/GitRepos/dpdma_exdes/vivado_quad_vmix/kv260_quad_vmix_dp.runs/bd_quad_vmix_dp_v_tpg_3_0_synth_1/prj/sol/.autopilot/db/v_tpg.cpp:563]   --->   Operation 33 'br' 'br_ln563' <Predicate = true> <Delay = 0.00>

State 3 <SV = 2> <Delay = 2.14>
ST_3 : Operation 34 [1/1] (0.00ns)   --->   "%y_3 = load i16 %y" [/home/izaan/GitRepos/dpdma_exdes/vivado_quad_vmix/kv260_quad_vmix_dp.runs/bd_quad_vmix_dp_v_tpg_3_0_synth_1/prj/sol/.autopilot/db/v_tpg.cpp:563]   --->   Operation 34 'load' 'y_3' <Predicate = true> <Delay = 0.00>
ST_3 : Operation 35 [1/1] (0.85ns)   --->   "%icmp_ln563 = icmp_eq  i16 %y_3, i16 %height_val_read" [/home/izaan/GitRepos/dpdma_exdes/vivado_quad_vmix/kv260_quad_vmix_dp.runs/bd_quad_vmix_dp_v_tpg_3_0_synth_1/prj/sol/.autopilot/db/v_tpg.cpp:563]   --->   Operation 35 'icmp' 'icmp_ln563' <Predicate = true> <Delay = 0.85> <CoreInst = "Cmp">   --->   Core 9 'Cmp' <Latency = 0> <II = 1> <Delay = 0.85> <FuncUnit> <Opcode : 'seteq' 'setne' 'setle' 'setge' 'setlt' 'setgt'> <InPorts = 2> <OutPorts = 1>
ST_3 : Operation 36 [1/1] (0.85ns)   --->   "%y_4 = add i16 %y_3, i16 1" [/home/izaan/GitRepos/dpdma_exdes/vivado_quad_vmix/kv260_quad_vmix_dp.runs/bd_quad_vmix_dp_v_tpg_3_0_synth_1/prj/sol/.autopilot/db/v_tpg.cpp:563]   --->   Operation 36 'add' 'y_4' <Predicate = true> <Delay = 0.85> <CoreInst = "Adder">   --->   Core 1 'Adder' <Latency = 0> <II = 1> <Delay = 0.85> <FuncUnit> <Opcode : 'add' 'sub'> <InPorts = 2> <OutPorts = 1>
ST_3 : Operation 37 [1/1] (0.00ns)   --->   "%br_ln563 = br i1 %icmp_ln563, void %VITIS_LOOP_565_2.split, void %for.end47.loopexit" [/home/izaan/GitRepos/dpdma_exdes/vivado_quad_vmix/kv260_quad_vmix_dp.runs/bd_quad_vmix_dp_v_tpg_3_0_synth_1/prj/sol/.autopilot/db/v_tpg.cpp:563]   --->   Operation 37 'br' 'br_ln563' <Predicate = true> <Delay = 0.00>
ST_3 : Operation 38 [2/2] (1.29ns)   --->   "%call_ln1206 = call void @tpgBackground_Pipeline_VITIS_LOOP_565_2, i16 %width_val_read, i48 %bckgndYUV, i8 %patternId_val_read, i8 %blkYuv_load, i8 %colorFormat_val_read, i7 %tmp, i8 %outpix_0_5_0_0_0_load330_lcssa348, i8 %outpix_0_4_0_0_0_load328_lcssa345, i8 %outpix_0_3_0_0_0_load326_lcssa342, i8 %outpix_0_2_0_0_0_load324_lcssa339, i8 %outpix_0_1_0_0_0_load322_lcssa336, i8 %outpix_0_0_0_0_0_load320_lcssa333, i8 %tpgSinTableArray_9bit_0, i8 %tpgSinTableArray_9bit_1, i9 %tpgSinTableArray_9bit_2, i28 %rSerie, i28 %gSerie, i28 %bSerie" [/home/izaan/GitRepos/dpdma_exdes/vivado_quad_vmix/kv260_quad_vmix_dp.runs/bd_quad_vmix_dp_v_tpg_3_0_synth_1/prj/sol/.autopilot/db/v_tpg.cpp:1206->/home/izaan/GitRepos/dpdma_exdes/vivado_quad_vmix/kv260_quad_vmix_dp.runs/bd_quad_vmix_dp_v_tpg_3_0_synth_1/prj/sol/.autopilot/db/v_tpg.cpp:587]   --->   Operation 38 'call' 'call_ln1206' <Predicate = (!icmp_ln563)> <Delay = 1.29> <CoreType = "Generic">   --->   Generic Core
ST_3 : Operation 39 [1/1] (0.42ns)   --->   "%store_ln549 = store i16 %y_4, i16 %y" [/home/izaan/GitRepos/dpdma_exdes/vivado_quad_vmix/kv260_quad_vmix_dp.runs/bd_quad_vmix_dp_v_tpg_3_0_synth_1/prj/sol/.autopilot/db/v_tpg.cpp:549]   --->   Operation 39 'store' 'store_ln549' <Predicate = (!icmp_ln563)> <Delay = 0.42>
ST_3 : Operation 40 [1/1] (0.00ns)   --->   "%rampStart_load = load i8 %rampStart" [/home/izaan/GitRepos/dpdma_exdes/vivado_quad_vmix/kv260_quad_vmix_dp.runs/bd_quad_vmix_dp_v_tpg_3_0_synth_1/prj/sol/.autopilot/db/v_tpg.cpp:750]   --->   Operation 40 'load' 'rampStart_load' <Predicate = (icmp_ln563)> <Delay = 0.00>
ST_3 : Operation 41 [1/1] (0.76ns)   --->   "%add_ln750 = add i8 %rampStart_load, i8 %motionSpeed_val_read" [/home/izaan/GitRepos/dpdma_exdes/vivado_quad_vmix/kv260_quad_vmix_dp.runs/bd_quad_vmix_dp_v_tpg_3_0_synth_1/prj/sol/.autopilot/db/v_tpg.cpp:750]   --->   Operation 41 'add' 'add_ln750' <Predicate = (icmp_ln563)> <Delay = 0.76> <CoreInst = "Adder">   --->   Core 1 'Adder' <Latency = 0> <II = 1> <Delay = 0.76> <FuncUnit> <Opcode : 'add' 'sub'> <InPorts = 2> <OutPorts = 1>
ST_3 : Operation 42 [1/1] (0.00ns)   --->   "%store_ln750 = store i8 %add_ln750, i8 %rampStart" [/home/izaan/GitRepos/dpdma_exdes/vivado_quad_vmix/kv260_quad_vmix_dp.runs/bd_quad_vmix_dp_v_tpg_3_0_synth_1/prj/sol/.autopilot/db/v_tpg.cpp:750]   --->   Operation 42 'store' 'store_ln750' <Predicate = (icmp_ln563)> <Delay = 0.00>
ST_3 : Operation 43 [1/1] (0.00ns)   --->   "%ret_ln751 = ret" [/home/izaan/GitRepos/dpdma_exdes/vivado_quad_vmix/kv260_quad_vmix_dp.runs/bd_quad_vmix_dp_v_tpg_3_0_synth_1/prj/sol/.autopilot/db/v_tpg.cpp:751]   --->   Operation 43 'ret' 'ret_ln751' <Predicate = (icmp_ln563)> <Delay = 0.00>

State 4 <SV = 3> <Delay = 0.00>
ST_4 : Operation 44 [1/1] (0.00ns)   --->   "%speclooptripcount_ln549 = speclooptripcount void @_ssdm_op_SpecLoopTripCount, i64 0, i64 65535, i64 32767" [/home/izaan/GitRepos/dpdma_exdes/vivado_quad_vmix/kv260_quad_vmix_dp.runs/bd_quad_vmix_dp_v_tpg_3_0_synth_1/prj/sol/.autopilot/db/v_tpg.cpp:549]   --->   Operation 44 'speclooptripcount' 'speclooptripcount_ln549' <Predicate = true> <Delay = 0.00>
ST_4 : Operation 45 [1/1] (0.00ns)   --->   "%specloopname_ln563 = specloopname void @_ssdm_op_SpecLoopName, void @empty_31" [/home/izaan/GitRepos/dpdma_exdes/vivado_quad_vmix/kv260_quad_vmix_dp.runs/bd_quad_vmix_dp_v_tpg_3_0_synth_1/prj/sol/.autopilot/db/v_tpg.cpp:563]   --->   Operation 45 'specloopname' 'specloopname_ln563' <Predicate = true> <Delay = 0.00>
ST_4 : Operation 46 [1/2] (0.00ns)   --->   "%call_ln1206 = call void @tpgBackground_Pipeline_VITIS_LOOP_565_2, i16 %width_val_read, i48 %bckgndYUV, i8 %patternId_val_read, i8 %blkYuv_load, i8 %colorFormat_val_read, i7 %tmp, i8 %outpix_0_5_0_0_0_load330_lcssa348, i8 %outpix_0_4_0_0_0_load328_lcssa345, i8 %outpix_0_3_0_0_0_load326_lcssa342, i8 %outpix_0_2_0_0_0_load324_lcssa339, i8 %outpix_0_1_0_0_0_load322_lcssa336, i8 %outpix_0_0_0_0_0_load320_lcssa333, i8 %tpgSinTableArray_9bit_0, i8 %tpgSinTableArray_9bit_1, i9 %tpgSinTableArray_9bit_2, i28 %rSerie, i28 %gSerie, i28 %bSerie" [/home/izaan/GitRepos/dpdma_exdes/vivado_quad_vmix/kv260_quad_vmix_dp.runs/bd_quad_vmix_dp_v_tpg_3_0_synth_1/prj/sol/.autopilot/db/v_tpg.cpp:1206->/home/izaan/GitRepos/dpdma_exdes/vivado_quad_vmix/kv260_quad_vmix_dp.runs/bd_quad_vmix_dp_v_tpg_3_0_synth_1/prj/sol/.autopilot/db/v_tpg.cpp:587]   --->   Operation 46 'call' 'call_ln1206' <Predicate = true> <Delay = 0.00> <CoreType = "Generic">   --->   Generic Core
ST_4 : Operation 47 [1/1] (0.00ns)   --->   "%br_ln563 = br void %VITIS_LOOP_565_2" [/home/izaan/GitRepos/dpdma_exdes/vivado_quad_vmix/kv260_quad_vmix_dp.runs/bd_quad_vmix_dp_v_tpg_3_0_synth_1/prj/sol/.autopilot/db/v_tpg.cpp:563]   --->   Operation 47 'br' 'br_ln563' <Predicate = true> <Delay = 0.00>


============================================================
+ Verbose Summary: Binding
============================================================
STG Binding: 
---------------- STG Properties BEGIN ----------------
- Is combinational: 0
- Is one-state seq: 0
- Is datapath-only: 0
- Is pipelined: 0
- Is top level: 0
Port [ Return ] is wired: 1; IO mode=ap_ctrl_hs:ce=0
Port [ height_val]:  wired=1; compound=0; hidden=0; nouse=0; global=0; static=0; extern=0; dir=0; type=0; pingpong=0; private_global=0; IO mode=ap_none:ce=0
Port [ width_val]:  wired=1; compound=0; hidden=0; nouse=0; global=0; static=0; extern=0; dir=0; type=0; pingpong=0; private_global=0; IO mode=ap_none:ce=0
Port [ patternId_val]:  wired=1; compound=0; hidden=0; nouse=0; global=0; static=0; extern=0; dir=0; type=0; pingpong=0; private_global=0; IO mode=ap_none:ce=0
Port [ motionSpeed_val]:  wired=1; compound=0; hidden=0; nouse=0; global=0; static=0; extern=0; dir=0; type=0; pingpong=0; private_global=0; IO mode=ap_none:ce=0
Port [ colorFormat_val]:  wired=1; compound=0; hidden=0; nouse=0; global=0; static=0; extern=0; dir=0; type=0; pingpong=0; private_global=0; IO mode=ap_none:ce=0
Port [ bckgndYUV]:  wired=1; compound=1; hidden=0; nouse=0; global=0; static=0; extern=0; dir=1; type=3; pingpong=0; private_global=0; IO mode=ap_fifo:ce=0
Port [ height_val4_c3]:  wired=1; compound=1; hidden=0; nouse=0; global=0; static=0; extern=0; dir=1; type=3; pingpong=0; private_global=0; IO mode=ap_fifo:ce=0
Port [ width_val7_c4]:  wired=1; compound=1; hidden=0; nouse=0; global=0; static=0; extern=0; dir=1; type=3; pingpong=0; private_global=0; IO mode=ap_fifo:ce=0
Port [ motionSpeed_val14_c]:  wired=1; compound=1; hidden=0; nouse=0; global=0; static=0; extern=0; dir=1; type=3; pingpong=0; private_global=0; IO mode=ap_fifo:ce=0
Port [ colorFormat_val17_c5]:  wired=1; compound=1; hidden=0; nouse=0; global=0; static=0; extern=0; dir=1; type=3; pingpong=0; private_global=0; IO mode=ap_fifo:ce=0
Port [ blkYuv]:  wired=0; compound=1; hidden=1; nouse=0; global=1; static=1; extern=0; dir=0; type=1; pingpong=0; private_global=1; MemPort=[1]; IO mode=ap_memory:ce=0
Port [ tpgSinTableArray_9bit_0]:  wired=0; compound=1; hidden=1; nouse=1; global=1; static=1; extern=0; dir=0; type=1; pingpong=0; private_global=0; MemPort=[111111]; IO mode=ap_memory:ce=0
Port [ tpgSinTableArray_9bit_1]:  wired=0; compound=1; hidden=1; nouse=1; global=1; static=1; extern=0; dir=0; type=1; pingpong=0; private_global=0; MemPort=[111111]; IO mode=ap_memory:ce=0
Port [ tpgSinTableArray_9bit_2]:  wired=0; compound=1; hidden=1; nouse=1; global=1; static=1; extern=0; dir=0; type=1; pingpong=0; private_global=0; MemPort=[111111]; IO mode=ap_memory:ce=0
Port [ rSerie]:  wired=0; compound=0; hidden=1; nouse=1; global=1; static=1; extern=0; dir=2; type=0; pingpong=0; private_global=0; IO mode=ap_ovld:ce=0
Port [ gSerie]:  wired=0; compound=0; hidden=1; nouse=1; global=1; static=1; extern=0; dir=2; type=0; pingpong=0; private_global=0; IO mode=ap_ovld:ce=0
Port [ bSerie]:  wired=0; compound=0; hidden=1; nouse=1; global=1; static=1; extern=0; dir=2; type=0; pingpong=0; private_global=0; IO mode=ap_ovld:ce=0
Port [ rampStart]:  wired=0; compound=0; hidden=1; nouse=0; global=1; static=1; extern=0; dir=2; type=0; pingpong=0; private_global=1; IO mode=ap_ovld:ce=0
---------------- STG Properties END ------------------

---------------- Datapath Model BEGIN ----------------

<LifeTime>
<method=bitvector/>
y                                 (alloca           ) [ 01111]
outpix_0_0_0_0_0_load320_lcssa333 (alloca           ) [ 00111]
outpix_0_1_0_0_0_load322_lcssa336 (alloca           ) [ 00111]
outpix_0_2_0_0_0_load324_lcssa339 (alloca           ) [ 00111]
outpix_0_3_0_0_0_load326_lcssa342 (alloca           ) [ 00111]
outpix_0_4_0_0_0_load328_lcssa345 (alloca           ) [ 00111]
outpix_0_5_0_0_0_load330_lcssa348 (alloca           ) [ 00111]
colorFormat_val_read              (read             ) [ 00111]
motionSpeed_val_read              (read             ) [ 00111]
width_val_read                    (read             ) [ 00111]
height_val_read                   (read             ) [ 00111]
write_ln0                         (write            ) [ 00000]
write_ln0                         (write            ) [ 00000]
write_ln0                         (write            ) [ 00000]
write_ln0                         (write            ) [ 00000]
tmp                               (partselect       ) [ 00111]
cmp6_i184                         (icmp             ) [ 00000]
idxprom13_1_i188_cast_cast_cast   (select           ) [ 00000]
blkYuv_addr                       (getelementptr    ) [ 00100]
store_ln549                       (store            ) [ 00000]
patternId_val_read                (read             ) [ 00011]
specinterface_ln0                 (specinterface    ) [ 00000]
specinterface_ln0                 (specinterface    ) [ 00000]
specinterface_ln0                 (specinterface    ) [ 00000]
specinterface_ln0                 (specinterface    ) [ 00000]
specinterface_ln0                 (specinterface    ) [ 00000]
blkYuv_load                       (load             ) [ 00011]
br_ln563                          (br               ) [ 00000]
y_3                               (load             ) [ 00000]
icmp_ln563                        (icmp             ) [ 00011]
y_4                               (add              ) [ 00000]
br_ln563                          (br               ) [ 00000]
store_ln549                       (store            ) [ 00000]
rampStart_load                    (load             ) [ 00000]
add_ln750                         (add              ) [ 00000]
store_ln750                       (store            ) [ 00000]
ret_ln751                         (ret              ) [ 00000]
speclooptripcount_ln549           (speclooptripcount) [ 00000]
specloopname_ln563                (specloopname     ) [ 00000]
call_ln1206                       (call             ) [ 00000]
br_ln563                          (br               ) [ 00000]
</LifeTime>

<model>

<comp_list>
<comp id="0" class="1000" name="height_val">
<pin_list>
<pin id="1" dir="1" index="0" bw="1" slack="0"/>
</pin_list>
<bind>
<StgValue><ssdm name="height_val"/></StgValue>
</bind>
</comp>

<comp id="2" class="1000" name="width_val">
<pin_list>
<pin id="3" dir="1" index="0" bw="1" slack="0"/>
</pin_list>
<bind>
<StgValue><ssdm name="width_val"/></StgValue>
</bind>
</comp>

<comp id="4" class="1000" name="patternId_val">
<pin_list>
<pin id="5" dir="1" index="0" bw="1" slack="0"/>
</pin_list>
<bind>
<StgValue><ssdm name="patternId_val"/></StgValue>
</bind>
</comp>

<comp id="6" class="1000" name="motionSpeed_val">
<pin_list>
<pin id="7" dir="1" index="0" bw="1" slack="0"/>
</pin_list>
<bind>
<StgValue><ssdm name="motionSpeed_val"/></StgValue>
</bind>
</comp>

<comp id="8" class="1000" name="colorFormat_val">
<pin_list>
<pin id="9" dir="1" index="0" bw="1" slack="0"/>
</pin_list>
<bind>
<StgValue><ssdm name="colorFormat_val"/></StgValue>
</bind>
</comp>

<comp id="10" class="1000" name="bckgndYUV">
<pin_list>
<pin id="11" dir="1" index="0" bw="1" slack="0"/>
</pin_list>
<bind>
<StgValue><ssdm name="bckgndYUV"/></StgValue>
</bind>
</comp>

<comp id="12" class="1000" name="height_val4_c3">
<pin_list>
<pin id="13" dir="1" index="0" bw="1" slack="0"/>
</pin_list>
<bind>
<StgValue><ssdm name="height_val4_c3"/></StgValue>
</bind>
</comp>

<comp id="14" class="1000" name="width_val7_c4">
<pin_list>
<pin id="15" dir="1" index="0" bw="1" slack="0"/>
</pin_list>
<bind>
<StgValue><ssdm name="width_val7_c4"/></StgValue>
</bind>
</comp>

<comp id="16" class="1000" name="motionSpeed_val14_c">
<pin_list>
<pin id="17" dir="1" index="0" bw="1" slack="0"/>
</pin_list>
<bind>
<StgValue><ssdm name="motionSpeed_val14_c"/></StgValue>
</bind>
</comp>

<comp id="18" class="1000" name="colorFormat_val17_c5">
<pin_list>
<pin id="19" dir="1" index="0" bw="1" slack="0"/>
</pin_list>
<bind>
<StgValue><ssdm name="colorFormat_val17_c5"/></StgValue>
</bind>
</comp>

<comp id="20" class="1000" name="blkYuv">
<pin_list>
<pin id="21" dir="1" index="0" bw="1" slack="0"/>
</pin_list>
<bind>
<StgValue><ssdm name="blkYuv"/><MemPortTyVec>1 </MemPortTyVec>
</StgValue>
</bind>
</comp>

<comp id="22" class="1000" name="tpgSinTableArray_9bit_0">
<pin_list>
<pin id="23" dir="1" index="0" bw="1" slack="0"/>
</pin_list>
<bind>
<StgValue><ssdm name="tpgSinTableArray_9bit_0"/><MemPortTyVec>1 1 1 1 1 1 </MemPortTyVec>
</StgValue>
</bind>
</comp>

<comp id="24" class="1000" name="tpgSinTableArray_9bit_1">
<pin_list>
<pin id="25" dir="1" index="0" bw="1" slack="0"/>
</pin_list>
<bind>
<StgValue><ssdm name="tpgSinTableArray_9bit_1"/><MemPortTyVec>1 1 1 1 1 1 </MemPortTyVec>
</StgValue>
</bind>
</comp>

<comp id="26" class="1000" name="tpgSinTableArray_9bit_2">
<pin_list>
<pin id="27" dir="1" index="0" bw="1" slack="0"/>
</pin_list>
<bind>
<StgValue><ssdm name="tpgSinTableArray_9bit_2"/><MemPortTyVec>1 1 1 1 1 1 </MemPortTyVec>
</StgValue>
</bind>
</comp>

<comp id="28" class="1000" name="rSerie">
<pin_list>
<pin id="29" dir="1" index="0" bw="1" slack="0"/>
</pin_list>
<bind>
<StgValue><ssdm name="rSerie"/></StgValue>
</bind>
</comp>

<comp id="30" class="1000" name="gSerie">
<pin_list>
<pin id="31" dir="1" index="0" bw="1" slack="0"/>
</pin_list>
<bind>
<StgValue><ssdm name="gSerie"/></StgValue>
</bind>
</comp>

<comp id="32" class="1000" name="bSerie">
<pin_list>
<pin id="33" dir="1" index="0" bw="1" slack="0"/>
</pin_list>
<bind>
<StgValue><ssdm name="bSerie"/></StgValue>
</bind>
</comp>

<comp id="34" class="1000" name="rampStart">
<pin_list>
<pin id="35" dir="1" index="0" bw="1" slack="0"/>
</pin_list>
<bind>
<StgValue><ssdm name="rampStart"/></StgValue>
</bind>
</comp>

<comp id="36" class="1001" name="const_36">
<pin_list>
<pin id="37" dir="1" index="0" bw="1" slack="0"/>
</pin_list>
<bind>
<StgValue><ssdm name=""/></StgValue>
</bind>
</comp>

<comp id="38" class="1001" name="const_38">
<pin_list>
<pin id="39" dir="1" index="0" bw="1" slack="0"/>
</pin_list>
<bind>
<StgValue><ssdm name="_ssdm_op_Read.ap_auto.i8"/></StgValue>
</bind>
</comp>

<comp id="40" class="1001" name="const_40">
<pin_list>
<pin id="41" dir="1" index="0" bw="1" slack="0"/>
</pin_list>
<bind>
<StgValue><ssdm name="_ssdm_op_Read.ap_auto.i16"/></StgValue>
</bind>
</comp>

<comp id="42" class="1001" name="const_42">
<pin_list>
<pin id="43" dir="1" index="0" bw="1" slack="0"/>
</pin_list>
<bind>
<StgValue><ssdm name="_ssdm_op_Write.ap_fifo.i8P0A"/></StgValue>
</bind>
</comp>

<comp id="44" class="1001" name="const_44">
<pin_list>
<pin id="45" dir="1" index="0" bw="1" slack="0"/>
</pin_list>
<bind>
<StgValue><ssdm name="_ssdm_op_Write.ap_fifo.i16P0A"/></StgValue>
</bind>
</comp>

<comp id="46" class="1001" name="const_46">
<pin_list>
<pin id="47" dir="1" index="0" bw="1" slack="0"/>
</pin_list>
<bind>
<StgValue><ssdm name="_ssdm_op_PartSelect.i7.i8.i32.i32"/></StgValue>
</bind>
</comp>

<comp id="48" class="1001" name="const_48">
<pin_list>
<pin id="49" dir="1" index="0" bw="1" slack="0"/>
</pin_list>
<bind>
<StgValue><ssdm name=""/></StgValue>
</bind>
</comp>

<comp id="50" class="1001" name="const_50">
<pin_list>
<pin id="51" dir="1" index="0" bw="1" slack="0"/>
</pin_list>
<bind>
<StgValue><ssdm name=""/></StgValue>
</bind>
</comp>

<comp id="52" class="1001" name="const_52">
<pin_list>
<pin id="53" dir="1" index="0" bw="1" slack="0"/>
</pin_list>
<bind>
<StgValue><ssdm name=""/></StgValue>
</bind>
</comp>

<comp id="54" class="1001" name="const_54">
<pin_list>
<pin id="55" dir="1" index="0" bw="1" slack="0"/>
</pin_list>
<bind>
<StgValue><ssdm name=""/></StgValue>
</bind>
</comp>

<comp id="56" class="1001" name="const_56">
<pin_list>
<pin id="57" dir="1" index="0" bw="1" slack="0"/>
</pin_list>
<bind>
<StgValue><ssdm name=""/></StgValue>
</bind>
</comp>

<comp id="58" class="1001" name="const_58">
<pin_list>
<pin id="59" dir="1" index="0" bw="1" slack="0"/>
</pin_list>
<bind>
<StgValue><ssdm name=""/></StgValue>
</bind>
</comp>

<comp id="60" class="1001" name="const_60">
<pin_list>
<pin id="61" dir="1" index="0" bw="1" slack="2147483647"/>
</pin_list>
<bind>
<StgValue><ssdm name="_ssdm_op_SpecInterface"/></StgValue>
</bind>
</comp>

<comp id="62" class="1001" name="const_62">
<pin_list>
<pin id="63" dir="1" index="0" bw="1" slack="2147483647"/>
</pin_list>
<bind>
<StgValue><ssdm name="ap_fifo_str"/></StgValue>
</bind>
</comp>

<comp id="64" class="1001" name="const_64">
<pin_list>
<pin id="65" dir="1" index="0" bw="1" slack="2147483647"/>
</pin_list>
<bind>
<StgValue><ssdm name=""/></StgValue>
</bind>
</comp>

<comp id="66" class="1001" name="const_66">
<pin_list>
<pin id="67" dir="1" index="0" bw="1" slack="2147483647"/>
</pin_list>
<bind>
<StgValue><ssdm name="p_str"/></StgValue>
</bind>
</comp>

<comp id="68" class="1001" name="const_68">
<pin_list>
<pin id="69" dir="1" index="0" bw="1" slack="2147483647"/>
</pin_list>
<bind>
<StgValue><ssdm name=""/></StgValue>
</bind>
</comp>

<comp id="70" class="1001" name="const_70">
<pin_list>
<pin id="71" dir="1" index="0" bw="1" slack="2147483647"/>
</pin_list>
<bind>
<StgValue><ssdm name=""/></StgValue>
</bind>
</comp>

<comp id="72" class="1001" name="const_72">
<pin_list>
<pin id="73" dir="1" index="0" bw="1" slack="2147483647"/>
</pin_list>
<bind>
<StgValue><ssdm name="ScalarProp_str"/></StgValue>
</bind>
</comp>

<comp id="74" class="1001" name="const_74">
<pin_list>
<pin id="75" dir="1" index="0" bw="1" slack="2147483647"/>
</pin_list>
<bind>
<StgValue><ssdm name=""/></StgValue>
</bind>
</comp>

<comp id="76" class="1001" name="const_76">
<pin_list>
<pin id="77" dir="1" index="0" bw="1" slack="2147483647"/>
</pin_list>
<bind>
<StgValue><ssdm name="empty_21"/></StgValue>
</bind>
</comp>

<comp id="78" class="1001" name="const_78">
<pin_list>
<pin id="79" dir="1" index="0" bw="1" slack="2147483647"/>
</pin_list>
<bind>
<StgValue><ssdm name="empty_9"/></StgValue>
</bind>
</comp>

<comp id="80" class="1001" name="const_80">
<pin_list>
<pin id="81" dir="1" index="0" bw="1" slack="0"/>
</pin_list>
<bind>
<StgValue><ssdm name=""/></StgValue>
</bind>
</comp>

<comp id="82" class="1001" name="const_82">
<pin_list>
<pin id="83" dir="1" index="0" bw="1" slack="0"/>
</pin_list>
<bind>
<StgValue><ssdm name="tpgBackground_Pipeline_VITIS_LOOP_565_2"/></StgValue>
</bind>
</comp>

<comp id="84" class="1001" name="const_84">
<pin_list>
<pin id="85" dir="1" index="0" bw="1" slack="2147483647"/>
</pin_list>
<bind>
<StgValue><ssdm name="_ssdm_op_SpecLoopTripCount"/></StgValue>
</bind>
</comp>

<comp id="86" class="1001" name="const_86">
<pin_list>
<pin id="87" dir="1" index="0" bw="1" slack="2147483647"/>
</pin_list>
<bind>
<StgValue><ssdm name=""/></StgValue>
</bind>
</comp>

<comp id="88" class="1001" name="const_88">
<pin_list>
<pin id="89" dir="1" index="0" bw="1" slack="2147483647"/>
</pin_list>
<bind>
<StgValue><ssdm name=""/></StgValue>
</bind>
</comp>

<comp id="90" class="1001" name="const_90">
<pin_list>
<pin id="91" dir="1" index="0" bw="1" slack="2147483647"/>
</pin_list>
<bind>
<StgValue><ssdm name="_ssdm_op_SpecLoopName"/></StgValue>
</bind>
</comp>

<comp id="92" class="1001" name="const_92">
<pin_list>
<pin id="93" dir="1" index="0" bw="1" slack="2147483647"/>
</pin_list>
<bind>
<StgValue><ssdm name="empty_31"/></StgValue>
</bind>
</comp>

<comp id="94" class="1004" name="y_fu_94">
<pin_list>
<pin id="95" dir="0" index="0" bw="1" slack="0"/>
<pin id="96" dir="1" index="1" bw="16" slack="0"/>
</pin_list>
<bind>
<opcode="alloca(26) " fcode="alloca"/>
<opset="y/1 "/>
</bind>
</comp>

<comp id="98" class="1004" name="outpix_0_0_0_0_0_load320_lcssa333_fu_98">
<pin_list>
<pin id="99" dir="0" index="0" bw="1" slack="0"/>
<pin id="100" dir="1" index="1" bw="8" slack="2"/>
</pin_list>
<bind>
<opcode="alloca(26) " fcode="alloca"/>
<opset="outpix_0_0_0_0_0_load320_lcssa333/1 "/>
</bind>
</comp>

<comp id="102" class="1004" name="outpix_0_1_0_0_0_load322_lcssa336_fu_102">
<pin_list>
<pin id="103" dir="0" index="0" bw="1" slack="0"/>
<pin id="104" dir="1" index="1" bw="8" slack="2"/>
</pin_list>
<bind>
<opcode="alloca(26) " fcode="alloca"/>
<opset="outpix_0_1_0_0_0_load322_lcssa336/1 "/>
</bind>
</comp>

<comp id="106" class="1004" name="outpix_0_2_0_0_0_load324_lcssa339_fu_106">
<pin_list>
<pin id="107" dir="0" index="0" bw="1" slack="0"/>
<pin id="108" dir="1" index="1" bw="8" slack="2"/>
</pin_list>
<bind>
<opcode="alloca(26) " fcode="alloca"/>
<opset="outpix_0_2_0_0_0_load324_lcssa339/1 "/>
</bind>
</comp>

<comp id="110" class="1004" name="outpix_0_3_0_0_0_load326_lcssa342_fu_110">
<pin_list>
<pin id="111" dir="0" index="0" bw="1" slack="0"/>
<pin id="112" dir="1" index="1" bw="8" slack="2"/>
</pin_list>
<bind>
<opcode="alloca(26) " fcode="alloca"/>
<opset="outpix_0_3_0_0_0_load326_lcssa342/1 "/>
</bind>
</comp>

<comp id="114" class="1004" name="outpix_0_4_0_0_0_load328_lcssa345_fu_114">
<pin_list>
<pin id="115" dir="0" index="0" bw="1" slack="0"/>
<pin id="116" dir="1" index="1" bw="8" slack="2"/>
</pin_list>
<bind>
<opcode="alloca(26) " fcode="alloca"/>
<opset="outpix_0_4_0_0_0_load328_lcssa345/1 "/>
</bind>
</comp>

<comp id="118" class="1004" name="outpix_0_5_0_0_0_load330_lcssa348_fu_118">
<pin_list>
<pin id="119" dir="0" index="0" bw="1" slack="0"/>
<pin id="120" dir="1" index="1" bw="8" slack="2"/>
</pin_list>
<bind>
<opcode="alloca(26) " fcode="alloca"/>
<opset="outpix_0_5_0_0_0_load330_lcssa348/1 "/>
</bind>
</comp>

<comp id="122" class="1004" name="colorFormat_val_read_read_fu_122">
<pin_list>
<pin id="123" dir="0" index="0" bw="8" slack="0"/>
<pin id="124" dir="0" index="1" bw="8" slack="0"/>
<pin id="125" dir="1" index="2" bw="8" slack="0"/>
</pin_list>
<bind>
<opcode="read(1150) " fcode="read"/>
<opset="colorFormat_val_read/1 "/>
</bind>
</comp>

<comp id="128" class="1004" name="motionSpeed_val_read_read_fu_128">
<pin_list>
<pin id="129" dir="0" index="0" bw="8" slack="0"/>
<pin id="130" dir="0" index="1" bw="8" slack="0"/>
<pin id="131" dir="1" index="2" bw="8" slack="0"/>
</pin_list>
<bind>
<opcode="read(1150) " fcode="read"/>
<opset="motionSpeed_val_read/1 "/>
</bind>
</comp>

<comp id="134" class="1004" name="width_val_read_read_fu_134">
<pin_list>
<pin id="135" dir="0" index="0" bw="16" slack="0"/>
<pin id="136" dir="0" index="1" bw="16" slack="0"/>
<pin id="137" dir="1" index="2" bw="16" slack="0"/>
</pin_list>
<bind>
<opcode="read(1150) " fcode="read"/>
<opset="width_val_read/1 "/>
</bind>
</comp>

<comp id="140" class="1004" name="height_val_read_read_fu_140">
<pin_list>
<pin id="141" dir="0" index="0" bw="16" slack="0"/>
<pin id="142" dir="0" index="1" bw="16" slack="0"/>
<pin id="143" dir="1" index="2" bw="16" slack="0"/>
</pin_list>
<bind>
<opcode="read(1150) " fcode="read"/>
<opset="height_val_read/1 "/>
</bind>
</comp>

<comp id="146" class="1004" name="write_ln0_write_fu_146">
<pin_list>
<pin id="147" dir="0" index="0" bw="0" slack="0"/>
<pin id="148" dir="0" index="1" bw="8" slack="0"/>
<pin id="149" dir="0" index="2" bw="8" slack="0"/>
<pin id="150" dir="1" index="3" bw="0" slack="2147483647"/>
</pin_list>
<bind>
<opcode="write(1151) " fcode="write"/>
<opset="write_ln0/1 "/>
</bind>
</comp>

<comp id="154" class="1004" name="write_ln0_write_fu_154">
<pin_list>
<pin id="155" dir="0" index="0" bw="0" slack="0"/>
<pin id="156" dir="0" index="1" bw="8" slack="0"/>
<pin id="157" dir="0" index="2" bw="8" slack="0"/>
<pin id="158" dir="1" index="3" bw="0" slack="2147483647"/>
</pin_list>
<bind>
<opcode="write(1151) " fcode="write"/>
<opset="write_ln0/1 "/>
</bind>
</comp>

<comp id="162" class="1004" name="write_ln0_write_fu_162">
<pin_list>
<pin id="163" dir="0" index="0" bw="0" slack="0"/>
<pin id="164" dir="0" index="1" bw="16" slack="0"/>
<pin id="165" dir="0" index="2" bw="16" slack="0"/>
<pin id="166" dir="1" index="3" bw="0" slack="2147483647"/>
</pin_list>
<bind>
<opcode="write(1151) " fcode="write"/>
<opset="write_ln0/1 "/>
</bind>
</comp>

<comp id="170" class="1004" name="write_ln0_write_fu_170">
<pin_list>
<pin id="171" dir="0" index="0" bw="0" slack="0"/>
<pin id="172" dir="0" index="1" bw="16" slack="0"/>
<pin id="173" dir="0" index="2" bw="16" slack="0"/>
<pin id="174" dir="1" index="3" bw="0" slack="2147483647"/>
</pin_list>
<bind>
<opcode="write(1151) " fcode="write"/>
<opset="write_ln0/1 "/>
</bind>
</comp>

<comp id="178" class="1004" name="patternId_val_read_read_fu_178">
<pin_list>
<pin id="179" dir="0" index="0" bw="8" slack="0"/>
<pin id="180" dir="0" index="1" bw="8" slack="0"/>
<pin id="181" dir="1" index="2" bw="8" slack="1"/>
</pin_list>
<bind>
<opcode="read(1150) " fcode="read"/>
<opset="patternId_val_read/2 "/>
</bind>
</comp>

<comp id="184" class="1004" name="blkYuv_addr_gep_fu_184">
<pin_list>
<pin id="185" dir="0" index="0" bw="8" slack="0"/>
<pin id="186" dir="0" index="1" bw="1" slack="0"/>
<pin id="187" dir="0" index="2" bw="3" slack="0"/>
<pin id="188" dir="1" index="3" bw="2" slack="0"/>
</pin_list>
<bind>
<opcode="getelementptr(29) " fcode="getelementptr"/>
<opset="blkYuv_addr/1 "/>
</bind>
</comp>

<comp id="191" class="1004" name="grp_access_fu_191">
<pin_list>
<pin id="192" dir="0" index="0" bw="2" slack="0"/>
<pin id="193" dir="0" index="1" bw="8" slack="2147483647"/>
<pin id="194" dir="0" index="2" bw="0" slack="2147483647"/>
<pin id="195" dir="1" index="3" bw="8" slack="1"/>
</pin_list>
<bind>
<opcode="load(27) " fcode="load"/>
<opset="blkYuv_load/1 "/>
</bind>
</comp>

<comp id="197" class="1004" name="grp_tpgBackground_Pipeline_VITIS_LOOP_565_2_fu_197">
<pin_list>
<pin id="198" dir="0" index="0" bw="0" slack="0"/>
<pin id="199" dir="0" index="1" bw="16" slack="2"/>
<pin id="200" dir="0" index="2" bw="48" slack="0"/>
<pin id="201" dir="0" index="3" bw="8" slack="1"/>
<pin id="202" dir="0" index="4" bw="8" slack="1"/>
<pin id="203" dir="0" index="5" bw="8" slack="2"/>
<pin id="204" dir="0" index="6" bw="7" slack="2"/>
<pin id="205" dir="0" index="7" bw="8" slack="2"/>
<pin id="206" dir="0" index="8" bw="8" slack="2"/>
<pin id="207" dir="0" index="9" bw="8" slack="2"/>
<pin id="208" dir="0" index="10" bw="8" slack="2"/>
<pin id="209" dir="0" index="11" bw="8" slack="2"/>
<pin id="210" dir="0" index="12" bw="8" slack="2"/>
<pin id="211" dir="0" index="13" bw="8" slack="0"/>
<pin id="212" dir="0" index="14" bw="8" slack="0"/>
<pin id="213" dir="0" index="15" bw="9" slack="0"/>
<pin id="214" dir="0" index="16" bw="28" slack="0"/>
<pin id="215" dir="0" index="17" bw="28" slack="0"/>
<pin id="216" dir="0" index="18" bw="28" slack="0"/>
<pin id="217" dir="1" index="19" bw="0" slack="2147483647"/>
</pin_list>
<bind>
<opcode="call(48) " fcode="call"/>
<opset="call_ln1206/3 "/>
</bind>
</comp>

<comp id="226" class="1004" name="tmp_fu_226">
<pin_list>
<pin id="227" dir="0" index="0" bw="7" slack="0"/>
<pin id="228" dir="0" index="1" bw="8" slack="0"/>
<pin id="229" dir="0" index="2" bw="1" slack="0"/>
<pin id="230" dir="0" index="3" bw="4" slack="0"/>
<pin id="231" dir="1" index="4" bw="7" slack="2"/>
</pin_list>
<bind>
<opcode="partselect(1002) " fcode="partselect"/>
<opset="tmp/1 "/>
</bind>
</comp>

<comp id="236" class="1004" name="cmp6_i184_fu_236">
<pin_list>
<pin id="237" dir="0" index="0" bw="8" slack="0"/>
<pin id="238" dir="0" index="1" bw="8" slack="0"/>
<pin id="239" dir="1" index="2" bw="1" slack="0"/>
</pin_list>
<bind>
<opcode="icmp(45) " fcode="icmp"/>
<opset="cmp6_i184/1 "/>
</bind>
</comp>

<comp id="242" class="1004" name="idxprom13_1_i188_cast_cast_cast_fu_242">
<pin_list>
<pin id="243" dir="0" index="0" bw="1" slack="0"/>
<pin id="244" dir="0" index="1" bw="64" slack="0"/>
<pin id="245" dir="0" index="2" bw="64" slack="0"/>
<pin id="246" dir="1" index="3" bw="64" slack="0"/>
</pin_list>
<bind>
<opcode="select(49) " fcode="select"/>
<opset="idxprom13_1_i188_cast_cast_cast/1 "/>
</bind>
</comp>

<comp id="251" class="1004" name="store_ln549_store_fu_251">
<pin_list>
<pin id="252" dir="0" index="0" bw="1" slack="0"/>
<pin id="253" dir="0" index="1" bw="16" slack="0"/>
<pin id="254" dir="1" index="2" bw="0" slack="2147483647"/>
</pin_list>
<bind>
<opcode="store(28) " fcode="store"/>
<opset="store_ln549/1 "/>
</bind>
</comp>

<comp id="256" class="1004" name="y_3_load_fu_256">
<pin_list>
<pin id="257" dir="0" index="0" bw="16" slack="2"/>
<pin id="258" dir="1" index="1" bw="16" slack="0"/>
</pin_list>
<bind>
<opcode="load(27) " fcode="load"/>
<opset="y_3/3 "/>
</bind>
</comp>

<comp id="259" class="1004" name="icmp_ln563_fu_259">
<pin_list>
<pin id="260" dir="0" index="0" bw="16" slack="0"/>
<pin id="261" dir="0" index="1" bw="16" slack="2"/>
<pin id="262" dir="1" index="2" bw="1" slack="2147483647"/>
</pin_list>
<bind>
<opcode="icmp(45) " fcode="icmp"/>
<opset="icmp_ln563/3 "/>
</bind>
</comp>

<comp id="264" class="1004" name="y_4_fu_264">
<pin_list>
<pin id="265" dir="0" index="0" bw="16" slack="0"/>
<pin id="266" dir="0" index="1" bw="1" slack="0"/>
<pin id="267" dir="1" index="2" bw="16" slack="0"/>
</pin_list>
<bind>
<opcode="add(8) " fcode="add"/>
<opset="y_4/3 "/>
</bind>
</comp>

<comp id="270" class="1004" name="store_ln549_store_fu_270">
<pin_list>
<pin id="271" dir="0" index="0" bw="16" slack="0"/>
<pin id="272" dir="0" index="1" bw="16" slack="2"/>
<pin id="273" dir="1" index="2" bw="0" slack="2147483647"/>
</pin_list>
<bind>
<opcode="store(28) " fcode="store"/>
<opset="store_ln549/3 "/>
</bind>
</comp>

<comp id="275" class="1004" name="rampStart_load_load_fu_275">
<pin_list>
<pin id="276" dir="0" index="0" bw="8" slack="0"/>
<pin id="277" dir="1" index="1" bw="8" slack="0"/>
</pin_list>
<bind>
<opcode="load(27) " fcode="load"/>
<opset="rampStart_load/3 "/>
</bind>
</comp>

<comp id="279" class="1004" name="add_ln750_fu_279">
<pin_list>
<pin id="280" dir="0" index="0" bw="8" slack="0"/>
<pin id="281" dir="0" index="1" bw="8" slack="2"/>
<pin id="282" dir="1" index="2" bw="8" slack="0"/>
</pin_list>
<bind>
<opcode="add(8) " fcode="add"/>
<opset="add_ln750/3 "/>
</bind>
</comp>

<comp id="284" class="1004" name="store_ln750_store_fu_284">
<pin_list>
<pin id="285" dir="0" index="0" bw="8" slack="0"/>
<pin id="286" dir="0" index="1" bw="8" slack="0"/>
<pin id="287" dir="1" index="2" bw="0" slack="2147483647"/>
</pin_list>
<bind>
<opcode="store(28) " fcode="store"/>
<opset="store_ln750/3 "/>
</bind>
</comp>

<comp id="290" class="1005" name="y_reg_290">
<pin_list>
<pin id="291" dir="0" index="0" bw="16" slack="0"/>
<pin id="292" dir="1" index="1" bw="16" slack="0"/>
</pin_list>
<bind>
<opset="y "/>
</bind>
</comp>

<comp id="297" class="1005" name="outpix_0_0_0_0_0_load320_lcssa333_reg_297">
<pin_list>
<pin id="298" dir="0" index="0" bw="8" slack="2"/>
<pin id="299" dir="1" index="1" bw="8" slack="2"/>
</pin_list>
<bind>
<opset="outpix_0_0_0_0_0_load320_lcssa333 "/>
</bind>
</comp>

<comp id="302" class="1005" name="outpix_0_1_0_0_0_load322_lcssa336_reg_302">
<pin_list>
<pin id="303" dir="0" index="0" bw="8" slack="2"/>
<pin id="304" dir="1" index="1" bw="8" slack="2"/>
</pin_list>
<bind>
<opset="outpix_0_1_0_0_0_load322_lcssa336 "/>
</bind>
</comp>

<comp id="307" class="1005" name="outpix_0_2_0_0_0_load324_lcssa339_reg_307">
<pin_list>
<pin id="308" dir="0" index="0" bw="8" slack="2"/>
<pin id="309" dir="1" index="1" bw="8" slack="2"/>
</pin_list>
<bind>
<opset="outpix_0_2_0_0_0_load324_lcssa339 "/>
</bind>
</comp>

<comp id="312" class="1005" name="outpix_0_3_0_0_0_load326_lcssa342_reg_312">
<pin_list>
<pin id="313" dir="0" index="0" bw="8" slack="2"/>
<pin id="314" dir="1" index="1" bw="8" slack="2"/>
</pin_list>
<bind>
<opset="outpix_0_3_0_0_0_load326_lcssa342 "/>
</bind>
</comp>

<comp id="317" class="1005" name="outpix_0_4_0_0_0_load328_lcssa345_reg_317">
<pin_list>
<pin id="318" dir="0" index="0" bw="8" slack="2"/>
<pin id="319" dir="1" index="1" bw="8" slack="2"/>
</pin_list>
<bind>
<opset="outpix_0_4_0_0_0_load328_lcssa345 "/>
</bind>
</comp>

<comp id="322" class="1005" name="outpix_0_5_0_0_0_load330_lcssa348_reg_322">
<pin_list>
<pin id="323" dir="0" index="0" bw="8" slack="2"/>
<pin id="324" dir="1" index="1" bw="8" slack="2"/>
</pin_list>
<bind>
<opset="outpix_0_5_0_0_0_load330_lcssa348 "/>
</bind>
</comp>

<comp id="327" class="1005" name="colorFormat_val_read_reg_327">
<pin_list>
<pin id="328" dir="0" index="0" bw="8" slack="2"/>
<pin id="329" dir="1" index="1" bw="8" slack="2"/>
</pin_list>
<bind>
<opset="colorFormat_val_read "/>
</bind>
</comp>

<comp id="332" class="1005" name="motionSpeed_val_read_reg_332">
<pin_list>
<pin id="333" dir="0" index="0" bw="8" slack="2"/>
<pin id="334" dir="1" index="1" bw="8" slack="2"/>
</pin_list>
<bind>
<opset="motionSpeed_val_read "/>
</bind>
</comp>

<comp id="337" class="1005" name="width_val_read_reg_337">
<pin_list>
<pin id="338" dir="0" index="0" bw="16" slack="2"/>
<pin id="339" dir="1" index="1" bw="16" slack="2"/>
</pin_list>
<bind>
<opset="width_val_read "/>
</bind>
</comp>

<comp id="342" class="1005" name="height_val_read_reg_342">
<pin_list>
<pin id="343" dir="0" index="0" bw="16" slack="2"/>
<pin id="344" dir="1" index="1" bw="16" slack="2"/>
</pin_list>
<bind>
<opset="height_val_read "/>
</bind>
</comp>

<comp id="347" class="1005" name="tmp_reg_347">
<pin_list>
<pin id="348" dir="0" index="0" bw="7" slack="2"/>
<pin id="349" dir="1" index="1" bw="7" slack="2"/>
</pin_list>
<bind>
<opset="tmp "/>
</bind>
</comp>

<comp id="352" class="1005" name="blkYuv_addr_reg_352">
<pin_list>
<pin id="353" dir="0" index="0" bw="2" slack="1"/>
<pin id="354" dir="1" index="1" bw="2" slack="1"/>
</pin_list>
<bind>
<opset="blkYuv_addr "/>
</bind>
</comp>

<comp id="357" class="1005" name="patternId_val_read_reg_357">
<pin_list>
<pin id="358" dir="0" index="0" bw="8" slack="1"/>
<pin id="359" dir="1" index="1" bw="8" slack="1"/>
</pin_list>
<bind>
<opset="patternId_val_read "/>
</bind>
</comp>

<comp id="362" class="1005" name="blkYuv_load_reg_362">
<pin_list>
<pin id="363" dir="0" index="0" bw="8" slack="1"/>
<pin id="364" dir="1" index="1" bw="8" slack="1"/>
</pin_list>
<bind>
<opset="blkYuv_load "/>
</bind>
</comp>

</comp_list>

<net_list>
<net id="97"><net_src comp="36" pin="0"/><net_sink comp="94" pin=0"/></net>

<net id="101"><net_src comp="36" pin="0"/><net_sink comp="98" pin=0"/></net>

<net id="105"><net_src comp="36" pin="0"/><net_sink comp="102" pin=0"/></net>

<net id="109"><net_src comp="36" pin="0"/><net_sink comp="106" pin=0"/></net>

<net id="113"><net_src comp="36" pin="0"/><net_sink comp="110" pin=0"/></net>

<net id="117"><net_src comp="36" pin="0"/><net_sink comp="114" pin=0"/></net>

<net id="121"><net_src comp="36" pin="0"/><net_sink comp="118" pin=0"/></net>

<net id="126"><net_src comp="38" pin="0"/><net_sink comp="122" pin=0"/></net>

<net id="127"><net_src comp="8" pin="0"/><net_sink comp="122" pin=1"/></net>

<net id="132"><net_src comp="38" pin="0"/><net_sink comp="128" pin=0"/></net>

<net id="133"><net_src comp="6" pin="0"/><net_sink comp="128" pin=1"/></net>

<net id="138"><net_src comp="40" pin="0"/><net_sink comp="134" pin=0"/></net>

<net id="139"><net_src comp="2" pin="0"/><net_sink comp="134" pin=1"/></net>

<net id="144"><net_src comp="40" pin="0"/><net_sink comp="140" pin=0"/></net>

<net id="145"><net_src comp="0" pin="0"/><net_sink comp="140" pin=1"/></net>

<net id="151"><net_src comp="42" pin="0"/><net_sink comp="146" pin=0"/></net>

<net id="152"><net_src comp="18" pin="0"/><net_sink comp="146" pin=1"/></net>

<net id="153"><net_src comp="122" pin="2"/><net_sink comp="146" pin=2"/></net>

<net id="159"><net_src comp="42" pin="0"/><net_sink comp="154" pin=0"/></net>

<net id="160"><net_src comp="16" pin="0"/><net_sink comp="154" pin=1"/></net>

<net id="161"><net_src comp="128" pin="2"/><net_sink comp="154" pin=2"/></net>

<net id="167"><net_src comp="44" pin="0"/><net_sink comp="162" pin=0"/></net>

<net id="168"><net_src comp="14" pin="0"/><net_sink comp="162" pin=1"/></net>

<net id="169"><net_src comp="134" pin="2"/><net_sink comp="162" pin=2"/></net>

<net id="175"><net_src comp="44" pin="0"/><net_sink comp="170" pin=0"/></net>

<net id="176"><net_src comp="12" pin="0"/><net_sink comp="170" pin=1"/></net>

<net id="177"><net_src comp="140" pin="2"/><net_sink comp="170" pin=2"/></net>

<net id="182"><net_src comp="38" pin="0"/><net_sink comp="178" pin=0"/></net>

<net id="183"><net_src comp="4" pin="0"/><net_sink comp="178" pin=1"/></net>

<net id="189"><net_src comp="20" pin="0"/><net_sink comp="184" pin=0"/></net>

<net id="190"><net_src comp="56" pin="0"/><net_sink comp="184" pin=1"/></net>

<net id="196"><net_src comp="184" pin="3"/><net_sink comp="191" pin=0"/></net>

<net id="218"><net_src comp="82" pin="0"/><net_sink comp="197" pin=0"/></net>

<net id="219"><net_src comp="10" pin="0"/><net_sink comp="197" pin=2"/></net>

<net id="220"><net_src comp="22" pin="0"/><net_sink comp="197" pin=13"/></net>

<net id="221"><net_src comp="24" pin="0"/><net_sink comp="197" pin=14"/></net>

<net id="222"><net_src comp="26" pin="0"/><net_sink comp="197" pin=15"/></net>

<net id="223"><net_src comp="28" pin="0"/><net_sink comp="197" pin=16"/></net>

<net id="224"><net_src comp="30" pin="0"/><net_sink comp="197" pin=17"/></net>

<net id="225"><net_src comp="32" pin="0"/><net_sink comp="197" pin=18"/></net>

<net id="232"><net_src comp="46" pin="0"/><net_sink comp="226" pin=0"/></net>

<net id="233"><net_src comp="122" pin="2"/><net_sink comp="226" pin=1"/></net>

<net id="234"><net_src comp="36" pin="0"/><net_sink comp="226" pin=2"/></net>

<net id="235"><net_src comp="48" pin="0"/><net_sink comp="226" pin=3"/></net>

<net id="240"><net_src comp="122" pin="2"/><net_sink comp="236" pin=0"/></net>

<net id="241"><net_src comp="50" pin="0"/><net_sink comp="236" pin=1"/></net>

<net id="247"><net_src comp="236" pin="2"/><net_sink comp="242" pin=0"/></net>

<net id="248"><net_src comp="52" pin="0"/><net_sink comp="242" pin=1"/></net>

<net id="249"><net_src comp="54" pin="0"/><net_sink comp="242" pin=2"/></net>

<net id="250"><net_src comp="242" pin="3"/><net_sink comp="184" pin=2"/></net>

<net id="255"><net_src comp="58" pin="0"/><net_sink comp="251" pin=0"/></net>

<net id="263"><net_src comp="256" pin="1"/><net_sink comp="259" pin=0"/></net>

<net id="268"><net_src comp="256" pin="1"/><net_sink comp="264" pin=0"/></net>

<net id="269"><net_src comp="80" pin="0"/><net_sink comp="264" pin=1"/></net>

<net id="274"><net_src comp="264" pin="2"/><net_sink comp="270" pin=0"/></net>

<net id="278"><net_src comp="34" pin="0"/><net_sink comp="275" pin=0"/></net>

<net id="283"><net_src comp="275" pin="1"/><net_sink comp="279" pin=0"/></net>

<net id="288"><net_src comp="279" pin="2"/><net_sink comp="284" pin=0"/></net>

<net id="289"><net_src comp="34" pin="0"/><net_sink comp="284" pin=1"/></net>

<net id="293"><net_src comp="94" pin="1"/><net_sink comp="290" pin=0"/></net>

<net id="294"><net_src comp="290" pin="1"/><net_sink comp="251" pin=1"/></net>

<net id="295"><net_src comp="290" pin="1"/><net_sink comp="256" pin=0"/></net>

<net id="296"><net_src comp="290" pin="1"/><net_sink comp="270" pin=1"/></net>

<net id="300"><net_src comp="98" pin="1"/><net_sink comp="297" pin=0"/></net>

<net id="301"><net_src comp="297" pin="1"/><net_sink comp="197" pin=12"/></net>

<net id="305"><net_src comp="102" pin="1"/><net_sink comp="302" pin=0"/></net>

<net id="306"><net_src comp="302" pin="1"/><net_sink comp="197" pin=11"/></net>

<net id="310"><net_src comp="106" pin="1"/><net_sink comp="307" pin=0"/></net>

<net id="311"><net_src comp="307" pin="1"/><net_sink comp="197" pin=10"/></net>

<net id="315"><net_src comp="110" pin="1"/><net_sink comp="312" pin=0"/></net>

<net id="316"><net_src comp="312" pin="1"/><net_sink comp="197" pin=9"/></net>

<net id="320"><net_src comp="114" pin="1"/><net_sink comp="317" pin=0"/></net>

<net id="321"><net_src comp="317" pin="1"/><net_sink comp="197" pin=8"/></net>

<net id="325"><net_src comp="118" pin="1"/><net_sink comp="322" pin=0"/></net>

<net id="326"><net_src comp="322" pin="1"/><net_sink comp="197" pin=7"/></net>

<net id="330"><net_src comp="122" pin="2"/><net_sink comp="327" pin=0"/></net>

<net id="331"><net_src comp="327" pin="1"/><net_sink comp="197" pin=5"/></net>

<net id="335"><net_src comp="128" pin="2"/><net_sink comp="332" pin=0"/></net>

<net id="336"><net_src comp="332" pin="1"/><net_sink comp="279" pin=1"/></net>

<net id="340"><net_src comp="134" pin="2"/><net_sink comp="337" pin=0"/></net>

<net id="341"><net_src comp="337" pin="1"/><net_sink comp="197" pin=1"/></net>

<net id="345"><net_src comp="140" pin="2"/><net_sink comp="342" pin=0"/></net>

<net id="346"><net_src comp="342" pin="1"/><net_sink comp="259" pin=1"/></net>

<net id="350"><net_src comp="226" pin="4"/><net_sink comp="347" pin=0"/></net>

<net id="351"><net_src comp="347" pin="1"/><net_sink comp="197" pin=6"/></net>

<net id="355"><net_src comp="184" pin="3"/><net_sink comp="352" pin=0"/></net>

<net id="356"><net_src comp="352" pin="1"/><net_sink comp="191" pin=0"/></net>

<net id="360"><net_src comp="178" pin="2"/><net_sink comp="357" pin=0"/></net>

<net id="361"><net_src comp="357" pin="1"/><net_sink comp="197" pin=3"/></net>

<net id="365"><net_src comp="191" pin="3"/><net_sink comp="362" pin=0"/></net>

<net id="366"><net_src comp="362" pin="1"/><net_sink comp="197" pin=4"/></net>

</net_list>

</model> 
---------------- Datapath Model END ------------------

* FSMD analyzer results:
  - Output states:
	Port: bckgndYUV | {3 4 }
	Port: height_val4_c3 | {1 }
	Port: width_val7_c4 | {1 }
	Port: motionSpeed_val14_c | {1 }
	Port: colorFormat_val17_c5 | {1 }
	Port: blkYuv | {}
	Port: tpgSinTableArray_9bit_0 | {}
	Port: tpgSinTableArray_9bit_1 | {}
	Port: tpgSinTableArray_9bit_2 | {}
	Port: rSerie | {3 4 }
	Port: gSerie | {3 4 }
	Port: bSerie | {3 4 }
	Port: rampStart | {3 }
 - Input state : 
	Port: tpgBackground : height_val | {1 }
	Port: tpgBackground : width_val | {1 }
	Port: tpgBackground : patternId_val | {2 }
	Port: tpgBackground : motionSpeed_val | {1 }
	Port: tpgBackground : colorFormat_val | {1 }
	Port: tpgBackground : blkYuv | {1 2 }
	Port: tpgBackground : tpgSinTableArray_9bit_0 | {3 4 }
	Port: tpgBackground : tpgSinTableArray_9bit_1 | {3 4 }
	Port: tpgBackground : tpgSinTableArray_9bit_2 | {3 4 }
	Port: tpgBackground : rSerie | {3 4 }
	Port: tpgBackground : gSerie | {3 4 }
	Port: tpgBackground : bSerie | {3 4 }
	Port: tpgBackground : rampStart | {3 }
  - Chain level:
	State 1
		idxprom13_1_i188_cast_cast_cast : 1
		blkYuv_addr : 2
		blkYuv_load : 3
		store_ln549 : 1
	State 2
	State 3
		icmp_ln563 : 1
		y_4 : 1
		br_ln563 : 2
		store_ln549 : 2
		add_ln750 : 1
		store_ln750 : 2
	State 4


============================================================
+ Verbose Summary: Datapath Resource usage 
============================================================

* Functional unit list:
|----------|----------------------------------------------------|---------|---------|---------|---------|
| Operation|                   Functional Unit                  |   DSP   |  Delay  |    FF   |   LUT   |
|----------|----------------------------------------------------|---------|---------|---------|---------|
|   call   | grp_tpgBackground_Pipeline_VITIS_LOOP_565_2_fu_197 |    20   |  17.374 |   2709  |   2490  |
|----------|----------------------------------------------------|---------|---------|---------|---------|
|  select  |       idxprom13_1_i188_cast_cast_cast_fu_242       |    0    |    0    |    0    |    64   |
|----------|----------------------------------------------------|---------|---------|---------|---------|
|   icmp   |                  cmp6_i184_fu_236                  |    0    |    0    |    0    |    15   |
|          |                  icmp_ln563_fu_259                 |    0    |    0    |    0    |    23   |
|----------|----------------------------------------------------|---------|---------|---------|---------|
|    add   |                     y_4_fu_264                     |    0    |    0    |    0    |    23   |
|          |                  add_ln750_fu_279                  |    0    |    0    |    0    |    15   |
|----------|----------------------------------------------------|---------|---------|---------|---------|
|          |          colorFormat_val_read_read_fu_122          |    0    |    0    |    0    |    0    |
|          |          motionSpeed_val_read_read_fu_128          |    0    |    0    |    0    |    0    |
|   read   |             width_val_read_read_fu_134             |    0    |    0    |    0    |    0    |
|          |             height_val_read_read_fu_140            |    0    |    0    |    0    |    0    |
|          |           patternId_val_read_read_fu_178           |    0    |    0    |    0    |    0    |
|----------|----------------------------------------------------|---------|---------|---------|---------|
|          |               write_ln0_write_fu_146               |    0    |    0    |    0    |    0    |
|   write  |               write_ln0_write_fu_154               |    0    |    0    |    0    |    0    |
|          |               write_ln0_write_fu_162               |    0    |    0    |    0    |    0    |
|          |               write_ln0_write_fu_170               |    0    |    0    |    0    |    0    |
|----------|----------------------------------------------------|---------|---------|---------|---------|
|partselect|                     tmp_fu_226                     |    0    |    0    |    0    |    0    |
|----------|----------------------------------------------------|---------|---------|---------|---------|
|   Total  |                                                    |    20   |  17.374 |   2709  |   2630  |
|----------|----------------------------------------------------|---------|---------|---------|---------|

Memories:
N/A

* Register list:
+-----------------------------------------+--------+
|                                         |   FF   |
+-----------------------------------------+--------+
|           blkYuv_addr_reg_352           |    2   |
|           blkYuv_load_reg_362           |    8   |
|       colorFormat_val_read_reg_327      |    8   |
|         height_val_read_reg_342         |   16   |
|       motionSpeed_val_read_reg_332      |    8   |
|outpix_0_0_0_0_0_load320_lcssa333_reg_297|    8   |
|outpix_0_1_0_0_0_load322_lcssa336_reg_302|    8   |
|outpix_0_2_0_0_0_load324_lcssa339_reg_307|    8   |
|outpix_0_3_0_0_0_load326_lcssa342_reg_312|    8   |
|outpix_0_4_0_0_0_load328_lcssa345_reg_317|    8   |
|outpix_0_5_0_0_0_load330_lcssa348_reg_322|    8   |
|        patternId_val_read_reg_357       |    8   |
|               tmp_reg_347               |    7   |
|          width_val_read_reg_337         |   16   |
|                y_reg_290                |   16   |
+-----------------------------------------+--------+
|                  Total                  |   137  |
+-----------------------------------------+--------+

* Multiplexer (MUX) list: 
|-------------------|------|------|------|--------||---------||---------||---------|
|        Comp       |  Pin | Size |  BW  | S x BW ||  Delay  ||    FF   ||   LUT   |
|-------------------|------|------|------|--------||---------||---------||---------|
| grp_access_fu_191 |  p0  |   2  |   2  |    4   ||    0    ||    9    |
|-------------------|------|------|------|--------||---------||---------||---------|
|       Total       |      |      |      |    4   ||  0.427  ||    0    ||    9    |
|-------------------|------|------|------|--------||---------||---------||---------|



* Summary:
+-----------+--------+--------+--------+--------+
|           |   DSP  |  Delay |   FF   |   LUT  |
+-----------+--------+--------+--------+--------+
|  Function |   20   |   17   |  2709  |  2630  |
|   Memory  |    -   |    -   |    -   |    -   |
|Multiplexer|    -   |    0   |    0   |    9   |
|  Register |    -   |    -   |   137  |    -   |
+-----------+--------+--------+--------+--------+
|   Total   |   20   |   17   |  2846  |  2639  |
+-----------+--------+--------+--------+--------+
