

================================================================
== Vitis HLS Report for 'v_tpgHlsDataFlow'
================================================================
* Date:           Mon Apr 27 12:25:05 2026

* Version:        2024.2 (Build 5238294 on Nov  8 2024)
* Project:        prj
* Solution:       sol (Vivado IP Flow Target)
* Product family: zynquplus
* Target device:  xck26-sfvc784-2LV-c


================================================================
== Performance Estimates
================================================================
+ Timing: 
    * Summary: 
    +--------+---------+----------+------------+
    |  Clock |  Target | Estimated| Uncertainty|
    +--------+---------+----------+------------+
    |ap_clk  |  6.67 ns|  3.829 ns|     1.80 ns|
    +--------+---------+----------+------------+

+ Latency: 
    * Summary: 
    +---------+------------+----------+------------+-----+------------+----------+
    |   Latency (cycles)   |   Latency (absolute)  |     Interval     | Pipeline |
    |   min   |     max    |    min   |     max    | min |     max    |   Type   |
    +---------+------------+----------+------------+-----+------------+----------+
    |       24|  2148958187|  0.160 us|  14.327 sec|    3|  2148958188|  dataflow|
    +---------+------------+----------+------------+-----+------------+----------+

    + Detail: 
        * Instance: 
        N/A

        * Loop: 
        N/A

============================================================
+ Verbose Summary: Synthesis Manager
============================================================
InlineROM: 1
ExposeGlobal: 0
============================================================
+ Verbose Summary: CDFG Model
============================================================
IsTopModel: 0
ResetActiveHigh: 1
IsCombinational: 2
IsDatapathOnly: 0
HasWiredReturn: 1
HasMFsm: 0
HasVarLatency: 1
IsPipeline: 0
IsRtlPipelined: 0
IsInstanceOverlapped: 0
IsDontTouch: 0
HasImplIP: 0
IsGatedGlobalClock: 0


============================================================
+ Verbose Summary: Schedule
============================================================
* Number of FSM states : 6
* Pipeline : 0
* Dataflow Pipeline: 1
  DF-Pipeline-0: Size = 6, States = { 1 2 3 4 5 6 }

* FSM state transitions: 
1 --> 2 
2 --> 3 
3 --> 4 
4 --> 5 
5 --> 6 
6 --> 

* FSM state operations: 

State 1 <SV = 0> <Delay = 1.83>
ST_1 : Operation 7 [1/1] (0.00ns)   --->   "%colorFormat_val17_read = read i8 @_ssdm_op_Read.ap_auto.i8, i8 %colorFormat_val17"   --->   Operation 7 'read' 'colorFormat_val17_read' <Predicate = true> <Delay = 0.00>
ST_1 : Operation 8 [1/1] (0.00ns)   --->   "%motionSpeed_val14_read = read i8 @_ssdm_op_Read.ap_auto.i8, i8 %motionSpeed_val14"   --->   Operation 8 'read' 'motionSpeed_val14_read' <Predicate = true> <Delay = 0.00>
ST_1 : Operation 9 [1/1] (0.00ns)   --->   "%bckgndId_val10_read = read i8 @_ssdm_op_Read.ap_auto.i8, i8 %bckgndId_val10"   --->   Operation 9 'read' 'bckgndId_val10_read' <Predicate = true> <Delay = 0.00>
ST_1 : Operation 10 [1/1] (0.00ns)   --->   "%width_val7_read = read i16 @_ssdm_op_Read.ap_auto.i16, i16 %width_val7"   --->   Operation 10 'read' 'width_val7_read' <Predicate = true> <Delay = 0.00>
ST_1 : Operation 11 [1/1] (0.00ns)   --->   "%height_val4_read = read i16 @_ssdm_op_Read.ap_auto.i16, i16 %height_val4"   --->   Operation 11 'read' 'height_val4_read' <Predicate = true> <Delay = 0.00>
ST_1 : Operation 12 [1/1] (0.00ns)   --->   "%boxColorB_val23_c = alloca i64 1"   --->   Operation 12 'alloca' 'boxColorB_val23_c' <Predicate = true> <Delay = 0.00> <CoreInst = "FIFO_SRL">   --->   Core 80 'FIFO_SRL' <Latency = 0> <II = 1> <Delay = 1.83> <Storage> <Opcode : 'read' 'write' 'nbread' 'nbwrite'> <Ports = 0> <Width = 8> <Depth = 3> <FIFO>
ST_1 : Operation 13 [1/1] (0.00ns)   --->   "%boxColorG_val22_c = alloca i64 1"   --->   Operation 13 'alloca' 'boxColorG_val22_c' <Predicate = true> <Delay = 0.00> <CoreInst = "FIFO_SRL">   --->   Core 80 'FIFO_SRL' <Latency = 0> <II = 1> <Delay = 1.83> <Storage> <Opcode : 'read' 'write' 'nbread' 'nbwrite'> <Ports = 0> <Width = 8> <Depth = 3> <FIFO>
ST_1 : Operation 14 [1/1] (0.00ns)   --->   "%boxColorR_val21_c = alloca i64 1"   --->   Operation 14 'alloca' 'boxColorR_val21_c' <Predicate = true> <Delay = 0.00> <CoreInst = "FIFO_SRL">   --->   Core 80 'FIFO_SRL' <Latency = 0> <II = 1> <Delay = 1.83> <Storage> <Opcode : 'read' 'write' 'nbread' 'nbwrite'> <Ports = 0> <Width = 8> <Depth = 3> <FIFO>
ST_1 : Operation 15 [1/1] (0.00ns)   --->   "%boxSize_val20_c = alloca i64 1"   --->   Operation 15 'alloca' 'boxSize_val20_c' <Predicate = true> <Delay = 0.00> <CoreInst = "FIFO_SRL">   --->   Core 80 'FIFO_SRL' <Latency = 0> <II = 1> <Delay = 1.83> <Storage> <Opcode : 'read' 'write' 'nbread' 'nbwrite'> <Ports = 0> <Width = 16> <Depth = 3> <FIFO>
ST_1 : Operation 16 [1/1] (0.00ns)   --->   "%crossHairY_val19_c = alloca i64 1"   --->   Operation 16 'alloca' 'crossHairY_val19_c' <Predicate = true> <Delay = 0.00> <CoreInst = "FIFO_SRL">   --->   Core 80 'FIFO_SRL' <Latency = 0> <II = 1> <Delay = 1.83> <Storage> <Opcode : 'read' 'write' 'nbread' 'nbwrite'> <Ports = 0> <Width = 16> <Depth = 3> <FIFO>
ST_1 : Operation 17 [1/1] (0.00ns)   --->   "%crossHairX_val18_c = alloca i64 1"   --->   Operation 17 'alloca' 'crossHairX_val18_c' <Predicate = true> <Delay = 0.00> <CoreInst = "FIFO_SRL">   --->   Core 80 'FIFO_SRL' <Latency = 0> <II = 1> <Delay = 1.83> <Storage> <Opcode : 'read' 'write' 'nbread' 'nbwrite'> <Ports = 0> <Width = 16> <Depth = 3> <FIFO>
ST_1 : Operation 18 [1/1] (0.00ns)   --->   "%colorFormat_val17_c5 = alloca i64 1"   --->   Operation 18 'alloca' 'colorFormat_val17_c5' <Predicate = true> <Delay = 0.00> <CoreInst = "FIFO_SRL">   --->   Core 80 'FIFO_SRL' <Latency = 0> <II = 1> <Delay = 1.83> <Storage> <Opcode : 'read' 'write' 'nbread' 'nbwrite'> <Ports = 0> <Width = 8> <Depth = 2> <FIFO>
ST_1 : Operation 19 [1/1] (0.00ns)   --->   "%colorFormat_val17_c = alloca i64 1"   --->   Operation 19 'alloca' 'colorFormat_val17_c' <Predicate = true> <Delay = 0.00> <CoreInst = "FIFO_SRL">   --->   Core 80 'FIFO_SRL' <Latency = 0> <II = 1> <Delay = 1.83> <Storage> <Opcode : 'read' 'write' 'nbread' 'nbwrite'> <Ports = 0> <Width = 8> <Depth = 2> <FIFO>
ST_1 : Operation 20 [1/1] (0.00ns)   --->   "%motionSpeed_val14_c = alloca i64 1"   --->   Operation 20 'alloca' 'motionSpeed_val14_c' <Predicate = true> <Delay = 0.00> <CoreInst = "FIFO_SRL">   --->   Core 80 'FIFO_SRL' <Latency = 0> <II = 1> <Delay = 1.83> <Storage> <Opcode : 'read' 'write' 'nbread' 'nbwrite'> <Ports = 0> <Width = 8> <Depth = 2> <FIFO>
ST_1 : Operation 21 [1/1] (0.00ns)   --->   "%maskId_val12_c = alloca i64 1"   --->   Operation 21 'alloca' 'maskId_val12_c' <Predicate = true> <Delay = 0.00> <CoreInst = "FIFO_SRL">   --->   Core 80 'FIFO_SRL' <Latency = 0> <II = 1> <Delay = 1.83> <Storage> <Opcode : 'read' 'write' 'nbread' 'nbwrite'> <Ports = 0> <Width = 8> <Depth = 3> <FIFO>
ST_1 : Operation 22 [1/1] (0.00ns)   --->   "%ovrlayId_val11_c = alloca i64 1"   --->   Operation 22 'alloca' 'ovrlayId_val11_c' <Predicate = true> <Delay = 0.00> <CoreInst = "FIFO_SRL">   --->   Core 80 'FIFO_SRL' <Latency = 0> <II = 1> <Delay = 1.83> <Storage> <Opcode : 'read' 'write' 'nbread' 'nbwrite'> <Ports = 0> <Width = 8> <Depth = 3> <FIFO>
ST_1 : Operation 23 [1/1] (0.00ns)   --->   "%fid_in_val9_c = alloca i64 1"   --->   Operation 23 'alloca' 'fid_in_val9_c' <Predicate = true> <Delay = 0.00> <CoreInst = "FIFO_SRL">   --->   Core 80 'FIFO_SRL' <Latency = 0> <II = 1> <Delay = 1.83> <Storage> <Opcode : 'read' 'write' 'nbread' 'nbwrite'> <Ports = 0> <Width = 1> <Depth = 4> <FIFO>
ST_1 : Operation 24 [1/1] (0.00ns)   --->   "%field_id_val8_c = alloca i64 1"   --->   Operation 24 'alloca' 'field_id_val8_c' <Predicate = true> <Delay = 0.00> <CoreInst = "FIFO_SRL">   --->   Core 80 'FIFO_SRL' <Latency = 0> <II = 1> <Delay = 1.83> <Storage> <Opcode : 'read' 'write' 'nbread' 'nbwrite'> <Ports = 0> <Width = 16> <Depth = 4> <FIFO>
ST_1 : Operation 25 [1/1] (0.00ns)   --->   "%width_val7_c4 = alloca i64 1"   --->   Operation 25 'alloca' 'width_val7_c4' <Predicate = true> <Delay = 0.00> <CoreInst = "FIFO_SRL">   --->   Core 80 'FIFO_SRL' <Latency = 0> <II = 1> <Delay = 1.83> <Storage> <Opcode : 'read' 'write' 'nbread' 'nbwrite'> <Ports = 0> <Width = 16> <Depth = 2> <FIFO>
ST_1 : Operation 26 [1/1] (0.00ns)   --->   "%width_val7_c = alloca i64 1"   --->   Operation 26 'alloca' 'width_val7_c' <Predicate = true> <Delay = 0.00> <CoreInst = "FIFO_SRL">   --->   Core 80 'FIFO_SRL' <Latency = 0> <II = 1> <Delay = 1.83> <Storage> <Opcode : 'read' 'write' 'nbread' 'nbwrite'> <Ports = 0> <Width = 11> <Depth = 2> <FIFO>
ST_1 : Operation 27 [1/1] (0.00ns)   --->   "%height_val4_c3 = alloca i64 1"   --->   Operation 27 'alloca' 'height_val4_c3' <Predicate = true> <Delay = 0.00> <CoreInst = "FIFO_SRL">   --->   Core 80 'FIFO_SRL' <Latency = 0> <II = 1> <Delay = 1.83> <Storage> <Opcode : 'read' 'write' 'nbread' 'nbwrite'> <Ports = 0> <Width = 16> <Depth = 2> <FIFO>
ST_1 : Operation 28 [1/1] (0.00ns)   --->   "%height_val4_c = alloca i64 1"   --->   Operation 28 'alloca' 'height_val4_c' <Predicate = true> <Delay = 0.00> <CoreInst = "FIFO_SRL">   --->   Core 80 'FIFO_SRL' <Latency = 0> <II = 1> <Delay = 1.83> <Storage> <Opcode : 'read' 'write' 'nbread' 'nbwrite'> <Ports = 0> <Width = 11> <Depth = 2> <FIFO>
ST_1 : Operation 29 [1/1] (0.00ns)   --->   "%bckgndYUV = alloca i64 1"   --->   Operation 29 'alloca' 'bckgndYUV' <Predicate = true> <Delay = 0.00> <CoreInst = "FIFO_SRL">   --->   Core 80 'FIFO_SRL' <Latency = 0> <II = 1> <Delay = 2.04> <Storage> <Opcode : 'read' 'write' 'nbread' 'nbwrite'> <Ports = 0> <Width = 48> <Depth = 16> <FIFO>
ST_1 : Operation 30 [1/1] (0.00ns)   --->   "%ovrlayYUV = alloca i64 1"   --->   Operation 30 'alloca' 'ovrlayYUV' <Predicate = true> <Delay = 0.00> <CoreInst = "FIFO_SRL">   --->   Core 80 'FIFO_SRL' <Latency = 0> <II = 1> <Delay = 2.04> <Storage> <Opcode : 'read' 'write' 'nbread' 'nbwrite'> <Ports = 0> <Width = 48> <Depth = 16> <FIFO>
ST_1 : Operation 31 [2/2] (1.83ns)   --->   "%call_ln345 = call void @tpgBackground, i16 %height_val4_read, i16 %width_val7_read, i8 %bckgndId_val10_read, i8 %motionSpeed_val14_read, i8 %colorFormat_val17_read, i48 %bckgndYUV, i16 %height_val4_c3, i16 %width_val7_c4, i8 %motionSpeed_val14_c, i8 %colorFormat_val17_c5, i8 %blkYuv, i8 %tpgSinTableArray_9bit_0, i8 %tpgSinTableArray_9bit_1, i9 %tpgSinTableArray_9bit_2, i28 %rSerie, i28 %gSerie, i28 %bSerie, i8 %rampStart" [/home/izaan/GitRepos/dpdma_exdes/vivado_quad_vmix/kv260_quad_vmix_dp.runs/bd_quad_vmix_dp_v_tpg_3_0_synth_1/prj/sol/.autopilot/db/v_tpg.cpp:345]   --->   Operation 31 'call' 'call_ln345' <Predicate = true> <Delay = 1.83> <CoreType = "Generic">   --->   Generic Core

State 2 <SV = 1> <Delay = 1.83>
ST_2 : Operation 32 [1/1] (0.00ns)   --->   "%boxColorB_val23_read = read i8 @_ssdm_op_Read.ap_auto.i8, i8 %boxColorB_val23"   --->   Operation 32 'read' 'boxColorB_val23_read' <Predicate = true> <Delay = 0.00>
ST_2 : Operation 33 [1/1] (0.00ns)   --->   "%boxColorG_val22_read = read i8 @_ssdm_op_Read.ap_auto.i8, i8 %boxColorG_val22"   --->   Operation 33 'read' 'boxColorG_val22_read' <Predicate = true> <Delay = 0.00>
ST_2 : Operation 34 [1/1] (0.00ns)   --->   "%boxColorR_val21_read = read i8 @_ssdm_op_Read.ap_auto.i8, i8 %boxColorR_val21"   --->   Operation 34 'read' 'boxColorR_val21_read' <Predicate = true> <Delay = 0.00>
ST_2 : Operation 35 [1/1] (0.00ns)   --->   "%boxSize_val20_read = read i16 @_ssdm_op_Read.ap_auto.i16, i16 %boxSize_val20"   --->   Operation 35 'read' 'boxSize_val20_read' <Predicate = true> <Delay = 0.00>
ST_2 : Operation 36 [1/1] (0.00ns)   --->   "%crossHairY_val19_read = read i16 @_ssdm_op_Read.ap_auto.i16, i16 %crossHairY_val19"   --->   Operation 36 'read' 'crossHairY_val19_read' <Predicate = true> <Delay = 0.00>
ST_2 : Operation 37 [1/1] (0.00ns)   --->   "%crossHairX_val18_read = read i16 @_ssdm_op_Read.ap_auto.i16, i16 %crossHairX_val18"   --->   Operation 37 'read' 'crossHairX_val18_read' <Predicate = true> <Delay = 0.00>
ST_2 : Operation 38 [1/1] (0.00ns)   --->   "%maskId_val12_read = read i8 @_ssdm_op_Read.ap_auto.i8, i8 %maskId_val12"   --->   Operation 38 'read' 'maskId_val12_read' <Predicate = true> <Delay = 0.00>
ST_2 : Operation 39 [1/1] (0.00ns)   --->   "%ovrlayId_val11_read = read i8 @_ssdm_op_Read.ap_auto.i8, i8 %ovrlayId_val11"   --->   Operation 39 'read' 'ovrlayId_val11_read' <Predicate = true> <Delay = 0.00>
ST_2 : Operation 40 [1/1] (0.00ns)   --->   "%fid_in_val9_read = read i1 @_ssdm_op_Read.ap_auto.i1, i1 %fid_in_val9"   --->   Operation 40 'read' 'fid_in_val9_read' <Predicate = true> <Delay = 0.00>
ST_2 : Operation 41 [1/1] (0.00ns)   --->   "%field_id_val8_read = read i16 @_ssdm_op_Read.ap_auto.i16, i16 %field_id_val8"   --->   Operation 41 'read' 'field_id_val8_read' <Predicate = true> <Delay = 0.00>
ST_2 : Operation 42 [1/1] (1.83ns)   --->   "%call_ln0 = call void @entry_proc, i16 %field_id_val8_read, i16 %field_id_val8_c, i1 %fid_in_val9_read, i1 %fid_in_val9_c, i8 %ovrlayId_val11_read, i8 %ovrlayId_val11_c, i8 %maskId_val12_read, i8 %maskId_val12_c, i16 %crossHairX_val18_read, i16 %crossHairX_val18_c, i16 %crossHairY_val19_read, i16 %crossHairY_val19_c, i16 %boxSize_val20_read, i16 %boxSize_val20_c, i8 %boxColorR_val21_read, i8 %boxColorR_val21_c, i8 %boxColorG_val22_read, i8 %boxColorG_val22_c, i8 %boxColorB_val23_read, i8 %boxColorB_val23_c"   --->   Operation 42 'call' 'call_ln0' <Predicate = true> <Delay = 1.83> <CoreType = "Generic">   --->   Generic Core
ST_2 : Operation 43 [1/2] (0.85ns)   --->   "%call_ln345 = call void @tpgBackground, i16 %height_val4_read, i16 %width_val7_read, i8 %bckgndId_val10_read, i8 %motionSpeed_val14_read, i8 %colorFormat_val17_read, i48 %bckgndYUV, i16 %height_val4_c3, i16 %width_val7_c4, i8 %motionSpeed_val14_c, i8 %colorFormat_val17_c5, i8 %blkYuv, i8 %tpgSinTableArray_9bit_0, i8 %tpgSinTableArray_9bit_1, i9 %tpgSinTableArray_9bit_2, i28 %rSerie, i28 %gSerie, i28 %bSerie, i8 %rampStart" [/home/izaan/GitRepos/dpdma_exdes/vivado_quad_vmix/kv260_quad_vmix_dp.runs/bd_quad_vmix_dp_v_tpg_3_0_synth_1/prj/sol/.autopilot/db/v_tpg.cpp:345]   --->   Operation 43 'call' 'call_ln345' <Predicate = true> <Delay = 0.85> <CoreType = "Generic">   --->   Generic Core

State 3 <SV = 2> <Delay = 0.00>
ST_3 : Operation 44 [2/2] (0.00ns)   --->   "%call_ln358 = call void @tpgForeground, i48 %bckgndYUV, i16 %height_val4_c3, i16 %width_val7_c4, i8 %ovrlayId_val11_c, i8 %maskId_val12_c, i8 %colorFormat_val17_c5, i16 %crossHairX_val18_c, i16 %crossHairY_val19_c, i16 %boxSize_val20_c, i8 %boxColorR_val21_c, i8 %boxColorG_val22_c, i8 %boxColorB_val23_c, i8 %motionSpeed_val14_c, i48 %ovrlayYUV, i11 %height_val4_c, i11 %width_val7_c, i8 %colorFormat_val17_c, i8 %whiYuv, i16 %boxHCoord, i16 %boxVCoord, i1 %vDir, i1 %hDir" [/home/izaan/GitRepos/dpdma_exdes/vivado_quad_vmix/kv260_quad_vmix_dp.runs/bd_quad_vmix_dp_v_tpg_3_0_synth_1/prj/sol/.autopilot/db/v_tpg.cpp:358]   --->   Operation 44 'call' 'call_ln358' <Predicate = true> <Delay = 0.00> <CoreType = "Generic">   --->   Generic Core

State 4 <SV = 3> <Delay = 0.85>
ST_4 : Operation 45 [1/2] (0.85ns)   --->   "%call_ln358 = call void @tpgForeground, i48 %bckgndYUV, i16 %height_val4_c3, i16 %width_val7_c4, i8 %ovrlayId_val11_c, i8 %maskId_val12_c, i8 %colorFormat_val17_c5, i16 %crossHairX_val18_c, i16 %crossHairY_val19_c, i16 %boxSize_val20_c, i8 %boxColorR_val21_c, i8 %boxColorG_val22_c, i8 %boxColorB_val23_c, i8 %motionSpeed_val14_c, i48 %ovrlayYUV, i11 %height_val4_c, i11 %width_val7_c, i8 %colorFormat_val17_c, i8 %whiYuv, i16 %boxHCoord, i16 %boxVCoord, i1 %vDir, i1 %hDir" [/home/izaan/GitRepos/dpdma_exdes/vivado_quad_vmix/kv260_quad_vmix_dp.runs/bd_quad_vmix_dp_v_tpg_3_0_synth_1/prj/sol/.autopilot/db/v_tpg.cpp:358]   --->   Operation 45 'call' 'call_ln358' <Predicate = true> <Delay = 0.85> <CoreType = "Generic">   --->   Generic Core

State 5 <SV = 4> <Delay = 0.00>
ST_5 : Operation 46 [2/2] (0.00ns)   --->   "%call_ln399 = call void @MultiPixStream2AXIvideo, i48 %ovrlayYUV, i48 %m_axis_video_V_data_V, i6 %m_axis_video_V_keep_V, i6 %m_axis_video_V_strb_V, i1 %m_axis_video_V_user_V, i1 %m_axis_video_V_last_V, i1 %m_axis_video_V_id_V, i1 %m_axis_video_V_dest_V, i11 %height_val4_c, i11 %width_val7_c, i8 %colorFormat_val17_c, i1 %fid_in_val9_c, i1 %fid, i16 %field_id_val8_c, i1 %fidStored, i16 %counter" [/home/izaan/GitRepos/dpdma_exdes/vivado_quad_vmix/kv260_quad_vmix_dp.runs/bd_quad_vmix_dp_v_tpg_3_0_synth_1/prj/sol/.autopilot/db/v_tpg.cpp:399]   --->   Operation 46 'call' 'call_ln399' <Predicate = true> <Delay = 0.00> <CoreType = "Generic">   --->   Generic Core

State 6 <SV = 5> <Delay = 0.79>
ST_6 : Operation 47 [1/1] (0.00ns)   --->   "%empty = specchannel i32 @_ssdm_op_SpecChannel, void @boxColorB_OC_val23_c_str, i32 1, void @p_str, void @p_str, i32 3, i32 0, i8 %boxColorB_val23_c, i8 %boxColorB_val23_c"   --->   Operation 47 'specchannel' 'empty' <Predicate = true> <Delay = 0.00>
ST_6 : Operation 48 [1/1] (0.00ns)   --->   "%specinterface_ln0 = specinterface void @_ssdm_op_SpecInterface, i8 %boxColorB_val23_c, void @ap_fifo_str, i32 0, i32 0, void @p_str, i32 0, i32 0, void @p_str, void @p_str, void @p_str, i32 2, i32 2, i32 16, i32 16, void @p_str, void @p_str, i32 4294967295, i32 0, i32 0"   --->   Operation 48 'specinterface' 'specinterface_ln0' <Predicate = true> <Delay = 0.00>
ST_6 : Operation 49 [1/1] (0.00ns)   --->   "%empty_65 = specchannel i32 @_ssdm_op_SpecChannel, void @boxColorG_OC_val22_c_str, i32 1, void @p_str, void @p_str, i32 3, i32 0, i8 %boxColorG_val22_c, i8 %boxColorG_val22_c"   --->   Operation 49 'specchannel' 'empty_65' <Predicate = true> <Delay = 0.00>
ST_6 : Operation 50 [1/1] (0.00ns)   --->   "%specinterface_ln0 = specinterface void @_ssdm_op_SpecInterface, i8 %boxColorG_val22_c, void @ap_fifo_str, i32 0, i32 0, void @p_str, i32 0, i32 0, void @p_str, void @p_str, void @p_str, i32 2, i32 2, i32 16, i32 16, void @p_str, void @p_str, i32 4294967295, i32 0, i32 0"   --->   Operation 50 'specinterface' 'specinterface_ln0' <Predicate = true> <Delay = 0.00>
ST_6 : Operation 51 [1/1] (0.00ns)   --->   "%empty_66 = specchannel i32 @_ssdm_op_SpecChannel, void @boxColorR_OC_val21_c_str, i32 1, void @p_str, void @p_str, i32 3, i32 0, i8 %boxColorR_val21_c, i8 %boxColorR_val21_c"   --->   Operation 51 'specchannel' 'empty_66' <Predicate = true> <Delay = 0.00>
ST_6 : Operation 52 [1/1] (0.00ns)   --->   "%specinterface_ln0 = specinterface void @_ssdm_op_SpecInterface, i8 %boxColorR_val21_c, void @ap_fifo_str, i32 0, i32 0, void @p_str, i32 0, i32 0, void @p_str, void @p_str, void @p_str, i32 2, i32 2, i32 16, i32 16, void @p_str, void @p_str, i32 4294967295, i32 0, i32 0"   --->   Operation 52 'specinterface' 'specinterface_ln0' <Predicate = true> <Delay = 0.00>
ST_6 : Operation 53 [1/1] (0.00ns)   --->   "%empty_67 = specchannel i32 @_ssdm_op_SpecChannel, void @boxSize_OC_val20_c_str, i32 1, void @p_str, void @p_str, i32 3, i32 0, i16 %boxSize_val20_c, i16 %boxSize_val20_c"   --->   Operation 53 'specchannel' 'empty_67' <Predicate = true> <Delay = 0.00>
ST_6 : Operation 54 [1/1] (0.00ns)   --->   "%specinterface_ln0 = specinterface void @_ssdm_op_SpecInterface, i16 %boxSize_val20_c, void @ap_fifo_str, i32 0, i32 0, void @p_str, i32 0, i32 0, void @p_str, void @p_str, void @p_str, i32 2, i32 2, i32 16, i32 16, void @p_str, void @p_str, i32 4294967295, i32 0, i32 0"   --->   Operation 54 'specinterface' 'specinterface_ln0' <Predicate = true> <Delay = 0.00>
ST_6 : Operation 55 [1/1] (0.00ns)   --->   "%empty_68 = specchannel i32 @_ssdm_op_SpecChannel, void @crossHairY_OC_val19_c_str, i32 1, void @p_str, void @p_str, i32 3, i32 0, i16 %crossHairY_val19_c, i16 %crossHairY_val19_c"   --->   Operation 55 'specchannel' 'empty_68' <Predicate = true> <Delay = 0.00>
ST_6 : Operation 56 [1/1] (0.00ns)   --->   "%specinterface_ln0 = specinterface void @_ssdm_op_SpecInterface, i16 %crossHairY_val19_c, void @ap_fifo_str, i32 0, i32 0, void @p_str, i32 0, i32 0, void @p_str, void @p_str, void @p_str, i32 2, i32 2, i32 16, i32 16, void @p_str, void @p_str, i32 4294967295, i32 0, i32 0"   --->   Operation 56 'specinterface' 'specinterface_ln0' <Predicate = true> <Delay = 0.00>
ST_6 : Operation 57 [1/1] (0.00ns)   --->   "%empty_69 = specchannel i32 @_ssdm_op_SpecChannel, void @crossHairX_OC_val18_c_str, i32 1, void @p_str, void @p_str, i32 3, i32 0, i16 %crossHairX_val18_c, i16 %crossHairX_val18_c"   --->   Operation 57 'specchannel' 'empty_69' <Predicate = true> <Delay = 0.00>
ST_6 : Operation 58 [1/1] (0.00ns)   --->   "%specinterface_ln0 = specinterface void @_ssdm_op_SpecInterface, i16 %crossHairX_val18_c, void @ap_fifo_str, i32 0, i32 0, void @p_str, i32 0, i32 0, void @p_str, void @p_str, void @p_str, i32 2, i32 2, i32 16, i32 16, void @p_str, void @p_str, i32 4294967295, i32 0, i32 0"   --->   Operation 58 'specinterface' 'specinterface_ln0' <Predicate = true> <Delay = 0.00>
ST_6 : Operation 59 [1/1] (0.00ns)   --->   "%empty_70 = specchannel i32 @_ssdm_op_SpecChannel, void @colorFormat_OC_val17_c5_str, i32 1, void @p_str, void @p_str, i32 2, i32 0, i8 %colorFormat_val17_c5, i8 %colorFormat_val17_c5"   --->   Operation 59 'specchannel' 'empty_70' <Predicate = true> <Delay = 0.00>
ST_6 : Operation 60 [1/1] (0.00ns)   --->   "%specinterface_ln0 = specinterface void @_ssdm_op_SpecInterface, i8 %colorFormat_val17_c5, void @ap_fifo_str, i32 0, i32 0, void @p_str, i32 0, i32 0, void @p_str, void @p_str, void @p_str, i32 2, i32 2, i32 16, i32 16, void @p_str, void @p_str, i32 4294967295, i32 0, i32 0"   --->   Operation 60 'specinterface' 'specinterface_ln0' <Predicate = true> <Delay = 0.00>
ST_6 : Operation 61 [1/1] (0.00ns)   --->   "%empty_71 = specchannel i32 @_ssdm_op_SpecChannel, void @colorFormat_OC_val17_c_str, i32 1, void @p_str, void @p_str, i32 2, i32 0, i8 %colorFormat_val17_c, i8 %colorFormat_val17_c"   --->   Operation 61 'specchannel' 'empty_71' <Predicate = true> <Delay = 0.00>
ST_6 : Operation 62 [1/1] (0.00ns)   --->   "%specinterface_ln0 = specinterface void @_ssdm_op_SpecInterface, i8 %colorFormat_val17_c, void @ap_fifo_str, i32 0, i32 0, void @p_str, i32 0, i32 0, void @p_str, void @p_str, void @p_str, i32 2, i32 2, i32 16, i32 16, void @p_str, void @p_str, i32 4294967295, i32 0, i32 0"   --->   Operation 62 'specinterface' 'specinterface_ln0' <Predicate = true> <Delay = 0.00>
ST_6 : Operation 63 [1/1] (0.00ns)   --->   "%empty_72 = specchannel i32 @_ssdm_op_SpecChannel, void @motionSpeed_OC_val14_c_str, i32 1, void @p_str, void @p_str, i32 2, i32 0, i8 %motionSpeed_val14_c, i8 %motionSpeed_val14_c"   --->   Operation 63 'specchannel' 'empty_72' <Predicate = true> <Delay = 0.00>
ST_6 : Operation 64 [1/1] (0.00ns)   --->   "%specinterface_ln0 = specinterface void @_ssdm_op_SpecInterface, i8 %motionSpeed_val14_c, void @ap_fifo_str, i32 0, i32 0, void @p_str, i32 0, i32 0, void @p_str, void @p_str, void @p_str, i32 2, i32 2, i32 16, i32 16, void @p_str, void @p_str, i32 4294967295, i32 0, i32 0"   --->   Operation 64 'specinterface' 'specinterface_ln0' <Predicate = true> <Delay = 0.00>
ST_6 : Operation 65 [1/1] (0.00ns)   --->   "%empty_73 = specchannel i32 @_ssdm_op_SpecChannel, void @maskId_OC_val12_c_str, i32 1, void @p_str, void @p_str, i32 3, i32 0, i8 %maskId_val12_c, i8 %maskId_val12_c"   --->   Operation 65 'specchannel' 'empty_73' <Predicate = true> <Delay = 0.00>
ST_6 : Operation 66 [1/1] (0.00ns)   --->   "%specinterface_ln0 = specinterface void @_ssdm_op_SpecInterface, i8 %maskId_val12_c, void @ap_fifo_str, i32 0, i32 0, void @p_str, i32 0, i32 0, void @p_str, void @p_str, void @p_str, i32 2, i32 2, i32 16, i32 16, void @p_str, void @p_str, i32 4294967295, i32 0, i32 0"   --->   Operation 66 'specinterface' 'specinterface_ln0' <Predicate = true> <Delay = 0.00>
ST_6 : Operation 67 [1/1] (0.00ns)   --->   "%empty_74 = specchannel i32 @_ssdm_op_SpecChannel, void @ovrlayId_OC_val11_c_str, i32 1, void @p_str, void @p_str, i32 3, i32 0, i8 %ovrlayId_val11_c, i8 %ovrlayId_val11_c"   --->   Operation 67 'specchannel' 'empty_74' <Predicate = true> <Delay = 0.00>
ST_6 : Operation 68 [1/1] (0.00ns)   --->   "%specinterface_ln0 = specinterface void @_ssdm_op_SpecInterface, i8 %ovrlayId_val11_c, void @ap_fifo_str, i32 0, i32 0, void @p_str, i32 0, i32 0, void @p_str, void @p_str, void @p_str, i32 2, i32 2, i32 16, i32 16, void @p_str, void @p_str, i32 4294967295, i32 0, i32 0"   --->   Operation 68 'specinterface' 'specinterface_ln0' <Predicate = true> <Delay = 0.00>
ST_6 : Operation 69 [1/1] (0.00ns)   --->   "%empty_75 = specchannel i32 @_ssdm_op_SpecChannel, void @fid_in_OC_val9_c_str, i32 1, void @p_str, void @p_str, i32 4, i32 0, i1 %fid_in_val9_c, i1 %fid_in_val9_c"   --->   Operation 69 'specchannel' 'empty_75' <Predicate = true> <Delay = 0.00>
ST_6 : Operation 70 [1/1] (0.00ns)   --->   "%specinterface_ln0 = specinterface void @_ssdm_op_SpecInterface, i1 %fid_in_val9_c, void @ap_fifo_str, i32 0, i32 0, void @p_str, i32 0, i32 0, void @p_str, void @p_str, void @p_str, i32 2, i32 2, i32 16, i32 16, void @p_str, void @p_str, i32 4294967295, i32 0, i32 0"   --->   Operation 70 'specinterface' 'specinterface_ln0' <Predicate = true> <Delay = 0.00>
ST_6 : Operation 71 [1/1] (0.00ns)   --->   "%empty_76 = specchannel i32 @_ssdm_op_SpecChannel, void @field_id_OC_val8_c_str, i32 1, void @p_str, void @p_str, i32 4, i32 0, i16 %field_id_val8_c, i16 %field_id_val8_c"   --->   Operation 71 'specchannel' 'empty_76' <Predicate = true> <Delay = 0.00>
ST_6 : Operation 72 [1/1] (0.00ns)   --->   "%specinterface_ln0 = specinterface void @_ssdm_op_SpecInterface, i16 %field_id_val8_c, void @ap_fifo_str, i32 0, i32 0, void @p_str, i32 0, i32 0, void @p_str, void @p_str, void @p_str, i32 2, i32 2, i32 16, i32 16, void @p_str, void @p_str, i32 4294967295, i32 0, i32 0"   --->   Operation 72 'specinterface' 'specinterface_ln0' <Predicate = true> <Delay = 0.00>
ST_6 : Operation 73 [1/1] (0.00ns)   --->   "%empty_77 = specchannel i32 @_ssdm_op_SpecChannel, void @width_OC_val7_c4_str, i32 1, void @p_str, void @p_str, i32 2, i32 0, i16 %width_val7_c4, i16 %width_val7_c4"   --->   Operation 73 'specchannel' 'empty_77' <Predicate = true> <Delay = 0.00>
ST_6 : Operation 74 [1/1] (0.00ns)   --->   "%specinterface_ln0 = specinterface void @_ssdm_op_SpecInterface, i16 %width_val7_c4, void @ap_fifo_str, i32 0, i32 0, void @p_str, i32 0, i32 0, void @p_str, void @p_str, void @p_str, i32 2, i32 2, i32 16, i32 16, void @p_str, void @p_str, i32 4294967295, i32 0, i32 0"   --->   Operation 74 'specinterface' 'specinterface_ln0' <Predicate = true> <Delay = 0.00>
ST_6 : Operation 75 [1/1] (0.00ns)   --->   "%empty_78 = specchannel i32 @_ssdm_op_SpecChannel, void @width_OC_val7_c_str, i32 1, void @p_str, void @p_str, i32 2, i32 0, i11 %width_val7_c, i11 %width_val7_c"   --->   Operation 75 'specchannel' 'empty_78' <Predicate = true> <Delay = 0.00>
ST_6 : Operation 76 [1/1] (0.00ns)   --->   "%specinterface_ln0 = specinterface void @_ssdm_op_SpecInterface, i11 %width_val7_c, void @ap_fifo_str, i32 0, i32 0, void @p_str, i32 0, i32 0, void @p_str, void @p_str, void @p_str, i32 2, i32 2, i32 16, i32 16, void @p_str, void @p_str, i32 4294967295, i32 0, i32 0"   --->   Operation 76 'specinterface' 'specinterface_ln0' <Predicate = true> <Delay = 0.00>
ST_6 : Operation 77 [1/1] (0.00ns)   --->   "%empty_79 = specchannel i32 @_ssdm_op_SpecChannel, void @height_OC_val4_c3_str, i32 1, void @p_str, void @p_str, i32 2, i32 0, i16 %height_val4_c3, i16 %height_val4_c3"   --->   Operation 77 'specchannel' 'empty_79' <Predicate = true> <Delay = 0.00>
ST_6 : Operation 78 [1/1] (0.00ns)   --->   "%specinterface_ln0 = specinterface void @_ssdm_op_SpecInterface, i16 %height_val4_c3, void @ap_fifo_str, i32 0, i32 0, void @p_str, i32 0, i32 0, void @p_str, void @p_str, void @p_str, i32 2, i32 2, i32 16, i32 16, void @p_str, void @p_str, i32 4294967295, i32 0, i32 0"   --->   Operation 78 'specinterface' 'specinterface_ln0' <Predicate = true> <Delay = 0.00>
ST_6 : Operation 79 [1/1] (0.00ns)   --->   "%empty_80 = specchannel i32 @_ssdm_op_SpecChannel, void @height_OC_val4_c_str, i32 1, void @p_str, void @p_str, i32 2, i32 0, i11 %height_val4_c, i11 %height_val4_c"   --->   Operation 79 'specchannel' 'empty_80' <Predicate = true> <Delay = 0.00>
ST_6 : Operation 80 [1/1] (0.00ns)   --->   "%specinterface_ln0 = specinterface void @_ssdm_op_SpecInterface, i11 %height_val4_c, void @ap_fifo_str, i32 0, i32 0, void @p_str, i32 0, i32 0, void @p_str, void @p_str, void @p_str, i32 2, i32 2, i32 16, i32 16, void @p_str, void @p_str, i32 4294967295, i32 0, i32 0"   --->   Operation 80 'specinterface' 'specinterface_ln0' <Predicate = true> <Delay = 0.00>
ST_6 : Operation 81 [1/1] (0.00ns)   --->   "%specdataflowpipeline_ln0 = specdataflowpipeline void @_ssdm_op_SpecDataflowPipeline, i32 4294967295, i32 0, void @empty_9"   --->   Operation 81 'specdataflowpipeline' 'specdataflowpipeline_ln0' <Predicate = true> <Delay = 0.00>
ST_6 : Operation 82 [1/1] (0.00ns)   --->   "%specaxissidechannel_ln0 = specaxissidechannel void @_ssdm_op_SpecAXISSideChannel, i48 %m_axis_video_V_data_V, i6 %m_axis_video_V_keep_V, i6 %m_axis_video_V_strb_V, i1 %m_axis_video_V_user_V, i1 %m_axis_video_V_last_V, i1 %m_axis_video_V_id_V, i1 %m_axis_video_V_dest_V, void @empty_20"   --->   Operation 82 'specaxissidechannel' 'specaxissidechannel_ln0' <Predicate = true> <Delay = 0.00>
ST_6 : Operation 83 [1/1] (0.00ns)   --->   "%specinterface_ln0 = specinterface void @_ssdm_op_SpecInterface, i1 %m_axis_video_V_dest_V, i1 %m_axis_video_V_id_V, i1 %m_axis_video_V_last_V, i1 %m_axis_video_V_user_V, i6 %m_axis_video_V_strb_V, i6 %m_axis_video_V_keep_V, i48 %m_axis_video_V_data_V, void @empty_18, i32 0, i32 0, void @empty_4, i32 0, i32 0, void @empty_9, void @empty_9, void @empty_9, i32 0, i32 0, i32 0, i32 0, void @empty_9, void @empty_9, i32 4294967295, i32 0, i32 0"   --->   Operation 83 'specinterface' 'specinterface_ln0' <Predicate = true> <Delay = 0.00>
ST_6 : Operation 84 [1/1] (0.00ns)   --->   "%empty_81 = specchannel i32 @_ssdm_op_SpecChannel, void @bckgndYUV_str, i32 1, void @p_str, void @p_str, i32 16, i32 16, i48 %bckgndYUV, i48 %bckgndYUV"   --->   Operation 84 'specchannel' 'empty_81' <Predicate = true> <Delay = 0.00>
ST_6 : Operation 85 [1/1] (0.00ns)   --->   "%specinterface_ln0 = specinterface void @_ssdm_op_SpecInterface, i48 %bckgndYUV, void @empty_21, i32 0, i32 0, void @empty_9, i32 0, i32 0, void @empty_9, void @empty_9, void @empty_9, i32 0, i32 0, i32 0, i32 0, void @empty_9, void @empty_9, i32 4294967295, i32 0, i32 0"   --->   Operation 85 'specinterface' 'specinterface_ln0' <Predicate = true> <Delay = 0.00>
ST_6 : Operation 86 [1/1] (0.00ns)   --->   "%empty_82 = specchannel i32 @_ssdm_op_SpecChannel, void @ovrlayYUV_str, i32 1, void @p_str, void @p_str, i32 16, i32 16, i48 %ovrlayYUV, i48 %ovrlayYUV"   --->   Operation 86 'specchannel' 'empty_82' <Predicate = true> <Delay = 0.00>
ST_6 : Operation 87 [1/1] (0.00ns)   --->   "%specinterface_ln0 = specinterface void @_ssdm_op_SpecInterface, i48 %ovrlayYUV, void @empty_21, i32 0, i32 0, void @empty_9, i32 0, i32 0, void @empty_9, void @empty_9, void @empty_9, i32 0, i32 0, i32 0, i32 0, void @empty_9, void @empty_9, i32 4294967295, i32 0, i32 0"   --->   Operation 87 'specinterface' 'specinterface_ln0' <Predicate = true> <Delay = 0.00>
ST_6 : Operation 88 [1/2] (0.79ns)   --->   "%call_ln399 = call void @MultiPixStream2AXIvideo, i48 %ovrlayYUV, i48 %m_axis_video_V_data_V, i6 %m_axis_video_V_keep_V, i6 %m_axis_video_V_strb_V, i1 %m_axis_video_V_user_V, i1 %m_axis_video_V_last_V, i1 %m_axis_video_V_id_V, i1 %m_axis_video_V_dest_V, i11 %height_val4_c, i11 %width_val7_c, i8 %colorFormat_val17_c, i1 %fid_in_val9_c, i1 %fid, i16 %field_id_val8_c, i1 %fidStored, i16 %counter" [/home/izaan/GitRepos/dpdma_exdes/vivado_quad_vmix/kv260_quad_vmix_dp.runs/bd_quad_vmix_dp_v_tpg_3_0_synth_1/prj/sol/.autopilot/db/v_tpg.cpp:399]   --->   Operation 88 'call' 'call_ln399' <Predicate = true> <Delay = 0.79> <CoreType = "Generic">   --->   Generic Core
ST_6 : Operation 89 [1/1] (0.00ns)   --->   "%ret_ln401 = ret" [/home/izaan/GitRepos/dpdma_exdes/vivado_quad_vmix/kv260_quad_vmix_dp.runs/bd_quad_vmix_dp_v_tpg_3_0_synth_1/prj/sol/.autopilot/db/v_tpg.cpp:401]   --->   Operation 89 'ret' 'ret_ln401' <Predicate = true> <Delay = 0.00>


============================================================
+ Verbose Summary: Timing violations
============================================================
Target clock period: 6.667ns, clock uncertainty: 1.800ns.

 <State 1>: 1.838ns
The critical path consists of the following:
	wire read operation ('colorFormat_val17_read') on port 'colorFormat_val17' [45]  (0.000 ns)
	'call' operation 0 bit ('call_ln345', /home/izaan/GitRepos/dpdma_exdes/vivado_quad_vmix/kv260_quad_vmix_dp.runs/bd_quad_vmix_dp_v_tpg_3_0_synth_1/prj/sol/.autopilot/db/v_tpg.cpp:345) to 'tpgBackground' [115]  (1.838 ns)

 <State 2>: 1.838ns
The critical path consists of the following:
	wire read operation ('boxColorB_val23_read') on port 'boxColorB_val23' [39]  (0.000 ns)
	'call' operation 0 bit ('call_ln0') to 'entry_proc' [114]  (1.838 ns)

 <State 3>: 0.000ns
The critical path consists of the following:

 <State 4>: 0.853ns
The critical path consists of the following:
	'call' operation 0 bit ('call_ln358', /home/izaan/GitRepos/dpdma_exdes/vivado_quad_vmix/kv260_quad_vmix_dp.runs/bd_quad_vmix_dp_v_tpg_3_0_synth_1/prj/sol/.autopilot/db/v_tpg.cpp:358) to 'tpgForeground' [116]  (0.853 ns)

 <State 5>: 0.000ns
The critical path consists of the following:

 <State 6>: 0.798ns
The critical path consists of the following:
	'call' operation 0 bit ('call_ln399', /home/izaan/GitRepos/dpdma_exdes/vivado_quad_vmix/kv260_quad_vmix_dp.runs/bd_quad_vmix_dp_v_tpg_3_0_synth_1/prj/sol/.autopilot/db/v_tpg.cpp:399) to 'MultiPixStream2AXIvideo' [117]  (0.798 ns)


============================================================
+ Verbose Summary: Binding
============================================================
N/A
* FSMD analyzer results:
  - Output states:
 - Input state : 
  - Chain level:
	State 1
	State 2
	State 3
	State 4
	State 5
	State 6


============================================================
+ Verbose Summary: Datapath Resource usage 
============================================================
N/A
