

================================================================
== Vitis HLS Report for 'Bytes2AXIMMvideo'
================================================================
* Date:           Mon Apr 27 12:25:03 2026

* Version:        2024.2 (Build 5238294 on Nov  8 2024)
* Project:        prj
* Solution:       sol (Vivado IP Flow Target)
* Product family: zynquplus
* Target device:  xck26-sfvc784-2LV-c


================================================================
== Performance Estimates
================================================================
+ Timing: 
    * Summary: 
    +--------+---------+----------+------------+
    |  Clock |  Target | Estimated| Uncertainty|
    +--------+---------+----------+------------+
    |ap_clk  |  6.67 ns|  4.867 ns|     1.80 ns|
    +--------+---------+----------+------------+

+ Latency: 
    * Summary: 
    +---------+---------+-----------+-----------+------+---------+---------+
    |  Latency (cycles) |   Latency (absolute)  |    Interval    | Pipeline|
    |   min   |   max   |    min    |    max    |  min |   max   |   Type  |
    +---------+---------+-----------+-----------+------+---------+---------+
    |     7041|  3350161|  46.942 us|  22.336 ms|  7041|  3350161|       no|
    +---------+---------+-----------+-----------+------+---------+---------+

    + Detail: 
        * Instance: 
        +--------------------------------------------------------+---------------------------------------------+---------+---------+-----------+----------+-----+------+------------------------------------------------+
        |                                                        |                                             |  Latency (cycles) |  Latency (absolute)  |  Interval  |                    Pipeline                    |
        |                        Instance                        |                    Module                   |   min   |   max   |    min    |    max   | min |  max |                      Type                      |
        +--------------------------------------------------------+---------------------------------------------+---------+---------+-----------+----------+-----+------+------------------------------------------------+
        |grp_Bytes2AXIMMvideo_Pipeline_VITIS_LOOP_1504_1_fu_145  |Bytes2AXIMMvideo_Pipeline_VITIS_LOOP_1504_1  |        2|     1443|  13.334 ns|  9.620 us|    1|  1441|  loop auto-rewind stp (delay=0 clock cycles(s))|
        +--------------------------------------------------------+---------------------------------------------+---------+---------+-----------+----------+-----+------+------------------------------------------------+

        * Loop: 
        +--------------------------------+---------+---------+------------+-----------+-----------+-----------+----------+
        |                                |  Latency (cycles) |  Iteration |  Initiation Interval  |    Trip   |          |
        |            Loop Name           |   min   |   max   |   Latency  |  achieved |   target  |   Count   | Pipelined|
        +--------------------------------+---------+---------+------------+-----------+-----------+-----------+----------+
        |- loop_Bytes2AXIMMvideo_1plane  |     7040|  3350160|  110 ~ 1551|          -|          -|  64 ~ 2160|        no|
        +--------------------------------+---------+---------+------------+-----------+-----------+-----------+----------+



================================================================
== Utilization Estimates
================================================================
* Summary: 
+-----------------+---------+------+--------+--------+-----+
|       Name      | BRAM_18K|  DSP |   FF   |   LUT  | URAM|
+-----------------+---------+------+--------+--------+-----+
|DSP              |        -|     -|       -|       -|    -|
|Expression       |        -|     -|       0|     132|    -|
|FIFO             |        -|     -|       -|       -|    -|
|Instance         |        -|     -|     144|      96|    -|
|Memory           |        -|     -|       -|       -|    -|
|Multiplexer      |        -|     -|       0|     754|    -|
|Register         |        -|     -|     253|       -|    -|
+-----------------+---------+------+--------+--------+-----+
|Total            |        0|     0|     397|     982|    0|
+-----------------+---------+------+--------+--------+-----+
|Available        |      288|  1248|  234240|  117120|   64|
+-----------------+---------+------+--------+--------+-----+
|Utilization (%)  |        0|     0|      ~0|      ~0|    0|
+-----------------+---------+------+--------+--------+-----+

+ Detail: 
    * Instance: 
    +--------------------------------------------------------+---------------------------------------------+---------+----+-----+----+-----+
    |                        Instance                        |                    Module                   | BRAM_18K| DSP|  FF | LUT| URAM|
    +--------------------------------------------------------+---------------------------------------------+---------+----+-----+----+-----+
    |grp_Bytes2AXIMMvideo_Pipeline_VITIS_LOOP_1504_1_fu_145  |Bytes2AXIMMvideo_Pipeline_VITIS_LOOP_1504_1  |        0|   0|  144|  96|    0|
    +--------------------------------------------------------+---------------------------------------------+---------+----+-----+----+-----+
    |Total                                                   |                                             |        0|   0|  144|  96|    0|
    +--------------------------------------------------------+---------------------------------------------+---------+----+-----+----+-----+

    * DSP: 
    N/A

    * Memory: 
    N/A

    * FIFO: 
    N/A

    * Expression: 
    +-----------------------+----------+----+---+----+------------+------------+
    |     Variable Name     | Operation| DSP| FF| LUT| Bitwidth P0| Bitwidth P1|
    +-----------------------+----------+----+---+----+------------+------------+
    |add_ln1494_fu_155_p2   |         +|   0|  0|  22|          15|           4|
    |add_ln1504_fu_228_p2   |         +|   0|  0|  39|          32|          32|
    |add_ln1510_fu_243_p2   |         +|   0|  0|  31|          24|          24|
    |y_7_fu_207_p2          |         +|   0|  0|  19|          12|           1|
    |icmp_ln1500_fu_202_p2  |      icmp|   0|  0|  19|          12|          12|
    |ap_block_state1        |        or|   0|  0|   2|           1|           1|
    +-----------------------+----------+----+---+----+------------+------------+
    |Total                  |          |   0|  0| 132|          96|          74|
    +-----------------------+----------+----+---+----+------------+------------+

    * Multiplexer: 
    +---------------------------+-----+-----------+-----+-----------+
    |            Name           | LUT | Input Size| Bits| Total Bits|
    +---------------------------+-----+-----------+-----+-----------+
    |WidthInBytes_val_blk_n     |    9|          2|    1|          2|
    |ap_NS_fsm                  |  545|        110|    1|        110|
    |ap_done                    |    9|          2|    1|          2|
    |dstImg_blk_n               |    9|          2|    1|          2|
    |m_axi_mm_video_0_AWADDR    |   14|          3|   32|         96|
    |m_axi_mm_video_0_AWBURST   |    9|          2|    2|          4|
    |m_axi_mm_video_0_AWCACHE   |    9|          2|    4|          8|
    |m_axi_mm_video_0_AWID      |    9|          2|    1|          2|
    |m_axi_mm_video_0_AWLEN     |   14|          3|   32|         96|
    |m_axi_mm_video_0_AWLOCK    |    9|          2|    2|          4|
    |m_axi_mm_video_0_AWPROT    |    9|          2|    3|          6|
    |m_axi_mm_video_0_AWQOS     |    9|          2|    4|          8|
    |m_axi_mm_video_0_AWREGION  |    9|          2|    4|          8|
    |m_axi_mm_video_0_AWSIZE    |    9|          2|    3|          6|
    |m_axi_mm_video_0_AWUSER    |    9|          2|    1|          2|
    |m_axi_mm_video_0_AWVALID   |   14|          3|    1|          3|
    |m_axi_mm_video_0_BREADY    |   14|          3|    1|          3|
    |m_axi_mm_video_0_WVALID    |    9|          2|    1|          2|
    |mm_video_blk_n_AW          |    9|          2|    1|          2|
    |mm_video_blk_n_B           |    9|          2|    1|          2|
    |y_fu_106                   |    9|          2|   12|         24|
    |yoffset_fu_110             |    9|          2|   24|         48|
    +---------------------------+-----+-----------+-----+-----------+
    |Total                      |  754|        156|  133|        440|
    +---------------------------+-----+-----------+-----+-----------+

    * Register: 
    +---------------------------------------------------------------------+-----+----+-----+-----------+
    |                                 Name                                |  FF | LUT| Bits| Const Bits|
    +---------------------------------------------------------------------+-----+----+-----+-----------+
    |Height_val_read_reg_282                                              |   12|   0|   12|          0|
    |ap_CS_fsm                                                            |  109|   0|  109|          0|
    |ap_done_reg                                                          |    1|   0|    1|          0|
    |div8_cast_reg_302                                                    |   12|   0|   24|         12|
    |dstImg_read_reg_287                                                  |   32|   0|   32|          0|
    |grp_Bytes2AXIMMvideo_Pipeline_VITIS_LOOP_1504_1_fu_145_ap_start_reg  |    1|   0|    1|          0|
    |loopWidth_reg_292                                                    |   11|   0|   11|          0|
    |trunc_ln8_reg_310                                                    |   28|   0|   28|          0|
    |y_fu_106                                                             |   12|   0|   12|          0|
    |yoffset_fu_110                                                       |   24|   0|   24|          0|
    |zext_ln1494_reg_297                                                  |   11|   0|   32|         21|
    +---------------------------------------------------------------------+-----+----+-----+-----------+
    |Total                                                                |  253|   0|  286|         33|
    +---------------------------------------------------------------------+-----+----+-----+-----------+



================================================================
== Interface
================================================================
* Summary: 
+---------------------------------+-----+-----+------------+-------------------+--------------+
|            RTL Ports            | Dir | Bits|  Protocol  |   Source Object   |    C Type    |
+---------------------------------+-----+-----+------------+-------------------+--------------+
|ap_clk                           |   in|    1|  ap_ctrl_hs|   Bytes2AXIMMvideo|  return value|
|ap_rst                           |   in|    1|  ap_ctrl_hs|   Bytes2AXIMMvideo|  return value|
|ap_start                         |   in|    1|  ap_ctrl_hs|   Bytes2AXIMMvideo|  return value|
|ap_done                          |  out|    1|  ap_ctrl_hs|   Bytes2AXIMMvideo|  return value|
|ap_continue                      |   in|    1|  ap_ctrl_hs|   Bytes2AXIMMvideo|  return value|
|ap_idle                          |  out|    1|  ap_ctrl_hs|   Bytes2AXIMMvideo|  return value|
|ap_ready                         |  out|    1|  ap_ctrl_hs|   Bytes2AXIMMvideo|  return value|
|bytePlanes_dout                  |   in|  128|     ap_fifo|         bytePlanes|       pointer|
|bytePlanes_empty_n               |   in|    1|     ap_fifo|         bytePlanes|       pointer|
|bytePlanes_read                  |  out|    1|     ap_fifo|         bytePlanes|       pointer|
|bytePlanes_num_data_valid        |   in|   10|     ap_fifo|         bytePlanes|       pointer|
|bytePlanes_fifo_cap              |   in|   10|     ap_fifo|         bytePlanes|       pointer|
|m_axi_mm_video_0_AWVALID         |  out|    1|       m_axi|           mm_video|       pointer|
|m_axi_mm_video_0_AWREADY         |   in|    1|       m_axi|           mm_video|       pointer|
|m_axi_mm_video_0_AWADDR          |  out|   32|       m_axi|           mm_video|       pointer|
|m_axi_mm_video_0_AWID            |  out|    1|       m_axi|           mm_video|       pointer|
|m_axi_mm_video_0_AWLEN           |  out|   32|       m_axi|           mm_video|       pointer|
|m_axi_mm_video_0_AWSIZE          |  out|    3|       m_axi|           mm_video|       pointer|
|m_axi_mm_video_0_AWBURST         |  out|    2|       m_axi|           mm_video|       pointer|
|m_axi_mm_video_0_AWLOCK          |  out|    2|       m_axi|           mm_video|       pointer|
|m_axi_mm_video_0_AWCACHE         |  out|    4|       m_axi|           mm_video|       pointer|
|m_axi_mm_video_0_AWPROT          |  out|    3|       m_axi|           mm_video|       pointer|
|m_axi_mm_video_0_AWQOS           |  out|    4|       m_axi|           mm_video|       pointer|
|m_axi_mm_video_0_AWREGION        |  out|    4|       m_axi|           mm_video|       pointer|
|m_axi_mm_video_0_AWUSER          |  out|    1|       m_axi|           mm_video|       pointer|
|m_axi_mm_video_0_WVALID          |  out|    1|       m_axi|           mm_video|       pointer|
|m_axi_mm_video_0_WREADY          |   in|    1|       m_axi|           mm_video|       pointer|
|m_axi_mm_video_0_WDATA           |  out|  128|       m_axi|           mm_video|       pointer|
|m_axi_mm_video_0_WSTRB           |  out|   16|       m_axi|           mm_video|       pointer|
|m_axi_mm_video_0_WLAST           |  out|    1|       m_axi|           mm_video|       pointer|
|m_axi_mm_video_0_WID             |  out|    1|       m_axi|           mm_video|       pointer|
|m_axi_mm_video_0_WUSER           |  out|    1|       m_axi|           mm_video|       pointer|
|m_axi_mm_video_0_ARVALID         |  out|    1|       m_axi|           mm_video|       pointer|
|m_axi_mm_video_0_ARREADY         |   in|    1|       m_axi|           mm_video|       pointer|
|m_axi_mm_video_0_ARADDR          |  out|   32|       m_axi|           mm_video|       pointer|
|m_axi_mm_video_0_ARID            |  out|    1|       m_axi|           mm_video|       pointer|
|m_axi_mm_video_0_ARLEN           |  out|   32|       m_axi|           mm_video|       pointer|
|m_axi_mm_video_0_ARSIZE          |  out|    3|       m_axi|           mm_video|       pointer|
|m_axi_mm_video_0_ARBURST         |  out|    2|       m_axi|           mm_video|       pointer|
|m_axi_mm_video_0_ARLOCK          |  out|    2|       m_axi|           mm_video|       pointer|
|m_axi_mm_video_0_ARCACHE         |  out|    4|       m_axi|           mm_video|       pointer|
|m_axi_mm_video_0_ARPROT          |  out|    3|       m_axi|           mm_video|       pointer|
|m_axi_mm_video_0_ARQOS           |  out|    4|       m_axi|           mm_video|       pointer|
|m_axi_mm_video_0_ARREGION        |  out|    4|       m_axi|           mm_video|       pointer|
|m_axi_mm_video_0_ARUSER          |  out|    1|       m_axi|           mm_video|       pointer|
|m_axi_mm_video_0_RVALID          |   in|    1|       m_axi|           mm_video|       pointer|
|m_axi_mm_video_0_RREADY          |  out|    1|       m_axi|           mm_video|       pointer|
|m_axi_mm_video_0_RDATA           |   in|  128|       m_axi|           mm_video|       pointer|
|m_axi_mm_video_0_RLAST           |   in|    1|       m_axi|           mm_video|       pointer|
|m_axi_mm_video_0_RID             |   in|    1|       m_axi|           mm_video|       pointer|
|m_axi_mm_video_0_RFIFONUM        |   in|    9|       m_axi|           mm_video|       pointer|
|m_axi_mm_video_0_RUSER           |   in|    1|       m_axi|           mm_video|       pointer|
|m_axi_mm_video_0_RRESP           |   in|    2|       m_axi|           mm_video|       pointer|
|m_axi_mm_video_0_BVALID          |   in|    1|       m_axi|           mm_video|       pointer|
|m_axi_mm_video_0_BREADY          |  out|    1|       m_axi|           mm_video|       pointer|
|m_axi_mm_video_0_BRESP           |   in|    2|       m_axi|           mm_video|       pointer|
|m_axi_mm_video_0_BID             |   in|    1|       m_axi|           mm_video|       pointer|
|m_axi_mm_video_0_BUSER           |   in|    1|       m_axi|           mm_video|       pointer|
|dstImg_dout                      |   in|   32|     ap_fifo|             dstImg|       pointer|
|dstImg_empty_n                   |   in|    1|     ap_fifo|             dstImg|       pointer|
|dstImg_read                      |  out|    1|     ap_fifo|             dstImg|       pointer|
|dstImg_num_data_valid            |   in|    3|     ap_fifo|             dstImg|       pointer|
|dstImg_fifo_cap                  |   in|    3|     ap_fifo|             dstImg|       pointer|
|Height_val                       |   in|   12|   ap_stable|         Height_val|        scalar|
|WidthInBytes_val_dout            |   in|   15|     ap_fifo|   WidthInBytes_val|       pointer|
|WidthInBytes_val_empty_n         |   in|    1|     ap_fifo|   WidthInBytes_val|       pointer|
|WidthInBytes_val_read            |  out|    1|     ap_fifo|   WidthInBytes_val|       pointer|
|WidthInBytes_val_num_data_valid  |   in|    3|     ap_fifo|   WidthInBytes_val|       pointer|
|WidthInBytes_val_fifo_cap        |   in|    3|     ap_fifo|   WidthInBytes_val|       pointer|
|StrideInBytes_val                |   in|   16|   ap_stable|  StrideInBytes_val|        scalar|
+---------------------------------+-----+-----+------------+-------------------+--------------+

