================================================================
== Design Size Report
================================================================

* Total Instructions per Compilation Phase
+---------------+-----------------------------+--------------+----------------------------------------------------------------------------------------+
| Phase         | Step                        | Instructions | Description                                                                            |
+---------------+-----------------------------+--------------+----------------------------------------------------------------------------------------+
| Compile/Link  |                             | 1,782        | After all functions are compiled and linked into a single design                       |
|               |                             |              |                                                                                        |
| Unroll/Inline |                             |              | After user unroll and inline pragmas are applied                                       |
|               | (1) unroll                  | 1,614        | user unroll pragmas are applied                                                        |
|               | (2) simplification          | 1,110        | simplification of applied user unroll pragmas                                          |
|               | (3) inline                  |   833        | user inline pragmas are applied                                                        |
|               | (4) simplification          |   833        | simplification of applied user inline pragmas                                          |
|               |                             |              |                                                                                        |
| Array/Struct  |                             |              | After user array partition and struct aggregate/disaggregate pragmas are applied       |
|               | (1) array partition         |   765        | user array partition pragmas are applied                                               |
|               | (2) simplification          |   765        | simplification of applied user array partition & struct aggregate/disaggregate pragmas |
|               | (3) aggregate/disaggregate  |   782        | user struct aggregate/disaggregate pragmas are applied                                 |
|               | (4) array reshape           | 1,413        | apply array reshape pragmas                                                            |
|               | (5) access patterns         | 1,426        | array access pattern optmizations                                                      |
|               |                             |              |                                                                                        |
| Performance   |                             |              | After transformations are applied to meet performance pragma targets                   |
|               | (1) loop simplification     | 1,415        | loop and instruction simplification                                                    |
|               | (2) parallelization         | 1,382        | loops are unrolled or pipelined to meet performance targets                            |
|               | (3) array partition         | 1,319        | arrays are partitioned to meet performance targets                                     |
|               | (4) simplification          | 1,319        | simplification of design after performance transformations                             |
|               |                             |              |                                                                                        |
| HW Transforms |                             |              | After hardware transfomations                                                          |
|               | (1) lowering                | 1,305        | initial conversion to HW specific instructions                                         |
|               | (2) optimizations           | 1,183        | high level synthesis optimizations                                                     |
+---------------+-----------------------------+--------------+----------------------------------------------------------------------------------------+

* Instructions per Function for each Compilation Phase
+---------------------------------------+----------------------+----------------+---------------+----------------+----------------+----------------+
| Function                              | Location             | Compile/Link   | Unroll/Inline | Array/Struct   | Performance    | HW Transforms  |
+---------------------------------------+----------------------+----------------+---------------+----------------+----------------+----------------+
| + v_frmbuf_wr                         | v_frmbuf_wr.cpp:137  | 1,782          | 833           | 1,426          | 1,319          | 1,183          |
|  + FrmbufWrHlsDataFlow                | v_frmbuf_wr.cpp:81   | 1,677          | 777           | 1,370          | 1,275          | 1,128          |
|                                       | v_frmbuf_wr.h:254    |    4           |               |                |                |                |
|   + AXIvideo2MultiPixStream           | v_frmbuf_wr.cpp:240  |  617           | 244           |  259           |  191           |  167           |
|      Scalar                           | hls_video_core.h:196 |    5           |               |                |                |                |
|      reg<unsigned short>              | x_hls_utils.h:222    |    2 (2 calls) |   2 (2 calls) |    2 (2 calls) |    2 (2 calls) |    8 (2 calls) |
|    + AXIGetBitFields<48, ap_uint<...  | hls_axi_io.h:83      |  222 (3 calls) |               |                |                |                |
|       AXIGetBitFields<48, ap_uint<... | hls_axi_io.h:60      |  204 (3 calls) |               |                |                |                |
|   + MultiPixStream2Bytes              | v_frmbuf_wr.cpp:386  |  982           | 489           | 1,065          | 1,042          |  906           |
|      Scalar                           | hls_video_core.h:196 |    5           |               |                |                |                |
|     Bytes2AXIMMvideo                  | v_frmbuf_wr.cpp:1484 |   50           |  34           |   36           |   32           |   42           |
+---------------------------------------+----------------------+----------------+---------------+----------------+----------------+----------------+

* Design Size Message Settings
+---------------------------------------------+--------+------------------------------------------------------------------+
| Message Setting                             | Value  | Description                                                      |
+---------------------------------------------+--------+------------------------------------------------------------------+
| config_compile -design_size_maximum_warning | 100000 | Show a warning when total design instructions exceeds this value |
+---------------------------------------------+--------+------------------------------------------------------------------+


