

================================================================
== Vitis HLS Report for 'MultiPixStream2Bytes_Pipeline_VITIS_LOOP_1048_1'
================================================================
* Date:           Mon Apr 27 12:25:03 2026

* Version:        2024.2 (Build 5238294 on Nov  8 2024)
* Project:        prj
* Solution:       sol (Vivado IP Flow Target)
* Product family: zynquplus
* Target device:  xck26-sfvc784-2LV-c


================================================================
== Performance Estimates
================================================================
+ Timing: 
    * Summary: 
    +--------+---------+----------+------------+
    |  Clock |  Target | Estimated| Uncertainty|
    +--------+---------+----------+------------+
    |ap_clk  |  6.67 ns|  4.012 ns|     1.80 ns|
    +--------+---------+----------+------------+

+ Latency: 
    * Summary: 
    +---------+---------+-----------+-----------+-----+------+------------------------------------------------+
    |  Latency (cycles) |   Latency (absolute)  |  Interval  |                    Pipeline                    |
    |   min   |   max   |    min    |    max    | min |  max |                      Type                      |
    +---------+---------+-----------+-----------+-----+------+------------------------------------------------+
    |        3|     3843|  20.001 ns|  25.621 us|    2|  3842|  loop auto-rewind stp (delay=0 clock cycles(s))|
    +---------+---------+-----------+-----------+-----+------+------------------------------------------------+

    + Detail: 
        * Instance: 
        N/A

        * Loop: 
        +---------------------+---------+---------+----------+-----------+-----------+---------+----------+
        |                     |  Latency (cycles) | Iteration|  Initiation Interval  |   Trip  |          |
        |      Loop Name      |   min   |   max   |  Latency |  achieved |   target  |  Count  | Pipelined|
        +---------------------+---------+---------+----------+-----------+-----------+---------+----------+
        |- VITIS_LOOP_1048_1  |        1|     3841|         9|          8|          8|  0 ~ 480|       yes|
        +---------------------+---------+---------+----------+-----------+-----------+---------+----------+



================================================================
== Utilization Estimates
================================================================
* Summary: 
+-----------------+---------+------+--------+--------+-----+
|       Name      | BRAM_18K|  DSP |   FF   |   LUT  | URAM|
+-----------------+---------+------+--------+--------+-----+
|DSP              |        -|     -|       -|       -|    -|
|Expression       |        -|     -|       0|     139|    -|
|FIFO             |        -|     -|       -|       -|    -|
|Instance         |        -|     -|       -|       -|    -|
|Memory           |        -|     -|       -|       -|    -|
|Multiplexer      |        -|     -|       0|     687|    -|
|Register         |        -|     -|     668|       -|    -|
+-----------------+---------+------+--------+--------+-----+
|Total            |        0|     0|     668|     826|    0|
+-----------------+---------+------+--------+--------+-----+
|Available        |      288|  1248|  234240|  117120|   64|
+-----------------+---------+------+--------+--------+-----+
|Utilization (%)  |        0|     0|      ~0|      ~0|    0|
+-----------------+---------+------+--------+--------+-----+

+ Detail: 
    * Instance: 
    N/A

    * DSP: 
    N/A

    * Memory: 
    N/A

    * FIFO: 
    N/A

    * Expression: 
    +----------------------------------------+----------+----+---+----+------------+------------+
    |              Variable Name             | Operation| DSP| FF| LUT| Bitwidth P0| Bitwidth P1|
    +----------------------------------------+----------+----+---+----+------------+------------+
    |x_4_fu_961_p2                           |         +|   0|  0|  16|           9|           1|
    |ap_block_pp0_stage0_01001_grp10         |       and|   0|  0|   2|           1|           1|
    |ap_block_pp0_stage1_11001_grp1          |       and|   0|  0|   2|           1|           1|
    |ap_block_pp0_stage2_11001_grp2          |       and|   0|  0|   2|           1|           1|
    |ap_block_pp0_stage3_11001_grp3          |       and|   0|  0|   2|           1|           1|
    |ap_block_pp0_stage4_01001_grp4          |       and|   0|  0|   2|           1|           1|
    |ap_block_pp0_stage5_11001_grp6          |       and|   0|  0|   2|           1|           1|
    |ap_block_pp0_stage6_11001_grp7          |       and|   0|  0|   2|           1|           1|
    |ap_block_pp0_stage7_01001_grp8          |       and|   0|  0|   2|           1|           1|
    |ap_block_state2_pp0_stage1_iter0_grp1   |       and|   0|  0|   2|           1|           1|
    |ap_block_state3_pp0_stage2_iter0_grp2   |       and|   0|  0|   2|           1|           1|
    |ap_block_state4_pp0_stage3_iter0_grp3   |       and|   0|  0|   2|           1|           1|
    |ap_block_state6_pp0_stage5_iter0_grp6   |       and|   0|  0|   2|           1|           1|
    |ap_block_state7_pp0_stage6_iter0_grp7   |       and|   0|  0|   2|           1|           1|
    |ap_condition_1065                       |       and|   0|  0|   2|           1|           1|
    |ap_condition_1069                       |       and|   0|  0|   2|           1|           1|
    |ap_condition_1076                       |       and|   0|  0|   2|           1|           1|
    |ap_condition_1080                       |       and|   0|  0|   2|           1|           1|
    |ap_condition_1085                       |       and|   0|  0|   2|           1|           1|
    |ap_condition_1090                       |       and|   0|  0|   2|           1|           1|
    |ap_condition_1094                       |       and|   0|  0|   2|           1|           1|
    |ap_condition_1099                       |       and|   0|  0|   2|           1|           1|
    |ap_condition_790                        |       and|   0|  0|   2|           1|           1|
    |ap_predicate_op102_read_state4          |       and|   0|  0|   2|           1|           1|
    |ap_predicate_op122_read_state5          |       and|   0|  0|   2|           1|           1|
    |ap_predicate_op139_read_state6          |       and|   0|  0|   2|           1|           1|
    |ap_predicate_op154_read_state7          |       and|   0|  0|   2|           1|           1|
    |ap_predicate_op169_read_state8          |       and|   0|  0|   2|           1|           1|
    |ap_predicate_op178_write_state8         |       and|   0|  0|   2|           1|           1|
    |ap_predicate_op187_read_state9          |       and|   0|  0|   2|           1|           1|
    |ap_predicate_op70_read_state2           |       and|   0|  0|   2|           1|           1|
    |ap_predicate_op86_read_state3           |       and|   0|  0|   2|           1|           1|
    |cmp96_fu_967_p2                         |      icmp|   0|  0|  17|          10|          10|
    |icmp_ln1048_fu_955_p2                   |      icmp|   0|  0|  16|           9|           9|
    |ap_block_state5_pp0_stage4_iter0_grp4   |        or|   0|  0|   2|           1|           1|
    |ap_block_state8_pp0_stage7_iter0_grp8   |        or|   0|  0|   2|           1|           1|
    |ap_block_state9_pp0_stage0_iter1_grp10  |        or|   0|  0|   2|           1|           1|
    |or_ln1053_1_fu_1018_p2                  |        or|   0|  0|   2|           1|           1|
    |or_ln1053_2_fu_1026_p2                  |        or|   0|  0|   2|           1|           1|
    |or_ln1053_3_fu_1034_p2                  |        or|   0|  0|   2|           1|           1|
    |or_ln1053_4_fu_1038_p2                  |        or|   0|  0|   2|           1|           1|
    |or_ln1053_5_fu_1042_p2                  |        or|   0|  0|   2|           1|           1|
    |or_ln1053_6_fu_1046_p2                  |        or|   0|  0|   2|           1|           1|
    |or_ln1053_7_fu_1050_p2                  |        or|   0|  0|   2|           1|           1|
    |or_ln1053_fu_973_p2                     |        or|   0|  0|   2|           1|           1|
    |or_ln1068_1_fu_985_p2                   |        or|   0|  0|   2|           1|           1|
    |or_ln1068_fu_979_p2                     |        or|   0|  0|   2|           1|           1|
    |ap_enable_pp0                           |       xor|   0|  0|   2|           1|           2|
    +----------------------------------------+----------+----+---+----+------------+------------+
    |Total                                   |          |   0|  0| 139|          73|          66|
    +----------------------------------------+----------+----+---+----+------------+------------+

    * Multiplexer: 
    +----------------------------------------+----+-----------+-----+-----------+
    |                  Name                  | LUT| Input Size| Bits| Total Bits|
    +----------------------------------------+----+-----------+-----+-----------+
    |ap_NS_fsm                               |  49|          9|    1|          9|
    |ap_done_int                             |   9|          2|    1|          2|
    |ap_enable_reg_pp0_iter0                 |   9|          2|    1|          2|
    |ap_enable_reg_pp0_iter0_reg             |   9|          2|    1|          2|
    |ap_enable_reg_pp0_iter1                 |   9|          2|    1|          2|
    |ap_phi_mux_empty_223_phi_fu_726_p4      |  14|          3|    8|         24|
    |ap_phi_mux_empty_224_phi_fu_736_p4      |  14|          3|    8|         24|
    |ap_phi_mux_empty_225_phi_fu_746_p4      |  14|          3|    8|         24|
    |ap_phi_mux_empty_226_phi_fu_756_p4      |  14|          3|    8|         24|
    |ap_phi_mux_empty_227_phi_fu_766_p4      |  14|          3|    8|         24|
    |ap_phi_mux_empty_228_phi_fu_776_p4      |  14|          3|    8|         24|
    |ap_phi_reg_pp0_iter0_empty_235_reg_597  |   9|          2|    8|         16|
    |ap_phi_reg_pp0_iter0_empty_236_reg_608  |   9|          2|    8|         16|
    |ap_phi_reg_pp0_iter0_empty_237_reg_619  |   9|          2|    8|         16|
    |ap_phi_reg_pp0_iter0_empty_238_reg_630  |   9|          2|    8|         16|
    |ap_phi_reg_pp0_iter0_empty_239_reg_641  |   9|          2|    8|         16|
    |ap_phi_reg_pp0_iter0_empty_240_reg_652  |   9|          2|    8|         16|
    |ap_phi_reg_pp0_iter0_empty_241_reg_531  |   9|          2|    8|         16|
    |ap_phi_reg_pp0_iter0_empty_242_reg_542  |   9|          2|    8|         16|
    |ap_phi_reg_pp0_iter0_empty_243_reg_553  |   9|          2|    8|         16|
    |ap_phi_reg_pp0_iter0_empty_244_reg_564  |   9|          2|    8|         16|
    |ap_phi_reg_pp0_iter0_empty_245_reg_575  |   9|          2|    8|         16|
    |ap_phi_reg_pp0_iter0_empty_246_reg_586  |   9|          2|    8|         16|
    |ap_phi_reg_pp0_iter0_empty_247_reg_465  |   9|          2|    8|         16|
    |ap_phi_reg_pp0_iter0_empty_248_reg_476  |   9|          2|    8|         16|
    |ap_phi_reg_pp0_iter0_empty_249_reg_487  |   9|          2|    8|         16|
    |ap_phi_reg_pp0_iter0_empty_250_reg_498  |   9|          2|    8|         16|
    |ap_phi_reg_pp0_iter0_empty_251_reg_509  |   9|          2|    8|         16|
    |ap_phi_reg_pp0_iter0_empty_252_reg_520  |   9|          2|    8|         16|
    |ap_phi_reg_pp0_iter0_empty_253_reg_399  |   9|          2|    8|         16|
    |ap_phi_reg_pp0_iter0_empty_254_reg_410  |   9|          2|    8|         16|
    |ap_phi_reg_pp0_iter0_empty_255_reg_421  |   9|          2|    8|         16|
    |ap_phi_reg_pp0_iter0_empty_256_reg_432  |   9|          2|    8|         16|
    |ap_phi_reg_pp0_iter0_empty_257_reg_443  |   9|          2|    8|         16|
    |ap_phi_reg_pp0_iter0_empty_258_reg_454  |   9|          2|    8|         16|
    |ap_phi_reg_pp0_iter0_empty_259_reg_333  |   9|          2|    8|         16|
    |ap_phi_reg_pp0_iter0_empty_260_reg_344  |   9|          2|    8|         16|
    |ap_phi_reg_pp0_iter0_empty_261_reg_355  |   9|          2|    8|         16|
    |ap_phi_reg_pp0_iter0_empty_262_reg_366  |   9|          2|    8|         16|
    |ap_phi_reg_pp0_iter0_empty_263_reg_377  |   9|          2|    8|         16|
    |ap_phi_reg_pp0_iter0_empty_264_reg_388  |   9|          2|    8|         16|
    |ap_phi_reg_pp0_iter0_empty_265_reg_273  |   9|          2|    8|         16|
    |ap_phi_reg_pp0_iter0_empty_266_reg_283  |   9|          2|    8|         16|
    |ap_phi_reg_pp0_iter0_empty_267_reg_293  |   9|          2|    8|         16|
    |ap_phi_reg_pp0_iter0_empty_268_reg_303  |   9|          2|    8|         16|
    |ap_phi_reg_pp0_iter0_empty_269_reg_313  |   9|          2|    8|         16|
    |ap_phi_reg_pp0_iter0_empty_270_reg_323  |   9|          2|    8|         16|
    |ap_phi_reg_pp0_iter1_empty_229_reg_663  |  14|          3|    8|         24|
    |ap_phi_reg_pp0_iter1_empty_230_reg_673  |  14|          3|    8|         24|
    |ap_phi_reg_pp0_iter1_empty_231_reg_683  |  14|          3|    8|         24|
    |ap_phi_reg_pp0_iter1_empty_232_reg_693  |  14|          3|    8|         24|
    |ap_phi_reg_pp0_iter1_empty_233_reg_703  |  14|          3|    8|         24|
    |ap_phi_reg_pp0_iter1_empty_234_reg_713  |  14|          3|    8|         24|
    |ap_sig_allocacmp_x_3                    |   9|          2|    9|         18|
    |bytePlanes_blk_n                        |   9|          2|    1|          2|
    |bytePlanes_din                          |  20|          4|  128|        512|
    |empty_217_fu_128                        |   9|          2|    8|         16|
    |empty_218_fu_132                        |   9|          2|    8|         16|
    |empty_219_fu_136                        |   9|          2|    8|         16|
    |empty_220_fu_140                        |   9|          2|    8|         16|
    |empty_221_fu_144                        |   9|          2|    8|         16|
    |empty_222_fu_148                        |   9|          2|    8|         16|
    |img_blk_n                               |   9|          2|    1|          2|
    |x_fu_124                                |   9|          2|    9|         18|
    +----------------------------------------+----+-----------+-----+-----------+
    |Total                                   | 687|        149|  585|       1529|
    +----------------------------------------+----+-----------+-----+-----------+

    * Register: 
    +-------------------------------------------+---+----+-----+-----------+
    |                    Name                   | FF| LUT| Bits| Const Bits|
    +-------------------------------------------+---+----+-----+-----------+
    |ap_CS_fsm                                  |  8|   0|    8|          0|
    |ap_block_pp0_stage0_subdone_grp0_done_reg  |  1|   0|    1|          0|
    |ap_block_pp0_stage1_subdone_grp0_done_reg  |  1|   0|    1|          0|
    |ap_block_pp0_stage2_subdone_grp0_done_reg  |  1|   0|    1|          0|
    |ap_block_pp0_stage3_subdone_grp0_done_reg  |  1|   0|    1|          0|
    |ap_block_pp0_stage7_subdone_grp0_done_reg  |  1|   0|    1|          0|
    |ap_done_reg                                |  1|   0|    1|          0|
    |ap_enable_reg_pp0_iter0_reg                |  1|   0|    1|          0|
    |ap_enable_reg_pp0_iter1                    |  1|   0|    1|          0|
    |ap_phi_reg_pp0_iter0_empty_235_reg_597     |  8|   0|    8|          0|
    |ap_phi_reg_pp0_iter0_empty_236_reg_608     |  8|   0|    8|          0|
    |ap_phi_reg_pp0_iter0_empty_237_reg_619     |  8|   0|    8|          0|
    |ap_phi_reg_pp0_iter0_empty_238_reg_630     |  8|   0|    8|          0|
    |ap_phi_reg_pp0_iter0_empty_239_reg_641     |  8|   0|    8|          0|
    |ap_phi_reg_pp0_iter0_empty_240_reg_652     |  8|   0|    8|          0|
    |ap_phi_reg_pp0_iter0_empty_241_reg_531     |  8|   0|    8|          0|
    |ap_phi_reg_pp0_iter0_empty_242_reg_542     |  8|   0|    8|          0|
    |ap_phi_reg_pp0_iter0_empty_243_reg_553     |  8|   0|    8|          0|
    |ap_phi_reg_pp0_iter0_empty_244_reg_564     |  8|   0|    8|          0|
    |ap_phi_reg_pp0_iter0_empty_245_reg_575     |  8|   0|    8|          0|
    |ap_phi_reg_pp0_iter0_empty_246_reg_586     |  8|   0|    8|          0|
    |ap_phi_reg_pp0_iter0_empty_247_reg_465     |  8|   0|    8|          0|
    |ap_phi_reg_pp0_iter0_empty_248_reg_476     |  8|   0|    8|          0|
    |ap_phi_reg_pp0_iter0_empty_249_reg_487     |  8|   0|    8|          0|
    |ap_phi_reg_pp0_iter0_empty_250_reg_498     |  8|   0|    8|          0|
    |ap_phi_reg_pp0_iter0_empty_251_reg_509     |  8|   0|    8|          0|
    |ap_phi_reg_pp0_iter0_empty_252_reg_520     |  8|   0|    8|          0|
    |ap_phi_reg_pp0_iter0_empty_253_reg_399     |  8|   0|    8|          0|
    |ap_phi_reg_pp0_iter0_empty_254_reg_410     |  8|   0|    8|          0|
    |ap_phi_reg_pp0_iter0_empty_255_reg_421     |  8|   0|    8|          0|
    |ap_phi_reg_pp0_iter0_empty_256_reg_432     |  8|   0|    8|          0|
    |ap_phi_reg_pp0_iter0_empty_257_reg_443     |  8|   0|    8|          0|
    |ap_phi_reg_pp0_iter0_empty_258_reg_454     |  8|   0|    8|          0|
    |ap_phi_reg_pp0_iter0_empty_259_reg_333     |  8|   0|    8|          0|
    |ap_phi_reg_pp0_iter0_empty_260_reg_344     |  8|   0|    8|          0|
    |ap_phi_reg_pp0_iter0_empty_261_reg_355     |  8|   0|    8|          0|
    |ap_phi_reg_pp0_iter0_empty_262_reg_366     |  8|   0|    8|          0|
    |ap_phi_reg_pp0_iter0_empty_263_reg_377     |  8|   0|    8|          0|
    |ap_phi_reg_pp0_iter0_empty_264_reg_388     |  8|   0|    8|          0|
    |ap_phi_reg_pp0_iter0_empty_265_reg_273     |  8|   0|    8|          0|
    |ap_phi_reg_pp0_iter0_empty_266_reg_283     |  8|   0|    8|          0|
    |ap_phi_reg_pp0_iter0_empty_267_reg_293     |  8|   0|    8|          0|
    |ap_phi_reg_pp0_iter0_empty_268_reg_303     |  8|   0|    8|          0|
    |ap_phi_reg_pp0_iter0_empty_269_reg_313     |  8|   0|    8|          0|
    |ap_phi_reg_pp0_iter0_empty_270_reg_323     |  8|   0|    8|          0|
    |ap_phi_reg_pp0_iter1_empty_229_reg_663     |  8|   0|    8|          0|
    |ap_phi_reg_pp0_iter1_empty_230_reg_673     |  8|   0|    8|          0|
    |ap_phi_reg_pp0_iter1_empty_231_reg_683     |  8|   0|    8|          0|
    |ap_phi_reg_pp0_iter1_empty_232_reg_693     |  8|   0|    8|          0|
    |ap_phi_reg_pp0_iter1_empty_233_reg_703     |  8|   0|    8|          0|
    |ap_phi_reg_pp0_iter1_empty_234_reg_713     |  8|   0|    8|          0|
    |cmp96_reg_1340                             |  1|   0|    1|          0|
    |cmp98_2_read_reg_1306                      |  1|   0|    1|          0|
    |cmp98_4_read_reg_1316                      |  1|   0|    1|          0|
    |cmp98_5_read_reg_1321                      |  1|   0|    1|          0|
    |cmp98_6_read_reg_1326                      |  1|   0|    1|          0|
    |empty_217_fu_128                           |  8|   0|    8|          0|
    |empty_218_fu_132                           |  8|   0|    8|          0|
    |empty_219_fu_136                           |  8|   0|    8|          0|
    |empty_220_fu_140                           |  8|   0|    8|          0|
    |empty_221_fu_144                           |  8|   0|    8|          0|
    |empty_222_fu_148                           |  8|   0|    8|          0|
    |empty_235_reg_597                          |  8|   0|    8|          0|
    |empty_236_reg_608                          |  8|   0|    8|          0|
    |empty_237_reg_619                          |  8|   0|    8|          0|
    |empty_238_reg_630                          |  8|   0|    8|          0|
    |empty_241_reg_531                          |  8|   0|    8|          0|
    |empty_242_reg_542                          |  8|   0|    8|          0|
    |empty_243_reg_553                          |  8|   0|    8|          0|
    |empty_244_reg_564                          |  8|   0|    8|          0|
    |empty_245_reg_575                          |  8|   0|    8|          0|
    |empty_246_reg_586                          |  8|   0|    8|          0|
    |empty_247_reg_465                          |  8|   0|    8|          0|
    |empty_248_reg_476                          |  8|   0|    8|          0|
    |empty_249_reg_487                          |  8|   0|    8|          0|
    |empty_250_reg_498                          |  8|   0|    8|          0|
    |empty_251_reg_509                          |  8|   0|    8|          0|
    |empty_252_reg_520                          |  8|   0|    8|          0|
    |empty_253_reg_399                          |  8|   0|    8|          0|
    |empty_254_reg_410                          |  8|   0|    8|          0|
    |empty_259_reg_333                          |  8|   0|    8|          0|
    |empty_260_reg_344                          |  8|   0|    8|          0|
    |empty_261_reg_355                          |  8|   0|    8|          0|
    |empty_262_reg_366                          |  8|   0|    8|          0|
    |empty_263_reg_377                          |  8|   0|    8|          0|
    |empty_264_reg_388                          |  8|   0|    8|          0|
    |empty_265_reg_273                          |  8|   0|    8|          0|
    |empty_266_reg_283                          |  8|   0|    8|          0|
    |empty_267_reg_293                          |  8|   0|    8|          0|
    |empty_268_reg_303                          |  8|   0|    8|          0|
    |empty_269_reg_313                          |  8|   0|    8|          0|
    |empty_270_reg_323                          |  8|   0|    8|          0|
    |icmp19_read_reg_1301                       |  1|   0|    1|          0|
    |icmp22_read_reg_1311                       |  1|   0|    1|          0|
    |icmp_ln1035_read_reg_1331                  |  1|   0|    1|          0|
    |icmp_ln1048_reg_1336                       |  1|   0|    1|          0|
    |or_ln1053_1_reg_1398                       |  1|   0|    1|          0|
    |or_ln1053_2_reg_1407                       |  1|   0|    1|          0|
    |or_ln1053_3_reg_1416                       |  1|   0|    1|          0|
    |or_ln1053_4_reg_1420                       |  1|   0|    1|          0|
    |or_ln1053_5_reg_1424                       |  1|   0|    1|          0|
    |or_ln1053_6_reg_1428                       |  1|   0|    1|          0|
    |or_ln1053_7_reg_1432                       |  1|   0|    1|          0|
    |or_ln1053_reg_1351                         |  1|   0|    1|          0|
    |or_ln1068_1_reg_1359                       |  1|   0|    1|          0|
    |or_ln1068_reg_1355                         |  1|   0|    1|          0|
    |x_fu_124                                   |  9|   0|    9|          0|
    +-------------------------------------------+---+----+-----+-----------+
    |Total                                      |668|   0|  668|          0|
    +-------------------------------------------+---+----+-----+-----------+



================================================================
== Interface
================================================================
* Summary: 
+---------------------------+-----+-----+------------+-------------------------------------------------+--------------+
|         RTL Ports         | Dir | Bits|  Protocol  |                  Source Object                  |    C Type    |
+---------------------------+-----+-----+------------+-------------------------------------------------+--------------+
|ap_clk                     |   in|    1|  ap_ctrl_hs|  MultiPixStream2Bytes_Pipeline_VITIS_LOOP_1048_1|  return value|
|ap_rst                     |   in|    1|  ap_ctrl_hs|  MultiPixStream2Bytes_Pipeline_VITIS_LOOP_1048_1|  return value|
|ap_start                   |   in|    1|  ap_ctrl_hs|  MultiPixStream2Bytes_Pipeline_VITIS_LOOP_1048_1|  return value|
|ap_done                    |  out|    1|  ap_ctrl_hs|  MultiPixStream2Bytes_Pipeline_VITIS_LOOP_1048_1|  return value|
|ap_idle                    |  out|    1|  ap_ctrl_hs|  MultiPixStream2Bytes_Pipeline_VITIS_LOOP_1048_1|  return value|
|ap_ready                   |  out|    1|  ap_ctrl_hs|  MultiPixStream2Bytes_Pipeline_VITIS_LOOP_1048_1|  return value|
|img_dout                   |   in|   48|     ap_fifo|                                              img|       pointer|
|img_empty_n                |   in|    1|     ap_fifo|                                              img|       pointer|
|img_read                   |  out|    1|     ap_fifo|                                              img|       pointer|
|img_num_data_valid         |   in|    3|     ap_fifo|                                              img|       pointer|
|img_fifo_cap               |   in|    3|     ap_fifo|                                              img|       pointer|
|bytePlanes_din             |  out|  128|     ap_fifo|                                       bytePlanes|       pointer|
|bytePlanes_full_n          |   in|    1|     ap_fifo|                                       bytePlanes|       pointer|
|bytePlanes_write           |  out|    1|     ap_fifo|                                       bytePlanes|       pointer|
|bytePlanes_num_data_valid  |   in|   10|     ap_fifo|                                       bytePlanes|       pointer|
|bytePlanes_fifo_cap        |   in|   10|     ap_fifo|                                       bytePlanes|       pointer|
|p_lcssa154172              |   in|    8|     ap_none|                                    p_lcssa154172|        scalar|
|p_lcssa153169              |   in|    8|     ap_none|                                    p_lcssa153169|        scalar|
|p_lcssa152166              |   in|    8|     ap_none|                                    p_lcssa152166|        scalar|
|p_lcssa151163              |   in|    8|     ap_none|                                    p_lcssa151163|        scalar|
|p_lcssa150160              |   in|    8|     ap_none|                                    p_lcssa150160|        scalar|
|p_lcssa157                 |   in|    8|     ap_none|                                       p_lcssa157|        scalar|
|trunc_ln1                  |   in|    9|     ap_none|                                        trunc_ln1|        scalar|
|cmp137_2                   |   in|    1|   ap_stable|                                         cmp137_2|        scalar|
|empty                      |   in|    1|   ap_stable|                                            empty|        scalar|
|icmp_ln1035                |   in|    1|   ap_stable|                                      icmp_ln1035|        scalar|
|cmp98_6                    |   in|    1|   ap_stable|                                          cmp98_6|        scalar|
|cmp98_5                    |   in|    1|   ap_stable|                                          cmp98_5|        scalar|
|cmp98_4                    |   in|    1|   ap_stable|                                          cmp98_4|        scalar|
|icmp22                     |   in|    1|   ap_stable|                                           icmp22|        scalar|
|cmp98_2                    |   in|    1|   ap_stable|                                          cmp98_2|        scalar|
|icmp19                     |   in|    1|   ap_stable|                                           icmp19|        scalar|
|sub95                      |   in|   10|     ap_none|                                            sub95|        scalar|
|cmp98                      |   in|    1|   ap_stable|                                            cmp98|        scalar|
|p_out                      |  out|    8|      ap_vld|                                            p_out|       pointer|
|p_out_ap_vld               |  out|    1|      ap_vld|                                            p_out|       pointer|
|p_out1                     |  out|    8|      ap_vld|                                           p_out1|       pointer|
|p_out1_ap_vld              |  out|    1|      ap_vld|                                           p_out1|       pointer|
|p_out2                     |  out|    8|      ap_vld|                                           p_out2|       pointer|
|p_out2_ap_vld              |  out|    1|      ap_vld|                                           p_out2|       pointer|
|p_out3                     |  out|    8|      ap_vld|                                           p_out3|       pointer|
|p_out3_ap_vld              |  out|    1|      ap_vld|                                           p_out3|       pointer|
|p_out4                     |  out|    8|      ap_vld|                                           p_out4|       pointer|
|p_out4_ap_vld              |  out|    1|      ap_vld|                                           p_out4|       pointer|
|p_out5                     |  out|    8|      ap_vld|                                           p_out5|       pointer|
|p_out5_ap_vld              |  out|    1|      ap_vld|                                           p_out5|       pointer|
+---------------------------+-----+-----+------------+-------------------------------------------------+--------------+

