

================================================================
== Vitis HLS Report for 'MultiPixStream2Bytes'
================================================================
* Date:           Mon Apr 27 12:25:03 2026

* Version:        2024.2 (Build 5238294 on Nov  8 2024)
* Project:        prj
* Solution:       sol (Vivado IP Flow Target)
* Product family: zynquplus
* Target device:  xck26-sfvc784-2LV-c


================================================================
== Performance Estimates
================================================================
+ Timing: 
    * Summary: 
    +--------+---------+----------+------------+
    |  Clock |  Target | Estimated| Uncertainty|
    +--------+---------+----------+------------+
    |ap_clk  |  6.67 ns|  4.663 ns|     1.80 ns|
    +--------+---------+----------+------------+

+ Latency: 
    * Summary: 
    +---------+---------+-----------+-----------+-----+---------+---------+
    |  Latency (cycles) |   Latency (absolute)  |    Interval   | Pipeline|
    |   min   |   max   |    min    |    max    | min |   max   |   Type  |
    +---------+---------+-----------+-----------+-----+---------+---------+
    |        2|  8307362|  13.334 ns|  55.385 ms|    2|  8307362|       no|
    +---------+---------+-----------+-----------+-----+---------+---------+

    + Detail: 
        * Instance: 
        +------------------------------------------------------------+-------------------------------------------------+---------+---------+-----------+-----------+-----+------+------------------------------------------------+
        |                                                            |                                                 |  Latency (cycles) |   Latency (absolute)  |  Interval  |                    Pipeline                    |
        |                          Instance                          |                      Module                     |   min   |   max   |    min    |    max    | min |  max |                      Type                      |
        +------------------------------------------------------------+-------------------------------------------------+---------+---------+-----------+-----------+-----+------+------------------------------------------------+
        |grp_MultiPixStream2Bytes_Pipeline_VITIS_LOOP_1291_6_fu_288  |MultiPixStream2Bytes_Pipeline_VITIS_LOOP_1291_6  |        3|     3843|  20.001 ns|  25.621 us|    2|  3842|  loop auto-rewind stp (delay=0 clock cycles(s))|
        |grp_MultiPixStream2Bytes_Pipeline_VITIS_LOOP_1048_1_fu_320  |MultiPixStream2Bytes_Pipeline_VITIS_LOOP_1048_1  |        3|     3843|  20.001 ns|  25.621 us|    2|  3842|  loop auto-rewind stp (delay=0 clock cycles(s))|
        +------------------------------------------------------------+-------------------------------------------------+---------+---------+-----------+-----------+-----+------+------------------------------------------------+

        * Loop: 
        +------------------+---------+---------+----------+-----------+-----------+-----------+----------+
        |                  |  Latency (cycles) | Iteration|  Initiation Interval  |    Trip   |          |
        |     Loop Name    |   min   |   max   |  Latency |  achieved |   target  |   Count   | Pipelined|
        +------------------+---------+---------+----------+-----------+-----------+-----------+----------+
        |- loop_RGB8_YUV8  |      384|  8307360|  6 ~ 3846|          -|          -|  64 ~ 2160|        no|
        |- loop_BGR8       |      384|  8307360|  6 ~ 3846|          -|          -|  64 ~ 2160|        no|
        +------------------+---------+---------+----------+-----------+-----------+-----------+----------+



================================================================
== Utilization Estimates
================================================================
* Summary: 
+-----------------+---------+------+--------+--------+-----+
|       Name      | BRAM_18K|  DSP |   FF   |   LUT  | URAM|
+-----------------+---------+------+--------+--------+-----+
|DSP              |        -|     -|       -|       -|    -|
|Expression       |        -|     -|       0|     438|    -|
|FIFO             |        -|     -|       -|       -|    -|
|Instance         |        -|     2|    1336|    1662|    -|
|Memory           |        -|     -|       -|       -|    -|
|Multiplexer      |        -|     -|       0|     125|    -|
|Register         |        -|     -|     317|       -|    -|
+-----------------+---------+------+--------+--------+-----+
|Total            |        0|     2|    1653|    2225|    0|
+-----------------+---------+------+--------+--------+-----+
|Available        |      288|  1248|  234240|  117120|   64|
+-----------------+---------+------+--------+--------+-----+
|Utilization (%)  |        0|    ~0|      ~0|       1|    0|
+-----------------+---------+------+--------+--------+-----+

+ Detail: 
    * Instance: 
    +------------------------------------------------------------+-------------------------------------------------+---------+----+-----+-----+-----+
    |                          Instance                          |                      Module                     | BRAM_18K| DSP|  FF | LUT | URAM|
    +------------------------------------------------------------+-------------------------------------------------+---------+----+-----+-----+-----+
    |grp_MultiPixStream2Bytes_Pipeline_VITIS_LOOP_1048_1_fu_320  |MultiPixStream2Bytes_Pipeline_VITIS_LOOP_1048_1  |        0|   0|  668|  826|    0|
    |grp_MultiPixStream2Bytes_Pipeline_VITIS_LOOP_1291_6_fu_288  |MultiPixStream2Bytes_Pipeline_VITIS_LOOP_1291_6  |        0|   0|  668|  826|    0|
    |mul_11ns_13ns_23_1_1_U107                                   |mul_11ns_13ns_23_1_1                             |        0|   1|    0|    5|    0|
    |mul_11ns_13ns_23_1_1_U108                                   |mul_11ns_13ns_23_1_1                             |        0|   1|    0|    5|    0|
    +------------------------------------------------------------+-------------------------------------------------+---------+----+-----+-----+-----+
    |Total                                                       |                                                 |        0|   2| 1336| 1662|    0|
    +------------------------------------------------------------+-------------------------------------------------+---------+----+-----+-----+-----+

    * DSP: 
    N/A

    * Memory: 
    N/A

    * FIFO: 
    N/A

    * Expression: 
    +-----------------------+----------+----+---+----+------------+------------+
    |     Variable Name     | Operation| DSP| FF| LUT| Bitwidth P0| Bitwidth P1|
    +-----------------------+----------+----+---+----+------------+------------+
    |add_ln1039_fu_650_p2   |         +|   0|  0|  18|           9|           7|
    |add_ln1281_fu_451_p2   |         +|   0|  0|  18|           9|           7|
    |grp_fu_352_p2          |         +|   0|  0|  22|          15|           4|
    |grp_fu_367_p2          |         +|   0|  0|  18|          11|           2|
    |sub230_fu_475_p2       |         +|   0|  0|  17|          10|           2|
    |sub95_fu_674_p2        |         +|   0|  0|  17|          10|           2|
    |y_3_fu_806_p2          |         +|   0|  0|  19|          12|           1|
    |y_5_fu_769_p2          |         +|   0|  0|  19|          12|           1|
    |sub_ln1039_fu_644_p2   |         -|   0|  0|  18|           9|           9|
    |sub_ln1281_fu_445_p2   |         -|   0|  0|  18|           9|           9|
    |cmp137_2_fu_750_p2     |      icmp|   0|  0|   9|           2|           2|
    |cmp233_2_fu_503_p2     |      icmp|   0|  0|  12|           4|           2|
    |cmp233_4_fu_525_p2     |      icmp|   0|  0|  12|           4|           3|
    |cmp233_5_fu_531_p2     |      icmp|   0|  0|  12|           4|           3|
    |cmp233_6_fu_537_p2     |      icmp|   0|  0|  12|           4|           3|
    |cmp233_fu_481_p2       |      icmp|   0|  0|  12|           4|           1|
    |cmp286_2_fu_551_p2     |      icmp|   0|  0|   9|           2|           2|
    |cmp98_2_fu_702_p2      |      icmp|   0|  0|  12|           4|           2|
    |cmp98_4_fu_724_p2      |      icmp|   0|  0|  12|           4|           3|
    |cmp98_5_fu_730_p2      |      icmp|   0|  0|  12|           4|           3|
    |cmp98_6_fu_736_p2      |      icmp|   0|  0|  12|           4|           3|
    |cmp98_fu_680_p2        |      icmp|   0|  0|  12|           4|           1|
    |icmp19_fu_696_p2       |      icmp|   0|  0|  10|           3|           1|
    |icmp22_fu_718_p2       |      icmp|   0|  0|   9|           2|           1|
    |icmp26_fu_497_p2       |      icmp|   0|  0|  10|           3|           1|
    |icmp29_fu_519_p2       |      icmp|   0|  0|   9|           2|           1|
    |icmp_ln1035_fu_606_p2  |      icmp|   0|  0|  12|           4|           1|
    |icmp_ln1044_fu_801_p2  |      icmp|   0|  0|  19|          12|          12|
    |icmp_ln1277_fu_407_p2  |      icmp|   0|  0|  12|           4|           1|
    |icmp_ln1287_fu_764_p2  |      icmp|   0|  0|  19|          12|          12|
    |ap_block_state1        |        or|   0|  0|   2|           1|           1|
    |remainPix_1_fu_417_p3  |    select|   0|  0|   5|           1|           5|
    |remainPix_fu_616_p3    |    select|   0|  0|   5|           1|           5|
    |remainTrx_1_fu_467_p3  |    select|   0|  0|   2|           1|           2|
    |remainTrx_fu_666_p3    |    select|   0|  0|   2|           1|           2|
    +-----------------------+----------+----+---+----+------------+------------+
    |Total                  |          |   0|  0| 438|         197|         117|
    +-----------------------+----------+----+---+----+------------+------------+

    * Multiplexer: 
    +---------------------------+----+-----------+-----+-----------+
    |            Name           | LUT| Input Size| Bits| Total Bits|
    +---------------------------+----+-----------+-----+-----------+
    |WidthInBytes_val2_c_blk_n  |   9|          2|    1|          2|
    |WidthInBytes_val_blk_n     |   9|          2|    1|          2|
    |ap_NS_fsm                  |  43|          8|    1|          8|
    |ap_done                    |   9|          2|    1|          2|
    |bytePlanes_din             |   9|          2|  128|        256|
    |bytePlanes_write           |  14|          3|    1|          3|
    |img_read                   |  14|          3|    1|          3|
    |y_1_fu_200                 |   9|          2|   12|         24|
    |y_fu_228                   |   9|          2|   12|         24|
    +---------------------------+----+-----------+-----+-----------+
    |Total                      | 125|         26|  158|        324|
    +---------------------------+----+-----------+-----+-----------+

    * Register: 
    +-------------------------------------------------------------------------+----+----+-----+-----------+
    |                                   Name                                  | FF | LUT| Bits| Const Bits|
    +-------------------------------------------------------------------------+----+----+-----+-----------+
    |Height_val_read_reg_844                                                  |  12|   0|   12|          0|
    |VideoFormat_val_read_reg_840                                             |   6|   0|    6|          0|
    |WidthInBytes_val_read_reg_835                                            |  15|   0|   15|          0|
    |ap_CS_fsm                                                                |   7|   0|    7|          0|
    |ap_done_reg                                                              |   1|   0|    1|          0|
    |cmp137_2_reg_1051                                                        |   1|   0|    1|          0|
    |cmp233_2_reg_913                                                         |   1|   0|    1|          0|
    |cmp233_4_reg_923                                                         |   1|   0|    1|          0|
    |cmp233_5_reg_928                                                         |   1|   0|    1|          0|
    |cmp233_6_reg_933                                                         |   1|   0|    1|          0|
    |cmp233_reg_903                                                           |   1|   0|    1|          0|
    |cmp286_2_reg_943                                                         |   1|   0|    1|          0|
    |cmp98_2_reg_1021                                                         |   1|   0|    1|          0|
    |cmp98_4_reg_1031                                                         |   1|   0|    1|          0|
    |cmp98_5_reg_1036                                                         |   1|   0|    1|          0|
    |cmp98_6_reg_1041                                                         |   1|   0|    1|          0|
    |cmp98_reg_1011                                                           |   1|   0|    1|          0|
    |grp_MultiPixStream2Bytes_Pipeline_VITIS_LOOP_1048_1_fu_320_ap_start_reg  |   1|   0|    1|          0|
    |grp_MultiPixStream2Bytes_Pipeline_VITIS_LOOP_1291_6_fu_288_ap_start_reg  |   1|   0|    1|          0|
    |icmp19_reg_1016                                                          |   1|   0|    1|          0|
    |icmp22_reg_1026                                                          |   1|   0|    1|          0|
    |icmp26_reg_908                                                           |   1|   0|    1|          0|
    |icmp29_reg_918                                                           |   1|   0|    1|          0|
    |icmp_ln1035_reg_1001                                                     |   1|   0|    1|          0|
    |icmp_ln1277_reg_893                                                      |   1|   0|    1|          0|
    |loopWidth_cast_reg_948                                                   |   9|   0|    9|          0|
    |p_lcssa150160_fu_236                                                     |   8|   0|    8|          0|
    |p_lcssa150160_load_reg_1097                                              |   8|   0|    8|          0|
    |p_lcssa151163_fu_240                                                     |   8|   0|    8|          0|
    |p_lcssa151163_load_reg_1102                                              |   8|   0|    8|          0|
    |p_lcssa152166_fu_244                                                     |   8|   0|    8|          0|
    |p_lcssa152166_load_reg_1107                                              |   8|   0|    8|          0|
    |p_lcssa153169_fu_248                                                     |   8|   0|    8|          0|
    |p_lcssa153169_load_reg_1112                                              |   8|   0|    8|          0|
    |p_lcssa154172_fu_252                                                     |   8|   0|    8|          0|
    |p_lcssa154172_load_reg_1117                                              |   8|   0|    8|          0|
    |p_lcssa157_fu_232                                                        |   8|   0|    8|          0|
    |p_lcssa157_load_reg_1092                                                 |   8|   0|    8|          0|
    |p_lcssa173181_fu_204                                                     |   8|   0|    8|          0|
    |p_lcssa173181_load_reg_1059                                              |   8|   0|    8|          0|
    |p_lcssa174184_fu_208                                                     |   8|   0|    8|          0|
    |p_lcssa174184_load_reg_1064                                              |   8|   0|    8|          0|
    |p_lcssa175187_fu_212                                                     |   8|   0|    8|          0|
    |p_lcssa175187_load_reg_1069                                              |   8|   0|    8|          0|
    |p_lcssa176190_fu_216                                                     |   8|   0|    8|          0|
    |p_lcssa176190_load_reg_1074                                              |   8|   0|    8|          0|
    |p_lcssa177193_fu_220                                                     |   8|   0|    8|          0|
    |p_lcssa177193_load_reg_1079                                              |   8|   0|    8|          0|
    |p_lcssa178196_fu_224                                                     |   8|   0|    8|          0|
    |p_lcssa178196_load_reg_1084                                              |   8|   0|    8|          0|
    |sub230_reg_898                                                           |  10|   0|   10|          0|
    |sub95_reg_1006                                                           |  10|   0|   10|          0|
    |tmp_10_reg_938                                                           |   1|   0|    1|          0|
    |tmp_6_reg_1046                                                           |   1|   0|    1|          0|
    |trunc_ln1_cast_reg_996                                                   |   9|   0|    9|          0|
    |y_1_fu_200                                                               |  12|   0|   12|          0|
    |y_fu_228                                                                 |  12|   0|   12|          0|
    +-------------------------------------------------------------------------+----+----+-----+-----------+
    |Total                                                                    | 317|   0|  317|          0|
    +-------------------------------------------------------------------------+----+----+-----+-----------+



================================================================
== Interface
================================================================
* Summary: 
+------------------------------------+-----+-----+------------+----------------------+--------------+
|              RTL Ports             | Dir | Bits|  Protocol  |     Source Object    |    C Type    |
+------------------------------------+-----+-----+------------+----------------------+--------------+
|ap_clk                              |   in|    1|  ap_ctrl_hs|  MultiPixStream2Bytes|  return value|
|ap_rst                              |   in|    1|  ap_ctrl_hs|  MultiPixStream2Bytes|  return value|
|ap_start                            |   in|    1|  ap_ctrl_hs|  MultiPixStream2Bytes|  return value|
|ap_done                             |  out|    1|  ap_ctrl_hs|  MultiPixStream2Bytes|  return value|
|ap_continue                         |   in|    1|  ap_ctrl_hs|  MultiPixStream2Bytes|  return value|
|ap_idle                             |  out|    1|  ap_ctrl_hs|  MultiPixStream2Bytes|  return value|
|ap_ready                            |  out|    1|  ap_ctrl_hs|  MultiPixStream2Bytes|  return value|
|img_dout                            |   in|   48|     ap_fifo|                   img|       pointer|
|img_empty_n                         |   in|    1|     ap_fifo|                   img|       pointer|
|img_read                            |  out|    1|     ap_fifo|                   img|       pointer|
|img_num_data_valid                  |   in|    3|     ap_fifo|                   img|       pointer|
|img_fifo_cap                        |   in|    3|     ap_fifo|                   img|       pointer|
|bytePlanes_din                      |  out|  128|     ap_fifo|            bytePlanes|       pointer|
|bytePlanes_full_n                   |   in|    1|     ap_fifo|            bytePlanes|       pointer|
|bytePlanes_write                    |  out|    1|     ap_fifo|            bytePlanes|       pointer|
|bytePlanes_num_data_valid           |   in|   10|     ap_fifo|            bytePlanes|       pointer|
|bytePlanes_fifo_cap                 |   in|   10|     ap_fifo|            bytePlanes|       pointer|
|Height_val                          |   in|   12|   ap_stable|            Height_val|        scalar|
|WidthInPix_val                      |   in|   12|   ap_stable|        WidthInPix_val|        scalar|
|WidthInBytes_val_dout               |   in|   15|     ap_fifo|      WidthInBytes_val|       pointer|
|WidthInBytes_val_empty_n            |   in|    1|     ap_fifo|      WidthInBytes_val|       pointer|
|WidthInBytes_val_read               |  out|    1|     ap_fifo|      WidthInBytes_val|       pointer|
|WidthInBytes_val_num_data_valid     |   in|    3|     ap_fifo|      WidthInBytes_val|       pointer|
|WidthInBytes_val_fifo_cap           |   in|    3|     ap_fifo|      WidthInBytes_val|       pointer|
|VideoFormat_val                     |   in|    6|   ap_stable|       VideoFormat_val|        scalar|
|WidthInBytes_val2_c_din             |  out|   15|     ap_fifo|   WidthInBytes_val2_c|       pointer|
|WidthInBytes_val2_c_full_n          |   in|    1|     ap_fifo|   WidthInBytes_val2_c|       pointer|
|WidthInBytes_val2_c_write           |  out|    1|     ap_fifo|   WidthInBytes_val2_c|       pointer|
|WidthInBytes_val2_c_num_data_valid  |   in|    3|     ap_fifo|   WidthInBytes_val2_c|       pointer|
|WidthInBytes_val2_c_fifo_cap        |   in|    3|     ap_fifo|   WidthInBytes_val2_c|       pointer|
+------------------------------------+-----+-----+------------+----------------------+--------------+

