

================================================================
== Vitis HLS Report for 'MultiPixStream2Bytes_Pipeline_VITIS_LOOP_1291_6'
================================================================
* Date:           Mon Apr 27 12:25:03 2026

* Version:        2024.2 (Build 5238294 on Nov  8 2024)
* Project:        prj
* Solution:       sol (Vivado IP Flow Target)
* Product family: zynquplus
* Target device:  xck26-sfvc784-2LV-c


================================================================
== Performance Estimates
================================================================
+ Timing: 
    * Summary: 
    +--------+---------+----------+------------+
    |  Clock |  Target | Estimated| Uncertainty|
    +--------+---------+----------+------------+
    |ap_clk  |  6.67 ns|  4.012 ns|     1.80 ns|
    +--------+---------+----------+------------+

+ Latency: 
    * Summary: 
    +---------+---------+-----------+-----------+-----+------+------------------------------------------------+
    |  Latency (cycles) |   Latency (absolute)  |  Interval  |                    Pipeline                    |
    |   min   |   max   |    min    |    max    | min |  max |                      Type                      |
    +---------+---------+-----------+-----------+-----+------+------------------------------------------------+
    |        3|     3843|  20.001 ns|  25.621 us|    2|  3842|  loop auto-rewind stp (delay=0 clock cycles(s))|
    +---------+---------+-----------+-----------+-----+------+------------------------------------------------+

    + Detail: 
        * Instance: 
        N/A

        * Loop: 
        +---------------------+---------+---------+----------+-----------+-----------+---------+----------+
        |                     |  Latency (cycles) | Iteration|  Initiation Interval  |   Trip  |          |
        |      Loop Name      |   min   |   max   |  Latency |  achieved |   target  |  Count  | Pipelined|
        +---------------------+---------+---------+----------+-----------+-----------+---------+----------+
        |- VITIS_LOOP_1291_6  |        1|     3841|         9|          8|          8|  0 ~ 480|       yes|
        +---------------------+---------+---------+----------+-----------+-----------+---------+----------+



================================================================
== Utilization Estimates
================================================================
* Summary: 
+-----------------+---------+------+--------+--------+-----+
|       Name      | BRAM_18K|  DSP |   FF   |   LUT  | URAM|
+-----------------+---------+------+--------+--------+-----+
|DSP              |        -|     -|       -|       -|    -|
|Expression       |        -|     -|       0|     139|    -|
|FIFO             |        -|     -|       -|       -|    -|
|Instance         |        -|     -|       -|       -|    -|
|Memory           |        -|     -|       -|       -|    -|
|Multiplexer      |        -|     -|       0|     687|    -|
|Register         |        -|     -|     668|       -|    -|
+-----------------+---------+------+--------+--------+-----+
|Total            |        0|     0|     668|     826|    0|
+-----------------+---------+------+--------+--------+-----+
|Available        |      288|  1248|  234240|  117120|   64|
+-----------------+---------+------+--------+--------+-----+
|Utilization (%)  |        0|     0|      ~0|      ~0|    0|
+-----------------+---------+------+--------+--------+-----+

+ Detail: 
    * Instance: 
    N/A

    * DSP: 
    N/A

    * Memory: 
    N/A

    * FIFO: 
    N/A

    * Expression: 
    +----------------------------------------+----------+----+---+----+------------+------------+
    |              Variable Name             | Operation| DSP| FF| LUT| Bitwidth P0| Bitwidth P1|
    +----------------------------------------+----------+----+---+----+------------+------------+
    |x_2_fu_961_p2                           |         +|   0|  0|  16|           9|           1|
    |ap_block_pp0_stage0_01001_grp10         |       and|   0|  0|   2|           1|           1|
    |ap_block_pp0_stage1_11001_grp1          |       and|   0|  0|   2|           1|           1|
    |ap_block_pp0_stage2_11001_grp2          |       and|   0|  0|   2|           1|           1|
    |ap_block_pp0_stage3_11001_grp3          |       and|   0|  0|   2|           1|           1|
    |ap_block_pp0_stage4_01001_grp4          |       and|   0|  0|   2|           1|           1|
    |ap_block_pp0_stage5_11001_grp6          |       and|   0|  0|   2|           1|           1|
    |ap_block_pp0_stage6_11001_grp7          |       and|   0|  0|   2|           1|           1|
    |ap_block_pp0_stage7_01001_grp8          |       and|   0|  0|   2|           1|           1|
    |ap_block_state2_pp0_stage1_iter0_grp1   |       and|   0|  0|   2|           1|           1|
    |ap_block_state3_pp0_stage2_iter0_grp2   |       and|   0|  0|   2|           1|           1|
    |ap_block_state4_pp0_stage3_iter0_grp3   |       and|   0|  0|   2|           1|           1|
    |ap_block_state6_pp0_stage5_iter0_grp6   |       and|   0|  0|   2|           1|           1|
    |ap_block_state7_pp0_stage6_iter0_grp7   |       and|   0|  0|   2|           1|           1|
    |ap_condition_1065                       |       and|   0|  0|   2|           1|           1|
    |ap_condition_1069                       |       and|   0|  0|   2|           1|           1|
    |ap_condition_1076                       |       and|   0|  0|   2|           1|           1|
    |ap_condition_1080                       |       and|   0|  0|   2|           1|           1|
    |ap_condition_1085                       |       and|   0|  0|   2|           1|           1|
    |ap_condition_1090                       |       and|   0|  0|   2|           1|           1|
    |ap_condition_1094                       |       and|   0|  0|   2|           1|           1|
    |ap_condition_1099                       |       and|   0|  0|   2|           1|           1|
    |ap_condition_790                        |       and|   0|  0|   2|           1|           1|
    |ap_predicate_op102_read_state4          |       and|   0|  0|   2|           1|           1|
    |ap_predicate_op122_read_state5          |       and|   0|  0|   2|           1|           1|
    |ap_predicate_op139_read_state6          |       and|   0|  0|   2|           1|           1|
    |ap_predicate_op154_read_state7          |       and|   0|  0|   2|           1|           1|
    |ap_predicate_op169_read_state8          |       and|   0|  0|   2|           1|           1|
    |ap_predicate_op178_write_state8         |       and|   0|  0|   2|           1|           1|
    |ap_predicate_op187_read_state9          |       and|   0|  0|   2|           1|           1|
    |ap_predicate_op70_read_state2           |       and|   0|  0|   2|           1|           1|
    |ap_predicate_op86_read_state3           |       and|   0|  0|   2|           1|           1|
    |cmp231_fu_967_p2                        |      icmp|   0|  0|  17|          10|          10|
    |icmp_ln1291_fu_955_p2                   |      icmp|   0|  0|  16|           9|           9|
    |ap_block_state5_pp0_stage4_iter0_grp4   |        or|   0|  0|   2|           1|           1|
    |ap_block_state8_pp0_stage7_iter0_grp8   |        or|   0|  0|   2|           1|           1|
    |ap_block_state9_pp0_stage0_iter1_grp10  |        or|   0|  0|   2|           1|           1|
    |or_ln1296_1_fu_1018_p2                  |        or|   0|  0|   2|           1|           1|
    |or_ln1296_2_fu_1026_p2                  |        or|   0|  0|   2|           1|           1|
    |or_ln1296_3_fu_1034_p2                  |        or|   0|  0|   2|           1|           1|
    |or_ln1296_4_fu_1038_p2                  |        or|   0|  0|   2|           1|           1|
    |or_ln1296_5_fu_1042_p2                  |        or|   0|  0|   2|           1|           1|
    |or_ln1296_6_fu_1046_p2                  |        or|   0|  0|   2|           1|           1|
    |or_ln1296_7_fu_1050_p2                  |        or|   0|  0|   2|           1|           1|
    |or_ln1296_fu_973_p2                     |        or|   0|  0|   2|           1|           1|
    |or_ln1311_1_fu_985_p2                   |        or|   0|  0|   2|           1|           1|
    |or_ln1311_fu_979_p2                     |        or|   0|  0|   2|           1|           1|
    |ap_enable_pp0                           |       xor|   0|  0|   2|           1|           2|
    +----------------------------------------+----------+----+---+----+------------+------------+
    |Total                                   |          |   0|  0| 139|          73|          66|
    +----------------------------------------+----------+----+---+----+------------+------------+

    * Multiplexer: 
    +----------------------------------------+----+-----------+-----+-----------+
    |                  Name                  | LUT| Input Size| Bits| Total Bits|
    +----------------------------------------+----+-----------+-----+-----------+
    |ap_NS_fsm                               |  49|          9|    1|          9|
    |ap_done_int                             |   9|          2|    1|          2|
    |ap_enable_reg_pp0_iter0                 |   9|          2|    1|          2|
    |ap_enable_reg_pp0_iter0_reg             |   9|          2|    1|          2|
    |ap_enable_reg_pp0_iter1                 |   9|          2|    1|          2|
    |ap_phi_mux_empty_169_phi_fu_726_p4      |  14|          3|    8|         24|
    |ap_phi_mux_empty_170_phi_fu_736_p4      |  14|          3|    8|         24|
    |ap_phi_mux_empty_171_phi_fu_746_p4      |  14|          3|    8|         24|
    |ap_phi_mux_empty_172_phi_fu_756_p4      |  14|          3|    8|         24|
    |ap_phi_mux_empty_173_phi_fu_766_p4      |  14|          3|    8|         24|
    |ap_phi_mux_empty_174_phi_fu_776_p4      |  14|          3|    8|         24|
    |ap_phi_reg_pp0_iter0_empty_181_reg_597  |   9|          2|    8|         16|
    |ap_phi_reg_pp0_iter0_empty_182_reg_608  |   9|          2|    8|         16|
    |ap_phi_reg_pp0_iter0_empty_183_reg_619  |   9|          2|    8|         16|
    |ap_phi_reg_pp0_iter0_empty_184_reg_630  |   9|          2|    8|         16|
    |ap_phi_reg_pp0_iter0_empty_185_reg_641  |   9|          2|    8|         16|
    |ap_phi_reg_pp0_iter0_empty_186_reg_652  |   9|          2|    8|         16|
    |ap_phi_reg_pp0_iter0_empty_187_reg_531  |   9|          2|    8|         16|
    |ap_phi_reg_pp0_iter0_empty_188_reg_542  |   9|          2|    8|         16|
    |ap_phi_reg_pp0_iter0_empty_189_reg_553  |   9|          2|    8|         16|
    |ap_phi_reg_pp0_iter0_empty_190_reg_564  |   9|          2|    8|         16|
    |ap_phi_reg_pp0_iter0_empty_191_reg_575  |   9|          2|    8|         16|
    |ap_phi_reg_pp0_iter0_empty_192_reg_586  |   9|          2|    8|         16|
    |ap_phi_reg_pp0_iter0_empty_193_reg_465  |   9|          2|    8|         16|
    |ap_phi_reg_pp0_iter0_empty_194_reg_476  |   9|          2|    8|         16|
    |ap_phi_reg_pp0_iter0_empty_195_reg_487  |   9|          2|    8|         16|
    |ap_phi_reg_pp0_iter0_empty_196_reg_498  |   9|          2|    8|         16|
    |ap_phi_reg_pp0_iter0_empty_197_reg_509  |   9|          2|    8|         16|
    |ap_phi_reg_pp0_iter0_empty_198_reg_520  |   9|          2|    8|         16|
    |ap_phi_reg_pp0_iter0_empty_199_reg_399  |   9|          2|    8|         16|
    |ap_phi_reg_pp0_iter0_empty_200_reg_410  |   9|          2|    8|         16|
    |ap_phi_reg_pp0_iter0_empty_201_reg_421  |   9|          2|    8|         16|
    |ap_phi_reg_pp0_iter0_empty_202_reg_432  |   9|          2|    8|         16|
    |ap_phi_reg_pp0_iter0_empty_203_reg_443  |   9|          2|    8|         16|
    |ap_phi_reg_pp0_iter0_empty_204_reg_454  |   9|          2|    8|         16|
    |ap_phi_reg_pp0_iter0_empty_205_reg_333  |   9|          2|    8|         16|
    |ap_phi_reg_pp0_iter0_empty_206_reg_344  |   9|          2|    8|         16|
    |ap_phi_reg_pp0_iter0_empty_207_reg_355  |   9|          2|    8|         16|
    |ap_phi_reg_pp0_iter0_empty_208_reg_366  |   9|          2|    8|         16|
    |ap_phi_reg_pp0_iter0_empty_209_reg_377  |   9|          2|    8|         16|
    |ap_phi_reg_pp0_iter0_empty_210_reg_388  |   9|          2|    8|         16|
    |ap_phi_reg_pp0_iter0_empty_211_reg_273  |   9|          2|    8|         16|
    |ap_phi_reg_pp0_iter0_empty_212_reg_283  |   9|          2|    8|         16|
    |ap_phi_reg_pp0_iter0_empty_213_reg_293  |   9|          2|    8|         16|
    |ap_phi_reg_pp0_iter0_empty_214_reg_303  |   9|          2|    8|         16|
    |ap_phi_reg_pp0_iter0_empty_215_reg_313  |   9|          2|    8|         16|
    |ap_phi_reg_pp0_iter0_empty_216_reg_323  |   9|          2|    8|         16|
    |ap_phi_reg_pp0_iter1_empty_175_reg_663  |  14|          3|    8|         24|
    |ap_phi_reg_pp0_iter1_empty_176_reg_673  |  14|          3|    8|         24|
    |ap_phi_reg_pp0_iter1_empty_177_reg_683  |  14|          3|    8|         24|
    |ap_phi_reg_pp0_iter1_empty_178_reg_693  |  14|          3|    8|         24|
    |ap_phi_reg_pp0_iter1_empty_179_reg_703  |  14|          3|    8|         24|
    |ap_phi_reg_pp0_iter1_empty_180_reg_713  |  14|          3|    8|         24|
    |ap_sig_allocacmp_x_1                    |   9|          2|    9|         18|
    |bytePlanes_blk_n                        |   9|          2|    1|          2|
    |bytePlanes_din                          |  20|          4|  128|        512|
    |empty_163_fu_128                        |   9|          2|    8|         16|
    |empty_164_fu_132                        |   9|          2|    8|         16|
    |empty_165_fu_136                        |   9|          2|    8|         16|
    |empty_166_fu_140                        |   9|          2|    8|         16|
    |empty_167_fu_144                        |   9|          2|    8|         16|
    |empty_168_fu_148                        |   9|          2|    8|         16|
    |img_blk_n                               |   9|          2|    1|          2|
    |x_fu_124                                |   9|          2|    9|         18|
    +----------------------------------------+----+-----------+-----+-----------+
    |Total                                   | 687|        149|  585|       1529|
    +----------------------------------------+----+-----------+-----+-----------+

    * Register: 
    +-------------------------------------------+---+----+-----+-----------+
    |                    Name                   | FF| LUT| Bits| Const Bits|
    +-------------------------------------------+---+----+-----+-----------+
    |ap_CS_fsm                                  |  8|   0|    8|          0|
    |ap_block_pp0_stage0_subdone_grp0_done_reg  |  1|   0|    1|          0|
    |ap_block_pp0_stage1_subdone_grp0_done_reg  |  1|   0|    1|          0|
    |ap_block_pp0_stage2_subdone_grp0_done_reg  |  1|   0|    1|          0|
    |ap_block_pp0_stage3_subdone_grp0_done_reg  |  1|   0|    1|          0|
    |ap_block_pp0_stage7_subdone_grp0_done_reg  |  1|   0|    1|          0|
    |ap_done_reg                                |  1|   0|    1|          0|
    |ap_enable_reg_pp0_iter0_reg                |  1|   0|    1|          0|
    |ap_enable_reg_pp0_iter1                    |  1|   0|    1|          0|
    |ap_phi_reg_pp0_iter0_empty_181_reg_597     |  8|   0|    8|          0|
    |ap_phi_reg_pp0_iter0_empty_182_reg_608     |  8|   0|    8|          0|
    |ap_phi_reg_pp0_iter0_empty_183_reg_619     |  8|   0|    8|          0|
    |ap_phi_reg_pp0_iter0_empty_184_reg_630     |  8|   0|    8|          0|
    |ap_phi_reg_pp0_iter0_empty_185_reg_641     |  8|   0|    8|          0|
    |ap_phi_reg_pp0_iter0_empty_186_reg_652     |  8|   0|    8|          0|
    |ap_phi_reg_pp0_iter0_empty_187_reg_531     |  8|   0|    8|          0|
    |ap_phi_reg_pp0_iter0_empty_188_reg_542     |  8|   0|    8|          0|
    |ap_phi_reg_pp0_iter0_empty_189_reg_553     |  8|   0|    8|          0|
    |ap_phi_reg_pp0_iter0_empty_190_reg_564     |  8|   0|    8|          0|
    |ap_phi_reg_pp0_iter0_empty_191_reg_575     |  8|   0|    8|          0|
    |ap_phi_reg_pp0_iter0_empty_192_reg_586     |  8|   0|    8|          0|
    |ap_phi_reg_pp0_iter0_empty_193_reg_465     |  8|   0|    8|          0|
    |ap_phi_reg_pp0_iter0_empty_194_reg_476     |  8|   0|    8|          0|
    |ap_phi_reg_pp0_iter0_empty_195_reg_487     |  8|   0|    8|          0|
    |ap_phi_reg_pp0_iter0_empty_196_reg_498     |  8|   0|    8|          0|
    |ap_phi_reg_pp0_iter0_empty_197_reg_509     |  8|   0|    8|          0|
    |ap_phi_reg_pp0_iter0_empty_198_reg_520     |  8|   0|    8|          0|
    |ap_phi_reg_pp0_iter0_empty_199_reg_399     |  8|   0|    8|          0|
    |ap_phi_reg_pp0_iter0_empty_200_reg_410     |  8|   0|    8|          0|
    |ap_phi_reg_pp0_iter0_empty_201_reg_421     |  8|   0|    8|          0|
    |ap_phi_reg_pp0_iter0_empty_202_reg_432     |  8|   0|    8|          0|
    |ap_phi_reg_pp0_iter0_empty_203_reg_443     |  8|   0|    8|          0|
    |ap_phi_reg_pp0_iter0_empty_204_reg_454     |  8|   0|    8|          0|
    |ap_phi_reg_pp0_iter0_empty_205_reg_333     |  8|   0|    8|          0|
    |ap_phi_reg_pp0_iter0_empty_206_reg_344     |  8|   0|    8|          0|
    |ap_phi_reg_pp0_iter0_empty_207_reg_355     |  8|   0|    8|          0|
    |ap_phi_reg_pp0_iter0_empty_208_reg_366     |  8|   0|    8|          0|
    |ap_phi_reg_pp0_iter0_empty_209_reg_377     |  8|   0|    8|          0|
    |ap_phi_reg_pp0_iter0_empty_210_reg_388     |  8|   0|    8|          0|
    |ap_phi_reg_pp0_iter0_empty_211_reg_273     |  8|   0|    8|          0|
    |ap_phi_reg_pp0_iter0_empty_212_reg_283     |  8|   0|    8|          0|
    |ap_phi_reg_pp0_iter0_empty_213_reg_293     |  8|   0|    8|          0|
    |ap_phi_reg_pp0_iter0_empty_214_reg_303     |  8|   0|    8|          0|
    |ap_phi_reg_pp0_iter0_empty_215_reg_313     |  8|   0|    8|          0|
    |ap_phi_reg_pp0_iter0_empty_216_reg_323     |  8|   0|    8|          0|
    |ap_phi_reg_pp0_iter1_empty_175_reg_663     |  8|   0|    8|          0|
    |ap_phi_reg_pp0_iter1_empty_176_reg_673     |  8|   0|    8|          0|
    |ap_phi_reg_pp0_iter1_empty_177_reg_683     |  8|   0|    8|          0|
    |ap_phi_reg_pp0_iter1_empty_178_reg_693     |  8|   0|    8|          0|
    |ap_phi_reg_pp0_iter1_empty_179_reg_703     |  8|   0|    8|          0|
    |ap_phi_reg_pp0_iter1_empty_180_reg_713     |  8|   0|    8|          0|
    |cmp231_reg_1340                            |  1|   0|    1|          0|
    |cmp233_2_read_reg_1306                     |  1|   0|    1|          0|
    |cmp233_4_read_reg_1316                     |  1|   0|    1|          0|
    |cmp233_5_read_reg_1321                     |  1|   0|    1|          0|
    |cmp233_6_read_reg_1326                     |  1|   0|    1|          0|
    |empty_163_fu_128                           |  8|   0|    8|          0|
    |empty_164_fu_132                           |  8|   0|    8|          0|
    |empty_165_fu_136                           |  8|   0|    8|          0|
    |empty_166_fu_140                           |  8|   0|    8|          0|
    |empty_167_fu_144                           |  8|   0|    8|          0|
    |empty_168_fu_148                           |  8|   0|    8|          0|
    |empty_181_reg_597                          |  8|   0|    8|          0|
    |empty_182_reg_608                          |  8|   0|    8|          0|
    |empty_183_reg_619                          |  8|   0|    8|          0|
    |empty_186_reg_652                          |  8|   0|    8|          0|
    |empty_187_reg_531                          |  8|   0|    8|          0|
    |empty_188_reg_542                          |  8|   0|    8|          0|
    |empty_189_reg_553                          |  8|   0|    8|          0|
    |empty_190_reg_564                          |  8|   0|    8|          0|
    |empty_191_reg_575                          |  8|   0|    8|          0|
    |empty_192_reg_586                          |  8|   0|    8|          0|
    |empty_193_reg_465                          |  8|   0|    8|          0|
    |empty_194_reg_476                          |  8|   0|    8|          0|
    |empty_195_reg_487                          |  8|   0|    8|          0|
    |empty_196_reg_498                          |  8|   0|    8|          0|
    |empty_197_reg_509                          |  8|   0|    8|          0|
    |empty_198_reg_520                          |  8|   0|    8|          0|
    |empty_200_reg_410                          |  8|   0|    8|          0|
    |empty_201_reg_421                          |  8|   0|    8|          0|
    |empty_205_reg_333                          |  8|   0|    8|          0|
    |empty_206_reg_344                          |  8|   0|    8|          0|
    |empty_207_reg_355                          |  8|   0|    8|          0|
    |empty_208_reg_366                          |  8|   0|    8|          0|
    |empty_209_reg_377                          |  8|   0|    8|          0|
    |empty_210_reg_388                          |  8|   0|    8|          0|
    |empty_211_reg_273                          |  8|   0|    8|          0|
    |empty_212_reg_283                          |  8|   0|    8|          0|
    |empty_213_reg_293                          |  8|   0|    8|          0|
    |empty_214_reg_303                          |  8|   0|    8|          0|
    |empty_215_reg_313                          |  8|   0|    8|          0|
    |empty_216_reg_323                          |  8|   0|    8|          0|
    |icmp26_read_reg_1301                       |  1|   0|    1|          0|
    |icmp29_read_reg_1311                       |  1|   0|    1|          0|
    |icmp_ln1277_read_reg_1331                  |  1|   0|    1|          0|
    |icmp_ln1291_reg_1336                       |  1|   0|    1|          0|
    |or_ln1296_1_reg_1398                       |  1|   0|    1|          0|
    |or_ln1296_2_reg_1407                       |  1|   0|    1|          0|
    |or_ln1296_3_reg_1416                       |  1|   0|    1|          0|
    |or_ln1296_4_reg_1420                       |  1|   0|    1|          0|
    |or_ln1296_5_reg_1424                       |  1|   0|    1|          0|
    |or_ln1296_6_reg_1428                       |  1|   0|    1|          0|
    |or_ln1296_7_reg_1432                       |  1|   0|    1|          0|
    |or_ln1296_reg_1351                         |  1|   0|    1|          0|
    |or_ln1311_1_reg_1359                       |  1|   0|    1|          0|
    |or_ln1311_reg_1355                         |  1|   0|    1|          0|
    |x_fu_124                                   |  9|   0|    9|          0|
    +-------------------------------------------+---+----+-----+-----------+
    |Total                                      |668|   0|  668|          0|
    +-------------------------------------------+---+----+-----+-----------+



================================================================
== Interface
================================================================
* Summary: 
+---------------------------+-----+-----+------------+-------------------------------------------------+--------------+
|         RTL Ports         | Dir | Bits|  Protocol  |                  Source Object                  |    C Type    |
+---------------------------+-----+-----+------------+-------------------------------------------------+--------------+
|ap_clk                     |   in|    1|  ap_ctrl_hs|  MultiPixStream2Bytes_Pipeline_VITIS_LOOP_1291_6|  return value|
|ap_rst                     |   in|    1|  ap_ctrl_hs|  MultiPixStream2Bytes_Pipeline_VITIS_LOOP_1291_6|  return value|
|ap_start                   |   in|    1|  ap_ctrl_hs|  MultiPixStream2Bytes_Pipeline_VITIS_LOOP_1291_6|  return value|
|ap_done                    |  out|    1|  ap_ctrl_hs|  MultiPixStream2Bytes_Pipeline_VITIS_LOOP_1291_6|  return value|
|ap_idle                    |  out|    1|  ap_ctrl_hs|  MultiPixStream2Bytes_Pipeline_VITIS_LOOP_1291_6|  return value|
|ap_ready                   |  out|    1|  ap_ctrl_hs|  MultiPixStream2Bytes_Pipeline_VITIS_LOOP_1291_6|  return value|
|img_dout                   |   in|   48|     ap_fifo|                                              img|       pointer|
|img_empty_n                |   in|    1|     ap_fifo|                                              img|       pointer|
|img_read                   |  out|    1|     ap_fifo|                                              img|       pointer|
|img_num_data_valid         |   in|    3|     ap_fifo|                                              img|       pointer|
|img_fifo_cap               |   in|    3|     ap_fifo|                                              img|       pointer|
|bytePlanes_din             |  out|  128|     ap_fifo|                                       bytePlanes|       pointer|
|bytePlanes_full_n          |   in|    1|     ap_fifo|                                       bytePlanes|       pointer|
|bytePlanes_write           |  out|    1|     ap_fifo|                                       bytePlanes|       pointer|
|bytePlanes_num_data_valid  |   in|   10|     ap_fifo|                                       bytePlanes|       pointer|
|bytePlanes_fifo_cap        |   in|   10|     ap_fifo|                                       bytePlanes|       pointer|
|p_lcssa178196              |   in|    8|     ap_none|                                    p_lcssa178196|        scalar|
|p_lcssa177193              |   in|    8|     ap_none|                                    p_lcssa177193|        scalar|
|p_lcssa176190              |   in|    8|     ap_none|                                    p_lcssa176190|        scalar|
|p_lcssa175187              |   in|    8|     ap_none|                                    p_lcssa175187|        scalar|
|p_lcssa174184              |   in|    8|     ap_none|                                    p_lcssa174184|        scalar|
|p_lcssa173181              |   in|    8|     ap_none|                                    p_lcssa173181|        scalar|
|loopWidth_1_cast           |   in|    9|     ap_none|                                 loopWidth_1_cast|        scalar|
|cmp286_2                   |   in|    1|   ap_stable|                                         cmp286_2|        scalar|
|empty                      |   in|    1|   ap_stable|                                            empty|        scalar|
|icmp_ln1277                |   in|    1|   ap_stable|                                      icmp_ln1277|        scalar|
|cmp233_6                   |   in|    1|   ap_stable|                                         cmp233_6|        scalar|
|cmp233_5                   |   in|    1|   ap_stable|                                         cmp233_5|        scalar|
|cmp233_4                   |   in|    1|   ap_stable|                                         cmp233_4|        scalar|
|icmp29                     |   in|    1|   ap_stable|                                           icmp29|        scalar|
|cmp233_2                   |   in|    1|   ap_stable|                                         cmp233_2|        scalar|
|icmp26                     |   in|    1|   ap_stable|                                           icmp26|        scalar|
|sub230_cast                |   in|   10|     ap_none|                                      sub230_cast|        scalar|
|cmp233                     |   in|    1|   ap_stable|                                           cmp233|        scalar|
|p_out                      |  out|    8|      ap_vld|                                            p_out|       pointer|
|p_out_ap_vld               |  out|    1|      ap_vld|                                            p_out|       pointer|
|p_out1                     |  out|    8|      ap_vld|                                           p_out1|       pointer|
|p_out1_ap_vld              |  out|    1|      ap_vld|                                           p_out1|       pointer|
|p_out2                     |  out|    8|      ap_vld|                                           p_out2|       pointer|
|p_out2_ap_vld              |  out|    1|      ap_vld|                                           p_out2|       pointer|
|p_out3                     |  out|    8|      ap_vld|                                           p_out3|       pointer|
|p_out3_ap_vld              |  out|    1|      ap_vld|                                           p_out3|       pointer|
|p_out4                     |  out|    8|      ap_vld|                                           p_out4|       pointer|
|p_out4_ap_vld              |  out|    1|      ap_vld|                                           p_out4|       pointer|
|p_out5                     |  out|    8|      ap_vld|                                           p_out5|       pointer|
|p_out5_ap_vld              |  out|    1|      ap_vld|                                           p_out5|       pointer|
+---------------------------+-----+-----+------------+-------------------------------------------------+--------------+

