

================================================================
== Vitis HLS Report for 'AXIvideo2MultiPixStream_1'
================================================================
* Date:           Mon Apr 27 12:26:46 2026

* Version:        2024.2 (Build 5238294 on Nov  8 2024)
* Project:        prj
* Solution:       sol (Vivado IP Flow Target)
* Product family: zynquplus
* Target device:  xck26-sfvc784-2LV-c


================================================================
== Performance Estimates
================================================================
+ Timing: 
    * Summary: 
    +--------+---------+----------+------------+
    |  Clock |  Target | Estimated| Uncertainty|
    +--------+---------+----------+------------+
    |ap_clk  |  6.67 ns|  2.034 ns|     1.80 ns|
    +--------+---------+----------+------------+

+ Latency: 
    * Summary: 
    +---------+---------+-----------+-----------+-----+---------+---------+
    |  Latency (cycles) |   Latency (absolute)  |    Interval   | Pipeline|
    |   min   |   max   |    min    |    max    | min |   max   |   Type  |
    +---------+---------+-----------+-----------+-----+---------+---------+
    |        2|  4168806|  13.334 ns|  27.793 ms|    2|  4168806|       no|
    +---------+---------+-----------+-----------+-----+---------+---------+

    + Detail: 
        * Instance: 
        +-------------------------------------------------------------------+--------------------------------------------------------+---------+---------+-----------+-----------+-----+------+------------------------------------------------+
        |                                                                   |                                                        |  Latency (cycles) |   Latency (absolute)  |  Interval  |                    Pipeline                    |
        |                              Instance                             |                         Module                         |   min   |   max   |    min    |    max    | min |  max |                      Type                      |
        +-------------------------------------------------------------------+--------------------------------------------------------+---------+---------+-----------+-----------+-----+------+------------------------------------------------+
        |grp_AXIvideo2MultiPixStream_1_Pipeline_loop_wait_for_start_fu_168  |AXIvideo2MultiPixStream_1_Pipeline_loop_wait_for_start  |        2|        2|  13.334 ns|  13.334 ns|    1|     1|  loop auto-rewind stp (delay=0 clock cycles(s))|
        |grp_AXIvideo2MultiPixStream_1_Pipeline_loop_width_fu_188           |AXIvideo2MultiPixStream_1_Pipeline_loop_width           |        3|     1923|  20.001 ns|  12.821 us|    1|  1921|  loop auto-rewind stp (delay=0 clock cycles(s))|
        |grp_AXIvideo2MultiPixStream_1_Pipeline_loop_wait_for_eol_fu_216    |AXIvideo2MultiPixStream_1_Pipeline_loop_wait_for_eol    |        2|        2|  13.334 ns|  13.334 ns|    1|     1|  loop auto-rewind stp (delay=0 clock cycles(s))|
        |grp_reg_unsigned_short_1_fu_239                                    |reg_unsigned_short_1                                    |        1|        1|   6.667 ns|   6.667 ns|    1|     1|                                             yes|
        |grp_reg_unsigned_short_1_fu_245                                    |reg_unsigned_short_1                                    |        1|        1|   6.667 ns|   6.667 ns|    1|     1|                                             yes|
        +-------------------------------------------------------------------+--------------------------------------------------------+---------+---------+-----------+-----------+-----+------+------------------------------------------------+

        * Loop: 
        +---------------+---------+---------+-----------+-----------+-----------+----------+----------+
        |               |  Latency (cycles) | Iteration |  Initiation Interval  |   Trip   |          |
        |   Loop Name   |   min   |   max   |  Latency  |  achieved |   target  |   Count  | Pipelined|
        +---------------+---------+---------+-----------+-----------+-----------+----------+----------+
        |- loop_height  |        0|  4168800|  10 ~ 1930|          -|          -|  0 ~ 2160|        no|
        +---------------+---------+---------+-----------+-----------+-----------+----------+----------+



================================================================
== Utilization Estimates
================================================================
* Summary: 
+-----------------+---------+------+--------+--------+-----+
|       Name      | BRAM_18K|  DSP |   FF   |   LUT  | URAM|
+-----------------+---------+------+--------+--------+-----+
|DSP              |        -|     -|       -|       -|    -|
|Expression       |        -|     -|       0|      64|    -|
|FIFO             |        -|     -|       -|       -|    -|
|Instance         |        -|     -|     105|     252|    -|
|Memory           |        -|     -|       -|       -|    -|
|Multiplexer      |        -|     -|       0|     137|    -|
|Register         |        -|     -|     105|       -|    -|
+-----------------+---------+------+--------+--------+-----+
|Total            |        0|     0|     210|     453|    0|
+-----------------+---------+------+--------+--------+-----+
|Available        |      288|  1248|  234240|  117120|   64|
+-----------------+---------+------+--------+--------+-----+
|Utilization (%)  |        0|     0|      ~0|      ~0|    0|
+-----------------+---------+------+--------+--------+-----+

+ Detail: 
    * Instance: 
    +-------------------------------------------------------------------+--------------------------------------------------------+---------+----+----+-----+-----+
    |                              Instance                             |                         Module                         | BRAM_18K| DSP| FF | LUT | URAM|
    +-------------------------------------------------------------------+--------------------------------------------------------+---------+----+----+-----+-----+
    |grp_AXIvideo2MultiPixStream_1_Pipeline_loop_wait_for_eol_fu_216    |AXIvideo2MultiPixStream_1_Pipeline_loop_wait_for_eol    |        0|   0|   4|   52|    0|
    |grp_AXIvideo2MultiPixStream_1_Pipeline_loop_wait_for_start_fu_168  |AXIvideo2MultiPixStream_1_Pipeline_loop_wait_for_start  |        0|   0|   4|   38|    0|
    |grp_AXIvideo2MultiPixStream_1_Pipeline_loop_width_fu_188           |AXIvideo2MultiPixStream_1_Pipeline_loop_width           |        0|   0|  69|  158|    0|
    |grp_reg_unsigned_short_1_fu_239                                    |reg_unsigned_short_1                                    |        0|   0|  14|    2|    0|
    |grp_reg_unsigned_short_1_fu_245                                    |reg_unsigned_short_1                                    |        0|   0|  14|    2|    0|
    +-------------------------------------------------------------------+--------------------------------------------------------+---------+----+----+-----+-----+
    |Total                                                              |                                                        |        0|   0| 105|  252|    0|
    +-------------------------------------------------------------------+--------------------------------------------------------+---------+----+----+-----+-----+

    * DSP: 
    N/A

    * Memory: 
    N/A

    * FIFO: 
    N/A

    * Expression: 
    +-------------------------+----------+----+---+----+------------+------------+
    |      Variable Name      | Operation| DSP| FF| LUT| Bitwidth P0| Bitwidth P1|
    +-------------------------+----------+----+---+----+------------+------------+
    |i_10_fu_346_p2           |         +|   0|  0|  19|          12|           1|
    |and_ln3150_fu_356_p2     |       and|   0|  0|   2|           1|           1|
    |cmp10302_fu_327_p2       |      icmp|   0|  0|  18|          11|           1|
    |icmp_ln3101_fu_341_p2    |      icmp|   0|  0|  19|          12|          12|
    |ap_block_state1          |        or|   0|  0|   2|           1|           1|
    |select_ln3150_fu_410_p3  |    select|   0|  0|   2|           1|           1|
    |xor_ln3150_fu_332_p2     |       xor|   0|  0|   2|           1|           2|
    +-------------------------+----------+----+---+----+------------+------------+
    |Total                    |          |   0|  0|  64|          39|          19|
    +-------------------------+----------+----+---+----+------------+------------+

    * Multiplexer: 
    +---------------------------------------+----+-----------+-----+-----------+
    |                  Name                 | LUT| Input Size| Bits| Total Bits|
    +---------------------------------------+----+-----------+-----+-----------+
    |HwReg_layerEnableFlag_0_val_c26_blk_n  |   9|          2|    1|          2|
    |ap_NS_fsm                              |  54|         10|    1|         10|
    |ap_done                                |   9|          2|    1|          2|
    |axi_data_fu_112                        |   9|          2|   48|         96|
    |axi_last_reg_158                       |   9|          2|    1|          2|
    |i_fu_116                               |   9|          2|   12|         24|
    |real_start                             |   9|          2|    1|          2|
    |s_axis_video_TREADY                    |  20|          4|    1|          4|
    |sof_reg_146                            |   9|          2|    1|          2|
    +---------------------------------------+----+-----------+-----+-----------+
    |Total                                  | 137|         28|   67|        144|
    +---------------------------------------+----+-----------+-----+-----------+

    * Register: 
    +--------------------------------------------------------------------------------+----+----+-----+-----------+
    |                                      Name                                      | FF | LUT| Bits| Const Bits|
    +--------------------------------------------------------------------------------+----+----+-----+-----------+
    |and_ln3150_reg_539                                                              |   1|   0|    1|          0|
    |ap_CS_fsm                                                                       |   9|   0|    9|          0|
    |ap_done_reg                                                                     |   1|   0|    1|          0|
    |axi_data_fu_112                                                                 |  48|   0|   48|          0|
    |axi_last_4_loc_fu_96                                                            |   1|   0|    1|          0|
    |axi_last_reg_158                                                                |   1|   0|    1|          0|
    |cmp10302_reg_523                                                                |   1|   0|    1|          0|
    |grp_AXIvideo2MultiPixStream_1_Pipeline_loop_wait_for_eol_fu_216_ap_start_reg    |   1|   0|    1|          0|
    |grp_AXIvideo2MultiPixStream_1_Pipeline_loop_wait_for_start_fu_168_ap_start_reg  |   1|   0|    1|          0|
    |grp_AXIvideo2MultiPixStream_1_Pipeline_loop_width_fu_188_ap_start_reg           |   1|   0|    1|          0|
    |i_fu_116                                                                        |  12|   0|   12|          0|
    |layerEnableFlag_read_reg_457                                                    |   1|   0|    1|          0|
    |rows_reg_495                                                                    |  12|   0|   12|          0|
    |select_ln3150_reg_550                                                           |   1|   0|    1|          0|
    |sof_reg_146                                                                     |   1|   0|    1|          0|
    |start_once_reg                                                                  |   1|   0|    1|          0|
    |trunc_ln9_reg_514                                                               |  11|   0|   11|          0|
    |xor_ln3150_reg_528                                                              |   1|   0|    1|          0|
    +--------------------------------------------------------------------------------+----+----+-----+-----------+
    |Total                                                                           | 105|   0|  105|          0|
    +--------------------------------------------------------------------------------+----+----+-----+-----------+



================================================================
== Interface
================================================================
* Summary: 
+------------------------------------------------+-----+-----+------------+---------------------------------+--------------+
|                    RTL Ports                   | Dir | Bits|  Protocol  |          Source Object          |    C Type    |
+------------------------------------------------+-----+-----+------------+---------------------------------+--------------+
|ap_clk                                          |   in|    1|  ap_ctrl_hs|        AXIvideo2MultiPixStream.1|  return value|
|ap_rst                                          |   in|    1|  ap_ctrl_hs|        AXIvideo2MultiPixStream.1|  return value|
|ap_start                                        |   in|    1|  ap_ctrl_hs|        AXIvideo2MultiPixStream.1|  return value|
|start_full_n                                    |   in|    1|  ap_ctrl_hs|        AXIvideo2MultiPixStream.1|  return value|
|ap_done                                         |  out|    1|  ap_ctrl_hs|        AXIvideo2MultiPixStream.1|  return value|
|ap_continue                                     |   in|    1|  ap_ctrl_hs|        AXIvideo2MultiPixStream.1|  return value|
|ap_idle                                         |  out|    1|  ap_ctrl_hs|        AXIvideo2MultiPixStream.1|  return value|
|ap_ready                                        |  out|    1|  ap_ctrl_hs|        AXIvideo2MultiPixStream.1|  return value|
|start_out                                       |  out|    1|  ap_ctrl_hs|        AXIvideo2MultiPixStream.1|  return value|
|start_write                                     |  out|    1|  ap_ctrl_hs|        AXIvideo2MultiPixStream.1|  return value|
|s_axis_video_TDATA                              |   in|   48|        axis|            s_axis_video_V_data_V|       pointer|
|s_axis_video_TVALID                             |   in|    1|        axis|            s_axis_video_V_dest_V|       pointer|
|s_axis_video_TREADY                             |  out|    1|        axis|            s_axis_video_V_dest_V|       pointer|
|s_axis_video_TDEST                              |   in|    1|        axis|            s_axis_video_V_dest_V|       pointer|
|s_axis_video_TKEEP                              |   in|    6|        axis|            s_axis_video_V_keep_V|       pointer|
|s_axis_video_TSTRB                              |   in|    6|        axis|            s_axis_video_V_strb_V|       pointer|
|s_axis_video_TUSER                              |   in|    1|        axis|            s_axis_video_V_user_V|       pointer|
|s_axis_video_TLAST                              |   in|    1|        axis|            s_axis_video_V_last_V|       pointer|
|s_axis_video_TID                                |   in|    1|        axis|              s_axis_video_V_id_V|       pointer|
|srcLayer0_din                                   |  out|   48|     ap_fifo|                        srcLayer0|       pointer|
|srcLayer0_full_n                                |   in|    1|     ap_fifo|                        srcLayer0|       pointer|
|srcLayer0_write                                 |  out|    1|     ap_fifo|                        srcLayer0|       pointer|
|srcLayer0_num_data_valid                        |   in|    3|     ap_fifo|                        srcLayer0|       pointer|
|srcLayer0_fifo_cap                              |   in|    3|     ap_fifo|                        srcLayer0|       pointer|
|Height                                          |   in|   12|   ap_stable|                           Height|        scalar|
|WidthIn                                         |   in|   12|   ap_stable|                          WidthIn|        scalar|
|layerEnableFlag                                 |   in|    1|     ap_none|                  layerEnableFlag|        scalar|
|HwReg_layerEnableFlag_0_val_c26_din             |  out|    1|     ap_fifo|  HwReg_layerEnableFlag_0_val_c26|       pointer|
|HwReg_layerEnableFlag_0_val_c26_full_n          |   in|    1|     ap_fifo|  HwReg_layerEnableFlag_0_val_c26|       pointer|
|HwReg_layerEnableFlag_0_val_c26_write           |  out|    1|     ap_fifo|  HwReg_layerEnableFlag_0_val_c26|       pointer|
|HwReg_layerEnableFlag_0_val_c26_num_data_valid  |   in|    3|     ap_fifo|  HwReg_layerEnableFlag_0_val_c26|       pointer|
|HwReg_layerEnableFlag_0_val_c26_fifo_cap        |   in|    3|     ap_fifo|  HwReg_layerEnableFlag_0_val_c26|       pointer|
+------------------------------------------------+-----+-----+------------+---------------------------------+--------------+

