

================================================================
== Vitis HLS Report for 'entry_proc'
================================================================
* Date:           Mon Apr 27 12:26:46 2026

* Version:        2024.2 (Build 5238294 on Nov  8 2024)
* Project:        prj
* Solution:       sol (Vivado IP Flow Target)
* Product family: zynquplus
* Target device:  xck26-sfvc784-2LV-c


================================================================
== Performance Estimates
================================================================
+ Timing: 
    * Summary: 
    +--------+---------+----------+------------+
    |  Clock |  Target | Estimated| Uncertainty|
    +--------+---------+----------+------------+
    |ap_clk  |  6.67 ns|  1.959 ns|     1.80 ns|
    +--------+---------+----------+------------+

+ Latency: 
    * Summary: 
    +---------+---------+----------+----------+-----+-----+---------+
    |  Latency (cycles) |  Latency (absolute) |  Interval | Pipeline|
    |   min   |   max   |    min   |    max   | min | max |   Type  |
    +---------+---------+----------+----------+-----+-----+---------+
    |        0|        0|      0 ns|      0 ns|    0|    0|       no|
    +---------+---------+----------+----------+-----+-----+---------+

    + Detail: 
        * Instance: 
        N/A

        * Loop: 
        N/A



================================================================
== Utilization Estimates
================================================================
* Summary: 
+-----------------+---------+------+--------+--------+-----+
|       Name      | BRAM_18K|  DSP |   FF   |   LUT  | URAM|
+-----------------+---------+------+--------+--------+-----+
|DSP              |        -|     -|       -|       -|    -|
|Expression       |        -|     -|       0|       2|    -|
|FIFO             |        -|     -|       -|       -|    -|
|Instance         |        -|     -|       -|       -|    -|
|Memory           |        -|     -|       -|       -|    -|
|Multiplexer      |        -|     -|       0|     135|    -|
|Register         |        -|     -|       3|       -|    -|
+-----------------+---------+------+--------+--------+-----+
|Total            |        0|     0|       3|     137|    0|
+-----------------+---------+------+--------+--------+-----+
|Available        |      288|  1248|  234240|  117120|   64|
+-----------------+---------+------+--------+--------+-----+
|Utilization (%)  |        0|     0|      ~0|      ~0|    0|
+-----------------+---------+------+--------+--------+-----+

+ Detail: 
    * Instance: 
    N/A

    * DSP: 
    N/A

    * Memory: 
    N/A

    * FIFO: 
    N/A

    * Expression: 
    +-----------------+----------+----+---+----+------------+------------+
    |  Variable Name  | Operation| DSP| FF| LUT| Bitwidth P0| Bitwidth P1|
    +-----------------+----------+----+---+----+------------+------------+
    |ap_block_state1  |        or|   0|  0|   2|           1|           1|
    +-----------------+----------+----+---+----+------------+------------+
    |Total            |          |   0|  0|   2|           1|           1|
    +-----------------+----------+----+---+----+------------+------------+

    * Multiplexer: 
    +----------------------------------------+----+-----------+-----+-----------+
    |                  Name                  | LUT| Input Size| Bits| Total Bits|
    +----------------------------------------+----+-----------+-----+-----------+
    |HwReg_layerEnable_val25_c24_blk_n       |   9|          2|    1|          2|
    |HwReg_layerScaleFactor_1_val42_c_blk_n  |   9|          2|    1|          2|
    |HwReg_layerScaleFactor_2_val43_c_blk_n  |   9|          2|    1|          2|
    |HwReg_layerScaleFactor_3_val44_c_blk_n  |   9|          2|    1|          2|
    |HwReg_layerScaleFactor_4_val45_c_blk_n  |   9|          2|    1|          2|
    |HwReg_layerStartX_1_val26_c_blk_n       |   9|          2|    1|          2|
    |HwReg_layerStartX_2_val27_c_blk_n       |   9|          2|    1|          2|
    |HwReg_layerStartX_3_val28_c_blk_n       |   9|          2|    1|          2|
    |HwReg_layerStartX_4_val29_c_blk_n       |   9|          2|    1|          2|
    |HwReg_layerStartY_1_val30_c_blk_n       |   9|          2|    1|          2|
    |HwReg_layerStartY_2_val31_c_blk_n       |   9|          2|    1|          2|
    |HwReg_layerStartY_3_val32_c_blk_n       |   9|          2|    1|          2|
    |HwReg_layerStartY_4_val33_c_blk_n       |   9|          2|    1|          2|
    |ap_done                                 |   9|          2|    1|          2|
    |real_start                              |   9|          2|    1|          2|
    +----------------------------------------+----+-----------+-----+-----------+
    |Total                                   | 135|         30|   15|         30|
    +----------------------------------------+----+-----------+-----+-----------+

    * Register: 
    +----------------+---+----+-----+-----------+
    |      Name      | FF| LUT| Bits| Const Bits|
    +----------------+---+----+-----+-----------+
    |ap_CS_fsm       |  1|   0|    1|          0|
    |ap_done_reg     |  1|   0|    1|          0|
    |start_once_reg  |  1|   0|    1|          0|
    +----------------+---+----+-----+-----------+
    |Total           |  3|   0|    3|          0|
    +----------------+---+----+-----+-----------+



================================================================
== Interface
================================================================
* Summary: 
+-------------------------------------------------+-----+-----+------------+----------------------------------+--------------+
|                    RTL Ports                    | Dir | Bits|  Protocol  |           Source Object          |    C Type    |
+-------------------------------------------------+-----+-----+------------+----------------------------------+--------------+
|ap_clk                                           |   in|    1|  ap_ctrl_hs|                        entry_proc|  return value|
|ap_rst                                           |   in|    1|  ap_ctrl_hs|                        entry_proc|  return value|
|ap_start                                         |   in|    1|  ap_ctrl_hs|                        entry_proc|  return value|
|start_full_n                                     |   in|    1|  ap_ctrl_hs|                        entry_proc|  return value|
|ap_done                                          |  out|    1|  ap_ctrl_hs|                        entry_proc|  return value|
|ap_continue                                      |   in|    1|  ap_ctrl_hs|                        entry_proc|  return value|
|ap_idle                                          |  out|    1|  ap_ctrl_hs|                        entry_proc|  return value|
|ap_ready                                         |  out|    1|  ap_ctrl_hs|                        entry_proc|  return value|
|start_out                                        |  out|    1|  ap_ctrl_hs|                        entry_proc|  return value|
|start_write                                      |  out|    1|  ap_ctrl_hs|                        entry_proc|  return value|
|HwReg_layerEnable_val25                          |   in|    5|     ap_none|           HwReg_layerEnable_val25|        scalar|
|HwReg_layerEnable_val25_c24_din                  |  out|    5|     ap_fifo|       HwReg_layerEnable_val25_c24|       pointer|
|HwReg_layerEnable_val25_c24_full_n               |   in|    1|     ap_fifo|       HwReg_layerEnable_val25_c24|       pointer|
|HwReg_layerEnable_val25_c24_write                |  out|    1|     ap_fifo|       HwReg_layerEnable_val25_c24|       pointer|
|HwReg_layerEnable_val25_c24_num_data_valid       |   in|    4|     ap_fifo|       HwReg_layerEnable_val25_c24|       pointer|
|HwReg_layerEnable_val25_c24_fifo_cap             |   in|    4|     ap_fifo|       HwReg_layerEnable_val25_c24|       pointer|
|HwReg_layerStartX_1_val26                        |   in|   16|     ap_none|         HwReg_layerStartX_1_val26|        scalar|
|HwReg_layerStartX_1_val26_c_din                  |  out|   16|     ap_fifo|       HwReg_layerStartX_1_val26_c|       pointer|
|HwReg_layerStartX_1_val26_c_full_n               |   in|    1|     ap_fifo|       HwReg_layerStartX_1_val26_c|       pointer|
|HwReg_layerStartX_1_val26_c_write                |  out|    1|     ap_fifo|       HwReg_layerStartX_1_val26_c|       pointer|
|HwReg_layerStartX_1_val26_c_num_data_valid       |   in|    4|     ap_fifo|       HwReg_layerStartX_1_val26_c|       pointer|
|HwReg_layerStartX_1_val26_c_fifo_cap             |   in|    4|     ap_fifo|       HwReg_layerStartX_1_val26_c|       pointer|
|HwReg_layerStartX_2_val27                        |   in|   16|     ap_none|         HwReg_layerStartX_2_val27|        scalar|
|HwReg_layerStartX_2_val27_c_din                  |  out|   16|     ap_fifo|       HwReg_layerStartX_2_val27_c|       pointer|
|HwReg_layerStartX_2_val27_c_full_n               |   in|    1|     ap_fifo|       HwReg_layerStartX_2_val27_c|       pointer|
|HwReg_layerStartX_2_val27_c_write                |  out|    1|     ap_fifo|       HwReg_layerStartX_2_val27_c|       pointer|
|HwReg_layerStartX_2_val27_c_num_data_valid       |   in|    4|     ap_fifo|       HwReg_layerStartX_2_val27_c|       pointer|
|HwReg_layerStartX_2_val27_c_fifo_cap             |   in|    4|     ap_fifo|       HwReg_layerStartX_2_val27_c|       pointer|
|HwReg_layerStartX_3_val28                        |   in|   16|     ap_none|         HwReg_layerStartX_3_val28|        scalar|
|HwReg_layerStartX_3_val28_c_din                  |  out|   16|     ap_fifo|       HwReg_layerStartX_3_val28_c|       pointer|
|HwReg_layerStartX_3_val28_c_full_n               |   in|    1|     ap_fifo|       HwReg_layerStartX_3_val28_c|       pointer|
|HwReg_layerStartX_3_val28_c_write                |  out|    1|     ap_fifo|       HwReg_layerStartX_3_val28_c|       pointer|
|HwReg_layerStartX_3_val28_c_num_data_valid       |   in|    5|     ap_fifo|       HwReg_layerStartX_3_val28_c|       pointer|
|HwReg_layerStartX_3_val28_c_fifo_cap             |   in|    5|     ap_fifo|       HwReg_layerStartX_3_val28_c|       pointer|
|HwReg_layerStartX_4_val29                        |   in|   16|     ap_none|         HwReg_layerStartX_4_val29|        scalar|
|HwReg_layerStartX_4_val29_c_din                  |  out|   16|     ap_fifo|       HwReg_layerStartX_4_val29_c|       pointer|
|HwReg_layerStartX_4_val29_c_full_n               |   in|    1|     ap_fifo|       HwReg_layerStartX_4_val29_c|       pointer|
|HwReg_layerStartX_4_val29_c_write                |  out|    1|     ap_fifo|       HwReg_layerStartX_4_val29_c|       pointer|
|HwReg_layerStartX_4_val29_c_num_data_valid       |   in|    5|     ap_fifo|       HwReg_layerStartX_4_val29_c|       pointer|
|HwReg_layerStartX_4_val29_c_fifo_cap             |   in|    5|     ap_fifo|       HwReg_layerStartX_4_val29_c|       pointer|
|HwReg_layerStartY_1_val30                        |   in|   16|     ap_none|         HwReg_layerStartY_1_val30|        scalar|
|HwReg_layerStartY_1_val30_c_din                  |  out|   16|     ap_fifo|       HwReg_layerStartY_1_val30_c|       pointer|
|HwReg_layerStartY_1_val30_c_full_n               |   in|    1|     ap_fifo|       HwReg_layerStartY_1_val30_c|       pointer|
|HwReg_layerStartY_1_val30_c_write                |  out|    1|     ap_fifo|       HwReg_layerStartY_1_val30_c|       pointer|
|HwReg_layerStartY_1_val30_c_num_data_valid       |   in|    4|     ap_fifo|       HwReg_layerStartY_1_val30_c|       pointer|
|HwReg_layerStartY_1_val30_c_fifo_cap             |   in|    4|     ap_fifo|       HwReg_layerStartY_1_val30_c|       pointer|
|HwReg_layerStartY_2_val31                        |   in|   16|     ap_none|         HwReg_layerStartY_2_val31|        scalar|
|HwReg_layerStartY_2_val31_c_din                  |  out|   16|     ap_fifo|       HwReg_layerStartY_2_val31_c|       pointer|
|HwReg_layerStartY_2_val31_c_full_n               |   in|    1|     ap_fifo|       HwReg_layerStartY_2_val31_c|       pointer|
|HwReg_layerStartY_2_val31_c_write                |  out|    1|     ap_fifo|       HwReg_layerStartY_2_val31_c|       pointer|
|HwReg_layerStartY_2_val31_c_num_data_valid       |   in|    4|     ap_fifo|       HwReg_layerStartY_2_val31_c|       pointer|
|HwReg_layerStartY_2_val31_c_fifo_cap             |   in|    4|     ap_fifo|       HwReg_layerStartY_2_val31_c|       pointer|
|HwReg_layerStartY_3_val32                        |   in|   16|     ap_none|         HwReg_layerStartY_3_val32|        scalar|
|HwReg_layerStartY_3_val32_c_din                  |  out|   16|     ap_fifo|       HwReg_layerStartY_3_val32_c|       pointer|
|HwReg_layerStartY_3_val32_c_full_n               |   in|    1|     ap_fifo|       HwReg_layerStartY_3_val32_c|       pointer|
|HwReg_layerStartY_3_val32_c_write                |  out|    1|     ap_fifo|       HwReg_layerStartY_3_val32_c|       pointer|
|HwReg_layerStartY_3_val32_c_num_data_valid       |   in|    5|     ap_fifo|       HwReg_layerStartY_3_val32_c|       pointer|
|HwReg_layerStartY_3_val32_c_fifo_cap             |   in|    5|     ap_fifo|       HwReg_layerStartY_3_val32_c|       pointer|
|HwReg_layerStartY_4_val33                        |   in|   16|     ap_none|         HwReg_layerStartY_4_val33|        scalar|
|HwReg_layerStartY_4_val33_c_din                  |  out|   16|     ap_fifo|       HwReg_layerStartY_4_val33_c|       pointer|
|HwReg_layerStartY_4_val33_c_full_n               |   in|    1|     ap_fifo|       HwReg_layerStartY_4_val33_c|       pointer|
|HwReg_layerStartY_4_val33_c_write                |  out|    1|     ap_fifo|       HwReg_layerStartY_4_val33_c|       pointer|
|HwReg_layerStartY_4_val33_c_num_data_valid       |   in|    5|     ap_fifo|       HwReg_layerStartY_4_val33_c|       pointer|
|HwReg_layerStartY_4_val33_c_fifo_cap             |   in|    5|     ap_fifo|       HwReg_layerStartY_4_val33_c|       pointer|
|HwReg_layerScaleFactor_1_val42                   |   in|    8|     ap_none|    HwReg_layerScaleFactor_1_val42|        scalar|
|HwReg_layerScaleFactor_1_val42_c_din             |  out|    8|     ap_fifo|  HwReg_layerScaleFactor_1_val42_c|       pointer|
|HwReg_layerScaleFactor_1_val42_c_full_n          |   in|    1|     ap_fifo|  HwReg_layerScaleFactor_1_val42_c|       pointer|
|HwReg_layerScaleFactor_1_val42_c_write           |  out|    1|     ap_fifo|  HwReg_layerScaleFactor_1_val42_c|       pointer|
|HwReg_layerScaleFactor_1_val42_c_num_data_valid  |   in|    4|     ap_fifo|  HwReg_layerScaleFactor_1_val42_c|       pointer|
|HwReg_layerScaleFactor_1_val42_c_fifo_cap        |   in|    4|     ap_fifo|  HwReg_layerScaleFactor_1_val42_c|       pointer|
|HwReg_layerScaleFactor_2_val43                   |   in|    8|     ap_none|    HwReg_layerScaleFactor_2_val43|        scalar|
|HwReg_layerScaleFactor_2_val43_c_din             |  out|    8|     ap_fifo|  HwReg_layerScaleFactor_2_val43_c|       pointer|
|HwReg_layerScaleFactor_2_val43_c_full_n          |   in|    1|     ap_fifo|  HwReg_layerScaleFactor_2_val43_c|       pointer|
|HwReg_layerScaleFactor_2_val43_c_write           |  out|    1|     ap_fifo|  HwReg_layerScaleFactor_2_val43_c|       pointer|
|HwReg_layerScaleFactor_2_val43_c_num_data_valid  |   in|    4|     ap_fifo|  HwReg_layerScaleFactor_2_val43_c|       pointer|
|HwReg_layerScaleFactor_2_val43_c_fifo_cap        |   in|    4|     ap_fifo|  HwReg_layerScaleFactor_2_val43_c|       pointer|
|HwReg_layerScaleFactor_3_val44                   |   in|    8|     ap_none|    HwReg_layerScaleFactor_3_val44|        scalar|
|HwReg_layerScaleFactor_3_val44_c_din             |  out|    8|     ap_fifo|  HwReg_layerScaleFactor_3_val44_c|       pointer|
|HwReg_layerScaleFactor_3_val44_c_full_n          |   in|    1|     ap_fifo|  HwReg_layerScaleFactor_3_val44_c|       pointer|
|HwReg_layerScaleFactor_3_val44_c_write           |  out|    1|     ap_fifo|  HwReg_layerScaleFactor_3_val44_c|       pointer|
|HwReg_layerScaleFactor_3_val44_c_num_data_valid  |   in|    5|     ap_fifo|  HwReg_layerScaleFactor_3_val44_c|       pointer|
|HwReg_layerScaleFactor_3_val44_c_fifo_cap        |   in|    5|     ap_fifo|  HwReg_layerScaleFactor_3_val44_c|       pointer|
|HwReg_layerScaleFactor_4_val45                   |   in|    8|     ap_none|    HwReg_layerScaleFactor_4_val45|        scalar|
|HwReg_layerScaleFactor_4_val45_c_din             |  out|    8|     ap_fifo|  HwReg_layerScaleFactor_4_val45_c|       pointer|
|HwReg_layerScaleFactor_4_val45_c_full_n          |   in|    1|     ap_fifo|  HwReg_layerScaleFactor_4_val45_c|       pointer|
|HwReg_layerScaleFactor_4_val45_c_write           |  out|    1|     ap_fifo|  HwReg_layerScaleFactor_4_val45_c|       pointer|
|HwReg_layerScaleFactor_4_val45_c_num_data_valid  |   in|    5|     ap_fifo|  HwReg_layerScaleFactor_4_val45_c|       pointer|
|HwReg_layerScaleFactor_4_val45_c_fifo_cap        |   in|    5|     ap_fifo|  HwReg_layerScaleFactor_4_val45_c|       pointer|
+-------------------------------------------------+-----+-----+------------+----------------------------------+--------------+

