

================================================================
== Vitis HLS Report for 'v_mix_core_alpha_false_false_s'
================================================================
* Date:           Mon Apr 27 12:26:50 2026

* Version:        2024.2 (Build 5238294 on Nov  8 2024)
* Project:        prj
* Solution:       sol (Vivado IP Flow Target)
* Product family: zynquplus
* Target device:  xck26-sfvc784-2LV-c


================================================================
== Performance Estimates
================================================================
+ Timing: 
    * Summary: 
    +--------+---------+----------+------------+
    |  Clock |  Target | Estimated| Uncertainty|
    +--------+---------+----------+------------+
    |ap_clk  |  6.67 ns|  4.530 ns|     1.80 ns|
    +--------+---------+----------+------------+

+ Latency: 
    * Summary: 
    +---------+---------+-----------+-----------+------+---------+---------+
    |  Latency (cycles) |   Latency (absolute)  |    Interval    | Pipeline|
    |   min   |   max   |    min    |    max    |  min |   max   |   Type  |
    +---------+---------+-----------+-----------+------+---------+---------+
    |     2311|  4155847|  15.407 us|  27.707 ms|  2311|  4155847|       no|
    +---------+---------+-----------+-----------+------+---------+---------+

    + Detail: 
        * Instance: 
        +-------------------------------------------------------------------+--------------------------------------------------------+---------+---------+-----------+-----------+-----+------+------------------------------------------------+
        |                                                                   |                                                        |  Latency (cycles) |   Latency (absolute)  |  Interval  |                    Pipeline                    |
        |                              Instance                             |                         Module                         |   min   |   max   |    min    |    max    | min |  max |                      Type                      |
        +-------------------------------------------------------------------+--------------------------------------------------------+---------+---------+-----------+-----------+-----+------+------------------------------------------------+
        |grp_v_mix_core_alpha_false_false_Pipeline_VITIS_LOOP_456_1_fu_208  |v_mix_core_alpha_false_false_Pipeline_VITIS_LOOP_456_1  |        4|        4|  26.668 ns|  26.668 ns|    3|     3|  loop auto-rewind stp (delay=0 clock cycles(s))|
        |grp_v_mix_core_alpha_false_false_Pipeline_VITIS_LOOP_465_3_fu_224  |v_mix_core_alpha_false_false_Pipeline_VITIS_LOOP_465_3  |       34|     1922|   0.227 us|  12.814 us|   33|  1921|  loop auto-rewind stp (delay=0 clock cycles(s))|
        +-------------------------------------------------------------------+--------------------------------------------------------+---------+---------+-----------+-----------+-----+------+------------------------------------------------+

        * Loop: 
        +--------------------+---------+---------+-----------+-----------+-----------+-----------+----------+
        |                    |  Latency (cycles) | Iteration |  Initiation Interval  |    Trip   |          |
        |      Loop Name     |   min   |   max   |  Latency  |  achieved |   target  |   Count   | Pipelined|
        +--------------------+---------+---------+-----------+-----------+-----------+-----------+----------+
        |- VITIS_LOOP_463_2  |     2304|  4155840|  36 ~ 1924|          -|          -|  64 ~ 2160|        no|
        +--------------------+---------+---------+-----------+-----------+-----------+-----------+----------+



================================================================
== Utilization Estimates
================================================================
* Summary: 
+-----------------+---------+------+--------+--------+-----+
|       Name      | BRAM_18K|  DSP |   FF   |   LUT  | URAM|
+-----------------+---------+------+--------+--------+-----+
|DSP              |        -|     -|       -|       -|    -|
|Expression       |        -|     -|       0|     207|    -|
|FIFO             |        -|     -|       -|       -|    -|
|Instance         |        -|     -|     116|     369|    -|
|Memory           |        -|     -|       -|       -|    -|
|Multiplexer      |        -|     -|       0|     112|    -|
|Register         |        -|     -|     199|       -|    -|
+-----------------+---------+------+--------+--------+-----+
|Total            |        0|     0|     315|     688|    0|
+-----------------+---------+------+--------+--------+-----+
|Available        |      288|  1248|  234240|  117120|   64|
+-----------------+---------+------+--------+--------+-----+
|Utilization (%)  |        0|     0|      ~0|      ~0|    0|
+-----------------+---------+------+--------+--------+-----+

+ Detail: 
    * Instance: 
    +-------------------------------------------------------------------+--------------------------------------------------------+---------+----+----+-----+-----+
    |                              Instance                             |                         Module                         | BRAM_18K| DSP| FF | LUT | URAM|
    +-------------------------------------------------------------------+--------------------------------------------------------+---------+----+----+-----+-----+
    |grp_v_mix_core_alpha_false_false_Pipeline_VITIS_LOOP_456_1_fu_208  |v_mix_core_alpha_false_false_Pipeline_VITIS_LOOP_456_1  |        0|   0|  52|  103|    0|
    |grp_v_mix_core_alpha_false_false_Pipeline_VITIS_LOOP_465_3_fu_224  |v_mix_core_alpha_false_false_Pipeline_VITIS_LOOP_465_3  |        0|   0|  64|  266|    0|
    +-------------------------------------------------------------------+--------------------------------------------------------+---------+----+----+-----+-----+
    |Total                                                              |                                                        |        0|   0| 116|  369|    0|
    +-------------------------------------------------------------------+--------------------------------------------------------+---------+----+----+-----+-----+

    * DSP: 
    N/A

    * Memory: 
    N/A

    * FIFO: 
    N/A

    * Expression: 
    +----------------------+----------+----+---+----+------------+------------+
    |     Variable Name    | Operation| DSP| FF| LUT| Bitwidth P0| Bitwidth P1|
    +----------------------+----------+----+---+----+------------+------------+
    |add60_i_fu_373_p2     |         +|   0|  0|  24|          17|          17|
    |add71_i_fu_284_p2     |         +|   0|  0|  24|          17|          17|
    |add_ln463_fu_403_p2   |         +|   0|  0|  19|          12|           1|
    |cmp61_i_fu_429_p2     |      icmp|   0|  0|  24|          17|          17|
    |icmp_ln463_fu_398_p2  |      icmp|   0|  0|  19|          12|          12|
    |ult_fu_417_p2         |      icmp|   0|  0|  23|          16|          16|
    |ap_block_state1       |        or|   0|  0|   2|           1|           1|
    |shl_ln449_fu_250_p2   |       shl|   0|  0|  35|          16|          16|
    |shl_ln450_fu_260_p2   |       shl|   0|  0|  35|          16|          16|
    |rev20_fu_422_p2       |       xor|   0|  0|   2|           1|           2|
    +----------------------+----------+----+---+----+------------+------------+
    |Total                 |          |   0|  0| 207|         125|         115|
    +----------------------+----------+----+---+----+------------+------------+

    * Multiplexer: 
    +--------------------------------------+----+-----------+-----+-----------+
    |                 Name                 | LUT| Input Size| Bits| Total Bits|
    +--------------------------------------+----+-----------+-----+-----------+
    |HwReg_layerEnable_val25_blk_n         |   9|          2|    1|          2|
    |HwReg_layerEnable_val25_c23_blk_n     |   9|          2|    1|          2|
    |HwReg_layerHeight_1_val_blk_n         |   9|          2|    1|          2|
    |HwReg_layerScaleFactor_1_val42_blk_n  |   9|          2|    1|          2|
    |HwReg_layerStartX_1_val26_blk_n       |   9|          2|    1|          2|
    |HwReg_layerStartY_1_val30_blk_n       |   9|          2|    1|          2|
    |HwReg_layerWidth_1_val_blk_n          |   9|          2|    1|          2|
    |ap_NS_fsm                             |  31|          6|    1|          6|
    |ap_done                               |   9|          2|    1|          2|
    |y_fu_106                              |   9|          2|   12|         24|
    +--------------------------------------+----+-----------+-----+-----------+
    |Total                                 | 112|         24|   21|         46|
    +--------------------------------------+----+-----------+-----+-----------+

    * Register: 
    +--------------------------------------------------------------------------------+----+----+-----+-----------+
    |                                      Name                                      | FF | LUT| Bits| Const Bits|
    +--------------------------------------------------------------------------------+----+----+-----+-----------+
    |HwReg_background_U_G_val20_read_reg_452                                         |   8|   0|    8|          0|
    |HwReg_background_V_B_val21_read_reg_447                                         |   8|   0|    8|          0|
    |HwReg_background_Y_R_val19_read_reg_457                                         |   8|   0|    8|          0|
    |HwReg_height_val_read_reg_529                                                   |  12|   0|   12|          0|
    |add60_i_reg_539                                                                 |  17|   0|   17|          0|
    |ap_CS_fsm                                                                       |   5|   0|    5|          0|
    |ap_done_reg                                                                     |   1|   0|    1|          0|
    |cmp61_i_reg_557                                                                 |   1|   0|    1|          0|
    |div65_cast_i_reg_514                                                            |  15|   0|   15|          0|
    |div72_cast_i_reg_519                                                            |  16|   0|   16|          0|
    |div_cast_i_reg_534                                                              |  11|   0|   11|          0|
    |empty_reg_504                                                                   |   1|   0|    1|          0|
    |grp_v_mix_core_alpha_false_false_Pipeline_VITIS_LOOP_456_1_fu_208_ap_start_reg  |   1|   0|    1|          0|
    |grp_v_mix_core_alpha_false_false_Pipeline_VITIS_LOOP_465_3_fu_224_ap_start_reg  |   1|   0|    1|          0|
    |layerStartY_reg_498                                                             |  16|   0|   16|          0|
    |rev20_reg_552                                                                   |   1|   0|    1|          0|
    |shl_ln449_reg_509                                                               |  16|   0|   16|          0|
    |tmp_10_reg_524                                                                  |   1|   0|    1|          0|
    |tmp_4_i_reg_544                                                                 |  48|   0|   48|          0|
    |y_fu_106                                                                        |  12|   0|   12|          0|
    +--------------------------------------------------------------------------------+----+----+-----+-----------+
    |Total                                                                           | 199|   0|  199|          0|
    +--------------------------------------------------------------------------------+----+----+-----+-----------+



================================================================
== Interface
================================================================
* Summary: 
+-----------------------------------------------+-----+-----+------------+--------------------------------+--------------+
|                   RTL Ports                   | Dir | Bits|  Protocol  |          Source Object         |    C Type    |
+-----------------------------------------------+-----+-----+------------+--------------------------------+--------------+
|ap_clk                                         |   in|    1|  ap_ctrl_hs|  v_mix_core_alpha<false, false>|  return value|
|ap_rst                                         |   in|    1|  ap_ctrl_hs|  v_mix_core_alpha<false, false>|  return value|
|ap_start                                       |   in|    1|  ap_ctrl_hs|  v_mix_core_alpha<false, false>|  return value|
|ap_done                                        |  out|    1|  ap_ctrl_hs|  v_mix_core_alpha<false, false>|  return value|
|ap_continue                                    |   in|    1|  ap_ctrl_hs|  v_mix_core_alpha<false, false>|  return value|
|ap_idle                                        |  out|    1|  ap_ctrl_hs|  v_mix_core_alpha<false, false>|  return value|
|ap_ready                                       |  out|    1|  ap_ctrl_hs|  v_mix_core_alpha<false, false>|  return value|
|outLayer0_dout                                 |   in|   48|     ap_fifo|                       outLayer0|       pointer|
|outLayer0_empty_n                              |   in|    1|     ap_fifo|                       outLayer0|       pointer|
|outLayer0_read                                 |  out|    1|     ap_fifo|                       outLayer0|       pointer|
|outLayer0_num_data_valid                       |   in|    3|     ap_fifo|                       outLayer0|       pointer|
|outLayer0_fifo_cap                             |   in|    3|     ap_fifo|                       outLayer0|       pointer|
|srcLayer1x_dout                                |   in|   48|     ap_fifo|                      srcLayer1x|       pointer|
|srcLayer1x_empty_n                             |   in|    1|     ap_fifo|                      srcLayer1x|       pointer|
|srcLayer1x_read                                |  out|    1|     ap_fifo|                      srcLayer1x|       pointer|
|srcLayer1x_num_data_valid                      |   in|    3|     ap_fifo|                      srcLayer1x|       pointer|
|srcLayer1x_fifo_cap                            |   in|    3|     ap_fifo|                      srcLayer1x|       pointer|
|HwReg_width_val                                |   in|   12|   ap_stable|                 HwReg_width_val|        scalar|
|HwReg_height_val                               |   in|   12|   ap_stable|                HwReg_height_val|        scalar|
|HwReg_background_Y_R_val19                     |   in|    8|   ap_stable|      HwReg_background_Y_R_val19|        scalar|
|HwReg_background_U_G_val20                     |   in|    8|   ap_stable|      HwReg_background_U_G_val20|        scalar|
|HwReg_background_V_B_val21                     |   in|    8|   ap_stable|      HwReg_background_V_B_val21|        scalar|
|HwReg_layerEnable_val25_dout                   |   in|    5|     ap_fifo|         HwReg_layerEnable_val25|       pointer|
|HwReg_layerEnable_val25_empty_n                |   in|    1|     ap_fifo|         HwReg_layerEnable_val25|       pointer|
|HwReg_layerEnable_val25_read                   |  out|    1|     ap_fifo|         HwReg_layerEnable_val25|       pointer|
|HwReg_layerEnable_val25_num_data_valid         |   in|    4|     ap_fifo|         HwReg_layerEnable_val25|       pointer|
|HwReg_layerEnable_val25_fifo_cap               |   in|    4|     ap_fifo|         HwReg_layerEnable_val25|       pointer|
|HwReg_layerStartX_1_val26_dout                 |   in|   16|     ap_fifo|       HwReg_layerStartX_1_val26|       pointer|
|HwReg_layerStartX_1_val26_empty_n              |   in|    1|     ap_fifo|       HwReg_layerStartX_1_val26|       pointer|
|HwReg_layerStartX_1_val26_read                 |  out|    1|     ap_fifo|       HwReg_layerStartX_1_val26|       pointer|
|HwReg_layerStartX_1_val26_num_data_valid       |   in|    4|     ap_fifo|       HwReg_layerStartX_1_val26|       pointer|
|HwReg_layerStartX_1_val26_fifo_cap             |   in|    4|     ap_fifo|       HwReg_layerStartX_1_val26|       pointer|
|HwReg_layerStartY_1_val30_dout                 |   in|   16|     ap_fifo|       HwReg_layerStartY_1_val30|       pointer|
|HwReg_layerStartY_1_val30_empty_n              |   in|    1|     ap_fifo|       HwReg_layerStartY_1_val30|       pointer|
|HwReg_layerStartY_1_val30_read                 |  out|    1|     ap_fifo|       HwReg_layerStartY_1_val30|       pointer|
|HwReg_layerStartY_1_val30_num_data_valid       |   in|    4|     ap_fifo|       HwReg_layerStartY_1_val30|       pointer|
|HwReg_layerStartY_1_val30_fifo_cap             |   in|    4|     ap_fifo|       HwReg_layerStartY_1_val30|       pointer|
|HwReg_layerWidth_1_val_dout                    |   in|   16|     ap_fifo|          HwReg_layerWidth_1_val|       pointer|
|HwReg_layerWidth_1_val_empty_n                 |   in|    1|     ap_fifo|          HwReg_layerWidth_1_val|       pointer|
|HwReg_layerWidth_1_val_read                    |  out|    1|     ap_fifo|          HwReg_layerWidth_1_val|       pointer|
|HwReg_layerWidth_1_val_num_data_valid          |   in|    3|     ap_fifo|          HwReg_layerWidth_1_val|       pointer|
|HwReg_layerWidth_1_val_fifo_cap                |   in|    3|     ap_fifo|          HwReg_layerWidth_1_val|       pointer|
|HwReg_layerHeight_1_val_dout                   |   in|   16|     ap_fifo|         HwReg_layerHeight_1_val|       pointer|
|HwReg_layerHeight_1_val_empty_n                |   in|    1|     ap_fifo|         HwReg_layerHeight_1_val|       pointer|
|HwReg_layerHeight_1_val_read                   |  out|    1|     ap_fifo|         HwReg_layerHeight_1_val|       pointer|
|HwReg_layerHeight_1_val_num_data_valid         |   in|    3|     ap_fifo|         HwReg_layerHeight_1_val|       pointer|
|HwReg_layerHeight_1_val_fifo_cap               |   in|    3|     ap_fifo|         HwReg_layerHeight_1_val|       pointer|
|HwReg_layerScaleFactor_1_val42_dout            |   in|    8|     ap_fifo|  HwReg_layerScaleFactor_1_val42|       pointer|
|HwReg_layerScaleFactor_1_val42_empty_n         |   in|    1|     ap_fifo|  HwReg_layerScaleFactor_1_val42|       pointer|
|HwReg_layerScaleFactor_1_val42_read            |  out|    1|     ap_fifo|  HwReg_layerScaleFactor_1_val42|       pointer|
|HwReg_layerScaleFactor_1_val42_num_data_valid  |   in|    4|     ap_fifo|  HwReg_layerScaleFactor_1_val42|       pointer|
|HwReg_layerScaleFactor_1_val42_fifo_cap        |   in|    4|     ap_fifo|  HwReg_layerScaleFactor_1_val42|       pointer|
|outLayer1_din                                  |  out|   48|     ap_fifo|                       outLayer1|       pointer|
|outLayer1_full_n                               |   in|    1|     ap_fifo|                       outLayer1|       pointer|
|outLayer1_write                                |  out|    1|     ap_fifo|                       outLayer1|       pointer|
|outLayer1_num_data_valid                       |   in|   32|     ap_fifo|                       outLayer1|       pointer|
|outLayer1_fifo_cap                             |   in|   32|     ap_fifo|                       outLayer1|       pointer|
|HwReg_layerEnable_val25_c23_din                |  out|    5|     ap_fifo|     HwReg_layerEnable_val25_c23|       pointer|
|HwReg_layerEnable_val25_c23_full_n             |   in|    1|     ap_fifo|     HwReg_layerEnable_val25_c23|       pointer|
|HwReg_layerEnable_val25_c23_write              |  out|    1|     ap_fifo|     HwReg_layerEnable_val25_c23|       pointer|
|HwReg_layerEnable_val25_c23_num_data_valid     |   in|    3|     ap_fifo|     HwReg_layerEnable_val25_c23|       pointer|
|HwReg_layerEnable_val25_c23_fifo_cap           |   in|    3|     ap_fifo|     HwReg_layerEnable_val25_c23|       pointer|
+-----------------------------------------------+-----+-----+------------+--------------------------------+--------------+

