

================================================================
== Vitis HLS Report for 'v_mix_core_alpha_false_false_Pipeline_VITIS_LOOP_456_1'
================================================================
* Date:           Mon Apr 27 12:26:49 2026

* Version:        2024.2 (Build 5238294 on Nov  8 2024)
* Project:        prj
* Solution:       sol (Vivado IP Flow Target)
* Product family: zynquplus
* Target device:  xck26-sfvc784-2LV-c


================================================================
== Performance Estimates
================================================================
+ Timing: 
    * Summary: 
    +--------+---------+----------+------------+
    |  Clock |  Target | Estimated| Uncertainty|
    +--------+---------+----------+------------+
    |ap_clk  |  6.67 ns|  1.402 ns|     1.80 ns|
    +--------+---------+----------+------------+

+ Latency: 
    * Summary: 
    +---------+---------+-----------+-----------+-----+-----+------------------------------------------------+
    |  Latency (cycles) |   Latency (absolute)  |  Interval |                    Pipeline                    |
    |   min   |   max   |    min    |    max    | min | max |                      Type                      |
    +---------+---------+-----------+-----------+-----+-----+------------------------------------------------+
    |        4|        4|  26.668 ns|  26.668 ns|    3|    3|  loop auto-rewind stp (delay=0 clock cycles(s))|
    +---------+---------+-----------+-----------+-----+-----+------------------------------------------------+

    + Detail: 
        * Instance: 
        N/A

        * Loop: 
        +--------------------+---------+---------+----------+-----------+-----------+------+----------+
        |                    |  Latency (cycles) | Iteration|  Initiation Interval  | Trip |          |
        |      Loop Name     |   min   |   max   |  Latency |  achieved |   target  | Count| Pipelined|
        +--------------------+---------+---------+----------+-----------+-----------+------+----------+
        |- VITIS_LOOP_456_1  |        2|        2|         1|          1|          1|     2|       yes|
        +--------------------+---------+---------+----------+-----------+-----------+------+----------+



================================================================
== Utilization Estimates
================================================================
* Summary: 
+-----------------+---------+------+--------+--------+-----+
|       Name      | BRAM_18K|  DSP |   FF   |   LUT  | URAM|
+-----------------+---------+------+--------+--------+-----+
|DSP              |        -|     -|       -|       -|    -|
|Expression       |        -|     -|       0|      76|    -|
|FIFO             |        -|     -|       -|       -|    -|
|Instance         |        -|     -|       -|       -|    -|
|Memory           |        -|     -|       -|       -|    -|
|Multiplexer      |        -|     -|       0|      27|    -|
|Register         |        -|     -|      52|       -|    -|
+-----------------+---------+------+--------+--------+-----+
|Total            |        0|     0|      52|     103|    0|
+-----------------+---------+------+--------+--------+-----+
|Available        |      288|  1248|  234240|  117120|   64|
+-----------------+---------+------+--------+--------+-----+
|Utilization (%)  |        0|     0|      ~0|      ~0|    0|
+-----------------+---------+------+--------+--------+-----+

+ Detail: 
    * Instance: 
    N/A

    * DSP: 
    N/A

    * Memory: 
    N/A

    * FIFO: 
    N/A

    * Expression: 
    +--------------------------+----------+----+---+----+------------+------------+
    |       Variable Name      | Operation| DSP| FF| LUT| Bitwidth P0| Bitwidth P1|
    +--------------------------+----------+----+---+----+------------+------------+
    |add_ln456_fu_152_p2       |         +|   0|  0|   9|           2|           1|
    |icmp_ln456_fu_146_p2      |      icmp|   0|  0|  10|           2|           3|
    |icmp_ln458_fu_176_p2      |      icmp|   0|  0|   9|           2|           1|
    |select_ln458_1_fu_190_p3  |    select|   0|  0|   8|           1|           8|
    |select_ln458_2_fu_198_p3  |    select|   0|  0|   8|           1|           8|
    |select_ln458_3_fu_206_p3  |    select|   0|  0|   8|           1|           8|
    |select_ln458_4_fu_214_p3  |    select|   0|  0|   8|           1|           8|
    |select_ln458_5_fu_222_p3  |    select|   0|  0|   8|           1|           8|
    |select_ln458_fu_182_p3    |    select|   0|  0|   8|           1|           8|
    +--------------------------+----------+----+---+----+------------+------------+
    |Total                     |          |   0|  0|  76|          12|          53|
    +--------------------------+----------+----+---+----+------------+------------+

    * Multiplexer: 
    +----------------------+----+-----------+-----+-----------+
    |         Name         | LUT| Input Size| Bits| Total Bits|
    +----------------------+----+-----------+-----+-----------+
    |ap_done_int           |   9|          2|    1|          2|
    |ap_sig_allocacmp_k_1  |   9|          2|    2|          4|
    |k_fu_50               |   9|          2|    2|          4|
    +----------------------+----+-----------+-----+-----------+
    |Total                 |  27|          6|    5|         10|
    +----------------------+----+-----------+-----+-----------+

    * Register: 
    +---------------------------------+---+----+-----+-----------+
    |               Name              | FF| LUT| Bits| Const Bits|
    +---------------------------------+---+----+-----+-----------+
    |ap_CS_fsm                        |  1|   0|    1|          0|
    |ap_done_reg                      |  1|   0|    1|          0|
    |bkgpix_0_0_0_0_0_load1_i_fu_54   |  8|   0|    8|          0|
    |bkgpix_0_1_0_0_0_load3_i_fu_58   |  8|   0|    8|          0|
    |bkgpix_0_2_0_0_0_load5_i_fu_62   |  8|   0|    8|          0|
    |bkgpix_0_3_0_0_0_load7_i_fu_66   |  8|   0|    8|          0|
    |bkgpix_0_4_0_0_0_load9_i_fu_70   |  8|   0|    8|          0|
    |bkgpix_0_5_0_0_0_load11_i_fu_74  |  8|   0|    8|          0|
    |k_fu_50                          |  2|   0|    2|          0|
    +---------------------------------+---+----+-----+-----------+
    |Total                            | 52|   0|   52|          0|
    +---------------------------------+---+----+-----+-----------+



================================================================
== Interface
================================================================
* Summary: 
+--------------------------------------+-----+-----+------------+----------------------------------------------------------+--------------+
|               RTL Ports              | Dir | Bits|  Protocol  |                       Source Object                      |    C Type    |
+--------------------------------------+-----+-----+------------+----------------------------------------------------------+--------------+
|ap_clk                                |   in|    1|  ap_ctrl_hs|  v_mix_core_alpha<false, false>_Pipeline_VITIS_LOOP_456_1|  return value|
|ap_rst                                |   in|    1|  ap_ctrl_hs|  v_mix_core_alpha<false, false>_Pipeline_VITIS_LOOP_456_1|  return value|
|ap_start                              |   in|    1|  ap_ctrl_hs|  v_mix_core_alpha<false, false>_Pipeline_VITIS_LOOP_456_1|  return value|
|ap_done                               |  out|    1|  ap_ctrl_hs|  v_mix_core_alpha<false, false>_Pipeline_VITIS_LOOP_456_1|  return value|
|ap_idle                               |  out|    1|  ap_ctrl_hs|  v_mix_core_alpha<false, false>_Pipeline_VITIS_LOOP_456_1|  return value|
|ap_ready                              |  out|    1|  ap_ctrl_hs|  v_mix_core_alpha<false, false>_Pipeline_VITIS_LOOP_456_1|  return value|
|HwReg_background_U_G_val20            |   in|    8|   ap_stable|                                HwReg_background_U_G_val20|        scalar|
|HwReg_background_Y_R_val19            |   in|    8|   ap_stable|                                HwReg_background_Y_R_val19|        scalar|
|HwReg_background_V_B_val21            |   in|    8|   ap_stable|                                HwReg_background_V_B_val21|        scalar|
|bkgpix_0_5_0_0_0_load11_i_out         |  out|    8|      ap_vld|                             bkgpix_0_5_0_0_0_load11_i_out|       pointer|
|bkgpix_0_5_0_0_0_load11_i_out_ap_vld  |  out|    1|      ap_vld|                             bkgpix_0_5_0_0_0_load11_i_out|       pointer|
|bkgpix_0_4_0_0_0_load9_i_out          |  out|    8|      ap_vld|                              bkgpix_0_4_0_0_0_load9_i_out|       pointer|
|bkgpix_0_4_0_0_0_load9_i_out_ap_vld   |  out|    1|      ap_vld|                              bkgpix_0_4_0_0_0_load9_i_out|       pointer|
|bkgpix_0_3_0_0_0_load7_i_out          |  out|    8|      ap_vld|                              bkgpix_0_3_0_0_0_load7_i_out|       pointer|
|bkgpix_0_3_0_0_0_load7_i_out_ap_vld   |  out|    1|      ap_vld|                              bkgpix_0_3_0_0_0_load7_i_out|       pointer|
|bkgpix_0_2_0_0_0_load5_i_out          |  out|    8|      ap_vld|                              bkgpix_0_2_0_0_0_load5_i_out|       pointer|
|bkgpix_0_2_0_0_0_load5_i_out_ap_vld   |  out|    1|      ap_vld|                              bkgpix_0_2_0_0_0_load5_i_out|       pointer|
|bkgpix_0_1_0_0_0_load3_i_out          |  out|    8|      ap_vld|                              bkgpix_0_1_0_0_0_load3_i_out|       pointer|
|bkgpix_0_1_0_0_0_load3_i_out_ap_vld   |  out|    1|      ap_vld|                              bkgpix_0_1_0_0_0_load3_i_out|       pointer|
|bkgpix_0_0_0_0_0_load1_i_out          |  out|    8|      ap_vld|                              bkgpix_0_0_0_0_0_load1_i_out|       pointer|
|bkgpix_0_0_0_0_0_load1_i_out_ap_vld   |  out|    1|      ap_vld|                              bkgpix_0_0_0_0_0_load1_i_out|       pointer|
+--------------------------------------+-----+-----+------------+----------------------------------------------------------+--------------+

