

================================================================
== Vitis HLS Report for 'v_mix_upsample_false_9_Pipeline_VITIS_LOOP_107_2'
================================================================
* Date:           Mon Apr 27 12:26:49 2026

* Version:        2024.2 (Build 5238294 on Nov  8 2024)
* Project:        prj
* Solution:       sol (Vivado IP Flow Target)
* Product family: zynquplus
* Target device:  xck26-sfvc784-2LV-c


================================================================
== Performance Estimates
================================================================
+ Timing: 
    * Summary: 
    +--------+---------+----------+------------+
    |  Clock |  Target | Estimated| Uncertainty|
    +--------+---------+----------+------------+
    |ap_clk  |  6.67 ns|  3.676 ns|     1.80 ns|
    +--------+---------+----------+------------+

+ Latency: 
    * Summary: 
    +---------+---------+-----------+-----------+-----+------+------------------------------------------------+
    |  Latency (cycles) |   Latency (absolute)  |  Interval  |                    Pipeline                    |
    |   min   |   max   |    min    |    max    | min |  max |                      Type                      |
    +---------+---------+-----------+-----------+-----+------+------------------------------------------------+
    |        2|     1922|  13.334 ns|  12.814 us|    1|  1921|  loop auto-rewind stp (delay=0 clock cycles(s))|
    +---------+---------+-----------+-----------+-----+------+------------------------------------------------+

    + Detail: 
        * Instance: 
        N/A

        * Loop: 
        +--------------------+---------+---------+----------+-----------+-----------+----------+----------+
        |                    |  Latency (cycles) | Iteration|  Initiation Interval  |   Trip   |          |
        |      Loop Name     |   min   |   max   |  Latency |  achieved |   target  |   Count  | Pipelined|
        +--------------------+---------+---------+----------+-----------+-----------+----------+----------+
        |- VITIS_LOOP_107_2  |        0|     1920|         2|          1|          1|  0 ~ 1920|       yes|
        +--------------------+---------+---------+----------+-----------+-----------+----------+----------+



================================================================
== Utilization Estimates
================================================================
* Summary: 
+-----------------+---------+------+--------+--------+-----+
|       Name      | BRAM_18K|  DSP |   FF   |   LUT  | URAM|
+-----------------+---------+------+--------+--------+-----+
|DSP              |        -|     -|       -|       -|    -|
|Expression       |        -|     -|       0|      42|    -|
|FIFO             |        -|     -|       -|       -|    -|
|Instance         |        -|     -|       -|       -|    -|
|Memory           |        -|     -|       -|       -|    -|
|Multiplexer      |        -|     -|       0|      54|    -|
|Register         |        -|     -|      14|       -|    -|
+-----------------+---------+------+--------+--------+-----+
|Total            |        0|     0|      14|      96|    0|
+-----------------+---------+------+--------+--------+-----+
|Available        |      288|  1248|  234240|  117120|   64|
+-----------------+---------+------+--------+--------+-----+
|Utilization (%)  |        0|     0|      ~0|      ~0|    0|
+-----------------+---------+------+--------+--------+-----+

+ Detail: 
    * Instance: 
    N/A

    * DSP: 
    N/A

    * Memory: 
    N/A

    * FIFO: 
    N/A

    * Expression: 
    +---------------------------------------+----------+----+---+----+------------+------------+
    |             Variable Name             | Operation| DSP| FF| LUT| Bitwidth P0| Bitwidth P1|
    +---------------------------------------+----------+----+---+----+------------+------------+
    |add_ln107_fu_78_p2                     |         +|   0|  0|  18|          11|           1|
    |ap_block_pp0_stage0_01001_grp1         |       and|   0|  0|   2|           1|           1|
    |icmp_ln107_fu_72_p2                    |      icmp|   0|  0|  18|          11|          11|
    |ap_block_state2_pp0_stage0_iter1_grp1  |        or|   0|  0|   2|           1|           1|
    |ap_enable_pp0                          |       xor|   0|  0|   2|           1|           2|
    +---------------------------------------+----------+----+---+----+------------+------------+
    |Total                                  |          |   0|  0|  42|          25|          16|
    +---------------------------------------+----------+----+---+----+------------+------------+

    * Multiplexer: 
    +-------------------------+----+-----------+-----+-----------+
    |           Name          | LUT| Input Size| Bits| Total Bits|
    +-------------------------+----+-----------+-----+-----------+
    |ap_done_int              |   9|          2|    1|          2|
    |ap_enable_reg_pp0_iter1  |   9|          2|    1|          2|
    |ap_sig_allocacmp_x_7     |   9|          2|   11|         22|
    |srcLayer1Rgb_blk_n       |   9|          2|    1|          2|
    |srcLayer1x_blk_n         |   9|          2|    1|          2|
    |x_fu_40                  |   9|          2|   11|         22|
    +-------------------------+----+-----------+-----+-----------+
    |Total                    |  54|         12|   26|         52|
    +-------------------------+----+-----------+-----+-----------+

    * Register: 
    +-------------------------+----+----+-----+-----------+
    |           Name          | FF | LUT| Bits| Const Bits|
    +-------------------------+----+----+-----+-----------+
    |ap_CS_fsm                |   1|   0|    1|          0|
    |ap_done_reg              |   1|   0|    1|          0|
    |ap_enable_reg_pp0_iter1  |   1|   0|    1|          0|
    |x_fu_40                  |  11|   0|   11|          0|
    +-------------------------+----+----+-----+-----------+
    |Total                    |  14|   0|   14|          0|
    +-------------------------+----+----+-----+-----------+



================================================================
== Interface
================================================================
* Summary: 
+-----------------------------+-----+-----+------------+---------------------------------------------------+--------------+
|          RTL Ports          | Dir | Bits|  Protocol  |                   Source Object                   |    C Type    |
+-----------------------------+-----+-----+------------+---------------------------------------------------+--------------+
|ap_clk                       |   in|    1|  ap_ctrl_hs|  v_mix_upsample<false>.9_Pipeline_VITIS_LOOP_107_2|  return value|
|ap_rst                       |   in|    1|  ap_ctrl_hs|  v_mix_upsample<false>.9_Pipeline_VITIS_LOOP_107_2|  return value|
|ap_start                     |   in|    1|  ap_ctrl_hs|  v_mix_upsample<false>.9_Pipeline_VITIS_LOOP_107_2|  return value|
|ap_done                      |  out|    1|  ap_ctrl_hs|  v_mix_upsample<false>.9_Pipeline_VITIS_LOOP_107_2|  return value|
|ap_idle                      |  out|    1|  ap_ctrl_hs|  v_mix_upsample<false>.9_Pipeline_VITIS_LOOP_107_2|  return value|
|ap_ready                     |  out|    1|  ap_ctrl_hs|  v_mix_upsample<false>.9_Pipeline_VITIS_LOOP_107_2|  return value|
|srcLayer1Rgb_dout            |   in|   48|     ap_fifo|                                       srcLayer1Rgb|       pointer|
|srcLayer1Rgb_empty_n         |   in|    1|     ap_fifo|                                       srcLayer1Rgb|       pointer|
|srcLayer1Rgb_read            |  out|    1|     ap_fifo|                                       srcLayer1Rgb|       pointer|
|srcLayer1Rgb_num_data_valid  |   in|    3|     ap_fifo|                                       srcLayer1Rgb|       pointer|
|srcLayer1Rgb_fifo_cap        |   in|    3|     ap_fifo|                                       srcLayer1Rgb|       pointer|
|srcLayer1x_din               |  out|   48|     ap_fifo|                                         srcLayer1x|       pointer|
|srcLayer1x_full_n            |   in|    1|     ap_fifo|                                         srcLayer1x|       pointer|
|srcLayer1x_write             |  out|    1|     ap_fifo|                                         srcLayer1x|       pointer|
|srcLayer1x_num_data_valid    |   in|   32|     ap_fifo|                                         srcLayer1x|       pointer|
|srcLayer1x_fifo_cap          |   in|   32|     ap_fifo|                                         srcLayer1x|       pointer|
|trunc_ln                     |   in|   11|     ap_none|                                           trunc_ln|        scalar|
+-----------------------------+-----+-----+------------+---------------------------------------------------+--------------+

