

================================================================
== Vitis HLS Report for 'v_mix_core_alpha_false_false_21'
================================================================
* Date:           Mon Apr 27 12:26:54 2026

* Version:        2024.2 (Build 5238294 on Nov  8 2024)
* Project:        prj
* Solution:       sol (Vivado IP Flow Target)
* Product family: zynquplus
* Target device:  xck26-sfvc784-2LV-c


================================================================
== Performance Estimates
================================================================
+ Timing: 
    * Summary: 
    +--------+---------+----------+------------+
    |  Clock |  Target | Estimated| Uncertainty|
    +--------+---------+----------+------------+
    |ap_clk  |  6.67 ns|  4.103 ns|     1.80 ns|
    +--------+---------+----------+------------+

+ Latency: 
    * Summary: 
    +---------+---------+-----------+-----------+------+---------+---------+
    |  Latency (cycles) |   Latency (absolute)  |    Interval    | Pipeline|
    |   min   |   max   |    min    |    max    |  min |   max   |   Type  |
    +---------+---------+-----------+-----------+------+---------+---------+
    |     2305|  4155841|  15.367 us|  27.707 ms|  2305|  4155841|       no|
    +---------+---------+-----------+-----------+------+---------+---------+

    + Detail: 
        * Instance: 
        +----------------------------------------------------------------------+-----------------------------------------------------------+---------+---------+----------+-----------+-----+------+------------------------------------------------+
        |                                                                      |                                                           |  Latency (cycles) |  Latency (absolute)  |  Interval  |                    Pipeline                    |
        |                               Instance                               |                           Module                          |   min   |   max   |    min   |    max    | min |  max |                      Type                      |
        +----------------------------------------------------------------------+-----------------------------------------------------------+---------+---------+----------+-----------+-----+------+------------------------------------------------+
        |grp_v_mix_core_alpha_false_false_21_Pipeline_VITIS_LOOP_465_3_fu_154  |v_mix_core_alpha_false_false_21_Pipeline_VITIS_LOOP_465_3  |       34|     1922|  0.227 us|  12.814 us|   33|  1921|  loop auto-rewind stp (delay=0 clock cycles(s))|
        +----------------------------------------------------------------------+-----------------------------------------------------------+---------+---------+----------+-----------+-----+------+------------------------------------------------+

        * Loop: 
        +--------------------+---------+---------+-----------+-----------+-----------+-----------+----------+
        |                    |  Latency (cycles) | Iteration |  Initiation Interval  |    Trip   |          |
        |      Loop Name     |   min   |   max   |  Latency  |  achieved |   target  |   Count   | Pipelined|
        +--------------------+---------+---------+-----------+-----------+-----------+-----------+----------+
        |- VITIS_LOOP_463_2  |     2304|  4155840|  36 ~ 1924|          -|          -|  64 ~ 2160|        no|
        +--------------------+---------+---------+-----------+-----------+-----------+-----------+----------+



================================================================
== Utilization Estimates
================================================================
* Summary: 
+-----------------+---------+------+--------+--------+-----+
|       Name      | BRAM_18K|  DSP |   FF   |   LUT  | URAM|
+-----------------+---------+------+--------+--------+-----+
|DSP              |        -|     -|       -|       -|    -|
|Expression       |        -|     -|       0|     207|    -|
|FIFO             |        -|     -|       -|       -|    -|
|Instance         |        -|     -|      16|     244|    -|
|Memory           |        -|     -|       -|       -|    -|
|Multiplexer      |        -|     -|       0|     101|    -|
|Register         |        -|     -|     107|       -|    -|
+-----------------+---------+------+--------+--------+-----+
|Total            |        0|     0|     123|     552|    0|
+-----------------+---------+------+--------+--------+-----+
|Available        |      288|  1248|  234240|  117120|   64|
+-----------------+---------+------+--------+--------+-----+
|Utilization (%)  |        0|     0|      ~0|      ~0|    0|
+-----------------+---------+------+--------+--------+-----+

+ Detail: 
    * Instance: 
    +----------------------------------------------------------------------+-----------------------------------------------------------+---------+----+----+-----+-----+
    |                               Instance                               |                           Module                          | BRAM_18K| DSP| FF | LUT | URAM|
    +----------------------------------------------------------------------+-----------------------------------------------------------+---------+----+----+-----+-----+
    |grp_v_mix_core_alpha_false_false_21_Pipeline_VITIS_LOOP_465_3_fu_154  |v_mix_core_alpha_false_false_21_Pipeline_VITIS_LOOP_465_3  |        0|   0|  16|  244|    0|
    +----------------------------------------------------------------------+-----------------------------------------------------------+---------+----+----+-----+-----+
    |Total                                                                 |                                                           |        0|   0|  16|  244|    0|
    +----------------------------------------------------------------------+-----------------------------------------------------------+---------+----+----+-----+-----+

    * DSP: 
    N/A

    * Memory: 
    N/A

    * FIFO: 
    N/A

    * Expression: 
    +----------------------+----------+----+---+----+------------+------------+
    |     Variable Name    | Operation| DSP| FF| LUT| Bitwidth P0| Bitwidth P1|
    +----------------------+----------+----+---+----+------------+------------+
    |add60_i_fu_208_p2     |         +|   0|  0|  24|          17|          17|
    |add71_i_fu_232_p2     |         +|   0|  0|  24|          17|          17|
    |add_ln463_fu_269_p2   |         +|   0|  0|  19|          12|           1|
    |cmp61_i_fu_295_p2     |      icmp|   0|  0|  24|          17|          17|
    |icmp_ln463_fu_264_p2  |      icmp|   0|  0|  19|          12|          12|
    |ult_fu_283_p2         |      icmp|   0|  0|  23|          16|          16|
    |ap_block_state1       |        or|   0|  0|   2|           1|           1|
    |shl_ln449_fu_174_p2   |       shl|   0|  0|  35|          16|          16|
    |shl_ln450_fu_184_p2   |       shl|   0|  0|  35|          16|          16|
    |rev13_fu_288_p2       |       xor|   0|  0|   2|           1|           2|
    +----------------------+----------+----+---+----+------------+------------+
    |Total                 |          |   0|  0| 207|         125|         115|
    +----------------------+----------+----+---+----+------------+------------+

    * Multiplexer: 
    +--------------------------------------+----+-----------+-----+-----------+
    |                 Name                 | LUT| Input Size| Bits| Total Bits|
    +--------------------------------------+----+-----------+-----+-----------+
    |HwReg_layerEnable_val25_blk_n         |   9|          2|    1|          2|
    |HwReg_layerEnable_val25_c_blk_n       |   9|          2|    1|          2|
    |HwReg_layerHeight_3_val_blk_n         |   9|          2|    1|          2|
    |HwReg_layerScaleFactor_3_val44_blk_n  |   9|          2|    1|          2|
    |HwReg_layerStartX_3_val28_blk_n       |   9|          2|    1|          2|
    |HwReg_layerStartY_3_val32_blk_n       |   9|          2|    1|          2|
    |HwReg_layerWidth_3_val_blk_n          |   9|          2|    1|          2|
    |ap_NS_fsm                             |  20|          4|    1|          4|
    |ap_done                               |   9|          2|    1|          2|
    |y_fu_94                               |   9|          2|   12|         24|
    +--------------------------------------+----+-----------+-----+-----------+
    |Total                                 | 101|         22|   21|         44|
    +--------------------------------------+----+-----------+-----+-----------+

    * Register: 
    +-----------------------------------------------------------------------------------+----+----+-----+-----------+
    |                                        Name                                       | FF | LUT| Bits| Const Bits|
    +-----------------------------------------------------------------------------------+----+----+-----+-----------+
    |HwReg_height_val_read_reg_313                                                      |  12|   0|   12|          0|
    |add60_i_reg_328                                                                    |  17|   0|   17|          0|
    |ap_CS_fsm                                                                          |   3|   0|    3|          0|
    |ap_done_reg                                                                        |   1|   0|    1|          0|
    |cmp61_i_reg_356                                                                    |   1|   0|    1|          0|
    |div65_cast_i_reg_333                                                               |  15|   0|   15|          0|
    |div72_cast_i_reg_338                                                               |  16|   0|   16|          0|
    |div_cast_i_reg_323                                                                 |  11|   0|   11|          0|
    |grp_v_mix_core_alpha_false_false_21_Pipeline_VITIS_LOOP_465_3_fu_154_ap_start_reg  |   1|   0|    1|          0|
    |layerStartY_reg_318                                                                |  16|   0|   16|          0|
    |rev13_reg_351                                                                      |   1|   0|    1|          0|
    |tmp_6_reg_343                                                                      |   1|   0|    1|          0|
    |y_fu_94                                                                            |  12|   0|   12|          0|
    +-----------------------------------------------------------------------------------+----+----+-----+-----------+
    |Total                                                                              | 107|   0|  107|          0|
    +-----------------------------------------------------------------------------------+----+----+-----+-----------+



================================================================
== Interface
================================================================
* Summary: 
+-----------------------------------------------+-----+-----+------------+-----------------------------------+--------------+
|                   RTL Ports                   | Dir | Bits|  Protocol  |           Source Object           |    C Type    |
+-----------------------------------------------+-----+-----+------------+-----------------------------------+--------------+
|ap_clk                                         |   in|    1|  ap_ctrl_hs|  v_mix_core_alpha<false, false>.21|  return value|
|ap_rst                                         |   in|    1|  ap_ctrl_hs|  v_mix_core_alpha<false, false>.21|  return value|
|ap_start                                       |   in|    1|  ap_ctrl_hs|  v_mix_core_alpha<false, false>.21|  return value|
|ap_done                                        |  out|    1|  ap_ctrl_hs|  v_mix_core_alpha<false, false>.21|  return value|
|ap_continue                                    |   in|    1|  ap_ctrl_hs|  v_mix_core_alpha<false, false>.21|  return value|
|ap_idle                                        |  out|    1|  ap_ctrl_hs|  v_mix_core_alpha<false, false>.21|  return value|
|ap_ready                                       |  out|    1|  ap_ctrl_hs|  v_mix_core_alpha<false, false>.21|  return value|
|outLayer2_dout                                 |   in|   48|     ap_fifo|                          outLayer2|       pointer|
|outLayer2_empty_n                              |   in|    1|     ap_fifo|                          outLayer2|       pointer|
|outLayer2_read                                 |  out|    1|     ap_fifo|                          outLayer2|       pointer|
|outLayer2_num_data_valid                       |   in|    3|     ap_fifo|                          outLayer2|       pointer|
|outLayer2_fifo_cap                             |   in|    3|     ap_fifo|                          outLayer2|       pointer|
|srcLayer3x_dout                                |   in|   48|     ap_fifo|                         srcLayer3x|       pointer|
|srcLayer3x_empty_n                             |   in|    1|     ap_fifo|                         srcLayer3x|       pointer|
|srcLayer3x_read                                |  out|    1|     ap_fifo|                         srcLayer3x|       pointer|
|srcLayer3x_num_data_valid                      |   in|    3|     ap_fifo|                         srcLayer3x|       pointer|
|srcLayer3x_fifo_cap                            |   in|    3|     ap_fifo|                         srcLayer3x|       pointer|
|HwReg_width_val                                |   in|   12|   ap_stable|                    HwReg_width_val|        scalar|
|HwReg_height_val                               |   in|   12|   ap_stable|                   HwReg_height_val|        scalar|
|HwReg_layerEnable_val25_dout                   |   in|    5|     ap_fifo|            HwReg_layerEnable_val25|       pointer|
|HwReg_layerEnable_val25_empty_n                |   in|    1|     ap_fifo|            HwReg_layerEnable_val25|       pointer|
|HwReg_layerEnable_val25_read                   |  out|    1|     ap_fifo|            HwReg_layerEnable_val25|       pointer|
|HwReg_layerEnable_val25_num_data_valid         |   in|    3|     ap_fifo|            HwReg_layerEnable_val25|       pointer|
|HwReg_layerEnable_val25_fifo_cap               |   in|    3|     ap_fifo|            HwReg_layerEnable_val25|       pointer|
|HwReg_layerStartX_3_val28_dout                 |   in|   16|     ap_fifo|          HwReg_layerStartX_3_val28|       pointer|
|HwReg_layerStartX_3_val28_empty_n              |   in|    1|     ap_fifo|          HwReg_layerStartX_3_val28|       pointer|
|HwReg_layerStartX_3_val28_read                 |  out|    1|     ap_fifo|          HwReg_layerStartX_3_val28|       pointer|
|HwReg_layerStartX_3_val28_num_data_valid       |   in|    5|     ap_fifo|          HwReg_layerStartX_3_val28|       pointer|
|HwReg_layerStartX_3_val28_fifo_cap             |   in|    5|     ap_fifo|          HwReg_layerStartX_3_val28|       pointer|
|HwReg_layerStartY_3_val32_dout                 |   in|   16|     ap_fifo|          HwReg_layerStartY_3_val32|       pointer|
|HwReg_layerStartY_3_val32_empty_n              |   in|    1|     ap_fifo|          HwReg_layerStartY_3_val32|       pointer|
|HwReg_layerStartY_3_val32_read                 |  out|    1|     ap_fifo|          HwReg_layerStartY_3_val32|       pointer|
|HwReg_layerStartY_3_val32_num_data_valid       |   in|    5|     ap_fifo|          HwReg_layerStartY_3_val32|       pointer|
|HwReg_layerStartY_3_val32_fifo_cap             |   in|    5|     ap_fifo|          HwReg_layerStartY_3_val32|       pointer|
|HwReg_layerWidth_3_val_dout                    |   in|   16|     ap_fifo|             HwReg_layerWidth_3_val|       pointer|
|HwReg_layerWidth_3_val_empty_n                 |   in|    1|     ap_fifo|             HwReg_layerWidth_3_val|       pointer|
|HwReg_layerWidth_3_val_read                    |  out|    1|     ap_fifo|             HwReg_layerWidth_3_val|       pointer|
|HwReg_layerWidth_3_val_num_data_valid          |   in|    3|     ap_fifo|             HwReg_layerWidth_3_val|       pointer|
|HwReg_layerWidth_3_val_fifo_cap                |   in|    3|     ap_fifo|             HwReg_layerWidth_3_val|       pointer|
|HwReg_layerHeight_3_val_dout                   |   in|   16|     ap_fifo|            HwReg_layerHeight_3_val|       pointer|
|HwReg_layerHeight_3_val_empty_n                |   in|    1|     ap_fifo|            HwReg_layerHeight_3_val|       pointer|
|HwReg_layerHeight_3_val_read                   |  out|    1|     ap_fifo|            HwReg_layerHeight_3_val|       pointer|
|HwReg_layerHeight_3_val_num_data_valid         |   in|    3|     ap_fifo|            HwReg_layerHeight_3_val|       pointer|
|HwReg_layerHeight_3_val_fifo_cap               |   in|    3|     ap_fifo|            HwReg_layerHeight_3_val|       pointer|
|HwReg_layerScaleFactor_3_val44_dout            |   in|    8|     ap_fifo|     HwReg_layerScaleFactor_3_val44|       pointer|
|HwReg_layerScaleFactor_3_val44_empty_n         |   in|    1|     ap_fifo|     HwReg_layerScaleFactor_3_val44|       pointer|
|HwReg_layerScaleFactor_3_val44_read            |  out|    1|     ap_fifo|     HwReg_layerScaleFactor_3_val44|       pointer|
|HwReg_layerScaleFactor_3_val44_num_data_valid  |   in|    5|     ap_fifo|     HwReg_layerScaleFactor_3_val44|       pointer|
|HwReg_layerScaleFactor_3_val44_fifo_cap        |   in|    5|     ap_fifo|     HwReg_layerScaleFactor_3_val44|       pointer|
|outLayer3_din                                  |  out|   48|     ap_fifo|                          outLayer3|       pointer|
|outLayer3_full_n                               |   in|    1|     ap_fifo|                          outLayer3|       pointer|
|outLayer3_write                                |  out|    1|     ap_fifo|                          outLayer3|       pointer|
|outLayer3_num_data_valid                       |   in|   32|     ap_fifo|                          outLayer3|       pointer|
|outLayer3_fifo_cap                             |   in|   32|     ap_fifo|                          outLayer3|       pointer|
|HwReg_layerEnable_val25_c_din                  |  out|    5|     ap_fifo|          HwReg_layerEnable_val25_c|       pointer|
|HwReg_layerEnable_val25_c_full_n               |   in|    1|     ap_fifo|          HwReg_layerEnable_val25_c|       pointer|
|HwReg_layerEnable_val25_c_write                |  out|    1|     ap_fifo|          HwReg_layerEnable_val25_c|       pointer|
|HwReg_layerEnable_val25_c_num_data_valid       |   in|    3|     ap_fifo|          HwReg_layerEnable_val25_c|       pointer|
|HwReg_layerEnable_val25_c_fifo_cap             |   in|    3|     ap_fifo|          HwReg_layerEnable_val25_c|       pointer|
+-----------------------------------------------+-----+-----+------------+-----------------------------------+--------------+

