

================================================================
== Vitis HLS Report for 'v_mix_core_alpha_false_false_22'
================================================================
* Date:           Mon Apr 27 12:26:56 2026

* Version:        2024.2 (Build 5238294 on Nov  8 2024)
* Project:        prj
* Solution:       sol (Vivado IP Flow Target)
* Product family: zynquplus
* Target device:  xck26-sfvc784-2LV-c


================================================================
== Performance Estimates
================================================================
+ Timing: 
    * Summary: 
    +--------+---------+----------+------------+
    |  Clock |  Target | Estimated| Uncertainty|
    +--------+---------+----------+------------+
    |ap_clk  |  6.67 ns|  4.103 ns|     1.80 ns|
    +--------+---------+----------+------------+

+ Latency: 
    * Summary: 
    +---------+---------+-----------+-----------+------+---------+---------+
    |  Latency (cycles) |   Latency (absolute)  |    Interval    | Pipeline|
    |   min   |   max   |    min    |    max    |  min |   max   |   Type  |
    +---------+---------+-----------+-----------+------+---------+---------+
    |     2305|  4155841|  15.367 us|  27.707 ms|  2305|  4155841|       no|
    +---------+---------+-----------+-----------+------+---------+---------+

    + Detail: 
        * Instance: 
        +----------------------------------------------------------------------+-----------------------------------------------------------+---------+---------+----------+-----------+-----+------+------------------------------------------------+
        |                                                                      |                                                           |  Latency (cycles) |  Latency (absolute)  |  Interval  |                    Pipeline                    |
        |                               Instance                               |                           Module                          |   min   |   max   |    min   |    max    | min |  max |                      Type                      |
        +----------------------------------------------------------------------+-----------------------------------------------------------+---------+---------+----------+-----------+-----+------+------------------------------------------------+
        |grp_v_mix_core_alpha_false_false_22_Pipeline_VITIS_LOOP_465_3_fu_142  |v_mix_core_alpha_false_false_22_Pipeline_VITIS_LOOP_465_3  |       34|     1922|  0.227 us|  12.814 us|   33|  1921|  loop auto-rewind stp (delay=0 clock cycles(s))|
        +----------------------------------------------------------------------+-----------------------------------------------------------+---------+---------+----------+-----------+-----+------+------------------------------------------------+

        * Loop: 
        +--------------------+---------+---------+-----------+-----------+-----------+-----------+----------+
        |                    |  Latency (cycles) | Iteration |  Initiation Interval  |    Trip   |          |
        |      Loop Name     |   min   |   max   |  Latency  |  achieved |   target  |   Count   | Pipelined|
        +--------------------+---------+---------+-----------+-----------+-----------+-----------+----------+
        |- VITIS_LOOP_463_2  |     2304|  4155840|  36 ~ 1924|          -|          -|  64 ~ 2160|        no|
        +--------------------+---------+---------+-----------+-----------+-----------+-----------+----------+



================================================================
== Utilization Estimates
================================================================
* Summary: 
+-----------------+---------+------+--------+--------+-----+
|       Name      | BRAM_18K|  DSP |   FF   |   LUT  | URAM|
+-----------------+---------+------+--------+--------+-----+
|DSP              |        -|     -|       -|       -|    -|
|Expression       |        -|     -|       0|     207|    -|
|FIFO             |        -|     -|       -|       -|    -|
|Instance         |        -|     -|      16|     244|    -|
|Memory           |        -|     -|       -|       -|    -|
|Multiplexer      |        -|     -|       0|     101|    -|
|Register         |        -|     -|     108|       -|    -|
+-----------------+---------+------+--------+--------+-----+
|Total            |        0|     0|     124|     552|    0|
+-----------------+---------+------+--------+--------+-----+
|Available        |      288|  1248|  234240|  117120|   64|
+-----------------+---------+------+--------+--------+-----+
|Utilization (%)  |        0|     0|      ~0|      ~0|    0|
+-----------------+---------+------+--------+--------+-----+

+ Detail: 
    * Instance: 
    +----------------------------------------------------------------------+-----------------------------------------------------------+---------+----+----+-----+-----+
    |                               Instance                               |                           Module                          | BRAM_18K| DSP| FF | LUT | URAM|
    +----------------------------------------------------------------------+-----------------------------------------------------------+---------+----+----+-----+-----+
    |grp_v_mix_core_alpha_false_false_22_Pipeline_VITIS_LOOP_465_3_fu_142  |v_mix_core_alpha_false_false_22_Pipeline_VITIS_LOOP_465_3  |        0|   0|  16|  244|    0|
    +----------------------------------------------------------------------+-----------------------------------------------------------+---------+----+----+-----+-----+
    |Total                                                                 |                                                           |        0|   0|  16|  244|    0|
    +----------------------------------------------------------------------+-----------------------------------------------------------+---------+----+----+-----+-----+

    * DSP: 
    N/A

    * Memory: 
    N/A

    * FIFO: 
    N/A

    * Expression: 
    +----------------------+----------+----+---+----+------------+------------+
    |     Variable Name    | Operation| DSP| FF| LUT| Bitwidth P0| Bitwidth P1|
    +----------------------+----------+----+---+----+------------+------------+
    |add60_fu_196_p2       |         +|   0|  0|  24|          17|          17|
    |add71_fu_220_p2       |         +|   0|  0|  24|          17|          17|
    |add_ln463_fu_257_p2   |         +|   0|  0|  19|          12|           1|
    |cmp61_fu_283_p2       |      icmp|   0|  0|  24|          17|          17|
    |icmp_ln463_fu_252_p2  |      icmp|   0|  0|  19|          12|          12|
    |ult_fu_271_p2         |      icmp|   0|  0|  23|          16|          16|
    |ap_block_state1       |        or|   0|  0|   2|           1|           1|
    |shl_ln449_fu_162_p2   |       shl|   0|  0|  35|          16|          16|
    |shl_ln450_fu_172_p2   |       shl|   0|  0|  35|          16|          16|
    |rev12_fu_276_p2       |       xor|   0|  0|   2|           1|           2|
    +----------------------+----------+----+---+----+------------+------------+
    |Total                 |          |   0|  0| 207|         125|         115|
    +----------------------+----------+----+---+----+------------+------------+

    * Multiplexer: 
    +------------------------------------+----+-----------+-----+-----------+
    |                Name                | LUT| Input Size| Bits| Total Bits|
    +------------------------------------+----+-----------+-----+-----------+
    |ap_NS_fsm                           |  20|          4|    1|          4|
    |ap_done                             |   9|          2|    1|          2|
    |hwReg_layerEnable_val_blk_n         |   9|          2|    1|          2|
    |hwReg_layerHeight_4_val_blk_n       |   9|          2|    1|          2|
    |hwReg_layerScaleFactor_4_val_blk_n  |   9|          2|    1|          2|
    |hwReg_layerStartX_4_val_blk_n       |   9|          2|    1|          2|
    |hwReg_layerStartY_4_val_blk_n       |   9|          2|    1|          2|
    |hwReg_layerWidth_4_val_blk_n        |   9|          2|    1|          2|
    |real_start                          |   9|          2|    1|          2|
    |y_fu_90                             |   9|          2|   12|         24|
    +------------------------------------+----+-----------+-----+-----------+
    |Total                               | 101|         22|   21|         44|
    +------------------------------------+----+-----------+-----+-----------+

    * Register: 
    +-----------------------------------------------------------------------------------+----+----+-----+-----------+
    |                                        Name                                       | FF | LUT| Bits| Const Bits|
    +-----------------------------------------------------------------------------------+----+----+-----+-----------+
    |add60_reg_316                                                                      |  17|   0|   17|          0|
    |ap_CS_fsm                                                                          |   3|   0|    3|          0|
    |ap_done_reg                                                                        |   1|   0|    1|          0|
    |cmp61_reg_344                                                                      |   1|   0|    1|          0|
    |div65_cast_reg_321                                                                 |  15|   0|   15|          0|
    |div72_cast_reg_326                                                                 |  16|   0|   16|          0|
    |div_cast_reg_311                                                                   |  11|   0|   11|          0|
    |grp_v_mix_core_alpha_false_false_22_Pipeline_VITIS_LOOP_465_3_fu_142_ap_start_reg  |   1|   0|    1|          0|
    |hwReg_height_val_read_reg_301                                                      |  12|   0|   12|          0|
    |layerStartY_reg_306                                                                |  16|   0|   16|          0|
    |rev12_reg_339                                                                      |   1|   0|    1|          0|
    |start_once_reg                                                                     |   1|   0|    1|          0|
    |tmp_4_reg_331                                                                      |   1|   0|    1|          0|
    |y_fu_90                                                                            |  12|   0|   12|          0|
    +-----------------------------------------------------------------------------------+----+----+-----+-----------+
    |Total                                                                              | 108|   0|  108|          0|
    +-----------------------------------------------------------------------------------+----+----+-----+-----------+



================================================================
== Interface
================================================================
* Summary: 
+---------------------------------------------+-----+-----+------------+-----------------------------------+--------------+
|                  RTL Ports                  | Dir | Bits|  Protocol  |           Source Object           |    C Type    |
+---------------------------------------------+-----+-----+------------+-----------------------------------+--------------+
|ap_clk                                       |   in|    1|  ap_ctrl_hs|  v_mix_core_alpha<false, false>.22|  return value|
|ap_rst                                       |   in|    1|  ap_ctrl_hs|  v_mix_core_alpha<false, false>.22|  return value|
|ap_start                                     |   in|    1|  ap_ctrl_hs|  v_mix_core_alpha<false, false>.22|  return value|
|start_full_n                                 |   in|    1|  ap_ctrl_hs|  v_mix_core_alpha<false, false>.22|  return value|
|ap_done                                      |  out|    1|  ap_ctrl_hs|  v_mix_core_alpha<false, false>.22|  return value|
|ap_continue                                  |   in|    1|  ap_ctrl_hs|  v_mix_core_alpha<false, false>.22|  return value|
|ap_idle                                      |  out|    1|  ap_ctrl_hs|  v_mix_core_alpha<false, false>.22|  return value|
|ap_ready                                     |  out|    1|  ap_ctrl_hs|  v_mix_core_alpha<false, false>.22|  return value|
|start_out                                    |  out|    1|  ap_ctrl_hs|  v_mix_core_alpha<false, false>.22|  return value|
|start_write                                  |  out|    1|  ap_ctrl_hs|  v_mix_core_alpha<false, false>.22|  return value|
|outLayer3_dout                               |   in|   48|     ap_fifo|                          outLayer3|       pointer|
|outLayer3_empty_n                            |   in|    1|     ap_fifo|                          outLayer3|       pointer|
|outLayer3_read                               |  out|    1|     ap_fifo|                          outLayer3|       pointer|
|outLayer3_num_data_valid                     |   in|    3|     ap_fifo|                          outLayer3|       pointer|
|outLayer3_fifo_cap                           |   in|    3|     ap_fifo|                          outLayer3|       pointer|
|srcLayer4x_dout                              |   in|   48|     ap_fifo|                         srcLayer4x|       pointer|
|srcLayer4x_empty_n                           |   in|    1|     ap_fifo|                         srcLayer4x|       pointer|
|srcLayer4x_read                              |  out|    1|     ap_fifo|                         srcLayer4x|       pointer|
|srcLayer4x_num_data_valid                    |   in|    3|     ap_fifo|                         srcLayer4x|       pointer|
|srcLayer4x_fifo_cap                          |   in|    3|     ap_fifo|                         srcLayer4x|       pointer|
|hwReg_width_val                              |   in|   12|   ap_stable|                    hwReg_width_val|        scalar|
|hwReg_height_val                             |   in|   12|   ap_stable|                   hwReg_height_val|        scalar|
|hwReg_layerEnable_val_dout                   |   in|    5|     ap_fifo|              hwReg_layerEnable_val|       pointer|
|hwReg_layerEnable_val_empty_n                |   in|    1|     ap_fifo|              hwReg_layerEnable_val|       pointer|
|hwReg_layerEnable_val_read                   |  out|    1|     ap_fifo|              hwReg_layerEnable_val|       pointer|
|hwReg_layerEnable_val_num_data_valid         |   in|    3|     ap_fifo|              hwReg_layerEnable_val|       pointer|
|hwReg_layerEnable_val_fifo_cap               |   in|    3|     ap_fifo|              hwReg_layerEnable_val|       pointer|
|hwReg_layerStartX_4_val_dout                 |   in|   16|     ap_fifo|            hwReg_layerStartX_4_val|       pointer|
|hwReg_layerStartX_4_val_empty_n              |   in|    1|     ap_fifo|            hwReg_layerStartX_4_val|       pointer|
|hwReg_layerStartX_4_val_read                 |  out|    1|     ap_fifo|            hwReg_layerStartX_4_val|       pointer|
|hwReg_layerStartX_4_val_num_data_valid       |   in|    5|     ap_fifo|            hwReg_layerStartX_4_val|       pointer|
|hwReg_layerStartX_4_val_fifo_cap             |   in|    5|     ap_fifo|            hwReg_layerStartX_4_val|       pointer|
|hwReg_layerStartY_4_val_dout                 |   in|   16|     ap_fifo|            hwReg_layerStartY_4_val|       pointer|
|hwReg_layerStartY_4_val_empty_n              |   in|    1|     ap_fifo|            hwReg_layerStartY_4_val|       pointer|
|hwReg_layerStartY_4_val_read                 |  out|    1|     ap_fifo|            hwReg_layerStartY_4_val|       pointer|
|hwReg_layerStartY_4_val_num_data_valid       |   in|    5|     ap_fifo|            hwReg_layerStartY_4_val|       pointer|
|hwReg_layerStartY_4_val_fifo_cap             |   in|    5|     ap_fifo|            hwReg_layerStartY_4_val|       pointer|
|hwReg_layerWidth_4_val_dout                  |   in|   16|     ap_fifo|             hwReg_layerWidth_4_val|       pointer|
|hwReg_layerWidth_4_val_empty_n               |   in|    1|     ap_fifo|             hwReg_layerWidth_4_val|       pointer|
|hwReg_layerWidth_4_val_read                  |  out|    1|     ap_fifo|             hwReg_layerWidth_4_val|       pointer|
|hwReg_layerWidth_4_val_num_data_valid        |   in|    4|     ap_fifo|             hwReg_layerWidth_4_val|       pointer|
|hwReg_layerWidth_4_val_fifo_cap              |   in|    4|     ap_fifo|             hwReg_layerWidth_4_val|       pointer|
|hwReg_layerHeight_4_val_dout                 |   in|   16|     ap_fifo|            hwReg_layerHeight_4_val|       pointer|
|hwReg_layerHeight_4_val_empty_n              |   in|    1|     ap_fifo|            hwReg_layerHeight_4_val|       pointer|
|hwReg_layerHeight_4_val_read                 |  out|    1|     ap_fifo|            hwReg_layerHeight_4_val|       pointer|
|hwReg_layerHeight_4_val_num_data_valid       |   in|    4|     ap_fifo|            hwReg_layerHeight_4_val|       pointer|
|hwReg_layerHeight_4_val_fifo_cap             |   in|    4|     ap_fifo|            hwReg_layerHeight_4_val|       pointer|
|hwReg_layerScaleFactor_4_val_dout            |   in|    8|     ap_fifo|       hwReg_layerScaleFactor_4_val|       pointer|
|hwReg_layerScaleFactor_4_val_empty_n         |   in|    1|     ap_fifo|       hwReg_layerScaleFactor_4_val|       pointer|
|hwReg_layerScaleFactor_4_val_read            |  out|    1|     ap_fifo|       hwReg_layerScaleFactor_4_val|       pointer|
|hwReg_layerScaleFactor_4_val_num_data_valid  |   in|    5|     ap_fifo|       hwReg_layerScaleFactor_4_val|       pointer|
|hwReg_layerScaleFactor_4_val_fifo_cap        |   in|    5|     ap_fifo|       hwReg_layerScaleFactor_4_val|       pointer|
|outLayer4_din                                |  out|   48|     ap_fifo|                          outLayer4|       pointer|
|outLayer4_full_n                             |   in|    1|     ap_fifo|                          outLayer4|       pointer|
|outLayer4_write                              |  out|    1|     ap_fifo|                          outLayer4|       pointer|
|outLayer4_num_data_valid                     |   in|   32|     ap_fifo|                          outLayer4|       pointer|
|outLayer4_fifo_cap                           |   in|   32|     ap_fifo|                          outLayer4|       pointer|
+---------------------------------------------+-----+-----+------------+-----------------------------------+--------------+

