

================================================================
== Vitis HLS Report for 'v_mix_420_to_422_false_2'
================================================================
* Date:           Mon Apr 27 12:26:47 2026

* Version:        2024.2 (Build 5238294 on Nov  8 2024)
* Project:        prj
* Solution:       sol (Vivado IP Flow Target)
* Product family: zynquplus
* Target device:  xck26-sfvc784-2LV-c


================================================================
== Performance Estimates
================================================================
+ Timing: 
    * Summary: 
    +--------+---------+----------+------------+
    |  Clock |  Target | Estimated| Uncertainty|
    +--------+---------+----------+------------+
    |ap_clk  |  6.67 ns|  3.676 ns|     1.80 ns|
    +--------+---------+----------+------------+

+ Latency: 
    * Summary: 
    +---------+---------+----------+-----------+-----+---------+---------+
    |  Latency (cycles) |  Latency (absolute)  |    Interval   | Pipeline|
    |   min   |   max   |    min   |    max    | min |   max   |   Type  |
    +---------+---------+----------+-----------+-----+---------+---------+
    |        1|  4155841|  6.667 ns|  27.707 ms|    1|  4155841|       no|
    +---------+---------+----------+-----------+-----+---------+---------+

    + Detail: 
        * Instance: 
        +-------------------------------------------------------------+---------------------------------------------------+---------+---------+----------+-----------+-----+------+------------------------------------------------+
        |                                                             |                                                   |  Latency (cycles) |  Latency (absolute)  |  Interval  |                    Pipeline                    |
        |                           Instance                          |                       Module                      |   min   |   max   |    min   |    max    | min |  max |                      Type                      |
        +-------------------------------------------------------------+---------------------------------------------------+---------+---------+----------+-----------+-----+------+------------------------------------------------+
        |grp_v_mix_420_to_422_false_2_Pipeline_VITIS_LOOP_76_2_fu_96  |v_mix_420_to_422_false_2_Pipeline_VITIS_LOOP_76_2  |       34|     1922|  0.227 us|  12.814 us|   33|  1921|  loop auto-rewind stp (delay=0 clock cycles(s))|
        +-------------------------------------------------------------+---------------------------------------------------+---------+---------+----------+-----------+-----+------+------------------------------------------------+

        * Loop: 
        +-------------------+---------+---------+-----------+-----------+-----------+-----------+----------+
        |                   |  Latency (cycles) | Iteration |  Initiation Interval  |    Trip   |          |
        |     Loop Name     |   min   |   max   |  Latency  |  achieved |   target  |   Count   | Pipelined|
        +-------------------+---------+---------+-----------+-----------+-----------+-----------+----------+
        |- VITIS_LOOP_74_1  |     2304|  4155840|  36 ~ 1924|          -|          -|  64 ~ 2160|        no|
        +-------------------+---------+---------+-----------+-----------+-----------+-----------+----------+



================================================================
== Utilization Estimates
================================================================
* Summary: 
+-----------------+---------+------+--------+--------+-----+
|       Name      | BRAM_18K|  DSP |   FF   |   LUT  | URAM|
+-----------------+---------+------+--------+--------+-----+
|DSP              |        -|     -|       -|       -|    -|
|Expression       |        -|     -|       0|      40|    -|
|FIFO             |        -|     -|       -|       -|    -|
|Instance         |        -|     -|      14|      96|    -|
|Memory           |        -|     -|       -|       -|    -|
|Multiplexer      |        -|     -|       0|      65|    -|
|Register         |        -|     -|      42|       -|    -|
+-----------------+---------+------+--------+--------+-----+
|Total            |        0|     0|      56|     201|    0|
+-----------------+---------+------+--------+--------+-----+
|Available        |      288|  1248|  234240|  117120|   64|
+-----------------+---------+------+--------+--------+-----+
|Utilization (%)  |        0|     0|      ~0|      ~0|    0|
+-----------------+---------+------+--------+--------+-----+

+ Detail: 
    * Instance: 
    +-------------------------------------------------------------+---------------------------------------------------+---------+----+----+----+-----+
    |                           Instance                          |                       Module                      | BRAM_18K| DSP| FF | LUT| URAM|
    +-------------------------------------------------------------+---------------------------------------------------+---------+----+----+----+-----+
    |grp_v_mix_420_to_422_false_2_Pipeline_VITIS_LOOP_76_2_fu_96  |v_mix_420_to_422_false_2_Pipeline_VITIS_LOOP_76_2  |        0|   0|  14|  96|    0|
    +-------------------------------------------------------------+---------------------------------------------------+---------+----+----+----+-----+
    |Total                                                        |                                                   |        0|   0|  14|  96|    0|
    +-------------------------------------------------------------+---------------------------------------------------+---------+----+----+----+-----+

    * DSP: 
    N/A

    * Memory: 
    N/A

    * FIFO: 
    N/A

    * Expression: 
    +---------------------+----------+----+---+----+------------+------------+
    |    Variable Name    | Operation| DSP| FF| LUT| Bitwidth P0| Bitwidth P1|
    +---------------------+----------+----+---+----+------------+------------+
    |y_37_fu_128_p2       |         +|   0|  0|  19|          12|           1|
    |icmp_ln74_fu_123_p2  |      icmp|   0|  0|  19|          12|          12|
    |ap_block_state1      |        or|   0|  0|   2|           1|           1|
    +---------------------+----------+----+---+----+------------+------------+
    |Total                |          |   0|  0|  40|          25|          14|
    +---------------------+----------+----+---+----+------------+------------+

    * Multiplexer: 
    +---------------------------------------+----+-----------+-----+-----------+
    |                  Name                 | LUT| Input Size| Bits| Total Bits|
    +---------------------------------------+----+-----------+-----+-----------+
    |HwReg_layerEnableFlag_0_val_c25_blk_n  |   9|          2|    1|          2|
    |ap_NS_fsm                              |  20|          4|    1|          4|
    |ap_done                                |   9|          2|    1|          2|
    |layerEnableFlag_blk_n                  |   9|          2|    1|          2|
    |real_start                             |   9|          2|    1|          2|
    |y_07_fu_66                             |   9|          2|   12|         24|
    +---------------------------------------+----+-----------+-----+-----------+
    |Total                                  |  65|         14|   17|         36|
    +---------------------------------------+----+-----------+-----+-----------+

    * Register: 
    +--------------------------------------------------------------------------+----+----+-----+-----------+
    |                                   Name                                   | FF | LUT| Bits| Const Bits|
    +--------------------------------------------------------------------------+----+----+-----+-----------+
    |ap_CS_fsm                                                                 |   3|   0|    3|          0|
    |ap_done_reg                                                               |   1|   0|    1|          0|
    |grp_v_mix_420_to_422_false_2_Pipeline_VITIS_LOOP_76_2_fu_96_ap_start_reg  |   1|   0|    1|          0|
    |height_read_reg_139                                                       |  12|   0|   12|          0|
    |layerEnableFlag_3_reg_144                                                 |   1|   0|    1|          0|
    |start_once_reg                                                            |   1|   0|    1|          0|
    |trunc_ln_reg_155                                                          |  11|   0|   11|          0|
    |y_07_fu_66                                                                |  12|   0|   12|          0|
    +--------------------------------------------------------------------------+----+----+-----+-----------+
    |Total                                                                     |  42|   0|   42|          0|
    +--------------------------------------------------------------------------+----+----+-----+-----------+



================================================================
== Interface
================================================================
* Summary: 
+------------------------------------------------+-----+-----+------------+---------------------------------+--------------+
|                    RTL Ports                   | Dir | Bits|  Protocol  |          Source Object          |    C Type    |
+------------------------------------------------+-----+-----+------------+---------------------------------+--------------+
|ap_clk                                          |   in|    1|  ap_ctrl_hs|        v_mix_420_to_422<false>.2|  return value|
|ap_rst                                          |   in|    1|  ap_ctrl_hs|        v_mix_420_to_422<false>.2|  return value|
|ap_start                                        |   in|    1|  ap_ctrl_hs|        v_mix_420_to_422<false>.2|  return value|
|start_full_n                                    |   in|    1|  ap_ctrl_hs|        v_mix_420_to_422<false>.2|  return value|
|ap_done                                         |  out|    1|  ap_ctrl_hs|        v_mix_420_to_422<false>.2|  return value|
|ap_continue                                     |   in|    1|  ap_ctrl_hs|        v_mix_420_to_422<false>.2|  return value|
|ap_idle                                         |  out|    1|  ap_ctrl_hs|        v_mix_420_to_422<false>.2|  return value|
|ap_ready                                        |  out|    1|  ap_ctrl_hs|        v_mix_420_to_422<false>.2|  return value|
|start_out                                       |  out|    1|  ap_ctrl_hs|        v_mix_420_to_422<false>.2|  return value|
|start_write                                     |  out|    1|  ap_ctrl_hs|        v_mix_420_to_422<false>.2|  return value|
|srcLayer0_dout                                  |   in|   48|     ap_fifo|                        srcLayer0|       pointer|
|srcLayer0_empty_n                               |   in|    1|     ap_fifo|                        srcLayer0|       pointer|
|srcLayer0_read                                  |  out|    1|     ap_fifo|                        srcLayer0|       pointer|
|srcLayer0_num_data_valid                        |   in|    3|     ap_fifo|                        srcLayer0|       pointer|
|srcLayer0_fifo_cap                              |   in|    3|     ap_fifo|                        srcLayer0|       pointer|
|height                                          |   in|   12|   ap_stable|                           height|        scalar|
|width                                           |   in|   12|   ap_stable|                            width|        scalar|
|layerEnableFlag_dout                            |   in|    1|     ap_fifo|                  layerEnableFlag|       pointer|
|layerEnableFlag_empty_n                         |   in|    1|     ap_fifo|                  layerEnableFlag|       pointer|
|layerEnableFlag_read                            |  out|    1|     ap_fifo|                  layerEnableFlag|       pointer|
|layerEnableFlag_num_data_valid                  |   in|    3|     ap_fifo|                  layerEnableFlag|       pointer|
|layerEnableFlag_fifo_cap                        |   in|    3|     ap_fifo|                  layerEnableFlag|       pointer|
|srcLayer0Yuv422_din                             |  out|   48|     ap_fifo|                  srcLayer0Yuv422|       pointer|
|srcLayer0Yuv422_full_n                          |   in|    1|     ap_fifo|                  srcLayer0Yuv422|       pointer|
|srcLayer0Yuv422_write                           |  out|    1|     ap_fifo|                  srcLayer0Yuv422|       pointer|
|srcLayer0Yuv422_num_data_valid                  |   in|   32|     ap_fifo|                  srcLayer0Yuv422|       pointer|
|srcLayer0Yuv422_fifo_cap                        |   in|   32|     ap_fifo|                  srcLayer0Yuv422|       pointer|
|HwReg_layerEnableFlag_0_val_c25_din             |  out|    1|     ap_fifo|  HwReg_layerEnableFlag_0_val_c25|       pointer|
|HwReg_layerEnableFlag_0_val_c25_full_n          |   in|    1|     ap_fifo|  HwReg_layerEnableFlag_0_val_c25|       pointer|
|HwReg_layerEnableFlag_0_val_c25_write           |  out|    1|     ap_fifo|  HwReg_layerEnableFlag_0_val_c25|       pointer|
|HwReg_layerEnableFlag_0_val_c25_num_data_valid  |   in|    3|     ap_fifo|  HwReg_layerEnableFlag_0_val_c25|       pointer|
|HwReg_layerEnableFlag_0_val_c25_fifo_cap        |   in|    3|     ap_fifo|  HwReg_layerEnableFlag_0_val_c25|       pointer|
+------------------------------------------------+-----+-----+------------+---------------------------------+--------------+

