

================================================================
== Vitis HLS Report for 'VMixHlsDataFlowFunction'
================================================================
* Date:           Mon Apr 27 12:27:00 2026

* Version:        2024.2 (Build 5238294 on Nov  8 2024)
* Project:        prj
* Solution:       sol (Vivado IP Flow Target)
* Product family: zynquplus
* Target device:  xck26-sfvc784-2LV-c


================================================================
== Performance Estimates
================================================================
+ Timing: 
    * Summary: 
    +--------+---------+----------+------------+
    |  Clock |  Target | Estimated| Uncertainty|
    +--------+---------+----------+------------+
    |ap_clk  |  6.67 ns|  4.530 ns|     1.80 ns|
    +--------+---------+----------+------------+

+ Latency: 
    * Summary: 
    +---------+---------+-----------+-----------+------+---------+----------+
    |  Latency (cycles) |   Latency (absolute)  |    Interval    | Pipeline |
    |   min   |   max   |    min    |    max    |  min |   max   |   Type   |
    +---------+---------+-----------+-----------+------+---------+----------+
    |     2320|  4168806|  15.467 us|  27.793 ms|  2312|  4168807|  dataflow|
    +---------+---------+-----------+-----------+------+---------+----------+

    + Detail: 
        * Instance: 
        +------------------------------------+---------------------------------+---------+---------+-----------+-----------+------+---------+---------+
        |                                    |                                 |  Latency (cycles) |   Latency (absolute)  |    Interval    | Pipeline|
        |              Instance              |              Module             |   min   |   max   |    min    |    max    |  min |   max   |   Type  |
        +------------------------------------+---------------------------------+---------+---------+-----------+-----------+------+---------+---------+
        |entry_proc_U0                       |entry_proc                       |        0|        0|       0 ns|       0 ns|     0|        0|       no|
        |AXIvideo2MultiPixStream_1_U0        |AXIvideo2MultiPixStream_1        |        2|  4168806|  13.334 ns|  27.793 ms|     2|  4168806|       no|
        |AXIvideo2MultiPixStream_5_U0        |AXIvideo2MultiPixStream_5        |        2|  4168806|  13.334 ns|  27.793 ms|     2|  4168806|       no|
        |AXIvideo2MultiPixStream_10_U0       |AXIvideo2MultiPixStream_10       |        2|  4168806|  13.334 ns|  27.793 ms|     2|  4168806|       no|
        |AXIvideo2MultiPixStream_15_U0       |AXIvideo2MultiPixStream_15       |        2|  4168806|  13.334 ns|  27.793 ms|     2|  4168806|       no|
        |AXIvideo2MultiPixStream_U0          |AXIvideo2MultiPixStream          |        2|  4168806|  13.334 ns|  27.793 ms|     2|  4168806|       no|
        |v_mix_420_to_422_false_2_U0         |v_mix_420_to_422_false_2         |        1|  4155841|   6.667 ns|  27.707 ms|     1|  4155841|       no|
        |v_mix_420_to_422_false_6_U0         |v_mix_420_to_422_false_6         |        1|  4155841|   6.667 ns|  27.707 ms|     1|  4155841|       no|
        |v_mix_420_to_422_false_11_U0        |v_mix_420_to_422_false_11        |        1|  4155841|   6.667 ns|  27.707 ms|     1|  4155841|       no|
        |v_mix_420_to_422_false_16_U0        |v_mix_420_to_422_false_16        |        1|  4155841|   6.667 ns|  27.707 ms|     1|  4155841|       no|
        |v_mix_420_to_422_false_U0           |v_mix_420_to_422_false_s         |        1|  4155841|   6.667 ns|  27.707 ms|     1|  4155841|       no|
        |v_mix_422_to_444_false_3_U0         |v_mix_422_to_444_false_3         |        1|  4155841|   6.667 ns|  27.707 ms|     1|  4155841|       no|
        |v_mix_422_to_444_false_7_U0         |v_mix_422_to_444_false_7         |        1|  4155841|   6.667 ns|  27.707 ms|     1|  4155841|       no|
        |v_mix_422_to_444_false_12_U0        |v_mix_422_to_444_false_12        |        1|  4155841|   6.667 ns|  27.707 ms|     1|  4155841|       no|
        |v_mix_422_to_444_false_17_U0        |v_mix_422_to_444_false_17        |        1|  4155841|   6.667 ns|  27.707 ms|     1|  4155841|       no|
        |v_mix_422_to_444_false_U0           |v_mix_422_to_444_false_s         |        1|  4155841|   6.667 ns|  27.707 ms|     1|  4155841|       no|
        |v_mix_yuv2rgb_false_4_U0            |v_mix_yuv2rgb_false_4            |        1|  4155841|   6.667 ns|  27.707 ms|     1|  4155841|       no|
        |v_mix_yuv2rgb_false_8_U0            |v_mix_yuv2rgb_false_8            |        1|  4155841|   6.667 ns|  27.707 ms|     1|  4155841|       no|
        |v_mix_yuv2rgb_false_13_U0           |v_mix_yuv2rgb_false_13           |        1|  4155841|   6.667 ns|  27.707 ms|     1|  4155841|       no|
        |v_mix_yuv2rgb_false_18_U0           |v_mix_yuv2rgb_false_18           |        1|  4155841|   6.667 ns|  27.707 ms|     1|  4155841|       no|
        |v_mix_yuv2rgb_false_U0              |v_mix_yuv2rgb_false_s            |        1|  4155841|   6.667 ns|  27.707 ms|     1|  4155841|       no|
        |v_mix_upsample_false_9_U0           |v_mix_upsample_false_9           |        1|  4155841|   6.667 ns|  27.707 ms|     1|  4155841|       no|
        |v_mix_upsample_false_14_U0          |v_mix_upsample_false_14          |        1|  4155841|   6.667 ns|  27.707 ms|     1|  4155841|       no|
        |v_mix_upsample_false_19_U0          |v_mix_upsample_false_19          |        1|  4155841|   6.667 ns|  27.707 ms|     1|  4155841|       no|
        |v_mix_upsample_false_U0             |v_mix_upsample_false_s           |        1|  4155841|   6.667 ns|  27.707 ms|     1|  4155841|       no|
        |v_mix_core_alpha_false_false_U0     |v_mix_core_alpha_false_false_s   |     2311|  4155847|  15.407 us|  27.707 ms|  2311|  4155847|       no|
        |v_mix_core_alpha_false_false_20_U0  |v_mix_core_alpha_false_false_20  |     2305|  4155841|  15.367 us|  27.707 ms|  2305|  4155841|       no|
        |v_mix_core_alpha_false_false_21_U0  |v_mix_core_alpha_false_false_21  |     2305|  4155841|  15.367 us|  27.707 ms|  2305|  4155841|       no|
        |v_mix_core_alpha_false_false_22_U0  |v_mix_core_alpha_false_false_22  |     2305|  4155841|  15.367 us|  27.707 ms|  2305|  4155841|       no|
        |v_mix_rgb2yuv_false_U0              |v_mix_rgb2yuv_false_s            |     2305|  4155841|  15.367 us|  27.707 ms|  2305|  4155841|       no|
        |v_mix_444_to_422_false_U0           |v_mix_444_to_422_false_s         |     2305|  4155841|  15.367 us|  27.707 ms|  2305|  4155841|       no|
        |v_mix_422_to_420_false_U0           |v_mix_422_to_420_false_s         |     2305|  4155841|  15.367 us|  27.707 ms|  2305|  4155841|       no|
        |MultiPixStream2AXIvideo_U0          |MultiPixStream2AXIvideo          |        2|  4158002|  13.334 ns|  27.721 ms|     2|  4158002|       no|
        +------------------------------------+---------------------------------+---------+---------+-----------+-----------+------+---------+---------+

        * Loop: 
        N/A



================================================================
== Utilization Estimates
================================================================
* Summary: 
+-----------------+---------+------+--------+--------+-----+
|       Name      | BRAM_18K|  DSP |   FF   |   LUT  | URAM|
+-----------------+---------+------+--------+--------+-----+
|DSP              |        -|     -|       -|       -|    -|
|Expression       |        -|     -|       0|      30|    -|
|FIFO             |        -|     -|   10494|    7087|    -|
|Instance         |        -|     -|    3128|    9999|    -|
|Memory           |        -|     -|       -|       -|    -|
|Multiplexer      |        -|     -|       0|      54|    -|
|Register         |        -|     -|       6|       -|    -|
+-----------------+---------+------+--------+--------+-----+
|Total            |        0|     0|   13628|   17170|    0|
+-----------------+---------+------+--------+--------+-----+
|Available        |      288|  1248|  234240|  117120|   64|
+-----------------+---------+------+--------+--------+-----+
|Utilization (%)  |        0|     0|       5|      14|    0|
+-----------------+---------+------+--------+--------+-----+

+ Detail: 
    * Instance: 
    +------------------------------------+---------------------------------+---------+----+-----+-----+-----+
    |              Instance              |              Module             | BRAM_18K| DSP|  FF | LUT | URAM|
    +------------------------------------+---------------------------------+---------+----+-----+-----+-----+
    |AXIvideo2MultiPixStream_U0          |AXIvideo2MultiPixStream          |        0|   0|  210|  471|    0|
    |AXIvideo2MultiPixStream_1_U0        |AXIvideo2MultiPixStream_1        |        0|   0|  210|  453|    0|
    |AXIvideo2MultiPixStream_10_U0       |AXIvideo2MultiPixStream_10       |        0|   0|  210|  471|    0|
    |AXIvideo2MultiPixStream_15_U0       |AXIvideo2MultiPixStream_15       |        0|   0|  210|  471|    0|
    |AXIvideo2MultiPixStream_5_U0        |AXIvideo2MultiPixStream_5        |        0|   0|  210|  471|    0|
    |MultiPixStream2AXIvideo_U0          |MultiPixStream2AXIvideo          |        0|   0|  166|  327|    0|
    |entry_proc_U0                       |entry_proc                       |        0|   0|    3|  137|    0|
    |v_mix_420_to_422_false_11_U0        |v_mix_420_to_422_false_11        |        0|   0|   56|  237|    0|
    |v_mix_420_to_422_false_16_U0        |v_mix_420_to_422_false_16        |        0|   0|   56|  237|    0|
    |v_mix_420_to_422_false_2_U0         |v_mix_420_to_422_false_2         |        0|   0|   56|  201|    0|
    |v_mix_420_to_422_false_6_U0         |v_mix_420_to_422_false_6         |        0|   0|   56|  237|    0|
    |v_mix_420_to_422_false_U0           |v_mix_420_to_422_false_s         |        0|   0|   56|  237|    0|
    |v_mix_422_to_420_false_U0           |v_mix_422_to_420_false_s         |        0|   0|   55|  183|    0|
    |v_mix_422_to_444_false_12_U0        |v_mix_422_to_444_false_12        |        0|   0|   56|  237|    0|
    |v_mix_422_to_444_false_17_U0        |v_mix_422_to_444_false_17        |        0|   0|   56|  237|    0|
    |v_mix_422_to_444_false_3_U0         |v_mix_422_to_444_false_3         |        0|   0|   56|  201|    0|
    |v_mix_422_to_444_false_7_U0         |v_mix_422_to_444_false_7         |        0|   0|   56|  237|    0|
    |v_mix_422_to_444_false_U0           |v_mix_422_to_444_false_s         |        0|   0|   56|  237|    0|
    |v_mix_444_to_422_false_U0           |v_mix_444_to_422_false_s         |        0|   0|   55|  183|    0|
    |v_mix_core_alpha_false_false_20_U0  |v_mix_core_alpha_false_false_20  |        0|   0|  123|  552|    0|
    |v_mix_core_alpha_false_false_21_U0  |v_mix_core_alpha_false_false_21  |        0|   0|  123|  552|    0|
    |v_mix_core_alpha_false_false_22_U0  |v_mix_core_alpha_false_false_22  |        0|   0|  124|  552|    0|
    |v_mix_core_alpha_false_false_U0     |v_mix_core_alpha_false_false_s   |        0|   0|  315|  688|    0|
    |v_mix_rgb2yuv_false_U0              |v_mix_rgb2yuv_false_s            |        0|   0|   55|  183|    0|
    |v_mix_upsample_false_14_U0          |v_mix_upsample_false_14          |        0|   0|   55|  219|    0|
    |v_mix_upsample_false_19_U0          |v_mix_upsample_false_19          |        0|   0|   55|  219|    0|
    |v_mix_upsample_false_9_U0           |v_mix_upsample_false_9           |        0|   0|   55|  219|    0|
    |v_mix_upsample_false_U0             |v_mix_upsample_false_s           |        0|   0|   55|  219|    0|
    |v_mix_yuv2rgb_false_13_U0           |v_mix_yuv2rgb_false_13           |        0|   0|   56|  237|    0|
    |v_mix_yuv2rgb_false_18_U0           |v_mix_yuv2rgb_false_18           |        0|   0|   56|  237|    0|
    |v_mix_yuv2rgb_false_4_U0            |v_mix_yuv2rgb_false_4            |        0|   0|   55|  183|    0|
    |v_mix_yuv2rgb_false_8_U0            |v_mix_yuv2rgb_false_8            |        0|   0|   56|  237|    0|
    |v_mix_yuv2rgb_false_U0              |v_mix_yuv2rgb_false_s            |        0|   0|   56|  237|    0|
    +------------------------------------+---------------------------------+---------+----+-----+-----+-----+
    |Total                               |                                 |        0|   0| 3128| 9999|    0|
    +------------------------------------+---------------------------------+---------+----+-----+-----+-----+

    * DSP: 
    N/A

    * Memory: 
    N/A

    * FIFO: 
    +------------------------------------+---------+-----+----+-----+------+-----+---------+
    |                Name                | BRAM_18K|  FF | LUT| URAM| Depth| Bits| Size:D*B|
    +------------------------------------+---------+-----+----+-----+------+-----+---------+
    |HwReg_layerEnableFlag_0_val_c25_U   |        0|   99|   0|    -|     2|    1|        2|
    |HwReg_layerEnableFlag_0_val_c26_U   |        0|   99|   0|    -|     2|    1|        2|
    |HwReg_layerEnableFlag_0_val_c_U     |        0|   99|   0|    -|     2|    1|        2|
    |HwReg_layerEnableFlag_1_val_c27_U   |        0|   99|   0|    -|     2|    1|        2|
    |HwReg_layerEnableFlag_1_val_c28_U   |        0|   99|   0|    -|     2|    1|        2|
    |HwReg_layerEnableFlag_1_val_c29_U   |        0|   99|   0|    -|     2|    1|        2|
    |HwReg_layerEnableFlag_1_val_c_U     |        0|   99|   0|    -|     2|    1|        2|
    |HwReg_layerEnableFlag_2_val_c30_U   |        0|   99|   0|    -|     2|    1|        2|
    |HwReg_layerEnableFlag_2_val_c31_U   |        0|   99|   0|    -|     2|    1|        2|
    |HwReg_layerEnableFlag_2_val_c32_U   |        0|   99|   0|    -|     2|    1|        2|
    |HwReg_layerEnableFlag_2_val_c_U     |        0|   99|   0|    -|     2|    1|        2|
    |HwReg_layerEnableFlag_3_val_c33_U   |        0|   99|   0|    -|     2|    1|        2|
    |HwReg_layerEnableFlag_3_val_c34_U   |        0|   99|   0|    -|     2|    1|        2|
    |HwReg_layerEnableFlag_3_val_c35_U   |        0|   99|   0|    -|     2|    1|        2|
    |HwReg_layerEnableFlag_3_val_c_U     |        0|   99|   0|    -|     2|    1|        2|
    |HwReg_layerEnableFlag_4_val_c36_U   |        0|   99|   0|    -|     2|    1|        2|
    |HwReg_layerEnableFlag_4_val_c37_U   |        0|   99|   0|    -|     2|    1|        2|
    |HwReg_layerEnableFlag_4_val_c38_U   |        0|   99|   0|    -|     2|    1|        2|
    |HwReg_layerEnableFlag_4_val_c_U     |        0|   99|   0|    -|     2|    1|        2|
    |HwReg_layerEnable_val25_c22_U       |        0|   99|   0|    -|     2|    5|       10|
    |HwReg_layerEnable_val25_c23_U       |        0|   99|   0|    -|     2|    5|       10|
    |HwReg_layerEnable_val25_c24_U       |        0|   99|   0|    -|     7|    5|       35|
    |HwReg_layerEnable_val25_c_U         |        0|   99|   0|    -|     2|    5|       10|
    |HwReg_layerHeight_1_val_c55_U       |        0|   99|   0|    -|     2|   16|       32|
    |HwReg_layerHeight_1_val_c56_U       |        0|   99|   0|    -|     2|   16|       32|
    |HwReg_layerHeight_1_val_c57_U       |        0|   99|   0|    -|     2|   16|       32|
    |HwReg_layerHeight_1_val_c58_U       |        0|   99|   0|    -|     2|   16|       32|
    |HwReg_layerHeight_1_val_c_U         |        0|   99|   0|    -|     2|   16|       32|
    |HwReg_layerHeight_2_val_c59_U       |        0|   99|   0|    -|     2|   16|       32|
    |HwReg_layerHeight_2_val_c60_U       |        0|   99|   0|    -|     2|   16|       32|
    |HwReg_layerHeight_2_val_c61_U       |        0|   99|   0|    -|     2|   16|       32|
    |HwReg_layerHeight_2_val_c62_U       |        0|   99|   0|    -|     2|   16|       32|
    |HwReg_layerHeight_2_val_c_U         |        0|   99|   0|    -|     3|   16|       48|
    |HwReg_layerHeight_3_val_c63_U       |        0|   99|   0|    -|     2|   16|       32|
    |HwReg_layerHeight_3_val_c64_U       |        0|   99|   0|    -|     2|   16|       32|
    |HwReg_layerHeight_3_val_c65_U       |        0|   99|   0|    -|     2|   16|       32|
    |HwReg_layerHeight_3_val_c66_U       |        0|   99|   0|    -|     2|   16|       32|
    |HwReg_layerHeight_3_val_c_U         |        0|   99|   0|    -|     4|   16|       64|
    |HwReg_layerHeight_4_val_c67_U       |        0|   99|   0|    -|     2|   16|       32|
    |HwReg_layerHeight_4_val_c68_U       |        0|   99|   0|    -|     2|   16|       32|
    |HwReg_layerHeight_4_val_c69_U       |        0|   99|   0|    -|     2|   16|       32|
    |HwReg_layerHeight_4_val_c70_U       |        0|   99|   0|    -|     2|   16|       32|
    |HwReg_layerHeight_4_val_c_U         |        0|   99|   0|    -|     5|   16|       80|
    |HwReg_layerScaleFactor_1_val42_c_U  |        0|   99|   0|    -|     7|    8|       56|
    |HwReg_layerScaleFactor_2_val43_c_U  |        0|   99|   0|    -|     8|    8|       64|
    |HwReg_layerScaleFactor_3_val44_c_U  |        0|   99|   0|    -|     9|    8|       72|
    |HwReg_layerScaleFactor_4_val45_c_U  |        0|   99|   0|    -|    10|    8|       80|
    |HwReg_layerStartX_1_val26_c_U       |        0|   99|   0|    -|     7|   16|      112|
    |HwReg_layerStartX_2_val27_c_U       |        0|   99|   0|    -|     8|   16|      128|
    |HwReg_layerStartX_3_val28_c_U       |        0|   99|   0|    -|     9|   16|      144|
    |HwReg_layerStartX_4_val29_c_U       |        0|   99|   0|    -|    10|   16|      160|
    |HwReg_layerStartY_1_val30_c_U       |        0|   99|   0|    -|     7|   16|      112|
    |HwReg_layerStartY_2_val31_c_U       |        0|   99|   0|    -|     8|   16|      128|
    |HwReg_layerStartY_3_val32_c_U       |        0|   99|   0|    -|     9|   16|      144|
    |HwReg_layerStartY_4_val33_c_U       |        0|   99|   0|    -|    10|   16|      160|
    |HwReg_layerWidth_1_val_c39_U        |        0|   99|   0|    -|     2|   16|       32|
    |HwReg_layerWidth_1_val_c40_U        |        0|   99|   0|    -|     2|   16|       32|
    |HwReg_layerWidth_1_val_c41_U        |        0|   99|   0|    -|     2|   16|       32|
    |HwReg_layerWidth_1_val_c42_U        |        0|   99|   0|    -|     2|   16|       32|
    |HwReg_layerWidth_1_val_c_U          |        0|   99|   0|    -|     2|   16|       32|
    |HwReg_layerWidth_2_val_c43_U        |        0|   99|   0|    -|     2|   16|       32|
    |HwReg_layerWidth_2_val_c44_U        |        0|   99|   0|    -|     2|   16|       32|
    |HwReg_layerWidth_2_val_c45_U        |        0|   99|   0|    -|     2|   16|       32|
    |HwReg_layerWidth_2_val_c46_U        |        0|   99|   0|    -|     2|   16|       32|
    |HwReg_layerWidth_2_val_c_U          |        0|   99|   0|    -|     3|   16|       48|
    |HwReg_layerWidth_3_val_c47_U        |        0|   99|   0|    -|     2|   16|       32|
    |HwReg_layerWidth_3_val_c48_U        |        0|   99|   0|    -|     2|   16|       32|
    |HwReg_layerWidth_3_val_c49_U        |        0|   99|   0|    -|     2|   16|       32|
    |HwReg_layerWidth_3_val_c50_U        |        0|   99|   0|    -|     2|   16|       32|
    |HwReg_layerWidth_3_val_c_U          |        0|   99|   0|    -|     4|   16|       64|
    |HwReg_layerWidth_4_val_c51_U        |        0|   99|   0|    -|     2|   16|       32|
    |HwReg_layerWidth_4_val_c52_U        |        0|   99|   0|    -|     2|   16|       32|
    |HwReg_layerWidth_4_val_c53_U        |        0|   99|   0|    -|     2|   16|       32|
    |HwReg_layerWidth_4_val_c54_U        |        0|   99|   0|    -|     2|   16|       32|
    |HwReg_layerWidth_4_val_c_U          |        0|   99|   0|    -|     5|   16|       80|
    |out420_U                            |        0|   99|   0|    -|     2|   48|       96|
    |out422_U                            |        0|   99|   0|    -|     2|   48|       96|
    |outLayer0_U                         |        0|   99|   0|    -|     2|   48|       96|
    |outLayer1_U                         |        0|   99|   0|    -|     2|   48|       96|
    |outLayer2_U                         |        0|   99|   0|    -|     2|   48|       96|
    |outLayer3_U                         |        0|   99|   0|    -|     2|   48|       96|
    |outLayer4_U                         |        0|   99|   0|    -|     2|   48|       96|
    |outYuv_U                            |        0|   99|   0|    -|     2|   48|       96|
    |srcLayer0Yuv422_U                   |        0|   99|   0|    -|     2|   48|       96|
    |srcLayer0Yuv_U                      |        0|   99|   0|    -|     2|   48|       96|
    |srcLayer0_U                         |        0|   99|   0|    -|     2|   48|       96|
    |srcLayer1Rgb_U                      |        0|   99|   0|    -|     2|   48|       96|
    |srcLayer1Yuv422_U                   |        0|   99|   0|    -|     2|   48|       96|
    |srcLayer1Yuv_U                      |        0|   99|   0|    -|     2|   48|       96|
    |srcLayer1_U                         |        0|   99|   0|    -|     2|   48|       96|
    |srcLayer1x_U                        |        0|   99|   0|    -|     2|   48|       96|
    |srcLayer2Rgb_U                      |        0|   99|   0|    -|     2|   48|       96|
    |srcLayer2Yuv422_U                   |        0|   99|   0|    -|     2|   48|       96|
    |srcLayer2Yuv_U                      |        0|   99|   0|    -|     2|   48|       96|
    |srcLayer2_U                         |        0|   99|   0|    -|     2|   48|       96|
    |srcLayer2x_U                        |        0|   99|   0|    -|     2|   48|       96|
    |srcLayer3Rgb_U                      |        0|   99|   0|    -|     2|   48|       96|
    |srcLayer3Yuv422_U                   |        0|   99|   0|    -|     2|   48|       96|
    |srcLayer3Yuv_U                      |        0|   99|   0|    -|     2|   48|       96|
    |srcLayer3_U                         |        0|   99|   0|    -|     2|   48|       96|
    |srcLayer3x_U                        |        0|   99|   0|    -|     2|   48|       96|
    |srcLayer4Rgb_U                      |        0|   99|   0|    -|     2|   48|       96|
    |srcLayer4Yuv422_U                   |        0|   99|   0|    -|     2|   48|       96|
    |srcLayer4Yuv_U                      |        0|   99|   0|    -|     2|   48|       96|
    |srcLayer4_U                         |        0|   99|   0|    -|     2|   48|       96|
    |srcLayer4x_U                        |        0|   99|   0|    -|     2|   48|       96|
    +------------------------------------+---------+-----+----+-----+------+-----+---------+
    |Total                               |        0|10494|   0|    0|   307| 2327|     5911|
    +------------------------------------+---------+-----+----+-----+------+-----+---------+

    * Expression: 
    +------------------------------------------------+----------+----+---+----+------------+------------+
    |                  Variable Name                 | Operation| DSP| FF| LUT| Bitwidth P0| Bitwidth P1|
    +------------------------------------------------+----------+----+---+----+------------+------------+
    |AXIvideo2MultiPixStream_10_U0_ap_start          |       and|   0|  0|   2|           1|           1|
    |AXIvideo2MultiPixStream_15_U0_ap_start          |       and|   0|  0|   2|           1|           1|
    |AXIvideo2MultiPixStream_1_U0_ap_start           |       and|   0|  0|   2|           1|           1|
    |AXIvideo2MultiPixStream_5_U0_ap_start           |       and|   0|  0|   2|           1|           1|
    |AXIvideo2MultiPixStream_U0_ap_start             |       and|   0|  0|   2|           1|           1|
    |ap_idle                                         |       and|   0|  0|   2|           1|           1|
    |ap_sync_ready                                   |       and|   0|  0|   2|           1|           1|
    |entry_proc_U0_ap_start                          |       and|   0|  0|   2|           1|           1|
    |entry_proc_U0_start_full_n                      |       and|   0|  0|   2|           1|           1|
    |ap_sync_AXIvideo2MultiPixStream_10_U0_ap_ready  |        or|   0|  0|   2|           1|           1|
    |ap_sync_AXIvideo2MultiPixStream_15_U0_ap_ready  |        or|   0|  0|   2|           1|           1|
    |ap_sync_AXIvideo2MultiPixStream_1_U0_ap_ready   |        or|   0|  0|   2|           1|           1|
    |ap_sync_AXIvideo2MultiPixStream_5_U0_ap_ready   |        or|   0|  0|   2|           1|           1|
    |ap_sync_AXIvideo2MultiPixStream_U0_ap_ready     |        or|   0|  0|   2|           1|           1|
    |ap_sync_entry_proc_U0_ap_ready                  |        or|   0|  0|   2|           1|           1|
    +------------------------------------------------+----------+----+---+----+------------+------------+
    |Total                                           |          |   0|  0|  30|          15|          15|
    +------------------------------------------------+----------+----+---+----+------------+------------+

    * Multiplexer: 
    +----------------------------------------------------+----+-----------+-----+-----------+
    |                        Name                        | LUT| Input Size| Bits| Total Bits|
    +----------------------------------------------------+----+-----------+-----+-----------+
    |ap_sync_reg_AXIvideo2MultiPixStream_10_U0_ap_ready  |   9|          2|    1|          2|
    |ap_sync_reg_AXIvideo2MultiPixStream_15_U0_ap_ready  |   9|          2|    1|          2|
    |ap_sync_reg_AXIvideo2MultiPixStream_1_U0_ap_ready   |   9|          2|    1|          2|
    |ap_sync_reg_AXIvideo2MultiPixStream_5_U0_ap_ready   |   9|          2|    1|          2|
    |ap_sync_reg_AXIvideo2MultiPixStream_U0_ap_ready     |   9|          2|    1|          2|
    |ap_sync_reg_entry_proc_U0_ap_ready                  |   9|          2|    1|          2|
    +----------------------------------------------------+----+-----------+-----+-----------+
    |Total                                               |  54|         12|    6|         12|
    +----------------------------------------------------+----+-----------+-----+-----------+

    * Register: 
    +----------------------------------------------------+---+----+-----+-----------+
    |                        Name                        | FF| LUT| Bits| Const Bits|
    +----------------------------------------------------+---+----+-----+-----------+
    |ap_sync_reg_AXIvideo2MultiPixStream_10_U0_ap_ready  |  1|   0|    1|          0|
    |ap_sync_reg_AXIvideo2MultiPixStream_15_U0_ap_ready  |  1|   0|    1|          0|
    |ap_sync_reg_AXIvideo2MultiPixStream_1_U0_ap_ready   |  1|   0|    1|          0|
    |ap_sync_reg_AXIvideo2MultiPixStream_5_U0_ap_ready   |  1|   0|    1|          0|
    |ap_sync_reg_AXIvideo2MultiPixStream_U0_ap_ready     |  1|   0|    1|          0|
    |ap_sync_reg_entry_proc_U0_ap_ready                  |  1|   0|    1|          0|
    +----------------------------------------------------+---+----+-----+-----------+
    |Total                                               |  6|   0|    6|          0|
    +----------------------------------------------------+---+----+-----+-----------+



================================================================
== Interface
================================================================
* Summary: 
+---------------------------------------+-----+-----+------------+--------------------------------+--------------+
|               RTL Ports               | Dir | Bits|  Protocol  |          Source Object         |    C Type    |
+---------------------------------------+-----+-----+------------+--------------------------------+--------------+
|HwReg_width_val                        |   in|   12|     ap_none|                 HwReg_width_val|        scalar|
|HwReg_width_val_ap_vld                 |   in|    1|     ap_none|                 HwReg_width_val|        scalar|
|HwReg_height_val                       |   in|   12|     ap_none|                HwReg_height_val|        scalar|
|HwReg_height_val_ap_vld                |   in|    1|     ap_none|                HwReg_height_val|        scalar|
|HwReg_background_Y_R_val19             |   in|    8|     ap_none|      HwReg_background_Y_R_val19|        scalar|
|HwReg_background_Y_R_val19_ap_vld      |   in|    1|     ap_none|      HwReg_background_Y_R_val19|        scalar|
|HwReg_background_U_G_val20             |   in|    8|     ap_none|      HwReg_background_U_G_val20|        scalar|
|HwReg_background_U_G_val20_ap_vld      |   in|    1|     ap_none|      HwReg_background_U_G_val20|        scalar|
|HwReg_background_V_B_val21             |   in|    8|     ap_none|      HwReg_background_V_B_val21|        scalar|
|HwReg_background_V_B_val21_ap_vld      |   in|    1|     ap_none|      HwReg_background_V_B_val21|        scalar|
|HwReg_layerEnable_val25                |   in|    5|     ap_none|         HwReg_layerEnable_val25|        scalar|
|HwReg_layerEnable_val25_ap_vld         |   in|    1|     ap_none|         HwReg_layerEnable_val25|        scalar|
|HwReg_layerEnableFlag_0_val            |   in|    1|     ap_none|     HwReg_layerEnableFlag_0_val|        scalar|
|HwReg_layerEnableFlag_0_val_ap_vld     |   in|    1|     ap_none|     HwReg_layerEnableFlag_0_val|        scalar|
|HwReg_layerEnableFlag_1_val            |   in|    1|     ap_none|     HwReg_layerEnableFlag_1_val|        scalar|
|HwReg_layerEnableFlag_1_val_ap_vld     |   in|    1|     ap_none|     HwReg_layerEnableFlag_1_val|        scalar|
|HwReg_layerEnableFlag_2_val            |   in|    1|     ap_none|     HwReg_layerEnableFlag_2_val|        scalar|
|HwReg_layerEnableFlag_2_val_ap_vld     |   in|    1|     ap_none|     HwReg_layerEnableFlag_2_val|        scalar|
|HwReg_layerEnableFlag_3_val            |   in|    1|     ap_none|     HwReg_layerEnableFlag_3_val|        scalar|
|HwReg_layerEnableFlag_3_val_ap_vld     |   in|    1|     ap_none|     HwReg_layerEnableFlag_3_val|        scalar|
|HwReg_layerEnableFlag_4_val            |   in|    1|     ap_none|     HwReg_layerEnableFlag_4_val|        scalar|
|HwReg_layerEnableFlag_4_val_ap_vld     |   in|    1|     ap_none|     HwReg_layerEnableFlag_4_val|        scalar|
|HwReg_layerStartX_1_val26              |   in|   16|     ap_none|       HwReg_layerStartX_1_val26|        scalar|
|HwReg_layerStartX_1_val26_ap_vld       |   in|    1|     ap_none|       HwReg_layerStartX_1_val26|        scalar|
|HwReg_layerStartX_2_val27              |   in|   16|     ap_none|       HwReg_layerStartX_2_val27|        scalar|
|HwReg_layerStartX_2_val27_ap_vld       |   in|    1|     ap_none|       HwReg_layerStartX_2_val27|        scalar|
|HwReg_layerStartX_3_val28              |   in|   16|     ap_none|       HwReg_layerStartX_3_val28|        scalar|
|HwReg_layerStartX_3_val28_ap_vld       |   in|    1|     ap_none|       HwReg_layerStartX_3_val28|        scalar|
|HwReg_layerStartX_4_val29              |   in|   16|     ap_none|       HwReg_layerStartX_4_val29|        scalar|
|HwReg_layerStartX_4_val29_ap_vld       |   in|    1|     ap_none|       HwReg_layerStartX_4_val29|        scalar|
|HwReg_layerStartY_1_val30              |   in|   16|     ap_none|       HwReg_layerStartY_1_val30|        scalar|
|HwReg_layerStartY_1_val30_ap_vld       |   in|    1|     ap_none|       HwReg_layerStartY_1_val30|        scalar|
|HwReg_layerStartY_2_val31              |   in|   16|     ap_none|       HwReg_layerStartY_2_val31|        scalar|
|HwReg_layerStartY_2_val31_ap_vld       |   in|    1|     ap_none|       HwReg_layerStartY_2_val31|        scalar|
|HwReg_layerStartY_3_val32              |   in|   16|     ap_none|       HwReg_layerStartY_3_val32|        scalar|
|HwReg_layerStartY_3_val32_ap_vld       |   in|    1|     ap_none|       HwReg_layerStartY_3_val32|        scalar|
|HwReg_layerStartY_4_val33              |   in|   16|     ap_none|       HwReg_layerStartY_4_val33|        scalar|
|HwReg_layerStartY_4_val33_ap_vld       |   in|    1|     ap_none|       HwReg_layerStartY_4_val33|        scalar|
|HwReg_layerWidth_1_val                 |   in|   16|     ap_none|          HwReg_layerWidth_1_val|        scalar|
|HwReg_layerWidth_1_val_ap_vld          |   in|    1|     ap_none|          HwReg_layerWidth_1_val|        scalar|
|HwReg_layerWidth_2_val                 |   in|   16|     ap_none|          HwReg_layerWidth_2_val|        scalar|
|HwReg_layerWidth_2_val_ap_vld          |   in|    1|     ap_none|          HwReg_layerWidth_2_val|        scalar|
|HwReg_layerWidth_3_val                 |   in|   16|     ap_none|          HwReg_layerWidth_3_val|        scalar|
|HwReg_layerWidth_3_val_ap_vld          |   in|    1|     ap_none|          HwReg_layerWidth_3_val|        scalar|
|HwReg_layerWidth_4_val                 |   in|   16|     ap_none|          HwReg_layerWidth_4_val|        scalar|
|HwReg_layerWidth_4_val_ap_vld          |   in|    1|     ap_none|          HwReg_layerWidth_4_val|        scalar|
|HwReg_layerHeight_1_val                |   in|   16|     ap_none|         HwReg_layerHeight_1_val|        scalar|
|HwReg_layerHeight_1_val_ap_vld         |   in|    1|     ap_none|         HwReg_layerHeight_1_val|        scalar|
|HwReg_layerHeight_2_val                |   in|   16|     ap_none|         HwReg_layerHeight_2_val|        scalar|
|HwReg_layerHeight_2_val_ap_vld         |   in|    1|     ap_none|         HwReg_layerHeight_2_val|        scalar|
|HwReg_layerHeight_3_val                |   in|   16|     ap_none|         HwReg_layerHeight_3_val|        scalar|
|HwReg_layerHeight_3_val_ap_vld         |   in|    1|     ap_none|         HwReg_layerHeight_3_val|        scalar|
|HwReg_layerHeight_4_val                |   in|   16|     ap_none|         HwReg_layerHeight_4_val|        scalar|
|HwReg_layerHeight_4_val_ap_vld         |   in|    1|     ap_none|         HwReg_layerHeight_4_val|        scalar|
|HwReg_layerScaleFactor_1_val42         |   in|    8|     ap_none|  HwReg_layerScaleFactor_1_val42|        scalar|
|HwReg_layerScaleFactor_1_val42_ap_vld  |   in|    1|     ap_none|  HwReg_layerScaleFactor_1_val42|        scalar|
|HwReg_layerScaleFactor_2_val43         |   in|    8|     ap_none|  HwReg_layerScaleFactor_2_val43|        scalar|
|HwReg_layerScaleFactor_2_val43_ap_vld  |   in|    1|     ap_none|  HwReg_layerScaleFactor_2_val43|        scalar|
|HwReg_layerScaleFactor_3_val44         |   in|    8|     ap_none|  HwReg_layerScaleFactor_3_val44|        scalar|
|HwReg_layerScaleFactor_3_val44_ap_vld  |   in|    1|     ap_none|  HwReg_layerScaleFactor_3_val44|        scalar|
|HwReg_layerScaleFactor_4_val45         |   in|    8|     ap_none|  HwReg_layerScaleFactor_4_val45|        scalar|
|HwReg_layerScaleFactor_4_val45_ap_vld  |   in|    1|     ap_none|  HwReg_layerScaleFactor_4_val45|        scalar|
|s_axis_video_TDATA                     |   in|   48|        axis|           s_axis_video_V_data_V|       pointer|
|s_axis_video_TKEEP                     |   in|    6|        axis|           s_axis_video_V_keep_V|       pointer|
|s_axis_video_TSTRB                     |   in|    6|        axis|           s_axis_video_V_strb_V|       pointer|
|s_axis_video_TUSER                     |   in|    1|        axis|           s_axis_video_V_user_V|       pointer|
|s_axis_video_TLAST                     |   in|    1|        axis|           s_axis_video_V_last_V|       pointer|
|s_axis_video_TID                       |   in|    1|        axis|             s_axis_video_V_id_V|       pointer|
|s_axis_video_TDEST                     |   in|    1|        axis|           s_axis_video_V_dest_V|       pointer|
|s_axis_video_TVALID                    |   in|    1|        axis|           s_axis_video_V_dest_V|       pointer|
|s_axis_video_TREADY                    |  out|    1|        axis|           s_axis_video_V_dest_V|       pointer|
|s_axis_video1_TDATA                    |   in|   48|        axis|          s_axis_video1_V_data_V|       pointer|
|s_axis_video1_TKEEP                    |   in|    6|        axis|          s_axis_video1_V_keep_V|       pointer|
|s_axis_video1_TSTRB                    |   in|    6|        axis|          s_axis_video1_V_strb_V|       pointer|
|s_axis_video1_TUSER                    |   in|    1|        axis|          s_axis_video1_V_user_V|       pointer|
|s_axis_video1_TLAST                    |   in|    1|        axis|          s_axis_video1_V_last_V|       pointer|
|s_axis_video1_TID                      |   in|    1|        axis|            s_axis_video1_V_id_V|       pointer|
|s_axis_video1_TDEST                    |   in|    1|        axis|          s_axis_video1_V_dest_V|       pointer|
|s_axis_video1_TVALID                   |   in|    1|        axis|          s_axis_video1_V_dest_V|       pointer|
|s_axis_video1_TREADY                   |  out|    1|        axis|          s_axis_video1_V_dest_V|       pointer|
|s_axis_video2_TDATA                    |   in|   48|        axis|          s_axis_video2_V_data_V|       pointer|
|s_axis_video2_TKEEP                    |   in|    6|        axis|          s_axis_video2_V_keep_V|       pointer|
|s_axis_video2_TSTRB                    |   in|    6|        axis|          s_axis_video2_V_strb_V|       pointer|
|s_axis_video2_TUSER                    |   in|    1|        axis|          s_axis_video2_V_user_V|       pointer|
|s_axis_video2_TLAST                    |   in|    1|        axis|          s_axis_video2_V_last_V|       pointer|
|s_axis_video2_TID                      |   in|    1|        axis|            s_axis_video2_V_id_V|       pointer|
|s_axis_video2_TDEST                    |   in|    1|        axis|          s_axis_video2_V_dest_V|       pointer|
|s_axis_video2_TVALID                   |   in|    1|        axis|          s_axis_video2_V_dest_V|       pointer|
|s_axis_video2_TREADY                   |  out|    1|        axis|          s_axis_video2_V_dest_V|       pointer|
|s_axis_video3_TDATA                    |   in|   48|        axis|          s_axis_video3_V_data_V|       pointer|
|s_axis_video3_TKEEP                    |   in|    6|        axis|          s_axis_video3_V_keep_V|       pointer|
|s_axis_video3_TSTRB                    |   in|    6|        axis|          s_axis_video3_V_strb_V|       pointer|
|s_axis_video3_TUSER                    |   in|    1|        axis|          s_axis_video3_V_user_V|       pointer|
|s_axis_video3_TLAST                    |   in|    1|        axis|          s_axis_video3_V_last_V|       pointer|
|s_axis_video3_TID                      |   in|    1|        axis|            s_axis_video3_V_id_V|       pointer|
|s_axis_video3_TDEST                    |   in|    1|        axis|          s_axis_video3_V_dest_V|       pointer|
|s_axis_video3_TVALID                   |   in|    1|        axis|          s_axis_video3_V_dest_V|       pointer|
|s_axis_video3_TREADY                   |  out|    1|        axis|          s_axis_video3_V_dest_V|       pointer|
|s_axis_video4_TDATA                    |   in|   48|        axis|          s_axis_video4_V_data_V|       pointer|
|s_axis_video4_TKEEP                    |   in|    6|        axis|          s_axis_video4_V_keep_V|       pointer|
|s_axis_video4_TSTRB                    |   in|    6|        axis|          s_axis_video4_V_strb_V|       pointer|
|s_axis_video4_TUSER                    |   in|    1|        axis|          s_axis_video4_V_user_V|       pointer|
|s_axis_video4_TLAST                    |   in|    1|        axis|          s_axis_video4_V_last_V|       pointer|
|s_axis_video4_TID                      |   in|    1|        axis|            s_axis_video4_V_id_V|       pointer|
|s_axis_video4_TDEST                    |   in|    1|        axis|          s_axis_video4_V_dest_V|       pointer|
|s_axis_video4_TVALID                   |   in|    1|        axis|          s_axis_video4_V_dest_V|       pointer|
|s_axis_video4_TREADY                   |  out|    1|        axis|          s_axis_video4_V_dest_V|       pointer|
|m_axis_video_TDATA                     |  out|   48|        axis|           m_axis_video_V_data_V|       pointer|
|m_axis_video_TKEEP                     |  out|    6|        axis|           m_axis_video_V_keep_V|       pointer|
|m_axis_video_TSTRB                     |  out|    6|        axis|           m_axis_video_V_strb_V|       pointer|
|m_axis_video_TUSER                     |  out|    1|        axis|           m_axis_video_V_user_V|       pointer|
|m_axis_video_TLAST                     |  out|    1|        axis|           m_axis_video_V_last_V|       pointer|
|m_axis_video_TID                       |  out|    1|        axis|             m_axis_video_V_id_V|       pointer|
|m_axis_video_TDEST                     |  out|    1|        axis|           m_axis_video_V_dest_V|       pointer|
|m_axis_video_TVALID                    |  out|    1|        axis|           m_axis_video_V_dest_V|       pointer|
|m_axis_video_TREADY                    |   in|    1|        axis|           m_axis_video_V_dest_V|       pointer|
|ap_clk                                 |   in|    1|  ap_ctrl_hs|         VMixHlsDataFlowFunction|  return value|
|ap_rst                                 |   in|    1|  ap_ctrl_hs|         VMixHlsDataFlowFunction|  return value|
|ap_start                               |   in|    1|  ap_ctrl_hs|         VMixHlsDataFlowFunction|  return value|
|ap_done                                |  out|    1|  ap_ctrl_hs|         VMixHlsDataFlowFunction|  return value|
|ap_ready                               |  out|    1|  ap_ctrl_hs|         VMixHlsDataFlowFunction|  return value|
|ap_idle                                |  out|    1|  ap_ctrl_hs|         VMixHlsDataFlowFunction|  return value|
|ap_continue                            |   in|    1|  ap_ctrl_hs|         VMixHlsDataFlowFunction|  return value|
+---------------------------------------+-----+-----+------------+--------------------------------+--------------+

